

================================================================
== Vitis HLS Report for 'loser_tree_64_1'
================================================================
* Date:           Tue Apr 25 14:00:51 2023

* Version:        2022.2 (Build 3670227 on Oct 13 2022)
* Project:        sort_seperate_bucket
* Solution:       solution1 (Vivado IP Flow Target)
* Product family: virtexuplus
* Target device:  xcu280-fsvh2892-2L-e


================================================================
== Performance Estimates
================================================================
+ Timing: 
    * Summary: 
    +--------+----------+-----------+------------+
    |  Clock |  Target  | Estimated | Uncertainty|
    +--------+----------+-----------+------------+
    |ap_clk  |  10.00 ns|  12.755 ns|     2.70 ns|
    +--------+----------+-----------+------------+

+ Latency: 
    * Summary: 
    +----------+----------+-----------+-----------+----------+----------+---------+
    |   Latency (cycles)  |   Latency (absolute)  |       Interval      | Pipeline|
    |    min   |    max   |    min    |    max    |    min   |    max   |   Type  |
    +----------+----------+-----------+-----------+----------+----------+---------+
    |  10000071|  10000071|  0.128 sec|  0.128 sec|  10000071|  10000071|       no|
    +----------+----------+-----------+-----------+----------+----------+---------+

    + Detail: 
        * Instance: 
        +-------------------------------------------------------+-------------------------------------------+----------+----------+-----------+-----------+----------+----------+---------+
        |                                                       |                                           |   Latency (cycles)  |   Latency (absolute)  |       Interval      | Pipeline|
        |                        Instance                       |                   Module                  |    min   |    max   |    min    |    max    |    min   |    max   |   Type  |
        +-------------------------------------------------------+-------------------------------------------+----------+----------+-----------+-----------+----------+----------+---------+
        |grp_loser_tree_64_1_Pipeline_1_fu_1300                 |loser_tree_64_1_Pipeline_1                 |        66|        66|   0.660 us|   0.660 us|        66|        66|       no|
        |grp_loser_tree_64_1_Pipeline_VITIS_LOOP_297_2_fu_1368  |loser_tree_64_1_Pipeline_VITIS_LOOP_297_2  |  10000002|  10000002|  0.128 sec|  0.128 sec|  10000002|  10000002|       no|
        +-------------------------------------------------------+-------------------------------------------+----------+----------+-----------+-----------+----------+----------+---------+

        * Loop: 
        N/A



================================================================
== Utilization Estimates
================================================================
* Summary: 
+---------------------+---------+------+---------+---------+-----+
|         Name        | BRAM_18K|  DSP |    FF   |   LUT   | URAM|
+---------------------+---------+------+---------+---------+-----+
|DSP                  |        -|     -|        -|        -|    -|
|Expression           |        -|     -|        0|        2|    -|
|FIFO                 |        -|     -|        -|        -|    -|
|Instance             |        -|     -|     4140|    10813|    -|
|Memory               |        -|     -|        -|        -|    -|
|Multiplexer          |        -|     -|        -|     1827|    -|
|Register             |        -|     -|     2055|        -|    -|
+---------------------+---------+------+---------+---------+-----+
|Total                |        0|     0|     6195|    12642|    0|
+---------------------+---------+------+---------+---------+-----+
|Available SLR        |     1344|  3008|   869120|   434560|  320|
+---------------------+---------+------+---------+---------+-----+
|Utilization SLR (%)  |        0|     0|       ~0|        2|    0|
+---------------------+---------+------+---------+---------+-----+
|Available            |     4032|  9024|  2607360|  1303680|  960|
+---------------------+---------+------+---------+---------+-----+
|Utilization (%)      |        0|     0|       ~0|       ~0|    0|
+---------------------+---------+------+---------+---------+-----+

+ Detail: 
    * Instance: 
    +-------------------------------------------------------+-------------------------------------------+---------+----+------+-------+-----+
    |                        Instance                       |                   Module                  | BRAM_18K| DSP|  FF  |  LUT  | URAM|
    +-------------------------------------------------------+-------------------------------------------+---------+----+------+-------+-----+
    |grp_loser_tree_64_1_Pipeline_1_fu_1300                 |loser_tree_64_1_Pipeline_1                 |        0|   0|     9|     52|    0|
    |grp_loser_tree_64_1_Pipeline_VITIS_LOOP_297_2_fu_1368  |loser_tree_64_1_Pipeline_VITIS_LOOP_297_2  |        0|   0|  4131|  10761|    0|
    +-------------------------------------------------------+-------------------------------------------+---------+----+------+-------+-----+
    |Total                                                  |                                           |        0|   0|  4140|  10813|    0|
    +-------------------------------------------------------+-------------------------------------------+---------+----+------+-------+-----+

    * DSP: 
    N/A

    * Memory: 
    N/A

    * FIFO: 
    N/A

    * Expression: 
    +-----------------+----------+----+---+----+------------+------------+
    |  Variable Name  | Operation| DSP| FF| LUT| Bitwidth P0| Bitwidth P1|
    +-----------------+----------+----+---+----+------------+------------+
    |ap_block_state1  |        or|   0|  0|   2|           1|           1|
    +-----------------+----------+----+---+----+------------+------------+
    |Total            |          |   0|  0|   2|           1|           1|
    +-----------------+----------+----+---+----+------------+------------+

    * Multiplexer: 
    +--------------------------------------------+----+-----------+-----+-----------+
    |                    Name                    | LUT| Input Size| Bits| Total Bits|
    +--------------------------------------------+----+-----------+-----+-----------+
    |ap_NS_fsm                                   |  26|          5|    1|          5|
    |ap_done                                     |   9|          2|    1|          2|
    |multi_radix_oct_loser_64_temp0_0_address0   |  14|          3|   18|         54|
    |multi_radix_oct_loser_64_temp0_0_ce0        |  14|          3|    1|          3|
    |multi_radix_oct_loser_64_temp0_10_address0  |  14|          3|   18|         54|
    |multi_radix_oct_loser_64_temp0_10_ce0       |  14|          3|    1|          3|
    |multi_radix_oct_loser_64_temp0_11_address0  |  14|          3|   18|         54|
    |multi_radix_oct_loser_64_temp0_11_ce0       |  14|          3|    1|          3|
    |multi_radix_oct_loser_64_temp0_12_address0  |  14|          3|   18|         54|
    |multi_radix_oct_loser_64_temp0_12_ce0       |  14|          3|    1|          3|
    |multi_radix_oct_loser_64_temp0_13_address0  |  14|          3|   18|         54|
    |multi_radix_oct_loser_64_temp0_13_ce0       |  14|          3|    1|          3|
    |multi_radix_oct_loser_64_temp0_14_address0  |  14|          3|   18|         54|
    |multi_radix_oct_loser_64_temp0_14_ce0       |  14|          3|    1|          3|
    |multi_radix_oct_loser_64_temp0_15_address0  |  14|          3|   18|         54|
    |multi_radix_oct_loser_64_temp0_15_ce0       |  14|          3|    1|          3|
    |multi_radix_oct_loser_64_temp0_16_address0  |  14|          3|   18|         54|
    |multi_radix_oct_loser_64_temp0_16_ce0       |  14|          3|    1|          3|
    |multi_radix_oct_loser_64_temp0_17_address0  |  14|          3|   18|         54|
    |multi_radix_oct_loser_64_temp0_17_ce0       |  14|          3|    1|          3|
    |multi_radix_oct_loser_64_temp0_18_address0  |  14|          3|   18|         54|
    |multi_radix_oct_loser_64_temp0_18_ce0       |  14|          3|    1|          3|
    |multi_radix_oct_loser_64_temp0_19_address0  |  14|          3|   18|         54|
    |multi_radix_oct_loser_64_temp0_19_ce0       |  14|          3|    1|          3|
    |multi_radix_oct_loser_64_temp0_1_address0   |  14|          3|   18|         54|
    |multi_radix_oct_loser_64_temp0_1_ce0        |  14|          3|    1|          3|
    |multi_radix_oct_loser_64_temp0_20_address0  |  14|          3|   18|         54|
    |multi_radix_oct_loser_64_temp0_20_ce0       |  14|          3|    1|          3|
    |multi_radix_oct_loser_64_temp0_21_address0  |  14|          3|   18|         54|
    |multi_radix_oct_loser_64_temp0_21_ce0       |  14|          3|    1|          3|
    |multi_radix_oct_loser_64_temp0_22_address0  |  14|          3|   18|         54|
    |multi_radix_oct_loser_64_temp0_22_ce0       |  14|          3|    1|          3|
    |multi_radix_oct_loser_64_temp0_23_address0  |  14|          3|   18|         54|
    |multi_radix_oct_loser_64_temp0_23_ce0       |  14|          3|    1|          3|
    |multi_radix_oct_loser_64_temp0_24_address0  |  14|          3|   18|         54|
    |multi_radix_oct_loser_64_temp0_24_ce0       |  14|          3|    1|          3|
    |multi_radix_oct_loser_64_temp0_25_address0  |  14|          3|   18|         54|
    |multi_radix_oct_loser_64_temp0_25_ce0       |  14|          3|    1|          3|
    |multi_radix_oct_loser_64_temp0_26_address0  |  14|          3|   18|         54|
    |multi_radix_oct_loser_64_temp0_26_ce0       |  14|          3|    1|          3|
    |multi_radix_oct_loser_64_temp0_27_address0  |  14|          3|   18|         54|
    |multi_radix_oct_loser_64_temp0_27_ce0       |  14|          3|    1|          3|
    |multi_radix_oct_loser_64_temp0_28_address0  |  14|          3|   18|         54|
    |multi_radix_oct_loser_64_temp0_28_ce0       |  14|          3|    1|          3|
    |multi_radix_oct_loser_64_temp0_29_address0  |  14|          3|   18|         54|
    |multi_radix_oct_loser_64_temp0_29_ce0       |  14|          3|    1|          3|
    |multi_radix_oct_loser_64_temp0_2_address0   |  14|          3|   18|         54|
    |multi_radix_oct_loser_64_temp0_2_ce0        |  14|          3|    1|          3|
    |multi_radix_oct_loser_64_temp0_30_address0  |  14|          3|   18|         54|
    |multi_radix_oct_loser_64_temp0_30_ce0       |  14|          3|    1|          3|
    |multi_radix_oct_loser_64_temp0_31_address0  |  14|          3|   18|         54|
    |multi_radix_oct_loser_64_temp0_31_ce0       |  14|          3|    1|          3|
    |multi_radix_oct_loser_64_temp0_32_address0  |  14|          3|   18|         54|
    |multi_radix_oct_loser_64_temp0_32_ce0       |  14|          3|    1|          3|
    |multi_radix_oct_loser_64_temp0_33_address0  |  14|          3|   18|         54|
    |multi_radix_oct_loser_64_temp0_33_ce0       |  14|          3|    1|          3|
    |multi_radix_oct_loser_64_temp0_34_address0  |  14|          3|   18|         54|
    |multi_radix_oct_loser_64_temp0_34_ce0       |  14|          3|    1|          3|
    |multi_radix_oct_loser_64_temp0_35_address0  |  14|          3|   18|         54|
    |multi_radix_oct_loser_64_temp0_35_ce0       |  14|          3|    1|          3|
    |multi_radix_oct_loser_64_temp0_36_address0  |  14|          3|   18|         54|
    |multi_radix_oct_loser_64_temp0_36_ce0       |  14|          3|    1|          3|
    |multi_radix_oct_loser_64_temp0_37_address0  |  14|          3|   18|         54|
    |multi_radix_oct_loser_64_temp0_37_ce0       |  14|          3|    1|          3|
    |multi_radix_oct_loser_64_temp0_38_address0  |  14|          3|   18|         54|
    |multi_radix_oct_loser_64_temp0_38_ce0       |  14|          3|    1|          3|
    |multi_radix_oct_loser_64_temp0_39_address0  |  14|          3|   18|         54|
    |multi_radix_oct_loser_64_temp0_39_ce0       |  14|          3|    1|          3|
    |multi_radix_oct_loser_64_temp0_3_address0   |  14|          3|   18|         54|
    |multi_radix_oct_loser_64_temp0_3_ce0        |  14|          3|    1|          3|
    |multi_radix_oct_loser_64_temp0_40_address0  |  14|          3|   18|         54|
    |multi_radix_oct_loser_64_temp0_40_ce0       |  14|          3|    1|          3|
    |multi_radix_oct_loser_64_temp0_41_address0  |  14|          3|   18|         54|
    |multi_radix_oct_loser_64_temp0_41_ce0       |  14|          3|    1|          3|
    |multi_radix_oct_loser_64_temp0_42_address0  |  14|          3|   18|         54|
    |multi_radix_oct_loser_64_temp0_42_ce0       |  14|          3|    1|          3|
    |multi_radix_oct_loser_64_temp0_43_address0  |  14|          3|   18|         54|
    |multi_radix_oct_loser_64_temp0_43_ce0       |  14|          3|    1|          3|
    |multi_radix_oct_loser_64_temp0_44_address0  |  14|          3|   18|         54|
    |multi_radix_oct_loser_64_temp0_44_ce0       |  14|          3|    1|          3|
    |multi_radix_oct_loser_64_temp0_45_address0  |  14|          3|   18|         54|
    |multi_radix_oct_loser_64_temp0_45_ce0       |  14|          3|    1|          3|
    |multi_radix_oct_loser_64_temp0_46_address0  |  14|          3|   18|         54|
    |multi_radix_oct_loser_64_temp0_46_ce0       |  14|          3|    1|          3|
    |multi_radix_oct_loser_64_temp0_47_address0  |  14|          3|   18|         54|
    |multi_radix_oct_loser_64_temp0_47_ce0       |  14|          3|    1|          3|
    |multi_radix_oct_loser_64_temp0_48_address0  |  14|          3|   18|         54|
    |multi_radix_oct_loser_64_temp0_48_ce0       |  14|          3|    1|          3|
    |multi_radix_oct_loser_64_temp0_49_address0  |  14|          3|   18|         54|
    |multi_radix_oct_loser_64_temp0_49_ce0       |  14|          3|    1|          3|
    |multi_radix_oct_loser_64_temp0_4_address0   |  14|          3|   18|         54|
    |multi_radix_oct_loser_64_temp0_4_ce0        |  14|          3|    1|          3|
    |multi_radix_oct_loser_64_temp0_50_address0  |  14|          3|   18|         54|
    |multi_radix_oct_loser_64_temp0_50_ce0       |  14|          3|    1|          3|
    |multi_radix_oct_loser_64_temp0_51_address0  |  14|          3|   18|         54|
    |multi_radix_oct_loser_64_temp0_51_ce0       |  14|          3|    1|          3|
    |multi_radix_oct_loser_64_temp0_52_address0  |  14|          3|   18|         54|
    |multi_radix_oct_loser_64_temp0_52_ce0       |  14|          3|    1|          3|
    |multi_radix_oct_loser_64_temp0_53_address0  |  14|          3|   18|         54|
    |multi_radix_oct_loser_64_temp0_53_ce0       |  14|          3|    1|          3|
    |multi_radix_oct_loser_64_temp0_54_address0  |  14|          3|   18|         54|
    |multi_radix_oct_loser_64_temp0_54_ce0       |  14|          3|    1|          3|
    |multi_radix_oct_loser_64_temp0_55_address0  |  14|          3|   18|         54|
    |multi_radix_oct_loser_64_temp0_55_ce0       |  14|          3|    1|          3|
    |multi_radix_oct_loser_64_temp0_56_address0  |  14|          3|   18|         54|
    |multi_radix_oct_loser_64_temp0_56_ce0       |  14|          3|    1|          3|
    |multi_radix_oct_loser_64_temp0_57_address0  |  14|          3|   18|         54|
    |multi_radix_oct_loser_64_temp0_57_ce0       |  14|          3|    1|          3|
    |multi_radix_oct_loser_64_temp0_58_address0  |  14|          3|   18|         54|
    |multi_radix_oct_loser_64_temp0_58_ce0       |  14|          3|    1|          3|
    |multi_radix_oct_loser_64_temp0_59_address0  |  14|          3|   18|         54|
    |multi_radix_oct_loser_64_temp0_59_ce0       |  14|          3|    1|          3|
    |multi_radix_oct_loser_64_temp0_5_address0   |  14|          3|   18|         54|
    |multi_radix_oct_loser_64_temp0_5_ce0        |  14|          3|    1|          3|
    |multi_radix_oct_loser_64_temp0_60_address0  |  14|          3|   18|         54|
    |multi_radix_oct_loser_64_temp0_60_ce0       |  14|          3|    1|          3|
    |multi_radix_oct_loser_64_temp0_61_address0  |  14|          3|   18|         54|
    |multi_radix_oct_loser_64_temp0_61_ce0       |  14|          3|    1|          3|
    |multi_radix_oct_loser_64_temp0_62_address0  |  14|          3|   18|         54|
    |multi_radix_oct_loser_64_temp0_62_ce0       |  14|          3|    1|          3|
    |multi_radix_oct_loser_64_temp0_63_address0  |  14|          3|   18|         54|
    |multi_radix_oct_loser_64_temp0_63_ce0       |  14|          3|    1|          3|
    |multi_radix_oct_loser_64_temp0_6_address0   |  14|          3|   18|         54|
    |multi_radix_oct_loser_64_temp0_6_ce0        |  14|          3|    1|          3|
    |multi_radix_oct_loser_64_temp0_7_address0   |  14|          3|   18|         54|
    |multi_radix_oct_loser_64_temp0_7_ce0        |  14|          3|    1|          3|
    |multi_radix_oct_loser_64_temp0_8_address0   |  14|          3|   18|         54|
    |multi_radix_oct_loser_64_temp0_8_ce0        |  14|          3|    1|          3|
    |multi_radix_oct_loser_64_temp0_9_address0   |  14|          3|   18|         54|
    |multi_radix_oct_loser_64_temp0_9_ce0        |  14|          3|    1|          3|
    +--------------------------------------------+----+-----------+-----+-----------+
    |Total                                       |1827|        391| 1218|       3655|
    +--------------------------------------------+----+-----------+-----+-----------+

    * Register: 
    +--------------------------------------------------------------------+----+----+-----+-----------+
    |                                Name                                | FF | LUT| Bits| Const Bits|
    +--------------------------------------------------------------------+----+----+-----+-----------+
    |ap_CS_fsm                                                           |   4|   0|    4|          0|
    |ap_done_reg                                                         |   1|   0|    1|          0|
    |grp_loser_tree_64_1_Pipeline_1_fu_1300_ap_start_reg                 |   1|   0|    1|          0|
    |grp_loser_tree_64_1_Pipeline_VITIS_LOOP_297_2_fu_1368_ap_start_reg  |   1|   0|    1|          0|
    |loser_tree_129_reg_2595                                             |  32|   0|   32|          0|
    |loser_tree_130_reg_2600                                             |  32|   0|   32|          0|
    |loser_tree_131_reg_2605                                             |  32|   0|   32|          0|
    |loser_tree_132_reg_2610                                             |  32|   0|   32|          0|
    |loser_tree_133_reg_2615                                             |  32|   0|   32|          0|
    |loser_tree_134_reg_2620                                             |  32|   0|   32|          0|
    |loser_tree_135_reg_2625                                             |  32|   0|   32|          0|
    |loser_tree_136_reg_2630                                             |  32|   0|   32|          0|
    |loser_tree_137_reg_2635                                             |  32|   0|   32|          0|
    |loser_tree_138_reg_2640                                             |  32|   0|   32|          0|
    |loser_tree_139_reg_2645                                             |  32|   0|   32|          0|
    |loser_tree_140_reg_2650                                             |  32|   0|   32|          0|
    |loser_tree_141_reg_2655                                             |  32|   0|   32|          0|
    |loser_tree_142_reg_2660                                             |  32|   0|   32|          0|
    |loser_tree_143_reg_2665                                             |  32|   0|   32|          0|
    |loser_tree_144_reg_2670                                             |  32|   0|   32|          0|
    |loser_tree_145_reg_2675                                             |  32|   0|   32|          0|
    |loser_tree_146_reg_2680                                             |  32|   0|   32|          0|
    |loser_tree_147_reg_2685                                             |  32|   0|   32|          0|
    |loser_tree_148_reg_2690                                             |  32|   0|   32|          0|
    |loser_tree_149_reg_2695                                             |  32|   0|   32|          0|
    |loser_tree_150_reg_2700                                             |  32|   0|   32|          0|
    |loser_tree_151_reg_2705                                             |  32|   0|   32|          0|
    |loser_tree_152_reg_2710                                             |  32|   0|   32|          0|
    |loser_tree_153_reg_2715                                             |  32|   0|   32|          0|
    |loser_tree_154_reg_2720                                             |  32|   0|   32|          0|
    |loser_tree_155_reg_2725                                             |  32|   0|   32|          0|
    |loser_tree_156_reg_2730                                             |  32|   0|   32|          0|
    |loser_tree_157_reg_2735                                             |  32|   0|   32|          0|
    |loser_tree_158_reg_2740                                             |  32|   0|   32|          0|
    |loser_tree_159_reg_2745                                             |  32|   0|   32|          0|
    |loser_tree_160_reg_2750                                             |  32|   0|   32|          0|
    |loser_tree_161_reg_2755                                             |  32|   0|   32|          0|
    |loser_tree_162_reg_2760                                             |  32|   0|   32|          0|
    |loser_tree_163_reg_2765                                             |  32|   0|   32|          0|
    |loser_tree_164_reg_2770                                             |  32|   0|   32|          0|
    |loser_tree_165_reg_2775                                             |  32|   0|   32|          0|
    |loser_tree_166_reg_2780                                             |  32|   0|   32|          0|
    |loser_tree_167_reg_2785                                             |  32|   0|   32|          0|
    |loser_tree_168_reg_2790                                             |  32|   0|   32|          0|
    |loser_tree_169_reg_2795                                             |  32|   0|   32|          0|
    |loser_tree_170_reg_2800                                             |  32|   0|   32|          0|
    |loser_tree_171_reg_2805                                             |  32|   0|   32|          0|
    |loser_tree_172_reg_2810                                             |  32|   0|   32|          0|
    |loser_tree_173_reg_2815                                             |  32|   0|   32|          0|
    |loser_tree_174_reg_2820                                             |  32|   0|   32|          0|
    |loser_tree_175_reg_2825                                             |  32|   0|   32|          0|
    |loser_tree_176_reg_2830                                             |  32|   0|   32|          0|
    |loser_tree_177_reg_2835                                             |  32|   0|   32|          0|
    |loser_tree_178_reg_2840                                             |  32|   0|   32|          0|
    |loser_tree_179_reg_2845                                             |  32|   0|   32|          0|
    |loser_tree_180_reg_2850                                             |  32|   0|   32|          0|
    |loser_tree_181_reg_2855                                             |  32|   0|   32|          0|
    |loser_tree_182_reg_2860                                             |  32|   0|   32|          0|
    |loser_tree_183_reg_2865                                             |  32|   0|   32|          0|
    |loser_tree_184_reg_2870                                             |  32|   0|   32|          0|
    |loser_tree_185_reg_2875                                             |  32|   0|   32|          0|
    |loser_tree_186_reg_2880                                             |  32|   0|   32|          0|
    |loser_tree_187_reg_2885                                             |  32|   0|   32|          0|
    |loser_tree_188_reg_2890                                             |  32|   0|   32|          0|
    |loser_tree_189_reg_2895                                             |  32|   0|   32|          0|
    |loser_tree_190_reg_2900                                             |  32|   0|   32|          0|
    |loser_tree_191_reg_2905                                             |  32|   0|   32|          0|
    |loser_tree_reg_2590                                                 |  32|   0|   32|          0|
    +--------------------------------------------------------------------+----+----+-----+-----------+
    |Total                                                               |2055|   0| 2055|          0|
    +--------------------------------------------------------------------+----+----+-----+-----------+



================================================================
== Interface
================================================================
* Summary: 
+--------------------------------------------+-----+-----+------------+-----------------------------------+--------------+
|                  RTL Ports                 | Dir | Bits|  Protocol  |           Source Object           |    C Type    |
+--------------------------------------------+-----+-----+------------+-----------------------------------+--------------+
|ap_clk                                      |   in|    1|  ap_ctrl_hs|                    loser_tree_64.1|  return value|
|ap_rst                                      |   in|    1|  ap_ctrl_hs|                    loser_tree_64.1|  return value|
|ap_start                                    |   in|    1|  ap_ctrl_hs|                    loser_tree_64.1|  return value|
|ap_done                                     |  out|    1|  ap_ctrl_hs|                    loser_tree_64.1|  return value|
|ap_continue                                 |   in|    1|  ap_ctrl_hs|                    loser_tree_64.1|  return value|
|ap_idle                                     |  out|    1|  ap_ctrl_hs|                    loser_tree_64.1|  return value|
|ap_ready                                    |  out|    1|  ap_ctrl_hs|                    loser_tree_64.1|  return value|
|output_r_address0                           |  out|   24|   ap_memory|                           output_r|         array|
|output_r_ce0                                |  out|    1|   ap_memory|                           output_r|         array|
|output_r_we0                                |  out|    1|   ap_memory|                           output_r|         array|
|output_r_d0                                 |  out|   32|   ap_memory|                           output_r|         array|
|multi_radix_oct_loser_64_temp0_0_address0   |  out|   18|   ap_memory|   multi_radix_oct_loser_64_temp0_0|         array|
|multi_radix_oct_loser_64_temp0_0_ce0        |  out|    1|   ap_memory|   multi_radix_oct_loser_64_temp0_0|         array|
|multi_radix_oct_loser_64_temp0_0_q0         |   in|   32|   ap_memory|   multi_radix_oct_loser_64_temp0_0|         array|
|multi_radix_oct_loser_64_temp0_1_address0   |  out|   18|   ap_memory|   multi_radix_oct_loser_64_temp0_1|         array|
|multi_radix_oct_loser_64_temp0_1_ce0        |  out|    1|   ap_memory|   multi_radix_oct_loser_64_temp0_1|         array|
|multi_radix_oct_loser_64_temp0_1_q0         |   in|   32|   ap_memory|   multi_radix_oct_loser_64_temp0_1|         array|
|multi_radix_oct_loser_64_temp0_10_address0  |  out|   18|   ap_memory|  multi_radix_oct_loser_64_temp0_10|         array|
|multi_radix_oct_loser_64_temp0_10_ce0       |  out|    1|   ap_memory|  multi_radix_oct_loser_64_temp0_10|         array|
|multi_radix_oct_loser_64_temp0_10_q0        |   in|   32|   ap_memory|  multi_radix_oct_loser_64_temp0_10|         array|
|multi_radix_oct_loser_64_temp0_11_address0  |  out|   18|   ap_memory|  multi_radix_oct_loser_64_temp0_11|         array|
|multi_radix_oct_loser_64_temp0_11_ce0       |  out|    1|   ap_memory|  multi_radix_oct_loser_64_temp0_11|         array|
|multi_radix_oct_loser_64_temp0_11_q0        |   in|   32|   ap_memory|  multi_radix_oct_loser_64_temp0_11|         array|
|multi_radix_oct_loser_64_temp0_12_address0  |  out|   18|   ap_memory|  multi_radix_oct_loser_64_temp0_12|         array|
|multi_radix_oct_loser_64_temp0_12_ce0       |  out|    1|   ap_memory|  multi_radix_oct_loser_64_temp0_12|         array|
|multi_radix_oct_loser_64_temp0_12_q0        |   in|   32|   ap_memory|  multi_radix_oct_loser_64_temp0_12|         array|
|multi_radix_oct_loser_64_temp0_13_address0  |  out|   18|   ap_memory|  multi_radix_oct_loser_64_temp0_13|         array|
|multi_radix_oct_loser_64_temp0_13_ce0       |  out|    1|   ap_memory|  multi_radix_oct_loser_64_temp0_13|         array|
|multi_radix_oct_loser_64_temp0_13_q0        |   in|   32|   ap_memory|  multi_radix_oct_loser_64_temp0_13|         array|
|multi_radix_oct_loser_64_temp0_14_address0  |  out|   18|   ap_memory|  multi_radix_oct_loser_64_temp0_14|         array|
|multi_radix_oct_loser_64_temp0_14_ce0       |  out|    1|   ap_memory|  multi_radix_oct_loser_64_temp0_14|         array|
|multi_radix_oct_loser_64_temp0_14_q0        |   in|   32|   ap_memory|  multi_radix_oct_loser_64_temp0_14|         array|
|multi_radix_oct_loser_64_temp0_15_address0  |  out|   18|   ap_memory|  multi_radix_oct_loser_64_temp0_15|         array|
|multi_radix_oct_loser_64_temp0_15_ce0       |  out|    1|   ap_memory|  multi_radix_oct_loser_64_temp0_15|         array|
|multi_radix_oct_loser_64_temp0_15_q0        |   in|   32|   ap_memory|  multi_radix_oct_loser_64_temp0_15|         array|
|multi_radix_oct_loser_64_temp0_16_address0  |  out|   18|   ap_memory|  multi_radix_oct_loser_64_temp0_16|         array|
|multi_radix_oct_loser_64_temp0_16_ce0       |  out|    1|   ap_memory|  multi_radix_oct_loser_64_temp0_16|         array|
|multi_radix_oct_loser_64_temp0_16_q0        |   in|   32|   ap_memory|  multi_radix_oct_loser_64_temp0_16|         array|
|multi_radix_oct_loser_64_temp0_17_address0  |  out|   18|   ap_memory|  multi_radix_oct_loser_64_temp0_17|         array|
|multi_radix_oct_loser_64_temp0_17_ce0       |  out|    1|   ap_memory|  multi_radix_oct_loser_64_temp0_17|         array|
|multi_radix_oct_loser_64_temp0_17_q0        |   in|   32|   ap_memory|  multi_radix_oct_loser_64_temp0_17|         array|
|multi_radix_oct_loser_64_temp0_18_address0  |  out|   18|   ap_memory|  multi_radix_oct_loser_64_temp0_18|         array|
|multi_radix_oct_loser_64_temp0_18_ce0       |  out|    1|   ap_memory|  multi_radix_oct_loser_64_temp0_18|         array|
|multi_radix_oct_loser_64_temp0_18_q0        |   in|   32|   ap_memory|  multi_radix_oct_loser_64_temp0_18|         array|
|multi_radix_oct_loser_64_temp0_19_address0  |  out|   18|   ap_memory|  multi_radix_oct_loser_64_temp0_19|         array|
|multi_radix_oct_loser_64_temp0_19_ce0       |  out|    1|   ap_memory|  multi_radix_oct_loser_64_temp0_19|         array|
|multi_radix_oct_loser_64_temp0_19_q0        |   in|   32|   ap_memory|  multi_radix_oct_loser_64_temp0_19|         array|
|multi_radix_oct_loser_64_temp0_2_address0   |  out|   18|   ap_memory|   multi_radix_oct_loser_64_temp0_2|         array|
|multi_radix_oct_loser_64_temp0_2_ce0        |  out|    1|   ap_memory|   multi_radix_oct_loser_64_temp0_2|         array|
|multi_radix_oct_loser_64_temp0_2_q0         |   in|   32|   ap_memory|   multi_radix_oct_loser_64_temp0_2|         array|
|multi_radix_oct_loser_64_temp0_20_address0  |  out|   18|   ap_memory|  multi_radix_oct_loser_64_temp0_20|         array|
|multi_radix_oct_loser_64_temp0_20_ce0       |  out|    1|   ap_memory|  multi_radix_oct_loser_64_temp0_20|         array|
|multi_radix_oct_loser_64_temp0_20_q0        |   in|   32|   ap_memory|  multi_radix_oct_loser_64_temp0_20|         array|
|multi_radix_oct_loser_64_temp0_21_address0  |  out|   18|   ap_memory|  multi_radix_oct_loser_64_temp0_21|         array|
|multi_radix_oct_loser_64_temp0_21_ce0       |  out|    1|   ap_memory|  multi_radix_oct_loser_64_temp0_21|         array|
|multi_radix_oct_loser_64_temp0_21_q0        |   in|   32|   ap_memory|  multi_radix_oct_loser_64_temp0_21|         array|
|multi_radix_oct_loser_64_temp0_22_address0  |  out|   18|   ap_memory|  multi_radix_oct_loser_64_temp0_22|         array|
|multi_radix_oct_loser_64_temp0_22_ce0       |  out|    1|   ap_memory|  multi_radix_oct_loser_64_temp0_22|         array|
|multi_radix_oct_loser_64_temp0_22_q0        |   in|   32|   ap_memory|  multi_radix_oct_loser_64_temp0_22|         array|
|multi_radix_oct_loser_64_temp0_23_address0  |  out|   18|   ap_memory|  multi_radix_oct_loser_64_temp0_23|         array|
|multi_radix_oct_loser_64_temp0_23_ce0       |  out|    1|   ap_memory|  multi_radix_oct_loser_64_temp0_23|         array|
|multi_radix_oct_loser_64_temp0_23_q0        |   in|   32|   ap_memory|  multi_radix_oct_loser_64_temp0_23|         array|
|multi_radix_oct_loser_64_temp0_24_address0  |  out|   18|   ap_memory|  multi_radix_oct_loser_64_temp0_24|         array|
|multi_radix_oct_loser_64_temp0_24_ce0       |  out|    1|   ap_memory|  multi_radix_oct_loser_64_temp0_24|         array|
|multi_radix_oct_loser_64_temp0_24_q0        |   in|   32|   ap_memory|  multi_radix_oct_loser_64_temp0_24|         array|
|multi_radix_oct_loser_64_temp0_25_address0  |  out|   18|   ap_memory|  multi_radix_oct_loser_64_temp0_25|         array|
|multi_radix_oct_loser_64_temp0_25_ce0       |  out|    1|   ap_memory|  multi_radix_oct_loser_64_temp0_25|         array|
|multi_radix_oct_loser_64_temp0_25_q0        |   in|   32|   ap_memory|  multi_radix_oct_loser_64_temp0_25|         array|
|multi_radix_oct_loser_64_temp0_26_address0  |  out|   18|   ap_memory|  multi_radix_oct_loser_64_temp0_26|         array|
|multi_radix_oct_loser_64_temp0_26_ce0       |  out|    1|   ap_memory|  multi_radix_oct_loser_64_temp0_26|         array|
|multi_radix_oct_loser_64_temp0_26_q0        |   in|   32|   ap_memory|  multi_radix_oct_loser_64_temp0_26|         array|
|multi_radix_oct_loser_64_temp0_27_address0  |  out|   18|   ap_memory|  multi_radix_oct_loser_64_temp0_27|         array|
|multi_radix_oct_loser_64_temp0_27_ce0       |  out|    1|   ap_memory|  multi_radix_oct_loser_64_temp0_27|         array|
|multi_radix_oct_loser_64_temp0_27_q0        |   in|   32|   ap_memory|  multi_radix_oct_loser_64_temp0_27|         array|
|multi_radix_oct_loser_64_temp0_28_address0  |  out|   18|   ap_memory|  multi_radix_oct_loser_64_temp0_28|         array|
|multi_radix_oct_loser_64_temp0_28_ce0       |  out|    1|   ap_memory|  multi_radix_oct_loser_64_temp0_28|         array|
|multi_radix_oct_loser_64_temp0_28_q0        |   in|   32|   ap_memory|  multi_radix_oct_loser_64_temp0_28|         array|
|multi_radix_oct_loser_64_temp0_29_address0  |  out|   18|   ap_memory|  multi_radix_oct_loser_64_temp0_29|         array|
|multi_radix_oct_loser_64_temp0_29_ce0       |  out|    1|   ap_memory|  multi_radix_oct_loser_64_temp0_29|         array|
|multi_radix_oct_loser_64_temp0_29_q0        |   in|   32|   ap_memory|  multi_radix_oct_loser_64_temp0_29|         array|
|multi_radix_oct_loser_64_temp0_3_address0   |  out|   18|   ap_memory|   multi_radix_oct_loser_64_temp0_3|         array|
|multi_radix_oct_loser_64_temp0_3_ce0        |  out|    1|   ap_memory|   multi_radix_oct_loser_64_temp0_3|         array|
|multi_radix_oct_loser_64_temp0_3_q0         |   in|   32|   ap_memory|   multi_radix_oct_loser_64_temp0_3|         array|
|multi_radix_oct_loser_64_temp0_30_address0  |  out|   18|   ap_memory|  multi_radix_oct_loser_64_temp0_30|         array|
|multi_radix_oct_loser_64_temp0_30_ce0       |  out|    1|   ap_memory|  multi_radix_oct_loser_64_temp0_30|         array|
|multi_radix_oct_loser_64_temp0_30_q0        |   in|   32|   ap_memory|  multi_radix_oct_loser_64_temp0_30|         array|
|multi_radix_oct_loser_64_temp0_31_address0  |  out|   18|   ap_memory|  multi_radix_oct_loser_64_temp0_31|         array|
|multi_radix_oct_loser_64_temp0_31_ce0       |  out|    1|   ap_memory|  multi_radix_oct_loser_64_temp0_31|         array|
|multi_radix_oct_loser_64_temp0_31_q0        |   in|   32|   ap_memory|  multi_radix_oct_loser_64_temp0_31|         array|
|multi_radix_oct_loser_64_temp0_32_address0  |  out|   18|   ap_memory|  multi_radix_oct_loser_64_temp0_32|         array|
|multi_radix_oct_loser_64_temp0_32_ce0       |  out|    1|   ap_memory|  multi_radix_oct_loser_64_temp0_32|         array|
|multi_radix_oct_loser_64_temp0_32_q0        |   in|   32|   ap_memory|  multi_radix_oct_loser_64_temp0_32|         array|
|multi_radix_oct_loser_64_temp0_33_address0  |  out|   18|   ap_memory|  multi_radix_oct_loser_64_temp0_33|         array|
|multi_radix_oct_loser_64_temp0_33_ce0       |  out|    1|   ap_memory|  multi_radix_oct_loser_64_temp0_33|         array|
|multi_radix_oct_loser_64_temp0_33_q0        |   in|   32|   ap_memory|  multi_radix_oct_loser_64_temp0_33|         array|
|multi_radix_oct_loser_64_temp0_34_address0  |  out|   18|   ap_memory|  multi_radix_oct_loser_64_temp0_34|         array|
|multi_radix_oct_loser_64_temp0_34_ce0       |  out|    1|   ap_memory|  multi_radix_oct_loser_64_temp0_34|         array|
|multi_radix_oct_loser_64_temp0_34_q0        |   in|   32|   ap_memory|  multi_radix_oct_loser_64_temp0_34|         array|
|multi_radix_oct_loser_64_temp0_35_address0  |  out|   18|   ap_memory|  multi_radix_oct_loser_64_temp0_35|         array|
|multi_radix_oct_loser_64_temp0_35_ce0       |  out|    1|   ap_memory|  multi_radix_oct_loser_64_temp0_35|         array|
|multi_radix_oct_loser_64_temp0_35_q0        |   in|   32|   ap_memory|  multi_radix_oct_loser_64_temp0_35|         array|
|multi_radix_oct_loser_64_temp0_36_address0  |  out|   18|   ap_memory|  multi_radix_oct_loser_64_temp0_36|         array|
|multi_radix_oct_loser_64_temp0_36_ce0       |  out|    1|   ap_memory|  multi_radix_oct_loser_64_temp0_36|         array|
|multi_radix_oct_loser_64_temp0_36_q0        |   in|   32|   ap_memory|  multi_radix_oct_loser_64_temp0_36|         array|
|multi_radix_oct_loser_64_temp0_37_address0  |  out|   18|   ap_memory|  multi_radix_oct_loser_64_temp0_37|         array|
|multi_radix_oct_loser_64_temp0_37_ce0       |  out|    1|   ap_memory|  multi_radix_oct_loser_64_temp0_37|         array|
|multi_radix_oct_loser_64_temp0_37_q0        |   in|   32|   ap_memory|  multi_radix_oct_loser_64_temp0_37|         array|
|multi_radix_oct_loser_64_temp0_38_address0  |  out|   18|   ap_memory|  multi_radix_oct_loser_64_temp0_38|         array|
|multi_radix_oct_loser_64_temp0_38_ce0       |  out|    1|   ap_memory|  multi_radix_oct_loser_64_temp0_38|         array|
|multi_radix_oct_loser_64_temp0_38_q0        |   in|   32|   ap_memory|  multi_radix_oct_loser_64_temp0_38|         array|
|multi_radix_oct_loser_64_temp0_39_address0  |  out|   18|   ap_memory|  multi_radix_oct_loser_64_temp0_39|         array|
|multi_radix_oct_loser_64_temp0_39_ce0       |  out|    1|   ap_memory|  multi_radix_oct_loser_64_temp0_39|         array|
|multi_radix_oct_loser_64_temp0_39_q0        |   in|   32|   ap_memory|  multi_radix_oct_loser_64_temp0_39|         array|
|multi_radix_oct_loser_64_temp0_4_address0   |  out|   18|   ap_memory|   multi_radix_oct_loser_64_temp0_4|         array|
|multi_radix_oct_loser_64_temp0_4_ce0        |  out|    1|   ap_memory|   multi_radix_oct_loser_64_temp0_4|         array|
|multi_radix_oct_loser_64_temp0_4_q0         |   in|   32|   ap_memory|   multi_radix_oct_loser_64_temp0_4|         array|
|multi_radix_oct_loser_64_temp0_40_address0  |  out|   18|   ap_memory|  multi_radix_oct_loser_64_temp0_40|         array|
|multi_radix_oct_loser_64_temp0_40_ce0       |  out|    1|   ap_memory|  multi_radix_oct_loser_64_temp0_40|         array|
|multi_radix_oct_loser_64_temp0_40_q0        |   in|   32|   ap_memory|  multi_radix_oct_loser_64_temp0_40|         array|
|multi_radix_oct_loser_64_temp0_41_address0  |  out|   18|   ap_memory|  multi_radix_oct_loser_64_temp0_41|         array|
|multi_radix_oct_loser_64_temp0_41_ce0       |  out|    1|   ap_memory|  multi_radix_oct_loser_64_temp0_41|         array|
|multi_radix_oct_loser_64_temp0_41_q0        |   in|   32|   ap_memory|  multi_radix_oct_loser_64_temp0_41|         array|
|multi_radix_oct_loser_64_temp0_42_address0  |  out|   18|   ap_memory|  multi_radix_oct_loser_64_temp0_42|         array|
|multi_radix_oct_loser_64_temp0_42_ce0       |  out|    1|   ap_memory|  multi_radix_oct_loser_64_temp0_42|         array|
|multi_radix_oct_loser_64_temp0_42_q0        |   in|   32|   ap_memory|  multi_radix_oct_loser_64_temp0_42|         array|
|multi_radix_oct_loser_64_temp0_43_address0  |  out|   18|   ap_memory|  multi_radix_oct_loser_64_temp0_43|         array|
|multi_radix_oct_loser_64_temp0_43_ce0       |  out|    1|   ap_memory|  multi_radix_oct_loser_64_temp0_43|         array|
|multi_radix_oct_loser_64_temp0_43_q0        |   in|   32|   ap_memory|  multi_radix_oct_loser_64_temp0_43|         array|
|multi_radix_oct_loser_64_temp0_44_address0  |  out|   18|   ap_memory|  multi_radix_oct_loser_64_temp0_44|         array|
|multi_radix_oct_loser_64_temp0_44_ce0       |  out|    1|   ap_memory|  multi_radix_oct_loser_64_temp0_44|         array|
|multi_radix_oct_loser_64_temp0_44_q0        |   in|   32|   ap_memory|  multi_radix_oct_loser_64_temp0_44|         array|
|multi_radix_oct_loser_64_temp0_45_address0  |  out|   18|   ap_memory|  multi_radix_oct_loser_64_temp0_45|         array|
|multi_radix_oct_loser_64_temp0_45_ce0       |  out|    1|   ap_memory|  multi_radix_oct_loser_64_temp0_45|         array|
|multi_radix_oct_loser_64_temp0_45_q0        |   in|   32|   ap_memory|  multi_radix_oct_loser_64_temp0_45|         array|
|multi_radix_oct_loser_64_temp0_46_address0  |  out|   18|   ap_memory|  multi_radix_oct_loser_64_temp0_46|         array|
|multi_radix_oct_loser_64_temp0_46_ce0       |  out|    1|   ap_memory|  multi_radix_oct_loser_64_temp0_46|         array|
|multi_radix_oct_loser_64_temp0_46_q0        |   in|   32|   ap_memory|  multi_radix_oct_loser_64_temp0_46|         array|
|multi_radix_oct_loser_64_temp0_47_address0  |  out|   18|   ap_memory|  multi_radix_oct_loser_64_temp0_47|         array|
|multi_radix_oct_loser_64_temp0_47_ce0       |  out|    1|   ap_memory|  multi_radix_oct_loser_64_temp0_47|         array|
|multi_radix_oct_loser_64_temp0_47_q0        |   in|   32|   ap_memory|  multi_radix_oct_loser_64_temp0_47|         array|
|multi_radix_oct_loser_64_temp0_48_address0  |  out|   18|   ap_memory|  multi_radix_oct_loser_64_temp0_48|         array|
|multi_radix_oct_loser_64_temp0_48_ce0       |  out|    1|   ap_memory|  multi_radix_oct_loser_64_temp0_48|         array|
|multi_radix_oct_loser_64_temp0_48_q0        |   in|   32|   ap_memory|  multi_radix_oct_loser_64_temp0_48|         array|
|multi_radix_oct_loser_64_temp0_49_address0  |  out|   18|   ap_memory|  multi_radix_oct_loser_64_temp0_49|         array|
|multi_radix_oct_loser_64_temp0_49_ce0       |  out|    1|   ap_memory|  multi_radix_oct_loser_64_temp0_49|         array|
|multi_radix_oct_loser_64_temp0_49_q0        |   in|   32|   ap_memory|  multi_radix_oct_loser_64_temp0_49|         array|
|multi_radix_oct_loser_64_temp0_5_address0   |  out|   18|   ap_memory|   multi_radix_oct_loser_64_temp0_5|         array|
|multi_radix_oct_loser_64_temp0_5_ce0        |  out|    1|   ap_memory|   multi_radix_oct_loser_64_temp0_5|         array|
|multi_radix_oct_loser_64_temp0_5_q0         |   in|   32|   ap_memory|   multi_radix_oct_loser_64_temp0_5|         array|
|multi_radix_oct_loser_64_temp0_50_address0  |  out|   18|   ap_memory|  multi_radix_oct_loser_64_temp0_50|         array|
|multi_radix_oct_loser_64_temp0_50_ce0       |  out|    1|   ap_memory|  multi_radix_oct_loser_64_temp0_50|         array|
|multi_radix_oct_loser_64_temp0_50_q0        |   in|   32|   ap_memory|  multi_radix_oct_loser_64_temp0_50|         array|
|multi_radix_oct_loser_64_temp0_51_address0  |  out|   18|   ap_memory|  multi_radix_oct_loser_64_temp0_51|         array|
|multi_radix_oct_loser_64_temp0_51_ce0       |  out|    1|   ap_memory|  multi_radix_oct_loser_64_temp0_51|         array|
|multi_radix_oct_loser_64_temp0_51_q0        |   in|   32|   ap_memory|  multi_radix_oct_loser_64_temp0_51|         array|
|multi_radix_oct_loser_64_temp0_52_address0  |  out|   18|   ap_memory|  multi_radix_oct_loser_64_temp0_52|         array|
|multi_radix_oct_loser_64_temp0_52_ce0       |  out|    1|   ap_memory|  multi_radix_oct_loser_64_temp0_52|         array|
|multi_radix_oct_loser_64_temp0_52_q0        |   in|   32|   ap_memory|  multi_radix_oct_loser_64_temp0_52|         array|
|multi_radix_oct_loser_64_temp0_53_address0  |  out|   18|   ap_memory|  multi_radix_oct_loser_64_temp0_53|         array|
|multi_radix_oct_loser_64_temp0_53_ce0       |  out|    1|   ap_memory|  multi_radix_oct_loser_64_temp0_53|         array|
|multi_radix_oct_loser_64_temp0_53_q0        |   in|   32|   ap_memory|  multi_radix_oct_loser_64_temp0_53|         array|
|multi_radix_oct_loser_64_temp0_54_address0  |  out|   18|   ap_memory|  multi_radix_oct_loser_64_temp0_54|         array|
|multi_radix_oct_loser_64_temp0_54_ce0       |  out|    1|   ap_memory|  multi_radix_oct_loser_64_temp0_54|         array|
|multi_radix_oct_loser_64_temp0_54_q0        |   in|   32|   ap_memory|  multi_radix_oct_loser_64_temp0_54|         array|
|multi_radix_oct_loser_64_temp0_55_address0  |  out|   18|   ap_memory|  multi_radix_oct_loser_64_temp0_55|         array|
|multi_radix_oct_loser_64_temp0_55_ce0       |  out|    1|   ap_memory|  multi_radix_oct_loser_64_temp0_55|         array|
|multi_radix_oct_loser_64_temp0_55_q0        |   in|   32|   ap_memory|  multi_radix_oct_loser_64_temp0_55|         array|
|multi_radix_oct_loser_64_temp0_56_address0  |  out|   18|   ap_memory|  multi_radix_oct_loser_64_temp0_56|         array|
|multi_radix_oct_loser_64_temp0_56_ce0       |  out|    1|   ap_memory|  multi_radix_oct_loser_64_temp0_56|         array|
|multi_radix_oct_loser_64_temp0_56_q0        |   in|   32|   ap_memory|  multi_radix_oct_loser_64_temp0_56|         array|
|multi_radix_oct_loser_64_temp0_57_address0  |  out|   18|   ap_memory|  multi_radix_oct_loser_64_temp0_57|         array|
|multi_radix_oct_loser_64_temp0_57_ce0       |  out|    1|   ap_memory|  multi_radix_oct_loser_64_temp0_57|         array|
|multi_radix_oct_loser_64_temp0_57_q0        |   in|   32|   ap_memory|  multi_radix_oct_loser_64_temp0_57|         array|
|multi_radix_oct_loser_64_temp0_58_address0  |  out|   18|   ap_memory|  multi_radix_oct_loser_64_temp0_58|         array|
|multi_radix_oct_loser_64_temp0_58_ce0       |  out|    1|   ap_memory|  multi_radix_oct_loser_64_temp0_58|         array|
|multi_radix_oct_loser_64_temp0_58_q0        |   in|   32|   ap_memory|  multi_radix_oct_loser_64_temp0_58|         array|
|multi_radix_oct_loser_64_temp0_59_address0  |  out|   18|   ap_memory|  multi_radix_oct_loser_64_temp0_59|         array|
|multi_radix_oct_loser_64_temp0_59_ce0       |  out|    1|   ap_memory|  multi_radix_oct_loser_64_temp0_59|         array|
|multi_radix_oct_loser_64_temp0_59_q0        |   in|   32|   ap_memory|  multi_radix_oct_loser_64_temp0_59|         array|
|multi_radix_oct_loser_64_temp0_6_address0   |  out|   18|   ap_memory|   multi_radix_oct_loser_64_temp0_6|         array|
|multi_radix_oct_loser_64_temp0_6_ce0        |  out|    1|   ap_memory|   multi_radix_oct_loser_64_temp0_6|         array|
|multi_radix_oct_loser_64_temp0_6_q0         |   in|   32|   ap_memory|   multi_radix_oct_loser_64_temp0_6|         array|
|multi_radix_oct_loser_64_temp0_60_address0  |  out|   18|   ap_memory|  multi_radix_oct_loser_64_temp0_60|         array|
|multi_radix_oct_loser_64_temp0_60_ce0       |  out|    1|   ap_memory|  multi_radix_oct_loser_64_temp0_60|         array|
|multi_radix_oct_loser_64_temp0_60_q0        |   in|   32|   ap_memory|  multi_radix_oct_loser_64_temp0_60|         array|
|multi_radix_oct_loser_64_temp0_61_address0  |  out|   18|   ap_memory|  multi_radix_oct_loser_64_temp0_61|         array|
|multi_radix_oct_loser_64_temp0_61_ce0       |  out|    1|   ap_memory|  multi_radix_oct_loser_64_temp0_61|         array|
|multi_radix_oct_loser_64_temp0_61_q0        |   in|   32|   ap_memory|  multi_radix_oct_loser_64_temp0_61|         array|
|multi_radix_oct_loser_64_temp0_62_address0  |  out|   18|   ap_memory|  multi_radix_oct_loser_64_temp0_62|         array|
|multi_radix_oct_loser_64_temp0_62_ce0       |  out|    1|   ap_memory|  multi_radix_oct_loser_64_temp0_62|         array|
|multi_radix_oct_loser_64_temp0_62_q0        |   in|   32|   ap_memory|  multi_radix_oct_loser_64_temp0_62|         array|
|multi_radix_oct_loser_64_temp0_63_address0  |  out|   18|   ap_memory|  multi_radix_oct_loser_64_temp0_63|         array|
|multi_radix_oct_loser_64_temp0_63_ce0       |  out|    1|   ap_memory|  multi_radix_oct_loser_64_temp0_63|         array|
|multi_radix_oct_loser_64_temp0_63_q0        |   in|   32|   ap_memory|  multi_radix_oct_loser_64_temp0_63|         array|
|multi_radix_oct_loser_64_temp0_7_address0   |  out|   18|   ap_memory|   multi_radix_oct_loser_64_temp0_7|         array|
|multi_radix_oct_loser_64_temp0_7_ce0        |  out|    1|   ap_memory|   multi_radix_oct_loser_64_temp0_7|         array|
|multi_radix_oct_loser_64_temp0_7_q0         |   in|   32|   ap_memory|   multi_radix_oct_loser_64_temp0_7|         array|
|multi_radix_oct_loser_64_temp0_8_address0   |  out|   18|   ap_memory|   multi_radix_oct_loser_64_temp0_8|         array|
|multi_radix_oct_loser_64_temp0_8_ce0        |  out|    1|   ap_memory|   multi_radix_oct_loser_64_temp0_8|         array|
|multi_radix_oct_loser_64_temp0_8_q0         |   in|   32|   ap_memory|   multi_radix_oct_loser_64_temp0_8|         array|
|multi_radix_oct_loser_64_temp0_9_address0   |  out|   18|   ap_memory|   multi_radix_oct_loser_64_temp0_9|         array|
|multi_radix_oct_loser_64_temp0_9_ce0        |  out|    1|   ap_memory|   multi_radix_oct_loser_64_temp0_9|         array|
|multi_radix_oct_loser_64_temp0_9_q0         |   in|   32|   ap_memory|   multi_radix_oct_loser_64_temp0_9|         array|
+--------------------------------------------+-----+-----+------------+-----------------------------------+--------------+

