

================================================================
== Vitis HLS Report for 'merge_sort_batch0_76'
================================================================
* Date:           Sun Apr 23 22:23:32 2023

* Version:        2022.2 (Build 3670227 on Oct 13 2022)
* Project:        sort_seperate_bucket
* Solution:       solution1 (Vivado IP Flow Target)
* Product family: virtexuplus
* Target device:  xcu280-fsvh2892-2L-e


================================================================
== Performance Estimates
================================================================
+ Timing: 
    * Summary: 
    +--------+----------+----------+------------+
    |  Clock |  Target  | Estimated| Uncertainty|
    +--------+----------+----------+------------+
    |ap_clk  |  10.00 ns|  3.355 ns|     2.70 ns|
    +--------+----------+----------+------------+

+ Latency: 
    * Summary: 
    +---------+---------+----------+----------+-------+-------+---------+
    |  Latency (cycles) |  Latency (absolute) |    Interval   | Pipeline|
    |   min   |   max   |    min   |    max   |  min  |  max  |   Type  |
    +---------+---------+----------+----------+-------+-------+---------+
    |    31252|    31252|  0.313 ms|  0.313 ms|  31252|  31252|       no|
    +---------+---------+----------+----------+-------+-------+---------+

    + Detail: 
        * Instance: 
        N/A

        * Loop: 
        +-------------------+---------+---------+----------+-----------+-----------+-------+----------+
        |                   |  Latency (cycles) | Iteration|  Initiation Interval  |  Trip |          |
        |     Loop Name     |   min   |   max   |  Latency |  achieved |   target  | Count | Pipelined|
        +-------------------+---------+---------+----------+-----------+-----------+-------+----------+
        |- VITIS_LOOP_62_1  |    31250|    31250|         2|          1|          1|  31250|       yes|
        +-------------------+---------+---------+----------+-----------+-----------+-------+----------+



================================================================
== Utilization Estimates
================================================================
* Summary: 
+---------------------+---------+------+---------+---------+-----+
|         Name        | BRAM_18K|  DSP |    FF   |   LUT   | URAM|
+---------------------+---------+------+---------+---------+-----+
|DSP                  |        -|     -|        -|        -|    -|
|Expression           |        -|     -|        0|      290|    -|
|FIFO                 |        -|     -|        -|        -|    -|
|Instance             |        -|     -|        -|        -|    -|
|Memory               |        -|     -|        -|        -|    -|
|Multiplexer          |        -|     -|        -|      140|    -|
|Register             |        -|     -|      163|        -|    -|
+---------------------+---------+------+---------+---------+-----+
|Total                |        0|     0|      163|      430|    0|
+---------------------+---------+------+---------+---------+-----+
|Available SLR        |     1344|  3008|   869120|   434560|  320|
+---------------------+---------+------+---------+---------+-----+
|Utilization SLR (%)  |        0|     0|       ~0|       ~0|    0|
+---------------------+---------+------+---------+---------+-----+
|Available            |     4032|  9024|  2607360|  1303680|  960|
+---------------------+---------+------+---------+---------+-----+
|Utilization (%)      |        0|     0|       ~0|       ~0|    0|
+---------------------+---------+------+---------+---------+-----+

+ Detail: 
    * Instance: 
    N/A

    * DSP: 
    N/A

    * Memory: 
    N/A

    * FIFO: 
    N/A

    * Expression: 
    +---------------------------+----------+----+---+----+------------+------------+
    |       Variable Name       | Operation| DSP| FF| LUT| Bitwidth P0| Bitwidth P1|
    +---------------------------+----------+----+---+----+------------+------------+
    |add_ln62_fu_132_p2         |         +|   0|  0|  22|          15|           1|
    |j_215_fu_241_p2            |         +|   0|  0|  39|          32|           1|
    |j_216_fu_178_p2            |         +|   0|  0|  39|          32|           1|
    |k_213_fu_231_p2            |         +|   0|  0|  39|          32|           1|
    |k_214_fu_194_p2            |         +|   0|  0|  39|          32|           1|
    |and_ln64_fu_155_p2         |       and|   0|  0|   2|           1|           1|
    |and_ln75_fu_167_p2         |       and|   0|  0|   2|           1|           1|
    |ap_condition_113           |       and|   0|  0|   2|           1|           1|
    |ap_condition_128           |       and|   0|  0|   2|           1|           1|
    |ap_condition_278           |       and|   0|  0|   2|           1|           1|
    |ap_condition_282           |       and|   0|  0|   2|           1|           1|
    |ap_condition_288           |       and|   0|  0|   2|           1|           1|
    |ap_condition_292           |       and|   0|  0|   2|           1|           1|
    |icmp_ln62_fu_126_p2        |      icmp|   0|  0|  12|          15|          12|
    |icmp_ln64_19_fu_149_p2     |      icmp|   0|  0|  20|          32|          14|
    |icmp_ln64_fu_143_p2        |      icmp|   0|  0|  20|          32|          14|
    |icmp_ln65_fu_225_p2        |      icmp|   0|  0|  20|          32|          32|
    |icmp_ln75_fu_161_p2        |      icmp|   0|  0|  20|          32|          14|
    |ap_block_pp0_stage0_11001  |        or|   0|  0|   2|           1|           1|
    |ap_enable_pp0              |       xor|   0|  0|   2|           1|           2|
    +---------------------------+----------+----+---+----+------------+------------+
    |Total                      |          |   0|  0| 290|         296|         102|
    +---------------------------+----------+----+---+----+------------+------------+

    * Multiplexer: 
    +------------------------------------------+----+-----------+-----+-----------+
    |                   Name                   | LUT| Input Size| Bits| Total Bits|
    +------------------------------------------+----+-----------+-----+-----------+
    |ap_done_int                               |   9|          2|    1|          2|
    |ap_enable_reg_pp0_iter1                   |   9|          2|    1|          2|
    |ap_sig_allocacmp_i_178                    |   9|          2|   15|         30|
    |ap_sig_allocacmp_j_214                    |  14|          3|   32|         96|
    |ap_sig_allocacmp_k_212                    |  14|          3|   32|         96|
    |i_fu_34                                   |   9|          2|   15|         30|
    |j_fu_42                                   |  20|          4|   32|        128|
    |k_fu_38                                   |  14|          3|   32|         96|
    |multi_radix_hex_kmerge_temp0_24_address0  |  14|          3|   14|         42|
    |multi_radix_hex_kmerge_temp0_25_address0  |  14|          3|   14|         42|
    |multi_radix_hex_kmerge_temp1_12_d0        |  14|          3|   32|         96|
    +------------------------------------------+----+-----------+-----+-----------+
    |Total                                     | 140|         30|  220|        660|
    +------------------------------------------+----+-----------+-----+-----------+

    * Register: 
    +----------------------------------------------+----+----+-----+-----------+
    |                     Name                     | FF | LUT| Bits| Const Bits|
    +----------------------------------------------+----+----+-----+-----------+
    |and_ln64_reg_288                              |   1|   0|    1|          0|
    |and_ln75_reg_297                              |   1|   0|    1|          0|
    |ap_CS_fsm                                     |   1|   0|    1|          0|
    |ap_done_reg                                   |   1|   0|    1|          0|
    |ap_enable_reg_pp0_iter1                       |   1|   0|    1|          0|
    |i_fu_34                                       |  15|   0|   15|          0|
    |j_214_reg_280                                 |  32|   0|   32|          0|
    |j_fu_42                                       |  32|   0|   32|          0|
    |k_212_reg_275                                 |  32|   0|   32|          0|
    |k_fu_38                                       |  32|   0|   32|          0|
    |multi_radix_hex_kmerge_temp1_12_addr_reg_292  |  15|   0|   15|          0|
    +----------------------------------------------+----+----+-----+-----------+
    |Total                                         | 163|   0|  163|          0|
    +----------------------------------------------+----+----+-----+-----------+



================================================================
== Interface
================================================================
* Summary: 
+------------------------------------------+-----+-----+------------+---------------------------------+--------------+
|                 RTL Ports                | Dir | Bits|  Protocol  |          Source Object          |    C Type    |
+------------------------------------------+-----+-----+------------+---------------------------------+--------------+
|ap_clk                                    |   in|    1|  ap_ctrl_hs|             merge_sort_batch0.76|  return value|
|ap_rst                                    |   in|    1|  ap_ctrl_hs|             merge_sort_batch0.76|  return value|
|ap_start                                  |   in|    1|  ap_ctrl_hs|             merge_sort_batch0.76|  return value|
|ap_done                                   |  out|    1|  ap_ctrl_hs|             merge_sort_batch0.76|  return value|
|ap_continue                               |   in|    1|  ap_ctrl_hs|             merge_sort_batch0.76|  return value|
|ap_idle                                   |  out|    1|  ap_ctrl_hs|             merge_sort_batch0.76|  return value|
|ap_ready                                  |  out|    1|  ap_ctrl_hs|             merge_sort_batch0.76|  return value|
|multi_radix_hex_kmerge_temp0_24_address0  |  out|   14|   ap_memory|  multi_radix_hex_kmerge_temp0_24|         array|
|multi_radix_hex_kmerge_temp0_24_ce0       |  out|    1|   ap_memory|  multi_radix_hex_kmerge_temp0_24|         array|
|multi_radix_hex_kmerge_temp0_24_q0        |   in|   32|   ap_memory|  multi_radix_hex_kmerge_temp0_24|         array|
|multi_radix_hex_kmerge_temp0_25_address0  |  out|   14|   ap_memory|  multi_radix_hex_kmerge_temp0_25|         array|
|multi_radix_hex_kmerge_temp0_25_ce0       |  out|    1|   ap_memory|  multi_radix_hex_kmerge_temp0_25|         array|
|multi_radix_hex_kmerge_temp0_25_q0        |   in|   32|   ap_memory|  multi_radix_hex_kmerge_temp0_25|         array|
|multi_radix_hex_kmerge_temp1_12_address0  |  out|   15|   ap_memory|  multi_radix_hex_kmerge_temp1_12|         array|
|multi_radix_hex_kmerge_temp1_12_ce0       |  out|    1|   ap_memory|  multi_radix_hex_kmerge_temp1_12|         array|
|multi_radix_hex_kmerge_temp1_12_we0       |  out|    1|   ap_memory|  multi_radix_hex_kmerge_temp1_12|         array|
|multi_radix_hex_kmerge_temp1_12_d0        |  out|   32|   ap_memory|  multi_radix_hex_kmerge_temp1_12|         array|
+------------------------------------------+-----+-----+------------+---------------------------------+--------------+

