

================================================================
== Vitis HLS Report for 'merge_sort_iterative_Pipeline_VITIS_LOOP_106_3'
================================================================
* Date:           Wed Apr 19 12:07:12 2023

* Version:        2022.2 (Build 3670227 on Oct 13 2022)
* Project:        sort_seperate_bucket
* Solution:       solution1 (Vivado IP Flow Target)
* Product family: virtexuplus
* Target device:  xcu280-fsvh2892-2L-e


================================================================
== Performance Estimates
================================================================
+ Timing: 
    * Summary: 
    +--------+----------+----------+------------+
    |  Clock |  Target  | Estimated| Uncertainty|
    +--------+----------+----------+------------+
    |ap_clk  |  10.00 ns|  2.496 ns|     2.70 ns|
    +--------+----------+----------+------------+

+ Latency: 
    * Summary: 
    +---------+---------+-----------+-----------+---------+---------+---------+
    |  Latency (cycles) |   Latency (absolute)  |      Interval     | Pipeline|
    |   min   |   max   |    min    |    max    |   min   |   max   |   Type  |
    +---------+---------+-----------+-----------+---------+---------+---------+
    |  1000002|  1000002|  10.000 ms|  10.000 ms|  1000002|  1000002|       no|
    +---------+---------+-----------+-----------+---------+---------+---------+

    + Detail: 
        * Instance: 
        N/A

        * Loop: 
        +--------------------+---------+---------+----------+-----------+-----------+---------+----------+
        |                    |  Latency (cycles) | Iteration|  Initiation Interval  |   Trip  |          |
        |      Loop Name     |   min   |   max   |  Latency |  achieved |   target  |  Count  | Pipelined|
        +--------------------+---------+---------+----------+-----------+-----------+---------+----------+
        |- VITIS_LOOP_106_3  |  1000000|  1000000|         2|          1|          1|  1000000|       yes|
        +--------------------+---------+---------+----------+-----------+-----------+---------+----------+



================================================================
== Utilization Estimates
================================================================
* Summary: 
+---------------------+---------+------+---------+---------+-----+
|         Name        | BRAM_18K|  DSP |    FF   |   LUT   | URAM|
+---------------------+---------+------+---------+---------+-----+
|DSP                  |        -|     -|        -|        -|    -|
|Expression           |        -|     -|        0|      152|    -|
|FIFO                 |        -|     -|        -|        -|    -|
|Instance             |        -|     -|        -|        -|    -|
|Memory               |        -|     -|        -|        -|    -|
|Multiplexer          |        -|     -|        -|       54|    -|
|Register             |        -|     -|       92|        -|    -|
+---------------------+---------+------+---------+---------+-----+
|Total                |        0|     0|       92|      206|    0|
+---------------------+---------+------+---------+---------+-----+
|Available SLR        |     1344|  3008|   869120|   434560|  320|
+---------------------+---------+------+---------+---------+-----+
|Utilization SLR (%)  |        0|     0|       ~0|       ~0|    0|
+---------------------+---------+------+---------+---------+-----+
|Available            |     4032|  9024|  2607360|  1303680|  960|
+---------------------+---------+------+---------+---------+-----+
|Utilization (%)      |        0|     0|       ~0|       ~0|    0|
+---------------------+---------+------+---------+---------+-----+

+ Detail: 
    * Instance: 
    N/A

    * DSP: 
    N/A

    * Memory: 
    N/A

    * FIFO: 
    N/A

    * Expression: 
    +-------------------------+----------+----+---+----+------------+------------+
    |      Variable Name      | Operation| DSP| FF| LUT| Bitwidth P0| Bitwidth P1|
    +-------------------------+----------+----+---+----+------------+------------+
    |add_ln106_1_fu_2043_p2   |         +|   0|  0|  27|          20|           1|
    |add_ln106_fu_1893_p2     |         +|   0|  0|  27|          20|           1|
    |add_ln107_fu_1907_p2     |         +|   0|  0|  48|          41|          21|
    |icmp_ln106_1_fu_2049_p2  |      icmp|   0|  0|  14|          20|          14|
    |icmp_ln106_fu_1887_p2    |      icmp|   0|  0|  14|          20|          17|
    |select_ln106_fu_2055_p3  |    select|   0|  0|  20|           1|          20|
    |ap_enable_pp0            |       xor|   0|  0|   2|           1|           2|
    +-------------------------+----------+----+---+----+------------+------------+
    |Total                    |          |   0|  0| 152|         123|          76|
    +-------------------------+----------+----+---+----+------------+------------+

    * Multiplexer: 
    +-------------------------+----+-----------+-----+-----------+
    |           Name          | LUT| Input Size| Bits| Total Bits|
    +-------------------------+----+-----------+-----+-----------+
    |ap_done_int              |   9|          2|    1|          2|
    |ap_enable_reg_pp0_iter1  |   9|          2|    1|          2|
    |ap_enable_reg_pp0_iter2  |   9|          2|    1|          2|
    |i_3_fu_452               |   9|          2|   20|         40|
    |phi_mul_fu_448           |   9|          2|   41|         82|
    |phi_urem_fu_444          |   9|          2|   20|         40|
    +-------------------------+----+-----------+-----+-----------+
    |Total                    |  54|         12|   84|        168|
    +-------------------------+----+-----------+-----+-----------+

    * Register: 
    +-------------------------+----+----+-----+-----------+
    |           Name          | FF | LUT| Bits| Const Bits|
    +-------------------------+----+----+-----+-----------+
    |ap_CS_fsm                |   1|   0|    1|          0|
    |ap_done_reg              |   1|   0|    1|          0|
    |ap_enable_reg_pp0_iter1  |   1|   0|    1|          0|
    |ap_enable_reg_pp0_iter2  |   1|   0|    1|          0|
    |i_3_fu_452               |  20|   0|   20|          0|
    |phi_mul_fu_448           |  41|   0|   41|          0|
    |phi_urem_fu_444          |  20|   0|   20|          0|
    |trunc_ln4_reg_2098       |   7|   0|    7|          0|
    +-------------------------+----+----+-----+-----------+
    |Total                    |  92|   0|   92|          0|
    +-------------------------+----+----+-----+-----------+



================================================================
== Interface
================================================================
* Summary: 
+-------------------+-----+-----+------------+------------------------------------------------+--------------+
|     RTL Ports     | Dir | Bits|  Protocol  |                  Source Object                 |    C Type    |
+-------------------+-----+-----+------------+------------------------------------------------+--------------+
|ap_clk             |   in|    1|  ap_ctrl_hs|  merge_sort_iterative_Pipeline_VITIS_LOOP_106_3|  return value|
|ap_rst             |   in|    1|  ap_ctrl_hs|  merge_sort_iterative_Pipeline_VITIS_LOOP_106_3|  return value|
|ap_start           |   in|    1|  ap_ctrl_hs|  merge_sort_iterative_Pipeline_VITIS_LOOP_106_3|  return value|
|ap_done            |  out|    1|  ap_ctrl_hs|  merge_sort_iterative_Pipeline_VITIS_LOOP_106_3|  return value|
|ap_idle            |  out|    1|  ap_ctrl_hs|  merge_sort_iterative_Pipeline_VITIS_LOOP_106_3|  return value|
|ap_ready           |  out|    1|  ap_ctrl_hs|  merge_sort_iterative_Pipeline_VITIS_LOOP_106_3|  return value|
|input_0_address0   |  out|   14|   ap_memory|                                         input_0|         array|
|input_0_ce0        |  out|    1|   ap_memory|                                         input_0|         array|
|input_0_we0        |  out|    1|   ap_memory|                                         input_0|         array|
|input_0_d0         |  out|   32|   ap_memory|                                         input_0|         array|
|temp_address0      |  out|   20|   ap_memory|                                            temp|         array|
|temp_ce0           |  out|    1|   ap_memory|                                            temp|         array|
|temp_q0            |   in|   32|   ap_memory|                                            temp|         array|
|input_1_address0   |  out|   14|   ap_memory|                                         input_1|         array|
|input_1_ce0        |  out|    1|   ap_memory|                                         input_1|         array|
|input_1_we0        |  out|    1|   ap_memory|                                         input_1|         array|
|input_1_d0         |  out|   32|   ap_memory|                                         input_1|         array|
|input_2_address0   |  out|   14|   ap_memory|                                         input_2|         array|
|input_2_ce0        |  out|    1|   ap_memory|                                         input_2|         array|
|input_2_we0        |  out|    1|   ap_memory|                                         input_2|         array|
|input_2_d0         |  out|   32|   ap_memory|                                         input_2|         array|
|input_3_address0   |  out|   14|   ap_memory|                                         input_3|         array|
|input_3_ce0        |  out|    1|   ap_memory|                                         input_3|         array|
|input_3_we0        |  out|    1|   ap_memory|                                         input_3|         array|
|input_3_d0         |  out|   32|   ap_memory|                                         input_3|         array|
|input_4_address0   |  out|   14|   ap_memory|                                         input_4|         array|
|input_4_ce0        |  out|    1|   ap_memory|                                         input_4|         array|
|input_4_we0        |  out|    1|   ap_memory|                                         input_4|         array|
|input_4_d0         |  out|   32|   ap_memory|                                         input_4|         array|
|input_5_address0   |  out|   14|   ap_memory|                                         input_5|         array|
|input_5_ce0        |  out|    1|   ap_memory|                                         input_5|         array|
|input_5_we0        |  out|    1|   ap_memory|                                         input_5|         array|
|input_5_d0         |  out|   32|   ap_memory|                                         input_5|         array|
|input_6_address0   |  out|   14|   ap_memory|                                         input_6|         array|
|input_6_ce0        |  out|    1|   ap_memory|                                         input_6|         array|
|input_6_we0        |  out|    1|   ap_memory|                                         input_6|         array|
|input_6_d0         |  out|   32|   ap_memory|                                         input_6|         array|
|input_7_address0   |  out|   14|   ap_memory|                                         input_7|         array|
|input_7_ce0        |  out|    1|   ap_memory|                                         input_7|         array|
|input_7_we0        |  out|    1|   ap_memory|                                         input_7|         array|
|input_7_d0         |  out|   32|   ap_memory|                                         input_7|         array|
|input_8_address0   |  out|   14|   ap_memory|                                         input_8|         array|
|input_8_ce0        |  out|    1|   ap_memory|                                         input_8|         array|
|input_8_we0        |  out|    1|   ap_memory|                                         input_8|         array|
|input_8_d0         |  out|   32|   ap_memory|                                         input_8|         array|
|input_9_address0   |  out|   14|   ap_memory|                                         input_9|         array|
|input_9_ce0        |  out|    1|   ap_memory|                                         input_9|         array|
|input_9_we0        |  out|    1|   ap_memory|                                         input_9|         array|
|input_9_d0         |  out|   32|   ap_memory|                                         input_9|         array|
|input_10_address0  |  out|   14|   ap_memory|                                        input_10|         array|
|input_10_ce0       |  out|    1|   ap_memory|                                        input_10|         array|
|input_10_we0       |  out|    1|   ap_memory|                                        input_10|         array|
|input_10_d0        |  out|   32|   ap_memory|                                        input_10|         array|
|input_11_address0  |  out|   14|   ap_memory|                                        input_11|         array|
|input_11_ce0       |  out|    1|   ap_memory|                                        input_11|         array|
|input_11_we0       |  out|    1|   ap_memory|                                        input_11|         array|
|input_11_d0        |  out|   32|   ap_memory|                                        input_11|         array|
|input_12_address0  |  out|   14|   ap_memory|                                        input_12|         array|
|input_12_ce0       |  out|    1|   ap_memory|                                        input_12|         array|
|input_12_we0       |  out|    1|   ap_memory|                                        input_12|         array|
|input_12_d0        |  out|   32|   ap_memory|                                        input_12|         array|
|input_13_address0  |  out|   14|   ap_memory|                                        input_13|         array|
|input_13_ce0       |  out|    1|   ap_memory|                                        input_13|         array|
|input_13_we0       |  out|    1|   ap_memory|                                        input_13|         array|
|input_13_d0        |  out|   32|   ap_memory|                                        input_13|         array|
|input_14_address0  |  out|   14|   ap_memory|                                        input_14|         array|
|input_14_ce0       |  out|    1|   ap_memory|                                        input_14|         array|
|input_14_we0       |  out|    1|   ap_memory|                                        input_14|         array|
|input_14_d0        |  out|   32|   ap_memory|                                        input_14|         array|
|input_15_address0  |  out|   14|   ap_memory|                                        input_15|         array|
|input_15_ce0       |  out|    1|   ap_memory|                                        input_15|         array|
|input_15_we0       |  out|    1|   ap_memory|                                        input_15|         array|
|input_15_d0        |  out|   32|   ap_memory|                                        input_15|         array|
|input_16_address0  |  out|   14|   ap_memory|                                        input_16|         array|
|input_16_ce0       |  out|    1|   ap_memory|                                        input_16|         array|
|input_16_we0       |  out|    1|   ap_memory|                                        input_16|         array|
|input_16_d0        |  out|   32|   ap_memory|                                        input_16|         array|
|input_17_address0  |  out|   14|   ap_memory|                                        input_17|         array|
|input_17_ce0       |  out|    1|   ap_memory|                                        input_17|         array|
|input_17_we0       |  out|    1|   ap_memory|                                        input_17|         array|
|input_17_d0        |  out|   32|   ap_memory|                                        input_17|         array|
|input_18_address0  |  out|   14|   ap_memory|                                        input_18|         array|
|input_18_ce0       |  out|    1|   ap_memory|                                        input_18|         array|
|input_18_we0       |  out|    1|   ap_memory|                                        input_18|         array|
|input_18_d0        |  out|   32|   ap_memory|                                        input_18|         array|
|input_19_address0  |  out|   14|   ap_memory|                                        input_19|         array|
|input_19_ce0       |  out|    1|   ap_memory|                                        input_19|         array|
|input_19_we0       |  out|    1|   ap_memory|                                        input_19|         array|
|input_19_d0        |  out|   32|   ap_memory|                                        input_19|         array|
|input_20_address0  |  out|   14|   ap_memory|                                        input_20|         array|
|input_20_ce0       |  out|    1|   ap_memory|                                        input_20|         array|
|input_20_we0       |  out|    1|   ap_memory|                                        input_20|         array|
|input_20_d0        |  out|   32|   ap_memory|                                        input_20|         array|
|input_21_address0  |  out|   14|   ap_memory|                                        input_21|         array|
|input_21_ce0       |  out|    1|   ap_memory|                                        input_21|         array|
|input_21_we0       |  out|    1|   ap_memory|                                        input_21|         array|
|input_21_d0        |  out|   32|   ap_memory|                                        input_21|         array|
|input_22_address0  |  out|   14|   ap_memory|                                        input_22|         array|
|input_22_ce0       |  out|    1|   ap_memory|                                        input_22|         array|
|input_22_we0       |  out|    1|   ap_memory|                                        input_22|         array|
|input_22_d0        |  out|   32|   ap_memory|                                        input_22|         array|
|input_23_address0  |  out|   14|   ap_memory|                                        input_23|         array|
|input_23_ce0       |  out|    1|   ap_memory|                                        input_23|         array|
|input_23_we0       |  out|    1|   ap_memory|                                        input_23|         array|
|input_23_d0        |  out|   32|   ap_memory|                                        input_23|         array|
|input_24_address0  |  out|   14|   ap_memory|                                        input_24|         array|
|input_24_ce0       |  out|    1|   ap_memory|                                        input_24|         array|
|input_24_we0       |  out|    1|   ap_memory|                                        input_24|         array|
|input_24_d0        |  out|   32|   ap_memory|                                        input_24|         array|
|input_25_address0  |  out|   14|   ap_memory|                                        input_25|         array|
|input_25_ce0       |  out|    1|   ap_memory|                                        input_25|         array|
|input_25_we0       |  out|    1|   ap_memory|                                        input_25|         array|
|input_25_d0        |  out|   32|   ap_memory|                                        input_25|         array|
|input_26_address0  |  out|   14|   ap_memory|                                        input_26|         array|
|input_26_ce0       |  out|    1|   ap_memory|                                        input_26|         array|
|input_26_we0       |  out|    1|   ap_memory|                                        input_26|         array|
|input_26_d0        |  out|   32|   ap_memory|                                        input_26|         array|
|input_27_address0  |  out|   14|   ap_memory|                                        input_27|         array|
|input_27_ce0       |  out|    1|   ap_memory|                                        input_27|         array|
|input_27_we0       |  out|    1|   ap_memory|                                        input_27|         array|
|input_27_d0        |  out|   32|   ap_memory|                                        input_27|         array|
|input_28_address0  |  out|   14|   ap_memory|                                        input_28|         array|
|input_28_ce0       |  out|    1|   ap_memory|                                        input_28|         array|
|input_28_we0       |  out|    1|   ap_memory|                                        input_28|         array|
|input_28_d0        |  out|   32|   ap_memory|                                        input_28|         array|
|input_29_address0  |  out|   14|   ap_memory|                                        input_29|         array|
|input_29_ce0       |  out|    1|   ap_memory|                                        input_29|         array|
|input_29_we0       |  out|    1|   ap_memory|                                        input_29|         array|
|input_29_d0        |  out|   32|   ap_memory|                                        input_29|         array|
|input_30_address0  |  out|   14|   ap_memory|                                        input_30|         array|
|input_30_ce0       |  out|    1|   ap_memory|                                        input_30|         array|
|input_30_we0       |  out|    1|   ap_memory|                                        input_30|         array|
|input_30_d0        |  out|   32|   ap_memory|                                        input_30|         array|
|input_31_address0  |  out|   14|   ap_memory|                                        input_31|         array|
|input_31_ce0       |  out|    1|   ap_memory|                                        input_31|         array|
|input_31_we0       |  out|    1|   ap_memory|                                        input_31|         array|
|input_31_d0        |  out|   32|   ap_memory|                                        input_31|         array|
|input_32_address0  |  out|   14|   ap_memory|                                        input_32|         array|
|input_32_ce0       |  out|    1|   ap_memory|                                        input_32|         array|
|input_32_we0       |  out|    1|   ap_memory|                                        input_32|         array|
|input_32_d0        |  out|   32|   ap_memory|                                        input_32|         array|
|input_33_address0  |  out|   14|   ap_memory|                                        input_33|         array|
|input_33_ce0       |  out|    1|   ap_memory|                                        input_33|         array|
|input_33_we0       |  out|    1|   ap_memory|                                        input_33|         array|
|input_33_d0        |  out|   32|   ap_memory|                                        input_33|         array|
|input_34_address0  |  out|   14|   ap_memory|                                        input_34|         array|
|input_34_ce0       |  out|    1|   ap_memory|                                        input_34|         array|
|input_34_we0       |  out|    1|   ap_memory|                                        input_34|         array|
|input_34_d0        |  out|   32|   ap_memory|                                        input_34|         array|
|input_35_address0  |  out|   14|   ap_memory|                                        input_35|         array|
|input_35_ce0       |  out|    1|   ap_memory|                                        input_35|         array|
|input_35_we0       |  out|    1|   ap_memory|                                        input_35|         array|
|input_35_d0        |  out|   32|   ap_memory|                                        input_35|         array|
|input_36_address0  |  out|   14|   ap_memory|                                        input_36|         array|
|input_36_ce0       |  out|    1|   ap_memory|                                        input_36|         array|
|input_36_we0       |  out|    1|   ap_memory|                                        input_36|         array|
|input_36_d0        |  out|   32|   ap_memory|                                        input_36|         array|
|input_37_address0  |  out|   14|   ap_memory|                                        input_37|         array|
|input_37_ce0       |  out|    1|   ap_memory|                                        input_37|         array|
|input_37_we0       |  out|    1|   ap_memory|                                        input_37|         array|
|input_37_d0        |  out|   32|   ap_memory|                                        input_37|         array|
|input_38_address0  |  out|   14|   ap_memory|                                        input_38|         array|
|input_38_ce0       |  out|    1|   ap_memory|                                        input_38|         array|
|input_38_we0       |  out|    1|   ap_memory|                                        input_38|         array|
|input_38_d0        |  out|   32|   ap_memory|                                        input_38|         array|
|input_39_address0  |  out|   14|   ap_memory|                                        input_39|         array|
|input_39_ce0       |  out|    1|   ap_memory|                                        input_39|         array|
|input_39_we0       |  out|    1|   ap_memory|                                        input_39|         array|
|input_39_d0        |  out|   32|   ap_memory|                                        input_39|         array|
|input_40_address0  |  out|   14|   ap_memory|                                        input_40|         array|
|input_40_ce0       |  out|    1|   ap_memory|                                        input_40|         array|
|input_40_we0       |  out|    1|   ap_memory|                                        input_40|         array|
|input_40_d0        |  out|   32|   ap_memory|                                        input_40|         array|
|input_41_address0  |  out|   14|   ap_memory|                                        input_41|         array|
|input_41_ce0       |  out|    1|   ap_memory|                                        input_41|         array|
|input_41_we0       |  out|    1|   ap_memory|                                        input_41|         array|
|input_41_d0        |  out|   32|   ap_memory|                                        input_41|         array|
|input_42_address0  |  out|   14|   ap_memory|                                        input_42|         array|
|input_42_ce0       |  out|    1|   ap_memory|                                        input_42|         array|
|input_42_we0       |  out|    1|   ap_memory|                                        input_42|         array|
|input_42_d0        |  out|   32|   ap_memory|                                        input_42|         array|
|input_43_address0  |  out|   14|   ap_memory|                                        input_43|         array|
|input_43_ce0       |  out|    1|   ap_memory|                                        input_43|         array|
|input_43_we0       |  out|    1|   ap_memory|                                        input_43|         array|
|input_43_d0        |  out|   32|   ap_memory|                                        input_43|         array|
|input_44_address0  |  out|   14|   ap_memory|                                        input_44|         array|
|input_44_ce0       |  out|    1|   ap_memory|                                        input_44|         array|
|input_44_we0       |  out|    1|   ap_memory|                                        input_44|         array|
|input_44_d0        |  out|   32|   ap_memory|                                        input_44|         array|
|input_45_address0  |  out|   14|   ap_memory|                                        input_45|         array|
|input_45_ce0       |  out|    1|   ap_memory|                                        input_45|         array|
|input_45_we0       |  out|    1|   ap_memory|                                        input_45|         array|
|input_45_d0        |  out|   32|   ap_memory|                                        input_45|         array|
|input_46_address0  |  out|   14|   ap_memory|                                        input_46|         array|
|input_46_ce0       |  out|    1|   ap_memory|                                        input_46|         array|
|input_46_we0       |  out|    1|   ap_memory|                                        input_46|         array|
|input_46_d0        |  out|   32|   ap_memory|                                        input_46|         array|
|input_47_address0  |  out|   14|   ap_memory|                                        input_47|         array|
|input_47_ce0       |  out|    1|   ap_memory|                                        input_47|         array|
|input_47_we0       |  out|    1|   ap_memory|                                        input_47|         array|
|input_47_d0        |  out|   32|   ap_memory|                                        input_47|         array|
|input_48_address0  |  out|   14|   ap_memory|                                        input_48|         array|
|input_48_ce0       |  out|    1|   ap_memory|                                        input_48|         array|
|input_48_we0       |  out|    1|   ap_memory|                                        input_48|         array|
|input_48_d0        |  out|   32|   ap_memory|                                        input_48|         array|
|input_49_address0  |  out|   14|   ap_memory|                                        input_49|         array|
|input_49_ce0       |  out|    1|   ap_memory|                                        input_49|         array|
|input_49_we0       |  out|    1|   ap_memory|                                        input_49|         array|
|input_49_d0        |  out|   32|   ap_memory|                                        input_49|         array|
|input_50_address0  |  out|   14|   ap_memory|                                        input_50|         array|
|input_50_ce0       |  out|    1|   ap_memory|                                        input_50|         array|
|input_50_we0       |  out|    1|   ap_memory|                                        input_50|         array|
|input_50_d0        |  out|   32|   ap_memory|                                        input_50|         array|
|input_51_address0  |  out|   14|   ap_memory|                                        input_51|         array|
|input_51_ce0       |  out|    1|   ap_memory|                                        input_51|         array|
|input_51_we0       |  out|    1|   ap_memory|                                        input_51|         array|
|input_51_d0        |  out|   32|   ap_memory|                                        input_51|         array|
|input_52_address0  |  out|   14|   ap_memory|                                        input_52|         array|
|input_52_ce0       |  out|    1|   ap_memory|                                        input_52|         array|
|input_52_we0       |  out|    1|   ap_memory|                                        input_52|         array|
|input_52_d0        |  out|   32|   ap_memory|                                        input_52|         array|
|input_53_address0  |  out|   14|   ap_memory|                                        input_53|         array|
|input_53_ce0       |  out|    1|   ap_memory|                                        input_53|         array|
|input_53_we0       |  out|    1|   ap_memory|                                        input_53|         array|
|input_53_d0        |  out|   32|   ap_memory|                                        input_53|         array|
|input_54_address0  |  out|   14|   ap_memory|                                        input_54|         array|
|input_54_ce0       |  out|    1|   ap_memory|                                        input_54|         array|
|input_54_we0       |  out|    1|   ap_memory|                                        input_54|         array|
|input_54_d0        |  out|   32|   ap_memory|                                        input_54|         array|
|input_55_address0  |  out|   14|   ap_memory|                                        input_55|         array|
|input_55_ce0       |  out|    1|   ap_memory|                                        input_55|         array|
|input_55_we0       |  out|    1|   ap_memory|                                        input_55|         array|
|input_55_d0        |  out|   32|   ap_memory|                                        input_55|         array|
|input_56_address0  |  out|   14|   ap_memory|                                        input_56|         array|
|input_56_ce0       |  out|    1|   ap_memory|                                        input_56|         array|
|input_56_we0       |  out|    1|   ap_memory|                                        input_56|         array|
|input_56_d0        |  out|   32|   ap_memory|                                        input_56|         array|
|input_57_address0  |  out|   14|   ap_memory|                                        input_57|         array|
|input_57_ce0       |  out|    1|   ap_memory|                                        input_57|         array|
|input_57_we0       |  out|    1|   ap_memory|                                        input_57|         array|
|input_57_d0        |  out|   32|   ap_memory|                                        input_57|         array|
|input_58_address0  |  out|   14|   ap_memory|                                        input_58|         array|
|input_58_ce0       |  out|    1|   ap_memory|                                        input_58|         array|
|input_58_we0       |  out|    1|   ap_memory|                                        input_58|         array|
|input_58_d0        |  out|   32|   ap_memory|                                        input_58|         array|
|input_59_address0  |  out|   14|   ap_memory|                                        input_59|         array|
|input_59_ce0       |  out|    1|   ap_memory|                                        input_59|         array|
|input_59_we0       |  out|    1|   ap_memory|                                        input_59|         array|
|input_59_d0        |  out|   32|   ap_memory|                                        input_59|         array|
|input_60_address0  |  out|   14|   ap_memory|                                        input_60|         array|
|input_60_ce0       |  out|    1|   ap_memory|                                        input_60|         array|
|input_60_we0       |  out|    1|   ap_memory|                                        input_60|         array|
|input_60_d0        |  out|   32|   ap_memory|                                        input_60|         array|
|input_61_address0  |  out|   14|   ap_memory|                                        input_61|         array|
|input_61_ce0       |  out|    1|   ap_memory|                                        input_61|         array|
|input_61_we0       |  out|    1|   ap_memory|                                        input_61|         array|
|input_61_d0        |  out|   32|   ap_memory|                                        input_61|         array|
|input_62_address0  |  out|   14|   ap_memory|                                        input_62|         array|
|input_62_ce0       |  out|    1|   ap_memory|                                        input_62|         array|
|input_62_we0       |  out|    1|   ap_memory|                                        input_62|         array|
|input_62_d0        |  out|   32|   ap_memory|                                        input_62|         array|
|input_63_address0  |  out|   14|   ap_memory|                                        input_63|         array|
|input_63_ce0       |  out|    1|   ap_memory|                                        input_63|         array|
|input_63_we0       |  out|    1|   ap_memory|                                        input_63|         array|
|input_63_d0        |  out|   32|   ap_memory|                                        input_63|         array|
|input_64_address0  |  out|   14|   ap_memory|                                        input_64|         array|
|input_64_ce0       |  out|    1|   ap_memory|                                        input_64|         array|
|input_64_we0       |  out|    1|   ap_memory|                                        input_64|         array|
|input_64_d0        |  out|   32|   ap_memory|                                        input_64|         array|
|input_65_address0  |  out|   14|   ap_memory|                                        input_65|         array|
|input_65_ce0       |  out|    1|   ap_memory|                                        input_65|         array|
|input_65_we0       |  out|    1|   ap_memory|                                        input_65|         array|
|input_65_d0        |  out|   32|   ap_memory|                                        input_65|         array|
|input_66_address0  |  out|   14|   ap_memory|                                        input_66|         array|
|input_66_ce0       |  out|    1|   ap_memory|                                        input_66|         array|
|input_66_we0       |  out|    1|   ap_memory|                                        input_66|         array|
|input_66_d0        |  out|   32|   ap_memory|                                        input_66|         array|
|input_67_address0  |  out|   14|   ap_memory|                                        input_67|         array|
|input_67_ce0       |  out|    1|   ap_memory|                                        input_67|         array|
|input_67_we0       |  out|    1|   ap_memory|                                        input_67|         array|
|input_67_d0        |  out|   32|   ap_memory|                                        input_67|         array|
|input_68_address0  |  out|   14|   ap_memory|                                        input_68|         array|
|input_68_ce0       |  out|    1|   ap_memory|                                        input_68|         array|
|input_68_we0       |  out|    1|   ap_memory|                                        input_68|         array|
|input_68_d0        |  out|   32|   ap_memory|                                        input_68|         array|
|input_69_address0  |  out|   14|   ap_memory|                                        input_69|         array|
|input_69_ce0       |  out|    1|   ap_memory|                                        input_69|         array|
|input_69_we0       |  out|    1|   ap_memory|                                        input_69|         array|
|input_69_d0        |  out|   32|   ap_memory|                                        input_69|         array|
|input_70_address0  |  out|   14|   ap_memory|                                        input_70|         array|
|input_70_ce0       |  out|    1|   ap_memory|                                        input_70|         array|
|input_70_we0       |  out|    1|   ap_memory|                                        input_70|         array|
|input_70_d0        |  out|   32|   ap_memory|                                        input_70|         array|
|input_71_address0  |  out|   14|   ap_memory|                                        input_71|         array|
|input_71_ce0       |  out|    1|   ap_memory|                                        input_71|         array|
|input_71_we0       |  out|    1|   ap_memory|                                        input_71|         array|
|input_71_d0        |  out|   32|   ap_memory|                                        input_71|         array|
|input_72_address0  |  out|   14|   ap_memory|                                        input_72|         array|
|input_72_ce0       |  out|    1|   ap_memory|                                        input_72|         array|
|input_72_we0       |  out|    1|   ap_memory|                                        input_72|         array|
|input_72_d0        |  out|   32|   ap_memory|                                        input_72|         array|
|input_73_address0  |  out|   14|   ap_memory|                                        input_73|         array|
|input_73_ce0       |  out|    1|   ap_memory|                                        input_73|         array|
|input_73_we0       |  out|    1|   ap_memory|                                        input_73|         array|
|input_73_d0        |  out|   32|   ap_memory|                                        input_73|         array|
|input_74_address0  |  out|   14|   ap_memory|                                        input_74|         array|
|input_74_ce0       |  out|    1|   ap_memory|                                        input_74|         array|
|input_74_we0       |  out|    1|   ap_memory|                                        input_74|         array|
|input_74_d0        |  out|   32|   ap_memory|                                        input_74|         array|
|input_75_address0  |  out|   14|   ap_memory|                                        input_75|         array|
|input_75_ce0       |  out|    1|   ap_memory|                                        input_75|         array|
|input_75_we0       |  out|    1|   ap_memory|                                        input_75|         array|
|input_75_d0        |  out|   32|   ap_memory|                                        input_75|         array|
|input_76_address0  |  out|   14|   ap_memory|                                        input_76|         array|
|input_76_ce0       |  out|    1|   ap_memory|                                        input_76|         array|
|input_76_we0       |  out|    1|   ap_memory|                                        input_76|         array|
|input_76_d0        |  out|   32|   ap_memory|                                        input_76|         array|
|input_77_address0  |  out|   14|   ap_memory|                                        input_77|         array|
|input_77_ce0       |  out|    1|   ap_memory|                                        input_77|         array|
|input_77_we0       |  out|    1|   ap_memory|                                        input_77|         array|
|input_77_d0        |  out|   32|   ap_memory|                                        input_77|         array|
|input_78_address0  |  out|   14|   ap_memory|                                        input_78|         array|
|input_78_ce0       |  out|    1|   ap_memory|                                        input_78|         array|
|input_78_we0       |  out|    1|   ap_memory|                                        input_78|         array|
|input_78_d0        |  out|   32|   ap_memory|                                        input_78|         array|
|input_79_address0  |  out|   14|   ap_memory|                                        input_79|         array|
|input_79_ce0       |  out|    1|   ap_memory|                                        input_79|         array|
|input_79_we0       |  out|    1|   ap_memory|                                        input_79|         array|
|input_79_d0        |  out|   32|   ap_memory|                                        input_79|         array|
|input_80_address0  |  out|   14|   ap_memory|                                        input_80|         array|
|input_80_ce0       |  out|    1|   ap_memory|                                        input_80|         array|
|input_80_we0       |  out|    1|   ap_memory|                                        input_80|         array|
|input_80_d0        |  out|   32|   ap_memory|                                        input_80|         array|
|input_81_address0  |  out|   14|   ap_memory|                                        input_81|         array|
|input_81_ce0       |  out|    1|   ap_memory|                                        input_81|         array|
|input_81_we0       |  out|    1|   ap_memory|                                        input_81|         array|
|input_81_d0        |  out|   32|   ap_memory|                                        input_81|         array|
|input_82_address0  |  out|   14|   ap_memory|                                        input_82|         array|
|input_82_ce0       |  out|    1|   ap_memory|                                        input_82|         array|
|input_82_we0       |  out|    1|   ap_memory|                                        input_82|         array|
|input_82_d0        |  out|   32|   ap_memory|                                        input_82|         array|
|input_83_address0  |  out|   14|   ap_memory|                                        input_83|         array|
|input_83_ce0       |  out|    1|   ap_memory|                                        input_83|         array|
|input_83_we0       |  out|    1|   ap_memory|                                        input_83|         array|
|input_83_d0        |  out|   32|   ap_memory|                                        input_83|         array|
|input_84_address0  |  out|   14|   ap_memory|                                        input_84|         array|
|input_84_ce0       |  out|    1|   ap_memory|                                        input_84|         array|
|input_84_we0       |  out|    1|   ap_memory|                                        input_84|         array|
|input_84_d0        |  out|   32|   ap_memory|                                        input_84|         array|
|input_85_address0  |  out|   14|   ap_memory|                                        input_85|         array|
|input_85_ce0       |  out|    1|   ap_memory|                                        input_85|         array|
|input_85_we0       |  out|    1|   ap_memory|                                        input_85|         array|
|input_85_d0        |  out|   32|   ap_memory|                                        input_85|         array|
|input_86_address0  |  out|   14|   ap_memory|                                        input_86|         array|
|input_86_ce0       |  out|    1|   ap_memory|                                        input_86|         array|
|input_86_we0       |  out|    1|   ap_memory|                                        input_86|         array|
|input_86_d0        |  out|   32|   ap_memory|                                        input_86|         array|
|input_87_address0  |  out|   14|   ap_memory|                                        input_87|         array|
|input_87_ce0       |  out|    1|   ap_memory|                                        input_87|         array|
|input_87_we0       |  out|    1|   ap_memory|                                        input_87|         array|
|input_87_d0        |  out|   32|   ap_memory|                                        input_87|         array|
|input_88_address0  |  out|   14|   ap_memory|                                        input_88|         array|
|input_88_ce0       |  out|    1|   ap_memory|                                        input_88|         array|
|input_88_we0       |  out|    1|   ap_memory|                                        input_88|         array|
|input_88_d0        |  out|   32|   ap_memory|                                        input_88|         array|
|input_89_address0  |  out|   14|   ap_memory|                                        input_89|         array|
|input_89_ce0       |  out|    1|   ap_memory|                                        input_89|         array|
|input_89_we0       |  out|    1|   ap_memory|                                        input_89|         array|
|input_89_d0        |  out|   32|   ap_memory|                                        input_89|         array|
|input_90_address0  |  out|   14|   ap_memory|                                        input_90|         array|
|input_90_ce0       |  out|    1|   ap_memory|                                        input_90|         array|
|input_90_we0       |  out|    1|   ap_memory|                                        input_90|         array|
|input_90_d0        |  out|   32|   ap_memory|                                        input_90|         array|
|input_91_address0  |  out|   14|   ap_memory|                                        input_91|         array|
|input_91_ce0       |  out|    1|   ap_memory|                                        input_91|         array|
|input_91_we0       |  out|    1|   ap_memory|                                        input_91|         array|
|input_91_d0        |  out|   32|   ap_memory|                                        input_91|         array|
|input_92_address0  |  out|   14|   ap_memory|                                        input_92|         array|
|input_92_ce0       |  out|    1|   ap_memory|                                        input_92|         array|
|input_92_we0       |  out|    1|   ap_memory|                                        input_92|         array|
|input_92_d0        |  out|   32|   ap_memory|                                        input_92|         array|
|input_93_address0  |  out|   14|   ap_memory|                                        input_93|         array|
|input_93_ce0       |  out|    1|   ap_memory|                                        input_93|         array|
|input_93_we0       |  out|    1|   ap_memory|                                        input_93|         array|
|input_93_d0        |  out|   32|   ap_memory|                                        input_93|         array|
|input_94_address0  |  out|   14|   ap_memory|                                        input_94|         array|
|input_94_ce0       |  out|    1|   ap_memory|                                        input_94|         array|
|input_94_we0       |  out|    1|   ap_memory|                                        input_94|         array|
|input_94_d0        |  out|   32|   ap_memory|                                        input_94|         array|
|input_95_address0  |  out|   14|   ap_memory|                                        input_95|         array|
|input_95_ce0       |  out|    1|   ap_memory|                                        input_95|         array|
|input_95_we0       |  out|    1|   ap_memory|                                        input_95|         array|
|input_95_d0        |  out|   32|   ap_memory|                                        input_95|         array|
|input_96_address0  |  out|   14|   ap_memory|                                        input_96|         array|
|input_96_ce0       |  out|    1|   ap_memory|                                        input_96|         array|
|input_96_we0       |  out|    1|   ap_memory|                                        input_96|         array|
|input_96_d0        |  out|   32|   ap_memory|                                        input_96|         array|
|input_97_address0  |  out|   14|   ap_memory|                                        input_97|         array|
|input_97_ce0       |  out|    1|   ap_memory|                                        input_97|         array|
|input_97_we0       |  out|    1|   ap_memory|                                        input_97|         array|
|input_97_d0        |  out|   32|   ap_memory|                                        input_97|         array|
|input_98_address0  |  out|   14|   ap_memory|                                        input_98|         array|
|input_98_ce0       |  out|    1|   ap_memory|                                        input_98|         array|
|input_98_we0       |  out|    1|   ap_memory|                                        input_98|         array|
|input_98_d0        |  out|   32|   ap_memory|                                        input_98|         array|
|input_99_address0  |  out|   14|   ap_memory|                                        input_99|         array|
|input_99_ce0       |  out|    1|   ap_memory|                                        input_99|         array|
|input_99_we0       |  out|    1|   ap_memory|                                        input_99|         array|
|input_99_d0        |  out|   32|   ap_memory|                                        input_99|         array|
+-------------------+-----+-----+------------+------------------------------------------------+--------------+

