

================================================================
== Vitis HLS Report for 'merge_sort_49'
================================================================
* Date:           Sat Apr 22 14:46:12 2023

* Version:        2022.2 (Build 3670227 on Oct 13 2022)
* Project:        sort_seperate_bucket
* Solution:       solution1 (Vivado IP Flow Target)
* Product family: virtexuplus
* Target device:  xcu280-fsvh2892-2L-e


================================================================
== Performance Estimates
================================================================
+ Timing: 
    * Summary: 
    +--------+----------+----------+------------+
    |  Clock |  Target  | Estimated| Uncertainty|
    +--------+----------+----------+------------+
    |ap_clk  |  10.00 ns|  3.355 ns|     2.70 ns|
    +--------+----------+----------+------------+

+ Latency: 
    * Summary: 
    +---------+---------+----------+----------+--------+--------+---------+
    |  Latency (cycles) |  Latency (absolute) |     Interval    | Pipeline|
    |   min   |   max   |    min   |    max   |   min  |   max  |   Type  |
    +---------+---------+----------+----------+--------+--------+---------+
    |   625002|   625002|  6.250 ms|  6.250 ms|  625002|  625002|       no|
    +---------+---------+----------+----------+--------+--------+---------+

    + Detail: 
        * Instance: 
        N/A

        * Loop: 
        +------------------+---------+---------+----------+-----------+-----------+--------+----------+
        |                  |  Latency (cycles) | Iteration|  Initiation Interval  |  Trip  |          |
        |     Loop Name    |   min   |   max   |  Latency |  achieved |   target  |  Count | Pipelined|
        +------------------+---------+---------+----------+-----------+-----------+--------+----------+
        |- VITIS_LOOP_9_1  |   625000|   625000|         2|          1|          1|  625000|       yes|
        +------------------+---------+---------+----------+-----------+-----------+--------+----------+



================================================================
== Utilization Estimates
================================================================
* Summary: 
+---------------------+---------+------+---------+---------+-----+
|         Name        | BRAM_18K|  DSP |    FF   |   LUT   | URAM|
+---------------------+---------+------+---------+---------+-----+
|DSP                  |        -|     -|        -|        -|    -|
|Expression           |        -|     -|        0|      295|    -|
|FIFO                 |        -|     -|        -|        -|    -|
|Instance             |        -|     -|        -|        -|    -|
|Memory               |        -|     -|        -|        -|    -|
|Multiplexer          |        -|     -|        -|      112|    -|
|Register             |        -|     -|      173|        -|    -|
+---------------------+---------+------+---------+---------+-----+
|Total                |        0|     0|      173|      407|    0|
+---------------------+---------+------+---------+---------+-----+
|Available SLR        |     1344|  3008|   869120|   434560|  320|
+---------------------+---------+------+---------+---------+-----+
|Utilization SLR (%)  |        0|     0|       ~0|       ~0|    0|
+---------------------+---------+------+---------+---------+-----+
|Available            |     4032|  9024|  2607360|  1303680|  960|
+---------------------+---------+------+---------+---------+-----+
|Utilization (%)      |        0|     0|       ~0|       ~0|    0|
+---------------------+---------+------+---------+---------+-----+

+ Detail: 
    * Instance: 
    N/A

    * DSP: 
    N/A

    * Memory: 
    N/A

    * FIFO: 
    N/A

    * Expression: 
    +---------------------------+----------+----+---+----+------------+------------+
    |       Variable Name       | Operation| DSP| FF| LUT| Bitwidth P0| Bitwidth P1|
    +---------------------------+----------+----+---+----+------------+------------+
    |add_ln9_fu_117_p2          |         +|   0|  0|  27|          20|           1|
    |j_59_fu_163_p2             |         +|   0|  0|  39|          32|           1|
    |j_fu_215_p2                |         +|   0|  0|  39|          32|           1|
    |k_59_fu_174_p2             |         +|   0|  0|  39|          32|           1|
    |k_fu_205_p2                |         +|   0|  0|  39|          32|           1|
    |and_ln12_fu_145_p2         |       and|   0|  0|   2|           1|           1|
    |and_ln25_fu_157_p2         |       and|   0|  0|   2|           1|           1|
    |ap_condition_114           |       and|   0|  0|   2|           1|           1|
    |ap_condition_257           |       and|   0|  0|   2|           1|           1|
    |ap_condition_261           |       and|   0|  0|   2|           1|           1|
    |ap_condition_267           |       and|   0|  0|   2|           1|           1|
    |ap_condition_271           |       and|   0|  0|   2|           1|           1|
    |icmp_ln12_13_fu_139_p2     |      icmp|   0|  0|  20|          32|          19|
    |icmp_ln12_fu_133_p2        |      icmp|   0|  0|  20|          32|          19|
    |icmp_ln13_fu_199_p2        |      icmp|   0|  0|  20|          32|          32|
    |icmp_ln25_fu_151_p2        |      icmp|   0|  0|  20|          32|          19|
    |icmp_ln9_fu_111_p2         |      icmp|   0|  0|  14|          20|          20|
    |ap_block_pp0_stage0_11001  |        or|   0|  0|   2|           1|           1|
    |ap_enable_pp0              |       xor|   0|  0|   2|           1|           2|
    +---------------------------+----------+----+---+----+------------+------------+
    |Total                      |          |   0|  0| 295|         305|         124|
    +---------------------------+----------+----+---+----+------------+------------+

    * Multiplexer: 
    +-------------------------+----+-----------+-----+-----------+
    |           Name          | LUT| Input Size| Bits| Total Bits|
    +-------------------------+----+-----------+-----+-----------+
    |ap_done_int              |   9|          2|    1|          2|
    |ap_enable_reg_pp0_iter1  |   9|          2|    1|          2|
    |ap_sig_allocacmp_i_56    |   9|          2|   20|         40|
    |ap_sig_allocacmp_j_58    |  14|          3|   32|         96|
    |ap_sig_allocacmp_k_58    |  14|          3|   32|         96|
    |i_fu_34                  |   9|          2|   20|         40|
    |j_01_fu_42               |  20|          4|   32|        128|
    |k_02_fu_38               |  14|          3|   32|         96|
    |sorted_data_d0           |  14|          3|   32|         96|
    +-------------------------+----+-----------+-----+-----------+
    |Total                    | 112|         24|  202|        596|
    +-------------------------+----+-----------+-----+-----------+

    * Register: 
    +-------------------------+----+----+-----+-----------+
    |           Name          | FF | LUT| Bits| Const Bits|
    +-------------------------+----+----+-----+-----------+
    |and_ln12_reg_277         |   1|   0|    1|          0|
    |and_ln25_reg_281         |   1|   0|    1|          0|
    |ap_CS_fsm                |   1|   0|    1|          0|
    |ap_done_reg              |   1|   0|    1|          0|
    |ap_enable_reg_pp0_iter1  |   1|   0|    1|          0|
    |i_56_reg_249             |  20|   0|   20|          0|
    |i_fu_34                  |  20|   0|   20|          0|
    |j_01_fu_42               |  32|   0|   32|          0|
    |j_58_reg_259             |  32|   0|   32|          0|
    |k_02_fu_38               |  32|   0|   32|          0|
    |k_58_reg_254             |  32|   0|   32|          0|
    +-------------------------+----+----+-----+-----------+
    |Total                    | 173|   0|  173|          0|
    +-------------------------+----+----+-----+-----------+



================================================================
== Interface
================================================================
* Summary: 
+----------------------+-----+-----+------------+---------------+--------------+
|       RTL Ports      | Dir | Bits|  Protocol  | Source Object |    C Type    |
+----------------------+-----+-----+------------+---------------+--------------+
|ap_clk                |   in|    1|  ap_ctrl_hs|  merge_sort.49|  return value|
|ap_rst                |   in|    1|  ap_ctrl_hs|  merge_sort.49|  return value|
|ap_start              |   in|    1|  ap_ctrl_hs|  merge_sort.49|  return value|
|ap_done               |  out|    1|  ap_ctrl_hs|  merge_sort.49|  return value|
|ap_continue           |   in|    1|  ap_ctrl_hs|  merge_sort.49|  return value|
|ap_idle               |  out|    1|  ap_ctrl_hs|  merge_sort.49|  return value|
|ap_ready              |  out|    1|  ap_ctrl_hs|  merge_sort.49|  return value|
|input1_address0       |  out|   20|   ap_memory|         input1|         array|
|input1_ce0            |  out|    1|   ap_memory|         input1|         array|
|input1_q0             |   in|   32|   ap_memory|         input1|         array|
|input2_address0       |  out|   20|   ap_memory|         input2|         array|
|input2_ce0            |  out|    1|   ap_memory|         input2|         array|
|input2_q0             |   in|   32|   ap_memory|         input2|         array|
|sorted_data_address0  |  out|   21|   ap_memory|    sorted_data|         array|
|sorted_data_ce0       |  out|    1|   ap_memory|    sorted_data|         array|
|sorted_data_we0       |  out|    1|   ap_memory|    sorted_data|         array|
|sorted_data_d0        |  out|   32|   ap_memory|    sorted_data|         array|
+----------------------+-----+-----+------------+---------------+--------------+

