

================================================================
== Vitis HLS Report for 'radix_sort_oct_batch_13_1_Pipeline_input_bucket'
================================================================
* Date:           Mon Apr 24 11:02:32 2023

* Version:        2022.2 (Build 3670227 on Oct 13 2022)
* Project:        sort_seperate_bucket
* Solution:       solution1 (Vivado IP Flow Target)
* Product family: virtexuplus
* Target device:  xcu280-fsvh2892-2L-e


================================================================
== Performance Estimates
================================================================
+ Timing: 
    * Summary: 
    +--------+----------+----------+------------+
    |  Clock |  Target  | Estimated| Uncertainty|
    +--------+----------+----------+------------+
    |ap_clk  |  10.00 ns|  5.157 ns|     2.70 ns|
    +--------+----------+----------+------------+

+ Latency: 
    * Summary: 
    +---------+---------+----------+----------+-------+-------+---------+
    |  Latency (cycles) |  Latency (absolute) |    Interval   | Pipeline|
    |   min   |   max   |    min   |    max   |  min  |  max  |   Type  |
    +---------+---------+----------+----------+-------+-------+---------+
    |    78127|    78127|  0.781 ms|  0.781 ms|  78127|  78127|       no|
    +---------+---------+----------+----------+-------+-------+---------+

    + Detail: 
        * Instance: 
        N/A

        * Loop: 
        +----------------+---------+---------+----------+-----------+-----------+-------+----------+
        |                |  Latency (cycles) | Iteration|  Initiation Interval  |  Trip |          |
        |    Loop Name   |   min   |   max   |  Latency |  achieved |   target  | Count | Pipelined|
        +----------------+---------+---------+----------+-----------+-----------+-------+----------+
        |- input_bucket  |    78125|    78125|         2|          1|          1|  78125|       yes|
        +----------------+---------+---------+----------+-----------+-----------+-------+----------+



================================================================
== Utilization Estimates
================================================================
* Summary: 
+---------------------+---------+------+---------+---------+-----+
|         Name        | BRAM_18K|  DSP |    FF   |   LUT   | URAM|
+---------------------+---------+------+---------+---------+-----+
|DSP                  |        -|     -|        -|        -|    -|
|Expression           |        -|     -|        0|      320|    -|
|FIFO                 |        -|     -|        -|        -|    -|
|Instance             |        -|     -|        0|       86|    -|
|Memory               |        -|     -|        -|        -|    -|
|Multiplexer          |        -|     -|        -|      278|    -|
|Register             |        -|     -|      166|        -|    -|
+---------------------+---------+------+---------+---------+-----+
|Total                |        0|     0|      166|      684|    0|
+---------------------+---------+------+---------+---------+-----+
|Available SLR        |     1344|  3008|   869120|   434560|  320|
+---------------------+---------+------+---------+---------+-----+
|Utilization SLR (%)  |        0|     0|       ~0|       ~0|    0|
+---------------------+---------+------+---------+---------+-----+
|Available            |     4032|  9024|  2607360|  1303680|  960|
+---------------------+---------+------+---------+---------+-----+
|Utilization (%)      |        0|     0|       ~0|       ~0|    0|
+---------------------+---------+------+---------+---------+-----+

+ Detail: 
    * Instance: 
    +---------------------+---------------+---------+----+---+----+-----+
    |       Instance      |     Module    | BRAM_18K| DSP| FF| LUT| URAM|
    +---------------------+---------------+---------+----+---+----+-----+
    |mux_83_32_1_1_U1323  |mux_83_32_1_1  |        0|   0|  0|  43|    0|
    |mux_83_32_1_1_U1324  |mux_83_32_1_1  |        0|   0|  0|  43|    0|
    +---------------------+---------------+---------+----+---+----+-----+
    |Total                |               |        0|   0|  0|  86|    0|
    +---------------------+---------------+---------+----+---+----+-----+

    * DSP: 
    N/A

    * Memory: 
    N/A

    * FIFO: 
    N/A

    * Expression: 
    +--------------------------+----------+----+---+----+------------+------------+
    |       Variable Name      | Operation| DSP| FF| LUT| Bitwidth P0| Bitwidth P1|
    +--------------------------+----------+----+---+----+------------+------------+
    |add_ln40_fu_403_p2        |         +|   0|  0|  24|          17|           1|
    |add_ln41_fu_413_p2        |         +|   0|  0|  25|          18|          18|
    |add_ln43_fu_516_p2        |         +|   0|  0|  25|          18|          18|
    |bucket_pointer_fu_536_p2  |         +|   0|  0|  39|          32|           1|
    |bucket_sizes_fu_654_p2    |         +|   0|  0|  39|          32|           1|
    |shifted_fu_481_p2         |      ashr|   0|  0|  92|          32|          32|
    |addr_cmp_fu_467_p2        |      icmp|   0|  0|  29|          64|          64|
    |icmp_ln40_fu_397_p2       |      icmp|   0|  0|  13|          17|          17|
    |reuse_select_fu_472_p3    |    select|   0|  0|  32|           1|          32|
    |ap_enable_pp0             |       xor|   0|  0|   2|           1|           2|
    +--------------------------+----------+----+---+----+------------+------------+
    |Total                     |          |   0|  0| 320|         232|         186|
    +--------------------------+----------+----+---+----+------------+------------+

    * Multiplexer: 
    +---------------------------+----+-----------+-----+-----------+
    |            Name           | LUT| Input Size| Bits| Total Bits|
    +---------------------------+----+-----------+-----+-----------+
    |ap_done_int                |   9|          2|    1|          2|
    |ap_enable_reg_pp0_iter1    |   9|          2|    1|          2|
    |ap_sig_allocacmp_j         |   9|          2|   17|         34|
    |bucket_pointer_1931_out_o  |  14|          3|   32|         96|
    |bucket_pointer_1932_out_o  |  14|          3|   32|         96|
    |bucket_pointer_1933_out_o  |  14|          3|   32|         96|
    |bucket_pointer_1934_out_o  |  14|          3|   32|         96|
    |bucket_pointer_1935_out_o  |  14|          3|   32|         96|
    |bucket_pointer_1936_out_o  |  14|          3|   32|         96|
    |bucket_pointer_1937_out_o  |  14|          3|   32|         96|
    |bucket_pointer_1938_out_o  |  14|          3|   32|         96|
    |bucket_sizes_4291_out_o    |  14|          3|   32|         96|
    |bucket_sizes_4292_out_o    |  14|          3|   32|         96|
    |bucket_sizes_4293_out_o    |  14|          3|   32|         96|
    |bucket_sizes_4294_out_o    |  14|          3|   32|         96|
    |bucket_sizes_4295_out_o    |  14|          3|   32|         96|
    |bucket_sizes_4296_out_o    |  14|          3|   32|         96|
    |bucket_sizes_4297_out_o    |  14|          3|   32|         96|
    |bucket_sizes_4298_out_o    |  14|          3|   32|         96|
    |j_59_fu_136                |   9|          2|   17|         34|
    |reuse_addr_reg_fu_128      |   9|          2|   64|        128|
    |reuse_reg_fu_132           |   9|          2|   32|         64|
    +---------------------------+----+-----------+-----+-----------+
    |Total                      | 278|         60|  644|       1800|
    +---------------------------+----+-----------+-----+-----------+

    * Register: 
    +-------------------------+----+----+-----+-----------+
    |           Name          | FF | LUT| Bits| Const Bits|
    +-------------------------+----+----+-----+-----------+
    |ap_CS_fsm                |   1|   0|    1|          0|
    |ap_done_reg              |   1|   0|    1|          0|
    |ap_enable_reg_pp0_iter1  |   1|   0|    1|          0|
    |j_59_fu_136              |  17|   0|   17|          0|
    |mul_cast_i_cast_reg_734  |  32|   0|   32|          0|
    |reuse_addr_reg_fu_128    |  64|   0|   64|          0|
    |reuse_reg_fu_132         |  32|   0|   32|          0|
    |zext_ln41_59_reg_742     |  18|   0|   64|         46|
    +-------------------------+----+----+-----+-----------+
    |Total                    | 166|   0|  212|         46|
    +-------------------------+----+----+-----+-----------+



================================================================
== Interface
================================================================
* Summary: 
+----------------------------------+-----+-----+------------+-------------------------------------------------+--------------+
|             RTL Ports            | Dir | Bits|  Protocol  |                  Source Object                  |    C Type    |
+----------------------------------+-----+-----+------------+-------------------------------------------------+--------------+
|ap_clk                            |   in|    1|  ap_ctrl_hs|  radix_sort_oct_batch.13.1_Pipeline_input_bucket|  return value|
|ap_rst                            |   in|    1|  ap_ctrl_hs|  radix_sort_oct_batch.13.1_Pipeline_input_bucket|  return value|
|ap_start                          |   in|    1|  ap_ctrl_hs|  radix_sort_oct_batch.13.1_Pipeline_input_bucket|  return value|
|ap_done                           |  out|    1|  ap_ctrl_hs|  radix_sort_oct_batch.13.1_Pipeline_input_bucket|  return value|
|ap_idle                           |  out|    1|  ap_ctrl_hs|  radix_sort_oct_batch.13.1_Pipeline_input_bucket|  return value|
|ap_ready                          |  out|    1|  ap_ctrl_hs|  radix_sort_oct_batch.13.1_Pipeline_input_bucket|  return value|
|bucket_sizes_4282_reload          |   in|   32|     ap_none|                         bucket_sizes_4282_reload|        scalar|
|bucket_sizes_4281_reload          |   in|   32|     ap_none|                         bucket_sizes_4281_reload|        scalar|
|bucket_sizes_4280_reload          |   in|   32|     ap_none|                         bucket_sizes_4280_reload|        scalar|
|bucket_sizes_4279_reload          |   in|   32|     ap_none|                         bucket_sizes_4279_reload|        scalar|
|bucket_sizes_4278_reload          |   in|   32|     ap_none|                         bucket_sizes_4278_reload|        scalar|
|bucket_sizes_4277_reload          |   in|   32|     ap_none|                         bucket_sizes_4277_reload|        scalar|
|bucket_sizes_4276_reload          |   in|   32|     ap_none|                         bucket_sizes_4276_reload|        scalar|
|bucket_sizes_4275_reload          |   in|   32|     ap_none|                         bucket_sizes_4275_reload|        scalar|
|bucket_pointer_1929_reload        |   in|   32|     ap_none|                       bucket_pointer_1929_reload|        scalar|
|bucket_pointer_1928_reload        |   in|   32|     ap_none|                       bucket_pointer_1928_reload|        scalar|
|bucket_pointer_1927_reload        |   in|   32|     ap_none|                       bucket_pointer_1927_reload|        scalar|
|bucket_pointer_1926_reload        |   in|   32|     ap_none|                       bucket_pointer_1926_reload|        scalar|
|bucket_pointer_1925_reload        |   in|   32|     ap_none|                       bucket_pointer_1925_reload|        scalar|
|bucket_pointer_1924_reload        |   in|   32|     ap_none|                       bucket_pointer_1924_reload|        scalar|
|bucket_pointer_1923_reload        |   in|   32|     ap_none|                       bucket_pointer_1923_reload|        scalar|
|bucket_pointer_1922_reload        |   in|   32|     ap_none|                       bucket_pointer_1922_reload|        scalar|
|mul_ln41                          |   in|   18|     ap_none|                                         mul_ln41|        scalar|
|bucket_address0                   |  out|   18|   ap_memory|                                           bucket|         array|
|bucket_ce0                        |  out|    1|   ap_memory|                                           bucket|         array|
|bucket_we0                        |  out|    1|   ap_memory|                                           bucket|         array|
|bucket_d0                         |  out|   32|   ap_memory|                                           bucket|         array|
|bucket_address1                   |  out|   18|   ap_memory|                                           bucket|         array|
|bucket_ce1                        |  out|    1|   ap_memory|                                           bucket|         array|
|bucket_q1                         |   in|   32|   ap_memory|                                           bucket|         array|
|mul_cast_i                        |   in|    7|     ap_none|                                       mul_cast_i|        scalar|
|mul_ln43                          |   in|   18|     ap_none|                                         mul_ln43|        scalar|
|bucket_sizes_4298_out_i           |   in|   32|     ap_ovld|                            bucket_sizes_4298_out|       pointer|
|bucket_sizes_4298_out_o           |  out|   32|     ap_ovld|                            bucket_sizes_4298_out|       pointer|
|bucket_sizes_4298_out_o_ap_vld    |  out|    1|     ap_ovld|                            bucket_sizes_4298_out|       pointer|
|bucket_sizes_4297_out_i           |   in|   32|     ap_ovld|                            bucket_sizes_4297_out|       pointer|
|bucket_sizes_4297_out_o           |  out|   32|     ap_ovld|                            bucket_sizes_4297_out|       pointer|
|bucket_sizes_4297_out_o_ap_vld    |  out|    1|     ap_ovld|                            bucket_sizes_4297_out|       pointer|
|bucket_sizes_4296_out_i           |   in|   32|     ap_ovld|                            bucket_sizes_4296_out|       pointer|
|bucket_sizes_4296_out_o           |  out|   32|     ap_ovld|                            bucket_sizes_4296_out|       pointer|
|bucket_sizes_4296_out_o_ap_vld    |  out|    1|     ap_ovld|                            bucket_sizes_4296_out|       pointer|
|bucket_sizes_4295_out_i           |   in|   32|     ap_ovld|                            bucket_sizes_4295_out|       pointer|
|bucket_sizes_4295_out_o           |  out|   32|     ap_ovld|                            bucket_sizes_4295_out|       pointer|
|bucket_sizes_4295_out_o_ap_vld    |  out|    1|     ap_ovld|                            bucket_sizes_4295_out|       pointer|
|bucket_sizes_4294_out_i           |   in|   32|     ap_ovld|                            bucket_sizes_4294_out|       pointer|
|bucket_sizes_4294_out_o           |  out|   32|     ap_ovld|                            bucket_sizes_4294_out|       pointer|
|bucket_sizes_4294_out_o_ap_vld    |  out|    1|     ap_ovld|                            bucket_sizes_4294_out|       pointer|
|bucket_sizes_4293_out_i           |   in|   32|     ap_ovld|                            bucket_sizes_4293_out|       pointer|
|bucket_sizes_4293_out_o           |  out|   32|     ap_ovld|                            bucket_sizes_4293_out|       pointer|
|bucket_sizes_4293_out_o_ap_vld    |  out|    1|     ap_ovld|                            bucket_sizes_4293_out|       pointer|
|bucket_sizes_4292_out_i           |   in|   32|     ap_ovld|                            bucket_sizes_4292_out|       pointer|
|bucket_sizes_4292_out_o           |  out|   32|     ap_ovld|                            bucket_sizes_4292_out|       pointer|
|bucket_sizes_4292_out_o_ap_vld    |  out|    1|     ap_ovld|                            bucket_sizes_4292_out|       pointer|
|bucket_sizes_4291_out_i           |   in|   32|     ap_ovld|                            bucket_sizes_4291_out|       pointer|
|bucket_sizes_4291_out_o           |  out|   32|     ap_ovld|                            bucket_sizes_4291_out|       pointer|
|bucket_sizes_4291_out_o_ap_vld    |  out|    1|     ap_ovld|                            bucket_sizes_4291_out|       pointer|
|bucket_pointer_1938_out_i         |   in|   32|     ap_ovld|                          bucket_pointer_1938_out|       pointer|
|bucket_pointer_1938_out_o         |  out|   32|     ap_ovld|                          bucket_pointer_1938_out|       pointer|
|bucket_pointer_1938_out_o_ap_vld  |  out|    1|     ap_ovld|                          bucket_pointer_1938_out|       pointer|
|bucket_pointer_1937_out_i         |   in|   32|     ap_ovld|                          bucket_pointer_1937_out|       pointer|
|bucket_pointer_1937_out_o         |  out|   32|     ap_ovld|                          bucket_pointer_1937_out|       pointer|
|bucket_pointer_1937_out_o_ap_vld  |  out|    1|     ap_ovld|                          bucket_pointer_1937_out|       pointer|
|bucket_pointer_1936_out_i         |   in|   32|     ap_ovld|                          bucket_pointer_1936_out|       pointer|
|bucket_pointer_1936_out_o         |  out|   32|     ap_ovld|                          bucket_pointer_1936_out|       pointer|
|bucket_pointer_1936_out_o_ap_vld  |  out|    1|     ap_ovld|                          bucket_pointer_1936_out|       pointer|
|bucket_pointer_1935_out_i         |   in|   32|     ap_ovld|                          bucket_pointer_1935_out|       pointer|
|bucket_pointer_1935_out_o         |  out|   32|     ap_ovld|                          bucket_pointer_1935_out|       pointer|
|bucket_pointer_1935_out_o_ap_vld  |  out|    1|     ap_ovld|                          bucket_pointer_1935_out|       pointer|
|bucket_pointer_1934_out_i         |   in|   32|     ap_ovld|                          bucket_pointer_1934_out|       pointer|
|bucket_pointer_1934_out_o         |  out|   32|     ap_ovld|                          bucket_pointer_1934_out|       pointer|
|bucket_pointer_1934_out_o_ap_vld  |  out|    1|     ap_ovld|                          bucket_pointer_1934_out|       pointer|
|bucket_pointer_1933_out_i         |   in|   32|     ap_ovld|                          bucket_pointer_1933_out|       pointer|
|bucket_pointer_1933_out_o         |  out|   32|     ap_ovld|                          bucket_pointer_1933_out|       pointer|
|bucket_pointer_1933_out_o_ap_vld  |  out|    1|     ap_ovld|                          bucket_pointer_1933_out|       pointer|
|bucket_pointer_1932_out_i         |   in|   32|     ap_ovld|                          bucket_pointer_1932_out|       pointer|
|bucket_pointer_1932_out_o         |  out|   32|     ap_ovld|                          bucket_pointer_1932_out|       pointer|
|bucket_pointer_1932_out_o_ap_vld  |  out|    1|     ap_ovld|                          bucket_pointer_1932_out|       pointer|
|bucket_pointer_1931_out_i         |   in|   32|     ap_ovld|                          bucket_pointer_1931_out|       pointer|
|bucket_pointer_1931_out_o         |  out|   32|     ap_ovld|                          bucket_pointer_1931_out|       pointer|
|bucket_pointer_1931_out_o_ap_vld  |  out|    1|     ap_ovld|                          bucket_pointer_1931_out|       pointer|
+----------------------------------+-----+-----+------------+-------------------------------------------------+--------------+

