

================================================================
== Vitis HLS Report for 'radix_sort_batch_57_1_Pipeline_input_bucket'
================================================================
* Date:           Sun Apr 23 22:22:28 2023

* Version:        2022.2 (Build 3670227 on Oct 13 2022)
* Project:        sort_seperate_bucket
* Solution:       solution1 (Vivado IP Flow Target)
* Product family: virtexuplus
* Target device:  xcu280-fsvh2892-2L-e


================================================================
== Performance Estimates
================================================================
+ Timing: 
    * Summary: 
    +--------+----------+----------+------------+
    |  Clock |  Target  | Estimated| Uncertainty|
    +--------+----------+----------+------------+
    |ap_clk  |  10.00 ns|  5.044 ns|     2.70 ns|
    +--------+----------+----------+------------+

+ Latency: 
    * Summary: 
    +---------+---------+----------+----------+-------+-------+---------+
    |  Latency (cycles) |  Latency (absolute) |    Interval   | Pipeline|
    |   min   |   max   |    min   |    max   |  min  |  max  |   Type  |
    +---------+---------+----------+----------+-------+-------+---------+
    |    15627|    15627|  0.156 ms|  0.156 ms|  15627|  15627|       no|
    +---------+---------+----------+----------+-------+-------+---------+

    + Detail: 
        * Instance: 
        N/A

        * Loop: 
        +----------------+---------+---------+----------+-----------+-----------+-------+----------+
        |                |  Latency (cycles) | Iteration|  Initiation Interval  |  Trip |          |
        |    Loop Name   |   min   |   max   |  Latency |  achieved |   target  | Count | Pipelined|
        +----------------+---------+---------+----------+-----------+-----------+-------+----------+
        |- input_bucket  |    15625|    15625|         2|          1|          1|  15625|       yes|
        +----------------+---------+---------+----------+-----------+-----------+-------+----------+



================================================================
== Utilization Estimates
================================================================
* Summary: 
+---------------------+---------+------+---------+---------+-----+
|         Name        | BRAM_18K|  DSP |    FF   |   LUT   | URAM|
+---------------------+---------+------+---------+---------+-----+
|DSP                  |        -|     -|        -|        -|    -|
|Expression           |        -|     -|        0|      310|    -|
|FIFO                 |        -|     -|        -|        -|    -|
|Instance             |        -|     -|        0|      130|    -|
|Memory               |        -|     -|        -|        -|    -|
|Multiplexer          |        -|     -|        -|      502|    -|
|Register             |        -|     -|      133|        -|    -|
+---------------------+---------+------+---------+---------+-----+
|Total                |        0|     0|      133|      942|    0|
+---------------------+---------+------+---------+---------+-----+
|Available SLR        |     1344|  3008|   869120|   434560|  320|
+---------------------+---------+------+---------+---------+-----+
|Utilization SLR (%)  |        0|     0|       ~0|       ~0|    0|
+---------------------+---------+------+---------+---------+-----+
|Available            |     4032|  9024|  2607360|  1303680|  960|
+---------------------+---------+------+---------+---------+-----+
|Utilization (%)      |        0|     0|       ~0|       ~0|    0|
+---------------------+---------+------+---------+---------+-----+

+ Detail: 
    * Instance: 
    +-----------------------+----------------+---------+----+---+----+-----+
    |        Instance       |     Module     | BRAM_18K| DSP| FF| LUT| URAM|
    +-----------------------+----------------+---------+----+---+----+-----+
    |mux_164_32_1_1_U10927  |mux_164_32_1_1  |        0|   0|  0|  65|    0|
    |mux_164_32_1_1_U10928  |mux_164_32_1_1  |        0|   0|  0|  65|    0|
    +-----------------------+----------------+---------+----+---+----+-----+
    |Total                  |                |        0|   0|  0| 130|    0|
    +-----------------------+----------------+---------+----+---+----+-----+

    * DSP: 
    N/A

    * Memory: 
    N/A

    * FIFO: 
    N/A

    * Expression: 
    +--------------------------+----------+----+---+----+------------+------------+
    |       Variable Name      | Operation| DSP| FF| LUT| Bitwidth P0| Bitwidth P1|
    +--------------------------+----------+----+---+----+------------+------------+
    |add_ln40_fu_675_p2        |         +|   0|  0|  21|          14|           1|
    |add_ln41_fu_685_p2        |         +|   0|  0|  22|          15|          15|
    |add_ln43_fu_836_p2        |         +|   0|  0|  22|          15|          15|
    |bucket_pointer_fu_856_p2  |         +|   0|  0|  39|          32|           1|
    |bucket_sizes_fu_1070_p2   |         +|   0|  0|  39|          32|           1|
    |shifted_fu_785_p2         |      ashr|   0|  0|  92|          32|          32|
    |addr_cmp_fu_771_p2        |      icmp|   0|  0|  29|          64|          64|
    |icmp_ln40_fu_669_p2       |      icmp|   0|  0|  12|          14|          11|
    |reuse_select_fu_776_p3    |    select|   0|  0|  32|           1|          32|
    |ap_enable_pp0             |       xor|   0|  0|   2|           1|           2|
    +--------------------------+----------+----+---+----+------------+------------+
    |Total                     |          |   0|  0| 310|         220|         174|
    +--------------------------+----------+----+---+----+------------+------------+

    * Multiplexer: 
    +--------------------------+----+-----------+-----+-----------+
    |           Name           | LUT| Input Size| Bits| Total Bits|
    +--------------------------+----+-----------+-----+-----------+
    |ap_done_int               |   9|          2|    1|          2|
    |ap_enable_reg_pp0_iter1   |   9|          2|    1|          2|
    |ap_sig_allocacmp_j        |   9|          2|   14|         28|
    |bucket_pointer_683_out_o  |  14|          3|   32|         96|
    |bucket_pointer_684_out_o  |  14|          3|   32|         96|
    |bucket_pointer_685_out_o  |  14|          3|   32|         96|
    |bucket_pointer_686_out_o  |  14|          3|   32|         96|
    |bucket_pointer_687_out_o  |  14|          3|   32|         96|
    |bucket_pointer_688_out_o  |  14|          3|   32|         96|
    |bucket_pointer_689_out_o  |  14|          3|   32|         96|
    |bucket_pointer_690_out_o  |  14|          3|   32|         96|
    |bucket_pointer_691_out_o  |  14|          3|   32|         96|
    |bucket_pointer_692_out_o  |  14|          3|   32|         96|
    |bucket_pointer_693_out_o  |  14|          3|   32|         96|
    |bucket_pointer_694_out_o  |  14|          3|   32|         96|
    |bucket_pointer_695_out_o  |  14|          3|   32|         96|
    |bucket_pointer_696_out_o  |  14|          3|   32|         96|
    |bucket_pointer_697_out_o  |  14|          3|   32|         96|
    |bucket_pointer_698_out_o  |  14|          3|   32|         96|
    |bucket_sizes_1563_out_o   |  14|          3|   32|         96|
    |bucket_sizes_1564_out_o   |  14|          3|   32|         96|
    |bucket_sizes_1565_out_o   |  14|          3|   32|         96|
    |bucket_sizes_1566_out_o   |  14|          3|   32|         96|
    |bucket_sizes_1567_out_o   |  14|          3|   32|         96|
    |bucket_sizes_1568_out_o   |  14|          3|   32|         96|
    |bucket_sizes_1569_out_o   |  14|          3|   32|         96|
    |bucket_sizes_1570_out_o   |  14|          3|   32|         96|
    |bucket_sizes_1571_out_o   |  14|          3|   32|         96|
    |bucket_sizes_1572_out_o   |  14|          3|   32|         96|
    |bucket_sizes_1573_out_o   |  14|          3|   32|         96|
    |bucket_sizes_1574_out_o   |  14|          3|   32|         96|
    |bucket_sizes_1575_out_o   |  14|          3|   32|         96|
    |bucket_sizes_1576_out_o   |  14|          3|   32|         96|
    |bucket_sizes_1577_out_o   |  14|          3|   32|         96|
    |bucket_sizes_1578_out_o   |  14|          3|   32|         96|
    |j_11_fu_216               |   9|          2|   14|         28|
    |reuse_addr_reg_fu_208     |   9|          2|   64|        128|
    |reuse_reg_fu_212          |   9|          2|   32|         64|
    +--------------------------+----+-----------+-----+-----------+
    |Total                     | 502|        108| 1150|       3324|
    +--------------------------+----+-----------+-----+-----------+

    * Register: 
    +--------------------------+----+----+-----+-----------+
    |           Name           | FF | LUT| Bits| Const Bits|
    +--------------------------+----+----+-----+-----------+
    |ap_CS_fsm                 |   1|   0|    1|          0|
    |ap_done_reg               |   1|   0|    1|          0|
    |ap_enable_reg_pp0_iter1   |   1|   0|    1|          0|
    |j_11_fu_216               |  14|   0|   14|          0|
    |mul_cast_i_cast_reg_1198  |   5|   0|   32|         27|
    |reuse_addr_reg_fu_208     |  64|   0|   64|          0|
    |reuse_reg_fu_212          |  32|   0|   32|          0|
    |zext_ln41_11_reg_1206     |  15|   0|   64|         49|
    +--------------------------+----+----+-----+-----------+
    |Total                     | 133|   0|  209|         76|
    +--------------------------+----+----+-----+-----------+



================================================================
== Interface
================================================================
* Summary: 
+---------------------------------+-----+-----+------------+---------------------------------------------+--------------+
|            RTL Ports            | Dir | Bits|  Protocol  |                Source Object                |    C Type    |
+---------------------------------+-----+-----+------------+---------------------------------------------+--------------+
|ap_clk                           |   in|    1|  ap_ctrl_hs|  radix_sort_batch.57.1_Pipeline_input_bucket|  return value|
|ap_rst                           |   in|    1|  ap_ctrl_hs|  radix_sort_batch.57.1_Pipeline_input_bucket|  return value|
|ap_start                         |   in|    1|  ap_ctrl_hs|  radix_sort_batch.57.1_Pipeline_input_bucket|  return value|
|ap_done                          |  out|    1|  ap_ctrl_hs|  radix_sort_batch.57.1_Pipeline_input_bucket|  return value|
|ap_idle                          |  out|    1|  ap_ctrl_hs|  radix_sort_batch.57.1_Pipeline_input_bucket|  return value|
|ap_ready                         |  out|    1|  ap_ctrl_hs|  radix_sort_batch.57.1_Pipeline_input_bucket|  return value|
|bucket_sizes_1546_reload         |   in|   32|     ap_none|                     bucket_sizes_1546_reload|        scalar|
|bucket_sizes_1545_reload         |   in|   32|     ap_none|                     bucket_sizes_1545_reload|        scalar|
|bucket_sizes_1544_reload         |   in|   32|     ap_none|                     bucket_sizes_1544_reload|        scalar|
|bucket_sizes_1543_reload         |   in|   32|     ap_none|                     bucket_sizes_1543_reload|        scalar|
|bucket_sizes_1542_reload         |   in|   32|     ap_none|                     bucket_sizes_1542_reload|        scalar|
|bucket_sizes_1541_reload         |   in|   32|     ap_none|                     bucket_sizes_1541_reload|        scalar|
|bucket_sizes_1540_reload         |   in|   32|     ap_none|                     bucket_sizes_1540_reload|        scalar|
|bucket_sizes_1539_reload         |   in|   32|     ap_none|                     bucket_sizes_1539_reload|        scalar|
|bucket_sizes_1538_reload         |   in|   32|     ap_none|                     bucket_sizes_1538_reload|        scalar|
|bucket_sizes_1537_reload         |   in|   32|     ap_none|                     bucket_sizes_1537_reload|        scalar|
|bucket_sizes_1536_reload         |   in|   32|     ap_none|                     bucket_sizes_1536_reload|        scalar|
|bucket_sizes_1535_reload         |   in|   32|     ap_none|                     bucket_sizes_1535_reload|        scalar|
|bucket_sizes_1534_reload         |   in|   32|     ap_none|                     bucket_sizes_1534_reload|        scalar|
|bucket_sizes_1533_reload         |   in|   32|     ap_none|                     bucket_sizes_1533_reload|        scalar|
|bucket_sizes_1532_reload         |   in|   32|     ap_none|                     bucket_sizes_1532_reload|        scalar|
|bucket_sizes_1531_reload         |   in|   32|     ap_none|                     bucket_sizes_1531_reload|        scalar|
|bucket_pointer_681_reload        |   in|   32|     ap_none|                    bucket_pointer_681_reload|        scalar|
|bucket_pointer_680_reload        |   in|   32|     ap_none|                    bucket_pointer_680_reload|        scalar|
|bucket_pointer_679_reload        |   in|   32|     ap_none|                    bucket_pointer_679_reload|        scalar|
|bucket_pointer_678_reload        |   in|   32|     ap_none|                    bucket_pointer_678_reload|        scalar|
|bucket_pointer_677_reload        |   in|   32|     ap_none|                    bucket_pointer_677_reload|        scalar|
|bucket_pointer_676_reload        |   in|   32|     ap_none|                    bucket_pointer_676_reload|        scalar|
|bucket_pointer_675_reload        |   in|   32|     ap_none|                    bucket_pointer_675_reload|        scalar|
|bucket_pointer_674_reload        |   in|   32|     ap_none|                    bucket_pointer_674_reload|        scalar|
|bucket_pointer_673_reload        |   in|   32|     ap_none|                    bucket_pointer_673_reload|        scalar|
|bucket_pointer_672_reload        |   in|   32|     ap_none|                    bucket_pointer_672_reload|        scalar|
|bucket_pointer_671_reload        |   in|   32|     ap_none|                    bucket_pointer_671_reload|        scalar|
|bucket_pointer_670_reload        |   in|   32|     ap_none|                    bucket_pointer_670_reload|        scalar|
|bucket_pointer_669_reload        |   in|   32|     ap_none|                    bucket_pointer_669_reload|        scalar|
|bucket_pointer_668_reload        |   in|   32|     ap_none|                    bucket_pointer_668_reload|        scalar|
|bucket_pointer_667_reload        |   in|   32|     ap_none|                    bucket_pointer_667_reload|        scalar|
|bucket_pointer_666_reload        |   in|   32|     ap_none|                    bucket_pointer_666_reload|        scalar|
|mul_ln41                         |   in|   15|     ap_none|                                     mul_ln41|        scalar|
|bucket_address0                  |  out|   15|   ap_memory|                                       bucket|         array|
|bucket_ce0                       |  out|    1|   ap_memory|                                       bucket|         array|
|bucket_we0                       |  out|    1|   ap_memory|                                       bucket|         array|
|bucket_d0                        |  out|   32|   ap_memory|                                       bucket|         array|
|bucket_address1                  |  out|   15|   ap_memory|                                       bucket|         array|
|bucket_ce1                       |  out|    1|   ap_memory|                                       bucket|         array|
|bucket_q1                        |   in|   32|   ap_memory|                                       bucket|         array|
|mul_cast_i                       |   in|    5|     ap_none|                                   mul_cast_i|        scalar|
|mul_ln43                         |   in|   15|     ap_none|                                     mul_ln43|        scalar|
|bucket_sizes_1578_out_i          |   in|   32|     ap_ovld|                        bucket_sizes_1578_out|       pointer|
|bucket_sizes_1578_out_o          |  out|   32|     ap_ovld|                        bucket_sizes_1578_out|       pointer|
|bucket_sizes_1578_out_o_ap_vld   |  out|    1|     ap_ovld|                        bucket_sizes_1578_out|       pointer|
|bucket_sizes_1577_out_i          |   in|   32|     ap_ovld|                        bucket_sizes_1577_out|       pointer|
|bucket_sizes_1577_out_o          |  out|   32|     ap_ovld|                        bucket_sizes_1577_out|       pointer|
|bucket_sizes_1577_out_o_ap_vld   |  out|    1|     ap_ovld|                        bucket_sizes_1577_out|       pointer|
|bucket_sizes_1576_out_i          |   in|   32|     ap_ovld|                        bucket_sizes_1576_out|       pointer|
|bucket_sizes_1576_out_o          |  out|   32|     ap_ovld|                        bucket_sizes_1576_out|       pointer|
|bucket_sizes_1576_out_o_ap_vld   |  out|    1|     ap_ovld|                        bucket_sizes_1576_out|       pointer|
|bucket_sizes_1575_out_i          |   in|   32|     ap_ovld|                        bucket_sizes_1575_out|       pointer|
|bucket_sizes_1575_out_o          |  out|   32|     ap_ovld|                        bucket_sizes_1575_out|       pointer|
|bucket_sizes_1575_out_o_ap_vld   |  out|    1|     ap_ovld|                        bucket_sizes_1575_out|       pointer|
|bucket_sizes_1574_out_i          |   in|   32|     ap_ovld|                        bucket_sizes_1574_out|       pointer|
|bucket_sizes_1574_out_o          |  out|   32|     ap_ovld|                        bucket_sizes_1574_out|       pointer|
|bucket_sizes_1574_out_o_ap_vld   |  out|    1|     ap_ovld|                        bucket_sizes_1574_out|       pointer|
|bucket_sizes_1573_out_i          |   in|   32|     ap_ovld|                        bucket_sizes_1573_out|       pointer|
|bucket_sizes_1573_out_o          |  out|   32|     ap_ovld|                        bucket_sizes_1573_out|       pointer|
|bucket_sizes_1573_out_o_ap_vld   |  out|    1|     ap_ovld|                        bucket_sizes_1573_out|       pointer|
|bucket_sizes_1572_out_i          |   in|   32|     ap_ovld|                        bucket_sizes_1572_out|       pointer|
|bucket_sizes_1572_out_o          |  out|   32|     ap_ovld|                        bucket_sizes_1572_out|       pointer|
|bucket_sizes_1572_out_o_ap_vld   |  out|    1|     ap_ovld|                        bucket_sizes_1572_out|       pointer|
|bucket_sizes_1571_out_i          |   in|   32|     ap_ovld|                        bucket_sizes_1571_out|       pointer|
|bucket_sizes_1571_out_o          |  out|   32|     ap_ovld|                        bucket_sizes_1571_out|       pointer|
|bucket_sizes_1571_out_o_ap_vld   |  out|    1|     ap_ovld|                        bucket_sizes_1571_out|       pointer|
|bucket_sizes_1570_out_i          |   in|   32|     ap_ovld|                        bucket_sizes_1570_out|       pointer|
|bucket_sizes_1570_out_o          |  out|   32|     ap_ovld|                        bucket_sizes_1570_out|       pointer|
|bucket_sizes_1570_out_o_ap_vld   |  out|    1|     ap_ovld|                        bucket_sizes_1570_out|       pointer|
|bucket_sizes_1569_out_i          |   in|   32|     ap_ovld|                        bucket_sizes_1569_out|       pointer|
|bucket_sizes_1569_out_o          |  out|   32|     ap_ovld|                        bucket_sizes_1569_out|       pointer|
|bucket_sizes_1569_out_o_ap_vld   |  out|    1|     ap_ovld|                        bucket_sizes_1569_out|       pointer|
|bucket_sizes_1568_out_i          |   in|   32|     ap_ovld|                        bucket_sizes_1568_out|       pointer|
|bucket_sizes_1568_out_o          |  out|   32|     ap_ovld|                        bucket_sizes_1568_out|       pointer|
|bucket_sizes_1568_out_o_ap_vld   |  out|    1|     ap_ovld|                        bucket_sizes_1568_out|       pointer|
|bucket_sizes_1567_out_i          |   in|   32|     ap_ovld|                        bucket_sizes_1567_out|       pointer|
|bucket_sizes_1567_out_o          |  out|   32|     ap_ovld|                        bucket_sizes_1567_out|       pointer|
|bucket_sizes_1567_out_o_ap_vld   |  out|    1|     ap_ovld|                        bucket_sizes_1567_out|       pointer|
|bucket_sizes_1566_out_i          |   in|   32|     ap_ovld|                        bucket_sizes_1566_out|       pointer|
|bucket_sizes_1566_out_o          |  out|   32|     ap_ovld|                        bucket_sizes_1566_out|       pointer|
|bucket_sizes_1566_out_o_ap_vld   |  out|    1|     ap_ovld|                        bucket_sizes_1566_out|       pointer|
|bucket_sizes_1565_out_i          |   in|   32|     ap_ovld|                        bucket_sizes_1565_out|       pointer|
|bucket_sizes_1565_out_o          |  out|   32|     ap_ovld|                        bucket_sizes_1565_out|       pointer|
|bucket_sizes_1565_out_o_ap_vld   |  out|    1|     ap_ovld|                        bucket_sizes_1565_out|       pointer|
|bucket_sizes_1564_out_i          |   in|   32|     ap_ovld|                        bucket_sizes_1564_out|       pointer|
|bucket_sizes_1564_out_o          |  out|   32|     ap_ovld|                        bucket_sizes_1564_out|       pointer|
|bucket_sizes_1564_out_o_ap_vld   |  out|    1|     ap_ovld|                        bucket_sizes_1564_out|       pointer|
|bucket_sizes_1563_out_i          |   in|   32|     ap_ovld|                        bucket_sizes_1563_out|       pointer|
|bucket_sizes_1563_out_o          |  out|   32|     ap_ovld|                        bucket_sizes_1563_out|       pointer|
|bucket_sizes_1563_out_o_ap_vld   |  out|    1|     ap_ovld|                        bucket_sizes_1563_out|       pointer|
|bucket_pointer_698_out_i         |   in|   32|     ap_ovld|                       bucket_pointer_698_out|       pointer|
|bucket_pointer_698_out_o         |  out|   32|     ap_ovld|                       bucket_pointer_698_out|       pointer|
|bucket_pointer_698_out_o_ap_vld  |  out|    1|     ap_ovld|                       bucket_pointer_698_out|       pointer|
|bucket_pointer_697_out_i         |   in|   32|     ap_ovld|                       bucket_pointer_697_out|       pointer|
|bucket_pointer_697_out_o         |  out|   32|     ap_ovld|                       bucket_pointer_697_out|       pointer|
|bucket_pointer_697_out_o_ap_vld  |  out|    1|     ap_ovld|                       bucket_pointer_697_out|       pointer|
|bucket_pointer_696_out_i         |   in|   32|     ap_ovld|                       bucket_pointer_696_out|       pointer|
|bucket_pointer_696_out_o         |  out|   32|     ap_ovld|                       bucket_pointer_696_out|       pointer|
|bucket_pointer_696_out_o_ap_vld  |  out|    1|     ap_ovld|                       bucket_pointer_696_out|       pointer|
|bucket_pointer_695_out_i         |   in|   32|     ap_ovld|                       bucket_pointer_695_out|       pointer|
|bucket_pointer_695_out_o         |  out|   32|     ap_ovld|                       bucket_pointer_695_out|       pointer|
|bucket_pointer_695_out_o_ap_vld  |  out|    1|     ap_ovld|                       bucket_pointer_695_out|       pointer|
|bucket_pointer_694_out_i         |   in|   32|     ap_ovld|                       bucket_pointer_694_out|       pointer|
|bucket_pointer_694_out_o         |  out|   32|     ap_ovld|                       bucket_pointer_694_out|       pointer|
|bucket_pointer_694_out_o_ap_vld  |  out|    1|     ap_ovld|                       bucket_pointer_694_out|       pointer|
|bucket_pointer_693_out_i         |   in|   32|     ap_ovld|                       bucket_pointer_693_out|       pointer|
|bucket_pointer_693_out_o         |  out|   32|     ap_ovld|                       bucket_pointer_693_out|       pointer|
|bucket_pointer_693_out_o_ap_vld  |  out|    1|     ap_ovld|                       bucket_pointer_693_out|       pointer|
|bucket_pointer_692_out_i         |   in|   32|     ap_ovld|                       bucket_pointer_692_out|       pointer|
|bucket_pointer_692_out_o         |  out|   32|     ap_ovld|                       bucket_pointer_692_out|       pointer|
|bucket_pointer_692_out_o_ap_vld  |  out|    1|     ap_ovld|                       bucket_pointer_692_out|       pointer|
|bucket_pointer_691_out_i         |   in|   32|     ap_ovld|                       bucket_pointer_691_out|       pointer|
|bucket_pointer_691_out_o         |  out|   32|     ap_ovld|                       bucket_pointer_691_out|       pointer|
|bucket_pointer_691_out_o_ap_vld  |  out|    1|     ap_ovld|                       bucket_pointer_691_out|       pointer|
|bucket_pointer_690_out_i         |   in|   32|     ap_ovld|                       bucket_pointer_690_out|       pointer|
|bucket_pointer_690_out_o         |  out|   32|     ap_ovld|                       bucket_pointer_690_out|       pointer|
|bucket_pointer_690_out_o_ap_vld  |  out|    1|     ap_ovld|                       bucket_pointer_690_out|       pointer|
|bucket_pointer_689_out_i         |   in|   32|     ap_ovld|                       bucket_pointer_689_out|       pointer|
|bucket_pointer_689_out_o         |  out|   32|     ap_ovld|                       bucket_pointer_689_out|       pointer|
|bucket_pointer_689_out_o_ap_vld  |  out|    1|     ap_ovld|                       bucket_pointer_689_out|       pointer|
|bucket_pointer_688_out_i         |   in|   32|     ap_ovld|                       bucket_pointer_688_out|       pointer|
|bucket_pointer_688_out_o         |  out|   32|     ap_ovld|                       bucket_pointer_688_out|       pointer|
|bucket_pointer_688_out_o_ap_vld  |  out|    1|     ap_ovld|                       bucket_pointer_688_out|       pointer|
|bucket_pointer_687_out_i         |   in|   32|     ap_ovld|                       bucket_pointer_687_out|       pointer|
|bucket_pointer_687_out_o         |  out|   32|     ap_ovld|                       bucket_pointer_687_out|       pointer|
|bucket_pointer_687_out_o_ap_vld  |  out|    1|     ap_ovld|                       bucket_pointer_687_out|       pointer|
|bucket_pointer_686_out_i         |   in|   32|     ap_ovld|                       bucket_pointer_686_out|       pointer|
|bucket_pointer_686_out_o         |  out|   32|     ap_ovld|                       bucket_pointer_686_out|       pointer|
|bucket_pointer_686_out_o_ap_vld  |  out|    1|     ap_ovld|                       bucket_pointer_686_out|       pointer|
|bucket_pointer_685_out_i         |   in|   32|     ap_ovld|                       bucket_pointer_685_out|       pointer|
|bucket_pointer_685_out_o         |  out|   32|     ap_ovld|                       bucket_pointer_685_out|       pointer|
|bucket_pointer_685_out_o_ap_vld  |  out|    1|     ap_ovld|                       bucket_pointer_685_out|       pointer|
|bucket_pointer_684_out_i         |   in|   32|     ap_ovld|                       bucket_pointer_684_out|       pointer|
|bucket_pointer_684_out_o         |  out|   32|     ap_ovld|                       bucket_pointer_684_out|       pointer|
|bucket_pointer_684_out_o_ap_vld  |  out|    1|     ap_ovld|                       bucket_pointer_684_out|       pointer|
|bucket_pointer_683_out_i         |   in|   32|     ap_ovld|                       bucket_pointer_683_out|       pointer|
|bucket_pointer_683_out_o         |  out|   32|     ap_ovld|                       bucket_pointer_683_out|       pointer|
|bucket_pointer_683_out_o_ap_vld  |  out|    1|     ap_ovld|                       bucket_pointer_683_out|       pointer|
+---------------------------------+-----+-----+------------+---------------------------------------------+--------------+

