

================================================================
== Vitis HLS Report for 'radix_sort_hex_batch_33_1_Pipeline_bucket_pointer_initialization'
================================================================
* Date:           Tue Apr 25 09:32:05 2023

* Version:        2022.2 (Build 3670227 on Oct 13 2022)
* Project:        sort_seperate_bucket
* Solution:       solution1 (Vivado IP Flow Target)
* Product family: virtexuplus
* Target device:  xcu280-fsvh2892-2L-e


================================================================
== Performance Estimates
================================================================
+ Timing: 
    * Summary: 
    +--------+----------+----------+------------+
    |  Clock |  Target  | Estimated| Uncertainty|
    +--------+----------+----------+------------+
    |ap_clk  |  10.00 ns|  1.760 ns|     2.70 ns|
    +--------+----------+----------+------------+

+ Latency: 
    * Summary: 
    +---------+---------+----------+----------+-----+-----+---------+
    |  Latency (cycles) |  Latency (absolute) |  Interval | Pipeline|
    |   min   |   max   |    min   |    max   | min | max |   Type  |
    +---------+---------+----------+----------+-----+-----+---------+
    |       18|       18|  0.180 us|  0.180 us|   18|   18|       no|
    +---------+---------+----------+----------+-----+-----+---------+

    + Detail: 
        * Instance: 
        N/A

        * Loop: 
        +---------------------------------+---------+---------+----------+-----------+-----------+------+----------+
        |                                 |  Latency (cycles) | Iteration|  Initiation Interval  | Trip |          |
        |            Loop Name            |   min   |   max   |  Latency |  achieved |   target  | Count| Pipelined|
        +---------------------------------+---------+---------+----------+-----------+-----------+------+----------+
        |- bucket_pointer_initialization  |       16|       16|         1|          1|          1|    16|       yes|
        +---------------------------------+---------+---------+----------+-----------+-----------+------+----------+



================================================================
== Utilization Estimates
================================================================
* Summary: 
+---------------------+---------+------+---------+---------+-----+
|         Name        | BRAM_18K|  DSP |    FF   |   LUT   | URAM|
+---------------------+---------+------+---------+---------+-----+
|DSP                  |        -|     -|        -|        -|    -|
|Expression           |        -|     -|        0|       95|    -|
|FIFO                 |        -|     -|        -|        -|    -|
|Instance             |        -|     -|        0|       65|    -|
|Memory               |        -|     -|        -|        -|    -|
|Multiplexer          |        -|     -|        -|      324|    -|
|Register             |        -|     -|     1064|        -|    -|
+---------------------+---------+------+---------+---------+-----+
|Total                |        0|     0|     1064|      484|    0|
+---------------------+---------+------+---------+---------+-----+
|Available SLR        |     1344|  3008|   869120|   434560|  320|
+---------------------+---------+------+---------+---------+-----+
|Utilization SLR (%)  |        0|     0|       ~0|       ~0|    0|
+---------------------+---------+------+---------+---------+-----+
|Available            |     4032|  9024|  2607360|  1303680|  960|
+---------------------+---------+------+---------+---------+-----+
|Utilization (%)      |        0|     0|       ~0|       ~0|    0|
+---------------------+---------+------+---------+---------+-----+

+ Detail: 
    * Instance: 
    +----------------------+----------------+---------+----+---+----+-----+
    |       Instance       |     Module     | BRAM_18K| DSP| FF| LUT| URAM|
    +----------------------+----------------+---------+----+---+----+-----+
    |mux_164_32_1_1_U6230  |mux_164_32_1_1  |        0|   0|  0|  65|    0|
    +----------------------+----------------+---------+----+---+----+-----+
    |Total                 |                |        0|   0|  0|  65|    0|
    +----------------------+----------------+---------+----+---+----+-----+

    * DSP: 
    N/A

    * Memory: 
    N/A

    * FIFO: 
    N/A

    * Expression: 
    +--------------------------------+----------+----+---+----+------------+------------+
    |          Variable Name         | Operation| DSP| FF| LUT| Bitwidth P0| Bitwidth P1|
    +--------------------------------+----------+----+---+----+------------+------------+
    |add_ln33_fu_922_p2              |         +|   0|  0|  12|           5|           1|
    |next_bucket_pointer_fu_1018_p2  |         +|   0|  0|  39|          32|          32|
    |ap_condition_505                |       and|   0|  0|   2|           1|           1|
    |ap_condition_508                |       and|   0|  0|   2|           1|           1|
    |ap_condition_511                |       and|   0|  0|   2|           1|           1|
    |ap_condition_514                |       and|   0|  0|   2|           1|           1|
    |ap_condition_517                |       and|   0|  0|   2|           1|           1|
    |ap_condition_520                |       and|   0|  0|   2|           1|           1|
    |ap_condition_523                |       and|   0|  0|   2|           1|           1|
    |ap_condition_526                |       and|   0|  0|   2|           1|           1|
    |ap_condition_529                |       and|   0|  0|   2|           1|           1|
    |ap_condition_532                |       and|   0|  0|   2|           1|           1|
    |ap_condition_535                |       and|   0|  0|   2|           1|           1|
    |ap_condition_538                |       and|   0|  0|   2|           1|           1|
    |ap_condition_541                |       and|   0|  0|   2|           1|           1|
    |ap_condition_544                |       and|   0|  0|   2|           1|           1|
    |ap_condition_547                |       and|   0|  0|   2|           1|           1|
    |ap_condition_550                |       and|   0|  0|   2|           1|           1|
    |icmp_ln33_fu_916_p2             |      icmp|   0|  0|  10|           5|           6|
    |ap_enable_pp0                   |       xor|   0|  0|   2|           1|           2|
    +--------------------------------+----------+----+---+----+------------+------------+
    |Total                           |          |   0|  0|  95|          59|          57|
    +--------------------------------+----------+----+---+----+------------+------------+

    * Multiplexer: 
    +----------------------------+----+-----------+-----+-----------+
    |            Name            | LUT| Input Size| Bits| Total Bits|
    +----------------------------+----+-----------+-----+-----------+
    |ap_done_int                 |   9|          2|    1|          2|
    |ap_enable_reg_pp0_iter1     |   9|          2|    1|          2|
    |bucket_pointer_1225_fu_192  |   9|          2|   32|         64|
    |bucket_pointer_1226_fu_196  |   9|          2|   32|         64|
    |bucket_pointer_1227_fu_200  |   9|          2|   32|         64|
    |bucket_pointer_1228_fu_204  |   9|          2|   32|         64|
    |bucket_pointer_1229_fu_208  |   9|          2|   32|         64|
    |bucket_pointer_1230_fu_212  |   9|          2|   32|         64|
    |bucket_pointer_1231_fu_216  |   9|          2|   32|         64|
    |bucket_pointer_1232_fu_220  |   9|          2|   32|         64|
    |bucket_pointer_1233_fu_224  |   9|          2|   32|         64|
    |bucket_pointer_1234_fu_228  |   9|          2|   32|         64|
    |bucket_pointer_1235_fu_232  |   9|          2|   32|         64|
    |bucket_pointer_1236_fu_236  |   9|          2|   32|         64|
    |bucket_pointer_1237_fu_240  |   9|          2|   32|         64|
    |bucket_pointer_1238_fu_244  |   9|          2|   32|         64|
    |bucket_pointer_1239_fu_248  |   9|          2|   32|         64|
    |bucket_pointer_1240_fu_252  |   9|          2|   32|         64|
    |bucket_pointer_1241_fu_256  |   9|          2|   32|         64|
    |bucket_sizes_1606_fu_264    |   9|          2|   32|         64|
    |bucket_sizes_1607_fu_268    |   9|          2|   32|         64|
    |bucket_sizes_1608_fu_272    |   9|          2|   32|         64|
    |bucket_sizes_1609_fu_276    |   9|          2|   32|         64|
    |bucket_sizes_1610_fu_280    |   9|          2|   32|         64|
    |bucket_sizes_1611_fu_284    |   9|          2|   32|         64|
    |bucket_sizes_1612_fu_288    |   9|          2|   32|         64|
    |bucket_sizes_1613_fu_292    |   9|          2|   32|         64|
    |bucket_sizes_1614_fu_296    |   9|          2|   32|         64|
    |bucket_sizes_1615_fu_300    |   9|          2|   32|         64|
    |bucket_sizes_1616_fu_304    |   9|          2|   32|         64|
    |bucket_sizes_1617_fu_308    |   9|          2|   32|         64|
    |bucket_sizes_1618_fu_312    |   9|          2|   32|         64|
    |bucket_sizes_1619_fu_316    |   9|          2|   32|         64|
    |bucket_sizes_1620_fu_320    |   9|          2|   32|         64|
    |bucket_sizes_fu_260         |   9|          2|   32|         64|
    |m_fu_188                    |   9|          2|    5|         10|
    +----------------------------+----+-----------+-----+-----------+
    |Total                       | 324|         72| 1063|       2126|
    +----------------------------+----+-----------+-----+-----------+

    * Register: 
    +----------------------------+----+----+-----+-----------+
    |            Name            | FF | LUT| Bits| Const Bits|
    +----------------------------+----+----+-----+-----------+
    |ap_CS_fsm                   |   1|   0|    1|          0|
    |ap_done_reg                 |   1|   0|    1|          0|
    |ap_enable_reg_pp0_iter1     |   1|   0|    1|          0|
    |bucket_pointer_1225_fu_192  |  32|   0|   32|          0|
    |bucket_pointer_1226_fu_196  |  32|   0|   32|          0|
    |bucket_pointer_1227_fu_200  |  32|   0|   32|          0|
    |bucket_pointer_1228_fu_204  |  32|   0|   32|          0|
    |bucket_pointer_1229_fu_208  |  32|   0|   32|          0|
    |bucket_pointer_1230_fu_212  |  32|   0|   32|          0|
    |bucket_pointer_1231_fu_216  |  32|   0|   32|          0|
    |bucket_pointer_1232_fu_220  |  32|   0|   32|          0|
    |bucket_pointer_1233_fu_224  |  32|   0|   32|          0|
    |bucket_pointer_1234_fu_228  |  32|   0|   32|          0|
    |bucket_pointer_1235_fu_232  |  32|   0|   32|          0|
    |bucket_pointer_1236_fu_236  |  32|   0|   32|          0|
    |bucket_pointer_1237_fu_240  |  32|   0|   32|          0|
    |bucket_pointer_1238_fu_244  |  32|   0|   32|          0|
    |bucket_pointer_1239_fu_248  |  32|   0|   32|          0|
    |bucket_pointer_1240_fu_252  |  32|   0|   32|          0|
    |bucket_pointer_1241_fu_256  |  32|   0|   32|          0|
    |bucket_sizes_1606_fu_264    |  32|   0|   32|          0|
    |bucket_sizes_1607_fu_268    |  32|   0|   32|          0|
    |bucket_sizes_1608_fu_272    |  32|   0|   32|          0|
    |bucket_sizes_1609_fu_276    |  32|   0|   32|          0|
    |bucket_sizes_1610_fu_280    |  32|   0|   32|          0|
    |bucket_sizes_1611_fu_284    |  32|   0|   32|          0|
    |bucket_sizes_1612_fu_288    |  32|   0|   32|          0|
    |bucket_sizes_1613_fu_292    |  32|   0|   32|          0|
    |bucket_sizes_1614_fu_296    |  32|   0|   32|          0|
    |bucket_sizes_1615_fu_300    |  32|   0|   32|          0|
    |bucket_sizes_1616_fu_304    |  32|   0|   32|          0|
    |bucket_sizes_1617_fu_308    |  32|   0|   32|          0|
    |bucket_sizes_1618_fu_312    |  32|   0|   32|          0|
    |bucket_sizes_1619_fu_316    |  32|   0|   32|          0|
    |bucket_sizes_1620_fu_320    |  32|   0|   32|          0|
    |bucket_sizes_fu_260         |  32|   0|   32|          0|
    |m_fu_188                    |   5|   0|    5|          0|
    +----------------------------+----+----+-----+-----------+
    |Total                       |1064|   0| 1064|          0|
    +----------------------------+----+----+-----+-----------+



================================================================
== Interface
================================================================
* Summary: 
+--------------------------------+-----+-----+------------+------------------------------------------------------------------+--------------+
|            RTL Ports           | Dir | Bits|  Protocol  |                           Source Object                          |    C Type    |
+--------------------------------+-----+-----+------------+------------------------------------------------------------------+--------------+
|ap_clk                          |   in|    1|  ap_ctrl_hs|  radix_sort_hex_batch.33.1_Pipeline_bucket_pointer_initialization|  return value|
|ap_rst                          |   in|    1|  ap_ctrl_hs|  radix_sort_hex_batch.33.1_Pipeline_bucket_pointer_initialization|  return value|
|ap_start                        |   in|    1|  ap_ctrl_hs|  radix_sort_hex_batch.33.1_Pipeline_bucket_pointer_initialization|  return value|
|ap_done                         |  out|    1|  ap_ctrl_hs|  radix_sort_hex_batch.33.1_Pipeline_bucket_pointer_initialization|  return value|
|ap_idle                         |  out|    1|  ap_ctrl_hs|  radix_sort_hex_batch.33.1_Pipeline_bucket_pointer_initialization|  return value|
|ap_ready                        |  out|    1|  ap_ctrl_hs|  radix_sort_hex_batch.33.1_Pipeline_bucket_pointer_initialization|  return value|
|bucket_sizes_5300               |   in|   32|     ap_none|                                                 bucket_sizes_5300|        scalar|
|bucket_sizes_5299               |   in|   32|     ap_none|                                                 bucket_sizes_5299|        scalar|
|bucket_sizes_5298               |   in|   32|     ap_none|                                                 bucket_sizes_5298|        scalar|
|bucket_sizes_5297               |   in|   32|     ap_none|                                                 bucket_sizes_5297|        scalar|
|bucket_sizes_5296               |   in|   32|     ap_none|                                                 bucket_sizes_5296|        scalar|
|bucket_sizes_5295               |   in|   32|     ap_none|                                                 bucket_sizes_5295|        scalar|
|bucket_sizes_5294               |   in|   32|     ap_none|                                                 bucket_sizes_5294|        scalar|
|bucket_sizes_5293               |   in|   32|     ap_none|                                                 bucket_sizes_5293|        scalar|
|bucket_sizes_5292               |   in|   32|     ap_none|                                                 bucket_sizes_5292|        scalar|
|bucket_sizes_5291               |   in|   32|     ap_none|                                                 bucket_sizes_5291|        scalar|
|bucket_sizes_5290               |   in|   32|     ap_none|                                                 bucket_sizes_5290|        scalar|
|bucket_sizes_5289               |   in|   32|     ap_none|                                                 bucket_sizes_5289|        scalar|
|bucket_sizes_5288               |   in|   32|     ap_none|                                                 bucket_sizes_5288|        scalar|
|bucket_sizes_5287               |   in|   32|     ap_none|                                                 bucket_sizes_5287|        scalar|
|bucket_sizes_5286               |   in|   32|     ap_none|                                                 bucket_sizes_5286|        scalar|
|bucket_sizes_5285               |   in|   32|     ap_none|                                                 bucket_sizes_5285|        scalar|
|bucket_pointer_2355             |   in|   32|     ap_none|                                               bucket_pointer_2355|        scalar|
|bucket_pointer_2354             |   in|   32|     ap_none|                                               bucket_pointer_2354|        scalar|
|bucket_pointer_2353             |   in|   32|     ap_none|                                               bucket_pointer_2353|        scalar|
|bucket_pointer_2352             |   in|   32|     ap_none|                                               bucket_pointer_2352|        scalar|
|bucket_pointer_2351             |   in|   32|     ap_none|                                               bucket_pointer_2351|        scalar|
|bucket_pointer_2350             |   in|   32|     ap_none|                                               bucket_pointer_2350|        scalar|
|bucket_pointer_2349             |   in|   32|     ap_none|                                               bucket_pointer_2349|        scalar|
|bucket_pointer_2348             |   in|   32|     ap_none|                                               bucket_pointer_2348|        scalar|
|bucket_pointer_2347             |   in|   32|     ap_none|                                               bucket_pointer_2347|        scalar|
|bucket_pointer_2346             |   in|   32|     ap_none|                                               bucket_pointer_2346|        scalar|
|bucket_pointer_2345             |   in|   32|     ap_none|                                               bucket_pointer_2345|        scalar|
|bucket_pointer_2344             |   in|   32|     ap_none|                                               bucket_pointer_2344|        scalar|
|bucket_pointer_2343             |   in|   32|     ap_none|                                               bucket_pointer_2343|        scalar|
|bucket_pointer_2342             |   in|   32|     ap_none|                                               bucket_pointer_2342|        scalar|
|bucket_pointer_2341             |   in|   32|     ap_none|                                               bucket_pointer_2341|        scalar|
|bucket_pointer                  |   in|   32|     ap_none|                                                    bucket_pointer|        scalar|
|bucket_sizes_5316_out           |  out|   32|      ap_vld|                                             bucket_sizes_5316_out|       pointer|
|bucket_sizes_5316_out_ap_vld    |  out|    1|      ap_vld|                                             bucket_sizes_5316_out|       pointer|
|bucket_sizes_5315_out           |  out|   32|      ap_vld|                                             bucket_sizes_5315_out|       pointer|
|bucket_sizes_5315_out_ap_vld    |  out|    1|      ap_vld|                                             bucket_sizes_5315_out|       pointer|
|bucket_sizes_5314_out           |  out|   32|      ap_vld|                                             bucket_sizes_5314_out|       pointer|
|bucket_sizes_5314_out_ap_vld    |  out|    1|      ap_vld|                                             bucket_sizes_5314_out|       pointer|
|bucket_sizes_5313_out           |  out|   32|      ap_vld|                                             bucket_sizes_5313_out|       pointer|
|bucket_sizes_5313_out_ap_vld    |  out|    1|      ap_vld|                                             bucket_sizes_5313_out|       pointer|
|bucket_sizes_5312_out           |  out|   32|      ap_vld|                                             bucket_sizes_5312_out|       pointer|
|bucket_sizes_5312_out_ap_vld    |  out|    1|      ap_vld|                                             bucket_sizes_5312_out|       pointer|
|bucket_sizes_5311_out           |  out|   32|      ap_vld|                                             bucket_sizes_5311_out|       pointer|
|bucket_sizes_5311_out_ap_vld    |  out|    1|      ap_vld|                                             bucket_sizes_5311_out|       pointer|
|bucket_sizes_5310_out           |  out|   32|      ap_vld|                                             bucket_sizes_5310_out|       pointer|
|bucket_sizes_5310_out_ap_vld    |  out|    1|      ap_vld|                                             bucket_sizes_5310_out|       pointer|
|bucket_sizes_5309_out           |  out|   32|      ap_vld|                                             bucket_sizes_5309_out|       pointer|
|bucket_sizes_5309_out_ap_vld    |  out|    1|      ap_vld|                                             bucket_sizes_5309_out|       pointer|
|bucket_sizes_5308_out           |  out|   32|      ap_vld|                                             bucket_sizes_5308_out|       pointer|
|bucket_sizes_5308_out_ap_vld    |  out|    1|      ap_vld|                                             bucket_sizes_5308_out|       pointer|
|bucket_sizes_5307_out           |  out|   32|      ap_vld|                                             bucket_sizes_5307_out|       pointer|
|bucket_sizes_5307_out_ap_vld    |  out|    1|      ap_vld|                                             bucket_sizes_5307_out|       pointer|
|bucket_sizes_5306_out           |  out|   32|      ap_vld|                                             bucket_sizes_5306_out|       pointer|
|bucket_sizes_5306_out_ap_vld    |  out|    1|      ap_vld|                                             bucket_sizes_5306_out|       pointer|
|bucket_sizes_5305_out           |  out|   32|      ap_vld|                                             bucket_sizes_5305_out|       pointer|
|bucket_sizes_5305_out_ap_vld    |  out|    1|      ap_vld|                                             bucket_sizes_5305_out|       pointer|
|bucket_sizes_5304_out           |  out|   32|      ap_vld|                                             bucket_sizes_5304_out|       pointer|
|bucket_sizes_5304_out_ap_vld    |  out|    1|      ap_vld|                                             bucket_sizes_5304_out|       pointer|
|bucket_sizes_5303_out           |  out|   32|      ap_vld|                                             bucket_sizes_5303_out|       pointer|
|bucket_sizes_5303_out_ap_vld    |  out|    1|      ap_vld|                                             bucket_sizes_5303_out|       pointer|
|bucket_sizes_5302_out           |  out|   32|      ap_vld|                                             bucket_sizes_5302_out|       pointer|
|bucket_sizes_5302_out_ap_vld    |  out|    1|      ap_vld|                                             bucket_sizes_5302_out|       pointer|
|bucket_sizes_5301_out           |  out|   32|      ap_vld|                                             bucket_sizes_5301_out|       pointer|
|bucket_sizes_5301_out_ap_vld    |  out|    1|      ap_vld|                                             bucket_sizes_5301_out|       pointer|
|bucket_pointer_2371_out         |  out|   32|      ap_vld|                                           bucket_pointer_2371_out|       pointer|
|bucket_pointer_2371_out_ap_vld  |  out|    1|      ap_vld|                                           bucket_pointer_2371_out|       pointer|
|bucket_pointer_2370_out         |  out|   32|      ap_vld|                                           bucket_pointer_2370_out|       pointer|
|bucket_pointer_2370_out_ap_vld  |  out|    1|      ap_vld|                                           bucket_pointer_2370_out|       pointer|
|bucket_pointer_2369_out         |  out|   32|      ap_vld|                                           bucket_pointer_2369_out|       pointer|
|bucket_pointer_2369_out_ap_vld  |  out|    1|      ap_vld|                                           bucket_pointer_2369_out|       pointer|
|bucket_pointer_2368_out         |  out|   32|      ap_vld|                                           bucket_pointer_2368_out|       pointer|
|bucket_pointer_2368_out_ap_vld  |  out|    1|      ap_vld|                                           bucket_pointer_2368_out|       pointer|
|bucket_pointer_2367_out         |  out|   32|      ap_vld|                                           bucket_pointer_2367_out|       pointer|
|bucket_pointer_2367_out_ap_vld  |  out|    1|      ap_vld|                                           bucket_pointer_2367_out|       pointer|
|bucket_pointer_2366_out         |  out|   32|      ap_vld|                                           bucket_pointer_2366_out|       pointer|
|bucket_pointer_2366_out_ap_vld  |  out|    1|      ap_vld|                                           bucket_pointer_2366_out|       pointer|
|bucket_pointer_2365_out         |  out|   32|      ap_vld|                                           bucket_pointer_2365_out|       pointer|
|bucket_pointer_2365_out_ap_vld  |  out|    1|      ap_vld|                                           bucket_pointer_2365_out|       pointer|
|bucket_pointer_2364_out         |  out|   32|      ap_vld|                                           bucket_pointer_2364_out|       pointer|
|bucket_pointer_2364_out_ap_vld  |  out|    1|      ap_vld|                                           bucket_pointer_2364_out|       pointer|
|bucket_pointer_2363_out         |  out|   32|      ap_vld|                                           bucket_pointer_2363_out|       pointer|
|bucket_pointer_2363_out_ap_vld  |  out|    1|      ap_vld|                                           bucket_pointer_2363_out|       pointer|
|bucket_pointer_2362_out         |  out|   32|      ap_vld|                                           bucket_pointer_2362_out|       pointer|
|bucket_pointer_2362_out_ap_vld  |  out|    1|      ap_vld|                                           bucket_pointer_2362_out|       pointer|
|bucket_pointer_2361_out         |  out|   32|      ap_vld|                                           bucket_pointer_2361_out|       pointer|
|bucket_pointer_2361_out_ap_vld  |  out|    1|      ap_vld|                                           bucket_pointer_2361_out|       pointer|
|bucket_pointer_2360_out         |  out|   32|      ap_vld|                                           bucket_pointer_2360_out|       pointer|
|bucket_pointer_2360_out_ap_vld  |  out|    1|      ap_vld|                                           bucket_pointer_2360_out|       pointer|
|bucket_pointer_2359_out         |  out|   32|      ap_vld|                                           bucket_pointer_2359_out|       pointer|
|bucket_pointer_2359_out_ap_vld  |  out|    1|      ap_vld|                                           bucket_pointer_2359_out|       pointer|
|bucket_pointer_2358_out         |  out|   32|      ap_vld|                                           bucket_pointer_2358_out|       pointer|
|bucket_pointer_2358_out_ap_vld  |  out|    1|      ap_vld|                                           bucket_pointer_2358_out|       pointer|
|bucket_pointer_2357_out         |  out|   32|      ap_vld|                                           bucket_pointer_2357_out|       pointer|
|bucket_pointer_2357_out_ap_vld  |  out|    1|      ap_vld|                                           bucket_pointer_2357_out|       pointer|
|bucket_pointer_2356_out         |  out|   32|      ap_vld|                                           bucket_pointer_2356_out|       pointer|
|bucket_pointer_2356_out_ap_vld  |  out|    1|      ap_vld|                                           bucket_pointer_2356_out|       pointer|
+--------------------------------+-----+-----+------------+------------------------------------------------------------------+--------------+

