

================================================================
== Vitis HLS Report for 'radix_sort_unified_bucket_pingpong_19_1_Pipeline_bucket_pointer_initialization'
================================================================
* Date:           Sat Apr 22 14:45:35 2023

* Version:        2022.2 (Build 3670227 on Oct 13 2022)
* Project:        sort_seperate_bucket
* Solution:       solution1 (Vivado IP Flow Target)
* Product family: virtexuplus
* Target device:  xcu280-fsvh2892-2L-e


================================================================
== Performance Estimates
================================================================
+ Timing: 
    * Summary: 
    +--------+----------+----------+------------+
    |  Clock |  Target  | Estimated| Uncertainty|
    +--------+----------+----------+------------+
    |ap_clk  |  10.00 ns|  1.760 ns|     2.70 ns|
    +--------+----------+----------+------------+

+ Latency: 
    * Summary: 
    +---------+---------+----------+----------+-----+-----+---------+
    |  Latency (cycles) |  Latency (absolute) |  Interval | Pipeline|
    |   min   |   max   |    min   |    max   | min | max |   Type  |
    +---------+---------+----------+----------+-----+-----+---------+
    |       18|       18|  0.180 us|  0.180 us|   18|   18|       no|
    +---------+---------+----------+----------+-----+-----+---------+

    + Detail: 
        * Instance: 
        N/A

        * Loop: 
        +---------------------------------+---------+---------+----------+-----------+-----------+------+----------+
        |                                 |  Latency (cycles) | Iteration|  Initiation Interval  | Trip |          |
        |            Loop Name            |   min   |   max   |  Latency |  achieved |   target  | Count| Pipelined|
        +---------------------------------+---------+---------+----------+-----------+-----------+------+----------+
        |- bucket_pointer_initialization  |       16|       16|         1|          1|          1|    16|       yes|
        +---------------------------------+---------+---------+----------+-----------+-----------+------+----------+



================================================================
== Utilization Estimates
================================================================
* Summary: 
+---------------------+---------+------+---------+---------+-----+
|         Name        | BRAM_18K|  DSP |    FF   |   LUT   | URAM|
+---------------------+---------+------+---------+---------+-----+
|DSP                  |        -|     -|        -|        -|    -|
|Expression           |        -|     -|        0|       95|    -|
|FIFO                 |        -|     -|        -|        -|    -|
|Instance             |        -|     -|        0|       65|    -|
|Memory               |        -|     -|        -|        -|    -|
|Multiplexer          |        -|     -|        -|      324|    -|
|Register             |        -|     -|     1064|        -|    -|
+---------------------+---------+------+---------+---------+-----+
|Total                |        0|     0|     1064|      484|    0|
+---------------------+---------+------+---------+---------+-----+
|Available SLR        |     1344|  3008|   869120|   434560|  320|
+---------------------+---------+------+---------+---------+-----+
|Utilization SLR (%)  |        0|     0|       ~0|       ~0|    0|
+---------------------+---------+------+---------+---------+-----+
|Available            |     4032|  9024|  2607360|  1303680|  960|
+---------------------+---------+------+---------+---------+-----+
|Utilization (%)      |        0|     0|       ~0|       ~0|    0|
+---------------------+---------+------+---------+---------+-----+

+ Detail: 
    * Instance: 
    +----------------------+----------------+---------+----+---+----+-----+
    |       Instance       |     Module     | BRAM_18K| DSP| FF| LUT| URAM|
    +----------------------+----------------+---------+----+---+----+-----+
    |mux_164_32_1_1_U3528  |mux_164_32_1_1  |        0|   0|  0|  65|    0|
    +----------------------+----------------+---------+----+---+----+-----+
    |Total                 |                |        0|   0|  0|  65|    0|
    +----------------------+----------------+---------+----+---+----+-----+

    * DSP: 
    N/A

    * Memory: 
    N/A

    * FIFO: 
    N/A

    * Expression: 
    +--------------------------------+----------+----+---+----+------------+------------+
    |          Variable Name         | Operation| DSP| FF| LUT| Bitwidth P0| Bitwidth P1|
    +--------------------------------+----------+----+---+----+------------+------------+
    |add_ln85_fu_922_p2              |         +|   0|  0|  12|           5|           1|
    |next_bucket_pointer_fu_1018_p2  |         +|   0|  0|  39|          32|          32|
    |ap_condition_505                |       and|   0|  0|   2|           1|           1|
    |ap_condition_508                |       and|   0|  0|   2|           1|           1|
    |ap_condition_511                |       and|   0|  0|   2|           1|           1|
    |ap_condition_514                |       and|   0|  0|   2|           1|           1|
    |ap_condition_517                |       and|   0|  0|   2|           1|           1|
    |ap_condition_520                |       and|   0|  0|   2|           1|           1|
    |ap_condition_523                |       and|   0|  0|   2|           1|           1|
    |ap_condition_526                |       and|   0|  0|   2|           1|           1|
    |ap_condition_529                |       and|   0|  0|   2|           1|           1|
    |ap_condition_532                |       and|   0|  0|   2|           1|           1|
    |ap_condition_535                |       and|   0|  0|   2|           1|           1|
    |ap_condition_538                |       and|   0|  0|   2|           1|           1|
    |ap_condition_541                |       and|   0|  0|   2|           1|           1|
    |ap_condition_544                |       and|   0|  0|   2|           1|           1|
    |ap_condition_547                |       and|   0|  0|   2|           1|           1|
    |ap_condition_550                |       and|   0|  0|   2|           1|           1|
    |icmp_ln85_fu_916_p2             |      icmp|   0|  0|  10|           5|           6|
    |ap_enable_pp0                   |       xor|   0|  0|   2|           1|           2|
    +--------------------------------+----------+----+---+----+------------+------------+
    |Total                           |          |   0|  0|  95|          59|          57|
    +--------------------------------+----------+----+---+----+------------+------------+

    * Multiplexer: 
    +---------------------------+----+-----------+-----+-----------+
    |            Name           | LUT| Input Size| Bits| Total Bits|
    +---------------------------+----+-----------+-----+-----------+
    |ap_done_int                |   9|          2|    1|          2|
    |ap_enable_reg_pp0_iter1    |   9|          2|    1|          2|
    |bucket_pointer_681_fu_192  |   9|          2|   32|         64|
    |bucket_pointer_682_fu_196  |   9|          2|   32|         64|
    |bucket_pointer_683_fu_200  |   9|          2|   32|         64|
    |bucket_pointer_684_fu_204  |   9|          2|   32|         64|
    |bucket_pointer_685_fu_208  |   9|          2|   32|         64|
    |bucket_pointer_686_fu_212  |   9|          2|   32|         64|
    |bucket_pointer_687_fu_216  |   9|          2|   32|         64|
    |bucket_pointer_688_fu_220  |   9|          2|   32|         64|
    |bucket_pointer_689_fu_224  |   9|          2|   32|         64|
    |bucket_pointer_690_fu_228  |   9|          2|   32|         64|
    |bucket_pointer_691_fu_232  |   9|          2|   32|         64|
    |bucket_pointer_692_fu_236  |   9|          2|   32|         64|
    |bucket_pointer_693_fu_240  |   9|          2|   32|         64|
    |bucket_pointer_694_fu_244  |   9|          2|   32|         64|
    |bucket_pointer_695_fu_248  |   9|          2|   32|         64|
    |bucket_pointer_696_fu_252  |   9|          2|   32|         64|
    |bucket_pointer_697_fu_256  |   9|          2|   32|         64|
    |bucket_sizes_886_fu_264    |   9|          2|   32|         64|
    |bucket_sizes_887_fu_268    |   9|          2|   32|         64|
    |bucket_sizes_888_fu_272    |   9|          2|   32|         64|
    |bucket_sizes_889_fu_276    |   9|          2|   32|         64|
    |bucket_sizes_890_fu_280    |   9|          2|   32|         64|
    |bucket_sizes_891_fu_284    |   9|          2|   32|         64|
    |bucket_sizes_892_fu_288    |   9|          2|   32|         64|
    |bucket_sizes_893_fu_292    |   9|          2|   32|         64|
    |bucket_sizes_894_fu_296    |   9|          2|   32|         64|
    |bucket_sizes_895_fu_300    |   9|          2|   32|         64|
    |bucket_sizes_896_fu_304    |   9|          2|   32|         64|
    |bucket_sizes_897_fu_308    |   9|          2|   32|         64|
    |bucket_sizes_898_fu_312    |   9|          2|   32|         64|
    |bucket_sizes_899_fu_316    |   9|          2|   32|         64|
    |bucket_sizes_900_fu_320    |   9|          2|   32|         64|
    |bucket_sizes_fu_260        |   9|          2|   32|         64|
    |m_fu_188                   |   9|          2|    5|         10|
    +---------------------------+----+-----------+-----+-----------+
    |Total                      | 324|         72| 1063|       2126|
    +---------------------------+----+-----------+-----+-----------+

    * Register: 
    +---------------------------+----+----+-----+-----------+
    |            Name           | FF | LUT| Bits| Const Bits|
    +---------------------------+----+----+-----+-----------+
    |ap_CS_fsm                  |   1|   0|    1|          0|
    |ap_done_reg                |   1|   0|    1|          0|
    |ap_enable_reg_pp0_iter1    |   1|   0|    1|          0|
    |bucket_pointer_681_fu_192  |  32|   0|   32|          0|
    |bucket_pointer_682_fu_196  |  32|   0|   32|          0|
    |bucket_pointer_683_fu_200  |  32|   0|   32|          0|
    |bucket_pointer_684_fu_204  |  32|   0|   32|          0|
    |bucket_pointer_685_fu_208  |  32|   0|   32|          0|
    |bucket_pointer_686_fu_212  |  32|   0|   32|          0|
    |bucket_pointer_687_fu_216  |  32|   0|   32|          0|
    |bucket_pointer_688_fu_220  |  32|   0|   32|          0|
    |bucket_pointer_689_fu_224  |  32|   0|   32|          0|
    |bucket_pointer_690_fu_228  |  32|   0|   32|          0|
    |bucket_pointer_691_fu_232  |  32|   0|   32|          0|
    |bucket_pointer_692_fu_236  |  32|   0|   32|          0|
    |bucket_pointer_693_fu_240  |  32|   0|   32|          0|
    |bucket_pointer_694_fu_244  |  32|   0|   32|          0|
    |bucket_pointer_695_fu_248  |  32|   0|   32|          0|
    |bucket_pointer_696_fu_252  |  32|   0|   32|          0|
    |bucket_pointer_697_fu_256  |  32|   0|   32|          0|
    |bucket_sizes_886_fu_264    |  32|   0|   32|          0|
    |bucket_sizes_887_fu_268    |  32|   0|   32|          0|
    |bucket_sizes_888_fu_272    |  32|   0|   32|          0|
    |bucket_sizes_889_fu_276    |  32|   0|   32|          0|
    |bucket_sizes_890_fu_280    |  32|   0|   32|          0|
    |bucket_sizes_891_fu_284    |  32|   0|   32|          0|
    |bucket_sizes_892_fu_288    |  32|   0|   32|          0|
    |bucket_sizes_893_fu_292    |  32|   0|   32|          0|
    |bucket_sizes_894_fu_296    |  32|   0|   32|          0|
    |bucket_sizes_895_fu_300    |  32|   0|   32|          0|
    |bucket_sizes_896_fu_304    |  32|   0|   32|          0|
    |bucket_sizes_897_fu_308    |  32|   0|   32|          0|
    |bucket_sizes_898_fu_312    |  32|   0|   32|          0|
    |bucket_sizes_899_fu_316    |  32|   0|   32|          0|
    |bucket_sizes_900_fu_320    |  32|   0|   32|          0|
    |bucket_sizes_fu_260        |  32|   0|   32|          0|
    |m_fu_188                   |   5|   0|    5|          0|
    +---------------------------+----+----+-----+-----------+
    |Total                      |1064|   0| 1064|          0|
    +---------------------------+----+----+-----+-----------+



================================================================
== Interface
================================================================
* Summary: 
+--------------------------------+-----+-----+------------+--------------------------------------------------------------------------------+--------------+
|            RTL Ports           | Dir | Bits|  Protocol  |                                  Source Object                                 |    C Type    |
+--------------------------------+-----+-----+------------+--------------------------------------------------------------------------------+--------------+
|ap_clk                          |   in|    1|  ap_ctrl_hs|  radix_sort_unified_bucket_pingpong.19.1_Pipeline_bucket_pointer_initialization|  return value|
|ap_rst                          |   in|    1|  ap_ctrl_hs|  radix_sort_unified_bucket_pingpong.19.1_Pipeline_bucket_pointer_initialization|  return value|
|ap_start                        |   in|    1|  ap_ctrl_hs|  radix_sort_unified_bucket_pingpong.19.1_Pipeline_bucket_pointer_initialization|  return value|
|ap_done                         |  out|    1|  ap_ctrl_hs|  radix_sort_unified_bucket_pingpong.19.1_Pipeline_bucket_pointer_initialization|  return value|
|ap_idle                         |  out|    1|  ap_ctrl_hs|  radix_sort_unified_bucket_pingpong.19.1_Pipeline_bucket_pointer_initialization|  return value|
|ap_ready                        |  out|    1|  ap_ctrl_hs|  radix_sort_unified_bucket_pingpong.19.1_Pipeline_bucket_pointer_initialization|  return value|
|bucket_sizes_2979               |   in|   32|     ap_none|                                                               bucket_sizes_2979|        scalar|
|bucket_sizes_2978               |   in|   32|     ap_none|                                                               bucket_sizes_2978|        scalar|
|bucket_sizes_2977               |   in|   32|     ap_none|                                                               bucket_sizes_2977|        scalar|
|bucket_sizes_2976               |   in|   32|     ap_none|                                                               bucket_sizes_2976|        scalar|
|bucket_sizes_2975               |   in|   32|     ap_none|                                                               bucket_sizes_2975|        scalar|
|bucket_sizes_2974               |   in|   32|     ap_none|                                                               bucket_sizes_2974|        scalar|
|bucket_sizes_2973               |   in|   32|     ap_none|                                                               bucket_sizes_2973|        scalar|
|bucket_sizes_2972               |   in|   32|     ap_none|                                                               bucket_sizes_2972|        scalar|
|bucket_sizes_2971               |   in|   32|     ap_none|                                                               bucket_sizes_2971|        scalar|
|bucket_sizes_2970               |   in|   32|     ap_none|                                                               bucket_sizes_2970|        scalar|
|bucket_sizes_2969               |   in|   32|     ap_none|                                                               bucket_sizes_2969|        scalar|
|bucket_sizes_2968               |   in|   32|     ap_none|                                                               bucket_sizes_2968|        scalar|
|bucket_sizes_2967               |   in|   32|     ap_none|                                                               bucket_sizes_2967|        scalar|
|bucket_sizes_2966               |   in|   32|     ap_none|                                                               bucket_sizes_2966|        scalar|
|bucket_sizes_2965               |   in|   32|     ap_none|                                                               bucket_sizes_2965|        scalar|
|bucket_sizes_2948               |   in|   32|     ap_none|                                                               bucket_sizes_2948|        scalar|
|bucket_pointer_1315             |   in|   32|     ap_none|                                                             bucket_pointer_1315|        scalar|
|bucket_pointer_1314             |   in|   32|     ap_none|                                                             bucket_pointer_1314|        scalar|
|bucket_pointer_1313             |   in|   32|     ap_none|                                                             bucket_pointer_1313|        scalar|
|bucket_pointer_1312             |   in|   32|     ap_none|                                                             bucket_pointer_1312|        scalar|
|bucket_pointer_1311             |   in|   32|     ap_none|                                                             bucket_pointer_1311|        scalar|
|bucket_pointer_1310             |   in|   32|     ap_none|                                                             bucket_pointer_1310|        scalar|
|bucket_pointer_1309             |   in|   32|     ap_none|                                                             bucket_pointer_1309|        scalar|
|bucket_pointer_1308             |   in|   32|     ap_none|                                                             bucket_pointer_1308|        scalar|
|bucket_pointer_1307             |   in|   32|     ap_none|                                                             bucket_pointer_1307|        scalar|
|bucket_pointer_1306             |   in|   32|     ap_none|                                                             bucket_pointer_1306|        scalar|
|bucket_pointer_1305             |   in|   32|     ap_none|                                                             bucket_pointer_1305|        scalar|
|bucket_pointer_1304             |   in|   32|     ap_none|                                                             bucket_pointer_1304|        scalar|
|bucket_pointer_1303             |   in|   32|     ap_none|                                                             bucket_pointer_1303|        scalar|
|bucket_pointer_1302             |   in|   32|     ap_none|                                                             bucket_pointer_1302|        scalar|
|bucket_pointer_1301             |   in|   32|     ap_none|                                                             bucket_pointer_1301|        scalar|
|bucket_pointer                  |   in|   32|     ap_none|                                                                  bucket_pointer|        scalar|
|bucket_sizes_2996_out           |  out|   32|      ap_vld|                                                           bucket_sizes_2996_out|       pointer|
|bucket_sizes_2996_out_ap_vld    |  out|    1|      ap_vld|                                                           bucket_sizes_2996_out|       pointer|
|bucket_sizes_2995_out           |  out|   32|      ap_vld|                                                           bucket_sizes_2995_out|       pointer|
|bucket_sizes_2995_out_ap_vld    |  out|    1|      ap_vld|                                                           bucket_sizes_2995_out|       pointer|
|bucket_sizes_2994_out           |  out|   32|      ap_vld|                                                           bucket_sizes_2994_out|       pointer|
|bucket_sizes_2994_out_ap_vld    |  out|    1|      ap_vld|                                                           bucket_sizes_2994_out|       pointer|
|bucket_sizes_2993_out           |  out|   32|      ap_vld|                                                           bucket_sizes_2993_out|       pointer|
|bucket_sizes_2993_out_ap_vld    |  out|    1|      ap_vld|                                                           bucket_sizes_2993_out|       pointer|
|bucket_sizes_2992_out           |  out|   32|      ap_vld|                                                           bucket_sizes_2992_out|       pointer|
|bucket_sizes_2992_out_ap_vld    |  out|    1|      ap_vld|                                                           bucket_sizes_2992_out|       pointer|
|bucket_sizes_2991_out           |  out|   32|      ap_vld|                                                           bucket_sizes_2991_out|       pointer|
|bucket_sizes_2991_out_ap_vld    |  out|    1|      ap_vld|                                                           bucket_sizes_2991_out|       pointer|
|bucket_sizes_2990_out           |  out|   32|      ap_vld|                                                           bucket_sizes_2990_out|       pointer|
|bucket_sizes_2990_out_ap_vld    |  out|    1|      ap_vld|                                                           bucket_sizes_2990_out|       pointer|
|bucket_sizes_2989_out           |  out|   32|      ap_vld|                                                           bucket_sizes_2989_out|       pointer|
|bucket_sizes_2989_out_ap_vld    |  out|    1|      ap_vld|                                                           bucket_sizes_2989_out|       pointer|
|bucket_sizes_2988_out           |  out|   32|      ap_vld|                                                           bucket_sizes_2988_out|       pointer|
|bucket_sizes_2988_out_ap_vld    |  out|    1|      ap_vld|                                                           bucket_sizes_2988_out|       pointer|
|bucket_sizes_2987_out           |  out|   32|      ap_vld|                                                           bucket_sizes_2987_out|       pointer|
|bucket_sizes_2987_out_ap_vld    |  out|    1|      ap_vld|                                                           bucket_sizes_2987_out|       pointer|
|bucket_sizes_2986_out           |  out|   32|      ap_vld|                                                           bucket_sizes_2986_out|       pointer|
|bucket_sizes_2986_out_ap_vld    |  out|    1|      ap_vld|                                                           bucket_sizes_2986_out|       pointer|
|bucket_sizes_2985_out           |  out|   32|      ap_vld|                                                           bucket_sizes_2985_out|       pointer|
|bucket_sizes_2985_out_ap_vld    |  out|    1|      ap_vld|                                                           bucket_sizes_2985_out|       pointer|
|bucket_sizes_2984_out           |  out|   32|      ap_vld|                                                           bucket_sizes_2984_out|       pointer|
|bucket_sizes_2984_out_ap_vld    |  out|    1|      ap_vld|                                                           bucket_sizes_2984_out|       pointer|
|bucket_sizes_2983_out           |  out|   32|      ap_vld|                                                           bucket_sizes_2983_out|       pointer|
|bucket_sizes_2983_out_ap_vld    |  out|    1|      ap_vld|                                                           bucket_sizes_2983_out|       pointer|
|bucket_sizes_2982_out           |  out|   32|      ap_vld|                                                           bucket_sizes_2982_out|       pointer|
|bucket_sizes_2982_out_ap_vld    |  out|    1|      ap_vld|                                                           bucket_sizes_2982_out|       pointer|
|bucket_sizes_2981_out           |  out|   32|      ap_vld|                                                           bucket_sizes_2981_out|       pointer|
|bucket_sizes_2981_out_ap_vld    |  out|    1|      ap_vld|                                                           bucket_sizes_2981_out|       pointer|
|bucket_pointer_1331_out         |  out|   32|      ap_vld|                                                         bucket_pointer_1331_out|       pointer|
|bucket_pointer_1331_out_ap_vld  |  out|    1|      ap_vld|                                                         bucket_pointer_1331_out|       pointer|
|bucket_pointer_1330_out         |  out|   32|      ap_vld|                                                         bucket_pointer_1330_out|       pointer|
|bucket_pointer_1330_out_ap_vld  |  out|    1|      ap_vld|                                                         bucket_pointer_1330_out|       pointer|
|bucket_pointer_1329_out         |  out|   32|      ap_vld|                                                         bucket_pointer_1329_out|       pointer|
|bucket_pointer_1329_out_ap_vld  |  out|    1|      ap_vld|                                                         bucket_pointer_1329_out|       pointer|
|bucket_pointer_1328_out         |  out|   32|      ap_vld|                                                         bucket_pointer_1328_out|       pointer|
|bucket_pointer_1328_out_ap_vld  |  out|    1|      ap_vld|                                                         bucket_pointer_1328_out|       pointer|
|bucket_pointer_1327_out         |  out|   32|      ap_vld|                                                         bucket_pointer_1327_out|       pointer|
|bucket_pointer_1327_out_ap_vld  |  out|    1|      ap_vld|                                                         bucket_pointer_1327_out|       pointer|
|bucket_pointer_1326_out         |  out|   32|      ap_vld|                                                         bucket_pointer_1326_out|       pointer|
|bucket_pointer_1326_out_ap_vld  |  out|    1|      ap_vld|                                                         bucket_pointer_1326_out|       pointer|
|bucket_pointer_1325_out         |  out|   32|      ap_vld|                                                         bucket_pointer_1325_out|       pointer|
|bucket_pointer_1325_out_ap_vld  |  out|    1|      ap_vld|                                                         bucket_pointer_1325_out|       pointer|
|bucket_pointer_1324_out         |  out|   32|      ap_vld|                                                         bucket_pointer_1324_out|       pointer|
|bucket_pointer_1324_out_ap_vld  |  out|    1|      ap_vld|                                                         bucket_pointer_1324_out|       pointer|
|bucket_pointer_1323_out         |  out|   32|      ap_vld|                                                         bucket_pointer_1323_out|       pointer|
|bucket_pointer_1323_out_ap_vld  |  out|    1|      ap_vld|                                                         bucket_pointer_1323_out|       pointer|
|bucket_pointer_1322_out         |  out|   32|      ap_vld|                                                         bucket_pointer_1322_out|       pointer|
|bucket_pointer_1322_out_ap_vld  |  out|    1|      ap_vld|                                                         bucket_pointer_1322_out|       pointer|
|bucket_pointer_1321_out         |  out|   32|      ap_vld|                                                         bucket_pointer_1321_out|       pointer|
|bucket_pointer_1321_out_ap_vld  |  out|    1|      ap_vld|                                                         bucket_pointer_1321_out|       pointer|
|bucket_pointer_1320_out         |  out|   32|      ap_vld|                                                         bucket_pointer_1320_out|       pointer|
|bucket_pointer_1320_out_ap_vld  |  out|    1|      ap_vld|                                                         bucket_pointer_1320_out|       pointer|
|bucket_pointer_1319_out         |  out|   32|      ap_vld|                                                         bucket_pointer_1319_out|       pointer|
|bucket_pointer_1319_out_ap_vld  |  out|    1|      ap_vld|                                                         bucket_pointer_1319_out|       pointer|
|bucket_pointer_1318_out         |  out|   32|      ap_vld|                                                         bucket_pointer_1318_out|       pointer|
|bucket_pointer_1318_out_ap_vld  |  out|    1|      ap_vld|                                                         bucket_pointer_1318_out|       pointer|
|bucket_pointer_1317_out         |  out|   32|      ap_vld|                                                         bucket_pointer_1317_out|       pointer|
|bucket_pointer_1317_out_ap_vld  |  out|    1|      ap_vld|                                                         bucket_pointer_1317_out|       pointer|
|bucket_pointer_1316_out         |  out|   32|      ap_vld|                                                         bucket_pointer_1316_out|       pointer|
|bucket_pointer_1316_out_ap_vld  |  out|    1|      ap_vld|                                                         bucket_pointer_1316_out|       pointer|
+--------------------------------+-----+-----+------------+--------------------------------------------------------------------------------+--------------+

