

================================================================
== Vitis HLS Report for 'radix_sort_hex_batch_31_1_Pipeline_initialization'
================================================================
* Date:           Tue Apr 25 09:31:57 2023

* Version:        2022.2 (Build 3670227 on Oct 13 2022)
* Project:        sort_seperate_bucket
* Solution:       solution1 (Vivado IP Flow Target)
* Product family: virtexuplus
* Target device:  xcu280-fsvh2892-2L-e


================================================================
== Performance Estimates
================================================================
+ Timing: 
    * Summary: 
    +--------+----------+----------+------------+
    |  Clock |  Target  | Estimated| Uncertainty|
    +--------+----------+----------+------------+
    |ap_clk  |  10.00 ns|  3.008 ns|     2.70 ns|
    +--------+----------+----------+------------+

+ Latency: 
    * Summary: 
    +---------+---------+----------+----------+-------+-------+---------+
    |  Latency (cycles) |  Latency (absolute) |    Interval   | Pipeline|
    |   min   |   max   |    min   |    max   |  min  |  max  |   Type  |
    +---------+---------+----------+----------+-------+-------+---------+
    |    15627|    15627|  0.156 ms|  0.156 ms|  15627|  15627|       no|
    +---------+---------+----------+----------+-------+-------+---------+

    + Detail: 
        * Instance: 
        N/A

        * Loop: 
        +------------------+---------+---------+----------+-----------+-----------+-------+----------+
        |                  |  Latency (cycles) | Iteration|  Initiation Interval  |  Trip |          |
        |     Loop Name    |   min   |   max   |  Latency |  achieved |   target  | Count | Pipelined|
        +------------------+---------+---------+----------+-----------+-----------+-------+----------+
        |- initialization  |    15625|    15625|         2|          1|          1|  15625|       yes|
        +------------------+---------+---------+----------+-----------+-----------+-------+----------+



================================================================
== Utilization Estimates
================================================================
* Summary: 
+---------------------+---------+------+---------+---------+-----+
|         Name        | BRAM_18K|  DSP |    FF   |   LUT   | URAM|
+---------------------+---------+------+---------+---------+-----+
|DSP                  |        -|     -|        -|        -|    -|
|Expression           |        -|     -|        0|       96|    -|
|FIFO                 |        -|     -|        -|        -|    -|
|Instance             |        -|     -|        0|       65|    -|
|Memory               |        -|     -|        -|        -|    -|
|Multiplexer          |        -|     -|        -|      260|    -|
|Register             |        -|     -|       31|        -|    -|
+---------------------+---------+------+---------+---------+-----+
|Total                |        0|     0|       31|      421|    0|
+---------------------+---------+------+---------+---------+-----+
|Available SLR        |     1344|  3008|   869120|   434560|  320|
+---------------------+---------+------+---------+---------+-----+
|Utilization SLR (%)  |        0|     0|       ~0|       ~0|    0|
+---------------------+---------+------+---------+---------+-----+
|Available            |     4032|  9024|  2607360|  1303680|  960|
+---------------------+---------+------+---------+---------+-----+
|Utilization (%)      |        0|     0|       ~0|       ~0|    0|
+---------------------+---------+------+---------+---------+-----+

+ Detail: 
    * Instance: 
    +----------------------+----------------+---------+----+---+----+-----+
    |       Instance       |     Module     | BRAM_18K| DSP| FF| LUT| URAM|
    +----------------------+----------------+---------+----+---+----+-----+
    |mux_164_32_1_1_U5809  |mux_164_32_1_1  |        0|   0|  0|  65|    0|
    +----------------------+----------------+---------+----+---+----+-----+
    |Total                 |                |        0|   0|  0|  65|    0|
    +----------------------+----------------+---------+----+---+----+-----+

    * DSP: 
    N/A

    * Memory: 
    N/A

    * FIFO: 
    N/A

    * Expression: 
    +------------------------+----------+----+---+----+------------+------------+
    |      Variable Name     | Operation| DSP| FF| LUT| Bitwidth P0| Bitwidth P1|
    +------------------------+----------+----+---+----+------------+------------+
    |add_ln20_fu_373_p2      |         +|   0|  0|  21|          14|           1|
    |add_ln21_fu_456_p2      |         +|   0|  0|  22|          15|          14|
    |bucket_sizes_fu_509_p2  |         +|   0|  0|  39|          32|           1|
    |icmp_ln20_fu_367_p2     |      icmp|   0|  0|  12|          14|          11|
    |ap_enable_pp0           |       xor|   0|  0|   2|           1|           2|
    +------------------------+----------+----+---+----+------------+------------+
    |Total                   |          |   0|  0|  96|          76|          29|
    +------------------------+----------+----+---+----+------------+------------+

    * Multiplexer: 
    +-------------------------+----+-----------+-----+-----------+
    |           Name          | LUT| Input Size| Bits| Total Bits|
    +-------------------------+----+-----------+-----+-----------+
    |ap_done_int              |   9|          2|    1|          2|
    |ap_enable_reg_pp0_iter1  |   9|          2|    1|          2|
    |ap_sig_allocacmp_j_40    |   9|          2|   14|         28|
    |bucket_sizes_5542_out_o  |  14|          3|   32|         96|
    |bucket_sizes_5543_out_o  |  14|          3|   32|         96|
    |bucket_sizes_5544_out_o  |  14|          3|   32|         96|
    |bucket_sizes_5545_out_o  |  14|          3|   32|         96|
    |bucket_sizes_5546_out_o  |  14|          3|   32|         96|
    |bucket_sizes_5547_out_o  |  14|          3|   32|         96|
    |bucket_sizes_5548_out_o  |  14|          3|   32|         96|
    |bucket_sizes_5549_out_o  |  14|          3|   32|         96|
    |bucket_sizes_5550_out_o  |  14|          3|   32|         96|
    |bucket_sizes_5551_out_o  |  14|          3|   32|         96|
    |bucket_sizes_5552_out_o  |  14|          3|   32|         96|
    |bucket_sizes_5553_out_o  |  14|          3|   32|         96|
    |bucket_sizes_5554_out_o  |  14|          3|   32|         96|
    |bucket_sizes_5555_out_o  |  14|          3|   32|         96|
    |bucket_sizes_5556_out_o  |  14|          3|   32|         96|
    |bucket_sizes_5557_out_o  |  14|          3|   32|         96|
    |j_fu_136                 |   9|          2|   14|         28|
    +-------------------------+----+-----------+-----+-----------+
    |Total                    | 260|         56|  542|       1596|
    +-------------------------+----+-----------+-----+-----------+

    * Register: 
    +-------------------------+----+----+-----+-----------+
    |           Name          | FF | LUT| Bits| Const Bits|
    +-------------------------+----+----+-----+-----------+
    |ap_CS_fsm                |   1|   0|    1|          0|
    |ap_done_reg              |   1|   0|    1|          0|
    |ap_enable_reg_pp0_iter1  |   1|   0|    1|          0|
    |j_40_reg_618             |  14|   0|   14|          0|
    |j_fu_136                 |  14|   0|   14|          0|
    +-------------------------+----+----+-----+-----------+
    |Total                    |  31|   0|   31|          0|
    +-------------------------+----+----+-----+-----------+



================================================================
== Interface
================================================================
* Summary: 
+--------------------------------+-----+-----+------------+---------------------------------------------------+--------------+
|            RTL Ports           | Dir | Bits|  Protocol  |                   Source Object                   |    C Type    |
+--------------------------------+-----+-----+------------+---------------------------------------------------+--------------+
|ap_clk                          |   in|    1|  ap_ctrl_hs|  radix_sort_hex_batch.31.1_Pipeline_initialization|  return value|
|ap_rst                          |   in|    1|  ap_ctrl_hs|  radix_sort_hex_batch.31.1_Pipeline_initialization|  return value|
|ap_start                        |   in|    1|  ap_ctrl_hs|  radix_sort_hex_batch.31.1_Pipeline_initialization|  return value|
|ap_done                         |  out|    1|  ap_ctrl_hs|  radix_sort_hex_batch.31.1_Pipeline_initialization|  return value|
|ap_idle                         |  out|    1|  ap_ctrl_hs|  radix_sort_hex_batch.31.1_Pipeline_initialization|  return value|
|ap_ready                        |  out|    1|  ap_ctrl_hs|  radix_sort_hex_batch.31.1_Pipeline_initialization|  return value|
|bucket_sizes_5525_reload        |   in|   32|     ap_none|                           bucket_sizes_5525_reload|        scalar|
|bucket_sizes_5524_reload        |   in|   32|     ap_none|                           bucket_sizes_5524_reload|        scalar|
|bucket_sizes_5523_reload        |   in|   32|     ap_none|                           bucket_sizes_5523_reload|        scalar|
|bucket_sizes_5522_reload        |   in|   32|     ap_none|                           bucket_sizes_5522_reload|        scalar|
|bucket_sizes_5521_reload        |   in|   32|     ap_none|                           bucket_sizes_5521_reload|        scalar|
|bucket_sizes_5520_reload        |   in|   32|     ap_none|                           bucket_sizes_5520_reload|        scalar|
|bucket_sizes_5519_reload        |   in|   32|     ap_none|                           bucket_sizes_5519_reload|        scalar|
|bucket_sizes_5518_reload        |   in|   32|     ap_none|                           bucket_sizes_5518_reload|        scalar|
|bucket_sizes_5517_reload        |   in|   32|     ap_none|                           bucket_sizes_5517_reload|        scalar|
|bucket_sizes_5516_reload        |   in|   32|     ap_none|                           bucket_sizes_5516_reload|        scalar|
|bucket_sizes_5515_reload        |   in|   32|     ap_none|                           bucket_sizes_5515_reload|        scalar|
|bucket_sizes_5514_reload        |   in|   32|     ap_none|                           bucket_sizes_5514_reload|        scalar|
|bucket_sizes_5513_reload        |   in|   32|     ap_none|                           bucket_sizes_5513_reload|        scalar|
|bucket_sizes_5512_reload        |   in|   32|     ap_none|                           bucket_sizes_5512_reload|        scalar|
|bucket_sizes_5511_reload        |   in|   32|     ap_none|                           bucket_sizes_5511_reload|        scalar|
|bucket_sizes_reload             |   in|   32|     ap_none|                                bucket_sizes_reload|        scalar|
|bucket_address0                 |  out|   15|   ap_memory|                                             bucket|         array|
|bucket_ce0                      |  out|    1|   ap_memory|                                             bucket|         array|
|bucket_we0                      |  out|    1|   ap_memory|                                             bucket|         array|
|bucket_d0                       |  out|   32|   ap_memory|                                             bucket|         array|
|input_30_address0               |  out|   14|   ap_memory|                                           input_30|         array|
|input_30_ce0                    |  out|    1|   ap_memory|                                           input_30|         array|
|input_30_q0                     |   in|   32|   ap_memory|                                           input_30|         array|
|bucket_sizes_5557_out_i         |   in|   32|     ap_ovld|                              bucket_sizes_5557_out|       pointer|
|bucket_sizes_5557_out_o         |  out|   32|     ap_ovld|                              bucket_sizes_5557_out|       pointer|
|bucket_sizes_5557_out_o_ap_vld  |  out|    1|     ap_ovld|                              bucket_sizes_5557_out|       pointer|
|bucket_sizes_5556_out_i         |   in|   32|     ap_ovld|                              bucket_sizes_5556_out|       pointer|
|bucket_sizes_5556_out_o         |  out|   32|     ap_ovld|                              bucket_sizes_5556_out|       pointer|
|bucket_sizes_5556_out_o_ap_vld  |  out|    1|     ap_ovld|                              bucket_sizes_5556_out|       pointer|
|bucket_sizes_5555_out_i         |   in|   32|     ap_ovld|                              bucket_sizes_5555_out|       pointer|
|bucket_sizes_5555_out_o         |  out|   32|     ap_ovld|                              bucket_sizes_5555_out|       pointer|
|bucket_sizes_5555_out_o_ap_vld  |  out|    1|     ap_ovld|                              bucket_sizes_5555_out|       pointer|
|bucket_sizes_5554_out_i         |   in|   32|     ap_ovld|                              bucket_sizes_5554_out|       pointer|
|bucket_sizes_5554_out_o         |  out|   32|     ap_ovld|                              bucket_sizes_5554_out|       pointer|
|bucket_sizes_5554_out_o_ap_vld  |  out|    1|     ap_ovld|                              bucket_sizes_5554_out|       pointer|
|bucket_sizes_5553_out_i         |   in|   32|     ap_ovld|                              bucket_sizes_5553_out|       pointer|
|bucket_sizes_5553_out_o         |  out|   32|     ap_ovld|                              bucket_sizes_5553_out|       pointer|
|bucket_sizes_5553_out_o_ap_vld  |  out|    1|     ap_ovld|                              bucket_sizes_5553_out|       pointer|
|bucket_sizes_5552_out_i         |   in|   32|     ap_ovld|                              bucket_sizes_5552_out|       pointer|
|bucket_sizes_5552_out_o         |  out|   32|     ap_ovld|                              bucket_sizes_5552_out|       pointer|
|bucket_sizes_5552_out_o_ap_vld  |  out|    1|     ap_ovld|                              bucket_sizes_5552_out|       pointer|
|bucket_sizes_5551_out_i         |   in|   32|     ap_ovld|                              bucket_sizes_5551_out|       pointer|
|bucket_sizes_5551_out_o         |  out|   32|     ap_ovld|                              bucket_sizes_5551_out|       pointer|
|bucket_sizes_5551_out_o_ap_vld  |  out|    1|     ap_ovld|                              bucket_sizes_5551_out|       pointer|
|bucket_sizes_5550_out_i         |   in|   32|     ap_ovld|                              bucket_sizes_5550_out|       pointer|
|bucket_sizes_5550_out_o         |  out|   32|     ap_ovld|                              bucket_sizes_5550_out|       pointer|
|bucket_sizes_5550_out_o_ap_vld  |  out|    1|     ap_ovld|                              bucket_sizes_5550_out|       pointer|
|bucket_sizes_5549_out_i         |   in|   32|     ap_ovld|                              bucket_sizes_5549_out|       pointer|
|bucket_sizes_5549_out_o         |  out|   32|     ap_ovld|                              bucket_sizes_5549_out|       pointer|
|bucket_sizes_5549_out_o_ap_vld  |  out|    1|     ap_ovld|                              bucket_sizes_5549_out|       pointer|
|bucket_sizes_5548_out_i         |   in|   32|     ap_ovld|                              bucket_sizes_5548_out|       pointer|
|bucket_sizes_5548_out_o         |  out|   32|     ap_ovld|                              bucket_sizes_5548_out|       pointer|
|bucket_sizes_5548_out_o_ap_vld  |  out|    1|     ap_ovld|                              bucket_sizes_5548_out|       pointer|
|bucket_sizes_5547_out_i         |   in|   32|     ap_ovld|                              bucket_sizes_5547_out|       pointer|
|bucket_sizes_5547_out_o         |  out|   32|     ap_ovld|                              bucket_sizes_5547_out|       pointer|
|bucket_sizes_5547_out_o_ap_vld  |  out|    1|     ap_ovld|                              bucket_sizes_5547_out|       pointer|
|bucket_sizes_5546_out_i         |   in|   32|     ap_ovld|                              bucket_sizes_5546_out|       pointer|
|bucket_sizes_5546_out_o         |  out|   32|     ap_ovld|                              bucket_sizes_5546_out|       pointer|
|bucket_sizes_5546_out_o_ap_vld  |  out|    1|     ap_ovld|                              bucket_sizes_5546_out|       pointer|
|bucket_sizes_5545_out_i         |   in|   32|     ap_ovld|                              bucket_sizes_5545_out|       pointer|
|bucket_sizes_5545_out_o         |  out|   32|     ap_ovld|                              bucket_sizes_5545_out|       pointer|
|bucket_sizes_5545_out_o_ap_vld  |  out|    1|     ap_ovld|                              bucket_sizes_5545_out|       pointer|
|bucket_sizes_5544_out_i         |   in|   32|     ap_ovld|                              bucket_sizes_5544_out|       pointer|
|bucket_sizes_5544_out_o         |  out|   32|     ap_ovld|                              bucket_sizes_5544_out|       pointer|
|bucket_sizes_5544_out_o_ap_vld  |  out|    1|     ap_ovld|                              bucket_sizes_5544_out|       pointer|
|bucket_sizes_5543_out_i         |   in|   32|     ap_ovld|                              bucket_sizes_5543_out|       pointer|
|bucket_sizes_5543_out_o         |  out|   32|     ap_ovld|                              bucket_sizes_5543_out|       pointer|
|bucket_sizes_5543_out_o_ap_vld  |  out|    1|     ap_ovld|                              bucket_sizes_5543_out|       pointer|
|bucket_sizes_5542_out_i         |   in|   32|     ap_ovld|                              bucket_sizes_5542_out|       pointer|
|bucket_sizes_5542_out_o         |  out|   32|     ap_ovld|                              bucket_sizes_5542_out|       pointer|
|bucket_sizes_5542_out_o_ap_vld  |  out|    1|     ap_ovld|                              bucket_sizes_5542_out|       pointer|
+--------------------------------+-----+-----+------------+---------------------------------------------------+--------------+

