

================================================================
== Vitis HLS Report for 'radix_sort_unified_bucket_pingpong_30_1_Pipeline_input_bucket'
================================================================
* Date:           Sat Apr 22 15:40:21 2023

* Version:        2022.2 (Build 3670227 on Oct 13 2022)
* Project:        sort_seperate_bucket
* Solution:       solution1 (Vivado IP Flow Target)
* Product family: virtexuplus
* Target device:  xcu280-fsvh2892-2L-e


================================================================
== Performance Estimates
================================================================
+ Timing: 
    * Summary: 
    +--------+----------+----------+------------+
    |  Clock |  Target  | Estimated| Uncertainty|
    +--------+----------+----------+------------+
    |ap_clk  |  10.00 ns|  5.072 ns|     2.70 ns|
    +--------+----------+----------+------------+

+ Latency: 
    * Summary: 
    +---------+---------+----------+----------+--------+--------+---------+
    |  Latency (cycles) |  Latency (absolute) |     Interval    | Pipeline|
    |   min   |   max   |    min   |    max   |   min  |   max  |   Type  |
    +---------+---------+----------+----------+--------+--------+---------+
    |   156252|   156252|  1.563 ms|  1.563 ms|  156252|  156252|       no|
    +---------+---------+----------+----------+--------+--------+---------+

    + Detail: 
        * Instance: 
        N/A

        * Loop: 
        +----------------+---------+---------+----------+-----------+-----------+--------+----------+
        |                |  Latency (cycles) | Iteration|  Initiation Interval  |  Trip  |          |
        |    Loop Name   |   min   |   max   |  Latency |  achieved |   target  |  Count | Pipelined|
        +----------------+---------+---------+----------+-----------+-----------+--------+----------+
        |- input_bucket  |   156250|   156250|         2|          1|          1|  156250|       yes|
        +----------------+---------+---------+----------+-----------+-----------+--------+----------+



================================================================
== Utilization Estimates
================================================================
* Summary: 
+---------------------+---------+------+---------+---------+-----+
|         Name        | BRAM_18K|  DSP |    FF   |   LUT   | URAM|
+---------------------+---------+------+---------+---------+-----+
|DSP                  |        -|     -|        -|        -|    -|
|Expression           |        -|     -|        0|      323|    -|
|FIFO                 |        -|     -|        -|        -|    -|
|Instance             |        -|     -|        0|      130|    -|
|Memory               |        -|     -|        -|        -|    -|
|Multiplexer          |        -|     -|        -|      502|    -|
|Register             |        -|     -|      141|        -|    -|
+---------------------+---------+------+---------+---------+-----+
|Total                |        0|     0|      141|      955|    0|
+---------------------+---------+------+---------+---------+-----+
|Available SLR        |     1344|  3008|   869120|   434560|  320|
+---------------------+---------+------+---------+---------+-----+
|Utilization SLR (%)  |        0|     0|       ~0|       ~0|    0|
+---------------------+---------+------+---------+---------+-----+
|Available            |     4032|  9024|  2607360|  1303680|  960|
+---------------------+---------+------+---------+---------+-----+
|Utilization (%)      |        0|     0|       ~0|       ~0|    0|
+---------------------+---------+------+---------+---------+-----+

+ Detail: 
    * Instance: 
    +----------------------+----------------+---------+----+---+----+-----+
    |       Instance       |     Module     | BRAM_18K| DSP| FF| LUT| URAM|
    +----------------------+----------------+---------+----+---+----+-----+
    |mux_164_32_1_1_U5716  |mux_164_32_1_1  |        0|   0|  0|  65|    0|
    |mux_164_32_1_1_U5717  |mux_164_32_1_1  |        0|   0|  0|  65|    0|
    +----------------------+----------------+---------+----+---+----+-----+
    |Total                 |                |        0|   0|  0| 130|    0|
    +----------------------+----------------+---------+----+---+----+-----+

    * DSP: 
    N/A

    * Memory: 
    N/A

    * FIFO: 
    N/A

    * Expression: 
    +--------------------------+----------+----+---+----+------------+------------+
    |       Variable Name      | Operation| DSP| FF| LUT| Bitwidth P0| Bitwidth P1|
    +--------------------------+----------+----+---+----+------------+------------+
    |add_ln92_fu_675_p2        |         +|   0|  0|  25|          18|           1|
    |add_ln93_fu_685_p2        |         +|   0|  0|  26|          19|          19|
    |add_ln95_fu_836_p2        |         +|   0|  0|  26|          19|          19|
    |bucket_pointer_fu_856_p2  |         +|   0|  0|  39|          32|           1|
    |bucket_sizes_fu_1070_p2   |         +|   0|  0|  39|          32|           1|
    |shifted_fu_785_p2         |      ashr|   0|  0|  92|          32|          32|
    |addr_cmp_fu_771_p2        |      icmp|   0|  0|  29|          64|          64|
    |icmp_ln92_fu_669_p2       |      icmp|   0|  0|  13|          18|          18|
    |reuse_select_fu_776_p3    |    select|   0|  0|  32|           1|          32|
    |ap_enable_pp0             |       xor|   0|  0|   2|           1|           2|
    +--------------------------+----------+----+---+----+------------+------------+
    |Total                     |          |   0|  0| 323|         236|         189|
    +--------------------------+----------+----+---+----+------------+------------+

    * Multiplexer: 
    +---------------------------+----+-----------+-----+-----------+
    |            Name           | LUT| Input Size| Bits| Total Bits|
    +---------------------------+----+-----------+-----+-----------+
    |ap_done_int                |   9|          2|    1|          2|
    |ap_enable_reg_pp0_iter1    |   9|          2|    1|          2|
    |ap_sig_allocacmp_j         |   9|          2|   18|         36|
    |bucket_pointer_2568_out_o  |  14|          3|   32|         96|
    |bucket_pointer_2569_out_o  |  14|          3|   32|         96|
    |bucket_pointer_2570_out_o  |  14|          3|   32|         96|
    |bucket_pointer_2571_out_o  |  14|          3|   32|         96|
    |bucket_pointer_2572_out_o  |  14|          3|   32|         96|
    |bucket_pointer_2573_out_o  |  14|          3|   32|         96|
    |bucket_pointer_2574_out_o  |  14|          3|   32|         96|
    |bucket_pointer_2575_out_o  |  14|          3|   32|         96|
    |bucket_pointer_2576_out_o  |  14|          3|   32|         96|
    |bucket_pointer_2577_out_o  |  14|          3|   32|         96|
    |bucket_pointer_2578_out_o  |  14|          3|   32|         96|
    |bucket_pointer_2579_out_o  |  14|          3|   32|         96|
    |bucket_pointer_2580_out_o  |  14|          3|   32|         96|
    |bucket_pointer_2581_out_o  |  14|          3|   32|         96|
    |bucket_pointer_2582_out_o  |  14|          3|   32|         96|
    |bucket_pointer_2583_out_o  |  14|          3|   32|         96|
    |bucket_sizes_5768_out_o    |  14|          3|   32|         96|
    |bucket_sizes_5769_out_o    |  14|          3|   32|         96|
    |bucket_sizes_5770_out_o    |  14|          3|   32|         96|
    |bucket_sizes_5771_out_o    |  14|          3|   32|         96|
    |bucket_sizes_5772_out_o    |  14|          3|   32|         96|
    |bucket_sizes_5773_out_o    |  14|          3|   32|         96|
    |bucket_sizes_5774_out_o    |  14|          3|   32|         96|
    |bucket_sizes_5775_out_o    |  14|          3|   32|         96|
    |bucket_sizes_5776_out_o    |  14|          3|   32|         96|
    |bucket_sizes_5777_out_o    |  14|          3|   32|         96|
    |bucket_sizes_5778_out_o    |  14|          3|   32|         96|
    |bucket_sizes_5779_out_o    |  14|          3|   32|         96|
    |bucket_sizes_5780_out_o    |  14|          3|   32|         96|
    |bucket_sizes_5781_out_o    |  14|          3|   32|         96|
    |bucket_sizes_5782_out_o    |  14|          3|   32|         96|
    |bucket_sizes_5783_out_o    |  14|          3|   32|         96|
    |j_40_fu_216                |   9|          2|   18|         36|
    |reuse_addr_reg_fu_208      |   9|          2|   64|        128|
    |reuse_reg_fu_212           |   9|          2|   32|         64|
    +---------------------------+----+-----------+-----+-----------+
    |Total                      | 502|        108| 1158|       3340|
    +---------------------------+----+-----------+-----+-----------+

    * Register: 
    +-------------------------+----+----+-----+-----------+
    |           Name          | FF | LUT| Bits| Const Bits|
    +-------------------------+----+----+-----+-----------+
    |ap_CS_fsm                |   1|   0|    1|          0|
    |ap_done_reg              |   1|   0|    1|          0|
    |ap_enable_reg_pp0_iter1  |   1|   0|    1|          0|
    |j_40_fu_216              |  18|   0|   18|          0|
    |mul_cast_cast_reg_1198   |   5|   0|   32|         27|
    |reuse_addr_reg_fu_208    |  64|   0|   64|          0|
    |reuse_reg_fu_212         |  32|   0|   32|          0|
    |zext_ln93_40_reg_1206    |  19|   0|   64|         45|
    +-------------------------+----+----+-----+-----------+
    |Total                    | 141|   0|  213|         72|
    +-------------------------+----+----+-----+-----------+



================================================================
== Interface
================================================================
* Summary: 
+----------------------------------+-----+-----+------------+---------------------------------------------------------------+--------------+
|             RTL Ports            | Dir | Bits|  Protocol  |                         Source Object                         |    C Type    |
+----------------------------------+-----+-----+------------+---------------------------------------------------------------+--------------+
|ap_clk                            |   in|    1|  ap_ctrl_hs|  radix_sort_unified_bucket_pingpong.30.1_Pipeline_input_bucket|  return value|
|ap_rst                            |   in|    1|  ap_ctrl_hs|  radix_sort_unified_bucket_pingpong.30.1_Pipeline_input_bucket|  return value|
|ap_start                          |   in|    1|  ap_ctrl_hs|  radix_sort_unified_bucket_pingpong.30.1_Pipeline_input_bucket|  return value|
|ap_done                           |  out|    1|  ap_ctrl_hs|  radix_sort_unified_bucket_pingpong.30.1_Pipeline_input_bucket|  return value|
|ap_idle                           |  out|    1|  ap_ctrl_hs|  radix_sort_unified_bucket_pingpong.30.1_Pipeline_input_bucket|  return value|
|ap_ready                          |  out|    1|  ap_ctrl_hs|  radix_sort_unified_bucket_pingpong.30.1_Pipeline_input_bucket|  return value|
|bucket_sizes_5751_reload          |   in|   32|     ap_none|                                       bucket_sizes_5751_reload|        scalar|
|bucket_sizes_5750_reload          |   in|   32|     ap_none|                                       bucket_sizes_5750_reload|        scalar|
|bucket_sizes_5749_reload          |   in|   32|     ap_none|                                       bucket_sizes_5749_reload|        scalar|
|bucket_sizes_5748_reload          |   in|   32|     ap_none|                                       bucket_sizes_5748_reload|        scalar|
|bucket_sizes_5747_reload          |   in|   32|     ap_none|                                       bucket_sizes_5747_reload|        scalar|
|bucket_sizes_5746_reload          |   in|   32|     ap_none|                                       bucket_sizes_5746_reload|        scalar|
|bucket_sizes_5745_reload          |   in|   32|     ap_none|                                       bucket_sizes_5745_reload|        scalar|
|bucket_sizes_5744_reload          |   in|   32|     ap_none|                                       bucket_sizes_5744_reload|        scalar|
|bucket_sizes_5743_reload          |   in|   32|     ap_none|                                       bucket_sizes_5743_reload|        scalar|
|bucket_sizes_5742_reload          |   in|   32|     ap_none|                                       bucket_sizes_5742_reload|        scalar|
|bucket_sizes_5741_reload          |   in|   32|     ap_none|                                       bucket_sizes_5741_reload|        scalar|
|bucket_sizes_5740_reload          |   in|   32|     ap_none|                                       bucket_sizes_5740_reload|        scalar|
|bucket_sizes_5739_reload          |   in|   32|     ap_none|                                       bucket_sizes_5739_reload|        scalar|
|bucket_sizes_5738_reload          |   in|   32|     ap_none|                                       bucket_sizes_5738_reload|        scalar|
|bucket_sizes_5737_reload          |   in|   32|     ap_none|                                       bucket_sizes_5737_reload|        scalar|
|bucket_sizes_5736_reload          |   in|   32|     ap_none|                                       bucket_sizes_5736_reload|        scalar|
|bucket_pointer_2566_reload        |   in|   32|     ap_none|                                     bucket_pointer_2566_reload|        scalar|
|bucket_pointer_2565_reload        |   in|   32|     ap_none|                                     bucket_pointer_2565_reload|        scalar|
|bucket_pointer_2564_reload        |   in|   32|     ap_none|                                     bucket_pointer_2564_reload|        scalar|
|bucket_pointer_2563_reload        |   in|   32|     ap_none|                                     bucket_pointer_2563_reload|        scalar|
|bucket_pointer_2562_reload        |   in|   32|     ap_none|                                     bucket_pointer_2562_reload|        scalar|
|bucket_pointer_2561_reload        |   in|   32|     ap_none|                                     bucket_pointer_2561_reload|        scalar|
|bucket_pointer_2560_reload        |   in|   32|     ap_none|                                     bucket_pointer_2560_reload|        scalar|
|bucket_pointer_2559_reload        |   in|   32|     ap_none|                                     bucket_pointer_2559_reload|        scalar|
|bucket_pointer_2558_reload        |   in|   32|     ap_none|                                     bucket_pointer_2558_reload|        scalar|
|bucket_pointer_2557_reload        |   in|   32|     ap_none|                                     bucket_pointer_2557_reload|        scalar|
|bucket_pointer_2556_reload        |   in|   32|     ap_none|                                     bucket_pointer_2556_reload|        scalar|
|bucket_pointer_2555_reload        |   in|   32|     ap_none|                                     bucket_pointer_2555_reload|        scalar|
|bucket_pointer_2554_reload        |   in|   32|     ap_none|                                     bucket_pointer_2554_reload|        scalar|
|bucket_pointer_2553_reload        |   in|   32|     ap_none|                                     bucket_pointer_2553_reload|        scalar|
|bucket_pointer_2552_reload        |   in|   32|     ap_none|                                     bucket_pointer_2552_reload|        scalar|
|bucket_pointer_2551_reload        |   in|   32|     ap_none|                                     bucket_pointer_2551_reload|        scalar|
|mul_ln93                          |   in|   19|     ap_none|                                                       mul_ln93|        scalar|
|bucket_address0                   |  out|   19|   ap_memory|                                                         bucket|         array|
|bucket_ce0                        |  out|    1|   ap_memory|                                                         bucket|         array|
|bucket_we0                        |  out|    1|   ap_memory|                                                         bucket|         array|
|bucket_d0                         |  out|   32|   ap_memory|                                                         bucket|         array|
|bucket_address1                   |  out|   19|   ap_memory|                                                         bucket|         array|
|bucket_ce1                        |  out|    1|   ap_memory|                                                         bucket|         array|
|bucket_q1                         |   in|   32|   ap_memory|                                                         bucket|         array|
|mul_cast                          |   in|    5|     ap_none|                                                       mul_cast|        scalar|
|mul_ln95                          |   in|   19|     ap_none|                                                       mul_ln95|        scalar|
|bucket_sizes_5783_out_i           |   in|   32|     ap_ovld|                                          bucket_sizes_5783_out|       pointer|
|bucket_sizes_5783_out_o           |  out|   32|     ap_ovld|                                          bucket_sizes_5783_out|       pointer|
|bucket_sizes_5783_out_o_ap_vld    |  out|    1|     ap_ovld|                                          bucket_sizes_5783_out|       pointer|
|bucket_sizes_5782_out_i           |   in|   32|     ap_ovld|                                          bucket_sizes_5782_out|       pointer|
|bucket_sizes_5782_out_o           |  out|   32|     ap_ovld|                                          bucket_sizes_5782_out|       pointer|
|bucket_sizes_5782_out_o_ap_vld    |  out|    1|     ap_ovld|                                          bucket_sizes_5782_out|       pointer|
|bucket_sizes_5781_out_i           |   in|   32|     ap_ovld|                                          bucket_sizes_5781_out|       pointer|
|bucket_sizes_5781_out_o           |  out|   32|     ap_ovld|                                          bucket_sizes_5781_out|       pointer|
|bucket_sizes_5781_out_o_ap_vld    |  out|    1|     ap_ovld|                                          bucket_sizes_5781_out|       pointer|
|bucket_sizes_5780_out_i           |   in|   32|     ap_ovld|                                          bucket_sizes_5780_out|       pointer|
|bucket_sizes_5780_out_o           |  out|   32|     ap_ovld|                                          bucket_sizes_5780_out|       pointer|
|bucket_sizes_5780_out_o_ap_vld    |  out|    1|     ap_ovld|                                          bucket_sizes_5780_out|       pointer|
|bucket_sizes_5779_out_i           |   in|   32|     ap_ovld|                                          bucket_sizes_5779_out|       pointer|
|bucket_sizes_5779_out_o           |  out|   32|     ap_ovld|                                          bucket_sizes_5779_out|       pointer|
|bucket_sizes_5779_out_o_ap_vld    |  out|    1|     ap_ovld|                                          bucket_sizes_5779_out|       pointer|
|bucket_sizes_5778_out_i           |   in|   32|     ap_ovld|                                          bucket_sizes_5778_out|       pointer|
|bucket_sizes_5778_out_o           |  out|   32|     ap_ovld|                                          bucket_sizes_5778_out|       pointer|
|bucket_sizes_5778_out_o_ap_vld    |  out|    1|     ap_ovld|                                          bucket_sizes_5778_out|       pointer|
|bucket_sizes_5777_out_i           |   in|   32|     ap_ovld|                                          bucket_sizes_5777_out|       pointer|
|bucket_sizes_5777_out_o           |  out|   32|     ap_ovld|                                          bucket_sizes_5777_out|       pointer|
|bucket_sizes_5777_out_o_ap_vld    |  out|    1|     ap_ovld|                                          bucket_sizes_5777_out|       pointer|
|bucket_sizes_5776_out_i           |   in|   32|     ap_ovld|                                          bucket_sizes_5776_out|       pointer|
|bucket_sizes_5776_out_o           |  out|   32|     ap_ovld|                                          bucket_sizes_5776_out|       pointer|
|bucket_sizes_5776_out_o_ap_vld    |  out|    1|     ap_ovld|                                          bucket_sizes_5776_out|       pointer|
|bucket_sizes_5775_out_i           |   in|   32|     ap_ovld|                                          bucket_sizes_5775_out|       pointer|
|bucket_sizes_5775_out_o           |  out|   32|     ap_ovld|                                          bucket_sizes_5775_out|       pointer|
|bucket_sizes_5775_out_o_ap_vld    |  out|    1|     ap_ovld|                                          bucket_sizes_5775_out|       pointer|
|bucket_sizes_5774_out_i           |   in|   32|     ap_ovld|                                          bucket_sizes_5774_out|       pointer|
|bucket_sizes_5774_out_o           |  out|   32|     ap_ovld|                                          bucket_sizes_5774_out|       pointer|
|bucket_sizes_5774_out_o_ap_vld    |  out|    1|     ap_ovld|                                          bucket_sizes_5774_out|       pointer|
|bucket_sizes_5773_out_i           |   in|   32|     ap_ovld|                                          bucket_sizes_5773_out|       pointer|
|bucket_sizes_5773_out_o           |  out|   32|     ap_ovld|                                          bucket_sizes_5773_out|       pointer|
|bucket_sizes_5773_out_o_ap_vld    |  out|    1|     ap_ovld|                                          bucket_sizes_5773_out|       pointer|
|bucket_sizes_5772_out_i           |   in|   32|     ap_ovld|                                          bucket_sizes_5772_out|       pointer|
|bucket_sizes_5772_out_o           |  out|   32|     ap_ovld|                                          bucket_sizes_5772_out|       pointer|
|bucket_sizes_5772_out_o_ap_vld    |  out|    1|     ap_ovld|                                          bucket_sizes_5772_out|       pointer|
|bucket_sizes_5771_out_i           |   in|   32|     ap_ovld|                                          bucket_sizes_5771_out|       pointer|
|bucket_sizes_5771_out_o           |  out|   32|     ap_ovld|                                          bucket_sizes_5771_out|       pointer|
|bucket_sizes_5771_out_o_ap_vld    |  out|    1|     ap_ovld|                                          bucket_sizes_5771_out|       pointer|
|bucket_sizes_5770_out_i           |   in|   32|     ap_ovld|                                          bucket_sizes_5770_out|       pointer|
|bucket_sizes_5770_out_o           |  out|   32|     ap_ovld|                                          bucket_sizes_5770_out|       pointer|
|bucket_sizes_5770_out_o_ap_vld    |  out|    1|     ap_ovld|                                          bucket_sizes_5770_out|       pointer|
|bucket_sizes_5769_out_i           |   in|   32|     ap_ovld|                                          bucket_sizes_5769_out|       pointer|
|bucket_sizes_5769_out_o           |  out|   32|     ap_ovld|                                          bucket_sizes_5769_out|       pointer|
|bucket_sizes_5769_out_o_ap_vld    |  out|    1|     ap_ovld|                                          bucket_sizes_5769_out|       pointer|
|bucket_sizes_5768_out_i           |   in|   32|     ap_ovld|                                          bucket_sizes_5768_out|       pointer|
|bucket_sizes_5768_out_o           |  out|   32|     ap_ovld|                                          bucket_sizes_5768_out|       pointer|
|bucket_sizes_5768_out_o_ap_vld    |  out|    1|     ap_ovld|                                          bucket_sizes_5768_out|       pointer|
|bucket_pointer_2583_out_i         |   in|   32|     ap_ovld|                                        bucket_pointer_2583_out|       pointer|
|bucket_pointer_2583_out_o         |  out|   32|     ap_ovld|                                        bucket_pointer_2583_out|       pointer|
|bucket_pointer_2583_out_o_ap_vld  |  out|    1|     ap_ovld|                                        bucket_pointer_2583_out|       pointer|
|bucket_pointer_2582_out_i         |   in|   32|     ap_ovld|                                        bucket_pointer_2582_out|       pointer|
|bucket_pointer_2582_out_o         |  out|   32|     ap_ovld|                                        bucket_pointer_2582_out|       pointer|
|bucket_pointer_2582_out_o_ap_vld  |  out|    1|     ap_ovld|                                        bucket_pointer_2582_out|       pointer|
|bucket_pointer_2581_out_i         |   in|   32|     ap_ovld|                                        bucket_pointer_2581_out|       pointer|
|bucket_pointer_2581_out_o         |  out|   32|     ap_ovld|                                        bucket_pointer_2581_out|       pointer|
|bucket_pointer_2581_out_o_ap_vld  |  out|    1|     ap_ovld|                                        bucket_pointer_2581_out|       pointer|
|bucket_pointer_2580_out_i         |   in|   32|     ap_ovld|                                        bucket_pointer_2580_out|       pointer|
|bucket_pointer_2580_out_o         |  out|   32|     ap_ovld|                                        bucket_pointer_2580_out|       pointer|
|bucket_pointer_2580_out_o_ap_vld  |  out|    1|     ap_ovld|                                        bucket_pointer_2580_out|       pointer|
|bucket_pointer_2579_out_i         |   in|   32|     ap_ovld|                                        bucket_pointer_2579_out|       pointer|
|bucket_pointer_2579_out_o         |  out|   32|     ap_ovld|                                        bucket_pointer_2579_out|       pointer|
|bucket_pointer_2579_out_o_ap_vld  |  out|    1|     ap_ovld|                                        bucket_pointer_2579_out|       pointer|
|bucket_pointer_2578_out_i         |   in|   32|     ap_ovld|                                        bucket_pointer_2578_out|       pointer|
|bucket_pointer_2578_out_o         |  out|   32|     ap_ovld|                                        bucket_pointer_2578_out|       pointer|
|bucket_pointer_2578_out_o_ap_vld  |  out|    1|     ap_ovld|                                        bucket_pointer_2578_out|       pointer|
|bucket_pointer_2577_out_i         |   in|   32|     ap_ovld|                                        bucket_pointer_2577_out|       pointer|
|bucket_pointer_2577_out_o         |  out|   32|     ap_ovld|                                        bucket_pointer_2577_out|       pointer|
|bucket_pointer_2577_out_o_ap_vld  |  out|    1|     ap_ovld|                                        bucket_pointer_2577_out|       pointer|
|bucket_pointer_2576_out_i         |   in|   32|     ap_ovld|                                        bucket_pointer_2576_out|       pointer|
|bucket_pointer_2576_out_o         |  out|   32|     ap_ovld|                                        bucket_pointer_2576_out|       pointer|
|bucket_pointer_2576_out_o_ap_vld  |  out|    1|     ap_ovld|                                        bucket_pointer_2576_out|       pointer|
|bucket_pointer_2575_out_i         |   in|   32|     ap_ovld|                                        bucket_pointer_2575_out|       pointer|
|bucket_pointer_2575_out_o         |  out|   32|     ap_ovld|                                        bucket_pointer_2575_out|       pointer|
|bucket_pointer_2575_out_o_ap_vld  |  out|    1|     ap_ovld|                                        bucket_pointer_2575_out|       pointer|
|bucket_pointer_2574_out_i         |   in|   32|     ap_ovld|                                        bucket_pointer_2574_out|       pointer|
|bucket_pointer_2574_out_o         |  out|   32|     ap_ovld|                                        bucket_pointer_2574_out|       pointer|
|bucket_pointer_2574_out_o_ap_vld  |  out|    1|     ap_ovld|                                        bucket_pointer_2574_out|       pointer|
|bucket_pointer_2573_out_i         |   in|   32|     ap_ovld|                                        bucket_pointer_2573_out|       pointer|
|bucket_pointer_2573_out_o         |  out|   32|     ap_ovld|                                        bucket_pointer_2573_out|       pointer|
|bucket_pointer_2573_out_o_ap_vld  |  out|    1|     ap_ovld|                                        bucket_pointer_2573_out|       pointer|
|bucket_pointer_2572_out_i         |   in|   32|     ap_ovld|                                        bucket_pointer_2572_out|       pointer|
|bucket_pointer_2572_out_o         |  out|   32|     ap_ovld|                                        bucket_pointer_2572_out|       pointer|
|bucket_pointer_2572_out_o_ap_vld  |  out|    1|     ap_ovld|                                        bucket_pointer_2572_out|       pointer|
|bucket_pointer_2571_out_i         |   in|   32|     ap_ovld|                                        bucket_pointer_2571_out|       pointer|
|bucket_pointer_2571_out_o         |  out|   32|     ap_ovld|                                        bucket_pointer_2571_out|       pointer|
|bucket_pointer_2571_out_o_ap_vld  |  out|    1|     ap_ovld|                                        bucket_pointer_2571_out|       pointer|
|bucket_pointer_2570_out_i         |   in|   32|     ap_ovld|                                        bucket_pointer_2570_out|       pointer|
|bucket_pointer_2570_out_o         |  out|   32|     ap_ovld|                                        bucket_pointer_2570_out|       pointer|
|bucket_pointer_2570_out_o_ap_vld  |  out|    1|     ap_ovld|                                        bucket_pointer_2570_out|       pointer|
|bucket_pointer_2569_out_i         |   in|   32|     ap_ovld|                                        bucket_pointer_2569_out|       pointer|
|bucket_pointer_2569_out_o         |  out|   32|     ap_ovld|                                        bucket_pointer_2569_out|       pointer|
|bucket_pointer_2569_out_o_ap_vld  |  out|    1|     ap_ovld|                                        bucket_pointer_2569_out|       pointer|
|bucket_pointer_2568_out_i         |   in|   32|     ap_ovld|                                        bucket_pointer_2568_out|       pointer|
|bucket_pointer_2568_out_o         |  out|   32|     ap_ovld|                                        bucket_pointer_2568_out|       pointer|
|bucket_pointer_2568_out_o_ap_vld  |  out|    1|     ap_ovld|                                        bucket_pointer_2568_out|       pointer|
+----------------------------------+-----+-----+------------+---------------------------------------------------------------+--------------+

