

================================================================
== Vitis HLS Report for 'radix_sort_hex_batch_34_1_Pipeline_input_bucket'
================================================================
* Date:           Mon Apr 24 22:43:42 2023

* Version:        2022.2 (Build 3670227 on Oct 13 2022)
* Project:        sort_seperate_bucket
* Solution:       solution1 (Vivado IP Flow Target)
* Product family: virtexuplus
* Target device:  xcu280-fsvh2892-2L-e


================================================================
== Performance Estimates
================================================================
+ Timing: 
    * Summary: 
    +--------+----------+----------+------------+
    |  Clock |  Target  | Estimated| Uncertainty|
    +--------+----------+----------+------------+
    |ap_clk  |  10.00 ns|  5.044 ns|     2.70 ns|
    +--------+----------+----------+------------+

+ Latency: 
    * Summary: 
    +---------+---------+----------+----------+-------+-------+---------+
    |  Latency (cycles) |  Latency (absolute) |    Interval   | Pipeline|
    |   min   |   max   |    min   |    max   |  min  |  max  |   Type  |
    +---------+---------+----------+----------+-------+-------+---------+
    |    15627|    15627|  0.156 ms|  0.156 ms|  15627|  15627|       no|
    +---------+---------+----------+----------+-------+-------+---------+

    + Detail: 
        * Instance: 
        N/A

        * Loop: 
        +----------------+---------+---------+----------+-----------+-----------+-------+----------+
        |                |  Latency (cycles) | Iteration|  Initiation Interval  |  Trip |          |
        |    Loop Name   |   min   |   max   |  Latency |  achieved |   target  | Count | Pipelined|
        +----------------+---------+---------+----------+-----------+-----------+-------+----------+
        |- input_bucket  |    15625|    15625|         2|          1|          1|  15625|       yes|
        +----------------+---------+---------+----------+-----------+-----------+-------+----------+



================================================================
== Utilization Estimates
================================================================
* Summary: 
+---------------------+---------+------+---------+---------+-----+
|         Name        | BRAM_18K|  DSP |    FF   |   LUT   | URAM|
+---------------------+---------+------+---------+---------+-----+
|DSP                  |        -|     -|        -|        -|    -|
|Expression           |        -|     -|        0|      310|    -|
|FIFO                 |        -|     -|        -|        -|    -|
|Instance             |        -|     -|        0|      130|    -|
|Memory               |        -|     -|        -|        -|    -|
|Multiplexer          |        -|     -|        -|      502|    -|
|Register             |        -|     -|      133|        -|    -|
+---------------------+---------+------+---------+---------+-----+
|Total                |        0|     0|      133|      942|    0|
+---------------------+---------+------+---------+---------+-----+
|Available SLR        |     1344|  3008|   869120|   434560|  320|
+---------------------+---------+------+---------+---------+-----+
|Utilization SLR (%)  |        0|     0|       ~0|       ~0|    0|
+---------------------+---------+------+---------+---------+-----+
|Available            |     4032|  9024|  2607360|  1303680|  960|
+---------------------+---------+------+---------+---------+-----+
|Utilization (%)      |        0|     0|       ~0|       ~0|    0|
+---------------------+---------+------+---------+---------+-----+

+ Detail: 
    * Instance: 
    +----------------------+----------------+---------+----+---+----+-----+
    |       Instance       |     Module     | BRAM_18K| DSP| FF| LUT| URAM|
    +----------------------+----------------+---------+----+---+----+-----+
    |mux_164_32_1_1_U6488  |mux_164_32_1_1  |        0|   0|  0|  65|    0|
    |mux_164_32_1_1_U6489  |mux_164_32_1_1  |        0|   0|  0|  65|    0|
    +----------------------+----------------+---------+----+---+----+-----+
    |Total                 |                |        0|   0|  0| 130|    0|
    +----------------------+----------------+---------+----+---+----+-----+

    * DSP: 
    N/A

    * Memory: 
    N/A

    * FIFO: 
    N/A

    * Expression: 
    +--------------------------+----------+----+---+----+------------+------------+
    |       Variable Name      | Operation| DSP| FF| LUT| Bitwidth P0| Bitwidth P1|
    +--------------------------+----------+----+---+----+------------+------------+
    |add_ln40_fu_675_p2        |         +|   0|  0|  21|          14|           1|
    |add_ln41_fu_685_p2        |         +|   0|  0|  22|          15|          15|
    |add_ln43_fu_836_p2        |         +|   0|  0|  22|          15|          15|
    |bucket_pointer_fu_856_p2  |         +|   0|  0|  39|          32|           1|
    |bucket_sizes_fu_1070_p2   |         +|   0|  0|  39|          32|           1|
    |shifted_fu_785_p2         |      ashr|   0|  0|  92|          32|          32|
    |addr_cmp_fu_771_p2        |      icmp|   0|  0|  29|          64|          64|
    |icmp_ln40_fu_669_p2       |      icmp|   0|  0|  12|          14|          11|
    |reuse_select_fu_776_p3    |    select|   0|  0|  32|           1|          32|
    |ap_enable_pp0             |       xor|   0|  0|   2|           1|           2|
    +--------------------------+----------+----+---+----+------------+------------+
    |Total                     |          |   0|  0| 310|         220|         174|
    +--------------------------+----------+----+---+----+------------+------------+

    * Multiplexer: 
    +---------------------------+----+-----------+-----+-----------+
    |            Name           | LUT| Input Size| Bits| Total Bits|
    +---------------------------+----+-----------+-----+-----------+
    |ap_done_int                |   9|          2|    1|          2|
    |ap_enable_reg_pp0_iter1    |   9|          2|    1|          2|
    |ap_sig_allocacmp_j         |   9|          2|   14|         28|
    |bucket_pointer_2308_out_o  |  14|          3|   32|         96|
    |bucket_pointer_2309_out_o  |  14|          3|   32|         96|
    |bucket_pointer_2310_out_o  |  14|          3|   32|         96|
    |bucket_pointer_2311_out_o  |  14|          3|   32|         96|
    |bucket_pointer_2312_out_o  |  14|          3|   32|         96|
    |bucket_pointer_2313_out_o  |  14|          3|   32|         96|
    |bucket_pointer_2314_out_o  |  14|          3|   32|         96|
    |bucket_pointer_2315_out_o  |  14|          3|   32|         96|
    |bucket_pointer_2316_out_o  |  14|          3|   32|         96|
    |bucket_pointer_2317_out_o  |  14|          3|   32|         96|
    |bucket_pointer_2318_out_o  |  14|          3|   32|         96|
    |bucket_pointer_2319_out_o  |  14|          3|   32|         96|
    |bucket_pointer_2320_out_o  |  14|          3|   32|         96|
    |bucket_pointer_2321_out_o  |  14|          3|   32|         96|
    |bucket_pointer_2322_out_o  |  14|          3|   32|         96|
    |bucket_pointer_2323_out_o  |  14|          3|   32|         96|
    |bucket_sizes_5188_out_o    |  14|          3|   32|         96|
    |bucket_sizes_5189_out_o    |  14|          3|   32|         96|
    |bucket_sizes_5190_out_o    |  14|          3|   32|         96|
    |bucket_sizes_5191_out_o    |  14|          3|   32|         96|
    |bucket_sizes_5192_out_o    |  14|          3|   32|         96|
    |bucket_sizes_5193_out_o    |  14|          3|   32|         96|
    |bucket_sizes_5194_out_o    |  14|          3|   32|         96|
    |bucket_sizes_5195_out_o    |  14|          3|   32|         96|
    |bucket_sizes_5196_out_o    |  14|          3|   32|         96|
    |bucket_sizes_5197_out_o    |  14|          3|   32|         96|
    |bucket_sizes_5198_out_o    |  14|          3|   32|         96|
    |bucket_sizes_5199_out_o    |  14|          3|   32|         96|
    |bucket_sizes_5200_out_o    |  14|          3|   32|         96|
    |bucket_sizes_5201_out_o    |  14|          3|   32|         96|
    |bucket_sizes_5202_out_o    |  14|          3|   32|         96|
    |bucket_sizes_5203_out_o    |  14|          3|   32|         96|
    |j_36_fu_216                |   9|          2|   14|         28|
    |reuse_addr_reg_fu_208      |   9|          2|   64|        128|
    |reuse_reg_fu_212           |   9|          2|   32|         64|
    +---------------------------+----+-----------+-----+-----------+
    |Total                      | 502|        108| 1150|       3324|
    +---------------------------+----+-----------+-----+-----------+

    * Register: 
    +--------------------------+----+----+-----+-----------+
    |           Name           | FF | LUT| Bits| Const Bits|
    +--------------------------+----+----+-----+-----------+
    |ap_CS_fsm                 |   1|   0|    1|          0|
    |ap_done_reg               |   1|   0|    1|          0|
    |ap_enable_reg_pp0_iter1   |   1|   0|    1|          0|
    |j_36_fu_216               |  14|   0|   14|          0|
    |mul_cast_i_cast_reg_1198  |   5|   0|   32|         27|
    |reuse_addr_reg_fu_208     |  64|   0|   64|          0|
    |reuse_reg_fu_212          |  32|   0|   32|          0|
    |zext_ln41_36_reg_1206     |  15|   0|   64|         49|
    +--------------------------+----+----+-----+-----------+
    |Total                     | 133|   0|  209|         76|
    +--------------------------+----+----+-----+-----------+



================================================================
== Interface
================================================================
* Summary: 
+----------------------------------+-----+-----+------------+-------------------------------------------------+--------------+
|             RTL Ports            | Dir | Bits|  Protocol  |                  Source Object                  |    C Type    |
+----------------------------------+-----+-----+------------+-------------------------------------------------+--------------+
|ap_clk                            |   in|    1|  ap_ctrl_hs|  radix_sort_hex_batch.34.1_Pipeline_input_bucket|  return value|
|ap_rst                            |   in|    1|  ap_ctrl_hs|  radix_sort_hex_batch.34.1_Pipeline_input_bucket|  return value|
|ap_start                          |   in|    1|  ap_ctrl_hs|  radix_sort_hex_batch.34.1_Pipeline_input_bucket|  return value|
|ap_done                           |  out|    1|  ap_ctrl_hs|  radix_sort_hex_batch.34.1_Pipeline_input_bucket|  return value|
|ap_idle                           |  out|    1|  ap_ctrl_hs|  radix_sort_hex_batch.34.1_Pipeline_input_bucket|  return value|
|ap_ready                          |  out|    1|  ap_ctrl_hs|  radix_sort_hex_batch.34.1_Pipeline_input_bucket|  return value|
|bucket_sizes_5171_reload          |   in|   32|     ap_none|                         bucket_sizes_5171_reload|        scalar|
|bucket_sizes_5170_reload          |   in|   32|     ap_none|                         bucket_sizes_5170_reload|        scalar|
|bucket_sizes_5169_reload          |   in|   32|     ap_none|                         bucket_sizes_5169_reload|        scalar|
|bucket_sizes_5168_reload          |   in|   32|     ap_none|                         bucket_sizes_5168_reload|        scalar|
|bucket_sizes_5167_reload          |   in|   32|     ap_none|                         bucket_sizes_5167_reload|        scalar|
|bucket_sizes_5166_reload          |   in|   32|     ap_none|                         bucket_sizes_5166_reload|        scalar|
|bucket_sizes_5165_reload          |   in|   32|     ap_none|                         bucket_sizes_5165_reload|        scalar|
|bucket_sizes_5164_reload          |   in|   32|     ap_none|                         bucket_sizes_5164_reload|        scalar|
|bucket_sizes_5163_reload          |   in|   32|     ap_none|                         bucket_sizes_5163_reload|        scalar|
|bucket_sizes_5162_reload          |   in|   32|     ap_none|                         bucket_sizes_5162_reload|        scalar|
|bucket_sizes_5161_reload          |   in|   32|     ap_none|                         bucket_sizes_5161_reload|        scalar|
|bucket_sizes_5160_reload          |   in|   32|     ap_none|                         bucket_sizes_5160_reload|        scalar|
|bucket_sizes_5159_reload          |   in|   32|     ap_none|                         bucket_sizes_5159_reload|        scalar|
|bucket_sizes_5158_reload          |   in|   32|     ap_none|                         bucket_sizes_5158_reload|        scalar|
|bucket_sizes_5157_reload          |   in|   32|     ap_none|                         bucket_sizes_5157_reload|        scalar|
|bucket_sizes_5156_reload          |   in|   32|     ap_none|                         bucket_sizes_5156_reload|        scalar|
|bucket_pointer_2306_reload        |   in|   32|     ap_none|                       bucket_pointer_2306_reload|        scalar|
|bucket_pointer_2305_reload        |   in|   32|     ap_none|                       bucket_pointer_2305_reload|        scalar|
|bucket_pointer_2304_reload        |   in|   32|     ap_none|                       bucket_pointer_2304_reload|        scalar|
|bucket_pointer_2303_reload        |   in|   32|     ap_none|                       bucket_pointer_2303_reload|        scalar|
|bucket_pointer_2302_reload        |   in|   32|     ap_none|                       bucket_pointer_2302_reload|        scalar|
|bucket_pointer_2301_reload        |   in|   32|     ap_none|                       bucket_pointer_2301_reload|        scalar|
|bucket_pointer_2300_reload        |   in|   32|     ap_none|                       bucket_pointer_2300_reload|        scalar|
|bucket_pointer_2299_reload        |   in|   32|     ap_none|                       bucket_pointer_2299_reload|        scalar|
|bucket_pointer_2298_reload        |   in|   32|     ap_none|                       bucket_pointer_2298_reload|        scalar|
|bucket_pointer_2297_reload        |   in|   32|     ap_none|                       bucket_pointer_2297_reload|        scalar|
|bucket_pointer_2296_reload        |   in|   32|     ap_none|                       bucket_pointer_2296_reload|        scalar|
|bucket_pointer_2295_reload        |   in|   32|     ap_none|                       bucket_pointer_2295_reload|        scalar|
|bucket_pointer_2294_reload        |   in|   32|     ap_none|                       bucket_pointer_2294_reload|        scalar|
|bucket_pointer_2293_reload        |   in|   32|     ap_none|                       bucket_pointer_2293_reload|        scalar|
|bucket_pointer_2292_reload        |   in|   32|     ap_none|                       bucket_pointer_2292_reload|        scalar|
|bucket_pointer_2291_reload        |   in|   32|     ap_none|                       bucket_pointer_2291_reload|        scalar|
|mul_ln41                          |   in|   15|     ap_none|                                         mul_ln41|        scalar|
|bucket_address0                   |  out|   15|   ap_memory|                                           bucket|         array|
|bucket_ce0                        |  out|    1|   ap_memory|                                           bucket|         array|
|bucket_we0                        |  out|    1|   ap_memory|                                           bucket|         array|
|bucket_d0                         |  out|   32|   ap_memory|                                           bucket|         array|
|bucket_address1                   |  out|   15|   ap_memory|                                           bucket|         array|
|bucket_ce1                        |  out|    1|   ap_memory|                                           bucket|         array|
|bucket_q1                         |   in|   32|   ap_memory|                                           bucket|         array|
|mul_cast_i                        |   in|    5|     ap_none|                                       mul_cast_i|        scalar|
|mul_ln43                          |   in|   15|     ap_none|                                         mul_ln43|        scalar|
|bucket_sizes_5203_out_i           |   in|   32|     ap_ovld|                            bucket_sizes_5203_out|       pointer|
|bucket_sizes_5203_out_o           |  out|   32|     ap_ovld|                            bucket_sizes_5203_out|       pointer|
|bucket_sizes_5203_out_o_ap_vld    |  out|    1|     ap_ovld|                            bucket_sizes_5203_out|       pointer|
|bucket_sizes_5202_out_i           |   in|   32|     ap_ovld|                            bucket_sizes_5202_out|       pointer|
|bucket_sizes_5202_out_o           |  out|   32|     ap_ovld|                            bucket_sizes_5202_out|       pointer|
|bucket_sizes_5202_out_o_ap_vld    |  out|    1|     ap_ovld|                            bucket_sizes_5202_out|       pointer|
|bucket_sizes_5201_out_i           |   in|   32|     ap_ovld|                            bucket_sizes_5201_out|       pointer|
|bucket_sizes_5201_out_o           |  out|   32|     ap_ovld|                            bucket_sizes_5201_out|       pointer|
|bucket_sizes_5201_out_o_ap_vld    |  out|    1|     ap_ovld|                            bucket_sizes_5201_out|       pointer|
|bucket_sizes_5200_out_i           |   in|   32|     ap_ovld|                            bucket_sizes_5200_out|       pointer|
|bucket_sizes_5200_out_o           |  out|   32|     ap_ovld|                            bucket_sizes_5200_out|       pointer|
|bucket_sizes_5200_out_o_ap_vld    |  out|    1|     ap_ovld|                            bucket_sizes_5200_out|       pointer|
|bucket_sizes_5199_out_i           |   in|   32|     ap_ovld|                            bucket_sizes_5199_out|       pointer|
|bucket_sizes_5199_out_o           |  out|   32|     ap_ovld|                            bucket_sizes_5199_out|       pointer|
|bucket_sizes_5199_out_o_ap_vld    |  out|    1|     ap_ovld|                            bucket_sizes_5199_out|       pointer|
|bucket_sizes_5198_out_i           |   in|   32|     ap_ovld|                            bucket_sizes_5198_out|       pointer|
|bucket_sizes_5198_out_o           |  out|   32|     ap_ovld|                            bucket_sizes_5198_out|       pointer|
|bucket_sizes_5198_out_o_ap_vld    |  out|    1|     ap_ovld|                            bucket_sizes_5198_out|       pointer|
|bucket_sizes_5197_out_i           |   in|   32|     ap_ovld|                            bucket_sizes_5197_out|       pointer|
|bucket_sizes_5197_out_o           |  out|   32|     ap_ovld|                            bucket_sizes_5197_out|       pointer|
|bucket_sizes_5197_out_o_ap_vld    |  out|    1|     ap_ovld|                            bucket_sizes_5197_out|       pointer|
|bucket_sizes_5196_out_i           |   in|   32|     ap_ovld|                            bucket_sizes_5196_out|       pointer|
|bucket_sizes_5196_out_o           |  out|   32|     ap_ovld|                            bucket_sizes_5196_out|       pointer|
|bucket_sizes_5196_out_o_ap_vld    |  out|    1|     ap_ovld|                            bucket_sizes_5196_out|       pointer|
|bucket_sizes_5195_out_i           |   in|   32|     ap_ovld|                            bucket_sizes_5195_out|       pointer|
|bucket_sizes_5195_out_o           |  out|   32|     ap_ovld|                            bucket_sizes_5195_out|       pointer|
|bucket_sizes_5195_out_o_ap_vld    |  out|    1|     ap_ovld|                            bucket_sizes_5195_out|       pointer|
|bucket_sizes_5194_out_i           |   in|   32|     ap_ovld|                            bucket_sizes_5194_out|       pointer|
|bucket_sizes_5194_out_o           |  out|   32|     ap_ovld|                            bucket_sizes_5194_out|       pointer|
|bucket_sizes_5194_out_o_ap_vld    |  out|    1|     ap_ovld|                            bucket_sizes_5194_out|       pointer|
|bucket_sizes_5193_out_i           |   in|   32|     ap_ovld|                            bucket_sizes_5193_out|       pointer|
|bucket_sizes_5193_out_o           |  out|   32|     ap_ovld|                            bucket_sizes_5193_out|       pointer|
|bucket_sizes_5193_out_o_ap_vld    |  out|    1|     ap_ovld|                            bucket_sizes_5193_out|       pointer|
|bucket_sizes_5192_out_i           |   in|   32|     ap_ovld|                            bucket_sizes_5192_out|       pointer|
|bucket_sizes_5192_out_o           |  out|   32|     ap_ovld|                            bucket_sizes_5192_out|       pointer|
|bucket_sizes_5192_out_o_ap_vld    |  out|    1|     ap_ovld|                            bucket_sizes_5192_out|       pointer|
|bucket_sizes_5191_out_i           |   in|   32|     ap_ovld|                            bucket_sizes_5191_out|       pointer|
|bucket_sizes_5191_out_o           |  out|   32|     ap_ovld|                            bucket_sizes_5191_out|       pointer|
|bucket_sizes_5191_out_o_ap_vld    |  out|    1|     ap_ovld|                            bucket_sizes_5191_out|       pointer|
|bucket_sizes_5190_out_i           |   in|   32|     ap_ovld|                            bucket_sizes_5190_out|       pointer|
|bucket_sizes_5190_out_o           |  out|   32|     ap_ovld|                            bucket_sizes_5190_out|       pointer|
|bucket_sizes_5190_out_o_ap_vld    |  out|    1|     ap_ovld|                            bucket_sizes_5190_out|       pointer|
|bucket_sizes_5189_out_i           |   in|   32|     ap_ovld|                            bucket_sizes_5189_out|       pointer|
|bucket_sizes_5189_out_o           |  out|   32|     ap_ovld|                            bucket_sizes_5189_out|       pointer|
|bucket_sizes_5189_out_o_ap_vld    |  out|    1|     ap_ovld|                            bucket_sizes_5189_out|       pointer|
|bucket_sizes_5188_out_i           |   in|   32|     ap_ovld|                            bucket_sizes_5188_out|       pointer|
|bucket_sizes_5188_out_o           |  out|   32|     ap_ovld|                            bucket_sizes_5188_out|       pointer|
|bucket_sizes_5188_out_o_ap_vld    |  out|    1|     ap_ovld|                            bucket_sizes_5188_out|       pointer|
|bucket_pointer_2323_out_i         |   in|   32|     ap_ovld|                          bucket_pointer_2323_out|       pointer|
|bucket_pointer_2323_out_o         |  out|   32|     ap_ovld|                          bucket_pointer_2323_out|       pointer|
|bucket_pointer_2323_out_o_ap_vld  |  out|    1|     ap_ovld|                          bucket_pointer_2323_out|       pointer|
|bucket_pointer_2322_out_i         |   in|   32|     ap_ovld|                          bucket_pointer_2322_out|       pointer|
|bucket_pointer_2322_out_o         |  out|   32|     ap_ovld|                          bucket_pointer_2322_out|       pointer|
|bucket_pointer_2322_out_o_ap_vld  |  out|    1|     ap_ovld|                          bucket_pointer_2322_out|       pointer|
|bucket_pointer_2321_out_i         |   in|   32|     ap_ovld|                          bucket_pointer_2321_out|       pointer|
|bucket_pointer_2321_out_o         |  out|   32|     ap_ovld|                          bucket_pointer_2321_out|       pointer|
|bucket_pointer_2321_out_o_ap_vld  |  out|    1|     ap_ovld|                          bucket_pointer_2321_out|       pointer|
|bucket_pointer_2320_out_i         |   in|   32|     ap_ovld|                          bucket_pointer_2320_out|       pointer|
|bucket_pointer_2320_out_o         |  out|   32|     ap_ovld|                          bucket_pointer_2320_out|       pointer|
|bucket_pointer_2320_out_o_ap_vld  |  out|    1|     ap_ovld|                          bucket_pointer_2320_out|       pointer|
|bucket_pointer_2319_out_i         |   in|   32|     ap_ovld|                          bucket_pointer_2319_out|       pointer|
|bucket_pointer_2319_out_o         |  out|   32|     ap_ovld|                          bucket_pointer_2319_out|       pointer|
|bucket_pointer_2319_out_o_ap_vld  |  out|    1|     ap_ovld|                          bucket_pointer_2319_out|       pointer|
|bucket_pointer_2318_out_i         |   in|   32|     ap_ovld|                          bucket_pointer_2318_out|       pointer|
|bucket_pointer_2318_out_o         |  out|   32|     ap_ovld|                          bucket_pointer_2318_out|       pointer|
|bucket_pointer_2318_out_o_ap_vld  |  out|    1|     ap_ovld|                          bucket_pointer_2318_out|       pointer|
|bucket_pointer_2317_out_i         |   in|   32|     ap_ovld|                          bucket_pointer_2317_out|       pointer|
|bucket_pointer_2317_out_o         |  out|   32|     ap_ovld|                          bucket_pointer_2317_out|       pointer|
|bucket_pointer_2317_out_o_ap_vld  |  out|    1|     ap_ovld|                          bucket_pointer_2317_out|       pointer|
|bucket_pointer_2316_out_i         |   in|   32|     ap_ovld|                          bucket_pointer_2316_out|       pointer|
|bucket_pointer_2316_out_o         |  out|   32|     ap_ovld|                          bucket_pointer_2316_out|       pointer|
|bucket_pointer_2316_out_o_ap_vld  |  out|    1|     ap_ovld|                          bucket_pointer_2316_out|       pointer|
|bucket_pointer_2315_out_i         |   in|   32|     ap_ovld|                          bucket_pointer_2315_out|       pointer|
|bucket_pointer_2315_out_o         |  out|   32|     ap_ovld|                          bucket_pointer_2315_out|       pointer|
|bucket_pointer_2315_out_o_ap_vld  |  out|    1|     ap_ovld|                          bucket_pointer_2315_out|       pointer|
|bucket_pointer_2314_out_i         |   in|   32|     ap_ovld|                          bucket_pointer_2314_out|       pointer|
|bucket_pointer_2314_out_o         |  out|   32|     ap_ovld|                          bucket_pointer_2314_out|       pointer|
|bucket_pointer_2314_out_o_ap_vld  |  out|    1|     ap_ovld|                          bucket_pointer_2314_out|       pointer|
|bucket_pointer_2313_out_i         |   in|   32|     ap_ovld|                          bucket_pointer_2313_out|       pointer|
|bucket_pointer_2313_out_o         |  out|   32|     ap_ovld|                          bucket_pointer_2313_out|       pointer|
|bucket_pointer_2313_out_o_ap_vld  |  out|    1|     ap_ovld|                          bucket_pointer_2313_out|       pointer|
|bucket_pointer_2312_out_i         |   in|   32|     ap_ovld|                          bucket_pointer_2312_out|       pointer|
|bucket_pointer_2312_out_o         |  out|   32|     ap_ovld|                          bucket_pointer_2312_out|       pointer|
|bucket_pointer_2312_out_o_ap_vld  |  out|    1|     ap_ovld|                          bucket_pointer_2312_out|       pointer|
|bucket_pointer_2311_out_i         |   in|   32|     ap_ovld|                          bucket_pointer_2311_out|       pointer|
|bucket_pointer_2311_out_o         |  out|   32|     ap_ovld|                          bucket_pointer_2311_out|       pointer|
|bucket_pointer_2311_out_o_ap_vld  |  out|    1|     ap_ovld|                          bucket_pointer_2311_out|       pointer|
|bucket_pointer_2310_out_i         |   in|   32|     ap_ovld|                          bucket_pointer_2310_out|       pointer|
|bucket_pointer_2310_out_o         |  out|   32|     ap_ovld|                          bucket_pointer_2310_out|       pointer|
|bucket_pointer_2310_out_o_ap_vld  |  out|    1|     ap_ovld|                          bucket_pointer_2310_out|       pointer|
|bucket_pointer_2309_out_i         |   in|   32|     ap_ovld|                          bucket_pointer_2309_out|       pointer|
|bucket_pointer_2309_out_o         |  out|   32|     ap_ovld|                          bucket_pointer_2309_out|       pointer|
|bucket_pointer_2309_out_o_ap_vld  |  out|    1|     ap_ovld|                          bucket_pointer_2309_out|       pointer|
|bucket_pointer_2308_out_i         |   in|   32|     ap_ovld|                          bucket_pointer_2308_out|       pointer|
|bucket_pointer_2308_out_o         |  out|   32|     ap_ovld|                          bucket_pointer_2308_out|       pointer|
|bucket_pointer_2308_out_o_ap_vld  |  out|    1|     ap_ovld|                          bucket_pointer_2308_out|       pointer|
+----------------------------------+-----+-----+------------+-------------------------------------------------+--------------+

