

================================================================
== Vitis HLS Report for 'radix_sort_oct_batch_60_1_Pipeline_1'
================================================================
* Date:           Tue Apr 25 14:00:25 2023

* Version:        2022.2 (Build 3670227 on Oct 13 2022)
* Project:        sort_seperate_bucket
* Solution:       solution1 (Vivado IP Flow Target)
* Product family: virtexuplus
* Target device:  xcu280-fsvh2892-2L-e


================================================================
== Performance Estimates
================================================================
+ Timing: 
    * Summary: 
    +--------+----------+----------+------------+
    |  Clock |  Target  | Estimated| Uncertainty|
    +--------+----------+----------+------------+
    |ap_clk  |  10.00 ns|  1.095 ns|     2.70 ns|
    +--------+----------+----------+------------+

+ Latency: 
    * Summary: 
    +---------+---------+----------+----------+-----+-----+---------+
    |  Latency (cycles) |  Latency (absolute) |  Interval | Pipeline|
    |   min   |   max   |    min   |    max   | min | max |   Type  |
    +---------+---------+----------+----------+-----+-----+---------+
    |       10|       10|  0.100 us|  0.100 us|   10|   10|       no|
    +---------+---------+----------+----------+-----+-----+---------+

    + Detail: 
        * Instance: 
        N/A

        * Loop: 
        +----------+---------+---------+----------+-----------+-----------+------+----------+
        |          |  Latency (cycles) | Iteration|  Initiation Interval  | Trip |          |
        | Loop Name|   min   |   max   |  Latency |  achieved |   target  | Count| Pipelined|
        +----------+---------+---------+----------+-----------+-----------+------+----------+
        |- Loop 1  |        8|        8|         1|          1|          1|     8|       yes|
        +----------+---------+---------+----------+-----------+-----------+------+----------+



================================================================
== Utilization Estimates
================================================================
* Summary: 
+---------------------+---------+------+---------+---------+-----+
|         Name        | BRAM_18K|  DSP |    FF   |   LUT   | URAM|
+---------------------+---------+------+---------+---------+-----+
|DSP                  |        -|     -|        -|        -|    -|
|Expression           |        -|     -|        0|       21|    -|
|FIFO                 |        -|     -|        -|        -|    -|
|Instance             |        -|     -|        -|        -|    -|
|Memory               |        -|     -|        -|        -|    -|
|Multiplexer          |        -|     -|        -|       27|    -|
|Register             |        -|     -|        6|        -|    -|
+---------------------+---------+------+---------+---------+-----+
|Total                |        0|     0|        6|       48|    0|
+---------------------+---------+------+---------+---------+-----+
|Available SLR        |     1344|  3008|   869120|   434560|  320|
+---------------------+---------+------+---------+---------+-----+
|Utilization SLR (%)  |        0|     0|       ~0|       ~0|    0|
+---------------------+---------+------+---------+---------+-----+
|Available            |     4032|  9024|  2607360|  1303680|  960|
+---------------------+---------+------+---------+---------+-----+
|Utilization (%)      |        0|     0|       ~0|       ~0|    0|
+---------------------+---------+------+---------+---------+-----+

+ Detail: 
    * Instance: 
    N/A

    * DSP: 
    N/A

    * Memory: 
    N/A

    * FIFO: 
    N/A

    * Expression: 
    +-------------------------+----------+----+---+----+------------+------------+
    |      Variable Name      | Operation| DSP| FF| LUT| Bitwidth P0| Bitwidth P1|
    +-------------------------+----------+----+---+----+------------+------------+
    |empty_96_fu_158_p2       |         +|   0|  0|  12|           4|           1|
    |exitcond116_i_fu_152_p2  |      icmp|   0|  0|   9|           4|           5|
    +-------------------------+----------+----+---+----+------------+------------+
    |Total                    |          |   0|  0|  21|           8|           6|
    +-------------------------+----------+----+---+----+------------+------------+

    * Multiplexer: 
    +-------------------------+----+-----------+-----+-----------+
    |           Name          | LUT| Input Size| Bits| Total Bits|
    +-------------------------+----+-----------+-----+-----------+
    |ap_done_int              |   9|          2|    1|          2|
    |ap_sig_allocacmp_p_load  |   9|          2|    4|          8|
    |empty_fu_52              |   9|          2|    4|          8|
    +-------------------------+----+-----------+-----+-----------+
    |Total                    |  27|          6|    9|         18|
    +-------------------------+----+-----------+-----+-----------+

    * Register: 
    +-------------+---+----+-----+-----------+
    |     Name    | FF| LUT| Bits| Const Bits|
    +-------------+---+----+-----+-----------+
    |ap_CS_fsm    |  1|   0|    1|          0|
    |ap_done_reg  |  1|   0|    1|          0|
    |empty_fu_52  |  4|   0|    4|          0|
    +-------------+---+----+-----+-----------+
    |Total        |  6|   0|    6|          0|
    +-------------+---+----+-----+-----------+



================================================================
== Interface
================================================================
* Summary: 
+-----------------------------+-----+-----+------------+--------------------------------------+--------------+
|          RTL Ports          | Dir | Bits|  Protocol  |             Source Object            |    C Type    |
+-----------------------------+-----+-----+------------+--------------------------------------+--------------+
|ap_clk                       |   in|    1|  ap_ctrl_hs|  radix_sort_oct_batch.60.1_Pipeline_1|  return value|
|ap_rst                       |   in|    1|  ap_ctrl_hs|  radix_sort_oct_batch.60.1_Pipeline_1|  return value|
|ap_start                     |   in|    1|  ap_ctrl_hs|  radix_sort_oct_batch.60.1_Pipeline_1|  return value|
|ap_done                      |  out|    1|  ap_ctrl_hs|  radix_sort_oct_batch.60.1_Pipeline_1|  return value|
|ap_idle                      |  out|    1|  ap_ctrl_hs|  radix_sort_oct_batch.60.1_Pipeline_1|  return value|
|ap_ready                     |  out|    1|  ap_ctrl_hs|  radix_sort_oct_batch.60.1_Pipeline_1|  return value|
|bucket_sizes_445_out         |  out|   32|      ap_vld|                  bucket_sizes_445_out|       pointer|
|bucket_sizes_445_out_ap_vld  |  out|    1|      ap_vld|                  bucket_sizes_445_out|       pointer|
|bucket_sizes_444_out         |  out|   32|      ap_vld|                  bucket_sizes_444_out|       pointer|
|bucket_sizes_444_out_ap_vld  |  out|    1|      ap_vld|                  bucket_sizes_444_out|       pointer|
|bucket_sizes_443_out         |  out|   32|      ap_vld|                  bucket_sizes_443_out|       pointer|
|bucket_sizes_443_out_ap_vld  |  out|    1|      ap_vld|                  bucket_sizes_443_out|       pointer|
|bucket_sizes_442_out         |  out|   32|      ap_vld|                  bucket_sizes_442_out|       pointer|
|bucket_sizes_442_out_ap_vld  |  out|    1|      ap_vld|                  bucket_sizes_442_out|       pointer|
|bucket_sizes_441_out         |  out|   32|      ap_vld|                  bucket_sizes_441_out|       pointer|
|bucket_sizes_441_out_ap_vld  |  out|    1|      ap_vld|                  bucket_sizes_441_out|       pointer|
|bucket_sizes_440_out         |  out|   32|      ap_vld|                  bucket_sizes_440_out|       pointer|
|bucket_sizes_440_out_ap_vld  |  out|    1|      ap_vld|                  bucket_sizes_440_out|       pointer|
|bucket_sizes_439_out         |  out|   32|      ap_vld|                  bucket_sizes_439_out|       pointer|
|bucket_sizes_439_out_ap_vld  |  out|    1|      ap_vld|                  bucket_sizes_439_out|       pointer|
|bucket_sizes_out             |  out|   32|      ap_vld|                      bucket_sizes_out|       pointer|
|bucket_sizes_out_ap_vld      |  out|    1|      ap_vld|                      bucket_sizes_out|       pointer|
+-----------------------------+-----+-----+------------+--------------------------------------+--------------+

