

================================================================
== Vitis HLS Report for 'radix_sort_unified_bucket_pingpong_18_1_Pipeline_bucket_pointer_initialization'
================================================================
* Date:           Sat Apr 22 15:39:39 2023

* Version:        2022.2 (Build 3670227 on Oct 13 2022)
* Project:        sort_seperate_bucket
* Solution:       solution1 (Vivado IP Flow Target)
* Product family: virtexuplus
* Target device:  xcu280-fsvh2892-2L-e


================================================================
== Performance Estimates
================================================================
+ Timing: 
    * Summary: 
    +--------+----------+----------+------------+
    |  Clock |  Target  | Estimated| Uncertainty|
    +--------+----------+----------+------------+
    |ap_clk  |  10.00 ns|  1.760 ns|     2.70 ns|
    +--------+----------+----------+------------+

+ Latency: 
    * Summary: 
    +---------+---------+----------+----------+-----+-----+---------+
    |  Latency (cycles) |  Latency (absolute) |  Interval | Pipeline|
    |   min   |   max   |    min   |    max   | min | max |   Type  |
    +---------+---------+----------+----------+-----+-----+---------+
    |       18|       18|  0.180 us|  0.180 us|   18|   18|       no|
    +---------+---------+----------+----------+-----+-----+---------+

    + Detail: 
        * Instance: 
        N/A

        * Loop: 
        +---------------------------------+---------+---------+----------+-----------+-----------+------+----------+
        |                                 |  Latency (cycles) | Iteration|  Initiation Interval  | Trip |          |
        |            Loop Name            |   min   |   max   |  Latency |  achieved |   target  | Count| Pipelined|
        +---------------------------------+---------+---------+----------+-----------+-----------+------+----------+
        |- bucket_pointer_initialization  |       16|       16|         1|          1|          1|    16|       yes|
        +---------------------------------+---------+---------+----------+-----------+-----------+------+----------+



================================================================
== Utilization Estimates
================================================================
* Summary: 
+---------------------+---------+------+---------+---------+-----+
|         Name        | BRAM_18K|  DSP |    FF   |   LUT   | URAM|
+---------------------+---------+------+---------+---------+-----+
|DSP                  |        -|     -|        -|        -|    -|
|Expression           |        -|     -|        0|       95|    -|
|FIFO                 |        -|     -|        -|        -|    -|
|Instance             |        -|     -|        0|       65|    -|
|Memory               |        -|     -|        -|        -|    -|
|Multiplexer          |        -|     -|        -|      324|    -|
|Register             |        -|     -|     1064|        -|    -|
+---------------------+---------+------+---------+---------+-----+
|Total                |        0|     0|     1064|      484|    0|
+---------------------+---------+------+---------+---------+-----+
|Available SLR        |     1344|  3008|   869120|   434560|  320|
+---------------------+---------+------+---------+---------+-----+
|Utilization SLR (%)  |        0|     0|       ~0|       ~0|    0|
+---------------------+---------+------+---------+---------+-----+
|Available            |     4032|  9024|  2607360|  1303680|  960|
+---------------------+---------+------+---------+---------+-----+
|Utilization (%)      |        0|     0|       ~0|       ~0|    0|
+---------------------+---------+------+---------+---------+-----+

+ Detail: 
    * Instance: 
    +----------------------+----------------+---------+----+---+----+-----+
    |       Instance       |     Module     | BRAM_18K| DSP| FF| LUT| URAM|
    +----------------------+----------------+---------+----+---+----+-----+
    |mux_164_32_1_1_U3335  |mux_164_32_1_1  |        0|   0|  0|  65|    0|
    +----------------------+----------------+---------+----+---+----+-----+
    |Total                 |                |        0|   0|  0|  65|    0|
    +----------------------+----------------+---------+----+---+----+-----+

    * DSP: 
    N/A

    * Memory: 
    N/A

    * FIFO: 
    N/A

    * Expression: 
    +--------------------------------+----------+----+---+----+------------+------------+
    |          Variable Name         | Operation| DSP| FF| LUT| Bitwidth P0| Bitwidth P1|
    +--------------------------------+----------+----+---+----+------------+------------+
    |add_ln85_fu_922_p2              |         +|   0|  0|  12|           5|           1|
    |next_bucket_pointer_fu_1018_p2  |         +|   0|  0|  39|          32|          32|
    |ap_condition_505                |       and|   0|  0|   2|           1|           1|
    |ap_condition_508                |       and|   0|  0|   2|           1|           1|
    |ap_condition_511                |       and|   0|  0|   2|           1|           1|
    |ap_condition_514                |       and|   0|  0|   2|           1|           1|
    |ap_condition_517                |       and|   0|  0|   2|           1|           1|
    |ap_condition_520                |       and|   0|  0|   2|           1|           1|
    |ap_condition_523                |       and|   0|  0|   2|           1|           1|
    |ap_condition_526                |       and|   0|  0|   2|           1|           1|
    |ap_condition_529                |       and|   0|  0|   2|           1|           1|
    |ap_condition_532                |       and|   0|  0|   2|           1|           1|
    |ap_condition_535                |       and|   0|  0|   2|           1|           1|
    |ap_condition_538                |       and|   0|  0|   2|           1|           1|
    |ap_condition_541                |       and|   0|  0|   2|           1|           1|
    |ap_condition_544                |       and|   0|  0|   2|           1|           1|
    |ap_condition_547                |       and|   0|  0|   2|           1|           1|
    |ap_condition_550                |       and|   0|  0|   2|           1|           1|
    |icmp_ln85_fu_916_p2             |      icmp|   0|  0|  10|           5|           6|
    |ap_enable_pp0                   |       xor|   0|  0|   2|           1|           2|
    +--------------------------------+----------+----+---+----+------------+------------+
    |Total                           |          |   0|  0|  95|          59|          57|
    +--------------------------------+----------+----+---+----+------------+------------+

    * Multiplexer: 
    +----------------------------+----+-----------+-----+-----------+
    |            Name            | LUT| Input Size| Bits| Total Bits|
    +----------------------------+----+-----------+-----+-----------+
    |ap_done_int                 |   9|          2|    1|          2|
    |ap_enable_reg_pp0_iter1     |   9|          2|    1|          2|
    |bucket_pointer_1803_fu_192  |   9|          2|   32|         64|
    |bucket_pointer_1804_fu_196  |   9|          2|   32|         64|
    |bucket_pointer_1805_fu_200  |   9|          2|   32|         64|
    |bucket_pointer_1806_fu_204  |   9|          2|   32|         64|
    |bucket_pointer_1807_fu_208  |   9|          2|   32|         64|
    |bucket_pointer_1808_fu_212  |   9|          2|   32|         64|
    |bucket_pointer_1809_fu_216  |   9|          2|   32|         64|
    |bucket_pointer_1810_fu_220  |   9|          2|   32|         64|
    |bucket_pointer_1811_fu_224  |   9|          2|   32|         64|
    |bucket_pointer_1812_fu_228  |   9|          2|   32|         64|
    |bucket_pointer_1813_fu_232  |   9|          2|   32|         64|
    |bucket_pointer_1814_fu_236  |   9|          2|   32|         64|
    |bucket_pointer_1815_fu_240  |   9|          2|   32|         64|
    |bucket_pointer_1816_fu_244  |   9|          2|   32|         64|
    |bucket_pointer_1817_fu_248  |   9|          2|   32|         64|
    |bucket_pointer_1818_fu_252  |   9|          2|   32|         64|
    |bucket_pointer_1819_fu_256  |   9|          2|   32|         64|
    |bucket_sizes_2371_fu_264    |   9|          2|   32|         64|
    |bucket_sizes_2372_fu_268    |   9|          2|   32|         64|
    |bucket_sizes_2373_fu_272    |   9|          2|   32|         64|
    |bucket_sizes_2374_fu_276    |   9|          2|   32|         64|
    |bucket_sizes_2375_fu_280    |   9|          2|   32|         64|
    |bucket_sizes_2376_fu_284    |   9|          2|   32|         64|
    |bucket_sizes_2377_fu_288    |   9|          2|   32|         64|
    |bucket_sizes_2378_fu_292    |   9|          2|   32|         64|
    |bucket_sizes_2379_fu_296    |   9|          2|   32|         64|
    |bucket_sizes_2380_fu_300    |   9|          2|   32|         64|
    |bucket_sizes_2381_fu_304    |   9|          2|   32|         64|
    |bucket_sizes_2382_fu_308    |   9|          2|   32|         64|
    |bucket_sizes_2383_fu_312    |   9|          2|   32|         64|
    |bucket_sizes_2384_fu_316    |   9|          2|   32|         64|
    |bucket_sizes_2385_fu_320    |   9|          2|   32|         64|
    |bucket_sizes_fu_260         |   9|          2|   32|         64|
    |m_fu_188                    |   9|          2|    5|         10|
    +----------------------------+----+-----------+-----+-----------+
    |Total                       | 324|         72| 1063|       2126|
    +----------------------------+----+-----------+-----+-----------+

    * Register: 
    +----------------------------+----+----+-----+-----------+
    |            Name            | FF | LUT| Bits| Const Bits|
    +----------------------------+----+----+-----+-----------+
    |ap_CS_fsm                   |   1|   0|    1|          0|
    |ap_done_reg                 |   1|   0|    1|          0|
    |ap_enable_reg_pp0_iter1     |   1|   0|    1|          0|
    |bucket_pointer_1803_fu_192  |  32|   0|   32|          0|
    |bucket_pointer_1804_fu_196  |  32|   0|   32|          0|
    |bucket_pointer_1805_fu_200  |  32|   0|   32|          0|
    |bucket_pointer_1806_fu_204  |  32|   0|   32|          0|
    |bucket_pointer_1807_fu_208  |  32|   0|   32|          0|
    |bucket_pointer_1808_fu_212  |  32|   0|   32|          0|
    |bucket_pointer_1809_fu_216  |  32|   0|   32|          0|
    |bucket_pointer_1810_fu_220  |  32|   0|   32|          0|
    |bucket_pointer_1811_fu_224  |  32|   0|   32|          0|
    |bucket_pointer_1812_fu_228  |  32|   0|   32|          0|
    |bucket_pointer_1813_fu_232  |  32|   0|   32|          0|
    |bucket_pointer_1814_fu_236  |  32|   0|   32|          0|
    |bucket_pointer_1815_fu_240  |  32|   0|   32|          0|
    |bucket_pointer_1816_fu_244  |  32|   0|   32|          0|
    |bucket_pointer_1817_fu_248  |  32|   0|   32|          0|
    |bucket_pointer_1818_fu_252  |  32|   0|   32|          0|
    |bucket_pointer_1819_fu_256  |  32|   0|   32|          0|
    |bucket_sizes_2371_fu_264    |  32|   0|   32|          0|
    |bucket_sizes_2372_fu_268    |  32|   0|   32|          0|
    |bucket_sizes_2373_fu_272    |  32|   0|   32|          0|
    |bucket_sizes_2374_fu_276    |  32|   0|   32|          0|
    |bucket_sizes_2375_fu_280    |  32|   0|   32|          0|
    |bucket_sizes_2376_fu_284    |  32|   0|   32|          0|
    |bucket_sizes_2377_fu_288    |  32|   0|   32|          0|
    |bucket_sizes_2378_fu_292    |  32|   0|   32|          0|
    |bucket_sizes_2379_fu_296    |  32|   0|   32|          0|
    |bucket_sizes_2380_fu_300    |  32|   0|   32|          0|
    |bucket_sizes_2381_fu_304    |  32|   0|   32|          0|
    |bucket_sizes_2382_fu_308    |  32|   0|   32|          0|
    |bucket_sizes_2383_fu_312    |  32|   0|   32|          0|
    |bucket_sizes_2384_fu_316    |  32|   0|   32|          0|
    |bucket_sizes_2385_fu_320    |  32|   0|   32|          0|
    |bucket_sizes_fu_260         |  32|   0|   32|          0|
    |m_fu_188                    |   5|   0|    5|          0|
    +----------------------------+----+----+-----+-----------+
    |Total                       |1064|   0| 1064|          0|
    +----------------------------+----+----+-----+-----------+



================================================================
== Interface
================================================================
* Summary: 
+--------------------------------+-----+-----+------------+--------------------------------------------------------------------------------+--------------+
|            RTL Ports           | Dir | Bits|  Protocol  |                                  Source Object                                 |    C Type    |
+--------------------------------+-----+-----+------------+--------------------------------------------------------------------------------+--------------+
|ap_clk                          |   in|    1|  ap_ctrl_hs|  radix_sort_unified_bucket_pingpong.18.1_Pipeline_bucket_pointer_initialization|  return value|
|ap_rst                          |   in|    1|  ap_ctrl_hs|  radix_sort_unified_bucket_pingpong.18.1_Pipeline_bucket_pointer_initialization|  return value|
|ap_start                        |   in|    1|  ap_ctrl_hs|  radix_sort_unified_bucket_pingpong.18.1_Pipeline_bucket_pointer_initialization|  return value|
|ap_done                         |  out|    1|  ap_ctrl_hs|  radix_sort_unified_bucket_pingpong.18.1_Pipeline_bucket_pointer_initialization|  return value|
|ap_idle                         |  out|    1|  ap_ctrl_hs|  radix_sort_unified_bucket_pingpong.18.1_Pipeline_bucket_pointer_initialization|  return value|
|ap_ready                        |  out|    1|  ap_ctrl_hs|  radix_sort_unified_bucket_pingpong.18.1_Pipeline_bucket_pointer_initialization|  return value|
|bucket_sizes_7764               |   in|   32|     ap_none|                                                               bucket_sizes_7764|        scalar|
|bucket_sizes_7763               |   in|   32|     ap_none|                                                               bucket_sizes_7763|        scalar|
|bucket_sizes_7762               |   in|   32|     ap_none|                                                               bucket_sizes_7762|        scalar|
|bucket_sizes_7761               |   in|   32|     ap_none|                                                               bucket_sizes_7761|        scalar|
|bucket_sizes_7760               |   in|   32|     ap_none|                                                               bucket_sizes_7760|        scalar|
|bucket_sizes_7759               |   in|   32|     ap_none|                                                               bucket_sizes_7759|        scalar|
|bucket_sizes_7758               |   in|   32|     ap_none|                                                               bucket_sizes_7758|        scalar|
|bucket_sizes_7757               |   in|   32|     ap_none|                                                               bucket_sizes_7757|        scalar|
|bucket_sizes_7756               |   in|   32|     ap_none|                                                               bucket_sizes_7756|        scalar|
|bucket_sizes_7755               |   in|   32|     ap_none|                                                               bucket_sizes_7755|        scalar|
|bucket_sizes_7754               |   in|   32|     ap_none|                                                               bucket_sizes_7754|        scalar|
|bucket_sizes_7753               |   in|   32|     ap_none|                                                               bucket_sizes_7753|        scalar|
|bucket_sizes_7752               |   in|   32|     ap_none|                                                               bucket_sizes_7752|        scalar|
|bucket_sizes_7751               |   in|   32|     ap_none|                                                               bucket_sizes_7751|        scalar|
|bucket_sizes_7750               |   in|   32|     ap_none|                                                               bucket_sizes_7750|        scalar|
|bucket_sizes_7733               |   in|   32|     ap_none|                                                               bucket_sizes_7733|        scalar|
|bucket_pointer_3460             |   in|   32|     ap_none|                                                             bucket_pointer_3460|        scalar|
|bucket_pointer_3459             |   in|   32|     ap_none|                                                             bucket_pointer_3459|        scalar|
|bucket_pointer_3458             |   in|   32|     ap_none|                                                             bucket_pointer_3458|        scalar|
|bucket_pointer_3457             |   in|   32|     ap_none|                                                             bucket_pointer_3457|        scalar|
|bucket_pointer_3456             |   in|   32|     ap_none|                                                             bucket_pointer_3456|        scalar|
|bucket_pointer_3455             |   in|   32|     ap_none|                                                             bucket_pointer_3455|        scalar|
|bucket_pointer_3454             |   in|   32|     ap_none|                                                             bucket_pointer_3454|        scalar|
|bucket_pointer_3453             |   in|   32|     ap_none|                                                             bucket_pointer_3453|        scalar|
|bucket_pointer_3452             |   in|   32|     ap_none|                                                             bucket_pointer_3452|        scalar|
|bucket_pointer_3451             |   in|   32|     ap_none|                                                             bucket_pointer_3451|        scalar|
|bucket_pointer_3450             |   in|   32|     ap_none|                                                             bucket_pointer_3450|        scalar|
|bucket_pointer_3449             |   in|   32|     ap_none|                                                             bucket_pointer_3449|        scalar|
|bucket_pointer_3448             |   in|   32|     ap_none|                                                             bucket_pointer_3448|        scalar|
|bucket_pointer_3447             |   in|   32|     ap_none|                                                             bucket_pointer_3447|        scalar|
|bucket_pointer_3446             |   in|   32|     ap_none|                                                             bucket_pointer_3446|        scalar|
|bucket_pointer                  |   in|   32|     ap_none|                                                                  bucket_pointer|        scalar|
|bucket_sizes_7781_out           |  out|   32|      ap_vld|                                                           bucket_sizes_7781_out|       pointer|
|bucket_sizes_7781_out_ap_vld    |  out|    1|      ap_vld|                                                           bucket_sizes_7781_out|       pointer|
|bucket_sizes_7780_out           |  out|   32|      ap_vld|                                                           bucket_sizes_7780_out|       pointer|
|bucket_sizes_7780_out_ap_vld    |  out|    1|      ap_vld|                                                           bucket_sizes_7780_out|       pointer|
|bucket_sizes_7779_out           |  out|   32|      ap_vld|                                                           bucket_sizes_7779_out|       pointer|
|bucket_sizes_7779_out_ap_vld    |  out|    1|      ap_vld|                                                           bucket_sizes_7779_out|       pointer|
|bucket_sizes_7778_out           |  out|   32|      ap_vld|                                                           bucket_sizes_7778_out|       pointer|
|bucket_sizes_7778_out_ap_vld    |  out|    1|      ap_vld|                                                           bucket_sizes_7778_out|       pointer|
|bucket_sizes_7777_out           |  out|   32|      ap_vld|                                                           bucket_sizes_7777_out|       pointer|
|bucket_sizes_7777_out_ap_vld    |  out|    1|      ap_vld|                                                           bucket_sizes_7777_out|       pointer|
|bucket_sizes_7776_out           |  out|   32|      ap_vld|                                                           bucket_sizes_7776_out|       pointer|
|bucket_sizes_7776_out_ap_vld    |  out|    1|      ap_vld|                                                           bucket_sizes_7776_out|       pointer|
|bucket_sizes_7775_out           |  out|   32|      ap_vld|                                                           bucket_sizes_7775_out|       pointer|
|bucket_sizes_7775_out_ap_vld    |  out|    1|      ap_vld|                                                           bucket_sizes_7775_out|       pointer|
|bucket_sizes_7774_out           |  out|   32|      ap_vld|                                                           bucket_sizes_7774_out|       pointer|
|bucket_sizes_7774_out_ap_vld    |  out|    1|      ap_vld|                                                           bucket_sizes_7774_out|       pointer|
|bucket_sizes_7773_out           |  out|   32|      ap_vld|                                                           bucket_sizes_7773_out|       pointer|
|bucket_sizes_7773_out_ap_vld    |  out|    1|      ap_vld|                                                           bucket_sizes_7773_out|       pointer|
|bucket_sizes_7772_out           |  out|   32|      ap_vld|                                                           bucket_sizes_7772_out|       pointer|
|bucket_sizes_7772_out_ap_vld    |  out|    1|      ap_vld|                                                           bucket_sizes_7772_out|       pointer|
|bucket_sizes_7771_out           |  out|   32|      ap_vld|                                                           bucket_sizes_7771_out|       pointer|
|bucket_sizes_7771_out_ap_vld    |  out|    1|      ap_vld|                                                           bucket_sizes_7771_out|       pointer|
|bucket_sizes_7770_out           |  out|   32|      ap_vld|                                                           bucket_sizes_7770_out|       pointer|
|bucket_sizes_7770_out_ap_vld    |  out|    1|      ap_vld|                                                           bucket_sizes_7770_out|       pointer|
|bucket_sizes_7769_out           |  out|   32|      ap_vld|                                                           bucket_sizes_7769_out|       pointer|
|bucket_sizes_7769_out_ap_vld    |  out|    1|      ap_vld|                                                           bucket_sizes_7769_out|       pointer|
|bucket_sizes_7768_out           |  out|   32|      ap_vld|                                                           bucket_sizes_7768_out|       pointer|
|bucket_sizes_7768_out_ap_vld    |  out|    1|      ap_vld|                                                           bucket_sizes_7768_out|       pointer|
|bucket_sizes_7767_out           |  out|   32|      ap_vld|                                                           bucket_sizes_7767_out|       pointer|
|bucket_sizes_7767_out_ap_vld    |  out|    1|      ap_vld|                                                           bucket_sizes_7767_out|       pointer|
|bucket_sizes_7766_out           |  out|   32|      ap_vld|                                                           bucket_sizes_7766_out|       pointer|
|bucket_sizes_7766_out_ap_vld    |  out|    1|      ap_vld|                                                           bucket_sizes_7766_out|       pointer|
|bucket_pointer_3476_out         |  out|   32|      ap_vld|                                                         bucket_pointer_3476_out|       pointer|
|bucket_pointer_3476_out_ap_vld  |  out|    1|      ap_vld|                                                         bucket_pointer_3476_out|       pointer|
|bucket_pointer_3475_out         |  out|   32|      ap_vld|                                                         bucket_pointer_3475_out|       pointer|
|bucket_pointer_3475_out_ap_vld  |  out|    1|      ap_vld|                                                         bucket_pointer_3475_out|       pointer|
|bucket_pointer_3474_out         |  out|   32|      ap_vld|                                                         bucket_pointer_3474_out|       pointer|
|bucket_pointer_3474_out_ap_vld  |  out|    1|      ap_vld|                                                         bucket_pointer_3474_out|       pointer|
|bucket_pointer_3473_out         |  out|   32|      ap_vld|                                                         bucket_pointer_3473_out|       pointer|
|bucket_pointer_3473_out_ap_vld  |  out|    1|      ap_vld|                                                         bucket_pointer_3473_out|       pointer|
|bucket_pointer_3472_out         |  out|   32|      ap_vld|                                                         bucket_pointer_3472_out|       pointer|
|bucket_pointer_3472_out_ap_vld  |  out|    1|      ap_vld|                                                         bucket_pointer_3472_out|       pointer|
|bucket_pointer_3471_out         |  out|   32|      ap_vld|                                                         bucket_pointer_3471_out|       pointer|
|bucket_pointer_3471_out_ap_vld  |  out|    1|      ap_vld|                                                         bucket_pointer_3471_out|       pointer|
|bucket_pointer_3470_out         |  out|   32|      ap_vld|                                                         bucket_pointer_3470_out|       pointer|
|bucket_pointer_3470_out_ap_vld  |  out|    1|      ap_vld|                                                         bucket_pointer_3470_out|       pointer|
|bucket_pointer_3469_out         |  out|   32|      ap_vld|                                                         bucket_pointer_3469_out|       pointer|
|bucket_pointer_3469_out_ap_vld  |  out|    1|      ap_vld|                                                         bucket_pointer_3469_out|       pointer|
|bucket_pointer_3468_out         |  out|   32|      ap_vld|                                                         bucket_pointer_3468_out|       pointer|
|bucket_pointer_3468_out_ap_vld  |  out|    1|      ap_vld|                                                         bucket_pointer_3468_out|       pointer|
|bucket_pointer_3467_out         |  out|   32|      ap_vld|                                                         bucket_pointer_3467_out|       pointer|
|bucket_pointer_3467_out_ap_vld  |  out|    1|      ap_vld|                                                         bucket_pointer_3467_out|       pointer|
|bucket_pointer_3466_out         |  out|   32|      ap_vld|                                                         bucket_pointer_3466_out|       pointer|
|bucket_pointer_3466_out_ap_vld  |  out|    1|      ap_vld|                                                         bucket_pointer_3466_out|       pointer|
|bucket_pointer_3465_out         |  out|   32|      ap_vld|                                                         bucket_pointer_3465_out|       pointer|
|bucket_pointer_3465_out_ap_vld  |  out|    1|      ap_vld|                                                         bucket_pointer_3465_out|       pointer|
|bucket_pointer_3464_out         |  out|   32|      ap_vld|                                                         bucket_pointer_3464_out|       pointer|
|bucket_pointer_3464_out_ap_vld  |  out|    1|      ap_vld|                                                         bucket_pointer_3464_out|       pointer|
|bucket_pointer_3463_out         |  out|   32|      ap_vld|                                                         bucket_pointer_3463_out|       pointer|
|bucket_pointer_3463_out_ap_vld  |  out|    1|      ap_vld|                                                         bucket_pointer_3463_out|       pointer|
|bucket_pointer_3462_out         |  out|   32|      ap_vld|                                                         bucket_pointer_3462_out|       pointer|
|bucket_pointer_3462_out_ap_vld  |  out|    1|      ap_vld|                                                         bucket_pointer_3462_out|       pointer|
|bucket_pointer_3461_out         |  out|   32|      ap_vld|                                                         bucket_pointer_3461_out|       pointer|
|bucket_pointer_3461_out_ap_vld  |  out|    1|      ap_vld|                                                         bucket_pointer_3461_out|       pointer|
+--------------------------------+-----+-----+------------+--------------------------------------------------------------------------------+--------------+

