

================================================================
== Vitis HLS Report for 'radix_sort_unified_bucket_pingpong_23_1_Pipeline_initialization'
================================================================
* Date:           Sat Apr 22 14:45:43 2023

* Version:        2022.2 (Build 3670227 on Oct 13 2022)
* Project:        sort_seperate_bucket
* Solution:       solution1 (Vivado IP Flow Target)
* Product family: virtexuplus
* Target device:  xcu280-fsvh2892-2L-e


================================================================
== Performance Estimates
================================================================
+ Timing: 
    * Summary: 
    +--------+----------+----------+------------+
    |  Clock |  Target  | Estimated| Uncertainty|
    +--------+----------+----------+------------+
    |ap_clk  |  10.00 ns|  3.008 ns|     2.70 ns|
    +--------+----------+----------+------------+

+ Latency: 
    * Summary: 
    +---------+---------+----------+----------+--------+--------+---------+
    |  Latency (cycles) |  Latency (absolute) |     Interval    | Pipeline|
    |   min   |   max   |    min   |    max   |   min  |   max  |   Type  |
    +---------+---------+----------+----------+--------+--------+---------+
    |   312502|   312502|  3.125 ms|  3.125 ms|  312502|  312502|       no|
    +---------+---------+----------+----------+--------+--------+---------+

    + Detail: 
        * Instance: 
        N/A

        * Loop: 
        +------------------+---------+---------+----------+-----------+-----------+--------+----------+
        |                  |  Latency (cycles) | Iteration|  Initiation Interval  |  Trip  |          |
        |     Loop Name    |   min   |   max   |  Latency |  achieved |   target  |  Count | Pipelined|
        +------------------+---------+---------+----------+-----------+-----------+--------+----------+
        |- initialization  |   312500|   312500|         2|          1|          1|  312500|       yes|
        +------------------+---------+---------+----------+-----------+-----------+--------+----------+



================================================================
== Utilization Estimates
================================================================
* Summary: 
+---------------------+---------+------+---------+---------+-----+
|         Name        | BRAM_18K|  DSP |    FF   |   LUT   | URAM|
+---------------------+---------+------+---------+---------+-----+
|DSP                  |        -|     -|        -|        -|    -|
|Expression           |        -|     -|        0|      108|    -|
|FIFO                 |        -|     -|        -|        -|    -|
|Instance             |        -|     -|        0|       65|    -|
|Memory               |        -|     -|        -|        -|    -|
|Multiplexer          |        -|     -|        -|      260|    -|
|Register             |        -|     -|       41|        -|    -|
+---------------------+---------+------+---------+---------+-----+
|Total                |        0|     0|       41|      433|    0|
+---------------------+---------+------+---------+---------+-----+
|Available SLR        |     1344|  3008|   869120|   434560|  320|
+---------------------+---------+------+---------+---------+-----+
|Utilization SLR (%)  |        0|     0|       ~0|       ~0|    0|
+---------------------+---------+------+---------+---------+-----+
|Available            |     4032|  9024|  2607360|  1303680|  960|
+---------------------+---------+------+---------+---------+-----+
|Utilization (%)      |        0|     0|       ~0|       ~0|    0|
+---------------------+---------+------+---------+---------+-----+

+ Detail: 
    * Instance: 
    +----------------------+----------------+---------+----+---+----+-----+
    |       Instance       |     Module     | BRAM_18K| DSP| FF| LUT| URAM|
    +----------------------+----------------+---------+----+---+----+-----+
    |mux_164_32_1_1_U4265  |mux_164_32_1_1  |        0|   0|  0|  65|    0|
    +----------------------+----------------+---------+----+---+----+-----+
    |Total                 |                |        0|   0|  0|  65|    0|
    +----------------------+----------------+---------+----+---+----+-----+

    * DSP: 
    N/A

    * Memory: 
    N/A

    * FIFO: 
    N/A

    * Expression: 
    +------------------------+----------+----+---+----+------------+------------+
    |      Variable Name     | Operation| DSP| FF| LUT| Bitwidth P0| Bitwidth P1|
    +------------------------+----------+----+---+----+------------+------------+
    |add_ln71_fu_373_p2      |         +|   0|  0|  26|          19|           1|
    |add_ln72_fu_456_p2      |         +|   0|  0|  27|          20|          19|
    |bucket_sizes_fu_509_p2  |         +|   0|  0|  39|          32|           1|
    |icmp_ln71_fu_367_p2     |      icmp|   0|  0|  14|          19|          19|
    |ap_enable_pp0           |       xor|   0|  0|   2|           1|           2|
    +------------------------+----------+----+---+----+------------+------------+
    |Total                   |          |   0|  0| 108|          91|          42|
    +------------------------+----------+----+---+----+------------+------------+

    * Multiplexer: 
    +-------------------------+----+-----------+-----+-----------+
    |           Name          | LUT| Input Size| Bits| Total Bits|
    +-------------------------+----+-----------+-----+-----------+
    |ap_done_int              |   9|          2|    1|          2|
    |ap_enable_reg_pp0_iter1  |   9|          2|    1|          2|
    |ap_sig_allocacmp_j_17    |   9|          2|   19|         38|
    |bucket_sizes_2207_out_o  |  14|          3|   32|         96|
    |bucket_sizes_2208_out_o  |  14|          3|   32|         96|
    |bucket_sizes_2209_out_o  |  14|          3|   32|         96|
    |bucket_sizes_2210_out_o  |  14|          3|   32|         96|
    |bucket_sizes_2211_out_o  |  14|          3|   32|         96|
    |bucket_sizes_2212_out_o  |  14|          3|   32|         96|
    |bucket_sizes_2213_out_o  |  14|          3|   32|         96|
    |bucket_sizes_2214_out_o  |  14|          3|   32|         96|
    |bucket_sizes_2215_out_o  |  14|          3|   32|         96|
    |bucket_sizes_2216_out_o  |  14|          3|   32|         96|
    |bucket_sizes_2217_out_o  |  14|          3|   32|         96|
    |bucket_sizes_2218_out_o  |  14|          3|   32|         96|
    |bucket_sizes_2219_out_o  |  14|          3|   32|         96|
    |bucket_sizes_2220_out_o  |  14|          3|   32|         96|
    |bucket_sizes_2221_out_o  |  14|          3|   32|         96|
    |bucket_sizes_2222_out_o  |  14|          3|   32|         96|
    |j_fu_136                 |   9|          2|   19|         38|
    +-------------------------+----+-----------+-----+-----------+
    |Total                    | 260|         56|  552|       1616|
    +-------------------------+----+-----------+-----+-----------+

    * Register: 
    +-------------------------+----+----+-----+-----------+
    |           Name          | FF | LUT| Bits| Const Bits|
    +-------------------------+----+----+-----+-----------+
    |ap_CS_fsm                |   1|   0|    1|          0|
    |ap_done_reg              |   1|   0|    1|          0|
    |ap_enable_reg_pp0_iter1  |   1|   0|    1|          0|
    |j_17_reg_618             |  19|   0|   19|          0|
    |j_fu_136                 |  19|   0|   19|          0|
    +-------------------------+----+----+-----+-----------+
    |Total                    |  41|   0|   41|          0|
    +-------------------------+----+----+-----+-----------+



================================================================
== Interface
================================================================
* Summary: 
+--------------------------------+-----+-----+------------+-----------------------------------------------------------------+--------------+
|            RTL Ports           | Dir | Bits|  Protocol  |                          Source Object                          |    C Type    |
+--------------------------------+-----+-----+------------+-----------------------------------------------------------------+--------------+
|ap_clk                          |   in|    1|  ap_ctrl_hs|  radix_sort_unified_bucket_pingpong.23.1_Pipeline_initialization|  return value|
|ap_rst                          |   in|    1|  ap_ctrl_hs|  radix_sort_unified_bucket_pingpong.23.1_Pipeline_initialization|  return value|
|ap_start                        |   in|    1|  ap_ctrl_hs|  radix_sort_unified_bucket_pingpong.23.1_Pipeline_initialization|  return value|
|ap_done                         |  out|    1|  ap_ctrl_hs|  radix_sort_unified_bucket_pingpong.23.1_Pipeline_initialization|  return value|
|ap_idle                         |  out|    1|  ap_ctrl_hs|  radix_sort_unified_bucket_pingpong.23.1_Pipeline_initialization|  return value|
|ap_ready                        |  out|    1|  ap_ctrl_hs|  radix_sort_unified_bucket_pingpong.23.1_Pipeline_initialization|  return value|
|bucket_sizes_2190_reload        |   in|   32|     ap_none|                                         bucket_sizes_2190_reload|        scalar|
|bucket_sizes_2189_reload        |   in|   32|     ap_none|                                         bucket_sizes_2189_reload|        scalar|
|bucket_sizes_2188_reload        |   in|   32|     ap_none|                                         bucket_sizes_2188_reload|        scalar|
|bucket_sizes_2187_reload        |   in|   32|     ap_none|                                         bucket_sizes_2187_reload|        scalar|
|bucket_sizes_2186_reload        |   in|   32|     ap_none|                                         bucket_sizes_2186_reload|        scalar|
|bucket_sizes_2185_reload        |   in|   32|     ap_none|                                         bucket_sizes_2185_reload|        scalar|
|bucket_sizes_2184_reload        |   in|   32|     ap_none|                                         bucket_sizes_2184_reload|        scalar|
|bucket_sizes_2183_reload        |   in|   32|     ap_none|                                         bucket_sizes_2183_reload|        scalar|
|bucket_sizes_2182_reload        |   in|   32|     ap_none|                                         bucket_sizes_2182_reload|        scalar|
|bucket_sizes_2181_reload        |   in|   32|     ap_none|                                         bucket_sizes_2181_reload|        scalar|
|bucket_sizes_2180_reload        |   in|   32|     ap_none|                                         bucket_sizes_2180_reload|        scalar|
|bucket_sizes_2179_reload        |   in|   32|     ap_none|                                         bucket_sizes_2179_reload|        scalar|
|bucket_sizes_2178_reload        |   in|   32|     ap_none|                                         bucket_sizes_2178_reload|        scalar|
|bucket_sizes_2177_reload        |   in|   32|     ap_none|                                         bucket_sizes_2177_reload|        scalar|
|bucket_sizes_2176_reload        |   in|   32|     ap_none|                                         bucket_sizes_2176_reload|        scalar|
|bucket_sizes_reload             |   in|   32|     ap_none|                                              bucket_sizes_reload|        scalar|
|bucket_address0                 |  out|   20|   ap_memory|                                                           bucket|         array|
|bucket_ce0                      |  out|    1|   ap_memory|                                                           bucket|         array|
|bucket_we0                      |  out|    1|   ap_memory|                                                           bucket|         array|
|bucket_d0                       |  out|   32|   ap_memory|                                                           bucket|         array|
|input_22_address0               |  out|   19|   ap_memory|                                                         input_22|         array|
|input_22_ce0                    |  out|    1|   ap_memory|                                                         input_22|         array|
|input_22_q0                     |   in|   32|   ap_memory|                                                         input_22|         array|
|bucket_sizes_2222_out_i         |   in|   32|     ap_ovld|                                            bucket_sizes_2222_out|       pointer|
|bucket_sizes_2222_out_o         |  out|   32|     ap_ovld|                                            bucket_sizes_2222_out|       pointer|
|bucket_sizes_2222_out_o_ap_vld  |  out|    1|     ap_ovld|                                            bucket_sizes_2222_out|       pointer|
|bucket_sizes_2221_out_i         |   in|   32|     ap_ovld|                                            bucket_sizes_2221_out|       pointer|
|bucket_sizes_2221_out_o         |  out|   32|     ap_ovld|                                            bucket_sizes_2221_out|       pointer|
|bucket_sizes_2221_out_o_ap_vld  |  out|    1|     ap_ovld|                                            bucket_sizes_2221_out|       pointer|
|bucket_sizes_2220_out_i         |   in|   32|     ap_ovld|                                            bucket_sizes_2220_out|       pointer|
|bucket_sizes_2220_out_o         |  out|   32|     ap_ovld|                                            bucket_sizes_2220_out|       pointer|
|bucket_sizes_2220_out_o_ap_vld  |  out|    1|     ap_ovld|                                            bucket_sizes_2220_out|       pointer|
|bucket_sizes_2219_out_i         |   in|   32|     ap_ovld|                                            bucket_sizes_2219_out|       pointer|
|bucket_sizes_2219_out_o         |  out|   32|     ap_ovld|                                            bucket_sizes_2219_out|       pointer|
|bucket_sizes_2219_out_o_ap_vld  |  out|    1|     ap_ovld|                                            bucket_sizes_2219_out|       pointer|
|bucket_sizes_2218_out_i         |   in|   32|     ap_ovld|                                            bucket_sizes_2218_out|       pointer|
|bucket_sizes_2218_out_o         |  out|   32|     ap_ovld|                                            bucket_sizes_2218_out|       pointer|
|bucket_sizes_2218_out_o_ap_vld  |  out|    1|     ap_ovld|                                            bucket_sizes_2218_out|       pointer|
|bucket_sizes_2217_out_i         |   in|   32|     ap_ovld|                                            bucket_sizes_2217_out|       pointer|
|bucket_sizes_2217_out_o         |  out|   32|     ap_ovld|                                            bucket_sizes_2217_out|       pointer|
|bucket_sizes_2217_out_o_ap_vld  |  out|    1|     ap_ovld|                                            bucket_sizes_2217_out|       pointer|
|bucket_sizes_2216_out_i         |   in|   32|     ap_ovld|                                            bucket_sizes_2216_out|       pointer|
|bucket_sizes_2216_out_o         |  out|   32|     ap_ovld|                                            bucket_sizes_2216_out|       pointer|
|bucket_sizes_2216_out_o_ap_vld  |  out|    1|     ap_ovld|                                            bucket_sizes_2216_out|       pointer|
|bucket_sizes_2215_out_i         |   in|   32|     ap_ovld|                                            bucket_sizes_2215_out|       pointer|
|bucket_sizes_2215_out_o         |  out|   32|     ap_ovld|                                            bucket_sizes_2215_out|       pointer|
|bucket_sizes_2215_out_o_ap_vld  |  out|    1|     ap_ovld|                                            bucket_sizes_2215_out|       pointer|
|bucket_sizes_2214_out_i         |   in|   32|     ap_ovld|                                            bucket_sizes_2214_out|       pointer|
|bucket_sizes_2214_out_o         |  out|   32|     ap_ovld|                                            bucket_sizes_2214_out|       pointer|
|bucket_sizes_2214_out_o_ap_vld  |  out|    1|     ap_ovld|                                            bucket_sizes_2214_out|       pointer|
|bucket_sizes_2213_out_i         |   in|   32|     ap_ovld|                                            bucket_sizes_2213_out|       pointer|
|bucket_sizes_2213_out_o         |  out|   32|     ap_ovld|                                            bucket_sizes_2213_out|       pointer|
|bucket_sizes_2213_out_o_ap_vld  |  out|    1|     ap_ovld|                                            bucket_sizes_2213_out|       pointer|
|bucket_sizes_2212_out_i         |   in|   32|     ap_ovld|                                            bucket_sizes_2212_out|       pointer|
|bucket_sizes_2212_out_o         |  out|   32|     ap_ovld|                                            bucket_sizes_2212_out|       pointer|
|bucket_sizes_2212_out_o_ap_vld  |  out|    1|     ap_ovld|                                            bucket_sizes_2212_out|       pointer|
|bucket_sizes_2211_out_i         |   in|   32|     ap_ovld|                                            bucket_sizes_2211_out|       pointer|
|bucket_sizes_2211_out_o         |  out|   32|     ap_ovld|                                            bucket_sizes_2211_out|       pointer|
|bucket_sizes_2211_out_o_ap_vld  |  out|    1|     ap_ovld|                                            bucket_sizes_2211_out|       pointer|
|bucket_sizes_2210_out_i         |   in|   32|     ap_ovld|                                            bucket_sizes_2210_out|       pointer|
|bucket_sizes_2210_out_o         |  out|   32|     ap_ovld|                                            bucket_sizes_2210_out|       pointer|
|bucket_sizes_2210_out_o_ap_vld  |  out|    1|     ap_ovld|                                            bucket_sizes_2210_out|       pointer|
|bucket_sizes_2209_out_i         |   in|   32|     ap_ovld|                                            bucket_sizes_2209_out|       pointer|
|bucket_sizes_2209_out_o         |  out|   32|     ap_ovld|                                            bucket_sizes_2209_out|       pointer|
|bucket_sizes_2209_out_o_ap_vld  |  out|    1|     ap_ovld|                                            bucket_sizes_2209_out|       pointer|
|bucket_sizes_2208_out_i         |   in|   32|     ap_ovld|                                            bucket_sizes_2208_out|       pointer|
|bucket_sizes_2208_out_o         |  out|   32|     ap_ovld|                                            bucket_sizes_2208_out|       pointer|
|bucket_sizes_2208_out_o_ap_vld  |  out|    1|     ap_ovld|                                            bucket_sizes_2208_out|       pointer|
|bucket_sizes_2207_out_i         |   in|   32|     ap_ovld|                                            bucket_sizes_2207_out|       pointer|
|bucket_sizes_2207_out_o         |  out|   32|     ap_ovld|                                            bucket_sizes_2207_out|       pointer|
|bucket_sizes_2207_out_o_ap_vld  |  out|    1|     ap_ovld|                                            bucket_sizes_2207_out|       pointer|
+--------------------------------+-----+-----+------------+-----------------------------------------------------------------+--------------+

