

================================================================
== Vitis HLS Report for 'radix_sort_bin_batch_36_1_Pipeline_bucket_pointer_initialization'
================================================================
* Date:           Mon Apr 24 09:08:53 2023

* Version:        2022.2 (Build 3670227 on Oct 13 2022)
* Project:        sort_seperate_bucket
* Solution:       solution1 (Vivado IP Flow Target)
* Product family: virtexuplus
* Target device:  xcu280-fsvh2892-2L-e


================================================================
== Performance Estimates
================================================================
+ Timing: 
    * Summary: 
    +--------+----------+----------+------------+
    |  Clock |  Target  | Estimated| Uncertainty|
    +--------+----------+----------+------------+
    |ap_clk  |  10.00 ns|  1.654 ns|     2.70 ns|
    +--------+----------+----------+------------+

+ Latency: 
    * Summary: 
    +---------+---------+-----------+-----------+-----+-----+---------+
    |  Latency (cycles) |   Latency (absolute)  |  Interval | Pipeline|
    |   min   |   max   |    min    |    max    | min | max |   Type  |
    +---------+---------+-----------+-----------+-----+-----+---------+
    |        4|        4|  40.000 ns|  40.000 ns|    4|    4|       no|
    +---------+---------+-----------+-----------+-----+-----+---------+

    + Detail: 
        * Instance: 
        N/A

        * Loop: 
        +---------------------------------+---------+---------+----------+-----------+-----------+------+----------+
        |                                 |  Latency (cycles) | Iteration|  Initiation Interval  | Trip |          |
        |            Loop Name            |   min   |   max   |  Latency |  achieved |   target  | Count| Pipelined|
        +---------------------------------+---------+---------+----------+-----------+-----------+------+----------+
        |- bucket_pointer_initialization  |        2|        2|         1|          1|          1|     2|       yes|
        +---------------------------------+---------+---------+----------+-----------+-----------+------+----------+



================================================================
== Utilization Estimates
================================================================
* Summary: 
+---------------------+---------+------+---------+---------+-----+
|         Name        | BRAM_18K|  DSP |    FF   |   LUT   | URAM|
+---------------------+---------+------+---------+---------+-----+
|DSP                  |        -|     -|        -|        -|    -|
|Expression           |        -|     -|        0|      186|    -|
|FIFO                 |        -|     -|        -|        -|    -|
|Instance             |        -|     -|        0|        9|    -|
|Memory               |        -|     -|        -|        -|    -|
|Multiplexer          |        -|     -|        -|       72|    -|
|Register             |        -|     -|      165|        -|    -|
+---------------------+---------+------+---------+---------+-----+
|Total                |        0|     0|      165|      267|    0|
+---------------------+---------+------+---------+---------+-----+
|Available SLR        |     1344|  3008|   869120|   434560|  320|
+---------------------+---------+------+---------+---------+-----+
|Utilization SLR (%)  |        0|     0|       ~0|       ~0|    0|
+---------------------+---------+------+---------+---------+-----+
|Available            |     4032|  9024|  2607360|  1303680|  960|
+---------------------+---------+------+---------+---------+-----+
|Utilization (%)      |        0|     0|       ~0|       ~0|    0|
+---------------------+---------+------+---------+---------+-----+

+ Detail: 
    * Instance: 
    +---------------------+---------------+---------+----+---+----+-----+
    |       Instance      |     Module    | BRAM_18K| DSP| FF| LUT| URAM|
    +---------------------+---------------+---------+----+---+----+-----+
    |mux_21_32_1_1_U1233  |mux_21_32_1_1  |        0|   0|  0|   9|    0|
    +---------------------+---------------+---------+----+---+----+-----+
    |Total                |               |        0|   0|  0|   9|    0|
    +---------------------+---------------+---------+----+---+----+-----+

    * DSP: 
    N/A

    * Memory: 
    N/A

    * FIFO: 
    N/A

    * Expression: 
    +----------------------------------+----------+----+---+----+------------+------------+
    |           Variable Name          | Operation| DSP| FF| LUT| Bitwidth P0| Bitwidth P1|
    +----------------------------------+----------+----+---+----+------------+------------+
    |add_ln33_fu_161_p2                |         +|   0|  0|   9|           2|           1|
    |next_bucket_pointer_34_fu_196_p2  |         +|   0|  0|  39|          32|          32|
    |icmp_ln33_fu_155_p2               |      icmp|   0|  0|   8|           2|           3|
    |bucket_sizes_271_fu_226_p3        |    select|   0|  0|  32|           1|          32|
    |bucket_sizes_272_fu_218_p3        |    select|   0|  0|  32|           1|           1|
    |select_ln34_100_fu_210_p3         |    select|   0|  0|  32|           1|          32|
    |select_ln34_fu_202_p3             |    select|   0|  0|  32|           1|          32|
    |ap_enable_pp0                     |       xor|   0|  0|   2|           1|           2|
    +----------------------------------+----------+----+---+----+------------+------------+
    |Total                             |          |   0|  0| 186|          41|         135|
    +----------------------------------+----------+----+---+----+------------+------------+

    * Multiplexer: 
    +---------------------------+----+-----------+-----+-----------+
    |            Name           | LUT| Input Size| Bits| Total Bits|
    +---------------------------+----+-----------+-----+-----------+
    |ap_done_int                |   9|          2|    1|          2|
    |ap_enable_reg_pp0_iter1    |   9|          2|    1|          2|
    |bucket_pointer_167_fu_54   |   9|          2|   32|         64|
    |bucket_pointer_168_fu_58   |   9|          2|   32|         64|
    |bucket_sizes_270_fu_66     |   9|          2|   32|         64|
    |bucket_sizes_fu_62         |   9|          2|   32|         64|
    |m_fu_50                    |   9|          2|    2|          4|
    |next_bucket_pointer_fu_46  |   9|          2|   32|         64|
    +---------------------------+----+-----------+-----+-----------+
    |Total                      |  72|         16|  164|        328|
    +---------------------------+----+-----------+-----+-----------+

    * Register: 
    +---------------------------+----+----+-----+-----------+
    |            Name           | FF | LUT| Bits| Const Bits|
    +---------------------------+----+----+-----+-----------+
    |ap_CS_fsm                  |   1|   0|    1|          0|
    |ap_done_reg                |   1|   0|    1|          0|
    |ap_enable_reg_pp0_iter1    |   1|   0|    1|          0|
    |bucket_pointer_167_fu_54   |  32|   0|   32|          0|
    |bucket_pointer_168_fu_58   |  32|   0|   32|          0|
    |bucket_sizes_270_fu_66     |  32|   0|   32|          0|
    |bucket_sizes_fu_62         |  32|   0|   32|          0|
    |m_fu_50                    |   2|   0|    2|          0|
    |next_bucket_pointer_fu_46  |  32|   0|   32|          0|
    +---------------------------+----+----+-----+-----------+
    |Total                      | 165|   0|  165|          0|
    +---------------------------+----+----+-----+-----------+



================================================================
== Interface
================================================================
* Summary: 
+-------------------------------+-----+-----+------------+------------------------------------------------------------------+--------------+
|           RTL Ports           | Dir | Bits|  Protocol  |                           Source Object                          |    C Type    |
+-------------------------------+-----+-----+------------+------------------------------------------------------------------+--------------+
|ap_clk                         |   in|    1|  ap_ctrl_hs|  radix_sort_bin_batch.36.1_Pipeline_bucket_pointer_initialization|  return value|
|ap_rst                         |   in|    1|  ap_ctrl_hs|  radix_sort_bin_batch.36.1_Pipeline_bucket_pointer_initialization|  return value|
|ap_start                       |   in|    1|  ap_ctrl_hs|  radix_sort_bin_batch.36.1_Pipeline_bucket_pointer_initialization|  return value|
|ap_done                        |  out|    1|  ap_ctrl_hs|  radix_sort_bin_batch.36.1_Pipeline_bucket_pointer_initialization|  return value|
|ap_idle                        |  out|    1|  ap_ctrl_hs|  radix_sort_bin_batch.36.1_Pipeline_bucket_pointer_initialization|  return value|
|ap_ready                       |  out|    1|  ap_ctrl_hs|  radix_sort_bin_batch.36.1_Pipeline_bucket_pointer_initialization|  return value|
|bucket_sizes_501               |   in|   32|     ap_none|                                                  bucket_sizes_501|        scalar|
|bucket_sizes_500               |   in|   32|     ap_none|                                                  bucket_sizes_500|        scalar|
|bucket_pointer_331             |   in|   32|     ap_none|                                                bucket_pointer_331|        scalar|
|bucket_pointer                 |   in|   32|     ap_none|                                                    bucket_pointer|        scalar|
|bucket_sizes_503_out           |  out|   32|      ap_vld|                                              bucket_sizes_503_out|       pointer|
|bucket_sizes_503_out_ap_vld    |  out|    1|      ap_vld|                                              bucket_sizes_503_out|       pointer|
|bucket_sizes_502_out           |  out|   32|      ap_vld|                                              bucket_sizes_502_out|       pointer|
|bucket_sizes_502_out_ap_vld    |  out|    1|      ap_vld|                                              bucket_sizes_502_out|       pointer|
|bucket_pointer_334_out         |  out|   32|      ap_vld|                                            bucket_pointer_334_out|       pointer|
|bucket_pointer_334_out_ap_vld  |  out|    1|      ap_vld|                                            bucket_pointer_334_out|       pointer|
|bucket_pointer_333_out         |  out|   32|      ap_vld|                                            bucket_pointer_333_out|       pointer|
|bucket_pointer_333_out_ap_vld  |  out|    1|      ap_vld|                                            bucket_pointer_333_out|       pointer|
+-------------------------------+-----+-----+------------+------------------------------------------------------------------+--------------+

