

================================================================
== Vitis HLS Report for 'radix_sort_unified_bucket_pingpong_10_1_Pipeline_bucket_pointer_initialization'
================================================================
* Date:           Sat Apr 22 15:39:13 2023

* Version:        2022.2 (Build 3670227 on Oct 13 2022)
* Project:        sort_seperate_bucket
* Solution:       solution1 (Vivado IP Flow Target)
* Product family: virtexuplus
* Target device:  xcu280-fsvh2892-2L-e


================================================================
== Performance Estimates
================================================================
+ Timing: 
    * Summary: 
    +--------+----------+----------+------------+
    |  Clock |  Target  | Estimated| Uncertainty|
    +--------+----------+----------+------------+
    |ap_clk  |  10.00 ns|  1.760 ns|     2.70 ns|
    +--------+----------+----------+------------+

+ Latency: 
    * Summary: 
    +---------+---------+----------+----------+-----+-----+---------+
    |  Latency (cycles) |  Latency (absolute) |  Interval | Pipeline|
    |   min   |   max   |    min   |    max   | min | max |   Type  |
    +---------+---------+----------+----------+-----+-----+---------+
    |       18|       18|  0.180 us|  0.180 us|   18|   18|       no|
    +---------+---------+----------+----------+-----+-----+---------+

    + Detail: 
        * Instance: 
        N/A

        * Loop: 
        +---------------------------------+---------+---------+----------+-----------+-----------+------+----------+
        |                                 |  Latency (cycles) | Iteration|  Initiation Interval  | Trip |          |
        |            Loop Name            |   min   |   max   |  Latency |  achieved |   target  | Count| Pipelined|
        +---------------------------------+---------+---------+----------+-----------+-----------+------+----------+
        |- bucket_pointer_initialization  |       16|       16|         1|          1|          1|    16|       yes|
        +---------------------------------+---------+---------+----------+-----------+-----------+------+----------+



================================================================
== Utilization Estimates
================================================================
* Summary: 
+---------------------+---------+------+---------+---------+-----+
|         Name        | BRAM_18K|  DSP |    FF   |   LUT   | URAM|
+---------------------+---------+------+---------+---------+-----+
|DSP                  |        -|     -|        -|        -|    -|
|Expression           |        -|     -|        0|       95|    -|
|FIFO                 |        -|     -|        -|        -|    -|
|Instance             |        -|     -|        0|       65|    -|
|Memory               |        -|     -|        -|        -|    -|
|Multiplexer          |        -|     -|        -|      324|    -|
|Register             |        -|     -|     1064|        -|    -|
+---------------------+---------+------+---------+---------+-----+
|Total                |        0|     0|     1064|      484|    0|
+---------------------+---------+------+---------+---------+-----+
|Available SLR        |     1344|  3008|   869120|   434560|  320|
+---------------------+---------+------+---------+---------+-----+
|Utilization SLR (%)  |        0|     0|       ~0|       ~0|    0|
+---------------------+---------+------+---------+---------+-----+
|Available            |     4032|  9024|  2607360|  1303680|  960|
+---------------------+---------+------+---------+---------+-----+
|Utilization (%)      |        0|     0|       ~0|       ~0|    0|
+---------------------+---------+------+---------+---------+-----+

+ Detail: 
    * Instance: 
    +----------------------+----------------+---------+----+---+----+-----+
    |       Instance       |     Module     | BRAM_18K| DSP| FF| LUT| URAM|
    +----------------------+----------------+---------+----+---+----+-----+
    |mux_164_32_1_1_U1791  |mux_164_32_1_1  |        0|   0|  0|  65|    0|
    +----------------------+----------------+---------+----+---+----+-----+
    |Total                 |                |        0|   0|  0|  65|    0|
    +----------------------+----------------+---------+----+---+----+-----+

    * DSP: 
    N/A

    * Memory: 
    N/A

    * FIFO: 
    N/A

    * Expression: 
    +--------------------------------+----------+----+---+----+------------+------------+
    |          Variable Name         | Operation| DSP| FF| LUT| Bitwidth P0| Bitwidth P1|
    +--------------------------------+----------+----+---+----+------------+------------+
    |add_ln85_fu_922_p2              |         +|   0|  0|  12|           5|           1|
    |next_bucket_pointer_fu_1018_p2  |         +|   0|  0|  39|          32|          32|
    |ap_condition_505                |       and|   0|  0|   2|           1|           1|
    |ap_condition_508                |       and|   0|  0|   2|           1|           1|
    |ap_condition_511                |       and|   0|  0|   2|           1|           1|
    |ap_condition_514                |       and|   0|  0|   2|           1|           1|
    |ap_condition_517                |       and|   0|  0|   2|           1|           1|
    |ap_condition_520                |       and|   0|  0|   2|           1|           1|
    |ap_condition_523                |       and|   0|  0|   2|           1|           1|
    |ap_condition_526                |       and|   0|  0|   2|           1|           1|
    |ap_condition_529                |       and|   0|  0|   2|           1|           1|
    |ap_condition_532                |       and|   0|  0|   2|           1|           1|
    |ap_condition_535                |       and|   0|  0|   2|           1|           1|
    |ap_condition_538                |       and|   0|  0|   2|           1|           1|
    |ap_condition_541                |       and|   0|  0|   2|           1|           1|
    |ap_condition_544                |       and|   0|  0|   2|           1|           1|
    |ap_condition_547                |       and|   0|  0|   2|           1|           1|
    |ap_condition_550                |       and|   0|  0|   2|           1|           1|
    |icmp_ln85_fu_916_p2             |      icmp|   0|  0|  10|           5|           6|
    |ap_enable_pp0                   |       xor|   0|  0|   2|           1|           2|
    +--------------------------------+----------+----+---+----+------------+------------+
    |Total                           |          |   0|  0|  95|          59|          57|
    +--------------------------------+----------+----+---+----+------------+------------+

    * Multiplexer: 
    +----------------------------+----+-----------+-----+-----------+
    |            Name            | LUT| Input Size| Bits| Total Bits|
    +----------------------------+----+-----------+-----+-----------+
    |ap_done_int                 |   9|          2|    1|          2|
    |ap_enable_reg_pp0_iter1     |   9|          2|    1|          2|
    |bucket_pointer_2075_fu_192  |   9|          2|   32|         64|
    |bucket_pointer_2076_fu_196  |   9|          2|   32|         64|
    |bucket_pointer_2077_fu_200  |   9|          2|   32|         64|
    |bucket_pointer_2078_fu_204  |   9|          2|   32|         64|
    |bucket_pointer_2079_fu_208  |   9|          2|   32|         64|
    |bucket_pointer_2080_fu_212  |   9|          2|   32|         64|
    |bucket_pointer_2081_fu_216  |   9|          2|   32|         64|
    |bucket_pointer_2082_fu_220  |   9|          2|   32|         64|
    |bucket_pointer_2083_fu_224  |   9|          2|   32|         64|
    |bucket_pointer_2084_fu_228  |   9|          2|   32|         64|
    |bucket_pointer_2085_fu_232  |   9|          2|   32|         64|
    |bucket_pointer_2086_fu_236  |   9|          2|   32|         64|
    |bucket_pointer_2087_fu_240  |   9|          2|   32|         64|
    |bucket_pointer_2088_fu_244  |   9|          2|   32|         64|
    |bucket_pointer_2089_fu_248  |   9|          2|   32|         64|
    |bucket_pointer_2090_fu_252  |   9|          2|   32|         64|
    |bucket_pointer_2091_fu_256  |   9|          2|   32|         64|
    |bucket_sizes_2731_fu_264    |   9|          2|   32|         64|
    |bucket_sizes_2732_fu_268    |   9|          2|   32|         64|
    |bucket_sizes_2733_fu_272    |   9|          2|   32|         64|
    |bucket_sizes_2734_fu_276    |   9|          2|   32|         64|
    |bucket_sizes_2735_fu_280    |   9|          2|   32|         64|
    |bucket_sizes_2736_fu_284    |   9|          2|   32|         64|
    |bucket_sizes_2737_fu_288    |   9|          2|   32|         64|
    |bucket_sizes_2738_fu_292    |   9|          2|   32|         64|
    |bucket_sizes_2739_fu_296    |   9|          2|   32|         64|
    |bucket_sizes_2740_fu_300    |   9|          2|   32|         64|
    |bucket_sizes_2741_fu_304    |   9|          2|   32|         64|
    |bucket_sizes_2742_fu_308    |   9|          2|   32|         64|
    |bucket_sizes_2743_fu_312    |   9|          2|   32|         64|
    |bucket_sizes_2744_fu_316    |   9|          2|   32|         64|
    |bucket_sizes_2745_fu_320    |   9|          2|   32|         64|
    |bucket_sizes_fu_260         |   9|          2|   32|         64|
    |m_fu_188                    |   9|          2|    5|         10|
    +----------------------------+----+-----------+-----+-----------+
    |Total                       | 324|         72| 1063|       2126|
    +----------------------------+----+-----------+-----+-----------+

    * Register: 
    +----------------------------+----+----+-----+-----------+
    |            Name            | FF | LUT| Bits| Const Bits|
    +----------------------------+----+----+-----+-----------+
    |ap_CS_fsm                   |   1|   0|    1|          0|
    |ap_done_reg                 |   1|   0|    1|          0|
    |ap_enable_reg_pp0_iter1     |   1|   0|    1|          0|
    |bucket_pointer_2075_fu_192  |  32|   0|   32|          0|
    |bucket_pointer_2076_fu_196  |  32|   0|   32|          0|
    |bucket_pointer_2077_fu_200  |  32|   0|   32|          0|
    |bucket_pointer_2078_fu_204  |  32|   0|   32|          0|
    |bucket_pointer_2079_fu_208  |  32|   0|   32|          0|
    |bucket_pointer_2080_fu_212  |  32|   0|   32|          0|
    |bucket_pointer_2081_fu_216  |  32|   0|   32|          0|
    |bucket_pointer_2082_fu_220  |  32|   0|   32|          0|
    |bucket_pointer_2083_fu_224  |  32|   0|   32|          0|
    |bucket_pointer_2084_fu_228  |  32|   0|   32|          0|
    |bucket_pointer_2085_fu_232  |  32|   0|   32|          0|
    |bucket_pointer_2086_fu_236  |  32|   0|   32|          0|
    |bucket_pointer_2087_fu_240  |  32|   0|   32|          0|
    |bucket_pointer_2088_fu_244  |  32|   0|   32|          0|
    |bucket_pointer_2089_fu_248  |  32|   0|   32|          0|
    |bucket_pointer_2090_fu_252  |  32|   0|   32|          0|
    |bucket_pointer_2091_fu_256  |  32|   0|   32|          0|
    |bucket_sizes_2731_fu_264    |  32|   0|   32|          0|
    |bucket_sizes_2732_fu_268    |  32|   0|   32|          0|
    |bucket_sizes_2733_fu_272    |  32|   0|   32|          0|
    |bucket_sizes_2734_fu_276    |  32|   0|   32|          0|
    |bucket_sizes_2735_fu_280    |  32|   0|   32|          0|
    |bucket_sizes_2736_fu_284    |  32|   0|   32|          0|
    |bucket_sizes_2737_fu_288    |  32|   0|   32|          0|
    |bucket_sizes_2738_fu_292    |  32|   0|   32|          0|
    |bucket_sizes_2739_fu_296    |  32|   0|   32|          0|
    |bucket_sizes_2740_fu_300    |  32|   0|   32|          0|
    |bucket_sizes_2741_fu_304    |  32|   0|   32|          0|
    |bucket_sizes_2742_fu_308    |  32|   0|   32|          0|
    |bucket_sizes_2743_fu_312    |  32|   0|   32|          0|
    |bucket_sizes_2744_fu_316    |  32|   0|   32|          0|
    |bucket_sizes_2745_fu_320    |  32|   0|   32|          0|
    |bucket_sizes_fu_260         |  32|   0|   32|          0|
    |m_fu_188                    |   5|   0|    5|          0|
    +----------------------------+----+----+-----+-----------+
    |Total                       |1064|   0| 1064|          0|
    +----------------------------+----+----+-----+-----------+



================================================================
== Interface
================================================================
* Summary: 
+--------------------------------+-----+-----+------------+--------------------------------------------------------------------------------+--------------+
|            RTL Ports           | Dir | Bits|  Protocol  |                                  Source Object                                 |    C Type    |
+--------------------------------+-----+-----+------------+--------------------------------------------------------------------------------+--------------+
|ap_clk                          |   in|    1|  ap_ctrl_hs|  radix_sort_unified_bucket_pingpong.10.1_Pipeline_bucket_pointer_initialization|  return value|
|ap_rst                          |   in|    1|  ap_ctrl_hs|  radix_sort_unified_bucket_pingpong.10.1_Pipeline_bucket_pointer_initialization|  return value|
|ap_start                        |   in|    1|  ap_ctrl_hs|  radix_sort_unified_bucket_pingpong.10.1_Pipeline_bucket_pointer_initialization|  return value|
|ap_done                         |  out|    1|  ap_ctrl_hs|  radix_sort_unified_bucket_pingpong.10.1_Pipeline_bucket_pointer_initialization|  return value|
|ap_idle                         |  out|    1|  ap_ctrl_hs|  radix_sort_unified_bucket_pingpong.10.1_Pipeline_bucket_pointer_initialization|  return value|
|ap_ready                        |  out|    1|  ap_ctrl_hs|  radix_sort_unified_bucket_pingpong.10.1_Pipeline_bucket_pointer_initialization|  return value|
|bucket_sizes_8924               |   in|   32|     ap_none|                                                               bucket_sizes_8924|        scalar|
|bucket_sizes_8923               |   in|   32|     ap_none|                                                               bucket_sizes_8923|        scalar|
|bucket_sizes_8922               |   in|   32|     ap_none|                                                               bucket_sizes_8922|        scalar|
|bucket_sizes_8921               |   in|   32|     ap_none|                                                               bucket_sizes_8921|        scalar|
|bucket_sizes_8920               |   in|   32|     ap_none|                                                               bucket_sizes_8920|        scalar|
|bucket_sizes_8919               |   in|   32|     ap_none|                                                               bucket_sizes_8919|        scalar|
|bucket_sizes_8918               |   in|   32|     ap_none|                                                               bucket_sizes_8918|        scalar|
|bucket_sizes_8917               |   in|   32|     ap_none|                                                               bucket_sizes_8917|        scalar|
|bucket_sizes_8916               |   in|   32|     ap_none|                                                               bucket_sizes_8916|        scalar|
|bucket_sizes_8915               |   in|   32|     ap_none|                                                               bucket_sizes_8915|        scalar|
|bucket_sizes_8914               |   in|   32|     ap_none|                                                               bucket_sizes_8914|        scalar|
|bucket_sizes_8913               |   in|   32|     ap_none|                                                               bucket_sizes_8913|        scalar|
|bucket_sizes_8912               |   in|   32|     ap_none|                                                               bucket_sizes_8912|        scalar|
|bucket_sizes_8911               |   in|   32|     ap_none|                                                               bucket_sizes_8911|        scalar|
|bucket_sizes_8910               |   in|   32|     ap_none|                                                               bucket_sizes_8910|        scalar|
|bucket_sizes_8893               |   in|   32|     ap_none|                                                               bucket_sizes_8893|        scalar|
|bucket_pointer_3980             |   in|   32|     ap_none|                                                             bucket_pointer_3980|        scalar|
|bucket_pointer_3979             |   in|   32|     ap_none|                                                             bucket_pointer_3979|        scalar|
|bucket_pointer_3978             |   in|   32|     ap_none|                                                             bucket_pointer_3978|        scalar|
|bucket_pointer_3977             |   in|   32|     ap_none|                                                             bucket_pointer_3977|        scalar|
|bucket_pointer_3976             |   in|   32|     ap_none|                                                             bucket_pointer_3976|        scalar|
|bucket_pointer_3975             |   in|   32|     ap_none|                                                             bucket_pointer_3975|        scalar|
|bucket_pointer_3974             |   in|   32|     ap_none|                                                             bucket_pointer_3974|        scalar|
|bucket_pointer_3973             |   in|   32|     ap_none|                                                             bucket_pointer_3973|        scalar|
|bucket_pointer_3972             |   in|   32|     ap_none|                                                             bucket_pointer_3972|        scalar|
|bucket_pointer_3971             |   in|   32|     ap_none|                                                             bucket_pointer_3971|        scalar|
|bucket_pointer_3970             |   in|   32|     ap_none|                                                             bucket_pointer_3970|        scalar|
|bucket_pointer_3969             |   in|   32|     ap_none|                                                             bucket_pointer_3969|        scalar|
|bucket_pointer_3968             |   in|   32|     ap_none|                                                             bucket_pointer_3968|        scalar|
|bucket_pointer_3967             |   in|   32|     ap_none|                                                             bucket_pointer_3967|        scalar|
|bucket_pointer_3966             |   in|   32|     ap_none|                                                             bucket_pointer_3966|        scalar|
|bucket_pointer                  |   in|   32|     ap_none|                                                                  bucket_pointer|        scalar|
|bucket_sizes_8941_out           |  out|   32|      ap_vld|                                                           bucket_sizes_8941_out|       pointer|
|bucket_sizes_8941_out_ap_vld    |  out|    1|      ap_vld|                                                           bucket_sizes_8941_out|       pointer|
|bucket_sizes_8940_out           |  out|   32|      ap_vld|                                                           bucket_sizes_8940_out|       pointer|
|bucket_sizes_8940_out_ap_vld    |  out|    1|      ap_vld|                                                           bucket_sizes_8940_out|       pointer|
|bucket_sizes_8939_out           |  out|   32|      ap_vld|                                                           bucket_sizes_8939_out|       pointer|
|bucket_sizes_8939_out_ap_vld    |  out|    1|      ap_vld|                                                           bucket_sizes_8939_out|       pointer|
|bucket_sizes_8938_out           |  out|   32|      ap_vld|                                                           bucket_sizes_8938_out|       pointer|
|bucket_sizes_8938_out_ap_vld    |  out|    1|      ap_vld|                                                           bucket_sizes_8938_out|       pointer|
|bucket_sizes_8937_out           |  out|   32|      ap_vld|                                                           bucket_sizes_8937_out|       pointer|
|bucket_sizes_8937_out_ap_vld    |  out|    1|      ap_vld|                                                           bucket_sizes_8937_out|       pointer|
|bucket_sizes_8936_out           |  out|   32|      ap_vld|                                                           bucket_sizes_8936_out|       pointer|
|bucket_sizes_8936_out_ap_vld    |  out|    1|      ap_vld|                                                           bucket_sizes_8936_out|       pointer|
|bucket_sizes_8935_out           |  out|   32|      ap_vld|                                                           bucket_sizes_8935_out|       pointer|
|bucket_sizes_8935_out_ap_vld    |  out|    1|      ap_vld|                                                           bucket_sizes_8935_out|       pointer|
|bucket_sizes_8934_out           |  out|   32|      ap_vld|                                                           bucket_sizes_8934_out|       pointer|
|bucket_sizes_8934_out_ap_vld    |  out|    1|      ap_vld|                                                           bucket_sizes_8934_out|       pointer|
|bucket_sizes_8933_out           |  out|   32|      ap_vld|                                                           bucket_sizes_8933_out|       pointer|
|bucket_sizes_8933_out_ap_vld    |  out|    1|      ap_vld|                                                           bucket_sizes_8933_out|       pointer|
|bucket_sizes_8932_out           |  out|   32|      ap_vld|                                                           bucket_sizes_8932_out|       pointer|
|bucket_sizes_8932_out_ap_vld    |  out|    1|      ap_vld|                                                           bucket_sizes_8932_out|       pointer|
|bucket_sizes_8931_out           |  out|   32|      ap_vld|                                                           bucket_sizes_8931_out|       pointer|
|bucket_sizes_8931_out_ap_vld    |  out|    1|      ap_vld|                                                           bucket_sizes_8931_out|       pointer|
|bucket_sizes_8930_out           |  out|   32|      ap_vld|                                                           bucket_sizes_8930_out|       pointer|
|bucket_sizes_8930_out_ap_vld    |  out|    1|      ap_vld|                                                           bucket_sizes_8930_out|       pointer|
|bucket_sizes_8929_out           |  out|   32|      ap_vld|                                                           bucket_sizes_8929_out|       pointer|
|bucket_sizes_8929_out_ap_vld    |  out|    1|      ap_vld|                                                           bucket_sizes_8929_out|       pointer|
|bucket_sizes_8928_out           |  out|   32|      ap_vld|                                                           bucket_sizes_8928_out|       pointer|
|bucket_sizes_8928_out_ap_vld    |  out|    1|      ap_vld|                                                           bucket_sizes_8928_out|       pointer|
|bucket_sizes_8927_out           |  out|   32|      ap_vld|                                                           bucket_sizes_8927_out|       pointer|
|bucket_sizes_8927_out_ap_vld    |  out|    1|      ap_vld|                                                           bucket_sizes_8927_out|       pointer|
|bucket_sizes_8926_out           |  out|   32|      ap_vld|                                                           bucket_sizes_8926_out|       pointer|
|bucket_sizes_8926_out_ap_vld    |  out|    1|      ap_vld|                                                           bucket_sizes_8926_out|       pointer|
|bucket_pointer_3996_out         |  out|   32|      ap_vld|                                                         bucket_pointer_3996_out|       pointer|
|bucket_pointer_3996_out_ap_vld  |  out|    1|      ap_vld|                                                         bucket_pointer_3996_out|       pointer|
|bucket_pointer_3995_out         |  out|   32|      ap_vld|                                                         bucket_pointer_3995_out|       pointer|
|bucket_pointer_3995_out_ap_vld  |  out|    1|      ap_vld|                                                         bucket_pointer_3995_out|       pointer|
|bucket_pointer_3994_out         |  out|   32|      ap_vld|                                                         bucket_pointer_3994_out|       pointer|
|bucket_pointer_3994_out_ap_vld  |  out|    1|      ap_vld|                                                         bucket_pointer_3994_out|       pointer|
|bucket_pointer_3993_out         |  out|   32|      ap_vld|                                                         bucket_pointer_3993_out|       pointer|
|bucket_pointer_3993_out_ap_vld  |  out|    1|      ap_vld|                                                         bucket_pointer_3993_out|       pointer|
|bucket_pointer_3992_out         |  out|   32|      ap_vld|                                                         bucket_pointer_3992_out|       pointer|
|bucket_pointer_3992_out_ap_vld  |  out|    1|      ap_vld|                                                         bucket_pointer_3992_out|       pointer|
|bucket_pointer_3991_out         |  out|   32|      ap_vld|                                                         bucket_pointer_3991_out|       pointer|
|bucket_pointer_3991_out_ap_vld  |  out|    1|      ap_vld|                                                         bucket_pointer_3991_out|       pointer|
|bucket_pointer_3990_out         |  out|   32|      ap_vld|                                                         bucket_pointer_3990_out|       pointer|
|bucket_pointer_3990_out_ap_vld  |  out|    1|      ap_vld|                                                         bucket_pointer_3990_out|       pointer|
|bucket_pointer_3989_out         |  out|   32|      ap_vld|                                                         bucket_pointer_3989_out|       pointer|
|bucket_pointer_3989_out_ap_vld  |  out|    1|      ap_vld|                                                         bucket_pointer_3989_out|       pointer|
|bucket_pointer_3988_out         |  out|   32|      ap_vld|                                                         bucket_pointer_3988_out|       pointer|
|bucket_pointer_3988_out_ap_vld  |  out|    1|      ap_vld|                                                         bucket_pointer_3988_out|       pointer|
|bucket_pointer_3987_out         |  out|   32|      ap_vld|                                                         bucket_pointer_3987_out|       pointer|
|bucket_pointer_3987_out_ap_vld  |  out|    1|      ap_vld|                                                         bucket_pointer_3987_out|       pointer|
|bucket_pointer_3986_out         |  out|   32|      ap_vld|                                                         bucket_pointer_3986_out|       pointer|
|bucket_pointer_3986_out_ap_vld  |  out|    1|      ap_vld|                                                         bucket_pointer_3986_out|       pointer|
|bucket_pointer_3985_out         |  out|   32|      ap_vld|                                                         bucket_pointer_3985_out|       pointer|
|bucket_pointer_3985_out_ap_vld  |  out|    1|      ap_vld|                                                         bucket_pointer_3985_out|       pointer|
|bucket_pointer_3984_out         |  out|   32|      ap_vld|                                                         bucket_pointer_3984_out|       pointer|
|bucket_pointer_3984_out_ap_vld  |  out|    1|      ap_vld|                                                         bucket_pointer_3984_out|       pointer|
|bucket_pointer_3983_out         |  out|   32|      ap_vld|                                                         bucket_pointer_3983_out|       pointer|
|bucket_pointer_3983_out_ap_vld  |  out|    1|      ap_vld|                                                         bucket_pointer_3983_out|       pointer|
|bucket_pointer_3982_out         |  out|   32|      ap_vld|                                                         bucket_pointer_3982_out|       pointer|
|bucket_pointer_3982_out_ap_vld  |  out|    1|      ap_vld|                                                         bucket_pointer_3982_out|       pointer|
|bucket_pointer_3981_out         |  out|   32|      ap_vld|                                                         bucket_pointer_3981_out|       pointer|
|bucket_pointer_3981_out_ap_vld  |  out|    1|      ap_vld|                                                         bucket_pointer_3981_out|       pointer|
+--------------------------------+-----+-----+------------+--------------------------------------------------------------------------------+--------------+

