

================================================================
== Vitis HLS Report for 'radix_sort_unified_bucket_pingpong_50_1_Pipeline_input_bucket'
================================================================
* Date:           Sat Apr 22 15:41:33 2023

* Version:        2022.2 (Build 3670227 on Oct 13 2022)
* Project:        sort_seperate_bucket
* Solution:       solution1 (Vivado IP Flow Target)
* Product family: virtexuplus
* Target device:  xcu280-fsvh2892-2L-e


================================================================
== Performance Estimates
================================================================
+ Timing: 
    * Summary: 
    +--------+----------+----------+------------+
    |  Clock |  Target  | Estimated| Uncertainty|
    +--------+----------+----------+------------+
    |ap_clk  |  10.00 ns|  5.072 ns|     2.70 ns|
    +--------+----------+----------+------------+

+ Latency: 
    * Summary: 
    +---------+---------+----------+----------+--------+--------+---------+
    |  Latency (cycles) |  Latency (absolute) |     Interval    | Pipeline|
    |   min   |   max   |    min   |    max   |   min  |   max  |   Type  |
    +---------+---------+----------+----------+--------+--------+---------+
    |   156252|   156252|  1.563 ms|  1.563 ms|  156252|  156252|       no|
    +---------+---------+----------+----------+--------+--------+---------+

    + Detail: 
        * Instance: 
        N/A

        * Loop: 
        +----------------+---------+---------+----------+-----------+-----------+--------+----------+
        |                |  Latency (cycles) | Iteration|  Initiation Interval  |  Trip  |          |
        |    Loop Name   |   min   |   max   |  Latency |  achieved |   target  |  Count | Pipelined|
        +----------------+---------+---------+----------+-----------+-----------+--------+----------+
        |- input_bucket  |   156250|   156250|         2|          1|          1|  156250|       yes|
        +----------------+---------+---------+----------+-----------+-----------+--------+----------+



================================================================
== Utilization Estimates
================================================================
* Summary: 
+---------------------+---------+------+---------+---------+-----+
|         Name        | BRAM_18K|  DSP |    FF   |   LUT   | URAM|
+---------------------+---------+------+---------+---------+-----+
|DSP                  |        -|     -|        -|        -|    -|
|Expression           |        -|     -|        0|      323|    -|
|FIFO                 |        -|     -|        -|        -|    -|
|Instance             |        -|     -|        0|      130|    -|
|Memory               |        -|     -|        -|        -|    -|
|Multiplexer          |        -|     -|        -|      502|    -|
|Register             |        -|     -|      141|        -|    -|
+---------------------+---------+------+---------+---------+-----+
|Total                |        0|     0|      141|      955|    0|
+---------------------+---------+------+---------+---------+-----+
|Available SLR        |     1344|  3008|   869120|   434560|  320|
+---------------------+---------+------+---------+---------+-----+
|Utilization SLR (%)  |        0|     0|       ~0|       ~0|    0|
+---------------------+---------+------+---------+---------+-----+
|Available            |     4032|  9024|  2607360|  1303680|  960|
+---------------------+---------+------+---------+---------+-----+
|Utilization (%)      |        0|     0|       ~0|       ~0|    0|
+---------------------+---------+------+---------+---------+-----+

+ Detail: 
    * Instance: 
    +----------------------+----------------+---------+----+---+----+-----+
    |       Instance       |     Module     | BRAM_18K| DSP| FF| LUT| URAM|
    +----------------------+----------------+---------+----+---+----+-----+
    |mux_164_32_1_1_U9576  |mux_164_32_1_1  |        0|   0|  0|  65|    0|
    |mux_164_32_1_1_U9577  |mux_164_32_1_1  |        0|   0|  0|  65|    0|
    +----------------------+----------------+---------+----+---+----+-----+
    |Total                 |                |        0|   0|  0| 130|    0|
    +----------------------+----------------+---------+----+---+----+-----+

    * DSP: 
    N/A

    * Memory: 
    N/A

    * FIFO: 
    N/A

    * Expression: 
    +--------------------------+----------+----+---+----+------------+------------+
    |       Variable Name      | Operation| DSP| FF| LUT| Bitwidth P0| Bitwidth P1|
    +--------------------------+----------+----+---+----+------------+------------+
    |add_ln92_fu_675_p2        |         +|   0|  0|  25|          18|           1|
    |add_ln93_fu_685_p2        |         +|   0|  0|  26|          19|          19|
    |add_ln95_fu_836_p2        |         +|   0|  0|  26|          19|          19|
    |bucket_pointer_fu_856_p2  |         +|   0|  0|  39|          32|           1|
    |bucket_sizes_fu_1070_p2   |         +|   0|  0|  39|          32|           1|
    |shifted_fu_785_p2         |      ashr|   0|  0|  92|          32|          32|
    |addr_cmp_fu_771_p2        |      icmp|   0|  0|  29|          64|          64|
    |icmp_ln92_fu_669_p2       |      icmp|   0|  0|  13|          18|          18|
    |reuse_select_fu_776_p3    |    select|   0|  0|  32|           1|          32|
    |ap_enable_pp0             |       xor|   0|  0|   2|           1|           2|
    +--------------------------+----------+----+---+----+------------+------------+
    |Total                     |          |   0|  0| 323|         236|         189|
    +--------------------------+----------+----+---+----+------------+------------+

    * Multiplexer: 
    +---------------------------+----+-----------+-----+-----------+
    |            Name           | LUT| Input Size| Bits| Total Bits|
    +---------------------------+----+-----------+-----+-----------+
    |ap_done_int                |   9|          2|    1|          2|
    |ap_enable_reg_pp0_iter1    |   9|          2|    1|          2|
    |ap_sig_allocacmp_j         |   9|          2|   18|         36|
    |bucket_pointer_1138_out_o  |  14|          3|   32|         96|
    |bucket_pointer_1139_out_o  |  14|          3|   32|         96|
    |bucket_pointer_1140_out_o  |  14|          3|   32|         96|
    |bucket_pointer_1141_out_o  |  14|          3|   32|         96|
    |bucket_pointer_1142_out_o  |  14|          3|   32|         96|
    |bucket_pointer_1143_out_o  |  14|          3|   32|         96|
    |bucket_pointer_1144_out_o  |  14|          3|   32|         96|
    |bucket_pointer_1145_out_o  |  14|          3|   32|         96|
    |bucket_pointer_1146_out_o  |  14|          3|   32|         96|
    |bucket_pointer_1147_out_o  |  14|          3|   32|         96|
    |bucket_pointer_1148_out_o  |  14|          3|   32|         96|
    |bucket_pointer_1149_out_o  |  14|          3|   32|         96|
    |bucket_pointer_1150_out_o  |  14|          3|   32|         96|
    |bucket_pointer_1151_out_o  |  14|          3|   32|         96|
    |bucket_pointer_1152_out_o  |  14|          3|   32|         96|
    |bucket_pointer_1153_out_o  |  14|          3|   32|         96|
    |bucket_sizes_2578_out_o    |  14|          3|   32|         96|
    |bucket_sizes_2579_out_o    |  14|          3|   32|         96|
    |bucket_sizes_2580_out_o    |  14|          3|   32|         96|
    |bucket_sizes_2581_out_o    |  14|          3|   32|         96|
    |bucket_sizes_2582_out_o    |  14|          3|   32|         96|
    |bucket_sizes_2583_out_o    |  14|          3|   32|         96|
    |bucket_sizes_2584_out_o    |  14|          3|   32|         96|
    |bucket_sizes_2585_out_o    |  14|          3|   32|         96|
    |bucket_sizes_2586_out_o    |  14|          3|   32|         96|
    |bucket_sizes_2587_out_o    |  14|          3|   32|         96|
    |bucket_sizes_2588_out_o    |  14|          3|   32|         96|
    |bucket_sizes_2589_out_o    |  14|          3|   32|         96|
    |bucket_sizes_2590_out_o    |  14|          3|   32|         96|
    |bucket_sizes_2591_out_o    |  14|          3|   32|         96|
    |bucket_sizes_2592_out_o    |  14|          3|   32|         96|
    |bucket_sizes_2593_out_o    |  14|          3|   32|         96|
    |j_18_fu_216                |   9|          2|   18|         36|
    |reuse_addr_reg_fu_208      |   9|          2|   64|        128|
    |reuse_reg_fu_212           |   9|          2|   32|         64|
    +---------------------------+----+-----------+-----+-----------+
    |Total                      | 502|        108| 1158|       3340|
    +---------------------------+----+-----------+-----+-----------+

    * Register: 
    +-------------------------+----+----+-----+-----------+
    |           Name          | FF | LUT| Bits| Const Bits|
    +-------------------------+----+----+-----+-----------+
    |ap_CS_fsm                |   1|   0|    1|          0|
    |ap_done_reg              |   1|   0|    1|          0|
    |ap_enable_reg_pp0_iter1  |   1|   0|    1|          0|
    |j_18_fu_216              |  18|   0|   18|          0|
    |mul_cast_cast_reg_1198   |   5|   0|   32|         27|
    |reuse_addr_reg_fu_208    |  64|   0|   64|          0|
    |reuse_reg_fu_212         |  32|   0|   32|          0|
    |zext_ln93_18_reg_1206    |  19|   0|   64|         45|
    +-------------------------+----+----+-----+-----------+
    |Total                    | 141|   0|  213|         72|
    +-------------------------+----+----+-----+-----------+



================================================================
== Interface
================================================================
* Summary: 
+----------------------------------+-----+-----+------------+---------------------------------------------------------------+--------------+
|             RTL Ports            | Dir | Bits|  Protocol  |                         Source Object                         |    C Type    |
+----------------------------------+-----+-----+------------+---------------------------------------------------------------+--------------+
|ap_clk                            |   in|    1|  ap_ctrl_hs|  radix_sort_unified_bucket_pingpong.50.1_Pipeline_input_bucket|  return value|
|ap_rst                            |   in|    1|  ap_ctrl_hs|  radix_sort_unified_bucket_pingpong.50.1_Pipeline_input_bucket|  return value|
|ap_start                          |   in|    1|  ap_ctrl_hs|  radix_sort_unified_bucket_pingpong.50.1_Pipeline_input_bucket|  return value|
|ap_done                           |  out|    1|  ap_ctrl_hs|  radix_sort_unified_bucket_pingpong.50.1_Pipeline_input_bucket|  return value|
|ap_idle                           |  out|    1|  ap_ctrl_hs|  radix_sort_unified_bucket_pingpong.50.1_Pipeline_input_bucket|  return value|
|ap_ready                          |  out|    1|  ap_ctrl_hs|  radix_sort_unified_bucket_pingpong.50.1_Pipeline_input_bucket|  return value|
|bucket_sizes_2561_reload          |   in|   32|     ap_none|                                       bucket_sizes_2561_reload|        scalar|
|bucket_sizes_2560_reload          |   in|   32|     ap_none|                                       bucket_sizes_2560_reload|        scalar|
|bucket_sizes_2559_reload          |   in|   32|     ap_none|                                       bucket_sizes_2559_reload|        scalar|
|bucket_sizes_2558_reload          |   in|   32|     ap_none|                                       bucket_sizes_2558_reload|        scalar|
|bucket_sizes_2557_reload          |   in|   32|     ap_none|                                       bucket_sizes_2557_reload|        scalar|
|bucket_sizes_2556_reload          |   in|   32|     ap_none|                                       bucket_sizes_2556_reload|        scalar|
|bucket_sizes_2555_reload          |   in|   32|     ap_none|                                       bucket_sizes_2555_reload|        scalar|
|bucket_sizes_2554_reload          |   in|   32|     ap_none|                                       bucket_sizes_2554_reload|        scalar|
|bucket_sizes_2553_reload          |   in|   32|     ap_none|                                       bucket_sizes_2553_reload|        scalar|
|bucket_sizes_2552_reload          |   in|   32|     ap_none|                                       bucket_sizes_2552_reload|        scalar|
|bucket_sizes_2551_reload          |   in|   32|     ap_none|                                       bucket_sizes_2551_reload|        scalar|
|bucket_sizes_2550_reload          |   in|   32|     ap_none|                                       bucket_sizes_2550_reload|        scalar|
|bucket_sizes_2549_reload          |   in|   32|     ap_none|                                       bucket_sizes_2549_reload|        scalar|
|bucket_sizes_2548_reload          |   in|   32|     ap_none|                                       bucket_sizes_2548_reload|        scalar|
|bucket_sizes_2547_reload          |   in|   32|     ap_none|                                       bucket_sizes_2547_reload|        scalar|
|bucket_sizes_2546_reload          |   in|   32|     ap_none|                                       bucket_sizes_2546_reload|        scalar|
|bucket_pointer_1136_reload        |   in|   32|     ap_none|                                     bucket_pointer_1136_reload|        scalar|
|bucket_pointer_1135_reload        |   in|   32|     ap_none|                                     bucket_pointer_1135_reload|        scalar|
|bucket_pointer_1134_reload        |   in|   32|     ap_none|                                     bucket_pointer_1134_reload|        scalar|
|bucket_pointer_1133_reload        |   in|   32|     ap_none|                                     bucket_pointer_1133_reload|        scalar|
|bucket_pointer_1132_reload        |   in|   32|     ap_none|                                     bucket_pointer_1132_reload|        scalar|
|bucket_pointer_1131_reload        |   in|   32|     ap_none|                                     bucket_pointer_1131_reload|        scalar|
|bucket_pointer_1130_reload        |   in|   32|     ap_none|                                     bucket_pointer_1130_reload|        scalar|
|bucket_pointer_1129_reload        |   in|   32|     ap_none|                                     bucket_pointer_1129_reload|        scalar|
|bucket_pointer_1128_reload        |   in|   32|     ap_none|                                     bucket_pointer_1128_reload|        scalar|
|bucket_pointer_1127_reload        |   in|   32|     ap_none|                                     bucket_pointer_1127_reload|        scalar|
|bucket_pointer_1126_reload        |   in|   32|     ap_none|                                     bucket_pointer_1126_reload|        scalar|
|bucket_pointer_1125_reload        |   in|   32|     ap_none|                                     bucket_pointer_1125_reload|        scalar|
|bucket_pointer_1124_reload        |   in|   32|     ap_none|                                     bucket_pointer_1124_reload|        scalar|
|bucket_pointer_1123_reload        |   in|   32|     ap_none|                                     bucket_pointer_1123_reload|        scalar|
|bucket_pointer_1122_reload        |   in|   32|     ap_none|                                     bucket_pointer_1122_reload|        scalar|
|bucket_pointer_1121_reload        |   in|   32|     ap_none|                                     bucket_pointer_1121_reload|        scalar|
|mul_ln93                          |   in|   19|     ap_none|                                                       mul_ln93|        scalar|
|bucket_address0                   |  out|   19|   ap_memory|                                                         bucket|         array|
|bucket_ce0                        |  out|    1|   ap_memory|                                                         bucket|         array|
|bucket_we0                        |  out|    1|   ap_memory|                                                         bucket|         array|
|bucket_d0                         |  out|   32|   ap_memory|                                                         bucket|         array|
|bucket_address1                   |  out|   19|   ap_memory|                                                         bucket|         array|
|bucket_ce1                        |  out|    1|   ap_memory|                                                         bucket|         array|
|bucket_q1                         |   in|   32|   ap_memory|                                                         bucket|         array|
|mul_cast                          |   in|    5|     ap_none|                                                       mul_cast|        scalar|
|mul_ln95                          |   in|   19|     ap_none|                                                       mul_ln95|        scalar|
|bucket_sizes_2593_out_i           |   in|   32|     ap_ovld|                                          bucket_sizes_2593_out|       pointer|
|bucket_sizes_2593_out_o           |  out|   32|     ap_ovld|                                          bucket_sizes_2593_out|       pointer|
|bucket_sizes_2593_out_o_ap_vld    |  out|    1|     ap_ovld|                                          bucket_sizes_2593_out|       pointer|
|bucket_sizes_2592_out_i           |   in|   32|     ap_ovld|                                          bucket_sizes_2592_out|       pointer|
|bucket_sizes_2592_out_o           |  out|   32|     ap_ovld|                                          bucket_sizes_2592_out|       pointer|
|bucket_sizes_2592_out_o_ap_vld    |  out|    1|     ap_ovld|                                          bucket_sizes_2592_out|       pointer|
|bucket_sizes_2591_out_i           |   in|   32|     ap_ovld|                                          bucket_sizes_2591_out|       pointer|
|bucket_sizes_2591_out_o           |  out|   32|     ap_ovld|                                          bucket_sizes_2591_out|       pointer|
|bucket_sizes_2591_out_o_ap_vld    |  out|    1|     ap_ovld|                                          bucket_sizes_2591_out|       pointer|
|bucket_sizes_2590_out_i           |   in|   32|     ap_ovld|                                          bucket_sizes_2590_out|       pointer|
|bucket_sizes_2590_out_o           |  out|   32|     ap_ovld|                                          bucket_sizes_2590_out|       pointer|
|bucket_sizes_2590_out_o_ap_vld    |  out|    1|     ap_ovld|                                          bucket_sizes_2590_out|       pointer|
|bucket_sizes_2589_out_i           |   in|   32|     ap_ovld|                                          bucket_sizes_2589_out|       pointer|
|bucket_sizes_2589_out_o           |  out|   32|     ap_ovld|                                          bucket_sizes_2589_out|       pointer|
|bucket_sizes_2589_out_o_ap_vld    |  out|    1|     ap_ovld|                                          bucket_sizes_2589_out|       pointer|
|bucket_sizes_2588_out_i           |   in|   32|     ap_ovld|                                          bucket_sizes_2588_out|       pointer|
|bucket_sizes_2588_out_o           |  out|   32|     ap_ovld|                                          bucket_sizes_2588_out|       pointer|
|bucket_sizes_2588_out_o_ap_vld    |  out|    1|     ap_ovld|                                          bucket_sizes_2588_out|       pointer|
|bucket_sizes_2587_out_i           |   in|   32|     ap_ovld|                                          bucket_sizes_2587_out|       pointer|
|bucket_sizes_2587_out_o           |  out|   32|     ap_ovld|                                          bucket_sizes_2587_out|       pointer|
|bucket_sizes_2587_out_o_ap_vld    |  out|    1|     ap_ovld|                                          bucket_sizes_2587_out|       pointer|
|bucket_sizes_2586_out_i           |   in|   32|     ap_ovld|                                          bucket_sizes_2586_out|       pointer|
|bucket_sizes_2586_out_o           |  out|   32|     ap_ovld|                                          bucket_sizes_2586_out|       pointer|
|bucket_sizes_2586_out_o_ap_vld    |  out|    1|     ap_ovld|                                          bucket_sizes_2586_out|       pointer|
|bucket_sizes_2585_out_i           |   in|   32|     ap_ovld|                                          bucket_sizes_2585_out|       pointer|
|bucket_sizes_2585_out_o           |  out|   32|     ap_ovld|                                          bucket_sizes_2585_out|       pointer|
|bucket_sizes_2585_out_o_ap_vld    |  out|    1|     ap_ovld|                                          bucket_sizes_2585_out|       pointer|
|bucket_sizes_2584_out_i           |   in|   32|     ap_ovld|                                          bucket_sizes_2584_out|       pointer|
|bucket_sizes_2584_out_o           |  out|   32|     ap_ovld|                                          bucket_sizes_2584_out|       pointer|
|bucket_sizes_2584_out_o_ap_vld    |  out|    1|     ap_ovld|                                          bucket_sizes_2584_out|       pointer|
|bucket_sizes_2583_out_i           |   in|   32|     ap_ovld|                                          bucket_sizes_2583_out|       pointer|
|bucket_sizes_2583_out_o           |  out|   32|     ap_ovld|                                          bucket_sizes_2583_out|       pointer|
|bucket_sizes_2583_out_o_ap_vld    |  out|    1|     ap_ovld|                                          bucket_sizes_2583_out|       pointer|
|bucket_sizes_2582_out_i           |   in|   32|     ap_ovld|                                          bucket_sizes_2582_out|       pointer|
|bucket_sizes_2582_out_o           |  out|   32|     ap_ovld|                                          bucket_sizes_2582_out|       pointer|
|bucket_sizes_2582_out_o_ap_vld    |  out|    1|     ap_ovld|                                          bucket_sizes_2582_out|       pointer|
|bucket_sizes_2581_out_i           |   in|   32|     ap_ovld|                                          bucket_sizes_2581_out|       pointer|
|bucket_sizes_2581_out_o           |  out|   32|     ap_ovld|                                          bucket_sizes_2581_out|       pointer|
|bucket_sizes_2581_out_o_ap_vld    |  out|    1|     ap_ovld|                                          bucket_sizes_2581_out|       pointer|
|bucket_sizes_2580_out_i           |   in|   32|     ap_ovld|                                          bucket_sizes_2580_out|       pointer|
|bucket_sizes_2580_out_o           |  out|   32|     ap_ovld|                                          bucket_sizes_2580_out|       pointer|
|bucket_sizes_2580_out_o_ap_vld    |  out|    1|     ap_ovld|                                          bucket_sizes_2580_out|       pointer|
|bucket_sizes_2579_out_i           |   in|   32|     ap_ovld|                                          bucket_sizes_2579_out|       pointer|
|bucket_sizes_2579_out_o           |  out|   32|     ap_ovld|                                          bucket_sizes_2579_out|       pointer|
|bucket_sizes_2579_out_o_ap_vld    |  out|    1|     ap_ovld|                                          bucket_sizes_2579_out|       pointer|
|bucket_sizes_2578_out_i           |   in|   32|     ap_ovld|                                          bucket_sizes_2578_out|       pointer|
|bucket_sizes_2578_out_o           |  out|   32|     ap_ovld|                                          bucket_sizes_2578_out|       pointer|
|bucket_sizes_2578_out_o_ap_vld    |  out|    1|     ap_ovld|                                          bucket_sizes_2578_out|       pointer|
|bucket_pointer_1153_out_i         |   in|   32|     ap_ovld|                                        bucket_pointer_1153_out|       pointer|
|bucket_pointer_1153_out_o         |  out|   32|     ap_ovld|                                        bucket_pointer_1153_out|       pointer|
|bucket_pointer_1153_out_o_ap_vld  |  out|    1|     ap_ovld|                                        bucket_pointer_1153_out|       pointer|
|bucket_pointer_1152_out_i         |   in|   32|     ap_ovld|                                        bucket_pointer_1152_out|       pointer|
|bucket_pointer_1152_out_o         |  out|   32|     ap_ovld|                                        bucket_pointer_1152_out|       pointer|
|bucket_pointer_1152_out_o_ap_vld  |  out|    1|     ap_ovld|                                        bucket_pointer_1152_out|       pointer|
|bucket_pointer_1151_out_i         |   in|   32|     ap_ovld|                                        bucket_pointer_1151_out|       pointer|
|bucket_pointer_1151_out_o         |  out|   32|     ap_ovld|                                        bucket_pointer_1151_out|       pointer|
|bucket_pointer_1151_out_o_ap_vld  |  out|    1|     ap_ovld|                                        bucket_pointer_1151_out|       pointer|
|bucket_pointer_1150_out_i         |   in|   32|     ap_ovld|                                        bucket_pointer_1150_out|       pointer|
|bucket_pointer_1150_out_o         |  out|   32|     ap_ovld|                                        bucket_pointer_1150_out|       pointer|
|bucket_pointer_1150_out_o_ap_vld  |  out|    1|     ap_ovld|                                        bucket_pointer_1150_out|       pointer|
|bucket_pointer_1149_out_i         |   in|   32|     ap_ovld|                                        bucket_pointer_1149_out|       pointer|
|bucket_pointer_1149_out_o         |  out|   32|     ap_ovld|                                        bucket_pointer_1149_out|       pointer|
|bucket_pointer_1149_out_o_ap_vld  |  out|    1|     ap_ovld|                                        bucket_pointer_1149_out|       pointer|
|bucket_pointer_1148_out_i         |   in|   32|     ap_ovld|                                        bucket_pointer_1148_out|       pointer|
|bucket_pointer_1148_out_o         |  out|   32|     ap_ovld|                                        bucket_pointer_1148_out|       pointer|
|bucket_pointer_1148_out_o_ap_vld  |  out|    1|     ap_ovld|                                        bucket_pointer_1148_out|       pointer|
|bucket_pointer_1147_out_i         |   in|   32|     ap_ovld|                                        bucket_pointer_1147_out|       pointer|
|bucket_pointer_1147_out_o         |  out|   32|     ap_ovld|                                        bucket_pointer_1147_out|       pointer|
|bucket_pointer_1147_out_o_ap_vld  |  out|    1|     ap_ovld|                                        bucket_pointer_1147_out|       pointer|
|bucket_pointer_1146_out_i         |   in|   32|     ap_ovld|                                        bucket_pointer_1146_out|       pointer|
|bucket_pointer_1146_out_o         |  out|   32|     ap_ovld|                                        bucket_pointer_1146_out|       pointer|
|bucket_pointer_1146_out_o_ap_vld  |  out|    1|     ap_ovld|                                        bucket_pointer_1146_out|       pointer|
|bucket_pointer_1145_out_i         |   in|   32|     ap_ovld|                                        bucket_pointer_1145_out|       pointer|
|bucket_pointer_1145_out_o         |  out|   32|     ap_ovld|                                        bucket_pointer_1145_out|       pointer|
|bucket_pointer_1145_out_o_ap_vld  |  out|    1|     ap_ovld|                                        bucket_pointer_1145_out|       pointer|
|bucket_pointer_1144_out_i         |   in|   32|     ap_ovld|                                        bucket_pointer_1144_out|       pointer|
|bucket_pointer_1144_out_o         |  out|   32|     ap_ovld|                                        bucket_pointer_1144_out|       pointer|
|bucket_pointer_1144_out_o_ap_vld  |  out|    1|     ap_ovld|                                        bucket_pointer_1144_out|       pointer|
|bucket_pointer_1143_out_i         |   in|   32|     ap_ovld|                                        bucket_pointer_1143_out|       pointer|
|bucket_pointer_1143_out_o         |  out|   32|     ap_ovld|                                        bucket_pointer_1143_out|       pointer|
|bucket_pointer_1143_out_o_ap_vld  |  out|    1|     ap_ovld|                                        bucket_pointer_1143_out|       pointer|
|bucket_pointer_1142_out_i         |   in|   32|     ap_ovld|                                        bucket_pointer_1142_out|       pointer|
|bucket_pointer_1142_out_o         |  out|   32|     ap_ovld|                                        bucket_pointer_1142_out|       pointer|
|bucket_pointer_1142_out_o_ap_vld  |  out|    1|     ap_ovld|                                        bucket_pointer_1142_out|       pointer|
|bucket_pointer_1141_out_i         |   in|   32|     ap_ovld|                                        bucket_pointer_1141_out|       pointer|
|bucket_pointer_1141_out_o         |  out|   32|     ap_ovld|                                        bucket_pointer_1141_out|       pointer|
|bucket_pointer_1141_out_o_ap_vld  |  out|    1|     ap_ovld|                                        bucket_pointer_1141_out|       pointer|
|bucket_pointer_1140_out_i         |   in|   32|     ap_ovld|                                        bucket_pointer_1140_out|       pointer|
|bucket_pointer_1140_out_o         |  out|   32|     ap_ovld|                                        bucket_pointer_1140_out|       pointer|
|bucket_pointer_1140_out_o_ap_vld  |  out|    1|     ap_ovld|                                        bucket_pointer_1140_out|       pointer|
|bucket_pointer_1139_out_i         |   in|   32|     ap_ovld|                                        bucket_pointer_1139_out|       pointer|
|bucket_pointer_1139_out_o         |  out|   32|     ap_ovld|                                        bucket_pointer_1139_out|       pointer|
|bucket_pointer_1139_out_o_ap_vld  |  out|    1|     ap_ovld|                                        bucket_pointer_1139_out|       pointer|
|bucket_pointer_1138_out_i         |   in|   32|     ap_ovld|                                        bucket_pointer_1138_out|       pointer|
|bucket_pointer_1138_out_o         |  out|   32|     ap_ovld|                                        bucket_pointer_1138_out|       pointer|
|bucket_pointer_1138_out_o_ap_vld  |  out|    1|     ap_ovld|                                        bucket_pointer_1138_out|       pointer|
+----------------------------------+-----+-----+------------+---------------------------------------------------------------+--------------+

