

================================================================
== Vitis HLS Report for 'radix_sort_unified_bucket_pingpong_57_1_Pipeline_bucket_pointer_initialization'
================================================================
* Date:           Sat Apr 22 15:42:00 2023

* Version:        2022.2 (Build 3670227 on Oct 13 2022)
* Project:        sort_seperate_bucket
* Solution:       solution1 (Vivado IP Flow Target)
* Product family: virtexuplus
* Target device:  xcu280-fsvh2892-2L-e


================================================================
== Performance Estimates
================================================================
+ Timing: 
    * Summary: 
    +--------+----------+----------+------------+
    |  Clock |  Target  | Estimated| Uncertainty|
    +--------+----------+----------+------------+
    |ap_clk  |  10.00 ns|  1.760 ns|     2.70 ns|
    +--------+----------+----------+------------+

+ Latency: 
    * Summary: 
    +---------+---------+----------+----------+-----+-----+---------+
    |  Latency (cycles) |  Latency (absolute) |  Interval | Pipeline|
    |   min   |   max   |    min   |    max   | min | max |   Type  |
    +---------+---------+----------+----------+-----+-----+---------+
    |       18|       18|  0.180 us|  0.180 us|   18|   18|       no|
    +---------+---------+----------+----------+-----+-----+---------+

    + Detail: 
        * Instance: 
        N/A

        * Loop: 
        +---------------------------------+---------+---------+----------+-----------+-----------+------+----------+
        |                                 |  Latency (cycles) | Iteration|  Initiation Interval  | Trip |          |
        |            Loop Name            |   min   |   max   |  Latency |  achieved |   target  | Count| Pipelined|
        +---------------------------------+---------+---------+----------+-----------+-----------+------+----------+
        |- bucket_pointer_initialization  |       16|       16|         1|          1|          1|    16|       yes|
        +---------------------------------+---------+---------+----------+-----------+-----------+------+----------+



================================================================
== Utilization Estimates
================================================================
* Summary: 
+---------------------+---------+------+---------+---------+-----+
|         Name        | BRAM_18K|  DSP |    FF   |   LUT   | URAM|
+---------------------+---------+------+---------+---------+-----+
|DSP                  |        -|     -|        -|        -|    -|
|Expression           |        -|     -|        0|       95|    -|
|FIFO                 |        -|     -|        -|        -|    -|
|Instance             |        -|     -|        0|       65|    -|
|Memory               |        -|     -|        -|        -|    -|
|Multiplexer          |        -|     -|        -|      324|    -|
|Register             |        -|     -|     1064|        -|    -|
+---------------------+---------+------+---------+---------+-----+
|Total                |        0|     0|     1064|      484|    0|
+---------------------+---------+------+---------+---------+-----+
|Available SLR        |     1344|  3008|   869120|   434560|  320|
+---------------------+---------+------+---------+---------+-----+
|Utilization SLR (%)  |        0|     0|       ~0|       ~0|    0|
+---------------------+---------+------+---------+---------+-----+
|Available            |     4032|  9024|  2607360|  1303680|  960|
+---------------------+---------+------+---------+---------+-----+
|Utilization (%)      |        0|     0|       ~0|       ~0|    0|
+---------------------+---------+------+---------+---------+-----+

+ Detail: 
    * Instance: 
    +-----------------------+----------------+---------+----+---+----+-----+
    |        Instance       |     Module     | BRAM_18K| DSP| FF| LUT| URAM|
    +-----------------------+----------------+---------+----+---+----+-----+
    |mux_164_32_1_1_U10862  |mux_164_32_1_1  |        0|   0|  0|  65|    0|
    +-----------------------+----------------+---------+----+---+----+-----+
    |Total                  |                |        0|   0|  0|  65|    0|
    +-----------------------+----------------+---------+----+---+----+-----+

    * DSP: 
    N/A

    * Memory: 
    N/A

    * FIFO: 
    N/A

    * Expression: 
    +--------------------------------+----------+----+---+----+------------+------------+
    |          Variable Name         | Operation| DSP| FF| LUT| Bitwidth P0| Bitwidth P1|
    +--------------------------------+----------+----+---+----+------------+------------+
    |add_ln85_fu_922_p2              |         +|   0|  0|  12|           5|           1|
    |next_bucket_pointer_fu_1018_p2  |         +|   0|  0|  39|          32|          32|
    |ap_condition_505                |       and|   0|  0|   2|           1|           1|
    |ap_condition_508                |       and|   0|  0|   2|           1|           1|
    |ap_condition_511                |       and|   0|  0|   2|           1|           1|
    |ap_condition_514                |       and|   0|  0|   2|           1|           1|
    |ap_condition_517                |       and|   0|  0|   2|           1|           1|
    |ap_condition_520                |       and|   0|  0|   2|           1|           1|
    |ap_condition_523                |       and|   0|  0|   2|           1|           1|
    |ap_condition_526                |       and|   0|  0|   2|           1|           1|
    |ap_condition_529                |       and|   0|  0|   2|           1|           1|
    |ap_condition_532                |       and|   0|  0|   2|           1|           1|
    |ap_condition_535                |       and|   0|  0|   2|           1|           1|
    |ap_condition_538                |       and|   0|  0|   2|           1|           1|
    |ap_condition_541                |       and|   0|  0|   2|           1|           1|
    |ap_condition_544                |       and|   0|  0|   2|           1|           1|
    |ap_condition_547                |       and|   0|  0|   2|           1|           1|
    |ap_condition_550                |       and|   0|  0|   2|           1|           1|
    |icmp_ln85_fu_916_p2             |      icmp|   0|  0|  10|           5|           6|
    |ap_enable_pp0                   |       xor|   0|  0|   2|           1|           2|
    +--------------------------------+----------+----+---+----+------------+------------+
    |Total                           |          |   0|  0|  95|          59|          57|
    +--------------------------------+----------+----+---+----+------------+------------+

    * Multiplexer: 
    +---------------------------+----+-----------+-----+-----------+
    |            Name           | LUT| Input Size| Bits| Total Bits|
    +---------------------------+----+-----------+-----+-----------+
    |ap_done_int                |   9|          2|    1|          2|
    |ap_enable_reg_pp0_iter1    |   9|          2|    1|          2|
    |bucket_pointer_341_fu_192  |   9|          2|   32|         64|
    |bucket_pointer_342_fu_196  |   9|          2|   32|         64|
    |bucket_pointer_343_fu_200  |   9|          2|   32|         64|
    |bucket_pointer_344_fu_204  |   9|          2|   32|         64|
    |bucket_pointer_345_fu_208  |   9|          2|   32|         64|
    |bucket_pointer_346_fu_212  |   9|          2|   32|         64|
    |bucket_pointer_347_fu_216  |   9|          2|   32|         64|
    |bucket_pointer_348_fu_220  |   9|          2|   32|         64|
    |bucket_pointer_349_fu_224  |   9|          2|   32|         64|
    |bucket_pointer_350_fu_228  |   9|          2|   32|         64|
    |bucket_pointer_351_fu_232  |   9|          2|   32|         64|
    |bucket_pointer_352_fu_236  |   9|          2|   32|         64|
    |bucket_pointer_353_fu_240  |   9|          2|   32|         64|
    |bucket_pointer_354_fu_244  |   9|          2|   32|         64|
    |bucket_pointer_355_fu_248  |   9|          2|   32|         64|
    |bucket_pointer_356_fu_252  |   9|          2|   32|         64|
    |bucket_pointer_357_fu_256  |   9|          2|   32|         64|
    |bucket_sizes_436_fu_264    |   9|          2|   32|         64|
    |bucket_sizes_437_fu_268    |   9|          2|   32|         64|
    |bucket_sizes_438_fu_272    |   9|          2|   32|         64|
    |bucket_sizes_439_fu_276    |   9|          2|   32|         64|
    |bucket_sizes_440_fu_280    |   9|          2|   32|         64|
    |bucket_sizes_441_fu_284    |   9|          2|   32|         64|
    |bucket_sizes_442_fu_288    |   9|          2|   32|         64|
    |bucket_sizes_443_fu_292    |   9|          2|   32|         64|
    |bucket_sizes_444_fu_296    |   9|          2|   32|         64|
    |bucket_sizes_445_fu_300    |   9|          2|   32|         64|
    |bucket_sizes_446_fu_304    |   9|          2|   32|         64|
    |bucket_sizes_447_fu_308    |   9|          2|   32|         64|
    |bucket_sizes_448_fu_312    |   9|          2|   32|         64|
    |bucket_sizes_449_fu_316    |   9|          2|   32|         64|
    |bucket_sizes_450_fu_320    |   9|          2|   32|         64|
    |bucket_sizes_fu_260        |   9|          2|   32|         64|
    |m_fu_188                   |   9|          2|    5|         10|
    +---------------------------+----+-----------+-----+-----------+
    |Total                      | 324|         72| 1063|       2126|
    +---------------------------+----+-----------+-----+-----------+

    * Register: 
    +---------------------------+----+----+-----+-----------+
    |            Name           | FF | LUT| Bits| Const Bits|
    +---------------------------+----+----+-----+-----------+
    |ap_CS_fsm                  |   1|   0|    1|          0|
    |ap_done_reg                |   1|   0|    1|          0|
    |ap_enable_reg_pp0_iter1    |   1|   0|    1|          0|
    |bucket_pointer_341_fu_192  |  32|   0|   32|          0|
    |bucket_pointer_342_fu_196  |  32|   0|   32|          0|
    |bucket_pointer_343_fu_200  |  32|   0|   32|          0|
    |bucket_pointer_344_fu_204  |  32|   0|   32|          0|
    |bucket_pointer_345_fu_208  |  32|   0|   32|          0|
    |bucket_pointer_346_fu_212  |  32|   0|   32|          0|
    |bucket_pointer_347_fu_216  |  32|   0|   32|          0|
    |bucket_pointer_348_fu_220  |  32|   0|   32|          0|
    |bucket_pointer_349_fu_224  |  32|   0|   32|          0|
    |bucket_pointer_350_fu_228  |  32|   0|   32|          0|
    |bucket_pointer_351_fu_232  |  32|   0|   32|          0|
    |bucket_pointer_352_fu_236  |  32|   0|   32|          0|
    |bucket_pointer_353_fu_240  |  32|   0|   32|          0|
    |bucket_pointer_354_fu_244  |  32|   0|   32|          0|
    |bucket_pointer_355_fu_248  |  32|   0|   32|          0|
    |bucket_pointer_356_fu_252  |  32|   0|   32|          0|
    |bucket_pointer_357_fu_256  |  32|   0|   32|          0|
    |bucket_sizes_436_fu_264    |  32|   0|   32|          0|
    |bucket_sizes_437_fu_268    |  32|   0|   32|          0|
    |bucket_sizes_438_fu_272    |  32|   0|   32|          0|
    |bucket_sizes_439_fu_276    |  32|   0|   32|          0|
    |bucket_sizes_440_fu_280    |  32|   0|   32|          0|
    |bucket_sizes_441_fu_284    |  32|   0|   32|          0|
    |bucket_sizes_442_fu_288    |  32|   0|   32|          0|
    |bucket_sizes_443_fu_292    |  32|   0|   32|          0|
    |bucket_sizes_444_fu_296    |  32|   0|   32|          0|
    |bucket_sizes_445_fu_300    |  32|   0|   32|          0|
    |bucket_sizes_446_fu_304    |  32|   0|   32|          0|
    |bucket_sizes_447_fu_308    |  32|   0|   32|          0|
    |bucket_sizes_448_fu_312    |  32|   0|   32|          0|
    |bucket_sizes_449_fu_316    |  32|   0|   32|          0|
    |bucket_sizes_450_fu_320    |  32|   0|   32|          0|
    |bucket_sizes_fu_260        |  32|   0|   32|          0|
    |m_fu_188                   |   5|   0|    5|          0|
    +---------------------------+----+----+-----+-----------+
    |Total                      |1064|   0| 1064|          0|
    +---------------------------+----+----+-----+-----------+



================================================================
== Interface
================================================================
* Summary: 
+-------------------------------+-----+-----+------------+--------------------------------------------------------------------------------+--------------+
|           RTL Ports           | Dir | Bits|  Protocol  |                                  Source Object                                 |    C Type    |
+-------------------------------+-----+-----+------------+--------------------------------------------------------------------------------+--------------+
|ap_clk                         |   in|    1|  ap_ctrl_hs|  radix_sort_unified_bucket_pingpong.57.1_Pipeline_bucket_pointer_initialization|  return value|
|ap_rst                         |   in|    1|  ap_ctrl_hs|  radix_sort_unified_bucket_pingpong.57.1_Pipeline_bucket_pointer_initialization|  return value|
|ap_start                       |   in|    1|  ap_ctrl_hs|  radix_sort_unified_bucket_pingpong.57.1_Pipeline_bucket_pointer_initialization|  return value|
|ap_done                        |  out|    1|  ap_ctrl_hs|  radix_sort_unified_bucket_pingpong.57.1_Pipeline_bucket_pointer_initialization|  return value|
|ap_idle                        |  out|    1|  ap_ctrl_hs|  radix_sort_unified_bucket_pingpong.57.1_Pipeline_bucket_pointer_initialization|  return value|
|ap_ready                       |  out|    1|  ap_ctrl_hs|  radix_sort_unified_bucket_pingpong.57.1_Pipeline_bucket_pointer_initialization|  return value|
|bucket_sizes_1529              |   in|   32|     ap_none|                                                               bucket_sizes_1529|        scalar|
|bucket_sizes_1528              |   in|   32|     ap_none|                                                               bucket_sizes_1528|        scalar|
|bucket_sizes_1527              |   in|   32|     ap_none|                                                               bucket_sizes_1527|        scalar|
|bucket_sizes_1526              |   in|   32|     ap_none|                                                               bucket_sizes_1526|        scalar|
|bucket_sizes_1525              |   in|   32|     ap_none|                                                               bucket_sizes_1525|        scalar|
|bucket_sizes_1524              |   in|   32|     ap_none|                                                               bucket_sizes_1524|        scalar|
|bucket_sizes_1523              |   in|   32|     ap_none|                                                               bucket_sizes_1523|        scalar|
|bucket_sizes_1522              |   in|   32|     ap_none|                                                               bucket_sizes_1522|        scalar|
|bucket_sizes_1521              |   in|   32|     ap_none|                                                               bucket_sizes_1521|        scalar|
|bucket_sizes_1520              |   in|   32|     ap_none|                                                               bucket_sizes_1520|        scalar|
|bucket_sizes_1519              |   in|   32|     ap_none|                                                               bucket_sizes_1519|        scalar|
|bucket_sizes_1518              |   in|   32|     ap_none|                                                               bucket_sizes_1518|        scalar|
|bucket_sizes_1517              |   in|   32|     ap_none|                                                               bucket_sizes_1517|        scalar|
|bucket_sizes_1516              |   in|   32|     ap_none|                                                               bucket_sizes_1516|        scalar|
|bucket_sizes_1515              |   in|   32|     ap_none|                                                               bucket_sizes_1515|        scalar|
|bucket_sizes_1498              |   in|   32|     ap_none|                                                               bucket_sizes_1498|        scalar|
|bucket_pointer_665             |   in|   32|     ap_none|                                                              bucket_pointer_665|        scalar|
|bucket_pointer_664             |   in|   32|     ap_none|                                                              bucket_pointer_664|        scalar|
|bucket_pointer_663             |   in|   32|     ap_none|                                                              bucket_pointer_663|        scalar|
|bucket_pointer_662             |   in|   32|     ap_none|                                                              bucket_pointer_662|        scalar|
|bucket_pointer_661             |   in|   32|     ap_none|                                                              bucket_pointer_661|        scalar|
|bucket_pointer_660             |   in|   32|     ap_none|                                                              bucket_pointer_660|        scalar|
|bucket_pointer_659             |   in|   32|     ap_none|                                                              bucket_pointer_659|        scalar|
|bucket_pointer_658             |   in|   32|     ap_none|                                                              bucket_pointer_658|        scalar|
|bucket_pointer_657             |   in|   32|     ap_none|                                                              bucket_pointer_657|        scalar|
|bucket_pointer_656             |   in|   32|     ap_none|                                                              bucket_pointer_656|        scalar|
|bucket_pointer_655             |   in|   32|     ap_none|                                                              bucket_pointer_655|        scalar|
|bucket_pointer_654             |   in|   32|     ap_none|                                                              bucket_pointer_654|        scalar|
|bucket_pointer_653             |   in|   32|     ap_none|                                                              bucket_pointer_653|        scalar|
|bucket_pointer_652             |   in|   32|     ap_none|                                                              bucket_pointer_652|        scalar|
|bucket_pointer_651             |   in|   32|     ap_none|                                                              bucket_pointer_651|        scalar|
|bucket_pointer                 |   in|   32|     ap_none|                                                                  bucket_pointer|        scalar|
|bucket_sizes_1546_out          |  out|   32|      ap_vld|                                                           bucket_sizes_1546_out|       pointer|
|bucket_sizes_1546_out_ap_vld   |  out|    1|      ap_vld|                                                           bucket_sizes_1546_out|       pointer|
|bucket_sizes_1545_out          |  out|   32|      ap_vld|                                                           bucket_sizes_1545_out|       pointer|
|bucket_sizes_1545_out_ap_vld   |  out|    1|      ap_vld|                                                           bucket_sizes_1545_out|       pointer|
|bucket_sizes_1544_out          |  out|   32|      ap_vld|                                                           bucket_sizes_1544_out|       pointer|
|bucket_sizes_1544_out_ap_vld   |  out|    1|      ap_vld|                                                           bucket_sizes_1544_out|       pointer|
|bucket_sizes_1543_out          |  out|   32|      ap_vld|                                                           bucket_sizes_1543_out|       pointer|
|bucket_sizes_1543_out_ap_vld   |  out|    1|      ap_vld|                                                           bucket_sizes_1543_out|       pointer|
|bucket_sizes_1542_out          |  out|   32|      ap_vld|                                                           bucket_sizes_1542_out|       pointer|
|bucket_sizes_1542_out_ap_vld   |  out|    1|      ap_vld|                                                           bucket_sizes_1542_out|       pointer|
|bucket_sizes_1541_out          |  out|   32|      ap_vld|                                                           bucket_sizes_1541_out|       pointer|
|bucket_sizes_1541_out_ap_vld   |  out|    1|      ap_vld|                                                           bucket_sizes_1541_out|       pointer|
|bucket_sizes_1540_out          |  out|   32|      ap_vld|                                                           bucket_sizes_1540_out|       pointer|
|bucket_sizes_1540_out_ap_vld   |  out|    1|      ap_vld|                                                           bucket_sizes_1540_out|       pointer|
|bucket_sizes_1539_out          |  out|   32|      ap_vld|                                                           bucket_sizes_1539_out|       pointer|
|bucket_sizes_1539_out_ap_vld   |  out|    1|      ap_vld|                                                           bucket_sizes_1539_out|       pointer|
|bucket_sizes_1538_out          |  out|   32|      ap_vld|                                                           bucket_sizes_1538_out|       pointer|
|bucket_sizes_1538_out_ap_vld   |  out|    1|      ap_vld|                                                           bucket_sizes_1538_out|       pointer|
|bucket_sizes_1537_out          |  out|   32|      ap_vld|                                                           bucket_sizes_1537_out|       pointer|
|bucket_sizes_1537_out_ap_vld   |  out|    1|      ap_vld|                                                           bucket_sizes_1537_out|       pointer|
|bucket_sizes_1536_out          |  out|   32|      ap_vld|                                                           bucket_sizes_1536_out|       pointer|
|bucket_sizes_1536_out_ap_vld   |  out|    1|      ap_vld|                                                           bucket_sizes_1536_out|       pointer|
|bucket_sizes_1535_out          |  out|   32|      ap_vld|                                                           bucket_sizes_1535_out|       pointer|
|bucket_sizes_1535_out_ap_vld   |  out|    1|      ap_vld|                                                           bucket_sizes_1535_out|       pointer|
|bucket_sizes_1534_out          |  out|   32|      ap_vld|                                                           bucket_sizes_1534_out|       pointer|
|bucket_sizes_1534_out_ap_vld   |  out|    1|      ap_vld|                                                           bucket_sizes_1534_out|       pointer|
|bucket_sizes_1533_out          |  out|   32|      ap_vld|                                                           bucket_sizes_1533_out|       pointer|
|bucket_sizes_1533_out_ap_vld   |  out|    1|      ap_vld|                                                           bucket_sizes_1533_out|       pointer|
|bucket_sizes_1532_out          |  out|   32|      ap_vld|                                                           bucket_sizes_1532_out|       pointer|
|bucket_sizes_1532_out_ap_vld   |  out|    1|      ap_vld|                                                           bucket_sizes_1532_out|       pointer|
|bucket_sizes_1531_out          |  out|   32|      ap_vld|                                                           bucket_sizes_1531_out|       pointer|
|bucket_sizes_1531_out_ap_vld   |  out|    1|      ap_vld|                                                           bucket_sizes_1531_out|       pointer|
|bucket_pointer_681_out         |  out|   32|      ap_vld|                                                          bucket_pointer_681_out|       pointer|
|bucket_pointer_681_out_ap_vld  |  out|    1|      ap_vld|                                                          bucket_pointer_681_out|       pointer|
|bucket_pointer_680_out         |  out|   32|      ap_vld|                                                          bucket_pointer_680_out|       pointer|
|bucket_pointer_680_out_ap_vld  |  out|    1|      ap_vld|                                                          bucket_pointer_680_out|       pointer|
|bucket_pointer_679_out         |  out|   32|      ap_vld|                                                          bucket_pointer_679_out|       pointer|
|bucket_pointer_679_out_ap_vld  |  out|    1|      ap_vld|                                                          bucket_pointer_679_out|       pointer|
|bucket_pointer_678_out         |  out|   32|      ap_vld|                                                          bucket_pointer_678_out|       pointer|
|bucket_pointer_678_out_ap_vld  |  out|    1|      ap_vld|                                                          bucket_pointer_678_out|       pointer|
|bucket_pointer_677_out         |  out|   32|      ap_vld|                                                          bucket_pointer_677_out|       pointer|
|bucket_pointer_677_out_ap_vld  |  out|    1|      ap_vld|                                                          bucket_pointer_677_out|       pointer|
|bucket_pointer_676_out         |  out|   32|      ap_vld|                                                          bucket_pointer_676_out|       pointer|
|bucket_pointer_676_out_ap_vld  |  out|    1|      ap_vld|                                                          bucket_pointer_676_out|       pointer|
|bucket_pointer_675_out         |  out|   32|      ap_vld|                                                          bucket_pointer_675_out|       pointer|
|bucket_pointer_675_out_ap_vld  |  out|    1|      ap_vld|                                                          bucket_pointer_675_out|       pointer|
|bucket_pointer_674_out         |  out|   32|      ap_vld|                                                          bucket_pointer_674_out|       pointer|
|bucket_pointer_674_out_ap_vld  |  out|    1|      ap_vld|                                                          bucket_pointer_674_out|       pointer|
|bucket_pointer_673_out         |  out|   32|      ap_vld|                                                          bucket_pointer_673_out|       pointer|
|bucket_pointer_673_out_ap_vld  |  out|    1|      ap_vld|                                                          bucket_pointer_673_out|       pointer|
|bucket_pointer_672_out         |  out|   32|      ap_vld|                                                          bucket_pointer_672_out|       pointer|
|bucket_pointer_672_out_ap_vld  |  out|    1|      ap_vld|                                                          bucket_pointer_672_out|       pointer|
|bucket_pointer_671_out         |  out|   32|      ap_vld|                                                          bucket_pointer_671_out|       pointer|
|bucket_pointer_671_out_ap_vld  |  out|    1|      ap_vld|                                                          bucket_pointer_671_out|       pointer|
|bucket_pointer_670_out         |  out|   32|      ap_vld|                                                          bucket_pointer_670_out|       pointer|
|bucket_pointer_670_out_ap_vld  |  out|    1|      ap_vld|                                                          bucket_pointer_670_out|       pointer|
|bucket_pointer_669_out         |  out|   32|      ap_vld|                                                          bucket_pointer_669_out|       pointer|
|bucket_pointer_669_out_ap_vld  |  out|    1|      ap_vld|                                                          bucket_pointer_669_out|       pointer|
|bucket_pointer_668_out         |  out|   32|      ap_vld|                                                          bucket_pointer_668_out|       pointer|
|bucket_pointer_668_out_ap_vld  |  out|    1|      ap_vld|                                                          bucket_pointer_668_out|       pointer|
|bucket_pointer_667_out         |  out|   32|      ap_vld|                                                          bucket_pointer_667_out|       pointer|
|bucket_pointer_667_out_ap_vld  |  out|    1|      ap_vld|                                                          bucket_pointer_667_out|       pointer|
|bucket_pointer_666_out         |  out|   32|      ap_vld|                                                          bucket_pointer_666_out|       pointer|
|bucket_pointer_666_out_ap_vld  |  out|    1|      ap_vld|                                                          bucket_pointer_666_out|       pointer|
+-------------------------------+-----+-----+------------+--------------------------------------------------------------------------------+--------------+

