

================================================================
== Vitis HLS Report for 'radix_sort_hex_batch_34_1_Pipeline_bucket_pointer_initialization'
================================================================
* Date:           Tue Apr 25 09:32:08 2023

* Version:        2022.2 (Build 3670227 on Oct 13 2022)
* Project:        sort_seperate_bucket
* Solution:       solution1 (Vivado IP Flow Target)
* Product family: virtexuplus
* Target device:  xcu280-fsvh2892-2L-e


================================================================
== Performance Estimates
================================================================
+ Timing: 
    * Summary: 
    +--------+----------+----------+------------+
    |  Clock |  Target  | Estimated| Uncertainty|
    +--------+----------+----------+------------+
    |ap_clk  |  10.00 ns|  1.760 ns|     2.70 ns|
    +--------+----------+----------+------------+

+ Latency: 
    * Summary: 
    +---------+---------+----------+----------+-----+-----+---------+
    |  Latency (cycles) |  Latency (absolute) |  Interval | Pipeline|
    |   min   |   max   |    min   |    max   | min | max |   Type  |
    +---------+---------+----------+----------+-----+-----+---------+
    |       18|       18|  0.180 us|  0.180 us|   18|   18|       no|
    +---------+---------+----------+----------+-----+-----+---------+

    + Detail: 
        * Instance: 
        N/A

        * Loop: 
        +---------------------------------+---------+---------+----------+-----------+-----------+------+----------+
        |                                 |  Latency (cycles) | Iteration|  Initiation Interval  | Trip |          |
        |            Loop Name            |   min   |   max   |  Latency |  achieved |   target  | Count| Pipelined|
        +---------------------------------+---------+---------+----------+-----------+-----------+------+----------+
        |- bucket_pointer_initialization  |       16|       16|         1|          1|          1|    16|       yes|
        +---------------------------------+---------+---------+----------+-----------+-----------+------+----------+



================================================================
== Utilization Estimates
================================================================
* Summary: 
+---------------------+---------+------+---------+---------+-----+
|         Name        | BRAM_18K|  DSP |    FF   |   LUT   | URAM|
+---------------------+---------+------+---------+---------+-----+
|DSP                  |        -|     -|        -|        -|    -|
|Expression           |        -|     -|        0|       95|    -|
|FIFO                 |        -|     -|        -|        -|    -|
|Instance             |        -|     -|        0|       65|    -|
|Memory               |        -|     -|        -|        -|    -|
|Multiplexer          |        -|     -|        -|      324|    -|
|Register             |        -|     -|     1064|        -|    -|
+---------------------+---------+------+---------+---------+-----+
|Total                |        0|     0|     1064|      484|    0|
+---------------------+---------+------+---------+---------+-----+
|Available SLR        |     1344|  3008|   869120|   434560|  320|
+---------------------+---------+------+---------+---------+-----+
|Utilization SLR (%)  |        0|     0|       ~0|       ~0|    0|
+---------------------+---------+------+---------+---------+-----+
|Available            |     4032|  9024|  2607360|  1303680|  960|
+---------------------+---------+------+---------+---------+-----+
|Utilization (%)      |        0|     0|       ~0|       ~0|    0|
+---------------------+---------+------+---------+---------+-----+

+ Detail: 
    * Instance: 
    +----------------------+----------------+---------+----+---+----+-----+
    |       Instance       |     Module     | BRAM_18K| DSP| FF| LUT| URAM|
    +----------------------+----------------+---------+----+---+----+-----+
    |mux_164_32_1_1_U6423  |mux_164_32_1_1  |        0|   0|  0|  65|    0|
    +----------------------+----------------+---------+----+---+----+-----+
    |Total                 |                |        0|   0|  0|  65|    0|
    +----------------------+----------------+---------+----+---+----+-----+

    * DSP: 
    N/A

    * Memory: 
    N/A

    * FIFO: 
    N/A

    * Expression: 
    +--------------------------------+----------+----+---+----+------------+------------+
    |          Variable Name         | Operation| DSP| FF| LUT| Bitwidth P0| Bitwidth P1|
    +--------------------------------+----------+----+---+----+------------+------------+
    |add_ln33_fu_922_p2              |         +|   0|  0|  12|           5|           1|
    |next_bucket_pointer_fu_1018_p2  |         +|   0|  0|  39|          32|          32|
    |ap_condition_505                |       and|   0|  0|   2|           1|           1|
    |ap_condition_508                |       and|   0|  0|   2|           1|           1|
    |ap_condition_511                |       and|   0|  0|   2|           1|           1|
    |ap_condition_514                |       and|   0|  0|   2|           1|           1|
    |ap_condition_517                |       and|   0|  0|   2|           1|           1|
    |ap_condition_520                |       and|   0|  0|   2|           1|           1|
    |ap_condition_523                |       and|   0|  0|   2|           1|           1|
    |ap_condition_526                |       and|   0|  0|   2|           1|           1|
    |ap_condition_529                |       and|   0|  0|   2|           1|           1|
    |ap_condition_532                |       and|   0|  0|   2|           1|           1|
    |ap_condition_535                |       and|   0|  0|   2|           1|           1|
    |ap_condition_538                |       and|   0|  0|   2|           1|           1|
    |ap_condition_541                |       and|   0|  0|   2|           1|           1|
    |ap_condition_544                |       and|   0|  0|   2|           1|           1|
    |ap_condition_547                |       and|   0|  0|   2|           1|           1|
    |ap_condition_550                |       and|   0|  0|   2|           1|           1|
    |icmp_ln33_fu_916_p2             |      icmp|   0|  0|  10|           5|           6|
    |ap_enable_pp0                   |       xor|   0|  0|   2|           1|           2|
    +--------------------------------+----------+----+---+----+------------+------------+
    |Total                           |          |   0|  0|  95|          59|          57|
    +--------------------------------+----------+----+---+----+------------+------------+

    * Multiplexer: 
    +----------------------------+----+-----------+-----+-----------+
    |            Name            | LUT| Input Size| Bits| Total Bits|
    +----------------------------+----+-----------+-----+-----------+
    |ap_done_int                 |   9|          2|    1|          2|
    |ap_enable_reg_pp0_iter1     |   9|          2|    1|          2|
    |bucket_pointer_1191_fu_192  |   9|          2|   32|         64|
    |bucket_pointer_1192_fu_196  |   9|          2|   32|         64|
    |bucket_pointer_1193_fu_200  |   9|          2|   32|         64|
    |bucket_pointer_1194_fu_204  |   9|          2|   32|         64|
    |bucket_pointer_1195_fu_208  |   9|          2|   32|         64|
    |bucket_pointer_1196_fu_212  |   9|          2|   32|         64|
    |bucket_pointer_1197_fu_216  |   9|          2|   32|         64|
    |bucket_pointer_1198_fu_220  |   9|          2|   32|         64|
    |bucket_pointer_1199_fu_224  |   9|          2|   32|         64|
    |bucket_pointer_1200_fu_228  |   9|          2|   32|         64|
    |bucket_pointer_1201_fu_232  |   9|          2|   32|         64|
    |bucket_pointer_1202_fu_236  |   9|          2|   32|         64|
    |bucket_pointer_1203_fu_240  |   9|          2|   32|         64|
    |bucket_pointer_1204_fu_244  |   9|          2|   32|         64|
    |bucket_pointer_1205_fu_248  |   9|          2|   32|         64|
    |bucket_pointer_1206_fu_252  |   9|          2|   32|         64|
    |bucket_pointer_1207_fu_256  |   9|          2|   32|         64|
    |bucket_sizes_1561_fu_264    |   9|          2|   32|         64|
    |bucket_sizes_1562_fu_268    |   9|          2|   32|         64|
    |bucket_sizes_1563_fu_272    |   9|          2|   32|         64|
    |bucket_sizes_1564_fu_276    |   9|          2|   32|         64|
    |bucket_sizes_1565_fu_280    |   9|          2|   32|         64|
    |bucket_sizes_1566_fu_284    |   9|          2|   32|         64|
    |bucket_sizes_1567_fu_288    |   9|          2|   32|         64|
    |bucket_sizes_1568_fu_292    |   9|          2|   32|         64|
    |bucket_sizes_1569_fu_296    |   9|          2|   32|         64|
    |bucket_sizes_1570_fu_300    |   9|          2|   32|         64|
    |bucket_sizes_1571_fu_304    |   9|          2|   32|         64|
    |bucket_sizes_1572_fu_308    |   9|          2|   32|         64|
    |bucket_sizes_1573_fu_312    |   9|          2|   32|         64|
    |bucket_sizes_1574_fu_316    |   9|          2|   32|         64|
    |bucket_sizes_1575_fu_320    |   9|          2|   32|         64|
    |bucket_sizes_fu_260         |   9|          2|   32|         64|
    |m_fu_188                    |   9|          2|    5|         10|
    +----------------------------+----+-----------+-----+-----------+
    |Total                       | 324|         72| 1063|       2126|
    +----------------------------+----+-----------+-----+-----------+

    * Register: 
    +----------------------------+----+----+-----+-----------+
    |            Name            | FF | LUT| Bits| Const Bits|
    +----------------------------+----+----+-----+-----------+
    |ap_CS_fsm                   |   1|   0|    1|          0|
    |ap_done_reg                 |   1|   0|    1|          0|
    |ap_enable_reg_pp0_iter1     |   1|   0|    1|          0|
    |bucket_pointer_1191_fu_192  |  32|   0|   32|          0|
    |bucket_pointer_1192_fu_196  |  32|   0|   32|          0|
    |bucket_pointer_1193_fu_200  |  32|   0|   32|          0|
    |bucket_pointer_1194_fu_204  |  32|   0|   32|          0|
    |bucket_pointer_1195_fu_208  |  32|   0|   32|          0|
    |bucket_pointer_1196_fu_212  |  32|   0|   32|          0|
    |bucket_pointer_1197_fu_216  |  32|   0|   32|          0|
    |bucket_pointer_1198_fu_220  |  32|   0|   32|          0|
    |bucket_pointer_1199_fu_224  |  32|   0|   32|          0|
    |bucket_pointer_1200_fu_228  |  32|   0|   32|          0|
    |bucket_pointer_1201_fu_232  |  32|   0|   32|          0|
    |bucket_pointer_1202_fu_236  |  32|   0|   32|          0|
    |bucket_pointer_1203_fu_240  |  32|   0|   32|          0|
    |bucket_pointer_1204_fu_244  |  32|   0|   32|          0|
    |bucket_pointer_1205_fu_248  |  32|   0|   32|          0|
    |bucket_pointer_1206_fu_252  |  32|   0|   32|          0|
    |bucket_pointer_1207_fu_256  |  32|   0|   32|          0|
    |bucket_sizes_1561_fu_264    |  32|   0|   32|          0|
    |bucket_sizes_1562_fu_268    |  32|   0|   32|          0|
    |bucket_sizes_1563_fu_272    |  32|   0|   32|          0|
    |bucket_sizes_1564_fu_276    |  32|   0|   32|          0|
    |bucket_sizes_1565_fu_280    |  32|   0|   32|          0|
    |bucket_sizes_1566_fu_284    |  32|   0|   32|          0|
    |bucket_sizes_1567_fu_288    |  32|   0|   32|          0|
    |bucket_sizes_1568_fu_292    |  32|   0|   32|          0|
    |bucket_sizes_1569_fu_296    |  32|   0|   32|          0|
    |bucket_sizes_1570_fu_300    |  32|   0|   32|          0|
    |bucket_sizes_1571_fu_304    |  32|   0|   32|          0|
    |bucket_sizes_1572_fu_308    |  32|   0|   32|          0|
    |bucket_sizes_1573_fu_312    |  32|   0|   32|          0|
    |bucket_sizes_1574_fu_316    |  32|   0|   32|          0|
    |bucket_sizes_1575_fu_320    |  32|   0|   32|          0|
    |bucket_sizes_fu_260         |  32|   0|   32|          0|
    |m_fu_188                    |   5|   0|    5|          0|
    +----------------------------+----+----+-----+-----------+
    |Total                       |1064|   0| 1064|          0|
    +----------------------------+----+----+-----+-----------+



================================================================
== Interface
================================================================
* Summary: 
+--------------------------------+-----+-----+------------+------------------------------------------------------------------+--------------+
|            RTL Ports           | Dir | Bits|  Protocol  |                           Source Object                          |    C Type    |
+--------------------------------+-----+-----+------------+------------------------------------------------------------------+--------------+
|ap_clk                          |   in|    1|  ap_ctrl_hs|  radix_sort_hex_batch.34.1_Pipeline_bucket_pointer_initialization|  return value|
|ap_rst                          |   in|    1|  ap_ctrl_hs|  radix_sort_hex_batch.34.1_Pipeline_bucket_pointer_initialization|  return value|
|ap_start                        |   in|    1|  ap_ctrl_hs|  radix_sort_hex_batch.34.1_Pipeline_bucket_pointer_initialization|  return value|
|ap_done                         |  out|    1|  ap_ctrl_hs|  radix_sort_hex_batch.34.1_Pipeline_bucket_pointer_initialization|  return value|
|ap_idle                         |  out|    1|  ap_ctrl_hs|  radix_sort_hex_batch.34.1_Pipeline_bucket_pointer_initialization|  return value|
|ap_ready                        |  out|    1|  ap_ctrl_hs|  radix_sort_hex_batch.34.1_Pipeline_bucket_pointer_initialization|  return value|
|bucket_sizes_5155               |   in|   32|     ap_none|                                                 bucket_sizes_5155|        scalar|
|bucket_sizes_5154               |   in|   32|     ap_none|                                                 bucket_sizes_5154|        scalar|
|bucket_sizes_5153               |   in|   32|     ap_none|                                                 bucket_sizes_5153|        scalar|
|bucket_sizes_5152               |   in|   32|     ap_none|                                                 bucket_sizes_5152|        scalar|
|bucket_sizes_5151               |   in|   32|     ap_none|                                                 bucket_sizes_5151|        scalar|
|bucket_sizes_5150               |   in|   32|     ap_none|                                                 bucket_sizes_5150|        scalar|
|bucket_sizes_5149               |   in|   32|     ap_none|                                                 bucket_sizes_5149|        scalar|
|bucket_sizes_5148               |   in|   32|     ap_none|                                                 bucket_sizes_5148|        scalar|
|bucket_sizes_5147               |   in|   32|     ap_none|                                                 bucket_sizes_5147|        scalar|
|bucket_sizes_5146               |   in|   32|     ap_none|                                                 bucket_sizes_5146|        scalar|
|bucket_sizes_5145               |   in|   32|     ap_none|                                                 bucket_sizes_5145|        scalar|
|bucket_sizes_5144               |   in|   32|     ap_none|                                                 bucket_sizes_5144|        scalar|
|bucket_sizes_5143               |   in|   32|     ap_none|                                                 bucket_sizes_5143|        scalar|
|bucket_sizes_5142               |   in|   32|     ap_none|                                                 bucket_sizes_5142|        scalar|
|bucket_sizes_5141               |   in|   32|     ap_none|                                                 bucket_sizes_5141|        scalar|
|bucket_sizes_5140               |   in|   32|     ap_none|                                                 bucket_sizes_5140|        scalar|
|bucket_pointer_2290             |   in|   32|     ap_none|                                               bucket_pointer_2290|        scalar|
|bucket_pointer_2289             |   in|   32|     ap_none|                                               bucket_pointer_2289|        scalar|
|bucket_pointer_2288             |   in|   32|     ap_none|                                               bucket_pointer_2288|        scalar|
|bucket_pointer_2287             |   in|   32|     ap_none|                                               bucket_pointer_2287|        scalar|
|bucket_pointer_2286             |   in|   32|     ap_none|                                               bucket_pointer_2286|        scalar|
|bucket_pointer_2285             |   in|   32|     ap_none|                                               bucket_pointer_2285|        scalar|
|bucket_pointer_2284             |   in|   32|     ap_none|                                               bucket_pointer_2284|        scalar|
|bucket_pointer_2283             |   in|   32|     ap_none|                                               bucket_pointer_2283|        scalar|
|bucket_pointer_2282             |   in|   32|     ap_none|                                               bucket_pointer_2282|        scalar|
|bucket_pointer_2281             |   in|   32|     ap_none|                                               bucket_pointer_2281|        scalar|
|bucket_pointer_2280             |   in|   32|     ap_none|                                               bucket_pointer_2280|        scalar|
|bucket_pointer_2279             |   in|   32|     ap_none|                                               bucket_pointer_2279|        scalar|
|bucket_pointer_2278             |   in|   32|     ap_none|                                               bucket_pointer_2278|        scalar|
|bucket_pointer_2277             |   in|   32|     ap_none|                                               bucket_pointer_2277|        scalar|
|bucket_pointer_2276             |   in|   32|     ap_none|                                               bucket_pointer_2276|        scalar|
|bucket_pointer                  |   in|   32|     ap_none|                                                    bucket_pointer|        scalar|
|bucket_sizes_5171_out           |  out|   32|      ap_vld|                                             bucket_sizes_5171_out|       pointer|
|bucket_sizes_5171_out_ap_vld    |  out|    1|      ap_vld|                                             bucket_sizes_5171_out|       pointer|
|bucket_sizes_5170_out           |  out|   32|      ap_vld|                                             bucket_sizes_5170_out|       pointer|
|bucket_sizes_5170_out_ap_vld    |  out|    1|      ap_vld|                                             bucket_sizes_5170_out|       pointer|
|bucket_sizes_5169_out           |  out|   32|      ap_vld|                                             bucket_sizes_5169_out|       pointer|
|bucket_sizes_5169_out_ap_vld    |  out|    1|      ap_vld|                                             bucket_sizes_5169_out|       pointer|
|bucket_sizes_5168_out           |  out|   32|      ap_vld|                                             bucket_sizes_5168_out|       pointer|
|bucket_sizes_5168_out_ap_vld    |  out|    1|      ap_vld|                                             bucket_sizes_5168_out|       pointer|
|bucket_sizes_5167_out           |  out|   32|      ap_vld|                                             bucket_sizes_5167_out|       pointer|
|bucket_sizes_5167_out_ap_vld    |  out|    1|      ap_vld|                                             bucket_sizes_5167_out|       pointer|
|bucket_sizes_5166_out           |  out|   32|      ap_vld|                                             bucket_sizes_5166_out|       pointer|
|bucket_sizes_5166_out_ap_vld    |  out|    1|      ap_vld|                                             bucket_sizes_5166_out|       pointer|
|bucket_sizes_5165_out           |  out|   32|      ap_vld|                                             bucket_sizes_5165_out|       pointer|
|bucket_sizes_5165_out_ap_vld    |  out|    1|      ap_vld|                                             bucket_sizes_5165_out|       pointer|
|bucket_sizes_5164_out           |  out|   32|      ap_vld|                                             bucket_sizes_5164_out|       pointer|
|bucket_sizes_5164_out_ap_vld    |  out|    1|      ap_vld|                                             bucket_sizes_5164_out|       pointer|
|bucket_sizes_5163_out           |  out|   32|      ap_vld|                                             bucket_sizes_5163_out|       pointer|
|bucket_sizes_5163_out_ap_vld    |  out|    1|      ap_vld|                                             bucket_sizes_5163_out|       pointer|
|bucket_sizes_5162_out           |  out|   32|      ap_vld|                                             bucket_sizes_5162_out|       pointer|
|bucket_sizes_5162_out_ap_vld    |  out|    1|      ap_vld|                                             bucket_sizes_5162_out|       pointer|
|bucket_sizes_5161_out           |  out|   32|      ap_vld|                                             bucket_sizes_5161_out|       pointer|
|bucket_sizes_5161_out_ap_vld    |  out|    1|      ap_vld|                                             bucket_sizes_5161_out|       pointer|
|bucket_sizes_5160_out           |  out|   32|      ap_vld|                                             bucket_sizes_5160_out|       pointer|
|bucket_sizes_5160_out_ap_vld    |  out|    1|      ap_vld|                                             bucket_sizes_5160_out|       pointer|
|bucket_sizes_5159_out           |  out|   32|      ap_vld|                                             bucket_sizes_5159_out|       pointer|
|bucket_sizes_5159_out_ap_vld    |  out|    1|      ap_vld|                                             bucket_sizes_5159_out|       pointer|
|bucket_sizes_5158_out           |  out|   32|      ap_vld|                                             bucket_sizes_5158_out|       pointer|
|bucket_sizes_5158_out_ap_vld    |  out|    1|      ap_vld|                                             bucket_sizes_5158_out|       pointer|
|bucket_sizes_5157_out           |  out|   32|      ap_vld|                                             bucket_sizes_5157_out|       pointer|
|bucket_sizes_5157_out_ap_vld    |  out|    1|      ap_vld|                                             bucket_sizes_5157_out|       pointer|
|bucket_sizes_5156_out           |  out|   32|      ap_vld|                                             bucket_sizes_5156_out|       pointer|
|bucket_sizes_5156_out_ap_vld    |  out|    1|      ap_vld|                                             bucket_sizes_5156_out|       pointer|
|bucket_pointer_2306_out         |  out|   32|      ap_vld|                                           bucket_pointer_2306_out|       pointer|
|bucket_pointer_2306_out_ap_vld  |  out|    1|      ap_vld|                                           bucket_pointer_2306_out|       pointer|
|bucket_pointer_2305_out         |  out|   32|      ap_vld|                                           bucket_pointer_2305_out|       pointer|
|bucket_pointer_2305_out_ap_vld  |  out|    1|      ap_vld|                                           bucket_pointer_2305_out|       pointer|
|bucket_pointer_2304_out         |  out|   32|      ap_vld|                                           bucket_pointer_2304_out|       pointer|
|bucket_pointer_2304_out_ap_vld  |  out|    1|      ap_vld|                                           bucket_pointer_2304_out|       pointer|
|bucket_pointer_2303_out         |  out|   32|      ap_vld|                                           bucket_pointer_2303_out|       pointer|
|bucket_pointer_2303_out_ap_vld  |  out|    1|      ap_vld|                                           bucket_pointer_2303_out|       pointer|
|bucket_pointer_2302_out         |  out|   32|      ap_vld|                                           bucket_pointer_2302_out|       pointer|
|bucket_pointer_2302_out_ap_vld  |  out|    1|      ap_vld|                                           bucket_pointer_2302_out|       pointer|
|bucket_pointer_2301_out         |  out|   32|      ap_vld|                                           bucket_pointer_2301_out|       pointer|
|bucket_pointer_2301_out_ap_vld  |  out|    1|      ap_vld|                                           bucket_pointer_2301_out|       pointer|
|bucket_pointer_2300_out         |  out|   32|      ap_vld|                                           bucket_pointer_2300_out|       pointer|
|bucket_pointer_2300_out_ap_vld  |  out|    1|      ap_vld|                                           bucket_pointer_2300_out|       pointer|
|bucket_pointer_2299_out         |  out|   32|      ap_vld|                                           bucket_pointer_2299_out|       pointer|
|bucket_pointer_2299_out_ap_vld  |  out|    1|      ap_vld|                                           bucket_pointer_2299_out|       pointer|
|bucket_pointer_2298_out         |  out|   32|      ap_vld|                                           bucket_pointer_2298_out|       pointer|
|bucket_pointer_2298_out_ap_vld  |  out|    1|      ap_vld|                                           bucket_pointer_2298_out|       pointer|
|bucket_pointer_2297_out         |  out|   32|      ap_vld|                                           bucket_pointer_2297_out|       pointer|
|bucket_pointer_2297_out_ap_vld  |  out|    1|      ap_vld|                                           bucket_pointer_2297_out|       pointer|
|bucket_pointer_2296_out         |  out|   32|      ap_vld|                                           bucket_pointer_2296_out|       pointer|
|bucket_pointer_2296_out_ap_vld  |  out|    1|      ap_vld|                                           bucket_pointer_2296_out|       pointer|
|bucket_pointer_2295_out         |  out|   32|      ap_vld|                                           bucket_pointer_2295_out|       pointer|
|bucket_pointer_2295_out_ap_vld  |  out|    1|      ap_vld|                                           bucket_pointer_2295_out|       pointer|
|bucket_pointer_2294_out         |  out|   32|      ap_vld|                                           bucket_pointer_2294_out|       pointer|
|bucket_pointer_2294_out_ap_vld  |  out|    1|      ap_vld|                                           bucket_pointer_2294_out|       pointer|
|bucket_pointer_2293_out         |  out|   32|      ap_vld|                                           bucket_pointer_2293_out|       pointer|
|bucket_pointer_2293_out_ap_vld  |  out|    1|      ap_vld|                                           bucket_pointer_2293_out|       pointer|
|bucket_pointer_2292_out         |  out|   32|      ap_vld|                                           bucket_pointer_2292_out|       pointer|
|bucket_pointer_2292_out_ap_vld  |  out|    1|      ap_vld|                                           bucket_pointer_2292_out|       pointer|
|bucket_pointer_2291_out         |  out|   32|      ap_vld|                                           bucket_pointer_2291_out|       pointer|
|bucket_pointer_2291_out_ap_vld  |  out|    1|      ap_vld|                                           bucket_pointer_2291_out|       pointer|
+--------------------------------+-----+-----+------------+------------------------------------------------------------------+--------------+

