

================================================================
== Vitis HLS Report for 'radix_sort_hex_batch_15_1_Pipeline_input_bucket'
================================================================
* Date:           Tue Apr 25 09:31:03 2023

* Version:        2022.2 (Build 3670227 on Oct 13 2022)
* Project:        sort_seperate_bucket
* Solution:       solution1 (Vivado IP Flow Target)
* Product family: virtexuplus
* Target device:  xcu280-fsvh2892-2L-e


================================================================
== Performance Estimates
================================================================
+ Timing: 
    * Summary: 
    +--------+----------+----------+------------+
    |  Clock |  Target  | Estimated| Uncertainty|
    +--------+----------+----------+------------+
    |ap_clk  |  10.00 ns|  5.044 ns|     2.70 ns|
    +--------+----------+----------+------------+

+ Latency: 
    * Summary: 
    +---------+---------+----------+----------+-------+-------+---------+
    |  Latency (cycles) |  Latency (absolute) |    Interval   | Pipeline|
    |   min   |   max   |    min   |    max   |  min  |  max  |   Type  |
    +---------+---------+----------+----------+-------+-------+---------+
    |    15627|    15627|  0.156 ms|  0.156 ms|  15627|  15627|       no|
    +---------+---------+----------+----------+-------+-------+---------+

    + Detail: 
        * Instance: 
        N/A

        * Loop: 
        +----------------+---------+---------+----------+-----------+-----------+-------+----------+
        |                |  Latency (cycles) | Iteration|  Initiation Interval  |  Trip |          |
        |    Loop Name   |   min   |   max   |  Latency |  achieved |   target  | Count | Pipelined|
        +----------------+---------+---------+----------+-----------+-----------+-------+----------+
        |- input_bucket  |    15625|    15625|         2|          1|          1|  15625|       yes|
        +----------------+---------+---------+----------+-----------+-----------+-------+----------+



================================================================
== Utilization Estimates
================================================================
* Summary: 
+---------------------+---------+------+---------+---------+-----+
|         Name        | BRAM_18K|  DSP |    FF   |   LUT   | URAM|
+---------------------+---------+------+---------+---------+-----+
|DSP                  |        -|     -|        -|        -|    -|
|Expression           |        -|     -|        0|      310|    -|
|FIFO                 |        -|     -|        -|        -|    -|
|Instance             |        -|     -|        0|      130|    -|
|Memory               |        -|     -|        -|        -|    -|
|Multiplexer          |        -|     -|        -|      502|    -|
|Register             |        -|     -|      133|        -|    -|
+---------------------+---------+------+---------+---------+-----+
|Total                |        0|     0|      133|      942|    0|
+---------------------+---------+------+---------+---------+-----+
|Available SLR        |     1344|  3008|   869120|   434560|  320|
+---------------------+---------+------+---------+---------+-----+
|Utilization SLR (%)  |        0|     0|       ~0|       ~0|    0|
+---------------------+---------+------+---------+---------+-----+
|Available            |     4032|  9024|  2607360|  1303680|  960|
+---------------------+---------+------+---------+---------+-----+
|Utilization (%)      |        0|     0|       ~0|       ~0|    0|
+---------------------+---------+------+---------+---------+-----+

+ Detail: 
    * Instance: 
    +----------------------+----------------+---------+----+---+----+-----+
    |       Instance       |     Module     | BRAM_18K| DSP| FF| LUT| URAM|
    +----------------------+----------------+---------+----+---+----+-----+
    |mux_164_32_1_1_U2821  |mux_164_32_1_1  |        0|   0|  0|  65|    0|
    |mux_164_32_1_1_U2822  |mux_164_32_1_1  |        0|   0|  0|  65|    0|
    +----------------------+----------------+---------+----+---+----+-----+
    |Total                 |                |        0|   0|  0| 130|    0|
    +----------------------+----------------+---------+----+---+----+-----+

    * DSP: 
    N/A

    * Memory: 
    N/A

    * FIFO: 
    N/A

    * Expression: 
    +--------------------------+----------+----+---+----+------------+------------+
    |       Variable Name      | Operation| DSP| FF| LUT| Bitwidth P0| Bitwidth P1|
    +--------------------------+----------+----+---+----+------------+------------+
    |add_ln40_fu_675_p2        |         +|   0|  0|  21|          14|           1|
    |add_ln41_fu_685_p2        |         +|   0|  0|  22|          15|          15|
    |add_ln43_fu_836_p2        |         +|   0|  0|  22|          15|          15|
    |bucket_pointer_fu_856_p2  |         +|   0|  0|  39|          32|           1|
    |bucket_sizes_fu_1070_p2   |         +|   0|  0|  39|          32|           1|
    |shifted_fu_785_p2         |      ashr|   0|  0|  92|          32|          32|
    |addr_cmp_fu_771_p2        |      icmp|   0|  0|  29|          64|          64|
    |icmp_ln40_fu_669_p2       |      icmp|   0|  0|  12|          14|          11|
    |reuse_select_fu_776_p3    |    select|   0|  0|  32|           1|          32|
    |ap_enable_pp0             |       xor|   0|  0|   2|           1|           2|
    +--------------------------+----------+----+---+----+------------+------------+
    |Total                     |          |   0|  0| 310|         220|         174|
    +--------------------------+----------+----+---+----+------------+------------+

    * Multiplexer: 
    +---------------------------+----+-----------+-----+-----------+
    |            Name           | LUT| Input Size| Bits| Total Bits|
    +---------------------------+----+-----------+-----+-----------+
    |ap_done_int                |   9|          2|    1|          2|
    |ap_enable_reg_pp0_iter1    |   9|          2|    1|          2|
    |ap_sig_allocacmp_j         |   9|          2|   14|         28|
    |bucket_pointer_3673_out_o  |  14|          3|   32|         96|
    |bucket_pointer_3674_out_o  |  14|          3|   32|         96|
    |bucket_pointer_3675_out_o  |  14|          3|   32|         96|
    |bucket_pointer_3676_out_o  |  14|          3|   32|         96|
    |bucket_pointer_3677_out_o  |  14|          3|   32|         96|
    |bucket_pointer_3678_out_o  |  14|          3|   32|         96|
    |bucket_pointer_3679_out_o  |  14|          3|   32|         96|
    |bucket_pointer_3680_out_o  |  14|          3|   32|         96|
    |bucket_pointer_3681_out_o  |  14|          3|   32|         96|
    |bucket_pointer_3682_out_o  |  14|          3|   32|         96|
    |bucket_pointer_3683_out_o  |  14|          3|   32|         96|
    |bucket_pointer_3684_out_o  |  14|          3|   32|         96|
    |bucket_pointer_3685_out_o  |  14|          3|   32|         96|
    |bucket_pointer_3686_out_o  |  14|          3|   32|         96|
    |bucket_pointer_3687_out_o  |  14|          3|   32|         96|
    |bucket_pointer_3688_out_o  |  14|          3|   32|         96|
    |bucket_sizes_8233_out_o    |  14|          3|   32|         96|
    |bucket_sizes_8234_out_o    |  14|          3|   32|         96|
    |bucket_sizes_8235_out_o    |  14|          3|   32|         96|
    |bucket_sizes_8236_out_o    |  14|          3|   32|         96|
    |bucket_sizes_8237_out_o    |  14|          3|   32|         96|
    |bucket_sizes_8238_out_o    |  14|          3|   32|         96|
    |bucket_sizes_8239_out_o    |  14|          3|   32|         96|
    |bucket_sizes_8240_out_o    |  14|          3|   32|         96|
    |bucket_sizes_8241_out_o    |  14|          3|   32|         96|
    |bucket_sizes_8242_out_o    |  14|          3|   32|         96|
    |bucket_sizes_8243_out_o    |  14|          3|   32|         96|
    |bucket_sizes_8244_out_o    |  14|          3|   32|         96|
    |bucket_sizes_8245_out_o    |  14|          3|   32|         96|
    |bucket_sizes_8246_out_o    |  14|          3|   32|         96|
    |bucket_sizes_8247_out_o    |  14|          3|   32|         96|
    |bucket_sizes_8248_out_o    |  14|          3|   32|         96|
    |j_57_fu_216                |   9|          2|   14|         28|
    |reuse_addr_reg_fu_208      |   9|          2|   64|        128|
    |reuse_reg_fu_212           |   9|          2|   32|         64|
    +---------------------------+----+-----------+-----+-----------+
    |Total                      | 502|        108| 1150|       3324|
    +---------------------------+----+-----------+-----+-----------+

    * Register: 
    +--------------------------+----+----+-----+-----------+
    |           Name           | FF | LUT| Bits| Const Bits|
    +--------------------------+----+----+-----+-----------+
    |ap_CS_fsm                 |   1|   0|    1|          0|
    |ap_done_reg               |   1|   0|    1|          0|
    |ap_enable_reg_pp0_iter1   |   1|   0|    1|          0|
    |j_57_fu_216               |  14|   0|   14|          0|
    |mul_cast_i_cast_reg_1198  |   5|   0|   32|         27|
    |reuse_addr_reg_fu_208     |  64|   0|   64|          0|
    |reuse_reg_fu_212          |  32|   0|   32|          0|
    |zext_ln41_57_reg_1206     |  15|   0|   64|         49|
    +--------------------------+----+----+-----+-----------+
    |Total                     | 133|   0|  209|         76|
    +--------------------------+----+----+-----+-----------+



================================================================
== Interface
================================================================
* Summary: 
+----------------------------------+-----+-----+------------+-------------------------------------------------+--------------+
|             RTL Ports            | Dir | Bits|  Protocol  |                  Source Object                  |    C Type    |
+----------------------------------+-----+-----+------------+-------------------------------------------------+--------------+
|ap_clk                            |   in|    1|  ap_ctrl_hs|  radix_sort_hex_batch.15.1_Pipeline_input_bucket|  return value|
|ap_rst                            |   in|    1|  ap_ctrl_hs|  radix_sort_hex_batch.15.1_Pipeline_input_bucket|  return value|
|ap_start                          |   in|    1|  ap_ctrl_hs|  radix_sort_hex_batch.15.1_Pipeline_input_bucket|  return value|
|ap_done                           |  out|    1|  ap_ctrl_hs|  radix_sort_hex_batch.15.1_Pipeline_input_bucket|  return value|
|ap_idle                           |  out|    1|  ap_ctrl_hs|  radix_sort_hex_batch.15.1_Pipeline_input_bucket|  return value|
|ap_ready                          |  out|    1|  ap_ctrl_hs|  radix_sort_hex_batch.15.1_Pipeline_input_bucket|  return value|
|bucket_sizes_8216_reload          |   in|   32|     ap_none|                         bucket_sizes_8216_reload|        scalar|
|bucket_sizes_8215_reload          |   in|   32|     ap_none|                         bucket_sizes_8215_reload|        scalar|
|bucket_sizes_8214_reload          |   in|   32|     ap_none|                         bucket_sizes_8214_reload|        scalar|
|bucket_sizes_8213_reload          |   in|   32|     ap_none|                         bucket_sizes_8213_reload|        scalar|
|bucket_sizes_8212_reload          |   in|   32|     ap_none|                         bucket_sizes_8212_reload|        scalar|
|bucket_sizes_8211_reload          |   in|   32|     ap_none|                         bucket_sizes_8211_reload|        scalar|
|bucket_sizes_8210_reload          |   in|   32|     ap_none|                         bucket_sizes_8210_reload|        scalar|
|bucket_sizes_8209_reload          |   in|   32|     ap_none|                         bucket_sizes_8209_reload|        scalar|
|bucket_sizes_8208_reload          |   in|   32|     ap_none|                         bucket_sizes_8208_reload|        scalar|
|bucket_sizes_8207_reload          |   in|   32|     ap_none|                         bucket_sizes_8207_reload|        scalar|
|bucket_sizes_8206_reload          |   in|   32|     ap_none|                         bucket_sizes_8206_reload|        scalar|
|bucket_sizes_8205_reload          |   in|   32|     ap_none|                         bucket_sizes_8205_reload|        scalar|
|bucket_sizes_8204_reload          |   in|   32|     ap_none|                         bucket_sizes_8204_reload|        scalar|
|bucket_sizes_8203_reload          |   in|   32|     ap_none|                         bucket_sizes_8203_reload|        scalar|
|bucket_sizes_8202_reload          |   in|   32|     ap_none|                         bucket_sizes_8202_reload|        scalar|
|bucket_sizes_8201_reload          |   in|   32|     ap_none|                         bucket_sizes_8201_reload|        scalar|
|bucket_pointer_3671_reload        |   in|   32|     ap_none|                       bucket_pointer_3671_reload|        scalar|
|bucket_pointer_3670_reload        |   in|   32|     ap_none|                       bucket_pointer_3670_reload|        scalar|
|bucket_pointer_3669_reload        |   in|   32|     ap_none|                       bucket_pointer_3669_reload|        scalar|
|bucket_pointer_3668_reload        |   in|   32|     ap_none|                       bucket_pointer_3668_reload|        scalar|
|bucket_pointer_3667_reload        |   in|   32|     ap_none|                       bucket_pointer_3667_reload|        scalar|
|bucket_pointer_3666_reload        |   in|   32|     ap_none|                       bucket_pointer_3666_reload|        scalar|
|bucket_pointer_3665_reload        |   in|   32|     ap_none|                       bucket_pointer_3665_reload|        scalar|
|bucket_pointer_3664_reload        |   in|   32|     ap_none|                       bucket_pointer_3664_reload|        scalar|
|bucket_pointer_3663_reload        |   in|   32|     ap_none|                       bucket_pointer_3663_reload|        scalar|
|bucket_pointer_3662_reload        |   in|   32|     ap_none|                       bucket_pointer_3662_reload|        scalar|
|bucket_pointer_3661_reload        |   in|   32|     ap_none|                       bucket_pointer_3661_reload|        scalar|
|bucket_pointer_3660_reload        |   in|   32|     ap_none|                       bucket_pointer_3660_reload|        scalar|
|bucket_pointer_3659_reload        |   in|   32|     ap_none|                       bucket_pointer_3659_reload|        scalar|
|bucket_pointer_3658_reload        |   in|   32|     ap_none|                       bucket_pointer_3658_reload|        scalar|
|bucket_pointer_3657_reload        |   in|   32|     ap_none|                       bucket_pointer_3657_reload|        scalar|
|bucket_pointer_3656_reload        |   in|   32|     ap_none|                       bucket_pointer_3656_reload|        scalar|
|mul_ln41                          |   in|   15|     ap_none|                                         mul_ln41|        scalar|
|bucket_address0                   |  out|   15|   ap_memory|                                           bucket|         array|
|bucket_ce0                        |  out|    1|   ap_memory|                                           bucket|         array|
|bucket_we0                        |  out|    1|   ap_memory|                                           bucket|         array|
|bucket_d0                         |  out|   32|   ap_memory|                                           bucket|         array|
|bucket_address1                   |  out|   15|   ap_memory|                                           bucket|         array|
|bucket_ce1                        |  out|    1|   ap_memory|                                           bucket|         array|
|bucket_q1                         |   in|   32|   ap_memory|                                           bucket|         array|
|mul_cast_i                        |   in|    5|     ap_none|                                       mul_cast_i|        scalar|
|mul_ln43                          |   in|   15|     ap_none|                                         mul_ln43|        scalar|
|bucket_sizes_8248_out_i           |   in|   32|     ap_ovld|                            bucket_sizes_8248_out|       pointer|
|bucket_sizes_8248_out_o           |  out|   32|     ap_ovld|                            bucket_sizes_8248_out|       pointer|
|bucket_sizes_8248_out_o_ap_vld    |  out|    1|     ap_ovld|                            bucket_sizes_8248_out|       pointer|
|bucket_sizes_8247_out_i           |   in|   32|     ap_ovld|                            bucket_sizes_8247_out|       pointer|
|bucket_sizes_8247_out_o           |  out|   32|     ap_ovld|                            bucket_sizes_8247_out|       pointer|
|bucket_sizes_8247_out_o_ap_vld    |  out|    1|     ap_ovld|                            bucket_sizes_8247_out|       pointer|
|bucket_sizes_8246_out_i           |   in|   32|     ap_ovld|                            bucket_sizes_8246_out|       pointer|
|bucket_sizes_8246_out_o           |  out|   32|     ap_ovld|                            bucket_sizes_8246_out|       pointer|
|bucket_sizes_8246_out_o_ap_vld    |  out|    1|     ap_ovld|                            bucket_sizes_8246_out|       pointer|
|bucket_sizes_8245_out_i           |   in|   32|     ap_ovld|                            bucket_sizes_8245_out|       pointer|
|bucket_sizes_8245_out_o           |  out|   32|     ap_ovld|                            bucket_sizes_8245_out|       pointer|
|bucket_sizes_8245_out_o_ap_vld    |  out|    1|     ap_ovld|                            bucket_sizes_8245_out|       pointer|
|bucket_sizes_8244_out_i           |   in|   32|     ap_ovld|                            bucket_sizes_8244_out|       pointer|
|bucket_sizes_8244_out_o           |  out|   32|     ap_ovld|                            bucket_sizes_8244_out|       pointer|
|bucket_sizes_8244_out_o_ap_vld    |  out|    1|     ap_ovld|                            bucket_sizes_8244_out|       pointer|
|bucket_sizes_8243_out_i           |   in|   32|     ap_ovld|                            bucket_sizes_8243_out|       pointer|
|bucket_sizes_8243_out_o           |  out|   32|     ap_ovld|                            bucket_sizes_8243_out|       pointer|
|bucket_sizes_8243_out_o_ap_vld    |  out|    1|     ap_ovld|                            bucket_sizes_8243_out|       pointer|
|bucket_sizes_8242_out_i           |   in|   32|     ap_ovld|                            bucket_sizes_8242_out|       pointer|
|bucket_sizes_8242_out_o           |  out|   32|     ap_ovld|                            bucket_sizes_8242_out|       pointer|
|bucket_sizes_8242_out_o_ap_vld    |  out|    1|     ap_ovld|                            bucket_sizes_8242_out|       pointer|
|bucket_sizes_8241_out_i           |   in|   32|     ap_ovld|                            bucket_sizes_8241_out|       pointer|
|bucket_sizes_8241_out_o           |  out|   32|     ap_ovld|                            bucket_sizes_8241_out|       pointer|
|bucket_sizes_8241_out_o_ap_vld    |  out|    1|     ap_ovld|                            bucket_sizes_8241_out|       pointer|
|bucket_sizes_8240_out_i           |   in|   32|     ap_ovld|                            bucket_sizes_8240_out|       pointer|
|bucket_sizes_8240_out_o           |  out|   32|     ap_ovld|                            bucket_sizes_8240_out|       pointer|
|bucket_sizes_8240_out_o_ap_vld    |  out|    1|     ap_ovld|                            bucket_sizes_8240_out|       pointer|
|bucket_sizes_8239_out_i           |   in|   32|     ap_ovld|                            bucket_sizes_8239_out|       pointer|
|bucket_sizes_8239_out_o           |  out|   32|     ap_ovld|                            bucket_sizes_8239_out|       pointer|
|bucket_sizes_8239_out_o_ap_vld    |  out|    1|     ap_ovld|                            bucket_sizes_8239_out|       pointer|
|bucket_sizes_8238_out_i           |   in|   32|     ap_ovld|                            bucket_sizes_8238_out|       pointer|
|bucket_sizes_8238_out_o           |  out|   32|     ap_ovld|                            bucket_sizes_8238_out|       pointer|
|bucket_sizes_8238_out_o_ap_vld    |  out|    1|     ap_ovld|                            bucket_sizes_8238_out|       pointer|
|bucket_sizes_8237_out_i           |   in|   32|     ap_ovld|                            bucket_sizes_8237_out|       pointer|
|bucket_sizes_8237_out_o           |  out|   32|     ap_ovld|                            bucket_sizes_8237_out|       pointer|
|bucket_sizes_8237_out_o_ap_vld    |  out|    1|     ap_ovld|                            bucket_sizes_8237_out|       pointer|
|bucket_sizes_8236_out_i           |   in|   32|     ap_ovld|                            bucket_sizes_8236_out|       pointer|
|bucket_sizes_8236_out_o           |  out|   32|     ap_ovld|                            bucket_sizes_8236_out|       pointer|
|bucket_sizes_8236_out_o_ap_vld    |  out|    1|     ap_ovld|                            bucket_sizes_8236_out|       pointer|
|bucket_sizes_8235_out_i           |   in|   32|     ap_ovld|                            bucket_sizes_8235_out|       pointer|
|bucket_sizes_8235_out_o           |  out|   32|     ap_ovld|                            bucket_sizes_8235_out|       pointer|
|bucket_sizes_8235_out_o_ap_vld    |  out|    1|     ap_ovld|                            bucket_sizes_8235_out|       pointer|
|bucket_sizes_8234_out_i           |   in|   32|     ap_ovld|                            bucket_sizes_8234_out|       pointer|
|bucket_sizes_8234_out_o           |  out|   32|     ap_ovld|                            bucket_sizes_8234_out|       pointer|
|bucket_sizes_8234_out_o_ap_vld    |  out|    1|     ap_ovld|                            bucket_sizes_8234_out|       pointer|
|bucket_sizes_8233_out_i           |   in|   32|     ap_ovld|                            bucket_sizes_8233_out|       pointer|
|bucket_sizes_8233_out_o           |  out|   32|     ap_ovld|                            bucket_sizes_8233_out|       pointer|
|bucket_sizes_8233_out_o_ap_vld    |  out|    1|     ap_ovld|                            bucket_sizes_8233_out|       pointer|
|bucket_pointer_3688_out_i         |   in|   32|     ap_ovld|                          bucket_pointer_3688_out|       pointer|
|bucket_pointer_3688_out_o         |  out|   32|     ap_ovld|                          bucket_pointer_3688_out|       pointer|
|bucket_pointer_3688_out_o_ap_vld  |  out|    1|     ap_ovld|                          bucket_pointer_3688_out|       pointer|
|bucket_pointer_3687_out_i         |   in|   32|     ap_ovld|                          bucket_pointer_3687_out|       pointer|
|bucket_pointer_3687_out_o         |  out|   32|     ap_ovld|                          bucket_pointer_3687_out|       pointer|
|bucket_pointer_3687_out_o_ap_vld  |  out|    1|     ap_ovld|                          bucket_pointer_3687_out|       pointer|
|bucket_pointer_3686_out_i         |   in|   32|     ap_ovld|                          bucket_pointer_3686_out|       pointer|
|bucket_pointer_3686_out_o         |  out|   32|     ap_ovld|                          bucket_pointer_3686_out|       pointer|
|bucket_pointer_3686_out_o_ap_vld  |  out|    1|     ap_ovld|                          bucket_pointer_3686_out|       pointer|
|bucket_pointer_3685_out_i         |   in|   32|     ap_ovld|                          bucket_pointer_3685_out|       pointer|
|bucket_pointer_3685_out_o         |  out|   32|     ap_ovld|                          bucket_pointer_3685_out|       pointer|
|bucket_pointer_3685_out_o_ap_vld  |  out|    1|     ap_ovld|                          bucket_pointer_3685_out|       pointer|
|bucket_pointer_3684_out_i         |   in|   32|     ap_ovld|                          bucket_pointer_3684_out|       pointer|
|bucket_pointer_3684_out_o         |  out|   32|     ap_ovld|                          bucket_pointer_3684_out|       pointer|
|bucket_pointer_3684_out_o_ap_vld  |  out|    1|     ap_ovld|                          bucket_pointer_3684_out|       pointer|
|bucket_pointer_3683_out_i         |   in|   32|     ap_ovld|                          bucket_pointer_3683_out|       pointer|
|bucket_pointer_3683_out_o         |  out|   32|     ap_ovld|                          bucket_pointer_3683_out|       pointer|
|bucket_pointer_3683_out_o_ap_vld  |  out|    1|     ap_ovld|                          bucket_pointer_3683_out|       pointer|
|bucket_pointer_3682_out_i         |   in|   32|     ap_ovld|                          bucket_pointer_3682_out|       pointer|
|bucket_pointer_3682_out_o         |  out|   32|     ap_ovld|                          bucket_pointer_3682_out|       pointer|
|bucket_pointer_3682_out_o_ap_vld  |  out|    1|     ap_ovld|                          bucket_pointer_3682_out|       pointer|
|bucket_pointer_3681_out_i         |   in|   32|     ap_ovld|                          bucket_pointer_3681_out|       pointer|
|bucket_pointer_3681_out_o         |  out|   32|     ap_ovld|                          bucket_pointer_3681_out|       pointer|
|bucket_pointer_3681_out_o_ap_vld  |  out|    1|     ap_ovld|                          bucket_pointer_3681_out|       pointer|
|bucket_pointer_3680_out_i         |   in|   32|     ap_ovld|                          bucket_pointer_3680_out|       pointer|
|bucket_pointer_3680_out_o         |  out|   32|     ap_ovld|                          bucket_pointer_3680_out|       pointer|
|bucket_pointer_3680_out_o_ap_vld  |  out|    1|     ap_ovld|                          bucket_pointer_3680_out|       pointer|
|bucket_pointer_3679_out_i         |   in|   32|     ap_ovld|                          bucket_pointer_3679_out|       pointer|
|bucket_pointer_3679_out_o         |  out|   32|     ap_ovld|                          bucket_pointer_3679_out|       pointer|
|bucket_pointer_3679_out_o_ap_vld  |  out|    1|     ap_ovld|                          bucket_pointer_3679_out|       pointer|
|bucket_pointer_3678_out_i         |   in|   32|     ap_ovld|                          bucket_pointer_3678_out|       pointer|
|bucket_pointer_3678_out_o         |  out|   32|     ap_ovld|                          bucket_pointer_3678_out|       pointer|
|bucket_pointer_3678_out_o_ap_vld  |  out|    1|     ap_ovld|                          bucket_pointer_3678_out|       pointer|
|bucket_pointer_3677_out_i         |   in|   32|     ap_ovld|                          bucket_pointer_3677_out|       pointer|
|bucket_pointer_3677_out_o         |  out|   32|     ap_ovld|                          bucket_pointer_3677_out|       pointer|
|bucket_pointer_3677_out_o_ap_vld  |  out|    1|     ap_ovld|                          bucket_pointer_3677_out|       pointer|
|bucket_pointer_3676_out_i         |   in|   32|     ap_ovld|                          bucket_pointer_3676_out|       pointer|
|bucket_pointer_3676_out_o         |  out|   32|     ap_ovld|                          bucket_pointer_3676_out|       pointer|
|bucket_pointer_3676_out_o_ap_vld  |  out|    1|     ap_ovld|                          bucket_pointer_3676_out|       pointer|
|bucket_pointer_3675_out_i         |   in|   32|     ap_ovld|                          bucket_pointer_3675_out|       pointer|
|bucket_pointer_3675_out_o         |  out|   32|     ap_ovld|                          bucket_pointer_3675_out|       pointer|
|bucket_pointer_3675_out_o_ap_vld  |  out|    1|     ap_ovld|                          bucket_pointer_3675_out|       pointer|
|bucket_pointer_3674_out_i         |   in|   32|     ap_ovld|                          bucket_pointer_3674_out|       pointer|
|bucket_pointer_3674_out_o         |  out|   32|     ap_ovld|                          bucket_pointer_3674_out|       pointer|
|bucket_pointer_3674_out_o_ap_vld  |  out|    1|     ap_ovld|                          bucket_pointer_3674_out|       pointer|
|bucket_pointer_3673_out_i         |   in|   32|     ap_ovld|                          bucket_pointer_3673_out|       pointer|
|bucket_pointer_3673_out_o         |  out|   32|     ap_ovld|                          bucket_pointer_3673_out|       pointer|
|bucket_pointer_3673_out_o_ap_vld  |  out|    1|     ap_ovld|                          bucket_pointer_3673_out|       pointer|
+----------------------------------+-----+-----+------------+-------------------------------------------------+--------------+

