

================================================================
== Vitis HLS Report for 'radix_sort_unified_bucket_pingpong_38_1_Pipeline_bucket_pointer_initialization'
================================================================
* Date:           Sat Apr 22 15:40:48 2023

* Version:        2022.2 (Build 3670227 on Oct 13 2022)
* Project:        sort_seperate_bucket
* Solution:       solution1 (Vivado IP Flow Target)
* Product family: virtexuplus
* Target device:  xcu280-fsvh2892-2L-e


================================================================
== Performance Estimates
================================================================
+ Timing: 
    * Summary: 
    +--------+----------+----------+------------+
    |  Clock |  Target  | Estimated| Uncertainty|
    +--------+----------+----------+------------+
    |ap_clk  |  10.00 ns|  1.760 ns|     2.70 ns|
    +--------+----------+----------+------------+

+ Latency: 
    * Summary: 
    +---------+---------+----------+----------+-----+-----+---------+
    |  Latency (cycles) |  Latency (absolute) |  Interval | Pipeline|
    |   min   |   max   |    min   |    max   | min | max |   Type  |
    +---------+---------+----------+----------+-----+-----+---------+
    |       18|       18|  0.180 us|  0.180 us|   18|   18|       no|
    +---------+---------+----------+----------+-----+-----+---------+

    + Detail: 
        * Instance: 
        N/A

        * Loop: 
        +---------------------------------+---------+---------+----------+-----------+-----------+------+----------+
        |                                 |  Latency (cycles) | Iteration|  Initiation Interval  | Trip |          |
        |            Loop Name            |   min   |   max   |  Latency |  achieved |   target  | Count| Pipelined|
        +---------------------------------+---------+---------+----------+-----------+-----------+------+----------+
        |- bucket_pointer_initialization  |       16|       16|         1|          1|          1|    16|       yes|
        +---------------------------------+---------+---------+----------+-----------+-----------+------+----------+



================================================================
== Utilization Estimates
================================================================
* Summary: 
+---------------------+---------+------+---------+---------+-----+
|         Name        | BRAM_18K|  DSP |    FF   |   LUT   | URAM|
+---------------------+---------+------+---------+---------+-----+
|DSP                  |        -|     -|        -|        -|    -|
|Expression           |        -|     -|        0|       95|    -|
|FIFO                 |        -|     -|        -|        -|    -|
|Instance             |        -|     -|        0|       65|    -|
|Memory               |        -|     -|        -|        -|    -|
|Multiplexer          |        -|     -|        -|      324|    -|
|Register             |        -|     -|     1064|        -|    -|
+---------------------+---------+------+---------+---------+-----+
|Total                |        0|     0|     1064|      484|    0|
+---------------------+---------+------+---------+---------+-----+
|Available SLR        |     1344|  3008|   869120|   434560|  320|
+---------------------+---------+------+---------+---------+-----+
|Utilization SLR (%)  |        0|     0|       ~0|       ~0|    0|
+---------------------+---------+------+---------+---------+-----+
|Available            |     4032|  9024|  2607360|  1303680|  960|
+---------------------+---------+------+---------+---------+-----+
|Utilization (%)      |        0|     0|       ~0|       ~0|    0|
+---------------------+---------+------+---------+---------+-----+

+ Detail: 
    * Instance: 
    +----------------------+----------------+---------+----+---+----+-----+
    |       Instance       |     Module     | BRAM_18K| DSP| FF| LUT| URAM|
    +----------------------+----------------+---------+----+---+----+-----+
    |mux_164_32_1_1_U7195  |mux_164_32_1_1  |        0|   0|  0|  65|    0|
    +----------------------+----------------+---------+----+---+----+-----+
    |Total                 |                |        0|   0|  0|  65|    0|
    +----------------------+----------------+---------+----+---+----+-----+

    * DSP: 
    N/A

    * Memory: 
    N/A

    * FIFO: 
    N/A

    * Expression: 
    +--------------------------------+----------+----+---+----+------------+------------+
    |          Variable Name         | Operation| DSP| FF| LUT| Bitwidth P0| Bitwidth P1|
    +--------------------------------+----------+----+---+----+------------+------------+
    |add_ln85_fu_922_p2              |         +|   0|  0|  12|           5|           1|
    |next_bucket_pointer_fu_1018_p2  |         +|   0|  0|  39|          32|          32|
    |ap_condition_505                |       and|   0|  0|   2|           1|           1|
    |ap_condition_508                |       and|   0|  0|   2|           1|           1|
    |ap_condition_511                |       and|   0|  0|   2|           1|           1|
    |ap_condition_514                |       and|   0|  0|   2|           1|           1|
    |ap_condition_517                |       and|   0|  0|   2|           1|           1|
    |ap_condition_520                |       and|   0|  0|   2|           1|           1|
    |ap_condition_523                |       and|   0|  0|   2|           1|           1|
    |ap_condition_526                |       and|   0|  0|   2|           1|           1|
    |ap_condition_529                |       and|   0|  0|   2|           1|           1|
    |ap_condition_532                |       and|   0|  0|   2|           1|           1|
    |ap_condition_535                |       and|   0|  0|   2|           1|           1|
    |ap_condition_538                |       and|   0|  0|   2|           1|           1|
    |ap_condition_541                |       and|   0|  0|   2|           1|           1|
    |ap_condition_544                |       and|   0|  0|   2|           1|           1|
    |ap_condition_547                |       and|   0|  0|   2|           1|           1|
    |ap_condition_550                |       and|   0|  0|   2|           1|           1|
    |icmp_ln85_fu_916_p2             |      icmp|   0|  0|  10|           5|           6|
    |ap_enable_pp0                   |       xor|   0|  0|   2|           1|           2|
    +--------------------------------+----------+----+---+----+------------+------------+
    |Total                           |          |   0|  0|  95|          59|          57|
    +--------------------------------+----------+----+---+----+------------+------------+

    * Multiplexer: 
    +----------------------------+----+-----------+-----+-----------+
    |            Name            | LUT| Input Size| Bits| Total Bits|
    +----------------------------+----+-----------+-----+-----------+
    |ap_done_int                 |   9|          2|    1|          2|
    |ap_enable_reg_pp0_iter1     |   9|          2|    1|          2|
    |bucket_pointer_1055_fu_192  |   9|          2|   32|         64|
    |bucket_pointer_1056_fu_196  |   9|          2|   32|         64|
    |bucket_pointer_1057_fu_200  |   9|          2|   32|         64|
    |bucket_pointer_1058_fu_204  |   9|          2|   32|         64|
    |bucket_pointer_1059_fu_208  |   9|          2|   32|         64|
    |bucket_pointer_1060_fu_212  |   9|          2|   32|         64|
    |bucket_pointer_1061_fu_216  |   9|          2|   32|         64|
    |bucket_pointer_1062_fu_220  |   9|          2|   32|         64|
    |bucket_pointer_1063_fu_224  |   9|          2|   32|         64|
    |bucket_pointer_1064_fu_228  |   9|          2|   32|         64|
    |bucket_pointer_1065_fu_232  |   9|          2|   32|         64|
    |bucket_pointer_1066_fu_236  |   9|          2|   32|         64|
    |bucket_pointer_1067_fu_240  |   9|          2|   32|         64|
    |bucket_pointer_1068_fu_244  |   9|          2|   32|         64|
    |bucket_pointer_1069_fu_248  |   9|          2|   32|         64|
    |bucket_pointer_1070_fu_252  |   9|          2|   32|         64|
    |bucket_pointer_1071_fu_256  |   9|          2|   32|         64|
    |bucket_sizes_1381_fu_264    |   9|          2|   32|         64|
    |bucket_sizes_1382_fu_268    |   9|          2|   32|         64|
    |bucket_sizes_1383_fu_272    |   9|          2|   32|         64|
    |bucket_sizes_1384_fu_276    |   9|          2|   32|         64|
    |bucket_sizes_1385_fu_280    |   9|          2|   32|         64|
    |bucket_sizes_1386_fu_284    |   9|          2|   32|         64|
    |bucket_sizes_1387_fu_288    |   9|          2|   32|         64|
    |bucket_sizes_1388_fu_292    |   9|          2|   32|         64|
    |bucket_sizes_1389_fu_296    |   9|          2|   32|         64|
    |bucket_sizes_1390_fu_300    |   9|          2|   32|         64|
    |bucket_sizes_1391_fu_304    |   9|          2|   32|         64|
    |bucket_sizes_1392_fu_308    |   9|          2|   32|         64|
    |bucket_sizes_1393_fu_312    |   9|          2|   32|         64|
    |bucket_sizes_1394_fu_316    |   9|          2|   32|         64|
    |bucket_sizes_1395_fu_320    |   9|          2|   32|         64|
    |bucket_sizes_fu_260         |   9|          2|   32|         64|
    |m_fu_188                    |   9|          2|    5|         10|
    +----------------------------+----+-----------+-----+-----------+
    |Total                       | 324|         72| 1063|       2126|
    +----------------------------+----+-----------+-----+-----------+

    * Register: 
    +----------------------------+----+----+-----+-----------+
    |            Name            | FF | LUT| Bits| Const Bits|
    +----------------------------+----+----+-----+-----------+
    |ap_CS_fsm                   |   1|   0|    1|          0|
    |ap_done_reg                 |   1|   0|    1|          0|
    |ap_enable_reg_pp0_iter1     |   1|   0|    1|          0|
    |bucket_pointer_1055_fu_192  |  32|   0|   32|          0|
    |bucket_pointer_1056_fu_196  |  32|   0|   32|          0|
    |bucket_pointer_1057_fu_200  |  32|   0|   32|          0|
    |bucket_pointer_1058_fu_204  |  32|   0|   32|          0|
    |bucket_pointer_1059_fu_208  |  32|   0|   32|          0|
    |bucket_pointer_1060_fu_212  |  32|   0|   32|          0|
    |bucket_pointer_1061_fu_216  |  32|   0|   32|          0|
    |bucket_pointer_1062_fu_220  |  32|   0|   32|          0|
    |bucket_pointer_1063_fu_224  |  32|   0|   32|          0|
    |bucket_pointer_1064_fu_228  |  32|   0|   32|          0|
    |bucket_pointer_1065_fu_232  |  32|   0|   32|          0|
    |bucket_pointer_1066_fu_236  |  32|   0|   32|          0|
    |bucket_pointer_1067_fu_240  |  32|   0|   32|          0|
    |bucket_pointer_1068_fu_244  |  32|   0|   32|          0|
    |bucket_pointer_1069_fu_248  |  32|   0|   32|          0|
    |bucket_pointer_1070_fu_252  |  32|   0|   32|          0|
    |bucket_pointer_1071_fu_256  |  32|   0|   32|          0|
    |bucket_sizes_1381_fu_264    |  32|   0|   32|          0|
    |bucket_sizes_1382_fu_268    |  32|   0|   32|          0|
    |bucket_sizes_1383_fu_272    |  32|   0|   32|          0|
    |bucket_sizes_1384_fu_276    |  32|   0|   32|          0|
    |bucket_sizes_1385_fu_280    |  32|   0|   32|          0|
    |bucket_sizes_1386_fu_284    |  32|   0|   32|          0|
    |bucket_sizes_1387_fu_288    |  32|   0|   32|          0|
    |bucket_sizes_1388_fu_292    |  32|   0|   32|          0|
    |bucket_sizes_1389_fu_296    |  32|   0|   32|          0|
    |bucket_sizes_1390_fu_300    |  32|   0|   32|          0|
    |bucket_sizes_1391_fu_304    |  32|   0|   32|          0|
    |bucket_sizes_1392_fu_308    |  32|   0|   32|          0|
    |bucket_sizes_1393_fu_312    |  32|   0|   32|          0|
    |bucket_sizes_1394_fu_316    |  32|   0|   32|          0|
    |bucket_sizes_1395_fu_320    |  32|   0|   32|          0|
    |bucket_sizes_fu_260         |  32|   0|   32|          0|
    |m_fu_188                    |   5|   0|    5|          0|
    +----------------------------+----+----+-----+-----------+
    |Total                       |1064|   0| 1064|          0|
    +----------------------------+----+----+-----+-----------+



================================================================
== Interface
================================================================
* Summary: 
+--------------------------------+-----+-----+------------+--------------------------------------------------------------------------------+--------------+
|            RTL Ports           | Dir | Bits|  Protocol  |                                  Source Object                                 |    C Type    |
+--------------------------------+-----+-----+------------+--------------------------------------------------------------------------------+--------------+
|ap_clk                          |   in|    1|  ap_ctrl_hs|  radix_sort_unified_bucket_pingpong.38.1_Pipeline_bucket_pointer_initialization|  return value|
|ap_rst                          |   in|    1|  ap_ctrl_hs|  radix_sort_unified_bucket_pingpong.38.1_Pipeline_bucket_pointer_initialization|  return value|
|ap_start                        |   in|    1|  ap_ctrl_hs|  radix_sort_unified_bucket_pingpong.38.1_Pipeline_bucket_pointer_initialization|  return value|
|ap_done                         |  out|    1|  ap_ctrl_hs|  radix_sort_unified_bucket_pingpong.38.1_Pipeline_bucket_pointer_initialization|  return value|
|ap_idle                         |  out|    1|  ap_ctrl_hs|  radix_sort_unified_bucket_pingpong.38.1_Pipeline_bucket_pointer_initialization|  return value|
|ap_ready                        |  out|    1|  ap_ctrl_hs|  radix_sort_unified_bucket_pingpong.38.1_Pipeline_bucket_pointer_initialization|  return value|
|bucket_sizes_4574               |   in|   32|     ap_none|                                                               bucket_sizes_4574|        scalar|
|bucket_sizes_4573               |   in|   32|     ap_none|                                                               bucket_sizes_4573|        scalar|
|bucket_sizes_4572               |   in|   32|     ap_none|                                                               bucket_sizes_4572|        scalar|
|bucket_sizes_4571               |   in|   32|     ap_none|                                                               bucket_sizes_4571|        scalar|
|bucket_sizes_4570               |   in|   32|     ap_none|                                                               bucket_sizes_4570|        scalar|
|bucket_sizes_4569               |   in|   32|     ap_none|                                                               bucket_sizes_4569|        scalar|
|bucket_sizes_4568               |   in|   32|     ap_none|                                                               bucket_sizes_4568|        scalar|
|bucket_sizes_4567               |   in|   32|     ap_none|                                                               bucket_sizes_4567|        scalar|
|bucket_sizes_4566               |   in|   32|     ap_none|                                                               bucket_sizes_4566|        scalar|
|bucket_sizes_4565               |   in|   32|     ap_none|                                                               bucket_sizes_4565|        scalar|
|bucket_sizes_4564               |   in|   32|     ap_none|                                                               bucket_sizes_4564|        scalar|
|bucket_sizes_4563               |   in|   32|     ap_none|                                                               bucket_sizes_4563|        scalar|
|bucket_sizes_4562               |   in|   32|     ap_none|                                                               bucket_sizes_4562|        scalar|
|bucket_sizes_4561               |   in|   32|     ap_none|                                                               bucket_sizes_4561|        scalar|
|bucket_sizes_4560               |   in|   32|     ap_none|                                                               bucket_sizes_4560|        scalar|
|bucket_sizes_4543               |   in|   32|     ap_none|                                                               bucket_sizes_4543|        scalar|
|bucket_pointer_2030             |   in|   32|     ap_none|                                                             bucket_pointer_2030|        scalar|
|bucket_pointer_2029             |   in|   32|     ap_none|                                                             bucket_pointer_2029|        scalar|
|bucket_pointer_2028             |   in|   32|     ap_none|                                                             bucket_pointer_2028|        scalar|
|bucket_pointer_2027             |   in|   32|     ap_none|                                                             bucket_pointer_2027|        scalar|
|bucket_pointer_2026             |   in|   32|     ap_none|                                                             bucket_pointer_2026|        scalar|
|bucket_pointer_2025             |   in|   32|     ap_none|                                                             bucket_pointer_2025|        scalar|
|bucket_pointer_2024             |   in|   32|     ap_none|                                                             bucket_pointer_2024|        scalar|
|bucket_pointer_2023             |   in|   32|     ap_none|                                                             bucket_pointer_2023|        scalar|
|bucket_pointer_2022             |   in|   32|     ap_none|                                                             bucket_pointer_2022|        scalar|
|bucket_pointer_2021             |   in|   32|     ap_none|                                                             bucket_pointer_2021|        scalar|
|bucket_pointer_2020             |   in|   32|     ap_none|                                                             bucket_pointer_2020|        scalar|
|bucket_pointer_2019             |   in|   32|     ap_none|                                                             bucket_pointer_2019|        scalar|
|bucket_pointer_2018             |   in|   32|     ap_none|                                                             bucket_pointer_2018|        scalar|
|bucket_pointer_2017             |   in|   32|     ap_none|                                                             bucket_pointer_2017|        scalar|
|bucket_pointer_2016             |   in|   32|     ap_none|                                                             bucket_pointer_2016|        scalar|
|bucket_pointer                  |   in|   32|     ap_none|                                                                  bucket_pointer|        scalar|
|bucket_sizes_4591_out           |  out|   32|      ap_vld|                                                           bucket_sizes_4591_out|       pointer|
|bucket_sizes_4591_out_ap_vld    |  out|    1|      ap_vld|                                                           bucket_sizes_4591_out|       pointer|
|bucket_sizes_4590_out           |  out|   32|      ap_vld|                                                           bucket_sizes_4590_out|       pointer|
|bucket_sizes_4590_out_ap_vld    |  out|    1|      ap_vld|                                                           bucket_sizes_4590_out|       pointer|
|bucket_sizes_4589_out           |  out|   32|      ap_vld|                                                           bucket_sizes_4589_out|       pointer|
|bucket_sizes_4589_out_ap_vld    |  out|    1|      ap_vld|                                                           bucket_sizes_4589_out|       pointer|
|bucket_sizes_4588_out           |  out|   32|      ap_vld|                                                           bucket_sizes_4588_out|       pointer|
|bucket_sizes_4588_out_ap_vld    |  out|    1|      ap_vld|                                                           bucket_sizes_4588_out|       pointer|
|bucket_sizes_4587_out           |  out|   32|      ap_vld|                                                           bucket_sizes_4587_out|       pointer|
|bucket_sizes_4587_out_ap_vld    |  out|    1|      ap_vld|                                                           bucket_sizes_4587_out|       pointer|
|bucket_sizes_4586_out           |  out|   32|      ap_vld|                                                           bucket_sizes_4586_out|       pointer|
|bucket_sizes_4586_out_ap_vld    |  out|    1|      ap_vld|                                                           bucket_sizes_4586_out|       pointer|
|bucket_sizes_4585_out           |  out|   32|      ap_vld|                                                           bucket_sizes_4585_out|       pointer|
|bucket_sizes_4585_out_ap_vld    |  out|    1|      ap_vld|                                                           bucket_sizes_4585_out|       pointer|
|bucket_sizes_4584_out           |  out|   32|      ap_vld|                                                           bucket_sizes_4584_out|       pointer|
|bucket_sizes_4584_out_ap_vld    |  out|    1|      ap_vld|                                                           bucket_sizes_4584_out|       pointer|
|bucket_sizes_4583_out           |  out|   32|      ap_vld|                                                           bucket_sizes_4583_out|       pointer|
|bucket_sizes_4583_out_ap_vld    |  out|    1|      ap_vld|                                                           bucket_sizes_4583_out|       pointer|
|bucket_sizes_4582_out           |  out|   32|      ap_vld|                                                           bucket_sizes_4582_out|       pointer|
|bucket_sizes_4582_out_ap_vld    |  out|    1|      ap_vld|                                                           bucket_sizes_4582_out|       pointer|
|bucket_sizes_4581_out           |  out|   32|      ap_vld|                                                           bucket_sizes_4581_out|       pointer|
|bucket_sizes_4581_out_ap_vld    |  out|    1|      ap_vld|                                                           bucket_sizes_4581_out|       pointer|
|bucket_sizes_4580_out           |  out|   32|      ap_vld|                                                           bucket_sizes_4580_out|       pointer|
|bucket_sizes_4580_out_ap_vld    |  out|    1|      ap_vld|                                                           bucket_sizes_4580_out|       pointer|
|bucket_sizes_4579_out           |  out|   32|      ap_vld|                                                           bucket_sizes_4579_out|       pointer|
|bucket_sizes_4579_out_ap_vld    |  out|    1|      ap_vld|                                                           bucket_sizes_4579_out|       pointer|
|bucket_sizes_4578_out           |  out|   32|      ap_vld|                                                           bucket_sizes_4578_out|       pointer|
|bucket_sizes_4578_out_ap_vld    |  out|    1|      ap_vld|                                                           bucket_sizes_4578_out|       pointer|
|bucket_sizes_4577_out           |  out|   32|      ap_vld|                                                           bucket_sizes_4577_out|       pointer|
|bucket_sizes_4577_out_ap_vld    |  out|    1|      ap_vld|                                                           bucket_sizes_4577_out|       pointer|
|bucket_sizes_4576_out           |  out|   32|      ap_vld|                                                           bucket_sizes_4576_out|       pointer|
|bucket_sizes_4576_out_ap_vld    |  out|    1|      ap_vld|                                                           bucket_sizes_4576_out|       pointer|
|bucket_pointer_2046_out         |  out|   32|      ap_vld|                                                         bucket_pointer_2046_out|       pointer|
|bucket_pointer_2046_out_ap_vld  |  out|    1|      ap_vld|                                                         bucket_pointer_2046_out|       pointer|
|bucket_pointer_2045_out         |  out|   32|      ap_vld|                                                         bucket_pointer_2045_out|       pointer|
|bucket_pointer_2045_out_ap_vld  |  out|    1|      ap_vld|                                                         bucket_pointer_2045_out|       pointer|
|bucket_pointer_2044_out         |  out|   32|      ap_vld|                                                         bucket_pointer_2044_out|       pointer|
|bucket_pointer_2044_out_ap_vld  |  out|    1|      ap_vld|                                                         bucket_pointer_2044_out|       pointer|
|bucket_pointer_2043_out         |  out|   32|      ap_vld|                                                         bucket_pointer_2043_out|       pointer|
|bucket_pointer_2043_out_ap_vld  |  out|    1|      ap_vld|                                                         bucket_pointer_2043_out|       pointer|
|bucket_pointer_2042_out         |  out|   32|      ap_vld|                                                         bucket_pointer_2042_out|       pointer|
|bucket_pointer_2042_out_ap_vld  |  out|    1|      ap_vld|                                                         bucket_pointer_2042_out|       pointer|
|bucket_pointer_2041_out         |  out|   32|      ap_vld|                                                         bucket_pointer_2041_out|       pointer|
|bucket_pointer_2041_out_ap_vld  |  out|    1|      ap_vld|                                                         bucket_pointer_2041_out|       pointer|
|bucket_pointer_2040_out         |  out|   32|      ap_vld|                                                         bucket_pointer_2040_out|       pointer|
|bucket_pointer_2040_out_ap_vld  |  out|    1|      ap_vld|                                                         bucket_pointer_2040_out|       pointer|
|bucket_pointer_2039_out         |  out|   32|      ap_vld|                                                         bucket_pointer_2039_out|       pointer|
|bucket_pointer_2039_out_ap_vld  |  out|    1|      ap_vld|                                                         bucket_pointer_2039_out|       pointer|
|bucket_pointer_2038_out         |  out|   32|      ap_vld|                                                         bucket_pointer_2038_out|       pointer|
|bucket_pointer_2038_out_ap_vld  |  out|    1|      ap_vld|                                                         bucket_pointer_2038_out|       pointer|
|bucket_pointer_2037_out         |  out|   32|      ap_vld|                                                         bucket_pointer_2037_out|       pointer|
|bucket_pointer_2037_out_ap_vld  |  out|    1|      ap_vld|                                                         bucket_pointer_2037_out|       pointer|
|bucket_pointer_2036_out         |  out|   32|      ap_vld|                                                         bucket_pointer_2036_out|       pointer|
|bucket_pointer_2036_out_ap_vld  |  out|    1|      ap_vld|                                                         bucket_pointer_2036_out|       pointer|
|bucket_pointer_2035_out         |  out|   32|      ap_vld|                                                         bucket_pointer_2035_out|       pointer|
|bucket_pointer_2035_out_ap_vld  |  out|    1|      ap_vld|                                                         bucket_pointer_2035_out|       pointer|
|bucket_pointer_2034_out         |  out|   32|      ap_vld|                                                         bucket_pointer_2034_out|       pointer|
|bucket_pointer_2034_out_ap_vld  |  out|    1|      ap_vld|                                                         bucket_pointer_2034_out|       pointer|
|bucket_pointer_2033_out         |  out|   32|      ap_vld|                                                         bucket_pointer_2033_out|       pointer|
|bucket_pointer_2033_out_ap_vld  |  out|    1|      ap_vld|                                                         bucket_pointer_2033_out|       pointer|
|bucket_pointer_2032_out         |  out|   32|      ap_vld|                                                         bucket_pointer_2032_out|       pointer|
|bucket_pointer_2032_out_ap_vld  |  out|    1|      ap_vld|                                                         bucket_pointer_2032_out|       pointer|
|bucket_pointer_2031_out         |  out|   32|      ap_vld|                                                         bucket_pointer_2031_out|       pointer|
|bucket_pointer_2031_out_ap_vld  |  out|    1|      ap_vld|                                                         bucket_pointer_2031_out|       pointer|
+--------------------------------+-----+-----+------------+--------------------------------------------------------------------------------+--------------+

