

================================================================
== Vitis HLS Report for 'radix_sort_unified_bucket_pingpong_36_1_Pipeline_input_bucket'
================================================================
* Date:           Sat Apr 22 15:40:42 2023

* Version:        2022.2 (Build 3670227 on Oct 13 2022)
* Project:        sort_seperate_bucket
* Solution:       solution1 (Vivado IP Flow Target)
* Product family: virtexuplus
* Target device:  xcu280-fsvh2892-2L-e


================================================================
== Performance Estimates
================================================================
+ Timing: 
    * Summary: 
    +--------+----------+----------+------------+
    |  Clock |  Target  | Estimated| Uncertainty|
    +--------+----------+----------+------------+
    |ap_clk  |  10.00 ns|  5.072 ns|     2.70 ns|
    +--------+----------+----------+------------+

+ Latency: 
    * Summary: 
    +---------+---------+----------+----------+--------+--------+---------+
    |  Latency (cycles) |  Latency (absolute) |     Interval    | Pipeline|
    |   min   |   max   |    min   |    max   |   min  |   max  |   Type  |
    +---------+---------+----------+----------+--------+--------+---------+
    |   156252|   156252|  1.563 ms|  1.563 ms|  156252|  156252|       no|
    +---------+---------+----------+----------+--------+--------+---------+

    + Detail: 
        * Instance: 
        N/A

        * Loop: 
        +----------------+---------+---------+----------+-----------+-----------+--------+----------+
        |                |  Latency (cycles) | Iteration|  Initiation Interval  |  Trip  |          |
        |    Loop Name   |   min   |   max   |  Latency |  achieved |   target  |  Count | Pipelined|
        +----------------+---------+---------+----------+-----------+-----------+--------+----------+
        |- input_bucket  |   156250|   156250|         2|          1|          1|  156250|       yes|
        +----------------+---------+---------+----------+-----------+-----------+--------+----------+



================================================================
== Utilization Estimates
================================================================
* Summary: 
+---------------------+---------+------+---------+---------+-----+
|         Name        | BRAM_18K|  DSP |    FF   |   LUT   | URAM|
+---------------------+---------+------+---------+---------+-----+
|DSP                  |        -|     -|        -|        -|    -|
|Expression           |        -|     -|        0|      323|    -|
|FIFO                 |        -|     -|        -|        -|    -|
|Instance             |        -|     -|        0|      130|    -|
|Memory               |        -|     -|        -|        -|    -|
|Multiplexer          |        -|     -|        -|      502|    -|
|Register             |        -|     -|      141|        -|    -|
+---------------------+---------+------+---------+---------+-----+
|Total                |        0|     0|      141|      955|    0|
+---------------------+---------+------+---------+---------+-----+
|Available SLR        |     1344|  3008|   869120|   434560|  320|
+---------------------+---------+------+---------+---------+-----+
|Utilization SLR (%)  |        0|     0|       ~0|       ~0|    0|
+---------------------+---------+------+---------+---------+-----+
|Available            |     4032|  9024|  2607360|  1303680|  960|
+---------------------+---------+------+---------+---------+-----+
|Utilization (%)      |        0|     0|       ~0|       ~0|    0|
+---------------------+---------+------+---------+---------+-----+

+ Detail: 
    * Instance: 
    +----------------------+----------------+---------+----+---+----+-----+
    |       Instance       |     Module     | BRAM_18K| DSP| FF| LUT| URAM|
    +----------------------+----------------+---------+----+---+----+-----+
    |mux_164_32_1_1_U6874  |mux_164_32_1_1  |        0|   0|  0|  65|    0|
    |mux_164_32_1_1_U6875  |mux_164_32_1_1  |        0|   0|  0|  65|    0|
    +----------------------+----------------+---------+----+---+----+-----+
    |Total                 |                |        0|   0|  0| 130|    0|
    +----------------------+----------------+---------+----+---+----+-----+

    * DSP: 
    N/A

    * Memory: 
    N/A

    * FIFO: 
    N/A

    * Expression: 
    +--------------------------+----------+----+---+----+------------+------------+
    |       Variable Name      | Operation| DSP| FF| LUT| Bitwidth P0| Bitwidth P1|
    +--------------------------+----------+----+---+----+------------+------------+
    |add_ln92_fu_675_p2        |         +|   0|  0|  25|          18|           1|
    |add_ln93_fu_685_p2        |         +|   0|  0|  26|          19|          19|
    |add_ln95_fu_836_p2        |         +|   0|  0|  26|          19|          19|
    |bucket_pointer_fu_856_p2  |         +|   0|  0|  39|          32|           1|
    |bucket_sizes_fu_1070_p2   |         +|   0|  0|  39|          32|           1|
    |shifted_fu_785_p2         |      ashr|   0|  0|  92|          32|          32|
    |addr_cmp_fu_771_p2        |      icmp|   0|  0|  29|          64|          64|
    |icmp_ln92_fu_669_p2       |      icmp|   0|  0|  13|          18|          18|
    |reuse_select_fu_776_p3    |    select|   0|  0|  32|           1|          32|
    |ap_enable_pp0             |       xor|   0|  0|   2|           1|           2|
    +--------------------------+----------+----+---+----+------------+------------+
    |Total                     |          |   0|  0| 323|         236|         189|
    +--------------------------+----------+----+---+----+------------+------------+

    * Multiplexer: 
    +---------------------------+----+-----------+-----+-----------+
    |            Name           | LUT| Input Size| Bits| Total Bits|
    +---------------------------+----+-----------+-----+-----------+
    |ap_done_int                |   9|          2|    1|          2|
    |ap_enable_reg_pp0_iter1    |   9|          2|    1|          2|
    |ap_sig_allocacmp_j         |   9|          2|   18|         36|
    |bucket_pointer_2178_out_o  |  14|          3|   32|         96|
    |bucket_pointer_2179_out_o  |  14|          3|   32|         96|
    |bucket_pointer_2180_out_o  |  14|          3|   32|         96|
    |bucket_pointer_2181_out_o  |  14|          3|   32|         96|
    |bucket_pointer_2182_out_o  |  14|          3|   32|         96|
    |bucket_pointer_2183_out_o  |  14|          3|   32|         96|
    |bucket_pointer_2184_out_o  |  14|          3|   32|         96|
    |bucket_pointer_2185_out_o  |  14|          3|   32|         96|
    |bucket_pointer_2186_out_o  |  14|          3|   32|         96|
    |bucket_pointer_2187_out_o  |  14|          3|   32|         96|
    |bucket_pointer_2188_out_o  |  14|          3|   32|         96|
    |bucket_pointer_2189_out_o  |  14|          3|   32|         96|
    |bucket_pointer_2190_out_o  |  14|          3|   32|         96|
    |bucket_pointer_2191_out_o  |  14|          3|   32|         96|
    |bucket_pointer_2192_out_o  |  14|          3|   32|         96|
    |bucket_pointer_2193_out_o  |  14|          3|   32|         96|
    |bucket_sizes_4898_out_o    |  14|          3|   32|         96|
    |bucket_sizes_4899_out_o    |  14|          3|   32|         96|
    |bucket_sizes_4900_out_o    |  14|          3|   32|         96|
    |bucket_sizes_4901_out_o    |  14|          3|   32|         96|
    |bucket_sizes_4902_out_o    |  14|          3|   32|         96|
    |bucket_sizes_4903_out_o    |  14|          3|   32|         96|
    |bucket_sizes_4904_out_o    |  14|          3|   32|         96|
    |bucket_sizes_4905_out_o    |  14|          3|   32|         96|
    |bucket_sizes_4906_out_o    |  14|          3|   32|         96|
    |bucket_sizes_4907_out_o    |  14|          3|   32|         96|
    |bucket_sizes_4908_out_o    |  14|          3|   32|         96|
    |bucket_sizes_4909_out_o    |  14|          3|   32|         96|
    |bucket_sizes_4910_out_o    |  14|          3|   32|         96|
    |bucket_sizes_4911_out_o    |  14|          3|   32|         96|
    |bucket_sizes_4912_out_o    |  14|          3|   32|         96|
    |bucket_sizes_4913_out_o    |  14|          3|   32|         96|
    |j_34_fu_216                |   9|          2|   18|         36|
    |reuse_addr_reg_fu_208      |   9|          2|   64|        128|
    |reuse_reg_fu_212           |   9|          2|   32|         64|
    +---------------------------+----+-----------+-----+-----------+
    |Total                      | 502|        108| 1158|       3340|
    +---------------------------+----+-----------+-----+-----------+

    * Register: 
    +-------------------------+----+----+-----+-----------+
    |           Name          | FF | LUT| Bits| Const Bits|
    +-------------------------+----+----+-----+-----------+
    |ap_CS_fsm                |   1|   0|    1|          0|
    |ap_done_reg              |   1|   0|    1|          0|
    |ap_enable_reg_pp0_iter1  |   1|   0|    1|          0|
    |j_34_fu_216              |  18|   0|   18|          0|
    |mul_cast_cast_reg_1198   |   5|   0|   32|         27|
    |reuse_addr_reg_fu_208    |  64|   0|   64|          0|
    |reuse_reg_fu_212         |  32|   0|   32|          0|
    |zext_ln93_34_reg_1206    |  19|   0|   64|         45|
    +-------------------------+----+----+-----+-----------+
    |Total                    | 141|   0|  213|         72|
    +-------------------------+----+----+-----+-----------+



================================================================
== Interface
================================================================
* Summary: 
+----------------------------------+-----+-----+------------+---------------------------------------------------------------+--------------+
|             RTL Ports            | Dir | Bits|  Protocol  |                         Source Object                         |    C Type    |
+----------------------------------+-----+-----+------------+---------------------------------------------------------------+--------------+
|ap_clk                            |   in|    1|  ap_ctrl_hs|  radix_sort_unified_bucket_pingpong.36.1_Pipeline_input_bucket|  return value|
|ap_rst                            |   in|    1|  ap_ctrl_hs|  radix_sort_unified_bucket_pingpong.36.1_Pipeline_input_bucket|  return value|
|ap_start                          |   in|    1|  ap_ctrl_hs|  radix_sort_unified_bucket_pingpong.36.1_Pipeline_input_bucket|  return value|
|ap_done                           |  out|    1|  ap_ctrl_hs|  radix_sort_unified_bucket_pingpong.36.1_Pipeline_input_bucket|  return value|
|ap_idle                           |  out|    1|  ap_ctrl_hs|  radix_sort_unified_bucket_pingpong.36.1_Pipeline_input_bucket|  return value|
|ap_ready                          |  out|    1|  ap_ctrl_hs|  radix_sort_unified_bucket_pingpong.36.1_Pipeline_input_bucket|  return value|
|bucket_sizes_4881_reload          |   in|   32|     ap_none|                                       bucket_sizes_4881_reload|        scalar|
|bucket_sizes_4880_reload          |   in|   32|     ap_none|                                       bucket_sizes_4880_reload|        scalar|
|bucket_sizes_4879_reload          |   in|   32|     ap_none|                                       bucket_sizes_4879_reload|        scalar|
|bucket_sizes_4878_reload          |   in|   32|     ap_none|                                       bucket_sizes_4878_reload|        scalar|
|bucket_sizes_4877_reload          |   in|   32|     ap_none|                                       bucket_sizes_4877_reload|        scalar|
|bucket_sizes_4876_reload          |   in|   32|     ap_none|                                       bucket_sizes_4876_reload|        scalar|
|bucket_sizes_4875_reload          |   in|   32|     ap_none|                                       bucket_sizes_4875_reload|        scalar|
|bucket_sizes_4874_reload          |   in|   32|     ap_none|                                       bucket_sizes_4874_reload|        scalar|
|bucket_sizes_4873_reload          |   in|   32|     ap_none|                                       bucket_sizes_4873_reload|        scalar|
|bucket_sizes_4872_reload          |   in|   32|     ap_none|                                       bucket_sizes_4872_reload|        scalar|
|bucket_sizes_4871_reload          |   in|   32|     ap_none|                                       bucket_sizes_4871_reload|        scalar|
|bucket_sizes_4870_reload          |   in|   32|     ap_none|                                       bucket_sizes_4870_reload|        scalar|
|bucket_sizes_4869_reload          |   in|   32|     ap_none|                                       bucket_sizes_4869_reload|        scalar|
|bucket_sizes_4868_reload          |   in|   32|     ap_none|                                       bucket_sizes_4868_reload|        scalar|
|bucket_sizes_4867_reload          |   in|   32|     ap_none|                                       bucket_sizes_4867_reload|        scalar|
|bucket_sizes_4866_reload          |   in|   32|     ap_none|                                       bucket_sizes_4866_reload|        scalar|
|bucket_pointer_2176_reload        |   in|   32|     ap_none|                                     bucket_pointer_2176_reload|        scalar|
|bucket_pointer_2175_reload        |   in|   32|     ap_none|                                     bucket_pointer_2175_reload|        scalar|
|bucket_pointer_2174_reload        |   in|   32|     ap_none|                                     bucket_pointer_2174_reload|        scalar|
|bucket_pointer_2173_reload        |   in|   32|     ap_none|                                     bucket_pointer_2173_reload|        scalar|
|bucket_pointer_2172_reload        |   in|   32|     ap_none|                                     bucket_pointer_2172_reload|        scalar|
|bucket_pointer_2171_reload        |   in|   32|     ap_none|                                     bucket_pointer_2171_reload|        scalar|
|bucket_pointer_2170_reload        |   in|   32|     ap_none|                                     bucket_pointer_2170_reload|        scalar|
|bucket_pointer_2169_reload        |   in|   32|     ap_none|                                     bucket_pointer_2169_reload|        scalar|
|bucket_pointer_2168_reload        |   in|   32|     ap_none|                                     bucket_pointer_2168_reload|        scalar|
|bucket_pointer_2167_reload        |   in|   32|     ap_none|                                     bucket_pointer_2167_reload|        scalar|
|bucket_pointer_2166_reload        |   in|   32|     ap_none|                                     bucket_pointer_2166_reload|        scalar|
|bucket_pointer_2165_reload        |   in|   32|     ap_none|                                     bucket_pointer_2165_reload|        scalar|
|bucket_pointer_2164_reload        |   in|   32|     ap_none|                                     bucket_pointer_2164_reload|        scalar|
|bucket_pointer_2163_reload        |   in|   32|     ap_none|                                     bucket_pointer_2163_reload|        scalar|
|bucket_pointer_2162_reload        |   in|   32|     ap_none|                                     bucket_pointer_2162_reload|        scalar|
|bucket_pointer_2161_reload        |   in|   32|     ap_none|                                     bucket_pointer_2161_reload|        scalar|
|mul_ln93                          |   in|   19|     ap_none|                                                       mul_ln93|        scalar|
|bucket_address0                   |  out|   19|   ap_memory|                                                         bucket|         array|
|bucket_ce0                        |  out|    1|   ap_memory|                                                         bucket|         array|
|bucket_we0                        |  out|    1|   ap_memory|                                                         bucket|         array|
|bucket_d0                         |  out|   32|   ap_memory|                                                         bucket|         array|
|bucket_address1                   |  out|   19|   ap_memory|                                                         bucket|         array|
|bucket_ce1                        |  out|    1|   ap_memory|                                                         bucket|         array|
|bucket_q1                         |   in|   32|   ap_memory|                                                         bucket|         array|
|mul_cast                          |   in|    5|     ap_none|                                                       mul_cast|        scalar|
|mul_ln95                          |   in|   19|     ap_none|                                                       mul_ln95|        scalar|
|bucket_sizes_4913_out_i           |   in|   32|     ap_ovld|                                          bucket_sizes_4913_out|       pointer|
|bucket_sizes_4913_out_o           |  out|   32|     ap_ovld|                                          bucket_sizes_4913_out|       pointer|
|bucket_sizes_4913_out_o_ap_vld    |  out|    1|     ap_ovld|                                          bucket_sizes_4913_out|       pointer|
|bucket_sizes_4912_out_i           |   in|   32|     ap_ovld|                                          bucket_sizes_4912_out|       pointer|
|bucket_sizes_4912_out_o           |  out|   32|     ap_ovld|                                          bucket_sizes_4912_out|       pointer|
|bucket_sizes_4912_out_o_ap_vld    |  out|    1|     ap_ovld|                                          bucket_sizes_4912_out|       pointer|
|bucket_sizes_4911_out_i           |   in|   32|     ap_ovld|                                          bucket_sizes_4911_out|       pointer|
|bucket_sizes_4911_out_o           |  out|   32|     ap_ovld|                                          bucket_sizes_4911_out|       pointer|
|bucket_sizes_4911_out_o_ap_vld    |  out|    1|     ap_ovld|                                          bucket_sizes_4911_out|       pointer|
|bucket_sizes_4910_out_i           |   in|   32|     ap_ovld|                                          bucket_sizes_4910_out|       pointer|
|bucket_sizes_4910_out_o           |  out|   32|     ap_ovld|                                          bucket_sizes_4910_out|       pointer|
|bucket_sizes_4910_out_o_ap_vld    |  out|    1|     ap_ovld|                                          bucket_sizes_4910_out|       pointer|
|bucket_sizes_4909_out_i           |   in|   32|     ap_ovld|                                          bucket_sizes_4909_out|       pointer|
|bucket_sizes_4909_out_o           |  out|   32|     ap_ovld|                                          bucket_sizes_4909_out|       pointer|
|bucket_sizes_4909_out_o_ap_vld    |  out|    1|     ap_ovld|                                          bucket_sizes_4909_out|       pointer|
|bucket_sizes_4908_out_i           |   in|   32|     ap_ovld|                                          bucket_sizes_4908_out|       pointer|
|bucket_sizes_4908_out_o           |  out|   32|     ap_ovld|                                          bucket_sizes_4908_out|       pointer|
|bucket_sizes_4908_out_o_ap_vld    |  out|    1|     ap_ovld|                                          bucket_sizes_4908_out|       pointer|
|bucket_sizes_4907_out_i           |   in|   32|     ap_ovld|                                          bucket_sizes_4907_out|       pointer|
|bucket_sizes_4907_out_o           |  out|   32|     ap_ovld|                                          bucket_sizes_4907_out|       pointer|
|bucket_sizes_4907_out_o_ap_vld    |  out|    1|     ap_ovld|                                          bucket_sizes_4907_out|       pointer|
|bucket_sizes_4906_out_i           |   in|   32|     ap_ovld|                                          bucket_sizes_4906_out|       pointer|
|bucket_sizes_4906_out_o           |  out|   32|     ap_ovld|                                          bucket_sizes_4906_out|       pointer|
|bucket_sizes_4906_out_o_ap_vld    |  out|    1|     ap_ovld|                                          bucket_sizes_4906_out|       pointer|
|bucket_sizes_4905_out_i           |   in|   32|     ap_ovld|                                          bucket_sizes_4905_out|       pointer|
|bucket_sizes_4905_out_o           |  out|   32|     ap_ovld|                                          bucket_sizes_4905_out|       pointer|
|bucket_sizes_4905_out_o_ap_vld    |  out|    1|     ap_ovld|                                          bucket_sizes_4905_out|       pointer|
|bucket_sizes_4904_out_i           |   in|   32|     ap_ovld|                                          bucket_sizes_4904_out|       pointer|
|bucket_sizes_4904_out_o           |  out|   32|     ap_ovld|                                          bucket_sizes_4904_out|       pointer|
|bucket_sizes_4904_out_o_ap_vld    |  out|    1|     ap_ovld|                                          bucket_sizes_4904_out|       pointer|
|bucket_sizes_4903_out_i           |   in|   32|     ap_ovld|                                          bucket_sizes_4903_out|       pointer|
|bucket_sizes_4903_out_o           |  out|   32|     ap_ovld|                                          bucket_sizes_4903_out|       pointer|
|bucket_sizes_4903_out_o_ap_vld    |  out|    1|     ap_ovld|                                          bucket_sizes_4903_out|       pointer|
|bucket_sizes_4902_out_i           |   in|   32|     ap_ovld|                                          bucket_sizes_4902_out|       pointer|
|bucket_sizes_4902_out_o           |  out|   32|     ap_ovld|                                          bucket_sizes_4902_out|       pointer|
|bucket_sizes_4902_out_o_ap_vld    |  out|    1|     ap_ovld|                                          bucket_sizes_4902_out|       pointer|
|bucket_sizes_4901_out_i           |   in|   32|     ap_ovld|                                          bucket_sizes_4901_out|       pointer|
|bucket_sizes_4901_out_o           |  out|   32|     ap_ovld|                                          bucket_sizes_4901_out|       pointer|
|bucket_sizes_4901_out_o_ap_vld    |  out|    1|     ap_ovld|                                          bucket_sizes_4901_out|       pointer|
|bucket_sizes_4900_out_i           |   in|   32|     ap_ovld|                                          bucket_sizes_4900_out|       pointer|
|bucket_sizes_4900_out_o           |  out|   32|     ap_ovld|                                          bucket_sizes_4900_out|       pointer|
|bucket_sizes_4900_out_o_ap_vld    |  out|    1|     ap_ovld|                                          bucket_sizes_4900_out|       pointer|
|bucket_sizes_4899_out_i           |   in|   32|     ap_ovld|                                          bucket_sizes_4899_out|       pointer|
|bucket_sizes_4899_out_o           |  out|   32|     ap_ovld|                                          bucket_sizes_4899_out|       pointer|
|bucket_sizes_4899_out_o_ap_vld    |  out|    1|     ap_ovld|                                          bucket_sizes_4899_out|       pointer|
|bucket_sizes_4898_out_i           |   in|   32|     ap_ovld|                                          bucket_sizes_4898_out|       pointer|
|bucket_sizes_4898_out_o           |  out|   32|     ap_ovld|                                          bucket_sizes_4898_out|       pointer|
|bucket_sizes_4898_out_o_ap_vld    |  out|    1|     ap_ovld|                                          bucket_sizes_4898_out|       pointer|
|bucket_pointer_2193_out_i         |   in|   32|     ap_ovld|                                        bucket_pointer_2193_out|       pointer|
|bucket_pointer_2193_out_o         |  out|   32|     ap_ovld|                                        bucket_pointer_2193_out|       pointer|
|bucket_pointer_2193_out_o_ap_vld  |  out|    1|     ap_ovld|                                        bucket_pointer_2193_out|       pointer|
|bucket_pointer_2192_out_i         |   in|   32|     ap_ovld|                                        bucket_pointer_2192_out|       pointer|
|bucket_pointer_2192_out_o         |  out|   32|     ap_ovld|                                        bucket_pointer_2192_out|       pointer|
|bucket_pointer_2192_out_o_ap_vld  |  out|    1|     ap_ovld|                                        bucket_pointer_2192_out|       pointer|
|bucket_pointer_2191_out_i         |   in|   32|     ap_ovld|                                        bucket_pointer_2191_out|       pointer|
|bucket_pointer_2191_out_o         |  out|   32|     ap_ovld|                                        bucket_pointer_2191_out|       pointer|
|bucket_pointer_2191_out_o_ap_vld  |  out|    1|     ap_ovld|                                        bucket_pointer_2191_out|       pointer|
|bucket_pointer_2190_out_i         |   in|   32|     ap_ovld|                                        bucket_pointer_2190_out|       pointer|
|bucket_pointer_2190_out_o         |  out|   32|     ap_ovld|                                        bucket_pointer_2190_out|       pointer|
|bucket_pointer_2190_out_o_ap_vld  |  out|    1|     ap_ovld|                                        bucket_pointer_2190_out|       pointer|
|bucket_pointer_2189_out_i         |   in|   32|     ap_ovld|                                        bucket_pointer_2189_out|       pointer|
|bucket_pointer_2189_out_o         |  out|   32|     ap_ovld|                                        bucket_pointer_2189_out|       pointer|
|bucket_pointer_2189_out_o_ap_vld  |  out|    1|     ap_ovld|                                        bucket_pointer_2189_out|       pointer|
|bucket_pointer_2188_out_i         |   in|   32|     ap_ovld|                                        bucket_pointer_2188_out|       pointer|
|bucket_pointer_2188_out_o         |  out|   32|     ap_ovld|                                        bucket_pointer_2188_out|       pointer|
|bucket_pointer_2188_out_o_ap_vld  |  out|    1|     ap_ovld|                                        bucket_pointer_2188_out|       pointer|
|bucket_pointer_2187_out_i         |   in|   32|     ap_ovld|                                        bucket_pointer_2187_out|       pointer|
|bucket_pointer_2187_out_o         |  out|   32|     ap_ovld|                                        bucket_pointer_2187_out|       pointer|
|bucket_pointer_2187_out_o_ap_vld  |  out|    1|     ap_ovld|                                        bucket_pointer_2187_out|       pointer|
|bucket_pointer_2186_out_i         |   in|   32|     ap_ovld|                                        bucket_pointer_2186_out|       pointer|
|bucket_pointer_2186_out_o         |  out|   32|     ap_ovld|                                        bucket_pointer_2186_out|       pointer|
|bucket_pointer_2186_out_o_ap_vld  |  out|    1|     ap_ovld|                                        bucket_pointer_2186_out|       pointer|
|bucket_pointer_2185_out_i         |   in|   32|     ap_ovld|                                        bucket_pointer_2185_out|       pointer|
|bucket_pointer_2185_out_o         |  out|   32|     ap_ovld|                                        bucket_pointer_2185_out|       pointer|
|bucket_pointer_2185_out_o_ap_vld  |  out|    1|     ap_ovld|                                        bucket_pointer_2185_out|       pointer|
|bucket_pointer_2184_out_i         |   in|   32|     ap_ovld|                                        bucket_pointer_2184_out|       pointer|
|bucket_pointer_2184_out_o         |  out|   32|     ap_ovld|                                        bucket_pointer_2184_out|       pointer|
|bucket_pointer_2184_out_o_ap_vld  |  out|    1|     ap_ovld|                                        bucket_pointer_2184_out|       pointer|
|bucket_pointer_2183_out_i         |   in|   32|     ap_ovld|                                        bucket_pointer_2183_out|       pointer|
|bucket_pointer_2183_out_o         |  out|   32|     ap_ovld|                                        bucket_pointer_2183_out|       pointer|
|bucket_pointer_2183_out_o_ap_vld  |  out|    1|     ap_ovld|                                        bucket_pointer_2183_out|       pointer|
|bucket_pointer_2182_out_i         |   in|   32|     ap_ovld|                                        bucket_pointer_2182_out|       pointer|
|bucket_pointer_2182_out_o         |  out|   32|     ap_ovld|                                        bucket_pointer_2182_out|       pointer|
|bucket_pointer_2182_out_o_ap_vld  |  out|    1|     ap_ovld|                                        bucket_pointer_2182_out|       pointer|
|bucket_pointer_2181_out_i         |   in|   32|     ap_ovld|                                        bucket_pointer_2181_out|       pointer|
|bucket_pointer_2181_out_o         |  out|   32|     ap_ovld|                                        bucket_pointer_2181_out|       pointer|
|bucket_pointer_2181_out_o_ap_vld  |  out|    1|     ap_ovld|                                        bucket_pointer_2181_out|       pointer|
|bucket_pointer_2180_out_i         |   in|   32|     ap_ovld|                                        bucket_pointer_2180_out|       pointer|
|bucket_pointer_2180_out_o         |  out|   32|     ap_ovld|                                        bucket_pointer_2180_out|       pointer|
|bucket_pointer_2180_out_o_ap_vld  |  out|    1|     ap_ovld|                                        bucket_pointer_2180_out|       pointer|
|bucket_pointer_2179_out_i         |   in|   32|     ap_ovld|                                        bucket_pointer_2179_out|       pointer|
|bucket_pointer_2179_out_o         |  out|   32|     ap_ovld|                                        bucket_pointer_2179_out|       pointer|
|bucket_pointer_2179_out_o_ap_vld  |  out|    1|     ap_ovld|                                        bucket_pointer_2179_out|       pointer|
|bucket_pointer_2178_out_i         |   in|   32|     ap_ovld|                                        bucket_pointer_2178_out|       pointer|
|bucket_pointer_2178_out_o         |  out|   32|     ap_ovld|                                        bucket_pointer_2178_out|       pointer|
|bucket_pointer_2178_out_o_ap_vld  |  out|    1|     ap_ovld|                                        bucket_pointer_2178_out|       pointer|
+----------------------------------+-----+-----+------------+---------------------------------------------------------------+--------------+

