

================================================================
== Vitis HLS Report for 'radix_sort_unified_bucket_pingpong_28_1_Pipeline_input_bucket'
================================================================
* Date:           Sat Apr 22 15:40:14 2023

* Version:        2022.2 (Build 3670227 on Oct 13 2022)
* Project:        sort_seperate_bucket
* Solution:       solution1 (Vivado IP Flow Target)
* Product family: virtexuplus
* Target device:  xcu280-fsvh2892-2L-e


================================================================
== Performance Estimates
================================================================
+ Timing: 
    * Summary: 
    +--------+----------+----------+------------+
    |  Clock |  Target  | Estimated| Uncertainty|
    +--------+----------+----------+------------+
    |ap_clk  |  10.00 ns|  5.072 ns|     2.70 ns|
    +--------+----------+----------+------------+

+ Latency: 
    * Summary: 
    +---------+---------+----------+----------+--------+--------+---------+
    |  Latency (cycles) |  Latency (absolute) |     Interval    | Pipeline|
    |   min   |   max   |    min   |    max   |   min  |   max  |   Type  |
    +---------+---------+----------+----------+--------+--------+---------+
    |   156252|   156252|  1.563 ms|  1.563 ms|  156252|  156252|       no|
    +---------+---------+----------+----------+--------+--------+---------+

    + Detail: 
        * Instance: 
        N/A

        * Loop: 
        +----------------+---------+---------+----------+-----------+-----------+--------+----------+
        |                |  Latency (cycles) | Iteration|  Initiation Interval  |  Trip  |          |
        |    Loop Name   |   min   |   max   |  Latency |  achieved |   target  |  Count | Pipelined|
        +----------------+---------+---------+----------+-----------+-----------+--------+----------+
        |- input_bucket  |   156250|   156250|         2|          1|          1|  156250|       yes|
        +----------------+---------+---------+----------+-----------+-----------+--------+----------+



================================================================
== Utilization Estimates
================================================================
* Summary: 
+---------------------+---------+------+---------+---------+-----+
|         Name        | BRAM_18K|  DSP |    FF   |   LUT   | URAM|
+---------------------+---------+------+---------+---------+-----+
|DSP                  |        -|     -|        -|        -|    -|
|Expression           |        -|     -|        0|      323|    -|
|FIFO                 |        -|     -|        -|        -|    -|
|Instance             |        -|     -|        0|      130|    -|
|Memory               |        -|     -|        -|        -|    -|
|Multiplexer          |        -|     -|        -|      502|    -|
|Register             |        -|     -|      141|        -|    -|
+---------------------+---------+------+---------+---------+-----+
|Total                |        0|     0|      141|      955|    0|
+---------------------+---------+------+---------+---------+-----+
|Available SLR        |     1344|  3008|   869120|   434560|  320|
+---------------------+---------+------+---------+---------+-----+
|Utilization SLR (%)  |        0|     0|       ~0|       ~0|    0|
+---------------------+---------+------+---------+---------+-----+
|Available            |     4032|  9024|  2607360|  1303680|  960|
+---------------------+---------+------+---------+---------+-----+
|Utilization (%)      |        0|     0|       ~0|       ~0|    0|
+---------------------+---------+------+---------+---------+-----+

+ Detail: 
    * Instance: 
    +----------------------+----------------+---------+----+---+----+-----+
    |       Instance       |     Module     | BRAM_18K| DSP| FF| LUT| URAM|
    +----------------------+----------------+---------+----+---+----+-----+
    |mux_164_32_1_1_U5330  |mux_164_32_1_1  |        0|   0|  0|  65|    0|
    |mux_164_32_1_1_U5331  |mux_164_32_1_1  |        0|   0|  0|  65|    0|
    +----------------------+----------------+---------+----+---+----+-----+
    |Total                 |                |        0|   0|  0| 130|    0|
    +----------------------+----------------+---------+----+---+----+-----+

    * DSP: 
    N/A

    * Memory: 
    N/A

    * FIFO: 
    N/A

    * Expression: 
    +--------------------------+----------+----+---+----+------------+------------+
    |       Variable Name      | Operation| DSP| FF| LUT| Bitwidth P0| Bitwidth P1|
    +--------------------------+----------+----+---+----+------------+------------+
    |add_ln92_fu_675_p2        |         +|   0|  0|  25|          18|           1|
    |add_ln93_fu_685_p2        |         +|   0|  0|  26|          19|          19|
    |add_ln95_fu_836_p2        |         +|   0|  0|  26|          19|          19|
    |bucket_pointer_fu_856_p2  |         +|   0|  0|  39|          32|           1|
    |bucket_sizes_fu_1070_p2   |         +|   0|  0|  39|          32|           1|
    |shifted_fu_785_p2         |      ashr|   0|  0|  92|          32|          32|
    |addr_cmp_fu_771_p2        |      icmp|   0|  0|  29|          64|          64|
    |icmp_ln92_fu_669_p2       |      icmp|   0|  0|  13|          18|          18|
    |reuse_select_fu_776_p3    |    select|   0|  0|  32|           1|          32|
    |ap_enable_pp0             |       xor|   0|  0|   2|           1|           2|
    +--------------------------+----------+----+---+----+------------+------------+
    |Total                     |          |   0|  0| 323|         236|         189|
    +--------------------------+----------+----+---+----+------------+------------+

    * Multiplexer: 
    +---------------------------+----+-----------+-----+-----------+
    |            Name           | LUT| Input Size| Bits| Total Bits|
    +---------------------------+----+-----------+-----+-----------+
    |ap_done_int                |   9|          2|    1|          2|
    |ap_enable_reg_pp0_iter1    |   9|          2|    1|          2|
    |ap_sig_allocacmp_j         |   9|          2|   18|         36|
    |bucket_pointer_2763_out_o  |  14|          3|   32|         96|
    |bucket_pointer_2764_out_o  |  14|          3|   32|         96|
    |bucket_pointer_2765_out_o  |  14|          3|   32|         96|
    |bucket_pointer_2766_out_o  |  14|          3|   32|         96|
    |bucket_pointer_2767_out_o  |  14|          3|   32|         96|
    |bucket_pointer_2768_out_o  |  14|          3|   32|         96|
    |bucket_pointer_2769_out_o  |  14|          3|   32|         96|
    |bucket_pointer_2770_out_o  |  14|          3|   32|         96|
    |bucket_pointer_2771_out_o  |  14|          3|   32|         96|
    |bucket_pointer_2772_out_o  |  14|          3|   32|         96|
    |bucket_pointer_2773_out_o  |  14|          3|   32|         96|
    |bucket_pointer_2774_out_o  |  14|          3|   32|         96|
    |bucket_pointer_2775_out_o  |  14|          3|   32|         96|
    |bucket_pointer_2776_out_o  |  14|          3|   32|         96|
    |bucket_pointer_2777_out_o  |  14|          3|   32|         96|
    |bucket_pointer_2778_out_o  |  14|          3|   32|         96|
    |bucket_sizes_6203_out_o    |  14|          3|   32|         96|
    |bucket_sizes_6204_out_o    |  14|          3|   32|         96|
    |bucket_sizes_6205_out_o    |  14|          3|   32|         96|
    |bucket_sizes_6206_out_o    |  14|          3|   32|         96|
    |bucket_sizes_6207_out_o    |  14|          3|   32|         96|
    |bucket_sizes_6208_out_o    |  14|          3|   32|         96|
    |bucket_sizes_6209_out_o    |  14|          3|   32|         96|
    |bucket_sizes_6210_out_o    |  14|          3|   32|         96|
    |bucket_sizes_6211_out_o    |  14|          3|   32|         96|
    |bucket_sizes_6212_out_o    |  14|          3|   32|         96|
    |bucket_sizes_6213_out_o    |  14|          3|   32|         96|
    |bucket_sizes_6214_out_o    |  14|          3|   32|         96|
    |bucket_sizes_6215_out_o    |  14|          3|   32|         96|
    |bucket_sizes_6216_out_o    |  14|          3|   32|         96|
    |bucket_sizes_6217_out_o    |  14|          3|   32|         96|
    |bucket_sizes_6218_out_o    |  14|          3|   32|         96|
    |j_43_fu_216                |   9|          2|   18|         36|
    |reuse_addr_reg_fu_208      |   9|          2|   64|        128|
    |reuse_reg_fu_212           |   9|          2|   32|         64|
    +---------------------------+----+-----------+-----+-----------+
    |Total                      | 502|        108| 1158|       3340|
    +---------------------------+----+-----------+-----+-----------+

    * Register: 
    +-------------------------+----+----+-----+-----------+
    |           Name          | FF | LUT| Bits| Const Bits|
    +-------------------------+----+----+-----+-----------+
    |ap_CS_fsm                |   1|   0|    1|          0|
    |ap_done_reg              |   1|   0|    1|          0|
    |ap_enable_reg_pp0_iter1  |   1|   0|    1|          0|
    |j_43_fu_216              |  18|   0|   18|          0|
    |mul_cast_cast_reg_1198   |   5|   0|   32|         27|
    |reuse_addr_reg_fu_208    |  64|   0|   64|          0|
    |reuse_reg_fu_212         |  32|   0|   32|          0|
    |zext_ln93_43_reg_1206    |  19|   0|   64|         45|
    +-------------------------+----+----+-----+-----------+
    |Total                    | 141|   0|  213|         72|
    +-------------------------+----+----+-----+-----------+



================================================================
== Interface
================================================================
* Summary: 
+----------------------------------+-----+-----+------------+---------------------------------------------------------------+--------------+
|             RTL Ports            | Dir | Bits|  Protocol  |                         Source Object                         |    C Type    |
+----------------------------------+-----+-----+------------+---------------------------------------------------------------+--------------+
|ap_clk                            |   in|    1|  ap_ctrl_hs|  radix_sort_unified_bucket_pingpong.28.1_Pipeline_input_bucket|  return value|
|ap_rst                            |   in|    1|  ap_ctrl_hs|  radix_sort_unified_bucket_pingpong.28.1_Pipeline_input_bucket|  return value|
|ap_start                          |   in|    1|  ap_ctrl_hs|  radix_sort_unified_bucket_pingpong.28.1_Pipeline_input_bucket|  return value|
|ap_done                           |  out|    1|  ap_ctrl_hs|  radix_sort_unified_bucket_pingpong.28.1_Pipeline_input_bucket|  return value|
|ap_idle                           |  out|    1|  ap_ctrl_hs|  radix_sort_unified_bucket_pingpong.28.1_Pipeline_input_bucket|  return value|
|ap_ready                          |  out|    1|  ap_ctrl_hs|  radix_sort_unified_bucket_pingpong.28.1_Pipeline_input_bucket|  return value|
|bucket_sizes_6186_reload          |   in|   32|     ap_none|                                       bucket_sizes_6186_reload|        scalar|
|bucket_sizes_6185_reload          |   in|   32|     ap_none|                                       bucket_sizes_6185_reload|        scalar|
|bucket_sizes_6184_reload          |   in|   32|     ap_none|                                       bucket_sizes_6184_reload|        scalar|
|bucket_sizes_6183_reload          |   in|   32|     ap_none|                                       bucket_sizes_6183_reload|        scalar|
|bucket_sizes_6182_reload          |   in|   32|     ap_none|                                       bucket_sizes_6182_reload|        scalar|
|bucket_sizes_6181_reload          |   in|   32|     ap_none|                                       bucket_sizes_6181_reload|        scalar|
|bucket_sizes_6180_reload          |   in|   32|     ap_none|                                       bucket_sizes_6180_reload|        scalar|
|bucket_sizes_6179_reload          |   in|   32|     ap_none|                                       bucket_sizes_6179_reload|        scalar|
|bucket_sizes_6178_reload          |   in|   32|     ap_none|                                       bucket_sizes_6178_reload|        scalar|
|bucket_sizes_6177_reload          |   in|   32|     ap_none|                                       bucket_sizes_6177_reload|        scalar|
|bucket_sizes_6176_reload          |   in|   32|     ap_none|                                       bucket_sizes_6176_reload|        scalar|
|bucket_sizes_6175_reload          |   in|   32|     ap_none|                                       bucket_sizes_6175_reload|        scalar|
|bucket_sizes_6174_reload          |   in|   32|     ap_none|                                       bucket_sizes_6174_reload|        scalar|
|bucket_sizes_6173_reload          |   in|   32|     ap_none|                                       bucket_sizes_6173_reload|        scalar|
|bucket_sizes_6172_reload          |   in|   32|     ap_none|                                       bucket_sizes_6172_reload|        scalar|
|bucket_sizes_6171_reload          |   in|   32|     ap_none|                                       bucket_sizes_6171_reload|        scalar|
|bucket_pointer_2761_reload        |   in|   32|     ap_none|                                     bucket_pointer_2761_reload|        scalar|
|bucket_pointer_2760_reload        |   in|   32|     ap_none|                                     bucket_pointer_2760_reload|        scalar|
|bucket_pointer_2759_reload        |   in|   32|     ap_none|                                     bucket_pointer_2759_reload|        scalar|
|bucket_pointer_2758_reload        |   in|   32|     ap_none|                                     bucket_pointer_2758_reload|        scalar|
|bucket_pointer_2757_reload        |   in|   32|     ap_none|                                     bucket_pointer_2757_reload|        scalar|
|bucket_pointer_2756_reload        |   in|   32|     ap_none|                                     bucket_pointer_2756_reload|        scalar|
|bucket_pointer_2755_reload        |   in|   32|     ap_none|                                     bucket_pointer_2755_reload|        scalar|
|bucket_pointer_2754_reload        |   in|   32|     ap_none|                                     bucket_pointer_2754_reload|        scalar|
|bucket_pointer_2753_reload        |   in|   32|     ap_none|                                     bucket_pointer_2753_reload|        scalar|
|bucket_pointer_2752_reload        |   in|   32|     ap_none|                                     bucket_pointer_2752_reload|        scalar|
|bucket_pointer_2751_reload        |   in|   32|     ap_none|                                     bucket_pointer_2751_reload|        scalar|
|bucket_pointer_2750_reload        |   in|   32|     ap_none|                                     bucket_pointer_2750_reload|        scalar|
|bucket_pointer_2749_reload        |   in|   32|     ap_none|                                     bucket_pointer_2749_reload|        scalar|
|bucket_pointer_2748_reload        |   in|   32|     ap_none|                                     bucket_pointer_2748_reload|        scalar|
|bucket_pointer_2747_reload        |   in|   32|     ap_none|                                     bucket_pointer_2747_reload|        scalar|
|bucket_pointer_2746_reload        |   in|   32|     ap_none|                                     bucket_pointer_2746_reload|        scalar|
|mul_ln93                          |   in|   19|     ap_none|                                                       mul_ln93|        scalar|
|bucket_address0                   |  out|   19|   ap_memory|                                                         bucket|         array|
|bucket_ce0                        |  out|    1|   ap_memory|                                                         bucket|         array|
|bucket_we0                        |  out|    1|   ap_memory|                                                         bucket|         array|
|bucket_d0                         |  out|   32|   ap_memory|                                                         bucket|         array|
|bucket_address1                   |  out|   19|   ap_memory|                                                         bucket|         array|
|bucket_ce1                        |  out|    1|   ap_memory|                                                         bucket|         array|
|bucket_q1                         |   in|   32|   ap_memory|                                                         bucket|         array|
|mul_cast                          |   in|    5|     ap_none|                                                       mul_cast|        scalar|
|mul_ln95                          |   in|   19|     ap_none|                                                       mul_ln95|        scalar|
|bucket_sizes_6218_out_i           |   in|   32|     ap_ovld|                                          bucket_sizes_6218_out|       pointer|
|bucket_sizes_6218_out_o           |  out|   32|     ap_ovld|                                          bucket_sizes_6218_out|       pointer|
|bucket_sizes_6218_out_o_ap_vld    |  out|    1|     ap_ovld|                                          bucket_sizes_6218_out|       pointer|
|bucket_sizes_6217_out_i           |   in|   32|     ap_ovld|                                          bucket_sizes_6217_out|       pointer|
|bucket_sizes_6217_out_o           |  out|   32|     ap_ovld|                                          bucket_sizes_6217_out|       pointer|
|bucket_sizes_6217_out_o_ap_vld    |  out|    1|     ap_ovld|                                          bucket_sizes_6217_out|       pointer|
|bucket_sizes_6216_out_i           |   in|   32|     ap_ovld|                                          bucket_sizes_6216_out|       pointer|
|bucket_sizes_6216_out_o           |  out|   32|     ap_ovld|                                          bucket_sizes_6216_out|       pointer|
|bucket_sizes_6216_out_o_ap_vld    |  out|    1|     ap_ovld|                                          bucket_sizes_6216_out|       pointer|
|bucket_sizes_6215_out_i           |   in|   32|     ap_ovld|                                          bucket_sizes_6215_out|       pointer|
|bucket_sizes_6215_out_o           |  out|   32|     ap_ovld|                                          bucket_sizes_6215_out|       pointer|
|bucket_sizes_6215_out_o_ap_vld    |  out|    1|     ap_ovld|                                          bucket_sizes_6215_out|       pointer|
|bucket_sizes_6214_out_i           |   in|   32|     ap_ovld|                                          bucket_sizes_6214_out|       pointer|
|bucket_sizes_6214_out_o           |  out|   32|     ap_ovld|                                          bucket_sizes_6214_out|       pointer|
|bucket_sizes_6214_out_o_ap_vld    |  out|    1|     ap_ovld|                                          bucket_sizes_6214_out|       pointer|
|bucket_sizes_6213_out_i           |   in|   32|     ap_ovld|                                          bucket_sizes_6213_out|       pointer|
|bucket_sizes_6213_out_o           |  out|   32|     ap_ovld|                                          bucket_sizes_6213_out|       pointer|
|bucket_sizes_6213_out_o_ap_vld    |  out|    1|     ap_ovld|                                          bucket_sizes_6213_out|       pointer|
|bucket_sizes_6212_out_i           |   in|   32|     ap_ovld|                                          bucket_sizes_6212_out|       pointer|
|bucket_sizes_6212_out_o           |  out|   32|     ap_ovld|                                          bucket_sizes_6212_out|       pointer|
|bucket_sizes_6212_out_o_ap_vld    |  out|    1|     ap_ovld|                                          bucket_sizes_6212_out|       pointer|
|bucket_sizes_6211_out_i           |   in|   32|     ap_ovld|                                          bucket_sizes_6211_out|       pointer|
|bucket_sizes_6211_out_o           |  out|   32|     ap_ovld|                                          bucket_sizes_6211_out|       pointer|
|bucket_sizes_6211_out_o_ap_vld    |  out|    1|     ap_ovld|                                          bucket_sizes_6211_out|       pointer|
|bucket_sizes_6210_out_i           |   in|   32|     ap_ovld|                                          bucket_sizes_6210_out|       pointer|
|bucket_sizes_6210_out_o           |  out|   32|     ap_ovld|                                          bucket_sizes_6210_out|       pointer|
|bucket_sizes_6210_out_o_ap_vld    |  out|    1|     ap_ovld|                                          bucket_sizes_6210_out|       pointer|
|bucket_sizes_6209_out_i           |   in|   32|     ap_ovld|                                          bucket_sizes_6209_out|       pointer|
|bucket_sizes_6209_out_o           |  out|   32|     ap_ovld|                                          bucket_sizes_6209_out|       pointer|
|bucket_sizes_6209_out_o_ap_vld    |  out|    1|     ap_ovld|                                          bucket_sizes_6209_out|       pointer|
|bucket_sizes_6208_out_i           |   in|   32|     ap_ovld|                                          bucket_sizes_6208_out|       pointer|
|bucket_sizes_6208_out_o           |  out|   32|     ap_ovld|                                          bucket_sizes_6208_out|       pointer|
|bucket_sizes_6208_out_o_ap_vld    |  out|    1|     ap_ovld|                                          bucket_sizes_6208_out|       pointer|
|bucket_sizes_6207_out_i           |   in|   32|     ap_ovld|                                          bucket_sizes_6207_out|       pointer|
|bucket_sizes_6207_out_o           |  out|   32|     ap_ovld|                                          bucket_sizes_6207_out|       pointer|
|bucket_sizes_6207_out_o_ap_vld    |  out|    1|     ap_ovld|                                          bucket_sizes_6207_out|       pointer|
|bucket_sizes_6206_out_i           |   in|   32|     ap_ovld|                                          bucket_sizes_6206_out|       pointer|
|bucket_sizes_6206_out_o           |  out|   32|     ap_ovld|                                          bucket_sizes_6206_out|       pointer|
|bucket_sizes_6206_out_o_ap_vld    |  out|    1|     ap_ovld|                                          bucket_sizes_6206_out|       pointer|
|bucket_sizes_6205_out_i           |   in|   32|     ap_ovld|                                          bucket_sizes_6205_out|       pointer|
|bucket_sizes_6205_out_o           |  out|   32|     ap_ovld|                                          bucket_sizes_6205_out|       pointer|
|bucket_sizes_6205_out_o_ap_vld    |  out|    1|     ap_ovld|                                          bucket_sizes_6205_out|       pointer|
|bucket_sizes_6204_out_i           |   in|   32|     ap_ovld|                                          bucket_sizes_6204_out|       pointer|
|bucket_sizes_6204_out_o           |  out|   32|     ap_ovld|                                          bucket_sizes_6204_out|       pointer|
|bucket_sizes_6204_out_o_ap_vld    |  out|    1|     ap_ovld|                                          bucket_sizes_6204_out|       pointer|
|bucket_sizes_6203_out_i           |   in|   32|     ap_ovld|                                          bucket_sizes_6203_out|       pointer|
|bucket_sizes_6203_out_o           |  out|   32|     ap_ovld|                                          bucket_sizes_6203_out|       pointer|
|bucket_sizes_6203_out_o_ap_vld    |  out|    1|     ap_ovld|                                          bucket_sizes_6203_out|       pointer|
|bucket_pointer_2778_out_i         |   in|   32|     ap_ovld|                                        bucket_pointer_2778_out|       pointer|
|bucket_pointer_2778_out_o         |  out|   32|     ap_ovld|                                        bucket_pointer_2778_out|       pointer|
|bucket_pointer_2778_out_o_ap_vld  |  out|    1|     ap_ovld|                                        bucket_pointer_2778_out|       pointer|
|bucket_pointer_2777_out_i         |   in|   32|     ap_ovld|                                        bucket_pointer_2777_out|       pointer|
|bucket_pointer_2777_out_o         |  out|   32|     ap_ovld|                                        bucket_pointer_2777_out|       pointer|
|bucket_pointer_2777_out_o_ap_vld  |  out|    1|     ap_ovld|                                        bucket_pointer_2777_out|       pointer|
|bucket_pointer_2776_out_i         |   in|   32|     ap_ovld|                                        bucket_pointer_2776_out|       pointer|
|bucket_pointer_2776_out_o         |  out|   32|     ap_ovld|                                        bucket_pointer_2776_out|       pointer|
|bucket_pointer_2776_out_o_ap_vld  |  out|    1|     ap_ovld|                                        bucket_pointer_2776_out|       pointer|
|bucket_pointer_2775_out_i         |   in|   32|     ap_ovld|                                        bucket_pointer_2775_out|       pointer|
|bucket_pointer_2775_out_o         |  out|   32|     ap_ovld|                                        bucket_pointer_2775_out|       pointer|
|bucket_pointer_2775_out_o_ap_vld  |  out|    1|     ap_ovld|                                        bucket_pointer_2775_out|       pointer|
|bucket_pointer_2774_out_i         |   in|   32|     ap_ovld|                                        bucket_pointer_2774_out|       pointer|
|bucket_pointer_2774_out_o         |  out|   32|     ap_ovld|                                        bucket_pointer_2774_out|       pointer|
|bucket_pointer_2774_out_o_ap_vld  |  out|    1|     ap_ovld|                                        bucket_pointer_2774_out|       pointer|
|bucket_pointer_2773_out_i         |   in|   32|     ap_ovld|                                        bucket_pointer_2773_out|       pointer|
|bucket_pointer_2773_out_o         |  out|   32|     ap_ovld|                                        bucket_pointer_2773_out|       pointer|
|bucket_pointer_2773_out_o_ap_vld  |  out|    1|     ap_ovld|                                        bucket_pointer_2773_out|       pointer|
|bucket_pointer_2772_out_i         |   in|   32|     ap_ovld|                                        bucket_pointer_2772_out|       pointer|
|bucket_pointer_2772_out_o         |  out|   32|     ap_ovld|                                        bucket_pointer_2772_out|       pointer|
|bucket_pointer_2772_out_o_ap_vld  |  out|    1|     ap_ovld|                                        bucket_pointer_2772_out|       pointer|
|bucket_pointer_2771_out_i         |   in|   32|     ap_ovld|                                        bucket_pointer_2771_out|       pointer|
|bucket_pointer_2771_out_o         |  out|   32|     ap_ovld|                                        bucket_pointer_2771_out|       pointer|
|bucket_pointer_2771_out_o_ap_vld  |  out|    1|     ap_ovld|                                        bucket_pointer_2771_out|       pointer|
|bucket_pointer_2770_out_i         |   in|   32|     ap_ovld|                                        bucket_pointer_2770_out|       pointer|
|bucket_pointer_2770_out_o         |  out|   32|     ap_ovld|                                        bucket_pointer_2770_out|       pointer|
|bucket_pointer_2770_out_o_ap_vld  |  out|    1|     ap_ovld|                                        bucket_pointer_2770_out|       pointer|
|bucket_pointer_2769_out_i         |   in|   32|     ap_ovld|                                        bucket_pointer_2769_out|       pointer|
|bucket_pointer_2769_out_o         |  out|   32|     ap_ovld|                                        bucket_pointer_2769_out|       pointer|
|bucket_pointer_2769_out_o_ap_vld  |  out|    1|     ap_ovld|                                        bucket_pointer_2769_out|       pointer|
|bucket_pointer_2768_out_i         |   in|   32|     ap_ovld|                                        bucket_pointer_2768_out|       pointer|
|bucket_pointer_2768_out_o         |  out|   32|     ap_ovld|                                        bucket_pointer_2768_out|       pointer|
|bucket_pointer_2768_out_o_ap_vld  |  out|    1|     ap_ovld|                                        bucket_pointer_2768_out|       pointer|
|bucket_pointer_2767_out_i         |   in|   32|     ap_ovld|                                        bucket_pointer_2767_out|       pointer|
|bucket_pointer_2767_out_o         |  out|   32|     ap_ovld|                                        bucket_pointer_2767_out|       pointer|
|bucket_pointer_2767_out_o_ap_vld  |  out|    1|     ap_ovld|                                        bucket_pointer_2767_out|       pointer|
|bucket_pointer_2766_out_i         |   in|   32|     ap_ovld|                                        bucket_pointer_2766_out|       pointer|
|bucket_pointer_2766_out_o         |  out|   32|     ap_ovld|                                        bucket_pointer_2766_out|       pointer|
|bucket_pointer_2766_out_o_ap_vld  |  out|    1|     ap_ovld|                                        bucket_pointer_2766_out|       pointer|
|bucket_pointer_2765_out_i         |   in|   32|     ap_ovld|                                        bucket_pointer_2765_out|       pointer|
|bucket_pointer_2765_out_o         |  out|   32|     ap_ovld|                                        bucket_pointer_2765_out|       pointer|
|bucket_pointer_2765_out_o_ap_vld  |  out|    1|     ap_ovld|                                        bucket_pointer_2765_out|       pointer|
|bucket_pointer_2764_out_i         |   in|   32|     ap_ovld|                                        bucket_pointer_2764_out|       pointer|
|bucket_pointer_2764_out_o         |  out|   32|     ap_ovld|                                        bucket_pointer_2764_out|       pointer|
|bucket_pointer_2764_out_o_ap_vld  |  out|    1|     ap_ovld|                                        bucket_pointer_2764_out|       pointer|
|bucket_pointer_2763_out_i         |   in|   32|     ap_ovld|                                        bucket_pointer_2763_out|       pointer|
|bucket_pointer_2763_out_o         |  out|   32|     ap_ovld|                                        bucket_pointer_2763_out|       pointer|
|bucket_pointer_2763_out_o_ap_vld  |  out|    1|     ap_ovld|                                        bucket_pointer_2763_out|       pointer|
+----------------------------------+-----+-----+------------+---------------------------------------------------------------+--------------+

