

================================================================
== Vitis HLS Report for 'radix_sort_unified_bucket_pingpong_56_1_Pipeline_initialization'
================================================================
* Date:           Sat Apr 22 15:41:55 2023

* Version:        2022.2 (Build 3670227 on Oct 13 2022)
* Project:        sort_seperate_bucket
* Solution:       solution1 (Vivado IP Flow Target)
* Product family: virtexuplus
* Target device:  xcu280-fsvh2892-2L-e


================================================================
== Performance Estimates
================================================================
+ Timing: 
    * Summary: 
    +--------+----------+----------+------------+
    |  Clock |  Target  | Estimated| Uncertainty|
    +--------+----------+----------+------------+
    |ap_clk  |  10.00 ns|  3.008 ns|     2.70 ns|
    +--------+----------+----------+------------+

+ Latency: 
    * Summary: 
    +---------+---------+----------+----------+--------+--------+---------+
    |  Latency (cycles) |  Latency (absolute) |     Interval    | Pipeline|
    |   min   |   max   |    min   |    max   |   min  |   max  |   Type  |
    +---------+---------+----------+----------+--------+--------+---------+
    |   156252|   156252|  1.563 ms|  1.563 ms|  156252|  156252|       no|
    +---------+---------+----------+----------+--------+--------+---------+

    + Detail: 
        * Instance: 
        N/A

        * Loop: 
        +------------------+---------+---------+----------+-----------+-----------+--------+----------+
        |                  |  Latency (cycles) | Iteration|  Initiation Interval  |  Trip  |          |
        |     Loop Name    |   min   |   max   |  Latency |  achieved |   target  |  Count | Pipelined|
        +------------------+---------+---------+----------+-----------+-----------+--------+----------+
        |- initialization  |   156250|   156250|         2|          1|          1|  156250|       yes|
        +------------------+---------+---------+----------+-----------+-----------+--------+----------+



================================================================
== Utilization Estimates
================================================================
* Summary: 
+---------------------+---------+------+---------+---------+-----+
|         Name        | BRAM_18K|  DSP |    FF   |   LUT   | URAM|
+---------------------+---------+------+---------+---------+-----+
|DSP                  |        -|     -|        -|        -|    -|
|Expression           |        -|     -|        0|      105|    -|
|FIFO                 |        -|     -|        -|        -|    -|
|Instance             |        -|     -|        0|       65|    -|
|Memory               |        -|     -|        -|        -|    -|
|Multiplexer          |        -|     -|        -|      260|    -|
|Register             |        -|     -|       39|        -|    -|
+---------------------+---------+------+---------+---------+-----+
|Total                |        0|     0|       39|      430|    0|
+---------------------+---------+------+---------+---------+-----+
|Available SLR        |     1344|  3008|   869120|   434560|  320|
+---------------------+---------+------+---------+---------+-----+
|Utilization SLR (%)  |        0|     0|       ~0|       ~0|    0|
+---------------------+---------+------+---------+---------+-----+
|Available            |     4032|  9024|  2607360|  1303680|  960|
+---------------------+---------+------+---------+---------+-----+
|Utilization (%)      |        0|     0|       ~0|       ~0|    0|
+---------------------+---------+------+---------+---------+-----+

+ Detail: 
    * Instance: 
    +-----------------------+----------------+---------+----+---+----+-----+
    |        Instance       |     Module     | BRAM_18K| DSP| FF| LUT| URAM|
    +-----------------------+----------------+---------+----+---+----+-----+
    |mux_164_32_1_1_U10634  |mux_164_32_1_1  |        0|   0|  0|  65|    0|
    +-----------------------+----------------+---------+----+---+----+-----+
    |Total                  |                |        0|   0|  0|  65|    0|
    +-----------------------+----------------+---------+----+---+----+-----+

    * DSP: 
    N/A

    * Memory: 
    N/A

    * FIFO: 
    N/A

    * Expression: 
    +------------------------+----------+----+---+----+------------+------------+
    |      Variable Name     | Operation| DSP| FF| LUT| Bitwidth P0| Bitwidth P1|
    +------------------------+----------+----+---+----+------------+------------+
    |add_ln71_fu_373_p2      |         +|   0|  0|  25|          18|           1|
    |add_ln72_fu_456_p2      |         +|   0|  0|  26|          19|          18|
    |bucket_sizes_fu_509_p2  |         +|   0|  0|  39|          32|           1|
    |icmp_ln71_fu_367_p2     |      icmp|   0|  0|  13|          18|          18|
    |ap_enable_pp0           |       xor|   0|  0|   2|           1|           2|
    +------------------------+----------+----+---+----+------------+------------+
    |Total                   |          |   0|  0| 105|          88|          40|
    +------------------------+----------+----+---+----+------------+------------+

    * Multiplexer: 
    +-------------------------+----+-----------+-----+-----------+
    |           Name          | LUT| Input Size| Bits| Total Bits|
    +-------------------------+----+-----------+-----+-----------+
    |ap_done_int              |   9|          2|    1|          2|
    |ap_enable_reg_pp0_iter1  |   9|          2|    1|          2|
    |ap_sig_allocacmp_j_13    |   9|          2|   18|         36|
    |bucket_sizes_1627_out_o  |  14|          3|   32|         96|
    |bucket_sizes_1628_out_o  |  14|          3|   32|         96|
    |bucket_sizes_1629_out_o  |  14|          3|   32|         96|
    |bucket_sizes_1630_out_o  |  14|          3|   32|         96|
    |bucket_sizes_1631_out_o  |  14|          3|   32|         96|
    |bucket_sizes_1632_out_o  |  14|          3|   32|         96|
    |bucket_sizes_1633_out_o  |  14|          3|   32|         96|
    |bucket_sizes_1634_out_o  |  14|          3|   32|         96|
    |bucket_sizes_1635_out_o  |  14|          3|   32|         96|
    |bucket_sizes_1636_out_o  |  14|          3|   32|         96|
    |bucket_sizes_1637_out_o  |  14|          3|   32|         96|
    |bucket_sizes_1638_out_o  |  14|          3|   32|         96|
    |bucket_sizes_1639_out_o  |  14|          3|   32|         96|
    |bucket_sizes_1640_out_o  |  14|          3|   32|         96|
    |bucket_sizes_1641_out_o  |  14|          3|   32|         96|
    |bucket_sizes_1642_out_o  |  14|          3|   32|         96|
    |j_fu_136                 |   9|          2|   18|         36|
    +-------------------------+----+-----------+-----+-----------+
    |Total                    | 260|         56|  550|       1612|
    +-------------------------+----+-----------+-----+-----------+

    * Register: 
    +-------------------------+----+----+-----+-----------+
    |           Name          | FF | LUT| Bits| Const Bits|
    +-------------------------+----+----+-----+-----------+
    |ap_CS_fsm                |   1|   0|    1|          0|
    |ap_done_reg              |   1|   0|    1|          0|
    |ap_enable_reg_pp0_iter1  |   1|   0|    1|          0|
    |j_13_reg_618             |  18|   0|   18|          0|
    |j_fu_136                 |  18|   0|   18|          0|
    +-------------------------+----+----+-----+-----------+
    |Total                    |  39|   0|   39|          0|
    +-------------------------+----+----+-----+-----------+



================================================================
== Interface
================================================================
* Summary: 
+--------------------------------+-----+-----+------------+-----------------------------------------------------------------+--------------+
|            RTL Ports           | Dir | Bits|  Protocol  |                          Source Object                          |    C Type    |
+--------------------------------+-----+-----+------------+-----------------------------------------------------------------+--------------+
|ap_clk                          |   in|    1|  ap_ctrl_hs|  radix_sort_unified_bucket_pingpong.56.1_Pipeline_initialization|  return value|
|ap_rst                          |   in|    1|  ap_ctrl_hs|  radix_sort_unified_bucket_pingpong.56.1_Pipeline_initialization|  return value|
|ap_start                        |   in|    1|  ap_ctrl_hs|  radix_sort_unified_bucket_pingpong.56.1_Pipeline_initialization|  return value|
|ap_done                         |  out|    1|  ap_ctrl_hs|  radix_sort_unified_bucket_pingpong.56.1_Pipeline_initialization|  return value|
|ap_idle                         |  out|    1|  ap_ctrl_hs|  radix_sort_unified_bucket_pingpong.56.1_Pipeline_initialization|  return value|
|ap_ready                        |  out|    1|  ap_ctrl_hs|  radix_sort_unified_bucket_pingpong.56.1_Pipeline_initialization|  return value|
|bucket_sizes_1610_reload        |   in|   32|     ap_none|                                         bucket_sizes_1610_reload|        scalar|
|bucket_sizes_1609_reload        |   in|   32|     ap_none|                                         bucket_sizes_1609_reload|        scalar|
|bucket_sizes_1608_reload        |   in|   32|     ap_none|                                         bucket_sizes_1608_reload|        scalar|
|bucket_sizes_1607_reload        |   in|   32|     ap_none|                                         bucket_sizes_1607_reload|        scalar|
|bucket_sizes_1606_reload        |   in|   32|     ap_none|                                         bucket_sizes_1606_reload|        scalar|
|bucket_sizes_1605_reload        |   in|   32|     ap_none|                                         bucket_sizes_1605_reload|        scalar|
|bucket_sizes_1604_reload        |   in|   32|     ap_none|                                         bucket_sizes_1604_reload|        scalar|
|bucket_sizes_1603_reload        |   in|   32|     ap_none|                                         bucket_sizes_1603_reload|        scalar|
|bucket_sizes_1602_reload        |   in|   32|     ap_none|                                         bucket_sizes_1602_reload|        scalar|
|bucket_sizes_1601_reload        |   in|   32|     ap_none|                                         bucket_sizes_1601_reload|        scalar|
|bucket_sizes_1600_reload        |   in|   32|     ap_none|                                         bucket_sizes_1600_reload|        scalar|
|bucket_sizes_1599_reload        |   in|   32|     ap_none|                                         bucket_sizes_1599_reload|        scalar|
|bucket_sizes_1598_reload        |   in|   32|     ap_none|                                         bucket_sizes_1598_reload|        scalar|
|bucket_sizes_1597_reload        |   in|   32|     ap_none|                                         bucket_sizes_1597_reload|        scalar|
|bucket_sizes_1596_reload        |   in|   32|     ap_none|                                         bucket_sizes_1596_reload|        scalar|
|bucket_sizes_reload             |   in|   32|     ap_none|                                              bucket_sizes_reload|        scalar|
|bucket_address0                 |  out|   19|   ap_memory|                                                           bucket|         array|
|bucket_ce0                      |  out|    1|   ap_memory|                                                           bucket|         array|
|bucket_we0                      |  out|    1|   ap_memory|                                                           bucket|         array|
|bucket_d0                       |  out|   32|   ap_memory|                                                           bucket|         array|
|input_55_address0               |  out|   18|   ap_memory|                                                         input_55|         array|
|input_55_ce0                    |  out|    1|   ap_memory|                                                         input_55|         array|
|input_55_q0                     |   in|   32|   ap_memory|                                                         input_55|         array|
|bucket_sizes_1642_out_i         |   in|   32|     ap_ovld|                                            bucket_sizes_1642_out|       pointer|
|bucket_sizes_1642_out_o         |  out|   32|     ap_ovld|                                            bucket_sizes_1642_out|       pointer|
|bucket_sizes_1642_out_o_ap_vld  |  out|    1|     ap_ovld|                                            bucket_sizes_1642_out|       pointer|
|bucket_sizes_1641_out_i         |   in|   32|     ap_ovld|                                            bucket_sizes_1641_out|       pointer|
|bucket_sizes_1641_out_o         |  out|   32|     ap_ovld|                                            bucket_sizes_1641_out|       pointer|
|bucket_sizes_1641_out_o_ap_vld  |  out|    1|     ap_ovld|                                            bucket_sizes_1641_out|       pointer|
|bucket_sizes_1640_out_i         |   in|   32|     ap_ovld|                                            bucket_sizes_1640_out|       pointer|
|bucket_sizes_1640_out_o         |  out|   32|     ap_ovld|                                            bucket_sizes_1640_out|       pointer|
|bucket_sizes_1640_out_o_ap_vld  |  out|    1|     ap_ovld|                                            bucket_sizes_1640_out|       pointer|
|bucket_sizes_1639_out_i         |   in|   32|     ap_ovld|                                            bucket_sizes_1639_out|       pointer|
|bucket_sizes_1639_out_o         |  out|   32|     ap_ovld|                                            bucket_sizes_1639_out|       pointer|
|bucket_sizes_1639_out_o_ap_vld  |  out|    1|     ap_ovld|                                            bucket_sizes_1639_out|       pointer|
|bucket_sizes_1638_out_i         |   in|   32|     ap_ovld|                                            bucket_sizes_1638_out|       pointer|
|bucket_sizes_1638_out_o         |  out|   32|     ap_ovld|                                            bucket_sizes_1638_out|       pointer|
|bucket_sizes_1638_out_o_ap_vld  |  out|    1|     ap_ovld|                                            bucket_sizes_1638_out|       pointer|
|bucket_sizes_1637_out_i         |   in|   32|     ap_ovld|                                            bucket_sizes_1637_out|       pointer|
|bucket_sizes_1637_out_o         |  out|   32|     ap_ovld|                                            bucket_sizes_1637_out|       pointer|
|bucket_sizes_1637_out_o_ap_vld  |  out|    1|     ap_ovld|                                            bucket_sizes_1637_out|       pointer|
|bucket_sizes_1636_out_i         |   in|   32|     ap_ovld|                                            bucket_sizes_1636_out|       pointer|
|bucket_sizes_1636_out_o         |  out|   32|     ap_ovld|                                            bucket_sizes_1636_out|       pointer|
|bucket_sizes_1636_out_o_ap_vld  |  out|    1|     ap_ovld|                                            bucket_sizes_1636_out|       pointer|
|bucket_sizes_1635_out_i         |   in|   32|     ap_ovld|                                            bucket_sizes_1635_out|       pointer|
|bucket_sizes_1635_out_o         |  out|   32|     ap_ovld|                                            bucket_sizes_1635_out|       pointer|
|bucket_sizes_1635_out_o_ap_vld  |  out|    1|     ap_ovld|                                            bucket_sizes_1635_out|       pointer|
|bucket_sizes_1634_out_i         |   in|   32|     ap_ovld|                                            bucket_sizes_1634_out|       pointer|
|bucket_sizes_1634_out_o         |  out|   32|     ap_ovld|                                            bucket_sizes_1634_out|       pointer|
|bucket_sizes_1634_out_o_ap_vld  |  out|    1|     ap_ovld|                                            bucket_sizes_1634_out|       pointer|
|bucket_sizes_1633_out_i         |   in|   32|     ap_ovld|                                            bucket_sizes_1633_out|       pointer|
|bucket_sizes_1633_out_o         |  out|   32|     ap_ovld|                                            bucket_sizes_1633_out|       pointer|
|bucket_sizes_1633_out_o_ap_vld  |  out|    1|     ap_ovld|                                            bucket_sizes_1633_out|       pointer|
|bucket_sizes_1632_out_i         |   in|   32|     ap_ovld|                                            bucket_sizes_1632_out|       pointer|
|bucket_sizes_1632_out_o         |  out|   32|     ap_ovld|                                            bucket_sizes_1632_out|       pointer|
|bucket_sizes_1632_out_o_ap_vld  |  out|    1|     ap_ovld|                                            bucket_sizes_1632_out|       pointer|
|bucket_sizes_1631_out_i         |   in|   32|     ap_ovld|                                            bucket_sizes_1631_out|       pointer|
|bucket_sizes_1631_out_o         |  out|   32|     ap_ovld|                                            bucket_sizes_1631_out|       pointer|
|bucket_sizes_1631_out_o_ap_vld  |  out|    1|     ap_ovld|                                            bucket_sizes_1631_out|       pointer|
|bucket_sizes_1630_out_i         |   in|   32|     ap_ovld|                                            bucket_sizes_1630_out|       pointer|
|bucket_sizes_1630_out_o         |  out|   32|     ap_ovld|                                            bucket_sizes_1630_out|       pointer|
|bucket_sizes_1630_out_o_ap_vld  |  out|    1|     ap_ovld|                                            bucket_sizes_1630_out|       pointer|
|bucket_sizes_1629_out_i         |   in|   32|     ap_ovld|                                            bucket_sizes_1629_out|       pointer|
|bucket_sizes_1629_out_o         |  out|   32|     ap_ovld|                                            bucket_sizes_1629_out|       pointer|
|bucket_sizes_1629_out_o_ap_vld  |  out|    1|     ap_ovld|                                            bucket_sizes_1629_out|       pointer|
|bucket_sizes_1628_out_i         |   in|   32|     ap_ovld|                                            bucket_sizes_1628_out|       pointer|
|bucket_sizes_1628_out_o         |  out|   32|     ap_ovld|                                            bucket_sizes_1628_out|       pointer|
|bucket_sizes_1628_out_o_ap_vld  |  out|    1|     ap_ovld|                                            bucket_sizes_1628_out|       pointer|
|bucket_sizes_1627_out_i         |   in|   32|     ap_ovld|                                            bucket_sizes_1627_out|       pointer|
|bucket_sizes_1627_out_o         |  out|   32|     ap_ovld|                                            bucket_sizes_1627_out|       pointer|
|bucket_sizes_1627_out_o_ap_vld  |  out|    1|     ap_ovld|                                            bucket_sizes_1627_out|       pointer|
+--------------------------------+-----+-----+------------+-----------------------------------------------------------------+--------------+

