

================================================================
== Vitis HLS Report for 'radix_sort_unified_bucket_pingpong_16_1_Pipeline_bucket_pointer_initialization'
================================================================
* Date:           Sat Apr 22 15:39:33 2023

* Version:        2022.2 (Build 3670227 on Oct 13 2022)
* Project:        sort_seperate_bucket
* Solution:       solution1 (Vivado IP Flow Target)
* Product family: virtexuplus
* Target device:  xcu280-fsvh2892-2L-e


================================================================
== Performance Estimates
================================================================
+ Timing: 
    * Summary: 
    +--------+----------+----------+------------+
    |  Clock |  Target  | Estimated| Uncertainty|
    +--------+----------+----------+------------+
    |ap_clk  |  10.00 ns|  1.760 ns|     2.70 ns|
    +--------+----------+----------+------------+

+ Latency: 
    * Summary: 
    +---------+---------+----------+----------+-----+-----+---------+
    |  Latency (cycles) |  Latency (absolute) |  Interval | Pipeline|
    |   min   |   max   |    min   |    max   | min | max |   Type  |
    +---------+---------+----------+----------+-----+-----+---------+
    |       18|       18|  0.180 us|  0.180 us|   18|   18|       no|
    +---------+---------+----------+----------+-----+-----+---------+

    + Detail: 
        * Instance: 
        N/A

        * Loop: 
        +---------------------------------+---------+---------+----------+-----------+-----------+------+----------+
        |                                 |  Latency (cycles) | Iteration|  Initiation Interval  | Trip |          |
        |            Loop Name            |   min   |   max   |  Latency |  achieved |   target  | Count| Pipelined|
        +---------------------------------+---------+---------+----------+-----------+-----------+------+----------+
        |- bucket_pointer_initialization  |       16|       16|         1|          1|          1|    16|       yes|
        +---------------------------------+---------+---------+----------+-----------+-----------+------+----------+



================================================================
== Utilization Estimates
================================================================
* Summary: 
+---------------------+---------+------+---------+---------+-----+
|         Name        | BRAM_18K|  DSP |    FF   |   LUT   | URAM|
+---------------------+---------+------+---------+---------+-----+
|DSP                  |        -|     -|        -|        -|    -|
|Expression           |        -|     -|        0|       95|    -|
|FIFO                 |        -|     -|        -|        -|    -|
|Instance             |        -|     -|        0|       65|    -|
|Memory               |        -|     -|        -|        -|    -|
|Multiplexer          |        -|     -|        -|      324|    -|
|Register             |        -|     -|     1064|        -|    -|
+---------------------+---------+------+---------+---------+-----+
|Total                |        0|     0|     1064|      484|    0|
+---------------------+---------+------+---------+---------+-----+
|Available SLR        |     1344|  3008|   869120|   434560|  320|
+---------------------+---------+------+---------+---------+-----+
|Utilization SLR (%)  |        0|     0|       ~0|       ~0|    0|
+---------------------+---------+------+---------+---------+-----+
|Available            |     4032|  9024|  2607360|  1303680|  960|
+---------------------+---------+------+---------+---------+-----+
|Utilization (%)      |        0|     0|       ~0|       ~0|    0|
+---------------------+---------+------+---------+---------+-----+

+ Detail: 
    * Instance: 
    +----------------------+----------------+---------+----+---+----+-----+
    |       Instance       |     Module     | BRAM_18K| DSP| FF| LUT| URAM|
    +----------------------+----------------+---------+----+---+----+-----+
    |mux_164_32_1_1_U2949  |mux_164_32_1_1  |        0|   0|  0|  65|    0|
    +----------------------+----------------+---------+----+---+----+-----+
    |Total                 |                |        0|   0|  0|  65|    0|
    +----------------------+----------------+---------+----+---+----+-----+

    * DSP: 
    N/A

    * Memory: 
    N/A

    * FIFO: 
    N/A

    * Expression: 
    +--------------------------------+----------+----+---+----+------------+------------+
    |          Variable Name         | Operation| DSP| FF| LUT| Bitwidth P0| Bitwidth P1|
    +--------------------------------+----------+----+---+----+------------+------------+
    |add_ln85_fu_922_p2              |         +|   0|  0|  12|           5|           1|
    |next_bucket_pointer_fu_1018_p2  |         +|   0|  0|  39|          32|          32|
    |ap_condition_505                |       and|   0|  0|   2|           1|           1|
    |ap_condition_508                |       and|   0|  0|   2|           1|           1|
    |ap_condition_511                |       and|   0|  0|   2|           1|           1|
    |ap_condition_514                |       and|   0|  0|   2|           1|           1|
    |ap_condition_517                |       and|   0|  0|   2|           1|           1|
    |ap_condition_520                |       and|   0|  0|   2|           1|           1|
    |ap_condition_523                |       and|   0|  0|   2|           1|           1|
    |ap_condition_526                |       and|   0|  0|   2|           1|           1|
    |ap_condition_529                |       and|   0|  0|   2|           1|           1|
    |ap_condition_532                |       and|   0|  0|   2|           1|           1|
    |ap_condition_535                |       and|   0|  0|   2|           1|           1|
    |ap_condition_538                |       and|   0|  0|   2|           1|           1|
    |ap_condition_541                |       and|   0|  0|   2|           1|           1|
    |ap_condition_544                |       and|   0|  0|   2|           1|           1|
    |ap_condition_547                |       and|   0|  0|   2|           1|           1|
    |ap_condition_550                |       and|   0|  0|   2|           1|           1|
    |icmp_ln85_fu_916_p2             |      icmp|   0|  0|  10|           5|           6|
    |ap_enable_pp0                   |       xor|   0|  0|   2|           1|           2|
    +--------------------------------+----------+----+---+----+------------+------------+
    |Total                           |          |   0|  0|  95|          59|          57|
    +--------------------------------+----------+----+---+----+------------+------------+

    * Multiplexer: 
    +----------------------------+----+-----------+-----+-----------+
    |            Name            | LUT| Input Size| Bits| Total Bits|
    +----------------------------+----+-----------+-----+-----------+
    |ap_done_int                 |   9|          2|    1|          2|
    |ap_enable_reg_pp0_iter1     |   9|          2|    1|          2|
    |bucket_pointer_1871_fu_192  |   9|          2|   32|         64|
    |bucket_pointer_1872_fu_196  |   9|          2|   32|         64|
    |bucket_pointer_1873_fu_200  |   9|          2|   32|         64|
    |bucket_pointer_1874_fu_204  |   9|          2|   32|         64|
    |bucket_pointer_1875_fu_208  |   9|          2|   32|         64|
    |bucket_pointer_1876_fu_212  |   9|          2|   32|         64|
    |bucket_pointer_1877_fu_216  |   9|          2|   32|         64|
    |bucket_pointer_1878_fu_220  |   9|          2|   32|         64|
    |bucket_pointer_1879_fu_224  |   9|          2|   32|         64|
    |bucket_pointer_1880_fu_228  |   9|          2|   32|         64|
    |bucket_pointer_1881_fu_232  |   9|          2|   32|         64|
    |bucket_pointer_1882_fu_236  |   9|          2|   32|         64|
    |bucket_pointer_1883_fu_240  |   9|          2|   32|         64|
    |bucket_pointer_1884_fu_244  |   9|          2|   32|         64|
    |bucket_pointer_1885_fu_248  |   9|          2|   32|         64|
    |bucket_pointer_1886_fu_252  |   9|          2|   32|         64|
    |bucket_pointer_1887_fu_256  |   9|          2|   32|         64|
    |bucket_sizes_2461_fu_264    |   9|          2|   32|         64|
    |bucket_sizes_2462_fu_268    |   9|          2|   32|         64|
    |bucket_sizes_2463_fu_272    |   9|          2|   32|         64|
    |bucket_sizes_2464_fu_276    |   9|          2|   32|         64|
    |bucket_sizes_2465_fu_280    |   9|          2|   32|         64|
    |bucket_sizes_2466_fu_284    |   9|          2|   32|         64|
    |bucket_sizes_2467_fu_288    |   9|          2|   32|         64|
    |bucket_sizes_2468_fu_292    |   9|          2|   32|         64|
    |bucket_sizes_2469_fu_296    |   9|          2|   32|         64|
    |bucket_sizes_2470_fu_300    |   9|          2|   32|         64|
    |bucket_sizes_2471_fu_304    |   9|          2|   32|         64|
    |bucket_sizes_2472_fu_308    |   9|          2|   32|         64|
    |bucket_sizes_2473_fu_312    |   9|          2|   32|         64|
    |bucket_sizes_2474_fu_316    |   9|          2|   32|         64|
    |bucket_sizes_2475_fu_320    |   9|          2|   32|         64|
    |bucket_sizes_fu_260         |   9|          2|   32|         64|
    |m_fu_188                    |   9|          2|    5|         10|
    +----------------------------+----+-----------+-----+-----------+
    |Total                       | 324|         72| 1063|       2126|
    +----------------------------+----+-----------+-----+-----------+

    * Register: 
    +----------------------------+----+----+-----+-----------+
    |            Name            | FF | LUT| Bits| Const Bits|
    +----------------------------+----+----+-----+-----------+
    |ap_CS_fsm                   |   1|   0|    1|          0|
    |ap_done_reg                 |   1|   0|    1|          0|
    |ap_enable_reg_pp0_iter1     |   1|   0|    1|          0|
    |bucket_pointer_1871_fu_192  |  32|   0|   32|          0|
    |bucket_pointer_1872_fu_196  |  32|   0|   32|          0|
    |bucket_pointer_1873_fu_200  |  32|   0|   32|          0|
    |bucket_pointer_1874_fu_204  |  32|   0|   32|          0|
    |bucket_pointer_1875_fu_208  |  32|   0|   32|          0|
    |bucket_pointer_1876_fu_212  |  32|   0|   32|          0|
    |bucket_pointer_1877_fu_216  |  32|   0|   32|          0|
    |bucket_pointer_1878_fu_220  |  32|   0|   32|          0|
    |bucket_pointer_1879_fu_224  |  32|   0|   32|          0|
    |bucket_pointer_1880_fu_228  |  32|   0|   32|          0|
    |bucket_pointer_1881_fu_232  |  32|   0|   32|          0|
    |bucket_pointer_1882_fu_236  |  32|   0|   32|          0|
    |bucket_pointer_1883_fu_240  |  32|   0|   32|          0|
    |bucket_pointer_1884_fu_244  |  32|   0|   32|          0|
    |bucket_pointer_1885_fu_248  |  32|   0|   32|          0|
    |bucket_pointer_1886_fu_252  |  32|   0|   32|          0|
    |bucket_pointer_1887_fu_256  |  32|   0|   32|          0|
    |bucket_sizes_2461_fu_264    |  32|   0|   32|          0|
    |bucket_sizes_2462_fu_268    |  32|   0|   32|          0|
    |bucket_sizes_2463_fu_272    |  32|   0|   32|          0|
    |bucket_sizes_2464_fu_276    |  32|   0|   32|          0|
    |bucket_sizes_2465_fu_280    |  32|   0|   32|          0|
    |bucket_sizes_2466_fu_284    |  32|   0|   32|          0|
    |bucket_sizes_2467_fu_288    |  32|   0|   32|          0|
    |bucket_sizes_2468_fu_292    |  32|   0|   32|          0|
    |bucket_sizes_2469_fu_296    |  32|   0|   32|          0|
    |bucket_sizes_2470_fu_300    |  32|   0|   32|          0|
    |bucket_sizes_2471_fu_304    |  32|   0|   32|          0|
    |bucket_sizes_2472_fu_308    |  32|   0|   32|          0|
    |bucket_sizes_2473_fu_312    |  32|   0|   32|          0|
    |bucket_sizes_2474_fu_316    |  32|   0|   32|          0|
    |bucket_sizes_2475_fu_320    |  32|   0|   32|          0|
    |bucket_sizes_fu_260         |  32|   0|   32|          0|
    |m_fu_188                    |   5|   0|    5|          0|
    +----------------------------+----+----+-----+-----------+
    |Total                       |1064|   0| 1064|          0|
    +----------------------------+----+----+-----+-----------+



================================================================
== Interface
================================================================
* Summary: 
+--------------------------------+-----+-----+------------+--------------------------------------------------------------------------------+--------------+
|            RTL Ports           | Dir | Bits|  Protocol  |                                  Source Object                                 |    C Type    |
+--------------------------------+-----+-----+------------+--------------------------------------------------------------------------------+--------------+
|ap_clk                          |   in|    1|  ap_ctrl_hs|  radix_sort_unified_bucket_pingpong.16.1_Pipeline_bucket_pointer_initialization|  return value|
|ap_rst                          |   in|    1|  ap_ctrl_hs|  radix_sort_unified_bucket_pingpong.16.1_Pipeline_bucket_pointer_initialization|  return value|
|ap_start                        |   in|    1|  ap_ctrl_hs|  radix_sort_unified_bucket_pingpong.16.1_Pipeline_bucket_pointer_initialization|  return value|
|ap_done                         |  out|    1|  ap_ctrl_hs|  radix_sort_unified_bucket_pingpong.16.1_Pipeline_bucket_pointer_initialization|  return value|
|ap_idle                         |  out|    1|  ap_ctrl_hs|  radix_sort_unified_bucket_pingpong.16.1_Pipeline_bucket_pointer_initialization|  return value|
|ap_ready                        |  out|    1|  ap_ctrl_hs|  radix_sort_unified_bucket_pingpong.16.1_Pipeline_bucket_pointer_initialization|  return value|
|bucket_sizes_8054               |   in|   32|     ap_none|                                                               bucket_sizes_8054|        scalar|
|bucket_sizes_8053               |   in|   32|     ap_none|                                                               bucket_sizes_8053|        scalar|
|bucket_sizes_8052               |   in|   32|     ap_none|                                                               bucket_sizes_8052|        scalar|
|bucket_sizes_8051               |   in|   32|     ap_none|                                                               bucket_sizes_8051|        scalar|
|bucket_sizes_8050               |   in|   32|     ap_none|                                                               bucket_sizes_8050|        scalar|
|bucket_sizes_8049               |   in|   32|     ap_none|                                                               bucket_sizes_8049|        scalar|
|bucket_sizes_8048               |   in|   32|     ap_none|                                                               bucket_sizes_8048|        scalar|
|bucket_sizes_8047               |   in|   32|     ap_none|                                                               bucket_sizes_8047|        scalar|
|bucket_sizes_8046               |   in|   32|     ap_none|                                                               bucket_sizes_8046|        scalar|
|bucket_sizes_8045               |   in|   32|     ap_none|                                                               bucket_sizes_8045|        scalar|
|bucket_sizes_8044               |   in|   32|     ap_none|                                                               bucket_sizes_8044|        scalar|
|bucket_sizes_8043               |   in|   32|     ap_none|                                                               bucket_sizes_8043|        scalar|
|bucket_sizes_8042               |   in|   32|     ap_none|                                                               bucket_sizes_8042|        scalar|
|bucket_sizes_8041               |   in|   32|     ap_none|                                                               bucket_sizes_8041|        scalar|
|bucket_sizes_8040               |   in|   32|     ap_none|                                                               bucket_sizes_8040|        scalar|
|bucket_sizes_8023               |   in|   32|     ap_none|                                                               bucket_sizes_8023|        scalar|
|bucket_pointer_3590             |   in|   32|     ap_none|                                                             bucket_pointer_3590|        scalar|
|bucket_pointer_3589             |   in|   32|     ap_none|                                                             bucket_pointer_3589|        scalar|
|bucket_pointer_3588             |   in|   32|     ap_none|                                                             bucket_pointer_3588|        scalar|
|bucket_pointer_3587             |   in|   32|     ap_none|                                                             bucket_pointer_3587|        scalar|
|bucket_pointer_3586             |   in|   32|     ap_none|                                                             bucket_pointer_3586|        scalar|
|bucket_pointer_3585             |   in|   32|     ap_none|                                                             bucket_pointer_3585|        scalar|
|bucket_pointer_3584             |   in|   32|     ap_none|                                                             bucket_pointer_3584|        scalar|
|bucket_pointer_3583             |   in|   32|     ap_none|                                                             bucket_pointer_3583|        scalar|
|bucket_pointer_3582             |   in|   32|     ap_none|                                                             bucket_pointer_3582|        scalar|
|bucket_pointer_3581             |   in|   32|     ap_none|                                                             bucket_pointer_3581|        scalar|
|bucket_pointer_3580             |   in|   32|     ap_none|                                                             bucket_pointer_3580|        scalar|
|bucket_pointer_3579             |   in|   32|     ap_none|                                                             bucket_pointer_3579|        scalar|
|bucket_pointer_3578             |   in|   32|     ap_none|                                                             bucket_pointer_3578|        scalar|
|bucket_pointer_3577             |   in|   32|     ap_none|                                                             bucket_pointer_3577|        scalar|
|bucket_pointer_3576             |   in|   32|     ap_none|                                                             bucket_pointer_3576|        scalar|
|bucket_pointer                  |   in|   32|     ap_none|                                                                  bucket_pointer|        scalar|
|bucket_sizes_8071_out           |  out|   32|      ap_vld|                                                           bucket_sizes_8071_out|       pointer|
|bucket_sizes_8071_out_ap_vld    |  out|    1|      ap_vld|                                                           bucket_sizes_8071_out|       pointer|
|bucket_sizes_8070_out           |  out|   32|      ap_vld|                                                           bucket_sizes_8070_out|       pointer|
|bucket_sizes_8070_out_ap_vld    |  out|    1|      ap_vld|                                                           bucket_sizes_8070_out|       pointer|
|bucket_sizes_8069_out           |  out|   32|      ap_vld|                                                           bucket_sizes_8069_out|       pointer|
|bucket_sizes_8069_out_ap_vld    |  out|    1|      ap_vld|                                                           bucket_sizes_8069_out|       pointer|
|bucket_sizes_8068_out           |  out|   32|      ap_vld|                                                           bucket_sizes_8068_out|       pointer|
|bucket_sizes_8068_out_ap_vld    |  out|    1|      ap_vld|                                                           bucket_sizes_8068_out|       pointer|
|bucket_sizes_8067_out           |  out|   32|      ap_vld|                                                           bucket_sizes_8067_out|       pointer|
|bucket_sizes_8067_out_ap_vld    |  out|    1|      ap_vld|                                                           bucket_sizes_8067_out|       pointer|
|bucket_sizes_8066_out           |  out|   32|      ap_vld|                                                           bucket_sizes_8066_out|       pointer|
|bucket_sizes_8066_out_ap_vld    |  out|    1|      ap_vld|                                                           bucket_sizes_8066_out|       pointer|
|bucket_sizes_8065_out           |  out|   32|      ap_vld|                                                           bucket_sizes_8065_out|       pointer|
|bucket_sizes_8065_out_ap_vld    |  out|    1|      ap_vld|                                                           bucket_sizes_8065_out|       pointer|
|bucket_sizes_8064_out           |  out|   32|      ap_vld|                                                           bucket_sizes_8064_out|       pointer|
|bucket_sizes_8064_out_ap_vld    |  out|    1|      ap_vld|                                                           bucket_sizes_8064_out|       pointer|
|bucket_sizes_8063_out           |  out|   32|      ap_vld|                                                           bucket_sizes_8063_out|       pointer|
|bucket_sizes_8063_out_ap_vld    |  out|    1|      ap_vld|                                                           bucket_sizes_8063_out|       pointer|
|bucket_sizes_8062_out           |  out|   32|      ap_vld|                                                           bucket_sizes_8062_out|       pointer|
|bucket_sizes_8062_out_ap_vld    |  out|    1|      ap_vld|                                                           bucket_sizes_8062_out|       pointer|
|bucket_sizes_8061_out           |  out|   32|      ap_vld|                                                           bucket_sizes_8061_out|       pointer|
|bucket_sizes_8061_out_ap_vld    |  out|    1|      ap_vld|                                                           bucket_sizes_8061_out|       pointer|
|bucket_sizes_8060_out           |  out|   32|      ap_vld|                                                           bucket_sizes_8060_out|       pointer|
|bucket_sizes_8060_out_ap_vld    |  out|    1|      ap_vld|                                                           bucket_sizes_8060_out|       pointer|
|bucket_sizes_8059_out           |  out|   32|      ap_vld|                                                           bucket_sizes_8059_out|       pointer|
|bucket_sizes_8059_out_ap_vld    |  out|    1|      ap_vld|                                                           bucket_sizes_8059_out|       pointer|
|bucket_sizes_8058_out           |  out|   32|      ap_vld|                                                           bucket_sizes_8058_out|       pointer|
|bucket_sizes_8058_out_ap_vld    |  out|    1|      ap_vld|                                                           bucket_sizes_8058_out|       pointer|
|bucket_sizes_8057_out           |  out|   32|      ap_vld|                                                           bucket_sizes_8057_out|       pointer|
|bucket_sizes_8057_out_ap_vld    |  out|    1|      ap_vld|                                                           bucket_sizes_8057_out|       pointer|
|bucket_sizes_8056_out           |  out|   32|      ap_vld|                                                           bucket_sizes_8056_out|       pointer|
|bucket_sizes_8056_out_ap_vld    |  out|    1|      ap_vld|                                                           bucket_sizes_8056_out|       pointer|
|bucket_pointer_3606_out         |  out|   32|      ap_vld|                                                         bucket_pointer_3606_out|       pointer|
|bucket_pointer_3606_out_ap_vld  |  out|    1|      ap_vld|                                                         bucket_pointer_3606_out|       pointer|
|bucket_pointer_3605_out         |  out|   32|      ap_vld|                                                         bucket_pointer_3605_out|       pointer|
|bucket_pointer_3605_out_ap_vld  |  out|    1|      ap_vld|                                                         bucket_pointer_3605_out|       pointer|
|bucket_pointer_3604_out         |  out|   32|      ap_vld|                                                         bucket_pointer_3604_out|       pointer|
|bucket_pointer_3604_out_ap_vld  |  out|    1|      ap_vld|                                                         bucket_pointer_3604_out|       pointer|
|bucket_pointer_3603_out         |  out|   32|      ap_vld|                                                         bucket_pointer_3603_out|       pointer|
|bucket_pointer_3603_out_ap_vld  |  out|    1|      ap_vld|                                                         bucket_pointer_3603_out|       pointer|
|bucket_pointer_3602_out         |  out|   32|      ap_vld|                                                         bucket_pointer_3602_out|       pointer|
|bucket_pointer_3602_out_ap_vld  |  out|    1|      ap_vld|                                                         bucket_pointer_3602_out|       pointer|
|bucket_pointer_3601_out         |  out|   32|      ap_vld|                                                         bucket_pointer_3601_out|       pointer|
|bucket_pointer_3601_out_ap_vld  |  out|    1|      ap_vld|                                                         bucket_pointer_3601_out|       pointer|
|bucket_pointer_3600_out         |  out|   32|      ap_vld|                                                         bucket_pointer_3600_out|       pointer|
|bucket_pointer_3600_out_ap_vld  |  out|    1|      ap_vld|                                                         bucket_pointer_3600_out|       pointer|
|bucket_pointer_3599_out         |  out|   32|      ap_vld|                                                         bucket_pointer_3599_out|       pointer|
|bucket_pointer_3599_out_ap_vld  |  out|    1|      ap_vld|                                                         bucket_pointer_3599_out|       pointer|
|bucket_pointer_3598_out         |  out|   32|      ap_vld|                                                         bucket_pointer_3598_out|       pointer|
|bucket_pointer_3598_out_ap_vld  |  out|    1|      ap_vld|                                                         bucket_pointer_3598_out|       pointer|
|bucket_pointer_3597_out         |  out|   32|      ap_vld|                                                         bucket_pointer_3597_out|       pointer|
|bucket_pointer_3597_out_ap_vld  |  out|    1|      ap_vld|                                                         bucket_pointer_3597_out|       pointer|
|bucket_pointer_3596_out         |  out|   32|      ap_vld|                                                         bucket_pointer_3596_out|       pointer|
|bucket_pointer_3596_out_ap_vld  |  out|    1|      ap_vld|                                                         bucket_pointer_3596_out|       pointer|
|bucket_pointer_3595_out         |  out|   32|      ap_vld|                                                         bucket_pointer_3595_out|       pointer|
|bucket_pointer_3595_out_ap_vld  |  out|    1|      ap_vld|                                                         bucket_pointer_3595_out|       pointer|
|bucket_pointer_3594_out         |  out|   32|      ap_vld|                                                         bucket_pointer_3594_out|       pointer|
|bucket_pointer_3594_out_ap_vld  |  out|    1|      ap_vld|                                                         bucket_pointer_3594_out|       pointer|
|bucket_pointer_3593_out         |  out|   32|      ap_vld|                                                         bucket_pointer_3593_out|       pointer|
|bucket_pointer_3593_out_ap_vld  |  out|    1|      ap_vld|                                                         bucket_pointer_3593_out|       pointer|
|bucket_pointer_3592_out         |  out|   32|      ap_vld|                                                         bucket_pointer_3592_out|       pointer|
|bucket_pointer_3592_out_ap_vld  |  out|    1|      ap_vld|                                                         bucket_pointer_3592_out|       pointer|
|bucket_pointer_3591_out         |  out|   32|      ap_vld|                                                         bucket_pointer_3591_out|       pointer|
|bucket_pointer_3591_out_ap_vld  |  out|    1|      ap_vld|                                                         bucket_pointer_3591_out|       pointer|
+--------------------------------+-----+-----+------------+--------------------------------------------------------------------------------+--------------+

