

================================================================
== Vitis HLS Report for 'radix_sort_hex_batch_2_1_Pipeline_input_bucket'
================================================================
* Date:           Mon Apr 24 22:40:57 2023

* Version:        2022.2 (Build 3670227 on Oct 13 2022)
* Project:        sort_seperate_bucket
* Solution:       solution1 (Vivado IP Flow Target)
* Product family: virtexuplus
* Target device:  xcu280-fsvh2892-2L-e


================================================================
== Performance Estimates
================================================================
+ Timing: 
    * Summary: 
    +--------+----------+----------+------------+
    |  Clock |  Target  | Estimated| Uncertainty|
    +--------+----------+----------+------------+
    |ap_clk  |  10.00 ns|  5.044 ns|     2.70 ns|
    +--------+----------+----------+------------+

+ Latency: 
    * Summary: 
    +---------+---------+----------+----------+-------+-------+---------+
    |  Latency (cycles) |  Latency (absolute) |    Interval   | Pipeline|
    |   min   |   max   |    min   |    max   |  min  |  max  |   Type  |
    +---------+---------+----------+----------+-------+-------+---------+
    |    15627|    15627|  0.156 ms|  0.156 ms|  15627|  15627|       no|
    +---------+---------+----------+----------+-------+-------+---------+

    + Detail: 
        * Instance: 
        N/A

        * Loop: 
        +----------------+---------+---------+----------+-----------+-----------+-------+----------+
        |                |  Latency (cycles) | Iteration|  Initiation Interval  |  Trip |          |
        |    Loop Name   |   min   |   max   |  Latency |  achieved |   target  | Count | Pipelined|
        +----------------+---------+---------+----------+-----------+-----------+-------+----------+
        |- input_bucket  |    15625|    15625|         2|          1|          1|  15625|       yes|
        +----------------+---------+---------+----------+-----------+-----------+-------+----------+



================================================================
== Utilization Estimates
================================================================
* Summary: 
+---------------------+---------+------+---------+---------+-----+
|         Name        | BRAM_18K|  DSP |    FF   |   LUT   | URAM|
+---------------------+---------+------+---------+---------+-----+
|DSP                  |        -|     -|        -|        -|    -|
|Expression           |        -|     -|        0|      310|    -|
|FIFO                 |        -|     -|        -|        -|    -|
|Instance             |        -|     -|        0|      130|    -|
|Memory               |        -|     -|        -|        -|    -|
|Multiplexer          |        -|     -|        -|      502|    -|
|Register             |        -|     -|      133|        -|    -|
+---------------------+---------+------+---------+---------+-----+
|Total                |        0|     0|      133|      942|    0|
+---------------------+---------+------+---------+---------+-----+
|Available SLR        |     1344|  3008|   869120|   434560|  320|
+---------------------+---------+------+---------+---------+-----+
|Utilization SLR (%)  |        0|     0|       ~0|       ~0|    0|
+---------------------+---------+------+---------+---------+-----+
|Available            |     4032|  9024|  2607360|  1303680|  960|
+---------------------+---------+------+---------+---------+-----+
|Utilization (%)      |        0|     0|       ~0|       ~0|    0|
+---------------------+---------+------+---------+---------+-----+

+ Detail: 
    * Instance: 
    +---------------------+----------------+---------+----+---+----+-----+
    |       Instance      |     Module     | BRAM_18K| DSP| FF| LUT| URAM|
    +---------------------+----------------+---------+----+---+----+-----+
    |mux_164_32_1_1_U312  |mux_164_32_1_1  |        0|   0|  0|  65|    0|
    |mux_164_32_1_1_U313  |mux_164_32_1_1  |        0|   0|  0|  65|    0|
    +---------------------+----------------+---------+----+---+----+-----+
    |Total                |                |        0|   0|  0| 130|    0|
    +---------------------+----------------+---------+----+---+----+-----+

    * DSP: 
    N/A

    * Memory: 
    N/A

    * FIFO: 
    N/A

    * Expression: 
    +--------------------------+----------+----+---+----+------------+------------+
    |       Variable Name      | Operation| DSP| FF| LUT| Bitwidth P0| Bitwidth P1|
    +--------------------------+----------+----+---+----+------------+------------+
    |add_ln40_fu_675_p2        |         +|   0|  0|  21|          14|           1|
    |add_ln41_fu_685_p2        |         +|   0|  0|  22|          15|          15|
    |add_ln43_fu_836_p2        |         +|   0|  0|  22|          15|          15|
    |bucket_pointer_fu_856_p2  |         +|   0|  0|  39|          32|           1|
    |bucket_sizes_fu_1070_p2   |         +|   0|  0|  39|          32|           1|
    |shifted_fu_785_p2         |      ashr|   0|  0|  92|          32|          32|
    |addr_cmp_fu_771_p2        |      icmp|   0|  0|  29|          64|          64|
    |icmp_ln40_fu_669_p2       |      icmp|   0|  0|  12|          14|          11|
    |reuse_select_fu_776_p3    |    select|   0|  0|  32|           1|          32|
    |ap_enable_pp0             |       xor|   0|  0|   2|           1|           2|
    +--------------------------+----------+----+---+----+------------+------------+
    |Total                     |          |   0|  0| 310|         220|         174|
    +--------------------------+----------+----+---+----+------------+------------+

    * Multiplexer: 
    +---------------------------+----+-----------+-----+-----------+
    |            Name           | LUT| Input Size| Bits| Total Bits|
    +---------------------------+----+-----------+-----+-----------+
    |ap_done_int                |   9|          2|    1|          2|
    |ap_enable_reg_pp0_iter1    |   9|          2|    1|          2|
    |ap_sig_allocacmp_j         |   9|          2|   14|         28|
    |bucket_pointer_3348_out_o  |  14|          3|   32|         96|
    |bucket_pointer_3349_out_o  |  14|          3|   32|         96|
    |bucket_pointer_3350_out_o  |  14|          3|   32|         96|
    |bucket_pointer_3351_out_o  |  14|          3|   32|         96|
    |bucket_pointer_3352_out_o  |  14|          3|   32|         96|
    |bucket_pointer_3353_out_o  |  14|          3|   32|         96|
    |bucket_pointer_3354_out_o  |  14|          3|   32|         96|
    |bucket_pointer_3355_out_o  |  14|          3|   32|         96|
    |bucket_pointer_3356_out_o  |  14|          3|   32|         96|
    |bucket_pointer_3357_out_o  |  14|          3|   32|         96|
    |bucket_pointer_3358_out_o  |  14|          3|   32|         96|
    |bucket_pointer_3359_out_o  |  14|          3|   32|         96|
    |bucket_pointer_3360_out_o  |  14|          3|   32|         96|
    |bucket_pointer_3361_out_o  |  14|          3|   32|         96|
    |bucket_pointer_3362_out_o  |  14|          3|   32|         96|
    |bucket_pointer_3363_out_o  |  14|          3|   32|         96|
    |bucket_sizes_7508_out_o    |  14|          3|   32|         96|
    |bucket_sizes_7509_out_o    |  14|          3|   32|         96|
    |bucket_sizes_7510_out_o    |  14|          3|   32|         96|
    |bucket_sizes_7511_out_o    |  14|          3|   32|         96|
    |bucket_sizes_7512_out_o    |  14|          3|   32|         96|
    |bucket_sizes_7513_out_o    |  14|          3|   32|         96|
    |bucket_sizes_7514_out_o    |  14|          3|   32|         96|
    |bucket_sizes_7515_out_o    |  14|          3|   32|         96|
    |bucket_sizes_7516_out_o    |  14|          3|   32|         96|
    |bucket_sizes_7517_out_o    |  14|          3|   32|         96|
    |bucket_sizes_7518_out_o    |  14|          3|   32|         96|
    |bucket_sizes_7519_out_o    |  14|          3|   32|         96|
    |bucket_sizes_7520_out_o    |  14|          3|   32|         96|
    |bucket_sizes_7521_out_o    |  14|          3|   32|         96|
    |bucket_sizes_7522_out_o    |  14|          3|   32|         96|
    |bucket_sizes_7523_out_o    |  14|          3|   32|         96|
    |j_52_fu_216                |   9|          2|   14|         28|
    |reuse_addr_reg_fu_208      |   9|          2|   64|        128|
    |reuse_reg_fu_212           |   9|          2|   32|         64|
    +---------------------------+----+-----------+-----+-----------+
    |Total                      | 502|        108| 1150|       3324|
    +---------------------------+----+-----------+-----+-----------+

    * Register: 
    +--------------------------+----+----+-----+-----------+
    |           Name           | FF | LUT| Bits| Const Bits|
    +--------------------------+----+----+-----+-----------+
    |ap_CS_fsm                 |   1|   0|    1|          0|
    |ap_done_reg               |   1|   0|    1|          0|
    |ap_enable_reg_pp0_iter1   |   1|   0|    1|          0|
    |j_52_fu_216               |  14|   0|   14|          0|
    |mul_cast_i_cast_reg_1198  |   5|   0|   32|         27|
    |reuse_addr_reg_fu_208     |  64|   0|   64|          0|
    |reuse_reg_fu_212          |  32|   0|   32|          0|
    |zext_ln41_52_reg_1206     |  15|   0|   64|         49|
    +--------------------------+----+----+-----+-----------+
    |Total                     | 133|   0|  209|         76|
    +--------------------------+----+----+-----+-----------+



================================================================
== Interface
================================================================
* Summary: 
+----------------------------------+-----+-----+------------+------------------------------------------------+--------------+
|             RTL Ports            | Dir | Bits|  Protocol  |                  Source Object                 |    C Type    |
+----------------------------------+-----+-----+------------+------------------------------------------------+--------------+
|ap_clk                            |   in|    1|  ap_ctrl_hs|  radix_sort_hex_batch.2.1_Pipeline_input_bucket|  return value|
|ap_rst                            |   in|    1|  ap_ctrl_hs|  radix_sort_hex_batch.2.1_Pipeline_input_bucket|  return value|
|ap_start                          |   in|    1|  ap_ctrl_hs|  radix_sort_hex_batch.2.1_Pipeline_input_bucket|  return value|
|ap_done                           |  out|    1|  ap_ctrl_hs|  radix_sort_hex_batch.2.1_Pipeline_input_bucket|  return value|
|ap_idle                           |  out|    1|  ap_ctrl_hs|  radix_sort_hex_batch.2.1_Pipeline_input_bucket|  return value|
|ap_ready                          |  out|    1|  ap_ctrl_hs|  radix_sort_hex_batch.2.1_Pipeline_input_bucket|  return value|
|bucket_sizes_7491_reload          |   in|   32|     ap_none|                        bucket_sizes_7491_reload|        scalar|
|bucket_sizes_7490_reload          |   in|   32|     ap_none|                        bucket_sizes_7490_reload|        scalar|
|bucket_sizes_7489_reload          |   in|   32|     ap_none|                        bucket_sizes_7489_reload|        scalar|
|bucket_sizes_7488_reload          |   in|   32|     ap_none|                        bucket_sizes_7488_reload|        scalar|
|bucket_sizes_7487_reload          |   in|   32|     ap_none|                        bucket_sizes_7487_reload|        scalar|
|bucket_sizes_7486_reload          |   in|   32|     ap_none|                        bucket_sizes_7486_reload|        scalar|
|bucket_sizes_7485_reload          |   in|   32|     ap_none|                        bucket_sizes_7485_reload|        scalar|
|bucket_sizes_7484_reload          |   in|   32|     ap_none|                        bucket_sizes_7484_reload|        scalar|
|bucket_sizes_7483_reload          |   in|   32|     ap_none|                        bucket_sizes_7483_reload|        scalar|
|bucket_sizes_7482_reload          |   in|   32|     ap_none|                        bucket_sizes_7482_reload|        scalar|
|bucket_sizes_7481_reload          |   in|   32|     ap_none|                        bucket_sizes_7481_reload|        scalar|
|bucket_sizes_7480_reload          |   in|   32|     ap_none|                        bucket_sizes_7480_reload|        scalar|
|bucket_sizes_7479_reload          |   in|   32|     ap_none|                        bucket_sizes_7479_reload|        scalar|
|bucket_sizes_7478_reload          |   in|   32|     ap_none|                        bucket_sizes_7478_reload|        scalar|
|bucket_sizes_7477_reload          |   in|   32|     ap_none|                        bucket_sizes_7477_reload|        scalar|
|bucket_sizes_7476_reload          |   in|   32|     ap_none|                        bucket_sizes_7476_reload|        scalar|
|bucket_pointer_3346_reload        |   in|   32|     ap_none|                      bucket_pointer_3346_reload|        scalar|
|bucket_pointer_3345_reload        |   in|   32|     ap_none|                      bucket_pointer_3345_reload|        scalar|
|bucket_pointer_3344_reload        |   in|   32|     ap_none|                      bucket_pointer_3344_reload|        scalar|
|bucket_pointer_3343_reload        |   in|   32|     ap_none|                      bucket_pointer_3343_reload|        scalar|
|bucket_pointer_3342_reload        |   in|   32|     ap_none|                      bucket_pointer_3342_reload|        scalar|
|bucket_pointer_3341_reload        |   in|   32|     ap_none|                      bucket_pointer_3341_reload|        scalar|
|bucket_pointer_3340_reload        |   in|   32|     ap_none|                      bucket_pointer_3340_reload|        scalar|
|bucket_pointer_3339_reload        |   in|   32|     ap_none|                      bucket_pointer_3339_reload|        scalar|
|bucket_pointer_3338_reload        |   in|   32|     ap_none|                      bucket_pointer_3338_reload|        scalar|
|bucket_pointer_3337_reload        |   in|   32|     ap_none|                      bucket_pointer_3337_reload|        scalar|
|bucket_pointer_3336_reload        |   in|   32|     ap_none|                      bucket_pointer_3336_reload|        scalar|
|bucket_pointer_3335_reload        |   in|   32|     ap_none|                      bucket_pointer_3335_reload|        scalar|
|bucket_pointer_3334_reload        |   in|   32|     ap_none|                      bucket_pointer_3334_reload|        scalar|
|bucket_pointer_3333_reload        |   in|   32|     ap_none|                      bucket_pointer_3333_reload|        scalar|
|bucket_pointer_3332_reload        |   in|   32|     ap_none|                      bucket_pointer_3332_reload|        scalar|
|bucket_pointer_3331_reload        |   in|   32|     ap_none|                      bucket_pointer_3331_reload|        scalar|
|mul_ln41                          |   in|   15|     ap_none|                                        mul_ln41|        scalar|
|bucket_address0                   |  out|   15|   ap_memory|                                          bucket|         array|
|bucket_ce0                        |  out|    1|   ap_memory|                                          bucket|         array|
|bucket_we0                        |  out|    1|   ap_memory|                                          bucket|         array|
|bucket_d0                         |  out|   32|   ap_memory|                                          bucket|         array|
|bucket_address1                   |  out|   15|   ap_memory|                                          bucket|         array|
|bucket_ce1                        |  out|    1|   ap_memory|                                          bucket|         array|
|bucket_q1                         |   in|   32|   ap_memory|                                          bucket|         array|
|mul_cast_i                        |   in|    5|     ap_none|                                      mul_cast_i|        scalar|
|mul_ln43                          |   in|   15|     ap_none|                                        mul_ln43|        scalar|
|bucket_sizes_7523_out_i           |   in|   32|     ap_ovld|                           bucket_sizes_7523_out|       pointer|
|bucket_sizes_7523_out_o           |  out|   32|     ap_ovld|                           bucket_sizes_7523_out|       pointer|
|bucket_sizes_7523_out_o_ap_vld    |  out|    1|     ap_ovld|                           bucket_sizes_7523_out|       pointer|
|bucket_sizes_7522_out_i           |   in|   32|     ap_ovld|                           bucket_sizes_7522_out|       pointer|
|bucket_sizes_7522_out_o           |  out|   32|     ap_ovld|                           bucket_sizes_7522_out|       pointer|
|bucket_sizes_7522_out_o_ap_vld    |  out|    1|     ap_ovld|                           bucket_sizes_7522_out|       pointer|
|bucket_sizes_7521_out_i           |   in|   32|     ap_ovld|                           bucket_sizes_7521_out|       pointer|
|bucket_sizes_7521_out_o           |  out|   32|     ap_ovld|                           bucket_sizes_7521_out|       pointer|
|bucket_sizes_7521_out_o_ap_vld    |  out|    1|     ap_ovld|                           bucket_sizes_7521_out|       pointer|
|bucket_sizes_7520_out_i           |   in|   32|     ap_ovld|                           bucket_sizes_7520_out|       pointer|
|bucket_sizes_7520_out_o           |  out|   32|     ap_ovld|                           bucket_sizes_7520_out|       pointer|
|bucket_sizes_7520_out_o_ap_vld    |  out|    1|     ap_ovld|                           bucket_sizes_7520_out|       pointer|
|bucket_sizes_7519_out_i           |   in|   32|     ap_ovld|                           bucket_sizes_7519_out|       pointer|
|bucket_sizes_7519_out_o           |  out|   32|     ap_ovld|                           bucket_sizes_7519_out|       pointer|
|bucket_sizes_7519_out_o_ap_vld    |  out|    1|     ap_ovld|                           bucket_sizes_7519_out|       pointer|
|bucket_sizes_7518_out_i           |   in|   32|     ap_ovld|                           bucket_sizes_7518_out|       pointer|
|bucket_sizes_7518_out_o           |  out|   32|     ap_ovld|                           bucket_sizes_7518_out|       pointer|
|bucket_sizes_7518_out_o_ap_vld    |  out|    1|     ap_ovld|                           bucket_sizes_7518_out|       pointer|
|bucket_sizes_7517_out_i           |   in|   32|     ap_ovld|                           bucket_sizes_7517_out|       pointer|
|bucket_sizes_7517_out_o           |  out|   32|     ap_ovld|                           bucket_sizes_7517_out|       pointer|
|bucket_sizes_7517_out_o_ap_vld    |  out|    1|     ap_ovld|                           bucket_sizes_7517_out|       pointer|
|bucket_sizes_7516_out_i           |   in|   32|     ap_ovld|                           bucket_sizes_7516_out|       pointer|
|bucket_sizes_7516_out_o           |  out|   32|     ap_ovld|                           bucket_sizes_7516_out|       pointer|
|bucket_sizes_7516_out_o_ap_vld    |  out|    1|     ap_ovld|                           bucket_sizes_7516_out|       pointer|
|bucket_sizes_7515_out_i           |   in|   32|     ap_ovld|                           bucket_sizes_7515_out|       pointer|
|bucket_sizes_7515_out_o           |  out|   32|     ap_ovld|                           bucket_sizes_7515_out|       pointer|
|bucket_sizes_7515_out_o_ap_vld    |  out|    1|     ap_ovld|                           bucket_sizes_7515_out|       pointer|
|bucket_sizes_7514_out_i           |   in|   32|     ap_ovld|                           bucket_sizes_7514_out|       pointer|
|bucket_sizes_7514_out_o           |  out|   32|     ap_ovld|                           bucket_sizes_7514_out|       pointer|
|bucket_sizes_7514_out_o_ap_vld    |  out|    1|     ap_ovld|                           bucket_sizes_7514_out|       pointer|
|bucket_sizes_7513_out_i           |   in|   32|     ap_ovld|                           bucket_sizes_7513_out|       pointer|
|bucket_sizes_7513_out_o           |  out|   32|     ap_ovld|                           bucket_sizes_7513_out|       pointer|
|bucket_sizes_7513_out_o_ap_vld    |  out|    1|     ap_ovld|                           bucket_sizes_7513_out|       pointer|
|bucket_sizes_7512_out_i           |   in|   32|     ap_ovld|                           bucket_sizes_7512_out|       pointer|
|bucket_sizes_7512_out_o           |  out|   32|     ap_ovld|                           bucket_sizes_7512_out|       pointer|
|bucket_sizes_7512_out_o_ap_vld    |  out|    1|     ap_ovld|                           bucket_sizes_7512_out|       pointer|
|bucket_sizes_7511_out_i           |   in|   32|     ap_ovld|                           bucket_sizes_7511_out|       pointer|
|bucket_sizes_7511_out_o           |  out|   32|     ap_ovld|                           bucket_sizes_7511_out|       pointer|
|bucket_sizes_7511_out_o_ap_vld    |  out|    1|     ap_ovld|                           bucket_sizes_7511_out|       pointer|
|bucket_sizes_7510_out_i           |   in|   32|     ap_ovld|                           bucket_sizes_7510_out|       pointer|
|bucket_sizes_7510_out_o           |  out|   32|     ap_ovld|                           bucket_sizes_7510_out|       pointer|
|bucket_sizes_7510_out_o_ap_vld    |  out|    1|     ap_ovld|                           bucket_sizes_7510_out|       pointer|
|bucket_sizes_7509_out_i           |   in|   32|     ap_ovld|                           bucket_sizes_7509_out|       pointer|
|bucket_sizes_7509_out_o           |  out|   32|     ap_ovld|                           bucket_sizes_7509_out|       pointer|
|bucket_sizes_7509_out_o_ap_vld    |  out|    1|     ap_ovld|                           bucket_sizes_7509_out|       pointer|
|bucket_sizes_7508_out_i           |   in|   32|     ap_ovld|                           bucket_sizes_7508_out|       pointer|
|bucket_sizes_7508_out_o           |  out|   32|     ap_ovld|                           bucket_sizes_7508_out|       pointer|
|bucket_sizes_7508_out_o_ap_vld    |  out|    1|     ap_ovld|                           bucket_sizes_7508_out|       pointer|
|bucket_pointer_3363_out_i         |   in|   32|     ap_ovld|                         bucket_pointer_3363_out|       pointer|
|bucket_pointer_3363_out_o         |  out|   32|     ap_ovld|                         bucket_pointer_3363_out|       pointer|
|bucket_pointer_3363_out_o_ap_vld  |  out|    1|     ap_ovld|                         bucket_pointer_3363_out|       pointer|
|bucket_pointer_3362_out_i         |   in|   32|     ap_ovld|                         bucket_pointer_3362_out|       pointer|
|bucket_pointer_3362_out_o         |  out|   32|     ap_ovld|                         bucket_pointer_3362_out|       pointer|
|bucket_pointer_3362_out_o_ap_vld  |  out|    1|     ap_ovld|                         bucket_pointer_3362_out|       pointer|
|bucket_pointer_3361_out_i         |   in|   32|     ap_ovld|                         bucket_pointer_3361_out|       pointer|
|bucket_pointer_3361_out_o         |  out|   32|     ap_ovld|                         bucket_pointer_3361_out|       pointer|
|bucket_pointer_3361_out_o_ap_vld  |  out|    1|     ap_ovld|                         bucket_pointer_3361_out|       pointer|
|bucket_pointer_3360_out_i         |   in|   32|     ap_ovld|                         bucket_pointer_3360_out|       pointer|
|bucket_pointer_3360_out_o         |  out|   32|     ap_ovld|                         bucket_pointer_3360_out|       pointer|
|bucket_pointer_3360_out_o_ap_vld  |  out|    1|     ap_ovld|                         bucket_pointer_3360_out|       pointer|
|bucket_pointer_3359_out_i         |   in|   32|     ap_ovld|                         bucket_pointer_3359_out|       pointer|
|bucket_pointer_3359_out_o         |  out|   32|     ap_ovld|                         bucket_pointer_3359_out|       pointer|
|bucket_pointer_3359_out_o_ap_vld  |  out|    1|     ap_ovld|                         bucket_pointer_3359_out|       pointer|
|bucket_pointer_3358_out_i         |   in|   32|     ap_ovld|                         bucket_pointer_3358_out|       pointer|
|bucket_pointer_3358_out_o         |  out|   32|     ap_ovld|                         bucket_pointer_3358_out|       pointer|
|bucket_pointer_3358_out_o_ap_vld  |  out|    1|     ap_ovld|                         bucket_pointer_3358_out|       pointer|
|bucket_pointer_3357_out_i         |   in|   32|     ap_ovld|                         bucket_pointer_3357_out|       pointer|
|bucket_pointer_3357_out_o         |  out|   32|     ap_ovld|                         bucket_pointer_3357_out|       pointer|
|bucket_pointer_3357_out_o_ap_vld  |  out|    1|     ap_ovld|                         bucket_pointer_3357_out|       pointer|
|bucket_pointer_3356_out_i         |   in|   32|     ap_ovld|                         bucket_pointer_3356_out|       pointer|
|bucket_pointer_3356_out_o         |  out|   32|     ap_ovld|                         bucket_pointer_3356_out|       pointer|
|bucket_pointer_3356_out_o_ap_vld  |  out|    1|     ap_ovld|                         bucket_pointer_3356_out|       pointer|
|bucket_pointer_3355_out_i         |   in|   32|     ap_ovld|                         bucket_pointer_3355_out|       pointer|
|bucket_pointer_3355_out_o         |  out|   32|     ap_ovld|                         bucket_pointer_3355_out|       pointer|
|bucket_pointer_3355_out_o_ap_vld  |  out|    1|     ap_ovld|                         bucket_pointer_3355_out|       pointer|
|bucket_pointer_3354_out_i         |   in|   32|     ap_ovld|                         bucket_pointer_3354_out|       pointer|
|bucket_pointer_3354_out_o         |  out|   32|     ap_ovld|                         bucket_pointer_3354_out|       pointer|
|bucket_pointer_3354_out_o_ap_vld  |  out|    1|     ap_ovld|                         bucket_pointer_3354_out|       pointer|
|bucket_pointer_3353_out_i         |   in|   32|     ap_ovld|                         bucket_pointer_3353_out|       pointer|
|bucket_pointer_3353_out_o         |  out|   32|     ap_ovld|                         bucket_pointer_3353_out|       pointer|
|bucket_pointer_3353_out_o_ap_vld  |  out|    1|     ap_ovld|                         bucket_pointer_3353_out|       pointer|
|bucket_pointer_3352_out_i         |   in|   32|     ap_ovld|                         bucket_pointer_3352_out|       pointer|
|bucket_pointer_3352_out_o         |  out|   32|     ap_ovld|                         bucket_pointer_3352_out|       pointer|
|bucket_pointer_3352_out_o_ap_vld  |  out|    1|     ap_ovld|                         bucket_pointer_3352_out|       pointer|
|bucket_pointer_3351_out_i         |   in|   32|     ap_ovld|                         bucket_pointer_3351_out|       pointer|
|bucket_pointer_3351_out_o         |  out|   32|     ap_ovld|                         bucket_pointer_3351_out|       pointer|
|bucket_pointer_3351_out_o_ap_vld  |  out|    1|     ap_ovld|                         bucket_pointer_3351_out|       pointer|
|bucket_pointer_3350_out_i         |   in|   32|     ap_ovld|                         bucket_pointer_3350_out|       pointer|
|bucket_pointer_3350_out_o         |  out|   32|     ap_ovld|                         bucket_pointer_3350_out|       pointer|
|bucket_pointer_3350_out_o_ap_vld  |  out|    1|     ap_ovld|                         bucket_pointer_3350_out|       pointer|
|bucket_pointer_3349_out_i         |   in|   32|     ap_ovld|                         bucket_pointer_3349_out|       pointer|
|bucket_pointer_3349_out_o         |  out|   32|     ap_ovld|                         bucket_pointer_3349_out|       pointer|
|bucket_pointer_3349_out_o_ap_vld  |  out|    1|     ap_ovld|                         bucket_pointer_3349_out|       pointer|
|bucket_pointer_3348_out_i         |   in|   32|     ap_ovld|                         bucket_pointer_3348_out|       pointer|
|bucket_pointer_3348_out_o         |  out|   32|     ap_ovld|                         bucket_pointer_3348_out|       pointer|
|bucket_pointer_3348_out_o_ap_vld  |  out|    1|     ap_ovld|                         bucket_pointer_3348_out|       pointer|
+----------------------------------+-----+-----+------------+------------------------------------------------+--------------+

