

================================================================
== Vitis HLS Report for 'radix_sort_oct_batch_16_1_Pipeline_bucket_pointer_initialization'
================================================================
* Date:           Tue Apr 25 13:57:04 2023

* Version:        2022.2 (Build 3670227 on Oct 13 2022)
* Project:        sort_seperate_bucket
* Solution:       solution1 (Vivado IP Flow Target)
* Product family: virtexuplus
* Target device:  xcu280-fsvh2892-2L-e


================================================================
== Performance Estimates
================================================================
+ Timing: 
    * Summary: 
    +--------+----------+----------+------------+
    |  Clock |  Target  | Estimated| Uncertainty|
    +--------+----------+----------+------------+
    |ap_clk  |  10.00 ns|  1.851 ns|     2.70 ns|
    +--------+----------+----------+------------+

+ Latency: 
    * Summary: 
    +---------+---------+----------+----------+-----+-----+---------+
    |  Latency (cycles) |  Latency (absolute) |  Interval | Pipeline|
    |   min   |   max   |    min   |    max   | min | max |   Type  |
    +---------+---------+----------+----------+-----+-----+---------+
    |       10|       10|  0.100 us|  0.100 us|   10|   10|       no|
    +---------+---------+----------+----------+-----+-----+---------+

    + Detail: 
        * Instance: 
        N/A

        * Loop: 
        +---------------------------------+---------+---------+----------+-----------+-----------+------+----------+
        |                                 |  Latency (cycles) | Iteration|  Initiation Interval  | Trip |          |
        |            Loop Name            |   min   |   max   |  Latency |  achieved |   target  | Count| Pipelined|
        +---------------------------------+---------+---------+----------+-----------+-----------+------+----------+
        |- bucket_pointer_initialization  |        8|        8|         1|          1|          1|     8|       yes|
        +---------------------------------+---------+---------+----------+-----------+-----------+------+----------+



================================================================
== Utilization Estimates
================================================================
* Summary: 
+---------------------+---------+------+---------+---------+-----+
|         Name        | BRAM_18K|  DSP |    FF   |   LUT   | URAM|
+---------------------+---------+------+---------+---------+-----+
|DSP                  |        -|     -|        -|        -|    -|
|Expression           |        -|     -|        0|       78|    -|
|FIFO                 |        -|     -|        -|        -|    -|
|Instance             |        -|     -|        0|       43|    -|
|Memory               |        -|     -|        -|        -|    -|
|Multiplexer          |        -|     -|        -|      180|    -|
|Register             |        -|     -|      551|        -|    -|
+---------------------+---------+------+---------+---------+-----+
|Total                |        0|     0|      551|      301|    0|
+---------------------+---------+------+---------+---------+-----+
|Available SLR        |     1344|  3008|   869120|   434560|  320|
+---------------------+---------+------+---------+---------+-----+
|Utilization SLR (%)  |        0|     0|       ~0|       ~0|    0|
+---------------------+---------+------+---------+---------+-----+
|Available            |     4032|  9024|  2607360|  1303680|  960|
+---------------------+---------+------+---------+---------+-----+
|Utilization (%)      |        0|     0|       ~0|       ~0|    0|
+---------------------+---------+------+---------+---------+-----+

+ Detail: 
    * Instance: 
    +---------------------+---------------+---------+----+---+----+-----+
    |       Instance      |     Module    | BRAM_18K| DSP| FF| LUT| URAM|
    +---------------------+---------------+---------+----+---+----+-----+
    |mux_83_32_1_1_U1605  |mux_83_32_1_1  |        0|   0|  0|  43|    0|
    +---------------------+---------------+---------+----+---+----+-----+
    |Total                |               |        0|   0|  0|  43|    0|
    +---------------------+---------------+---------+----+---+----+-----+

    * DSP: 
    N/A

    * Memory: 
    N/A

    * FIFO: 
    N/A

    * Expression: 
    +-------------------------------+----------+----+---+----+------------+------------+
    |         Variable Name         | Operation| DSP| FF| LUT| Bitwidth P0| Bitwidth P1|
    +-------------------------------+----------+----+---+----+------------+------------+
    |add_ln33_fu_490_p2             |         +|   0|  0|  12|           4|           1|
    |next_bucket_pointer_fu_546_p2  |         +|   0|  0|  39|          32|          32|
    |ap_condition_321               |       and|   0|  0|   2|           1|           1|
    |ap_condition_324               |       and|   0|  0|   2|           1|           1|
    |ap_condition_327               |       and|   0|  0|   2|           1|           1|
    |ap_condition_330               |       and|   0|  0|   2|           1|           1|
    |ap_condition_333               |       and|   0|  0|   2|           1|           1|
    |ap_condition_336               |       and|   0|  0|   2|           1|           1|
    |ap_condition_339               |       and|   0|  0|   2|           1|           1|
    |ap_condition_342               |       and|   0|  0|   2|           1|           1|
    |icmp_ln33_fu_484_p2            |      icmp|   0|  0|   9|           4|           5|
    |ap_enable_pp0                  |       xor|   0|  0|   2|           1|           2|
    +-------------------------------+----------+----+---+----+------------+------------+
    |Total                          |          |   0|  0|  78|          49|          48|
    +-------------------------------+----------+----+---+----+------------+------------+

    * Multiplexer: 
    +---------------------------+----+-----------+-----+-----------+
    |            Name           | LUT| Input Size| Bits| Total Bits|
    +---------------------------+----+-----------+-----+-----------+
    |ap_done_int                |   9|          2|    1|          2|
    |ap_enable_reg_pp0_iter1    |   9|          2|    1|          2|
    |bucket_pointer_991_fu_112  |   9|          2|   32|         64|
    |bucket_pointer_992_fu_116  |   9|          2|   32|         64|
    |bucket_pointer_993_fu_120  |   9|          2|   32|         64|
    |bucket_pointer_994_fu_124  |   9|          2|   32|         64|
    |bucket_pointer_995_fu_128  |   9|          2|   32|         64|
    |bucket_pointer_996_fu_132  |   9|          2|   32|         64|
    |bucket_pointer_997_fu_136  |   9|          2|   32|         64|
    |bucket_pointer_998_fu_140  |   9|          2|   32|         64|
    |bucket_pointer_999_fu_144  |   9|          2|   32|         64|
    |bucket_sizes_1149_fu_152   |   9|          2|   32|         64|
    |bucket_sizes_1150_fu_156   |   9|          2|   32|         64|
    |bucket_sizes_1151_fu_160   |   9|          2|   32|         64|
    |bucket_sizes_1152_fu_164   |   9|          2|   32|         64|
    |bucket_sizes_1153_fu_168   |   9|          2|   32|         64|
    |bucket_sizes_1154_fu_172   |   9|          2|   32|         64|
    |bucket_sizes_1155_fu_176   |   9|          2|   32|         64|
    |bucket_sizes_fu_148        |   9|          2|   32|         64|
    |m_fu_108                   |   9|          2|    4|          8|
    +---------------------------+----+-----------+-----+-----------+
    |Total                      | 180|         40|  550|       1100|
    +---------------------------+----+-----------+-----+-----------+

    * Register: 
    +---------------------------+----+----+-----+-----------+
    |            Name           | FF | LUT| Bits| Const Bits|
    +---------------------------+----+----+-----+-----------+
    |ap_CS_fsm                  |   1|   0|    1|          0|
    |ap_done_reg                |   1|   0|    1|          0|
    |ap_enable_reg_pp0_iter1    |   1|   0|    1|          0|
    |bucket_pointer_991_fu_112  |  32|   0|   32|          0|
    |bucket_pointer_992_fu_116  |  32|   0|   32|          0|
    |bucket_pointer_993_fu_120  |  32|   0|   32|          0|
    |bucket_pointer_994_fu_124  |  32|   0|   32|          0|
    |bucket_pointer_995_fu_128  |  32|   0|   32|          0|
    |bucket_pointer_996_fu_132  |  32|   0|   32|          0|
    |bucket_pointer_997_fu_136  |  32|   0|   32|          0|
    |bucket_pointer_998_fu_140  |  32|   0|   32|          0|
    |bucket_pointer_999_fu_144  |  32|   0|   32|          0|
    |bucket_sizes_1149_fu_152   |  32|   0|   32|          0|
    |bucket_sizes_1150_fu_156   |  32|   0|   32|          0|
    |bucket_sizes_1151_fu_160   |  32|   0|   32|          0|
    |bucket_sizes_1152_fu_164   |  32|   0|   32|          0|
    |bucket_sizes_1153_fu_168   |  32|   0|   32|          0|
    |bucket_sizes_1154_fu_172   |  32|   0|   32|          0|
    |bucket_sizes_1155_fu_176   |  32|   0|   32|          0|
    |bucket_sizes_fu_148        |  32|   0|   32|          0|
    |m_fu_108                   |   4|   0|    4|          0|
    +---------------------------+----+----+-----+-----------+
    |Total                      | 551|   0|  551|          0|
    +---------------------------+----+----+-----+-----------+



================================================================
== Interface
================================================================
* Summary: 
+--------------------------------+-----+-----+------------+------------------------------------------------------------------+--------------+
|            RTL Ports           | Dir | Bits|  Protocol  |                           Source Object                          |    C Type    |
+--------------------------------+-----+-----+------------+------------------------------------------------------------------+--------------+
|ap_clk                          |   in|    1|  ap_ctrl_hs|  radix_sort_oct_batch.16.1_Pipeline_bucket_pointer_initialization|  return value|
|ap_rst                          |   in|    1|  ap_ctrl_hs|  radix_sort_oct_batch.16.1_Pipeline_bucket_pointer_initialization|  return value|
|ap_start                        |   in|    1|  ap_ctrl_hs|  radix_sort_oct_batch.16.1_Pipeline_bucket_pointer_initialization|  return value|
|ap_done                         |  out|    1|  ap_ctrl_hs|  radix_sort_oct_batch.16.1_Pipeline_bucket_pointer_initialization|  return value|
|ap_idle                         |  out|    1|  ap_ctrl_hs|  radix_sort_oct_batch.16.1_Pipeline_bucket_pointer_initialization|  return value|
|ap_ready                        |  out|    1|  ap_ctrl_hs|  radix_sort_oct_batch.16.1_Pipeline_bucket_pointer_initialization|  return value|
|bucket_sizes_4055               |   in|   32|     ap_none|                                                 bucket_sizes_4055|        scalar|
|bucket_sizes_4054               |   in|   32|     ap_none|                                                 bucket_sizes_4054|        scalar|
|bucket_sizes_4053               |   in|   32|     ap_none|                                                 bucket_sizes_4053|        scalar|
|bucket_sizes_4052               |   in|   32|     ap_none|                                                 bucket_sizes_4052|        scalar|
|bucket_sizes_4051               |   in|   32|     ap_none|                                                 bucket_sizes_4051|        scalar|
|bucket_sizes_4050               |   in|   32|     ap_none|                                                 bucket_sizes_4050|        scalar|
|bucket_sizes_4049               |   in|   32|     ap_none|                                                 bucket_sizes_4049|        scalar|
|bucket_sizes_4048               |   in|   32|     ap_none|                                                 bucket_sizes_4048|        scalar|
|bucket_pointer_1822             |   in|   32|     ap_none|                                               bucket_pointer_1822|        scalar|
|bucket_pointer_1821             |   in|   32|     ap_none|                                               bucket_pointer_1821|        scalar|
|bucket_pointer_1820             |   in|   32|     ap_none|                                               bucket_pointer_1820|        scalar|
|bucket_pointer_1819             |   in|   32|     ap_none|                                               bucket_pointer_1819|        scalar|
|bucket_pointer_1818             |   in|   32|     ap_none|                                               bucket_pointer_1818|        scalar|
|bucket_pointer_1817             |   in|   32|     ap_none|                                               bucket_pointer_1817|        scalar|
|bucket_pointer_1816             |   in|   32|     ap_none|                                               bucket_pointer_1816|        scalar|
|bucket_pointer                  |   in|   32|     ap_none|                                                    bucket_pointer|        scalar|
|bucket_sizes_4063_out           |  out|   32|      ap_vld|                                             bucket_sizes_4063_out|       pointer|
|bucket_sizes_4063_out_ap_vld    |  out|    1|      ap_vld|                                             bucket_sizes_4063_out|       pointer|
|bucket_sizes_4062_out           |  out|   32|      ap_vld|                                             bucket_sizes_4062_out|       pointer|
|bucket_sizes_4062_out_ap_vld    |  out|    1|      ap_vld|                                             bucket_sizes_4062_out|       pointer|
|bucket_sizes_4061_out           |  out|   32|      ap_vld|                                             bucket_sizes_4061_out|       pointer|
|bucket_sizes_4061_out_ap_vld    |  out|    1|      ap_vld|                                             bucket_sizes_4061_out|       pointer|
|bucket_sizes_4060_out           |  out|   32|      ap_vld|                                             bucket_sizes_4060_out|       pointer|
|bucket_sizes_4060_out_ap_vld    |  out|    1|      ap_vld|                                             bucket_sizes_4060_out|       pointer|
|bucket_sizes_4059_out           |  out|   32|      ap_vld|                                             bucket_sizes_4059_out|       pointer|
|bucket_sizes_4059_out_ap_vld    |  out|    1|      ap_vld|                                             bucket_sizes_4059_out|       pointer|
|bucket_sizes_4058_out           |  out|   32|      ap_vld|                                             bucket_sizes_4058_out|       pointer|
|bucket_sizes_4058_out_ap_vld    |  out|    1|      ap_vld|                                             bucket_sizes_4058_out|       pointer|
|bucket_sizes_4057_out           |  out|   32|      ap_vld|                                             bucket_sizes_4057_out|       pointer|
|bucket_sizes_4057_out_ap_vld    |  out|    1|      ap_vld|                                             bucket_sizes_4057_out|       pointer|
|bucket_sizes_4056_out           |  out|   32|      ap_vld|                                             bucket_sizes_4056_out|       pointer|
|bucket_sizes_4056_out_ap_vld    |  out|    1|      ap_vld|                                             bucket_sizes_4056_out|       pointer|
|bucket_pointer_1830_out         |  out|   32|      ap_vld|                                           bucket_pointer_1830_out|       pointer|
|bucket_pointer_1830_out_ap_vld  |  out|    1|      ap_vld|                                           bucket_pointer_1830_out|       pointer|
|bucket_pointer_1829_out         |  out|   32|      ap_vld|                                           bucket_pointer_1829_out|       pointer|
|bucket_pointer_1829_out_ap_vld  |  out|    1|      ap_vld|                                           bucket_pointer_1829_out|       pointer|
|bucket_pointer_1828_out         |  out|   32|      ap_vld|                                           bucket_pointer_1828_out|       pointer|
|bucket_pointer_1828_out_ap_vld  |  out|    1|      ap_vld|                                           bucket_pointer_1828_out|       pointer|
|bucket_pointer_1827_out         |  out|   32|      ap_vld|                                           bucket_pointer_1827_out|       pointer|
|bucket_pointer_1827_out_ap_vld  |  out|    1|      ap_vld|                                           bucket_pointer_1827_out|       pointer|
|bucket_pointer_1826_out         |  out|   32|      ap_vld|                                           bucket_pointer_1826_out|       pointer|
|bucket_pointer_1826_out_ap_vld  |  out|    1|      ap_vld|                                           bucket_pointer_1826_out|       pointer|
|bucket_pointer_1825_out         |  out|   32|      ap_vld|                                           bucket_pointer_1825_out|       pointer|
|bucket_pointer_1825_out_ap_vld  |  out|    1|      ap_vld|                                           bucket_pointer_1825_out|       pointer|
|bucket_pointer_1824_out         |  out|   32|      ap_vld|                                           bucket_pointer_1824_out|       pointer|
|bucket_pointer_1824_out_ap_vld  |  out|    1|      ap_vld|                                           bucket_pointer_1824_out|       pointer|
|bucket_pointer_1823_out         |  out|   32|      ap_vld|                                           bucket_pointer_1823_out|       pointer|
|bucket_pointer_1823_out_ap_vld  |  out|    1|      ap_vld|                                           bucket_pointer_1823_out|       pointer|
+--------------------------------+-----+-----+------------+------------------------------------------------------------------+--------------+

