

================================================================
== Vitis HLS Report for 'radix_sort_oct_batch_1_1_Pipeline_bucket_pointer_initialization'
================================================================
* Date:           Mon Apr 24 11:01:31 2023

* Version:        2022.2 (Build 3670227 on Oct 13 2022)
* Project:        sort_seperate_bucket
* Solution:       solution1 (Vivado IP Flow Target)
* Product family: virtexuplus
* Target device:  xcu280-fsvh2892-2L-e


================================================================
== Performance Estimates
================================================================
+ Timing: 
    * Summary: 
    +--------+----------+----------+------------+
    |  Clock |  Target  | Estimated| Uncertainty|
    +--------+----------+----------+------------+
    |ap_clk  |  10.00 ns|  1.851 ns|     2.70 ns|
    +--------+----------+----------+------------+

+ Latency: 
    * Summary: 
    +---------+---------+----------+----------+-----+-----+---------+
    |  Latency (cycles) |  Latency (absolute) |  Interval | Pipeline|
    |   min   |   max   |    min   |    max   | min | max |   Type  |
    +---------+---------+----------+----------+-----+-----+---------+
    |       10|       10|  0.100 us|  0.100 us|   10|   10|       no|
    +---------+---------+----------+----------+-----+-----+---------+

    + Detail: 
        * Instance: 
        N/A

        * Loop: 
        +---------------------------------+---------+---------+----------+-----------+-----------+------+----------+
        |                                 |  Latency (cycles) | Iteration|  Initiation Interval  | Trip |          |
        |            Loop Name            |   min   |   max   |  Latency |  achieved |   target  | Count| Pipelined|
        +---------------------------------+---------+---------+----------+-----------+-----------+------+----------+
        |- bucket_pointer_initialization  |        8|        8|         1|          1|          1|     8|       yes|
        +---------------------------------+---------+---------+----------+-----------+-----------+------+----------+



================================================================
== Utilization Estimates
================================================================
* Summary: 
+---------------------+---------+------+---------+---------+-----+
|         Name        | BRAM_18K|  DSP |    FF   |   LUT   | URAM|
+---------------------+---------+------+---------+---------+-----+
|DSP                  |        -|     -|        -|        -|    -|
|Expression           |        -|     -|        0|       78|    -|
|FIFO                 |        -|     -|        -|        -|    -|
|Instance             |        -|     -|        0|       43|    -|
|Memory               |        -|     -|        -|        -|    -|
|Multiplexer          |        -|     -|        -|      180|    -|
|Register             |        -|     -|      551|        -|    -|
+---------------------+---------+------+---------+---------+-----+
|Total                |        0|     0|      551|      301|    0|
+---------------------+---------+------+---------+---------+-----+
|Available SLR        |     1344|  3008|   869120|   434560|  320|
+---------------------+---------+------+---------+---------+-----+
|Utilization SLR (%)  |        0|     0|       ~0|       ~0|    0|
+---------------------+---------+------+---------+---------+-----+
|Available            |     4032|  9024|  2607360|  1303680|  960|
+---------------------+---------+------+---------+---------+-----+
|Utilization (%)      |        0|     0|       ~0|       ~0|    0|
+---------------------+---------+------+---------+---------+-----+

+ Detail: 
    * Instance: 
    +-------------------+---------------+---------+----+---+----+-----+
    |      Instance     |     Module    | BRAM_18K| DSP| FF| LUT| URAM|
    +-------------------+---------------+---------+----+---+----+-----+
    |mux_83_32_1_1_U29  |mux_83_32_1_1  |        0|   0|  0|  43|    0|
    +-------------------+---------------+---------+----+---+----+-----+
    |Total              |               |        0|   0|  0|  43|    0|
    +-------------------+---------------+---------+----+---+----+-----+

    * DSP: 
    N/A

    * Memory: 
    N/A

    * FIFO: 
    N/A

    * Expression: 
    +-------------------------------+----------+----+---+----+------------+------------+
    |         Variable Name         | Operation| DSP| FF| LUT| Bitwidth P0| Bitwidth P1|
    +-------------------------------+----------+----+---+----+------------+------------+
    |add_ln33_fu_490_p2             |         +|   0|  0|  12|           4|           1|
    |next_bucket_pointer_fu_546_p2  |         +|   0|  0|  39|          32|          32|
    |ap_condition_321               |       and|   0|  0|   2|           1|           1|
    |ap_condition_324               |       and|   0|  0|   2|           1|           1|
    |ap_condition_327               |       and|   0|  0|   2|           1|           1|
    |ap_condition_330               |       and|   0|  0|   2|           1|           1|
    |ap_condition_333               |       and|   0|  0|   2|           1|           1|
    |ap_condition_336               |       and|   0|  0|   2|           1|           1|
    |ap_condition_339               |       and|   0|  0|   2|           1|           1|
    |ap_condition_342               |       and|   0|  0|   2|           1|           1|
    |icmp_ln33_fu_484_p2            |      icmp|   0|  0|   9|           4|           5|
    |ap_enable_pp0                  |       xor|   0|  0|   2|           1|           2|
    +-------------------------------+----------+----+---+----+------------+------------+
    |Total                          |          |   0|  0|  78|          49|          48|
    +-------------------------------+----------+----+---+----+------------+------------+

    * Multiplexer: 
    +----------------------------+----+-----------+-----+-----------+
    |            Name            | LUT| Input Size| Bits| Total Bits|
    +----------------------------+----+-----------+-----+-----------+
    |ap_done_int                 |   9|          2|    1|          2|
    |ap_enable_reg_pp0_iter1     |   9|          2|    1|          2|
    |bucket_pointer_1135_fu_112  |   9|          2|   32|         64|
    |bucket_pointer_1136_fu_116  |   9|          2|   32|         64|
    |bucket_pointer_1137_fu_120  |   9|          2|   32|         64|
    |bucket_pointer_1138_fu_124  |   9|          2|   32|         64|
    |bucket_pointer_1139_fu_128  |   9|          2|   32|         64|
    |bucket_pointer_1140_fu_132  |   9|          2|   32|         64|
    |bucket_pointer_1141_fu_136  |   9|          2|   32|         64|
    |bucket_pointer_1142_fu_140  |   9|          2|   32|         64|
    |bucket_pointer_1143_fu_144  |   9|          2|   32|         64|
    |bucket_sizes_1317_fu_152    |   9|          2|   32|         64|
    |bucket_sizes_1318_fu_156    |   9|          2|   32|         64|
    |bucket_sizes_1319_fu_160    |   9|          2|   32|         64|
    |bucket_sizes_1320_fu_164    |   9|          2|   32|         64|
    |bucket_sizes_1321_fu_168    |   9|          2|   32|         64|
    |bucket_sizes_1322_fu_172    |   9|          2|   32|         64|
    |bucket_sizes_1323_fu_176    |   9|          2|   32|         64|
    |bucket_sizes_fu_148         |   9|          2|   32|         64|
    |m_fu_108                    |   9|          2|    4|          8|
    +----------------------------+----+-----------+-----+-----------+
    |Total                       | 180|         40|  550|       1100|
    +----------------------------+----+-----------+-----+-----------+

    * Register: 
    +----------------------------+----+----+-----+-----------+
    |            Name            | FF | LUT| Bits| Const Bits|
    +----------------------------+----+----+-----+-----------+
    |ap_CS_fsm                   |   1|   0|    1|          0|
    |ap_done_reg                 |   1|   0|    1|          0|
    |ap_enable_reg_pp0_iter1     |   1|   0|    1|          0|
    |bucket_pointer_1135_fu_112  |  32|   0|   32|          0|
    |bucket_pointer_1136_fu_116  |  32|   0|   32|          0|
    |bucket_pointer_1137_fu_120  |  32|   0|   32|          0|
    |bucket_pointer_1138_fu_124  |  32|   0|   32|          0|
    |bucket_pointer_1139_fu_128  |  32|   0|   32|          0|
    |bucket_pointer_1140_fu_132  |  32|   0|   32|          0|
    |bucket_pointer_1141_fu_136  |  32|   0|   32|          0|
    |bucket_pointer_1142_fu_140  |  32|   0|   32|          0|
    |bucket_pointer_1143_fu_144  |  32|   0|   32|          0|
    |bucket_sizes_1317_fu_152    |  32|   0|   32|          0|
    |bucket_sizes_1318_fu_156    |  32|   0|   32|          0|
    |bucket_sizes_1319_fu_160    |  32|   0|   32|          0|
    |bucket_sizes_1320_fu_164    |  32|   0|   32|          0|
    |bucket_sizes_1321_fu_168    |  32|   0|   32|          0|
    |bucket_sizes_1322_fu_172    |  32|   0|   32|          0|
    |bucket_sizes_1323_fu_176    |  32|   0|   32|          0|
    |bucket_sizes_fu_148         |  32|   0|   32|          0|
    |m_fu_108                    |   4|   0|    4|          0|
    +----------------------------+----+----+-----+-----------+
    |Total                       | 551|   0|  551|          0|
    +----------------------------+----+----+-----+-----------+



================================================================
== Interface
================================================================
* Summary: 
+--------------------------------+-----+-----+------------+-----------------------------------------------------------------+--------------+
|            RTL Ports           | Dir | Bits|  Protocol  |                          Source Object                          |    C Type    |
+--------------------------------+-----+-----+------------+-----------------------------------------------------------------+--------------+
|ap_clk                          |   in|    1|  ap_ctrl_hs|  radix_sort_oct_batch.1.1_Pipeline_bucket_pointer_initialization|  return value|
|ap_rst                          |   in|    1|  ap_ctrl_hs|  radix_sort_oct_batch.1.1_Pipeline_bucket_pointer_initialization|  return value|
|ap_start                        |   in|    1|  ap_ctrl_hs|  radix_sort_oct_batch.1.1_Pipeline_bucket_pointer_initialization|  return value|
|ap_done                         |  out|    1|  ap_ctrl_hs|  radix_sort_oct_batch.1.1_Pipeline_bucket_pointer_initialization|  return value|
|ap_idle                         |  out|    1|  ap_ctrl_hs|  radix_sort_oct_batch.1.1_Pipeline_bucket_pointer_initialization|  return value|
|ap_ready                        |  out|    1|  ap_ctrl_hs|  radix_sort_oct_batch.1.1_Pipeline_bucket_pointer_initialization|  return value|
|bucket_sizes_4639               |   in|   32|     ap_none|                                                bucket_sizes_4639|        scalar|
|bucket_sizes_4638               |   in|   32|     ap_none|                                                bucket_sizes_4638|        scalar|
|bucket_sizes_4637               |   in|   32|     ap_none|                                                bucket_sizes_4637|        scalar|
|bucket_sizes_4636               |   in|   32|     ap_none|                                                bucket_sizes_4636|        scalar|
|bucket_sizes_4635               |   in|   32|     ap_none|                                                bucket_sizes_4635|        scalar|
|bucket_sizes_4634               |   in|   32|     ap_none|                                                bucket_sizes_4634|        scalar|
|bucket_sizes_4633               |   in|   32|     ap_none|                                                bucket_sizes_4633|        scalar|
|bucket_sizes_4632               |   in|   32|     ap_none|                                                bucket_sizes_4632|        scalar|
|bucket_pointer_2086             |   in|   32|     ap_none|                                              bucket_pointer_2086|        scalar|
|bucket_pointer_2085             |   in|   32|     ap_none|                                              bucket_pointer_2085|        scalar|
|bucket_pointer_2084             |   in|   32|     ap_none|                                              bucket_pointer_2084|        scalar|
|bucket_pointer_2083             |   in|   32|     ap_none|                                              bucket_pointer_2083|        scalar|
|bucket_pointer_2082             |   in|   32|     ap_none|                                              bucket_pointer_2082|        scalar|
|bucket_pointer_2081             |   in|   32|     ap_none|                                              bucket_pointer_2081|        scalar|
|bucket_pointer_2080             |   in|   32|     ap_none|                                              bucket_pointer_2080|        scalar|
|bucket_pointer                  |   in|   32|     ap_none|                                                   bucket_pointer|        scalar|
|bucket_sizes_4647_out           |  out|   32|      ap_vld|                                            bucket_sizes_4647_out|       pointer|
|bucket_sizes_4647_out_ap_vld    |  out|    1|      ap_vld|                                            bucket_sizes_4647_out|       pointer|
|bucket_sizes_4646_out           |  out|   32|      ap_vld|                                            bucket_sizes_4646_out|       pointer|
|bucket_sizes_4646_out_ap_vld    |  out|    1|      ap_vld|                                            bucket_sizes_4646_out|       pointer|
|bucket_sizes_4645_out           |  out|   32|      ap_vld|                                            bucket_sizes_4645_out|       pointer|
|bucket_sizes_4645_out_ap_vld    |  out|    1|      ap_vld|                                            bucket_sizes_4645_out|       pointer|
|bucket_sizes_4644_out           |  out|   32|      ap_vld|                                            bucket_sizes_4644_out|       pointer|
|bucket_sizes_4644_out_ap_vld    |  out|    1|      ap_vld|                                            bucket_sizes_4644_out|       pointer|
|bucket_sizes_4643_out           |  out|   32|      ap_vld|                                            bucket_sizes_4643_out|       pointer|
|bucket_sizes_4643_out_ap_vld    |  out|    1|      ap_vld|                                            bucket_sizes_4643_out|       pointer|
|bucket_sizes_4642_out           |  out|   32|      ap_vld|                                            bucket_sizes_4642_out|       pointer|
|bucket_sizes_4642_out_ap_vld    |  out|    1|      ap_vld|                                            bucket_sizes_4642_out|       pointer|
|bucket_sizes_4641_out           |  out|   32|      ap_vld|                                            bucket_sizes_4641_out|       pointer|
|bucket_sizes_4641_out_ap_vld    |  out|    1|      ap_vld|                                            bucket_sizes_4641_out|       pointer|
|bucket_sizes_4640_out           |  out|   32|      ap_vld|                                            bucket_sizes_4640_out|       pointer|
|bucket_sizes_4640_out_ap_vld    |  out|    1|      ap_vld|                                            bucket_sizes_4640_out|       pointer|
|bucket_pointer_2094_out         |  out|   32|      ap_vld|                                          bucket_pointer_2094_out|       pointer|
|bucket_pointer_2094_out_ap_vld  |  out|    1|      ap_vld|                                          bucket_pointer_2094_out|       pointer|
|bucket_pointer_2093_out         |  out|   32|      ap_vld|                                          bucket_pointer_2093_out|       pointer|
|bucket_pointer_2093_out_ap_vld  |  out|    1|      ap_vld|                                          bucket_pointer_2093_out|       pointer|
|bucket_pointer_2092_out         |  out|   32|      ap_vld|                                          bucket_pointer_2092_out|       pointer|
|bucket_pointer_2092_out_ap_vld  |  out|    1|      ap_vld|                                          bucket_pointer_2092_out|       pointer|
|bucket_pointer_2091_out         |  out|   32|      ap_vld|                                          bucket_pointer_2091_out|       pointer|
|bucket_pointer_2091_out_ap_vld  |  out|    1|      ap_vld|                                          bucket_pointer_2091_out|       pointer|
|bucket_pointer_2090_out         |  out|   32|      ap_vld|                                          bucket_pointer_2090_out|       pointer|
|bucket_pointer_2090_out_ap_vld  |  out|    1|      ap_vld|                                          bucket_pointer_2090_out|       pointer|
|bucket_pointer_2089_out         |  out|   32|      ap_vld|                                          bucket_pointer_2089_out|       pointer|
|bucket_pointer_2089_out_ap_vld  |  out|    1|      ap_vld|                                          bucket_pointer_2089_out|       pointer|
|bucket_pointer_2088_out         |  out|   32|      ap_vld|                                          bucket_pointer_2088_out|       pointer|
|bucket_pointer_2088_out_ap_vld  |  out|    1|      ap_vld|                                          bucket_pointer_2088_out|       pointer|
|bucket_pointer_2087_out         |  out|   32|      ap_vld|                                          bucket_pointer_2087_out|       pointer|
|bucket_pointer_2087_out_ap_vld  |  out|    1|      ap_vld|                                          bucket_pointer_2087_out|       pointer|
+--------------------------------+-----+-----+------------+-----------------------------------------------------------------+--------------+

