

================================================================
== Vitis HLS Report for 'radix_sort_unified_bucket_pingpong_62_1_Pipeline_bucket_pointer_initialization'
================================================================
* Date:           Sat Apr 22 15:42:19 2023

* Version:        2022.2 (Build 3670227 on Oct 13 2022)
* Project:        sort_seperate_bucket
* Solution:       solution1 (Vivado IP Flow Target)
* Product family: virtexuplus
* Target device:  xcu280-fsvh2892-2L-e


================================================================
== Performance Estimates
================================================================
+ Timing: 
    * Summary: 
    +--------+----------+----------+------------+
    |  Clock |  Target  | Estimated| Uncertainty|
    +--------+----------+----------+------------+
    |ap_clk  |  10.00 ns|  1.760 ns|     2.70 ns|
    +--------+----------+----------+------------+

+ Latency: 
    * Summary: 
    +---------+---------+----------+----------+-----+-----+---------+
    |  Latency (cycles) |  Latency (absolute) |  Interval | Pipeline|
    |   min   |   max   |    min   |    max   | min | max |   Type  |
    +---------+---------+----------+----------+-----+-----+---------+
    |       18|       18|  0.180 us|  0.180 us|   18|   18|       no|
    +---------+---------+----------+----------+-----+-----+---------+

    + Detail: 
        * Instance: 
        N/A

        * Loop: 
        +---------------------------------+---------+---------+----------+-----------+-----------+------+----------+
        |                                 |  Latency (cycles) | Iteration|  Initiation Interval  | Trip |          |
        |            Loop Name            |   min   |   max   |  Latency |  achieved |   target  | Count| Pipelined|
        +---------------------------------+---------+---------+----------+-----------+-----------+------+----------+
        |- bucket_pointer_initialization  |       16|       16|         1|          1|          1|    16|       yes|
        +---------------------------------+---------+---------+----------+-----------+-----------+------+----------+



================================================================
== Utilization Estimates
================================================================
* Summary: 
+---------------------+---------+------+---------+---------+-----+
|         Name        | BRAM_18K|  DSP |    FF   |   LUT   | URAM|
+---------------------+---------+------+---------+---------+-----+
|DSP                  |        -|     -|        -|        -|    -|
|Expression           |        -|     -|        0|       95|    -|
|FIFO                 |        -|     -|        -|        -|    -|
|Instance             |        -|     -|        0|       65|    -|
|Memory               |        -|     -|        -|        -|    -|
|Multiplexer          |        -|     -|        -|      324|    -|
|Register             |        -|     -|     1064|        -|    -|
+---------------------+---------+------+---------+---------+-----+
|Total                |        0|     0|     1064|      484|    0|
+---------------------+---------+------+---------+---------+-----+
|Available SLR        |     1344|  3008|   869120|   434560|  320|
+---------------------+---------+------+---------+---------+-----+
|Utilization SLR (%)  |        0|     0|       ~0|       ~0|    0|
+---------------------+---------+------+---------+---------+-----+
|Available            |     4032|  9024|  2607360|  1303680|  960|
+---------------------+---------+------+---------+---------+-----+
|Utilization (%)      |        0|     0|       ~0|       ~0|    0|
+---------------------+---------+------+---------+---------+-----+

+ Detail: 
    * Instance: 
    +-----------------------+----------------+---------+----+---+----+-----+
    |        Instance       |     Module     | BRAM_18K| DSP| FF| LUT| URAM|
    +-----------------------+----------------+---------+----+---+----+-----+
    |mux_164_32_1_1_U11827  |mux_164_32_1_1  |        0|   0|  0|  65|    0|
    +-----------------------+----------------+---------+----+---+----+-----+
    |Total                  |                |        0|   0|  0|  65|    0|
    +-----------------------+----------------+---------+----+---+----+-----+

    * DSP: 
    N/A

    * Memory: 
    N/A

    * FIFO: 
    N/A

    * Expression: 
    +--------------------------------+----------+----+---+----+------------+------------+
    |          Variable Name         | Operation| DSP| FF| LUT| Bitwidth P0| Bitwidth P1|
    +--------------------------------+----------+----+---+----+------------+------------+
    |add_ln85_fu_922_p2              |         +|   0|  0|  12|           5|           1|
    |next_bucket_pointer_fu_1018_p2  |         +|   0|  0|  39|          32|          32|
    |ap_condition_505                |       and|   0|  0|   2|           1|           1|
    |ap_condition_508                |       and|   0|  0|   2|           1|           1|
    |ap_condition_511                |       and|   0|  0|   2|           1|           1|
    |ap_condition_514                |       and|   0|  0|   2|           1|           1|
    |ap_condition_517                |       and|   0|  0|   2|           1|           1|
    |ap_condition_520                |       and|   0|  0|   2|           1|           1|
    |ap_condition_523                |       and|   0|  0|   2|           1|           1|
    |ap_condition_526                |       and|   0|  0|   2|           1|           1|
    |ap_condition_529                |       and|   0|  0|   2|           1|           1|
    |ap_condition_532                |       and|   0|  0|   2|           1|           1|
    |ap_condition_535                |       and|   0|  0|   2|           1|           1|
    |ap_condition_538                |       and|   0|  0|   2|           1|           1|
    |ap_condition_541                |       and|   0|  0|   2|           1|           1|
    |ap_condition_544                |       and|   0|  0|   2|           1|           1|
    |ap_condition_547                |       and|   0|  0|   2|           1|           1|
    |ap_condition_550                |       and|   0|  0|   2|           1|           1|
    |icmp_ln85_fu_916_p2             |      icmp|   0|  0|  10|           5|           6|
    |ap_enable_pp0                   |       xor|   0|  0|   2|           1|           2|
    +--------------------------------+----------+----+---+----+------------+------------+
    |Total                           |          |   0|  0|  95|          59|          57|
    +--------------------------------+----------+----+---+----+------------+------------+

    * Multiplexer: 
    +---------------------------+----+-----------+-----+-----------+
    |            Name           | LUT| Input Size| Bits| Total Bits|
    +---------------------------+----+-----------+-----+-----------+
    |ap_done_int                |   9|          2|    1|          2|
    |ap_enable_reg_pp0_iter1    |   9|          2|    1|          2|
    |bucket_pointer_137_fu_192  |   9|          2|   32|         64|
    |bucket_pointer_138_fu_196  |   9|          2|   32|         64|
    |bucket_pointer_139_fu_200  |   9|          2|   32|         64|
    |bucket_pointer_140_fu_204  |   9|          2|   32|         64|
    |bucket_pointer_141_fu_208  |   9|          2|   32|         64|
    |bucket_pointer_142_fu_212  |   9|          2|   32|         64|
    |bucket_pointer_143_fu_216  |   9|          2|   32|         64|
    |bucket_pointer_144_fu_220  |   9|          2|   32|         64|
    |bucket_pointer_145_fu_224  |   9|          2|   32|         64|
    |bucket_pointer_146_fu_228  |   9|          2|   32|         64|
    |bucket_pointer_147_fu_232  |   9|          2|   32|         64|
    |bucket_pointer_148_fu_236  |   9|          2|   32|         64|
    |bucket_pointer_149_fu_240  |   9|          2|   32|         64|
    |bucket_pointer_150_fu_244  |   9|          2|   32|         64|
    |bucket_pointer_151_fu_248  |   9|          2|   32|         64|
    |bucket_pointer_152_fu_252  |   9|          2|   32|         64|
    |bucket_pointer_153_fu_256  |   9|          2|   32|         64|
    |bucket_sizes_166_fu_264    |   9|          2|   32|         64|
    |bucket_sizes_167_fu_268    |   9|          2|   32|         64|
    |bucket_sizes_168_fu_272    |   9|          2|   32|         64|
    |bucket_sizes_169_fu_276    |   9|          2|   32|         64|
    |bucket_sizes_170_fu_280    |   9|          2|   32|         64|
    |bucket_sizes_171_fu_284    |   9|          2|   32|         64|
    |bucket_sizes_172_fu_288    |   9|          2|   32|         64|
    |bucket_sizes_173_fu_292    |   9|          2|   32|         64|
    |bucket_sizes_174_fu_296    |   9|          2|   32|         64|
    |bucket_sizes_175_fu_300    |   9|          2|   32|         64|
    |bucket_sizes_176_fu_304    |   9|          2|   32|         64|
    |bucket_sizes_177_fu_308    |   9|          2|   32|         64|
    |bucket_sizes_178_fu_312    |   9|          2|   32|         64|
    |bucket_sizes_179_fu_316    |   9|          2|   32|         64|
    |bucket_sizes_180_fu_320    |   9|          2|   32|         64|
    |bucket_sizes_fu_260        |   9|          2|   32|         64|
    |m_fu_188                   |   9|          2|    5|         10|
    +---------------------------+----+-----------+-----+-----------+
    |Total                      | 324|         72| 1063|       2126|
    +---------------------------+----+-----------+-----+-----------+

    * Register: 
    +---------------------------+----+----+-----+-----------+
    |            Name           | FF | LUT| Bits| Const Bits|
    +---------------------------+----+----+-----+-----------+
    |ap_CS_fsm                  |   1|   0|    1|          0|
    |ap_done_reg                |   1|   0|    1|          0|
    |ap_enable_reg_pp0_iter1    |   1|   0|    1|          0|
    |bucket_pointer_137_fu_192  |  32|   0|   32|          0|
    |bucket_pointer_138_fu_196  |  32|   0|   32|          0|
    |bucket_pointer_139_fu_200  |  32|   0|   32|          0|
    |bucket_pointer_140_fu_204  |  32|   0|   32|          0|
    |bucket_pointer_141_fu_208  |  32|   0|   32|          0|
    |bucket_pointer_142_fu_212  |  32|   0|   32|          0|
    |bucket_pointer_143_fu_216  |  32|   0|   32|          0|
    |bucket_pointer_144_fu_220  |  32|   0|   32|          0|
    |bucket_pointer_145_fu_224  |  32|   0|   32|          0|
    |bucket_pointer_146_fu_228  |  32|   0|   32|          0|
    |bucket_pointer_147_fu_232  |  32|   0|   32|          0|
    |bucket_pointer_148_fu_236  |  32|   0|   32|          0|
    |bucket_pointer_149_fu_240  |  32|   0|   32|          0|
    |bucket_pointer_150_fu_244  |  32|   0|   32|          0|
    |bucket_pointer_151_fu_248  |  32|   0|   32|          0|
    |bucket_pointer_152_fu_252  |  32|   0|   32|          0|
    |bucket_pointer_153_fu_256  |  32|   0|   32|          0|
    |bucket_sizes_166_fu_264    |  32|   0|   32|          0|
    |bucket_sizes_167_fu_268    |  32|   0|   32|          0|
    |bucket_sizes_168_fu_272    |  32|   0|   32|          0|
    |bucket_sizes_169_fu_276    |  32|   0|   32|          0|
    |bucket_sizes_170_fu_280    |  32|   0|   32|          0|
    |bucket_sizes_171_fu_284    |  32|   0|   32|          0|
    |bucket_sizes_172_fu_288    |  32|   0|   32|          0|
    |bucket_sizes_173_fu_292    |  32|   0|   32|          0|
    |bucket_sizes_174_fu_296    |  32|   0|   32|          0|
    |bucket_sizes_175_fu_300    |  32|   0|   32|          0|
    |bucket_sizes_176_fu_304    |  32|   0|   32|          0|
    |bucket_sizes_177_fu_308    |  32|   0|   32|          0|
    |bucket_sizes_178_fu_312    |  32|   0|   32|          0|
    |bucket_sizes_179_fu_316    |  32|   0|   32|          0|
    |bucket_sizes_180_fu_320    |  32|   0|   32|          0|
    |bucket_sizes_fu_260        |  32|   0|   32|          0|
    |m_fu_188                   |   5|   0|    5|          0|
    +---------------------------+----+----+-----+-----------+
    |Total                      |1064|   0| 1064|          0|
    +---------------------------+----+----+-----+-----------+



================================================================
== Interface
================================================================
* Summary: 
+-------------------------------+-----+-----+------------+--------------------------------------------------------------------------------+--------------+
|           RTL Ports           | Dir | Bits|  Protocol  |                                  Source Object                                 |    C Type    |
+-------------------------------+-----+-----+------------+--------------------------------------------------------------------------------+--------------+
|ap_clk                         |   in|    1|  ap_ctrl_hs|  radix_sort_unified_bucket_pingpong.62.1_Pipeline_bucket_pointer_initialization|  return value|
|ap_rst                         |   in|    1|  ap_ctrl_hs|  radix_sort_unified_bucket_pingpong.62.1_Pipeline_bucket_pointer_initialization|  return value|
|ap_start                       |   in|    1|  ap_ctrl_hs|  radix_sort_unified_bucket_pingpong.62.1_Pipeline_bucket_pointer_initialization|  return value|
|ap_done                        |  out|    1|  ap_ctrl_hs|  radix_sort_unified_bucket_pingpong.62.1_Pipeline_bucket_pointer_initialization|  return value|
|ap_idle                        |  out|    1|  ap_ctrl_hs|  radix_sort_unified_bucket_pingpong.62.1_Pipeline_bucket_pointer_initialization|  return value|
|ap_ready                       |  out|    1|  ap_ctrl_hs|  radix_sort_unified_bucket_pingpong.62.1_Pipeline_bucket_pointer_initialization|  return value|
|bucket_sizes_659               |   in|   32|     ap_none|                                                                bucket_sizes_659|        scalar|
|bucket_sizes_658               |   in|   32|     ap_none|                                                                bucket_sizes_658|        scalar|
|bucket_sizes_657               |   in|   32|     ap_none|                                                                bucket_sizes_657|        scalar|
|bucket_sizes_656               |   in|   32|     ap_none|                                                                bucket_sizes_656|        scalar|
|bucket_sizes_655               |   in|   32|     ap_none|                                                                bucket_sizes_655|        scalar|
|bucket_sizes_654               |   in|   32|     ap_none|                                                                bucket_sizes_654|        scalar|
|bucket_sizes_653               |   in|   32|     ap_none|                                                                bucket_sizes_653|        scalar|
|bucket_sizes_652               |   in|   32|     ap_none|                                                                bucket_sizes_652|        scalar|
|bucket_sizes_651               |   in|   32|     ap_none|                                                                bucket_sizes_651|        scalar|
|bucket_sizes_650               |   in|   32|     ap_none|                                                                bucket_sizes_650|        scalar|
|bucket_sizes_649               |   in|   32|     ap_none|                                                                bucket_sizes_649|        scalar|
|bucket_sizes_648               |   in|   32|     ap_none|                                                                bucket_sizes_648|        scalar|
|bucket_sizes_647               |   in|   32|     ap_none|                                                                bucket_sizes_647|        scalar|
|bucket_sizes_646               |   in|   32|     ap_none|                                                                bucket_sizes_646|        scalar|
|bucket_sizes_645               |   in|   32|     ap_none|                                                                bucket_sizes_645|        scalar|
|bucket_sizes_628               |   in|   32|     ap_none|                                                                bucket_sizes_628|        scalar|
|bucket_pointer_275             |   in|   32|     ap_none|                                                              bucket_pointer_275|        scalar|
|bucket_pointer_274             |   in|   32|     ap_none|                                                              bucket_pointer_274|        scalar|
|bucket_pointer_273             |   in|   32|     ap_none|                                                              bucket_pointer_273|        scalar|
|bucket_pointer_272             |   in|   32|     ap_none|                                                              bucket_pointer_272|        scalar|
|bucket_pointer_271             |   in|   32|     ap_none|                                                              bucket_pointer_271|        scalar|
|bucket_pointer_270             |   in|   32|     ap_none|                                                              bucket_pointer_270|        scalar|
|bucket_pointer_269             |   in|   32|     ap_none|                                                              bucket_pointer_269|        scalar|
|bucket_pointer_268             |   in|   32|     ap_none|                                                              bucket_pointer_268|        scalar|
|bucket_pointer_267             |   in|   32|     ap_none|                                                              bucket_pointer_267|        scalar|
|bucket_pointer_266             |   in|   32|     ap_none|                                                              bucket_pointer_266|        scalar|
|bucket_pointer_265             |   in|   32|     ap_none|                                                              bucket_pointer_265|        scalar|
|bucket_pointer_264             |   in|   32|     ap_none|                                                              bucket_pointer_264|        scalar|
|bucket_pointer_263             |   in|   32|     ap_none|                                                              bucket_pointer_263|        scalar|
|bucket_pointer_262             |   in|   32|     ap_none|                                                              bucket_pointer_262|        scalar|
|bucket_pointer_261             |   in|   32|     ap_none|                                                              bucket_pointer_261|        scalar|
|bucket_pointer                 |   in|   32|     ap_none|                                                                  bucket_pointer|        scalar|
|bucket_sizes_676_out           |  out|   32|      ap_vld|                                                            bucket_sizes_676_out|       pointer|
|bucket_sizes_676_out_ap_vld    |  out|    1|      ap_vld|                                                            bucket_sizes_676_out|       pointer|
|bucket_sizes_675_out           |  out|   32|      ap_vld|                                                            bucket_sizes_675_out|       pointer|
|bucket_sizes_675_out_ap_vld    |  out|    1|      ap_vld|                                                            bucket_sizes_675_out|       pointer|
|bucket_sizes_674_out           |  out|   32|      ap_vld|                                                            bucket_sizes_674_out|       pointer|
|bucket_sizes_674_out_ap_vld    |  out|    1|      ap_vld|                                                            bucket_sizes_674_out|       pointer|
|bucket_sizes_673_out           |  out|   32|      ap_vld|                                                            bucket_sizes_673_out|       pointer|
|bucket_sizes_673_out_ap_vld    |  out|    1|      ap_vld|                                                            bucket_sizes_673_out|       pointer|
|bucket_sizes_672_out           |  out|   32|      ap_vld|                                                            bucket_sizes_672_out|       pointer|
|bucket_sizes_672_out_ap_vld    |  out|    1|      ap_vld|                                                            bucket_sizes_672_out|       pointer|
|bucket_sizes_671_out           |  out|   32|      ap_vld|                                                            bucket_sizes_671_out|       pointer|
|bucket_sizes_671_out_ap_vld    |  out|    1|      ap_vld|                                                            bucket_sizes_671_out|       pointer|
|bucket_sizes_670_out           |  out|   32|      ap_vld|                                                            bucket_sizes_670_out|       pointer|
|bucket_sizes_670_out_ap_vld    |  out|    1|      ap_vld|                                                            bucket_sizes_670_out|       pointer|
|bucket_sizes_669_out           |  out|   32|      ap_vld|                                                            bucket_sizes_669_out|       pointer|
|bucket_sizes_669_out_ap_vld    |  out|    1|      ap_vld|                                                            bucket_sizes_669_out|       pointer|
|bucket_sizes_668_out           |  out|   32|      ap_vld|                                                            bucket_sizes_668_out|       pointer|
|bucket_sizes_668_out_ap_vld    |  out|    1|      ap_vld|                                                            bucket_sizes_668_out|       pointer|
|bucket_sizes_667_out           |  out|   32|      ap_vld|                                                            bucket_sizes_667_out|       pointer|
|bucket_sizes_667_out_ap_vld    |  out|    1|      ap_vld|                                                            bucket_sizes_667_out|       pointer|
|bucket_sizes_666_out           |  out|   32|      ap_vld|                                                            bucket_sizes_666_out|       pointer|
|bucket_sizes_666_out_ap_vld    |  out|    1|      ap_vld|                                                            bucket_sizes_666_out|       pointer|
|bucket_sizes_665_out           |  out|   32|      ap_vld|                                                            bucket_sizes_665_out|       pointer|
|bucket_sizes_665_out_ap_vld    |  out|    1|      ap_vld|                                                            bucket_sizes_665_out|       pointer|
|bucket_sizes_664_out           |  out|   32|      ap_vld|                                                            bucket_sizes_664_out|       pointer|
|bucket_sizes_664_out_ap_vld    |  out|    1|      ap_vld|                                                            bucket_sizes_664_out|       pointer|
|bucket_sizes_663_out           |  out|   32|      ap_vld|                                                            bucket_sizes_663_out|       pointer|
|bucket_sizes_663_out_ap_vld    |  out|    1|      ap_vld|                                                            bucket_sizes_663_out|       pointer|
|bucket_sizes_662_out           |  out|   32|      ap_vld|                                                            bucket_sizes_662_out|       pointer|
|bucket_sizes_662_out_ap_vld    |  out|    1|      ap_vld|                                                            bucket_sizes_662_out|       pointer|
|bucket_sizes_661_out           |  out|   32|      ap_vld|                                                            bucket_sizes_661_out|       pointer|
|bucket_sizes_661_out_ap_vld    |  out|    1|      ap_vld|                                                            bucket_sizes_661_out|       pointer|
|bucket_pointer_291_out         |  out|   32|      ap_vld|                                                          bucket_pointer_291_out|       pointer|
|bucket_pointer_291_out_ap_vld  |  out|    1|      ap_vld|                                                          bucket_pointer_291_out|       pointer|
|bucket_pointer_290_out         |  out|   32|      ap_vld|                                                          bucket_pointer_290_out|       pointer|
|bucket_pointer_290_out_ap_vld  |  out|    1|      ap_vld|                                                          bucket_pointer_290_out|       pointer|
|bucket_pointer_289_out         |  out|   32|      ap_vld|                                                          bucket_pointer_289_out|       pointer|
|bucket_pointer_289_out_ap_vld  |  out|    1|      ap_vld|                                                          bucket_pointer_289_out|       pointer|
|bucket_pointer_288_out         |  out|   32|      ap_vld|                                                          bucket_pointer_288_out|       pointer|
|bucket_pointer_288_out_ap_vld  |  out|    1|      ap_vld|                                                          bucket_pointer_288_out|       pointer|
|bucket_pointer_287_out         |  out|   32|      ap_vld|                                                          bucket_pointer_287_out|       pointer|
|bucket_pointer_287_out_ap_vld  |  out|    1|      ap_vld|                                                          bucket_pointer_287_out|       pointer|
|bucket_pointer_286_out         |  out|   32|      ap_vld|                                                          bucket_pointer_286_out|       pointer|
|bucket_pointer_286_out_ap_vld  |  out|    1|      ap_vld|                                                          bucket_pointer_286_out|       pointer|
|bucket_pointer_285_out         |  out|   32|      ap_vld|                                                          bucket_pointer_285_out|       pointer|
|bucket_pointer_285_out_ap_vld  |  out|    1|      ap_vld|                                                          bucket_pointer_285_out|       pointer|
|bucket_pointer_284_out         |  out|   32|      ap_vld|                                                          bucket_pointer_284_out|       pointer|
|bucket_pointer_284_out_ap_vld  |  out|    1|      ap_vld|                                                          bucket_pointer_284_out|       pointer|
|bucket_pointer_283_out         |  out|   32|      ap_vld|                                                          bucket_pointer_283_out|       pointer|
|bucket_pointer_283_out_ap_vld  |  out|    1|      ap_vld|                                                          bucket_pointer_283_out|       pointer|
|bucket_pointer_282_out         |  out|   32|      ap_vld|                                                          bucket_pointer_282_out|       pointer|
|bucket_pointer_282_out_ap_vld  |  out|    1|      ap_vld|                                                          bucket_pointer_282_out|       pointer|
|bucket_pointer_281_out         |  out|   32|      ap_vld|                                                          bucket_pointer_281_out|       pointer|
|bucket_pointer_281_out_ap_vld  |  out|    1|      ap_vld|                                                          bucket_pointer_281_out|       pointer|
|bucket_pointer_280_out         |  out|   32|      ap_vld|                                                          bucket_pointer_280_out|       pointer|
|bucket_pointer_280_out_ap_vld  |  out|    1|      ap_vld|                                                          bucket_pointer_280_out|       pointer|
|bucket_pointer_279_out         |  out|   32|      ap_vld|                                                          bucket_pointer_279_out|       pointer|
|bucket_pointer_279_out_ap_vld  |  out|    1|      ap_vld|                                                          bucket_pointer_279_out|       pointer|
|bucket_pointer_278_out         |  out|   32|      ap_vld|                                                          bucket_pointer_278_out|       pointer|
|bucket_pointer_278_out_ap_vld  |  out|    1|      ap_vld|                                                          bucket_pointer_278_out|       pointer|
|bucket_pointer_277_out         |  out|   32|      ap_vld|                                                          bucket_pointer_277_out|       pointer|
|bucket_pointer_277_out_ap_vld  |  out|    1|      ap_vld|                                                          bucket_pointer_277_out|       pointer|
|bucket_pointer_276_out         |  out|   32|      ap_vld|                                                          bucket_pointer_276_out|       pointer|
|bucket_pointer_276_out_ap_vld  |  out|    1|      ap_vld|                                                          bucket_pointer_276_out|       pointer|
+-------------------------------+-----+-----+------------+--------------------------------------------------------------------------------+--------------+

