

================================================================
== Vitis HLS Report for 'radix_sort_batch_40_1_Pipeline_bucket_pointer_initialization'
================================================================
* Date:           Sun Apr 23 22:20:37 2023

* Version:        2022.2 (Build 3670227 on Oct 13 2022)
* Project:        sort_seperate_bucket
* Solution:       solution1 (Vivado IP Flow Target)
* Product family: virtexuplus
* Target device:  xcu280-fsvh2892-2L-e


================================================================
== Performance Estimates
================================================================
+ Timing: 
    * Summary: 
    +--------+----------+----------+------------+
    |  Clock |  Target  | Estimated| Uncertainty|
    +--------+----------+----------+------------+
    |ap_clk  |  10.00 ns|  1.760 ns|     2.70 ns|
    +--------+----------+----------+------------+

+ Latency: 
    * Summary: 
    +---------+---------+----------+----------+-----+-----+---------+
    |  Latency (cycles) |  Latency (absolute) |  Interval | Pipeline|
    |   min   |   max   |    min   |    max   | min | max |   Type  |
    +---------+---------+----------+----------+-----+-----+---------+
    |       18|       18|  0.180 us|  0.180 us|   18|   18|       no|
    +---------+---------+----------+----------+-----+-----+---------+

    + Detail: 
        * Instance: 
        N/A

        * Loop: 
        +---------------------------------+---------+---------+----------+-----------+-----------+------+----------+
        |                                 |  Latency (cycles) | Iteration|  Initiation Interval  | Trip |          |
        |            Loop Name            |   min   |   max   |  Latency |  achieved |   target  | Count| Pipelined|
        +---------------------------------+---------+---------+----------+-----------+-----------+------+----------+
        |- bucket_pointer_initialization  |       16|       16|         1|          1|          1|    16|       yes|
        +---------------------------------+---------+---------+----------+-----------+-----------+------+----------+



================================================================
== Utilization Estimates
================================================================
* Summary: 
+---------------------+---------+------+---------+---------+-----+
|         Name        | BRAM_18K|  DSP |    FF   |   LUT   | URAM|
+---------------------+---------+------+---------+---------+-----+
|DSP                  |        -|     -|        -|        -|    -|
|Expression           |        -|     -|        0|       95|    -|
|FIFO                 |        -|     -|        -|        -|    -|
|Instance             |        -|     -|        0|       65|    -|
|Memory               |        -|     -|        -|        -|    -|
|Multiplexer          |        -|     -|        -|      324|    -|
|Register             |        -|     -|     1064|        -|    -|
+---------------------+---------+------+---------+---------+-----+
|Total                |        0|     0|     1064|      484|    0|
+---------------------+---------+------+---------+---------+-----+
|Available SLR        |     1344|  3008|   869120|   434560|  320|
+---------------------+---------+------+---------+---------+-----+
|Utilization SLR (%)  |        0|     0|       ~0|       ~0|    0|
+---------------------+---------+------+---------+---------+-----+
|Available            |     4032|  9024|  2607360|  1303680|  960|
+---------------------+---------+------+---------+---------+-----+
|Utilization (%)      |        0|     0|       ~0|       ~0|    0|
+---------------------+---------+------+---------+---------+-----+

+ Detail: 
    * Instance: 
    +----------------------+----------------+---------+----+---+----+-----+
    |       Instance       |     Module     | BRAM_18K| DSP| FF| LUT| URAM|
    +----------------------+----------------+---------+----+---+----+-----+
    |mux_164_32_1_1_U7581  |mux_164_32_1_1  |        0|   0|  0|  65|    0|
    +----------------------+----------------+---------+----+---+----+-----+
    |Total                 |                |        0|   0|  0|  65|    0|
    +----------------------+----------------+---------+----+---+----+-----+

    * DSP: 
    N/A

    * Memory: 
    N/A

    * FIFO: 
    N/A

    * Expression: 
    +--------------------------------+----------+----+---+----+------------+------------+
    |          Variable Name         | Operation| DSP| FF| LUT| Bitwidth P0| Bitwidth P1|
    +--------------------------------+----------+----+---+----+------------+------------+
    |add_ln33_fu_922_p2              |         +|   0|  0|  12|           5|           1|
    |next_bucket_pointer_fu_1018_p2  |         +|   0|  0|  39|          32|          32|
    |ap_condition_505                |       and|   0|  0|   2|           1|           1|
    |ap_condition_508                |       and|   0|  0|   2|           1|           1|
    |ap_condition_511                |       and|   0|  0|   2|           1|           1|
    |ap_condition_514                |       and|   0|  0|   2|           1|           1|
    |ap_condition_517                |       and|   0|  0|   2|           1|           1|
    |ap_condition_520                |       and|   0|  0|   2|           1|           1|
    |ap_condition_523                |       and|   0|  0|   2|           1|           1|
    |ap_condition_526                |       and|   0|  0|   2|           1|           1|
    |ap_condition_529                |       and|   0|  0|   2|           1|           1|
    |ap_condition_532                |       and|   0|  0|   2|           1|           1|
    |ap_condition_535                |       and|   0|  0|   2|           1|           1|
    |ap_condition_538                |       and|   0|  0|   2|           1|           1|
    |ap_condition_541                |       and|   0|  0|   2|           1|           1|
    |ap_condition_544                |       and|   0|  0|   2|           1|           1|
    |ap_condition_547                |       and|   0|  0|   2|           1|           1|
    |ap_condition_550                |       and|   0|  0|   2|           1|           1|
    |icmp_ln33_fu_916_p2             |      icmp|   0|  0|  10|           5|           6|
    |ap_enable_pp0                   |       xor|   0|  0|   2|           1|           2|
    +--------------------------------+----------+----+---+----+------------+------------+
    |Total                           |          |   0|  0|  95|          59|          57|
    +--------------------------------+----------+----+---+----+------------+------------+

    * Multiplexer: 
    +---------------------------+----+-----------+-----+-----------+
    |            Name           | LUT| Input Size| Bits| Total Bits|
    +---------------------------+----+-----------+-----+-----------+
    |ap_done_int                |   9|          2|    1|          2|
    |ap_enable_reg_pp0_iter1    |   9|          2|    1|          2|
    |bucket_pointer_953_fu_192  |   9|          2|   32|         64|
    |bucket_pointer_954_fu_196  |   9|          2|   32|         64|
    |bucket_pointer_955_fu_200  |   9|          2|   32|         64|
    |bucket_pointer_956_fu_204  |   9|          2|   32|         64|
    |bucket_pointer_957_fu_208  |   9|          2|   32|         64|
    |bucket_pointer_958_fu_212  |   9|          2|   32|         64|
    |bucket_pointer_959_fu_216  |   9|          2|   32|         64|
    |bucket_pointer_960_fu_220  |   9|          2|   32|         64|
    |bucket_pointer_961_fu_224  |   9|          2|   32|         64|
    |bucket_pointer_962_fu_228  |   9|          2|   32|         64|
    |bucket_pointer_963_fu_232  |   9|          2|   32|         64|
    |bucket_pointer_964_fu_236  |   9|          2|   32|         64|
    |bucket_pointer_965_fu_240  |   9|          2|   32|         64|
    |bucket_pointer_966_fu_244  |   9|          2|   32|         64|
    |bucket_pointer_967_fu_248  |   9|          2|   32|         64|
    |bucket_pointer_968_fu_252  |   9|          2|   32|         64|
    |bucket_pointer_969_fu_256  |   9|          2|   32|         64|
    |bucket_sizes_1246_fu_264   |   9|          2|   32|         64|
    |bucket_sizes_1247_fu_268   |   9|          2|   32|         64|
    |bucket_sizes_1248_fu_272   |   9|          2|   32|         64|
    |bucket_sizes_1249_fu_276   |   9|          2|   32|         64|
    |bucket_sizes_1250_fu_280   |   9|          2|   32|         64|
    |bucket_sizes_1251_fu_284   |   9|          2|   32|         64|
    |bucket_sizes_1252_fu_288   |   9|          2|   32|         64|
    |bucket_sizes_1253_fu_292   |   9|          2|   32|         64|
    |bucket_sizes_1254_fu_296   |   9|          2|   32|         64|
    |bucket_sizes_1255_fu_300   |   9|          2|   32|         64|
    |bucket_sizes_1256_fu_304   |   9|          2|   32|         64|
    |bucket_sizes_1257_fu_308   |   9|          2|   32|         64|
    |bucket_sizes_1258_fu_312   |   9|          2|   32|         64|
    |bucket_sizes_1259_fu_316   |   9|          2|   32|         64|
    |bucket_sizes_1260_fu_320   |   9|          2|   32|         64|
    |bucket_sizes_fu_260        |   9|          2|   32|         64|
    |m_fu_188                   |   9|          2|    5|         10|
    +---------------------------+----+-----------+-----+-----------+
    |Total                      | 324|         72| 1063|       2126|
    +---------------------------+----+-----------+-----+-----------+

    * Register: 
    +---------------------------+----+----+-----+-----------+
    |            Name           | FF | LUT| Bits| Const Bits|
    +---------------------------+----+----+-----+-----------+
    |ap_CS_fsm                  |   1|   0|    1|          0|
    |ap_done_reg                |   1|   0|    1|          0|
    |ap_enable_reg_pp0_iter1    |   1|   0|    1|          0|
    |bucket_pointer_953_fu_192  |  32|   0|   32|          0|
    |bucket_pointer_954_fu_196  |  32|   0|   32|          0|
    |bucket_pointer_955_fu_200  |  32|   0|   32|          0|
    |bucket_pointer_956_fu_204  |  32|   0|   32|          0|
    |bucket_pointer_957_fu_208  |  32|   0|   32|          0|
    |bucket_pointer_958_fu_212  |  32|   0|   32|          0|
    |bucket_pointer_959_fu_216  |  32|   0|   32|          0|
    |bucket_pointer_960_fu_220  |  32|   0|   32|          0|
    |bucket_pointer_961_fu_224  |  32|   0|   32|          0|
    |bucket_pointer_962_fu_228  |  32|   0|   32|          0|
    |bucket_pointer_963_fu_232  |  32|   0|   32|          0|
    |bucket_pointer_964_fu_236  |  32|   0|   32|          0|
    |bucket_pointer_965_fu_240  |  32|   0|   32|          0|
    |bucket_pointer_966_fu_244  |  32|   0|   32|          0|
    |bucket_pointer_967_fu_248  |  32|   0|   32|          0|
    |bucket_pointer_968_fu_252  |  32|   0|   32|          0|
    |bucket_pointer_969_fu_256  |  32|   0|   32|          0|
    |bucket_sizes_1246_fu_264   |  32|   0|   32|          0|
    |bucket_sizes_1247_fu_268   |  32|   0|   32|          0|
    |bucket_sizes_1248_fu_272   |  32|   0|   32|          0|
    |bucket_sizes_1249_fu_276   |  32|   0|   32|          0|
    |bucket_sizes_1250_fu_280   |  32|   0|   32|          0|
    |bucket_sizes_1251_fu_284   |  32|   0|   32|          0|
    |bucket_sizes_1252_fu_288   |  32|   0|   32|          0|
    |bucket_sizes_1253_fu_292   |  32|   0|   32|          0|
    |bucket_sizes_1254_fu_296   |  32|   0|   32|          0|
    |bucket_sizes_1255_fu_300   |  32|   0|   32|          0|
    |bucket_sizes_1256_fu_304   |  32|   0|   32|          0|
    |bucket_sizes_1257_fu_308   |  32|   0|   32|          0|
    |bucket_sizes_1258_fu_312   |  32|   0|   32|          0|
    |bucket_sizes_1259_fu_316   |  32|   0|   32|          0|
    |bucket_sizes_1260_fu_320   |  32|   0|   32|          0|
    |bucket_sizes_fu_260        |  32|   0|   32|          0|
    |m_fu_188                   |   5|   0|    5|          0|
    +---------------------------+----+----+-----+-----------+
    |Total                      |1064|   0| 1064|          0|
    +---------------------------+----+----+-----+-----------+



================================================================
== Interface
================================================================
* Summary: 
+--------------------------------+-----+-----+------------+--------------------------------------------------------------+--------------+
|            RTL Ports           | Dir | Bits|  Protocol  |                         Source Object                        |    C Type    |
+--------------------------------+-----+-----+------------+--------------------------------------------------------------+--------------+
|ap_clk                          |   in|    1|  ap_ctrl_hs|  radix_sort_batch.40.1_Pipeline_bucket_pointer_initialization|  return value|
|ap_rst                          |   in|    1|  ap_ctrl_hs|  radix_sort_batch.40.1_Pipeline_bucket_pointer_initialization|  return value|
|ap_start                        |   in|    1|  ap_ctrl_hs|  radix_sort_batch.40.1_Pipeline_bucket_pointer_initialization|  return value|
|ap_done                         |  out|    1|  ap_ctrl_hs|  radix_sort_batch.40.1_Pipeline_bucket_pointer_initialization|  return value|
|ap_idle                         |  out|    1|  ap_ctrl_hs|  radix_sort_batch.40.1_Pipeline_bucket_pointer_initialization|  return value|
|ap_ready                        |  out|    1|  ap_ctrl_hs|  radix_sort_batch.40.1_Pipeline_bucket_pointer_initialization|  return value|
|bucket_sizes_4140               |   in|   32|     ap_none|                                             bucket_sizes_4140|        scalar|
|bucket_sizes_4139               |   in|   32|     ap_none|                                             bucket_sizes_4139|        scalar|
|bucket_sizes_4138               |   in|   32|     ap_none|                                             bucket_sizes_4138|        scalar|
|bucket_sizes_4137               |   in|   32|     ap_none|                                             bucket_sizes_4137|        scalar|
|bucket_sizes_4136               |   in|   32|     ap_none|                                             bucket_sizes_4136|        scalar|
|bucket_sizes_4135               |   in|   32|     ap_none|                                             bucket_sizes_4135|        scalar|
|bucket_sizes_4134               |   in|   32|     ap_none|                                             bucket_sizes_4134|        scalar|
|bucket_sizes_4133               |   in|   32|     ap_none|                                             bucket_sizes_4133|        scalar|
|bucket_sizes_4132               |   in|   32|     ap_none|                                             bucket_sizes_4132|        scalar|
|bucket_sizes_4131               |   in|   32|     ap_none|                                             bucket_sizes_4131|        scalar|
|bucket_sizes_4130               |   in|   32|     ap_none|                                             bucket_sizes_4130|        scalar|
|bucket_sizes_4129               |   in|   32|     ap_none|                                             bucket_sizes_4129|        scalar|
|bucket_sizes_4128               |   in|   32|     ap_none|                                             bucket_sizes_4128|        scalar|
|bucket_sizes_4127               |   in|   32|     ap_none|                                             bucket_sizes_4127|        scalar|
|bucket_sizes_4126               |   in|   32|     ap_none|                                             bucket_sizes_4126|        scalar|
|bucket_sizes_4125               |   in|   32|     ap_none|                                             bucket_sizes_4125|        scalar|
|bucket_pointer_1835             |   in|   32|     ap_none|                                           bucket_pointer_1835|        scalar|
|bucket_pointer_1834             |   in|   32|     ap_none|                                           bucket_pointer_1834|        scalar|
|bucket_pointer_1833             |   in|   32|     ap_none|                                           bucket_pointer_1833|        scalar|
|bucket_pointer_1832             |   in|   32|     ap_none|                                           bucket_pointer_1832|        scalar|
|bucket_pointer_1831             |   in|   32|     ap_none|                                           bucket_pointer_1831|        scalar|
|bucket_pointer_1830             |   in|   32|     ap_none|                                           bucket_pointer_1830|        scalar|
|bucket_pointer_1829             |   in|   32|     ap_none|                                           bucket_pointer_1829|        scalar|
|bucket_pointer_1828             |   in|   32|     ap_none|                                           bucket_pointer_1828|        scalar|
|bucket_pointer_1827             |   in|   32|     ap_none|                                           bucket_pointer_1827|        scalar|
|bucket_pointer_1826             |   in|   32|     ap_none|                                           bucket_pointer_1826|        scalar|
|bucket_pointer_1825             |   in|   32|     ap_none|                                           bucket_pointer_1825|        scalar|
|bucket_pointer_1824             |   in|   32|     ap_none|                                           bucket_pointer_1824|        scalar|
|bucket_pointer_1823             |   in|   32|     ap_none|                                           bucket_pointer_1823|        scalar|
|bucket_pointer_1822             |   in|   32|     ap_none|                                           bucket_pointer_1822|        scalar|
|bucket_pointer_1821             |   in|   32|     ap_none|                                           bucket_pointer_1821|        scalar|
|bucket_pointer                  |   in|   32|     ap_none|                                                bucket_pointer|        scalar|
|bucket_sizes_4156_out           |  out|   32|      ap_vld|                                         bucket_sizes_4156_out|       pointer|
|bucket_sizes_4156_out_ap_vld    |  out|    1|      ap_vld|                                         bucket_sizes_4156_out|       pointer|
|bucket_sizes_4155_out           |  out|   32|      ap_vld|                                         bucket_sizes_4155_out|       pointer|
|bucket_sizes_4155_out_ap_vld    |  out|    1|      ap_vld|                                         bucket_sizes_4155_out|       pointer|
|bucket_sizes_4154_out           |  out|   32|      ap_vld|                                         bucket_sizes_4154_out|       pointer|
|bucket_sizes_4154_out_ap_vld    |  out|    1|      ap_vld|                                         bucket_sizes_4154_out|       pointer|
|bucket_sizes_4153_out           |  out|   32|      ap_vld|                                         bucket_sizes_4153_out|       pointer|
|bucket_sizes_4153_out_ap_vld    |  out|    1|      ap_vld|                                         bucket_sizes_4153_out|       pointer|
|bucket_sizes_4152_out           |  out|   32|      ap_vld|                                         bucket_sizes_4152_out|       pointer|
|bucket_sizes_4152_out_ap_vld    |  out|    1|      ap_vld|                                         bucket_sizes_4152_out|       pointer|
|bucket_sizes_4151_out           |  out|   32|      ap_vld|                                         bucket_sizes_4151_out|       pointer|
|bucket_sizes_4151_out_ap_vld    |  out|    1|      ap_vld|                                         bucket_sizes_4151_out|       pointer|
|bucket_sizes_4150_out           |  out|   32|      ap_vld|                                         bucket_sizes_4150_out|       pointer|
|bucket_sizes_4150_out_ap_vld    |  out|    1|      ap_vld|                                         bucket_sizes_4150_out|       pointer|
|bucket_sizes_4149_out           |  out|   32|      ap_vld|                                         bucket_sizes_4149_out|       pointer|
|bucket_sizes_4149_out_ap_vld    |  out|    1|      ap_vld|                                         bucket_sizes_4149_out|       pointer|
|bucket_sizes_4148_out           |  out|   32|      ap_vld|                                         bucket_sizes_4148_out|       pointer|
|bucket_sizes_4148_out_ap_vld    |  out|    1|      ap_vld|                                         bucket_sizes_4148_out|       pointer|
|bucket_sizes_4147_out           |  out|   32|      ap_vld|                                         bucket_sizes_4147_out|       pointer|
|bucket_sizes_4147_out_ap_vld    |  out|    1|      ap_vld|                                         bucket_sizes_4147_out|       pointer|
|bucket_sizes_4146_out           |  out|   32|      ap_vld|                                         bucket_sizes_4146_out|       pointer|
|bucket_sizes_4146_out_ap_vld    |  out|    1|      ap_vld|                                         bucket_sizes_4146_out|       pointer|
|bucket_sizes_4145_out           |  out|   32|      ap_vld|                                         bucket_sizes_4145_out|       pointer|
|bucket_sizes_4145_out_ap_vld    |  out|    1|      ap_vld|                                         bucket_sizes_4145_out|       pointer|
|bucket_sizes_4144_out           |  out|   32|      ap_vld|                                         bucket_sizes_4144_out|       pointer|
|bucket_sizes_4144_out_ap_vld    |  out|    1|      ap_vld|                                         bucket_sizes_4144_out|       pointer|
|bucket_sizes_4143_out           |  out|   32|      ap_vld|                                         bucket_sizes_4143_out|       pointer|
|bucket_sizes_4143_out_ap_vld    |  out|    1|      ap_vld|                                         bucket_sizes_4143_out|       pointer|
|bucket_sizes_4142_out           |  out|   32|      ap_vld|                                         bucket_sizes_4142_out|       pointer|
|bucket_sizes_4142_out_ap_vld    |  out|    1|      ap_vld|                                         bucket_sizes_4142_out|       pointer|
|bucket_sizes_4141_out           |  out|   32|      ap_vld|                                         bucket_sizes_4141_out|       pointer|
|bucket_sizes_4141_out_ap_vld    |  out|    1|      ap_vld|                                         bucket_sizes_4141_out|       pointer|
|bucket_pointer_1851_out         |  out|   32|      ap_vld|                                       bucket_pointer_1851_out|       pointer|
|bucket_pointer_1851_out_ap_vld  |  out|    1|      ap_vld|                                       bucket_pointer_1851_out|       pointer|
|bucket_pointer_1850_out         |  out|   32|      ap_vld|                                       bucket_pointer_1850_out|       pointer|
|bucket_pointer_1850_out_ap_vld  |  out|    1|      ap_vld|                                       bucket_pointer_1850_out|       pointer|
|bucket_pointer_1849_out         |  out|   32|      ap_vld|                                       bucket_pointer_1849_out|       pointer|
|bucket_pointer_1849_out_ap_vld  |  out|    1|      ap_vld|                                       bucket_pointer_1849_out|       pointer|
|bucket_pointer_1848_out         |  out|   32|      ap_vld|                                       bucket_pointer_1848_out|       pointer|
|bucket_pointer_1848_out_ap_vld  |  out|    1|      ap_vld|                                       bucket_pointer_1848_out|       pointer|
|bucket_pointer_1847_out         |  out|   32|      ap_vld|                                       bucket_pointer_1847_out|       pointer|
|bucket_pointer_1847_out_ap_vld  |  out|    1|      ap_vld|                                       bucket_pointer_1847_out|       pointer|
|bucket_pointer_1846_out         |  out|   32|      ap_vld|                                       bucket_pointer_1846_out|       pointer|
|bucket_pointer_1846_out_ap_vld  |  out|    1|      ap_vld|                                       bucket_pointer_1846_out|       pointer|
|bucket_pointer_1845_out         |  out|   32|      ap_vld|                                       bucket_pointer_1845_out|       pointer|
|bucket_pointer_1845_out_ap_vld  |  out|    1|      ap_vld|                                       bucket_pointer_1845_out|       pointer|
|bucket_pointer_1844_out         |  out|   32|      ap_vld|                                       bucket_pointer_1844_out|       pointer|
|bucket_pointer_1844_out_ap_vld  |  out|    1|      ap_vld|                                       bucket_pointer_1844_out|       pointer|
|bucket_pointer_1843_out         |  out|   32|      ap_vld|                                       bucket_pointer_1843_out|       pointer|
|bucket_pointer_1843_out_ap_vld  |  out|    1|      ap_vld|                                       bucket_pointer_1843_out|       pointer|
|bucket_pointer_1842_out         |  out|   32|      ap_vld|                                       bucket_pointer_1842_out|       pointer|
|bucket_pointer_1842_out_ap_vld  |  out|    1|      ap_vld|                                       bucket_pointer_1842_out|       pointer|
|bucket_pointer_1841_out         |  out|   32|      ap_vld|                                       bucket_pointer_1841_out|       pointer|
|bucket_pointer_1841_out_ap_vld  |  out|    1|      ap_vld|                                       bucket_pointer_1841_out|       pointer|
|bucket_pointer_1840_out         |  out|   32|      ap_vld|                                       bucket_pointer_1840_out|       pointer|
|bucket_pointer_1840_out_ap_vld  |  out|    1|      ap_vld|                                       bucket_pointer_1840_out|       pointer|
|bucket_pointer_1839_out         |  out|   32|      ap_vld|                                       bucket_pointer_1839_out|       pointer|
|bucket_pointer_1839_out_ap_vld  |  out|    1|      ap_vld|                                       bucket_pointer_1839_out|       pointer|
|bucket_pointer_1838_out         |  out|   32|      ap_vld|                                       bucket_pointer_1838_out|       pointer|
|bucket_pointer_1838_out_ap_vld  |  out|    1|      ap_vld|                                       bucket_pointer_1838_out|       pointer|
|bucket_pointer_1837_out         |  out|   32|      ap_vld|                                       bucket_pointer_1837_out|       pointer|
|bucket_pointer_1837_out_ap_vld  |  out|    1|      ap_vld|                                       bucket_pointer_1837_out|       pointer|
|bucket_pointer_1836_out         |  out|   32|      ap_vld|                                       bucket_pointer_1836_out|       pointer|
|bucket_pointer_1836_out_ap_vld  |  out|    1|      ap_vld|                                       bucket_pointer_1836_out|       pointer|
+--------------------------------+-----+-----+------------+--------------------------------------------------------------+--------------+

