

================================================================
== Vitis HLS Report for 'radix_sort_unified_bucket_pingpong_43_1_Pipeline_input_bucket'
================================================================
* Date:           Sat Apr 22 15:41:07 2023

* Version:        2022.2 (Build 3670227 on Oct 13 2022)
* Project:        sort_seperate_bucket
* Solution:       solution1 (Vivado IP Flow Target)
* Product family: virtexuplus
* Target device:  xcu280-fsvh2892-2L-e


================================================================
== Performance Estimates
================================================================
+ Timing: 
    * Summary: 
    +--------+----------+----------+------------+
    |  Clock |  Target  | Estimated| Uncertainty|
    +--------+----------+----------+------------+
    |ap_clk  |  10.00 ns|  5.072 ns|     2.70 ns|
    +--------+----------+----------+------------+

+ Latency: 
    * Summary: 
    +---------+---------+----------+----------+--------+--------+---------+
    |  Latency (cycles) |  Latency (absolute) |     Interval    | Pipeline|
    |   min   |   max   |    min   |    max   |   min  |   max  |   Type  |
    +---------+---------+----------+----------+--------+--------+---------+
    |   156252|   156252|  1.563 ms|  1.563 ms|  156252|  156252|       no|
    +---------+---------+----------+----------+--------+--------+---------+

    + Detail: 
        * Instance: 
        N/A

        * Loop: 
        +----------------+---------+---------+----------+-----------+-----------+--------+----------+
        |                |  Latency (cycles) | Iteration|  Initiation Interval  |  Trip  |          |
        |    Loop Name   |   min   |   max   |  Latency |  achieved |   target  |  Count | Pipelined|
        +----------------+---------+---------+----------+-----------+-----------+--------+----------+
        |- input_bucket  |   156250|   156250|         2|          1|          1|  156250|       yes|
        +----------------+---------+---------+----------+-----------+-----------+--------+----------+



================================================================
== Utilization Estimates
================================================================
* Summary: 
+---------------------+---------+------+---------+---------+-----+
|         Name        | BRAM_18K|  DSP |    FF   |   LUT   | URAM|
+---------------------+---------+------+---------+---------+-----+
|DSP                  |        -|     -|        -|        -|    -|
|Expression           |        -|     -|        0|      323|    -|
|FIFO                 |        -|     -|        -|        -|    -|
|Instance             |        -|     -|        0|      130|    -|
|Memory               |        -|     -|        -|        -|    -|
|Multiplexer          |        -|     -|        -|      502|    -|
|Register             |        -|     -|      141|        -|    -|
+---------------------+---------+------+---------+---------+-----+
|Total                |        0|     0|      141|      955|    0|
+---------------------+---------+------+---------+---------+-----+
|Available SLR        |     1344|  3008|   869120|   434560|  320|
+---------------------+---------+------+---------+---------+-----+
|Utilization SLR (%)  |        0|     0|       ~0|       ~0|    0|
+---------------------+---------+------+---------+---------+-----+
|Available            |     4032|  9024|  2607360|  1303680|  960|
+---------------------+---------+------+---------+---------+-----+
|Utilization (%)      |        0|     0|       ~0|       ~0|    0|
+---------------------+---------+------+---------+---------+-----+

+ Detail: 
    * Instance: 
    +----------------------+----------------+---------+----+---+----+-----+
    |       Instance       |     Module     | BRAM_18K| DSP| FF| LUT| URAM|
    +----------------------+----------------+---------+----+---+----+-----+
    |mux_164_32_1_1_U8225  |mux_164_32_1_1  |        0|   0|  0|  65|    0|
    |mux_164_32_1_1_U8226  |mux_164_32_1_1  |        0|   0|  0|  65|    0|
    +----------------------+----------------+---------+----+---+----+-----+
    |Total                 |                |        0|   0|  0| 130|    0|
    +----------------------+----------------+---------+----+---+----+-----+

    * DSP: 
    N/A

    * Memory: 
    N/A

    * FIFO: 
    N/A

    * Expression: 
    +--------------------------+----------+----+---+----+------------+------------+
    |       Variable Name      | Operation| DSP| FF| LUT| Bitwidth P0| Bitwidth P1|
    +--------------------------+----------+----+---+----+------------+------------+
    |add_ln92_fu_675_p2        |         +|   0|  0|  25|          18|           1|
    |add_ln93_fu_685_p2        |         +|   0|  0|  26|          19|          19|
    |add_ln95_fu_836_p2        |         +|   0|  0|  26|          19|          19|
    |bucket_pointer_fu_856_p2  |         +|   0|  0|  39|          32|           1|
    |bucket_sizes_fu_1070_p2   |         +|   0|  0|  39|          32|           1|
    |shifted_fu_785_p2         |      ashr|   0|  0|  92|          32|          32|
    |addr_cmp_fu_771_p2        |      icmp|   0|  0|  29|          64|          64|
    |icmp_ln92_fu_669_p2       |      icmp|   0|  0|  13|          18|          18|
    |reuse_select_fu_776_p3    |    select|   0|  0|  32|           1|          32|
    |ap_enable_pp0             |       xor|   0|  0|   2|           1|           2|
    +--------------------------+----------+----+---+----+------------+------------+
    |Total                     |          |   0|  0| 323|         236|         189|
    +--------------------------+----------+----+---+----+------------+------------+

    * Multiplexer: 
    +---------------------------+----+-----------+-----+-----------+
    |            Name           | LUT| Input Size| Bits| Total Bits|
    +---------------------------+----+-----------+-----+-----------+
    |ap_done_int                |   9|          2|    1|          2|
    |ap_enable_reg_pp0_iter1    |   9|          2|    1|          2|
    |ap_sig_allocacmp_j         |   9|          2|   18|         36|
    |bucket_pointer_1658_out_o  |  14|          3|   32|         96|
    |bucket_pointer_1659_out_o  |  14|          3|   32|         96|
    |bucket_pointer_1660_out_o  |  14|          3|   32|         96|
    |bucket_pointer_1661_out_o  |  14|          3|   32|         96|
    |bucket_pointer_1662_out_o  |  14|          3|   32|         96|
    |bucket_pointer_1663_out_o  |  14|          3|   32|         96|
    |bucket_pointer_1664_out_o  |  14|          3|   32|         96|
    |bucket_pointer_1665_out_o  |  14|          3|   32|         96|
    |bucket_pointer_1666_out_o  |  14|          3|   32|         96|
    |bucket_pointer_1667_out_o  |  14|          3|   32|         96|
    |bucket_pointer_1668_out_o  |  14|          3|   32|         96|
    |bucket_pointer_1669_out_o  |  14|          3|   32|         96|
    |bucket_pointer_1670_out_o  |  14|          3|   32|         96|
    |bucket_pointer_1671_out_o  |  14|          3|   32|         96|
    |bucket_pointer_1672_out_o  |  14|          3|   32|         96|
    |bucket_pointer_1673_out_o  |  14|          3|   32|         96|
    |bucket_sizes_3738_out_o    |  14|          3|   32|         96|
    |bucket_sizes_3739_out_o    |  14|          3|   32|         96|
    |bucket_sizes_3740_out_o    |  14|          3|   32|         96|
    |bucket_sizes_3741_out_o    |  14|          3|   32|         96|
    |bucket_sizes_3742_out_o    |  14|          3|   32|         96|
    |bucket_sizes_3743_out_o    |  14|          3|   32|         96|
    |bucket_sizes_3744_out_o    |  14|          3|   32|         96|
    |bucket_sizes_3745_out_o    |  14|          3|   32|         96|
    |bucket_sizes_3746_out_o    |  14|          3|   32|         96|
    |bucket_sizes_3747_out_o    |  14|          3|   32|         96|
    |bucket_sizes_3748_out_o    |  14|          3|   32|         96|
    |bucket_sizes_3749_out_o    |  14|          3|   32|         96|
    |bucket_sizes_3750_out_o    |  14|          3|   32|         96|
    |bucket_sizes_3751_out_o    |  14|          3|   32|         96|
    |bucket_sizes_3752_out_o    |  14|          3|   32|         96|
    |bucket_sizes_3753_out_o    |  14|          3|   32|         96|
    |j_26_fu_216                |   9|          2|   18|         36|
    |reuse_addr_reg_fu_208      |   9|          2|   64|        128|
    |reuse_reg_fu_212           |   9|          2|   32|         64|
    +---------------------------+----+-----------+-----+-----------+
    |Total                      | 502|        108| 1158|       3340|
    +---------------------------+----+-----------+-----+-----------+

    * Register: 
    +-------------------------+----+----+-----+-----------+
    |           Name          | FF | LUT| Bits| Const Bits|
    +-------------------------+----+----+-----+-----------+
    |ap_CS_fsm                |   1|   0|    1|          0|
    |ap_done_reg              |   1|   0|    1|          0|
    |ap_enable_reg_pp0_iter1  |   1|   0|    1|          0|
    |j_26_fu_216              |  18|   0|   18|          0|
    |mul_cast_cast_reg_1198   |   5|   0|   32|         27|
    |reuse_addr_reg_fu_208    |  64|   0|   64|          0|
    |reuse_reg_fu_212         |  32|   0|   32|          0|
    |zext_ln93_26_reg_1206    |  19|   0|   64|         45|
    +-------------------------+----+----+-----+-----------+
    |Total                    | 141|   0|  213|         72|
    +-------------------------+----+----+-----+-----------+



================================================================
== Interface
================================================================
* Summary: 
+----------------------------------+-----+-----+------------+---------------------------------------------------------------+--------------+
|             RTL Ports            | Dir | Bits|  Protocol  |                         Source Object                         |    C Type    |
+----------------------------------+-----+-----+------------+---------------------------------------------------------------+--------------+
|ap_clk                            |   in|    1|  ap_ctrl_hs|  radix_sort_unified_bucket_pingpong.43.1_Pipeline_input_bucket|  return value|
|ap_rst                            |   in|    1|  ap_ctrl_hs|  radix_sort_unified_bucket_pingpong.43.1_Pipeline_input_bucket|  return value|
|ap_start                          |   in|    1|  ap_ctrl_hs|  radix_sort_unified_bucket_pingpong.43.1_Pipeline_input_bucket|  return value|
|ap_done                           |  out|    1|  ap_ctrl_hs|  radix_sort_unified_bucket_pingpong.43.1_Pipeline_input_bucket|  return value|
|ap_idle                           |  out|    1|  ap_ctrl_hs|  radix_sort_unified_bucket_pingpong.43.1_Pipeline_input_bucket|  return value|
|ap_ready                          |  out|    1|  ap_ctrl_hs|  radix_sort_unified_bucket_pingpong.43.1_Pipeline_input_bucket|  return value|
|bucket_sizes_3721_reload          |   in|   32|     ap_none|                                       bucket_sizes_3721_reload|        scalar|
|bucket_sizes_3720_reload          |   in|   32|     ap_none|                                       bucket_sizes_3720_reload|        scalar|
|bucket_sizes_3719_reload          |   in|   32|     ap_none|                                       bucket_sizes_3719_reload|        scalar|
|bucket_sizes_3718_reload          |   in|   32|     ap_none|                                       bucket_sizes_3718_reload|        scalar|
|bucket_sizes_3717_reload          |   in|   32|     ap_none|                                       bucket_sizes_3717_reload|        scalar|
|bucket_sizes_3716_reload          |   in|   32|     ap_none|                                       bucket_sizes_3716_reload|        scalar|
|bucket_sizes_3715_reload          |   in|   32|     ap_none|                                       bucket_sizes_3715_reload|        scalar|
|bucket_sizes_3714_reload          |   in|   32|     ap_none|                                       bucket_sizes_3714_reload|        scalar|
|bucket_sizes_3713_reload          |   in|   32|     ap_none|                                       bucket_sizes_3713_reload|        scalar|
|bucket_sizes_3712_reload          |   in|   32|     ap_none|                                       bucket_sizes_3712_reload|        scalar|
|bucket_sizes_3711_reload          |   in|   32|     ap_none|                                       bucket_sizes_3711_reload|        scalar|
|bucket_sizes_3710_reload          |   in|   32|     ap_none|                                       bucket_sizes_3710_reload|        scalar|
|bucket_sizes_3709_reload          |   in|   32|     ap_none|                                       bucket_sizes_3709_reload|        scalar|
|bucket_sizes_3708_reload          |   in|   32|     ap_none|                                       bucket_sizes_3708_reload|        scalar|
|bucket_sizes_3707_reload          |   in|   32|     ap_none|                                       bucket_sizes_3707_reload|        scalar|
|bucket_sizes_3706_reload          |   in|   32|     ap_none|                                       bucket_sizes_3706_reload|        scalar|
|bucket_pointer_1656_reload        |   in|   32|     ap_none|                                     bucket_pointer_1656_reload|        scalar|
|bucket_pointer_1655_reload        |   in|   32|     ap_none|                                     bucket_pointer_1655_reload|        scalar|
|bucket_pointer_1654_reload        |   in|   32|     ap_none|                                     bucket_pointer_1654_reload|        scalar|
|bucket_pointer_1653_reload        |   in|   32|     ap_none|                                     bucket_pointer_1653_reload|        scalar|
|bucket_pointer_1652_reload        |   in|   32|     ap_none|                                     bucket_pointer_1652_reload|        scalar|
|bucket_pointer_1651_reload        |   in|   32|     ap_none|                                     bucket_pointer_1651_reload|        scalar|
|bucket_pointer_1650_reload        |   in|   32|     ap_none|                                     bucket_pointer_1650_reload|        scalar|
|bucket_pointer_1649_reload        |   in|   32|     ap_none|                                     bucket_pointer_1649_reload|        scalar|
|bucket_pointer_1648_reload        |   in|   32|     ap_none|                                     bucket_pointer_1648_reload|        scalar|
|bucket_pointer_1647_reload        |   in|   32|     ap_none|                                     bucket_pointer_1647_reload|        scalar|
|bucket_pointer_1646_reload        |   in|   32|     ap_none|                                     bucket_pointer_1646_reload|        scalar|
|bucket_pointer_1645_reload        |   in|   32|     ap_none|                                     bucket_pointer_1645_reload|        scalar|
|bucket_pointer_1644_reload        |   in|   32|     ap_none|                                     bucket_pointer_1644_reload|        scalar|
|bucket_pointer_1643_reload        |   in|   32|     ap_none|                                     bucket_pointer_1643_reload|        scalar|
|bucket_pointer_1642_reload        |   in|   32|     ap_none|                                     bucket_pointer_1642_reload|        scalar|
|bucket_pointer_1641_reload        |   in|   32|     ap_none|                                     bucket_pointer_1641_reload|        scalar|
|mul_ln93                          |   in|   19|     ap_none|                                                       mul_ln93|        scalar|
|bucket_address0                   |  out|   19|   ap_memory|                                                         bucket|         array|
|bucket_ce0                        |  out|    1|   ap_memory|                                                         bucket|         array|
|bucket_we0                        |  out|    1|   ap_memory|                                                         bucket|         array|
|bucket_d0                         |  out|   32|   ap_memory|                                                         bucket|         array|
|bucket_address1                   |  out|   19|   ap_memory|                                                         bucket|         array|
|bucket_ce1                        |  out|    1|   ap_memory|                                                         bucket|         array|
|bucket_q1                         |   in|   32|   ap_memory|                                                         bucket|         array|
|mul_cast                          |   in|    5|     ap_none|                                                       mul_cast|        scalar|
|mul_ln95                          |   in|   19|     ap_none|                                                       mul_ln95|        scalar|
|bucket_sizes_3753_out_i           |   in|   32|     ap_ovld|                                          bucket_sizes_3753_out|       pointer|
|bucket_sizes_3753_out_o           |  out|   32|     ap_ovld|                                          bucket_sizes_3753_out|       pointer|
|bucket_sizes_3753_out_o_ap_vld    |  out|    1|     ap_ovld|                                          bucket_sizes_3753_out|       pointer|
|bucket_sizes_3752_out_i           |   in|   32|     ap_ovld|                                          bucket_sizes_3752_out|       pointer|
|bucket_sizes_3752_out_o           |  out|   32|     ap_ovld|                                          bucket_sizes_3752_out|       pointer|
|bucket_sizes_3752_out_o_ap_vld    |  out|    1|     ap_ovld|                                          bucket_sizes_3752_out|       pointer|
|bucket_sizes_3751_out_i           |   in|   32|     ap_ovld|                                          bucket_sizes_3751_out|       pointer|
|bucket_sizes_3751_out_o           |  out|   32|     ap_ovld|                                          bucket_sizes_3751_out|       pointer|
|bucket_sizes_3751_out_o_ap_vld    |  out|    1|     ap_ovld|                                          bucket_sizes_3751_out|       pointer|
|bucket_sizes_3750_out_i           |   in|   32|     ap_ovld|                                          bucket_sizes_3750_out|       pointer|
|bucket_sizes_3750_out_o           |  out|   32|     ap_ovld|                                          bucket_sizes_3750_out|       pointer|
|bucket_sizes_3750_out_o_ap_vld    |  out|    1|     ap_ovld|                                          bucket_sizes_3750_out|       pointer|
|bucket_sizes_3749_out_i           |   in|   32|     ap_ovld|                                          bucket_sizes_3749_out|       pointer|
|bucket_sizes_3749_out_o           |  out|   32|     ap_ovld|                                          bucket_sizes_3749_out|       pointer|
|bucket_sizes_3749_out_o_ap_vld    |  out|    1|     ap_ovld|                                          bucket_sizes_3749_out|       pointer|
|bucket_sizes_3748_out_i           |   in|   32|     ap_ovld|                                          bucket_sizes_3748_out|       pointer|
|bucket_sizes_3748_out_o           |  out|   32|     ap_ovld|                                          bucket_sizes_3748_out|       pointer|
|bucket_sizes_3748_out_o_ap_vld    |  out|    1|     ap_ovld|                                          bucket_sizes_3748_out|       pointer|
|bucket_sizes_3747_out_i           |   in|   32|     ap_ovld|                                          bucket_sizes_3747_out|       pointer|
|bucket_sizes_3747_out_o           |  out|   32|     ap_ovld|                                          bucket_sizes_3747_out|       pointer|
|bucket_sizes_3747_out_o_ap_vld    |  out|    1|     ap_ovld|                                          bucket_sizes_3747_out|       pointer|
|bucket_sizes_3746_out_i           |   in|   32|     ap_ovld|                                          bucket_sizes_3746_out|       pointer|
|bucket_sizes_3746_out_o           |  out|   32|     ap_ovld|                                          bucket_sizes_3746_out|       pointer|
|bucket_sizes_3746_out_o_ap_vld    |  out|    1|     ap_ovld|                                          bucket_sizes_3746_out|       pointer|
|bucket_sizes_3745_out_i           |   in|   32|     ap_ovld|                                          bucket_sizes_3745_out|       pointer|
|bucket_sizes_3745_out_o           |  out|   32|     ap_ovld|                                          bucket_sizes_3745_out|       pointer|
|bucket_sizes_3745_out_o_ap_vld    |  out|    1|     ap_ovld|                                          bucket_sizes_3745_out|       pointer|
|bucket_sizes_3744_out_i           |   in|   32|     ap_ovld|                                          bucket_sizes_3744_out|       pointer|
|bucket_sizes_3744_out_o           |  out|   32|     ap_ovld|                                          bucket_sizes_3744_out|       pointer|
|bucket_sizes_3744_out_o_ap_vld    |  out|    1|     ap_ovld|                                          bucket_sizes_3744_out|       pointer|
|bucket_sizes_3743_out_i           |   in|   32|     ap_ovld|                                          bucket_sizes_3743_out|       pointer|
|bucket_sizes_3743_out_o           |  out|   32|     ap_ovld|                                          bucket_sizes_3743_out|       pointer|
|bucket_sizes_3743_out_o_ap_vld    |  out|    1|     ap_ovld|                                          bucket_sizes_3743_out|       pointer|
|bucket_sizes_3742_out_i           |   in|   32|     ap_ovld|                                          bucket_sizes_3742_out|       pointer|
|bucket_sizes_3742_out_o           |  out|   32|     ap_ovld|                                          bucket_sizes_3742_out|       pointer|
|bucket_sizes_3742_out_o_ap_vld    |  out|    1|     ap_ovld|                                          bucket_sizes_3742_out|       pointer|
|bucket_sizes_3741_out_i           |   in|   32|     ap_ovld|                                          bucket_sizes_3741_out|       pointer|
|bucket_sizes_3741_out_o           |  out|   32|     ap_ovld|                                          bucket_sizes_3741_out|       pointer|
|bucket_sizes_3741_out_o_ap_vld    |  out|    1|     ap_ovld|                                          bucket_sizes_3741_out|       pointer|
|bucket_sizes_3740_out_i           |   in|   32|     ap_ovld|                                          bucket_sizes_3740_out|       pointer|
|bucket_sizes_3740_out_o           |  out|   32|     ap_ovld|                                          bucket_sizes_3740_out|       pointer|
|bucket_sizes_3740_out_o_ap_vld    |  out|    1|     ap_ovld|                                          bucket_sizes_3740_out|       pointer|
|bucket_sizes_3739_out_i           |   in|   32|     ap_ovld|                                          bucket_sizes_3739_out|       pointer|
|bucket_sizes_3739_out_o           |  out|   32|     ap_ovld|                                          bucket_sizes_3739_out|       pointer|
|bucket_sizes_3739_out_o_ap_vld    |  out|    1|     ap_ovld|                                          bucket_sizes_3739_out|       pointer|
|bucket_sizes_3738_out_i           |   in|   32|     ap_ovld|                                          bucket_sizes_3738_out|       pointer|
|bucket_sizes_3738_out_o           |  out|   32|     ap_ovld|                                          bucket_sizes_3738_out|       pointer|
|bucket_sizes_3738_out_o_ap_vld    |  out|    1|     ap_ovld|                                          bucket_sizes_3738_out|       pointer|
|bucket_pointer_1673_out_i         |   in|   32|     ap_ovld|                                        bucket_pointer_1673_out|       pointer|
|bucket_pointer_1673_out_o         |  out|   32|     ap_ovld|                                        bucket_pointer_1673_out|       pointer|
|bucket_pointer_1673_out_o_ap_vld  |  out|    1|     ap_ovld|                                        bucket_pointer_1673_out|       pointer|
|bucket_pointer_1672_out_i         |   in|   32|     ap_ovld|                                        bucket_pointer_1672_out|       pointer|
|bucket_pointer_1672_out_o         |  out|   32|     ap_ovld|                                        bucket_pointer_1672_out|       pointer|
|bucket_pointer_1672_out_o_ap_vld  |  out|    1|     ap_ovld|                                        bucket_pointer_1672_out|       pointer|
|bucket_pointer_1671_out_i         |   in|   32|     ap_ovld|                                        bucket_pointer_1671_out|       pointer|
|bucket_pointer_1671_out_o         |  out|   32|     ap_ovld|                                        bucket_pointer_1671_out|       pointer|
|bucket_pointer_1671_out_o_ap_vld  |  out|    1|     ap_ovld|                                        bucket_pointer_1671_out|       pointer|
|bucket_pointer_1670_out_i         |   in|   32|     ap_ovld|                                        bucket_pointer_1670_out|       pointer|
|bucket_pointer_1670_out_o         |  out|   32|     ap_ovld|                                        bucket_pointer_1670_out|       pointer|
|bucket_pointer_1670_out_o_ap_vld  |  out|    1|     ap_ovld|                                        bucket_pointer_1670_out|       pointer|
|bucket_pointer_1669_out_i         |   in|   32|     ap_ovld|                                        bucket_pointer_1669_out|       pointer|
|bucket_pointer_1669_out_o         |  out|   32|     ap_ovld|                                        bucket_pointer_1669_out|       pointer|
|bucket_pointer_1669_out_o_ap_vld  |  out|    1|     ap_ovld|                                        bucket_pointer_1669_out|       pointer|
|bucket_pointer_1668_out_i         |   in|   32|     ap_ovld|                                        bucket_pointer_1668_out|       pointer|
|bucket_pointer_1668_out_o         |  out|   32|     ap_ovld|                                        bucket_pointer_1668_out|       pointer|
|bucket_pointer_1668_out_o_ap_vld  |  out|    1|     ap_ovld|                                        bucket_pointer_1668_out|       pointer|
|bucket_pointer_1667_out_i         |   in|   32|     ap_ovld|                                        bucket_pointer_1667_out|       pointer|
|bucket_pointer_1667_out_o         |  out|   32|     ap_ovld|                                        bucket_pointer_1667_out|       pointer|
|bucket_pointer_1667_out_o_ap_vld  |  out|    1|     ap_ovld|                                        bucket_pointer_1667_out|       pointer|
|bucket_pointer_1666_out_i         |   in|   32|     ap_ovld|                                        bucket_pointer_1666_out|       pointer|
|bucket_pointer_1666_out_o         |  out|   32|     ap_ovld|                                        bucket_pointer_1666_out|       pointer|
|bucket_pointer_1666_out_o_ap_vld  |  out|    1|     ap_ovld|                                        bucket_pointer_1666_out|       pointer|
|bucket_pointer_1665_out_i         |   in|   32|     ap_ovld|                                        bucket_pointer_1665_out|       pointer|
|bucket_pointer_1665_out_o         |  out|   32|     ap_ovld|                                        bucket_pointer_1665_out|       pointer|
|bucket_pointer_1665_out_o_ap_vld  |  out|    1|     ap_ovld|                                        bucket_pointer_1665_out|       pointer|
|bucket_pointer_1664_out_i         |   in|   32|     ap_ovld|                                        bucket_pointer_1664_out|       pointer|
|bucket_pointer_1664_out_o         |  out|   32|     ap_ovld|                                        bucket_pointer_1664_out|       pointer|
|bucket_pointer_1664_out_o_ap_vld  |  out|    1|     ap_ovld|                                        bucket_pointer_1664_out|       pointer|
|bucket_pointer_1663_out_i         |   in|   32|     ap_ovld|                                        bucket_pointer_1663_out|       pointer|
|bucket_pointer_1663_out_o         |  out|   32|     ap_ovld|                                        bucket_pointer_1663_out|       pointer|
|bucket_pointer_1663_out_o_ap_vld  |  out|    1|     ap_ovld|                                        bucket_pointer_1663_out|       pointer|
|bucket_pointer_1662_out_i         |   in|   32|     ap_ovld|                                        bucket_pointer_1662_out|       pointer|
|bucket_pointer_1662_out_o         |  out|   32|     ap_ovld|                                        bucket_pointer_1662_out|       pointer|
|bucket_pointer_1662_out_o_ap_vld  |  out|    1|     ap_ovld|                                        bucket_pointer_1662_out|       pointer|
|bucket_pointer_1661_out_i         |   in|   32|     ap_ovld|                                        bucket_pointer_1661_out|       pointer|
|bucket_pointer_1661_out_o         |  out|   32|     ap_ovld|                                        bucket_pointer_1661_out|       pointer|
|bucket_pointer_1661_out_o_ap_vld  |  out|    1|     ap_ovld|                                        bucket_pointer_1661_out|       pointer|
|bucket_pointer_1660_out_i         |   in|   32|     ap_ovld|                                        bucket_pointer_1660_out|       pointer|
|bucket_pointer_1660_out_o         |  out|   32|     ap_ovld|                                        bucket_pointer_1660_out|       pointer|
|bucket_pointer_1660_out_o_ap_vld  |  out|    1|     ap_ovld|                                        bucket_pointer_1660_out|       pointer|
|bucket_pointer_1659_out_i         |   in|   32|     ap_ovld|                                        bucket_pointer_1659_out|       pointer|
|bucket_pointer_1659_out_o         |  out|   32|     ap_ovld|                                        bucket_pointer_1659_out|       pointer|
|bucket_pointer_1659_out_o_ap_vld  |  out|    1|     ap_ovld|                                        bucket_pointer_1659_out|       pointer|
|bucket_pointer_1658_out_i         |   in|   32|     ap_ovld|                                        bucket_pointer_1658_out|       pointer|
|bucket_pointer_1658_out_o         |  out|   32|     ap_ovld|                                        bucket_pointer_1658_out|       pointer|
|bucket_pointer_1658_out_o_ap_vld  |  out|    1|     ap_ovld|                                        bucket_pointer_1658_out|       pointer|
+----------------------------------+-----+-----+------------+---------------------------------------------------------------+--------------+

