

================================================================
== Vitis HLS Report for 'radix_sort_hex_batch_14_1_Pipeline_input_bucket'
================================================================
* Date:           Mon Apr 24 22:41:56 2023

* Version:        2022.2 (Build 3670227 on Oct 13 2022)
* Project:        sort_seperate_bucket
* Solution:       solution1 (Vivado IP Flow Target)
* Product family: virtexuplus
* Target device:  xcu280-fsvh2892-2L-e


================================================================
== Performance Estimates
================================================================
+ Timing: 
    * Summary: 
    +--------+----------+----------+------------+
    |  Clock |  Target  | Estimated| Uncertainty|
    +--------+----------+----------+------------+
    |ap_clk  |  10.00 ns|  5.044 ns|     2.70 ns|
    +--------+----------+----------+------------+

+ Latency: 
    * Summary: 
    +---------+---------+----------+----------+-------+-------+---------+
    |  Latency (cycles) |  Latency (absolute) |    Interval   | Pipeline|
    |   min   |   max   |    min   |    max   |  min  |  max  |   Type  |
    +---------+---------+----------+----------+-------+-------+---------+
    |    15627|    15627|  0.156 ms|  0.156 ms|  15627|  15627|       no|
    +---------+---------+----------+----------+-------+-------+---------+

    + Detail: 
        * Instance: 
        N/A

        * Loop: 
        +----------------+---------+---------+----------+-----------+-----------+-------+----------+
        |                |  Latency (cycles) | Iteration|  Initiation Interval  |  Trip |          |
        |    Loop Name   |   min   |   max   |  Latency |  achieved |   target  | Count | Pipelined|
        +----------------+---------+---------+----------+-----------+-----------+-------+----------+
        |- input_bucket  |    15625|    15625|         2|          1|          1|  15625|       yes|
        +----------------+---------+---------+----------+-----------+-----------+-------+----------+



================================================================
== Utilization Estimates
================================================================
* Summary: 
+---------------------+---------+------+---------+---------+-----+
|         Name        | BRAM_18K|  DSP |    FF   |   LUT   | URAM|
+---------------------+---------+------+---------+---------+-----+
|DSP                  |        -|     -|        -|        -|    -|
|Expression           |        -|     -|        0|      310|    -|
|FIFO                 |        -|     -|        -|        -|    -|
|Instance             |        -|     -|        0|      130|    -|
|Memory               |        -|     -|        -|        -|    -|
|Multiplexer          |        -|     -|        -|      502|    -|
|Register             |        -|     -|      133|        -|    -|
+---------------------+---------+------+---------+---------+-----+
|Total                |        0|     0|      133|      942|    0|
+---------------------+---------+------+---------+---------+-----+
|Available SLR        |     1344|  3008|   869120|   434560|  320|
+---------------------+---------+------+---------+---------+-----+
|Utilization SLR (%)  |        0|     0|       ~0|       ~0|    0|
+---------------------+---------+------+---------+---------+-----+
|Available            |     4032|  9024|  2607360|  1303680|  960|
+---------------------+---------+------+---------+---------+-----+
|Utilization (%)      |        0|     0|       ~0|       ~0|    0|
+---------------------+---------+------+---------+---------+-----+

+ Detail: 
    * Instance: 
    +----------------------+----------------+---------+----+---+----+-----+
    |       Instance       |     Module     | BRAM_18K| DSP| FF| LUT| URAM|
    +----------------------+----------------+---------+----+---+----+-----+
    |mux_164_32_1_1_U2628  |mux_164_32_1_1  |        0|   0|  0|  65|    0|
    |mux_164_32_1_1_U2629  |mux_164_32_1_1  |        0|   0|  0|  65|    0|
    +----------------------+----------------+---------+----+---+----+-----+
    |Total                 |                |        0|   0|  0| 130|    0|
    +----------------------+----------------+---------+----+---+----+-----+

    * DSP: 
    N/A

    * Memory: 
    N/A

    * FIFO: 
    N/A

    * Expression: 
    +--------------------------+----------+----+---+----+------------+------------+
    |       Variable Name      | Operation| DSP| FF| LUT| Bitwidth P0| Bitwidth P1|
    +--------------------------+----------+----+---+----+------------+------------+
    |add_ln40_fu_675_p2        |         +|   0|  0|  21|          14|           1|
    |add_ln41_fu_685_p2        |         +|   0|  0|  22|          15|          15|
    |add_ln43_fu_836_p2        |         +|   0|  0|  22|          15|          15|
    |bucket_pointer_fu_856_p2  |         +|   0|  0|  39|          32|           1|
    |bucket_sizes_fu_1070_p2   |         +|   0|  0|  39|          32|           1|
    |shifted_fu_785_p2         |      ashr|   0|  0|  92|          32|          32|
    |addr_cmp_fu_771_p2        |      icmp|   0|  0|  29|          64|          64|
    |icmp_ln40_fu_669_p2       |      icmp|   0|  0|  12|          14|          11|
    |reuse_select_fu_776_p3    |    select|   0|  0|  32|           1|          32|
    |ap_enable_pp0             |       xor|   0|  0|   2|           1|           2|
    +--------------------------+----------+----+---+----+------------+------------+
    |Total                     |          |   0|  0| 310|         220|         174|
    +--------------------------+----------+----+---+----+------------+------------+

    * Multiplexer: 
    +---------------------------+----+-----------+-----+-----------+
    |            Name           | LUT| Input Size| Bits| Total Bits|
    +---------------------------+----+-----------+-----+-----------+
    |ap_done_int                |   9|          2|    1|          2|
    |ap_enable_reg_pp0_iter1    |   9|          2|    1|          2|
    |ap_sig_allocacmp_j         |   9|          2|   14|         28|
    |bucket_pointer_3738_out_o  |  14|          3|   32|         96|
    |bucket_pointer_3739_out_o  |  14|          3|   32|         96|
    |bucket_pointer_3740_out_o  |  14|          3|   32|         96|
    |bucket_pointer_3741_out_o  |  14|          3|   32|         96|
    |bucket_pointer_3742_out_o  |  14|          3|   32|         96|
    |bucket_pointer_3743_out_o  |  14|          3|   32|         96|
    |bucket_pointer_3744_out_o  |  14|          3|   32|         96|
    |bucket_pointer_3745_out_o  |  14|          3|   32|         96|
    |bucket_pointer_3746_out_o  |  14|          3|   32|         96|
    |bucket_pointer_3747_out_o  |  14|          3|   32|         96|
    |bucket_pointer_3748_out_o  |  14|          3|   32|         96|
    |bucket_pointer_3749_out_o  |  14|          3|   32|         96|
    |bucket_pointer_3750_out_o  |  14|          3|   32|         96|
    |bucket_pointer_3751_out_o  |  14|          3|   32|         96|
    |bucket_pointer_3752_out_o  |  14|          3|   32|         96|
    |bucket_pointer_3753_out_o  |  14|          3|   32|         96|
    |bucket_sizes_8378_out_o    |  14|          3|   32|         96|
    |bucket_sizes_8379_out_o    |  14|          3|   32|         96|
    |bucket_sizes_8380_out_o    |  14|          3|   32|         96|
    |bucket_sizes_8381_out_o    |  14|          3|   32|         96|
    |bucket_sizes_8382_out_o    |  14|          3|   32|         96|
    |bucket_sizes_8383_out_o    |  14|          3|   32|         96|
    |bucket_sizes_8384_out_o    |  14|          3|   32|         96|
    |bucket_sizes_8385_out_o    |  14|          3|   32|         96|
    |bucket_sizes_8386_out_o    |  14|          3|   32|         96|
    |bucket_sizes_8387_out_o    |  14|          3|   32|         96|
    |bucket_sizes_8388_out_o    |  14|          3|   32|         96|
    |bucket_sizes_8389_out_o    |  14|          3|   32|         96|
    |bucket_sizes_8390_out_o    |  14|          3|   32|         96|
    |bucket_sizes_8391_out_o    |  14|          3|   32|         96|
    |bucket_sizes_8392_out_o    |  14|          3|   32|         96|
    |bucket_sizes_8393_out_o    |  14|          3|   32|         96|
    |j_58_fu_216                |   9|          2|   14|         28|
    |reuse_addr_reg_fu_208      |   9|          2|   64|        128|
    |reuse_reg_fu_212           |   9|          2|   32|         64|
    +---------------------------+----+-----------+-----+-----------+
    |Total                      | 502|        108| 1150|       3324|
    +---------------------------+----+-----------+-----+-----------+

    * Register: 
    +--------------------------+----+----+-----+-----------+
    |           Name           | FF | LUT| Bits| Const Bits|
    +--------------------------+----+----+-----+-----------+
    |ap_CS_fsm                 |   1|   0|    1|          0|
    |ap_done_reg               |   1|   0|    1|          0|
    |ap_enable_reg_pp0_iter1   |   1|   0|    1|          0|
    |j_58_fu_216               |  14|   0|   14|          0|
    |mul_cast_i_cast_reg_1198  |   5|   0|   32|         27|
    |reuse_addr_reg_fu_208     |  64|   0|   64|          0|
    |reuse_reg_fu_212          |  32|   0|   32|          0|
    |zext_ln41_58_reg_1206     |  15|   0|   64|         49|
    +--------------------------+----+----+-----+-----------+
    |Total                     | 133|   0|  209|         76|
    +--------------------------+----+----+-----+-----------+



================================================================
== Interface
================================================================
* Summary: 
+----------------------------------+-----+-----+------------+-------------------------------------------------+--------------+
|             RTL Ports            | Dir | Bits|  Protocol  |                  Source Object                  |    C Type    |
+----------------------------------+-----+-----+------------+-------------------------------------------------+--------------+
|ap_clk                            |   in|    1|  ap_ctrl_hs|  radix_sort_hex_batch.14.1_Pipeline_input_bucket|  return value|
|ap_rst                            |   in|    1|  ap_ctrl_hs|  radix_sort_hex_batch.14.1_Pipeline_input_bucket|  return value|
|ap_start                          |   in|    1|  ap_ctrl_hs|  radix_sort_hex_batch.14.1_Pipeline_input_bucket|  return value|
|ap_done                           |  out|    1|  ap_ctrl_hs|  radix_sort_hex_batch.14.1_Pipeline_input_bucket|  return value|
|ap_idle                           |  out|    1|  ap_ctrl_hs|  radix_sort_hex_batch.14.1_Pipeline_input_bucket|  return value|
|ap_ready                          |  out|    1|  ap_ctrl_hs|  radix_sort_hex_batch.14.1_Pipeline_input_bucket|  return value|
|bucket_sizes_8361_reload          |   in|   32|     ap_none|                         bucket_sizes_8361_reload|        scalar|
|bucket_sizes_8360_reload          |   in|   32|     ap_none|                         bucket_sizes_8360_reload|        scalar|
|bucket_sizes_8359_reload          |   in|   32|     ap_none|                         bucket_sizes_8359_reload|        scalar|
|bucket_sizes_8358_reload          |   in|   32|     ap_none|                         bucket_sizes_8358_reload|        scalar|
|bucket_sizes_8357_reload          |   in|   32|     ap_none|                         bucket_sizes_8357_reload|        scalar|
|bucket_sizes_8356_reload          |   in|   32|     ap_none|                         bucket_sizes_8356_reload|        scalar|
|bucket_sizes_8355_reload          |   in|   32|     ap_none|                         bucket_sizes_8355_reload|        scalar|
|bucket_sizes_8354_reload          |   in|   32|     ap_none|                         bucket_sizes_8354_reload|        scalar|
|bucket_sizes_8353_reload          |   in|   32|     ap_none|                         bucket_sizes_8353_reload|        scalar|
|bucket_sizes_8352_reload          |   in|   32|     ap_none|                         bucket_sizes_8352_reload|        scalar|
|bucket_sizes_8351_reload          |   in|   32|     ap_none|                         bucket_sizes_8351_reload|        scalar|
|bucket_sizes_8350_reload          |   in|   32|     ap_none|                         bucket_sizes_8350_reload|        scalar|
|bucket_sizes_8349_reload          |   in|   32|     ap_none|                         bucket_sizes_8349_reload|        scalar|
|bucket_sizes_8348_reload          |   in|   32|     ap_none|                         bucket_sizes_8348_reload|        scalar|
|bucket_sizes_8347_reload          |   in|   32|     ap_none|                         bucket_sizes_8347_reload|        scalar|
|bucket_sizes_8346_reload          |   in|   32|     ap_none|                         bucket_sizes_8346_reload|        scalar|
|bucket_pointer_3736_reload        |   in|   32|     ap_none|                       bucket_pointer_3736_reload|        scalar|
|bucket_pointer_3735_reload        |   in|   32|     ap_none|                       bucket_pointer_3735_reload|        scalar|
|bucket_pointer_3734_reload        |   in|   32|     ap_none|                       bucket_pointer_3734_reload|        scalar|
|bucket_pointer_3733_reload        |   in|   32|     ap_none|                       bucket_pointer_3733_reload|        scalar|
|bucket_pointer_3732_reload        |   in|   32|     ap_none|                       bucket_pointer_3732_reload|        scalar|
|bucket_pointer_3731_reload        |   in|   32|     ap_none|                       bucket_pointer_3731_reload|        scalar|
|bucket_pointer_3730_reload        |   in|   32|     ap_none|                       bucket_pointer_3730_reload|        scalar|
|bucket_pointer_3729_reload        |   in|   32|     ap_none|                       bucket_pointer_3729_reload|        scalar|
|bucket_pointer_3728_reload        |   in|   32|     ap_none|                       bucket_pointer_3728_reload|        scalar|
|bucket_pointer_3727_reload        |   in|   32|     ap_none|                       bucket_pointer_3727_reload|        scalar|
|bucket_pointer_3726_reload        |   in|   32|     ap_none|                       bucket_pointer_3726_reload|        scalar|
|bucket_pointer_3725_reload        |   in|   32|     ap_none|                       bucket_pointer_3725_reload|        scalar|
|bucket_pointer_3724_reload        |   in|   32|     ap_none|                       bucket_pointer_3724_reload|        scalar|
|bucket_pointer_3723_reload        |   in|   32|     ap_none|                       bucket_pointer_3723_reload|        scalar|
|bucket_pointer_3722_reload        |   in|   32|     ap_none|                       bucket_pointer_3722_reload|        scalar|
|bucket_pointer_3721_reload        |   in|   32|     ap_none|                       bucket_pointer_3721_reload|        scalar|
|mul_ln41                          |   in|   15|     ap_none|                                         mul_ln41|        scalar|
|bucket_address0                   |  out|   15|   ap_memory|                                           bucket|         array|
|bucket_ce0                        |  out|    1|   ap_memory|                                           bucket|         array|
|bucket_we0                        |  out|    1|   ap_memory|                                           bucket|         array|
|bucket_d0                         |  out|   32|   ap_memory|                                           bucket|         array|
|bucket_address1                   |  out|   15|   ap_memory|                                           bucket|         array|
|bucket_ce1                        |  out|    1|   ap_memory|                                           bucket|         array|
|bucket_q1                         |   in|   32|   ap_memory|                                           bucket|         array|
|mul_cast_i                        |   in|    5|     ap_none|                                       mul_cast_i|        scalar|
|mul_ln43                          |   in|   15|     ap_none|                                         mul_ln43|        scalar|
|bucket_sizes_8393_out_i           |   in|   32|     ap_ovld|                            bucket_sizes_8393_out|       pointer|
|bucket_sizes_8393_out_o           |  out|   32|     ap_ovld|                            bucket_sizes_8393_out|       pointer|
|bucket_sizes_8393_out_o_ap_vld    |  out|    1|     ap_ovld|                            bucket_sizes_8393_out|       pointer|
|bucket_sizes_8392_out_i           |   in|   32|     ap_ovld|                            bucket_sizes_8392_out|       pointer|
|bucket_sizes_8392_out_o           |  out|   32|     ap_ovld|                            bucket_sizes_8392_out|       pointer|
|bucket_sizes_8392_out_o_ap_vld    |  out|    1|     ap_ovld|                            bucket_sizes_8392_out|       pointer|
|bucket_sizes_8391_out_i           |   in|   32|     ap_ovld|                            bucket_sizes_8391_out|       pointer|
|bucket_sizes_8391_out_o           |  out|   32|     ap_ovld|                            bucket_sizes_8391_out|       pointer|
|bucket_sizes_8391_out_o_ap_vld    |  out|    1|     ap_ovld|                            bucket_sizes_8391_out|       pointer|
|bucket_sizes_8390_out_i           |   in|   32|     ap_ovld|                            bucket_sizes_8390_out|       pointer|
|bucket_sizes_8390_out_o           |  out|   32|     ap_ovld|                            bucket_sizes_8390_out|       pointer|
|bucket_sizes_8390_out_o_ap_vld    |  out|    1|     ap_ovld|                            bucket_sizes_8390_out|       pointer|
|bucket_sizes_8389_out_i           |   in|   32|     ap_ovld|                            bucket_sizes_8389_out|       pointer|
|bucket_sizes_8389_out_o           |  out|   32|     ap_ovld|                            bucket_sizes_8389_out|       pointer|
|bucket_sizes_8389_out_o_ap_vld    |  out|    1|     ap_ovld|                            bucket_sizes_8389_out|       pointer|
|bucket_sizes_8388_out_i           |   in|   32|     ap_ovld|                            bucket_sizes_8388_out|       pointer|
|bucket_sizes_8388_out_o           |  out|   32|     ap_ovld|                            bucket_sizes_8388_out|       pointer|
|bucket_sizes_8388_out_o_ap_vld    |  out|    1|     ap_ovld|                            bucket_sizes_8388_out|       pointer|
|bucket_sizes_8387_out_i           |   in|   32|     ap_ovld|                            bucket_sizes_8387_out|       pointer|
|bucket_sizes_8387_out_o           |  out|   32|     ap_ovld|                            bucket_sizes_8387_out|       pointer|
|bucket_sizes_8387_out_o_ap_vld    |  out|    1|     ap_ovld|                            bucket_sizes_8387_out|       pointer|
|bucket_sizes_8386_out_i           |   in|   32|     ap_ovld|                            bucket_sizes_8386_out|       pointer|
|bucket_sizes_8386_out_o           |  out|   32|     ap_ovld|                            bucket_sizes_8386_out|       pointer|
|bucket_sizes_8386_out_o_ap_vld    |  out|    1|     ap_ovld|                            bucket_sizes_8386_out|       pointer|
|bucket_sizes_8385_out_i           |   in|   32|     ap_ovld|                            bucket_sizes_8385_out|       pointer|
|bucket_sizes_8385_out_o           |  out|   32|     ap_ovld|                            bucket_sizes_8385_out|       pointer|
|bucket_sizes_8385_out_o_ap_vld    |  out|    1|     ap_ovld|                            bucket_sizes_8385_out|       pointer|
|bucket_sizes_8384_out_i           |   in|   32|     ap_ovld|                            bucket_sizes_8384_out|       pointer|
|bucket_sizes_8384_out_o           |  out|   32|     ap_ovld|                            bucket_sizes_8384_out|       pointer|
|bucket_sizes_8384_out_o_ap_vld    |  out|    1|     ap_ovld|                            bucket_sizes_8384_out|       pointer|
|bucket_sizes_8383_out_i           |   in|   32|     ap_ovld|                            bucket_sizes_8383_out|       pointer|
|bucket_sizes_8383_out_o           |  out|   32|     ap_ovld|                            bucket_sizes_8383_out|       pointer|
|bucket_sizes_8383_out_o_ap_vld    |  out|    1|     ap_ovld|                            bucket_sizes_8383_out|       pointer|
|bucket_sizes_8382_out_i           |   in|   32|     ap_ovld|                            bucket_sizes_8382_out|       pointer|
|bucket_sizes_8382_out_o           |  out|   32|     ap_ovld|                            bucket_sizes_8382_out|       pointer|
|bucket_sizes_8382_out_o_ap_vld    |  out|    1|     ap_ovld|                            bucket_sizes_8382_out|       pointer|
|bucket_sizes_8381_out_i           |   in|   32|     ap_ovld|                            bucket_sizes_8381_out|       pointer|
|bucket_sizes_8381_out_o           |  out|   32|     ap_ovld|                            bucket_sizes_8381_out|       pointer|
|bucket_sizes_8381_out_o_ap_vld    |  out|    1|     ap_ovld|                            bucket_sizes_8381_out|       pointer|
|bucket_sizes_8380_out_i           |   in|   32|     ap_ovld|                            bucket_sizes_8380_out|       pointer|
|bucket_sizes_8380_out_o           |  out|   32|     ap_ovld|                            bucket_sizes_8380_out|       pointer|
|bucket_sizes_8380_out_o_ap_vld    |  out|    1|     ap_ovld|                            bucket_sizes_8380_out|       pointer|
|bucket_sizes_8379_out_i           |   in|   32|     ap_ovld|                            bucket_sizes_8379_out|       pointer|
|bucket_sizes_8379_out_o           |  out|   32|     ap_ovld|                            bucket_sizes_8379_out|       pointer|
|bucket_sizes_8379_out_o_ap_vld    |  out|    1|     ap_ovld|                            bucket_sizes_8379_out|       pointer|
|bucket_sizes_8378_out_i           |   in|   32|     ap_ovld|                            bucket_sizes_8378_out|       pointer|
|bucket_sizes_8378_out_o           |  out|   32|     ap_ovld|                            bucket_sizes_8378_out|       pointer|
|bucket_sizes_8378_out_o_ap_vld    |  out|    1|     ap_ovld|                            bucket_sizes_8378_out|       pointer|
|bucket_pointer_3753_out_i         |   in|   32|     ap_ovld|                          bucket_pointer_3753_out|       pointer|
|bucket_pointer_3753_out_o         |  out|   32|     ap_ovld|                          bucket_pointer_3753_out|       pointer|
|bucket_pointer_3753_out_o_ap_vld  |  out|    1|     ap_ovld|                          bucket_pointer_3753_out|       pointer|
|bucket_pointer_3752_out_i         |   in|   32|     ap_ovld|                          bucket_pointer_3752_out|       pointer|
|bucket_pointer_3752_out_o         |  out|   32|     ap_ovld|                          bucket_pointer_3752_out|       pointer|
|bucket_pointer_3752_out_o_ap_vld  |  out|    1|     ap_ovld|                          bucket_pointer_3752_out|       pointer|
|bucket_pointer_3751_out_i         |   in|   32|     ap_ovld|                          bucket_pointer_3751_out|       pointer|
|bucket_pointer_3751_out_o         |  out|   32|     ap_ovld|                          bucket_pointer_3751_out|       pointer|
|bucket_pointer_3751_out_o_ap_vld  |  out|    1|     ap_ovld|                          bucket_pointer_3751_out|       pointer|
|bucket_pointer_3750_out_i         |   in|   32|     ap_ovld|                          bucket_pointer_3750_out|       pointer|
|bucket_pointer_3750_out_o         |  out|   32|     ap_ovld|                          bucket_pointer_3750_out|       pointer|
|bucket_pointer_3750_out_o_ap_vld  |  out|    1|     ap_ovld|                          bucket_pointer_3750_out|       pointer|
|bucket_pointer_3749_out_i         |   in|   32|     ap_ovld|                          bucket_pointer_3749_out|       pointer|
|bucket_pointer_3749_out_o         |  out|   32|     ap_ovld|                          bucket_pointer_3749_out|       pointer|
|bucket_pointer_3749_out_o_ap_vld  |  out|    1|     ap_ovld|                          bucket_pointer_3749_out|       pointer|
|bucket_pointer_3748_out_i         |   in|   32|     ap_ovld|                          bucket_pointer_3748_out|       pointer|
|bucket_pointer_3748_out_o         |  out|   32|     ap_ovld|                          bucket_pointer_3748_out|       pointer|
|bucket_pointer_3748_out_o_ap_vld  |  out|    1|     ap_ovld|                          bucket_pointer_3748_out|       pointer|
|bucket_pointer_3747_out_i         |   in|   32|     ap_ovld|                          bucket_pointer_3747_out|       pointer|
|bucket_pointer_3747_out_o         |  out|   32|     ap_ovld|                          bucket_pointer_3747_out|       pointer|
|bucket_pointer_3747_out_o_ap_vld  |  out|    1|     ap_ovld|                          bucket_pointer_3747_out|       pointer|
|bucket_pointer_3746_out_i         |   in|   32|     ap_ovld|                          bucket_pointer_3746_out|       pointer|
|bucket_pointer_3746_out_o         |  out|   32|     ap_ovld|                          bucket_pointer_3746_out|       pointer|
|bucket_pointer_3746_out_o_ap_vld  |  out|    1|     ap_ovld|                          bucket_pointer_3746_out|       pointer|
|bucket_pointer_3745_out_i         |   in|   32|     ap_ovld|                          bucket_pointer_3745_out|       pointer|
|bucket_pointer_3745_out_o         |  out|   32|     ap_ovld|                          bucket_pointer_3745_out|       pointer|
|bucket_pointer_3745_out_o_ap_vld  |  out|    1|     ap_ovld|                          bucket_pointer_3745_out|       pointer|
|bucket_pointer_3744_out_i         |   in|   32|     ap_ovld|                          bucket_pointer_3744_out|       pointer|
|bucket_pointer_3744_out_o         |  out|   32|     ap_ovld|                          bucket_pointer_3744_out|       pointer|
|bucket_pointer_3744_out_o_ap_vld  |  out|    1|     ap_ovld|                          bucket_pointer_3744_out|       pointer|
|bucket_pointer_3743_out_i         |   in|   32|     ap_ovld|                          bucket_pointer_3743_out|       pointer|
|bucket_pointer_3743_out_o         |  out|   32|     ap_ovld|                          bucket_pointer_3743_out|       pointer|
|bucket_pointer_3743_out_o_ap_vld  |  out|    1|     ap_ovld|                          bucket_pointer_3743_out|       pointer|
|bucket_pointer_3742_out_i         |   in|   32|     ap_ovld|                          bucket_pointer_3742_out|       pointer|
|bucket_pointer_3742_out_o         |  out|   32|     ap_ovld|                          bucket_pointer_3742_out|       pointer|
|bucket_pointer_3742_out_o_ap_vld  |  out|    1|     ap_ovld|                          bucket_pointer_3742_out|       pointer|
|bucket_pointer_3741_out_i         |   in|   32|     ap_ovld|                          bucket_pointer_3741_out|       pointer|
|bucket_pointer_3741_out_o         |  out|   32|     ap_ovld|                          bucket_pointer_3741_out|       pointer|
|bucket_pointer_3741_out_o_ap_vld  |  out|    1|     ap_ovld|                          bucket_pointer_3741_out|       pointer|
|bucket_pointer_3740_out_i         |   in|   32|     ap_ovld|                          bucket_pointer_3740_out|       pointer|
|bucket_pointer_3740_out_o         |  out|   32|     ap_ovld|                          bucket_pointer_3740_out|       pointer|
|bucket_pointer_3740_out_o_ap_vld  |  out|    1|     ap_ovld|                          bucket_pointer_3740_out|       pointer|
|bucket_pointer_3739_out_i         |   in|   32|     ap_ovld|                          bucket_pointer_3739_out|       pointer|
|bucket_pointer_3739_out_o         |  out|   32|     ap_ovld|                          bucket_pointer_3739_out|       pointer|
|bucket_pointer_3739_out_o_ap_vld  |  out|    1|     ap_ovld|                          bucket_pointer_3739_out|       pointer|
|bucket_pointer_3738_out_i         |   in|   32|     ap_ovld|                          bucket_pointer_3738_out|       pointer|
|bucket_pointer_3738_out_o         |  out|   32|     ap_ovld|                          bucket_pointer_3738_out|       pointer|
|bucket_pointer_3738_out_o_ap_vld  |  out|    1|     ap_ovld|                          bucket_pointer_3738_out|       pointer|
+----------------------------------+-----+-----+------------+-------------------------------------------------+--------------+

