

================================================================
== Vitis HLS Report for 'radix_sort_batch_16_1_Pipeline_input_bucket'
================================================================
* Date:           Sun Apr 23 22:18:40 2023

* Version:        2022.2 (Build 3670227 on Oct 13 2022)
* Project:        sort_seperate_bucket
* Solution:       solution1 (Vivado IP Flow Target)
* Product family: virtexuplus
* Target device:  xcu280-fsvh2892-2L-e


================================================================
== Performance Estimates
================================================================
+ Timing: 
    * Summary: 
    +--------+----------+----------+------------+
    |  Clock |  Target  | Estimated| Uncertainty|
    +--------+----------+----------+------------+
    |ap_clk  |  10.00 ns|  5.044 ns|     2.70 ns|
    +--------+----------+----------+------------+

+ Latency: 
    * Summary: 
    +---------+---------+----------+----------+-------+-------+---------+
    |  Latency (cycles) |  Latency (absolute) |    Interval   | Pipeline|
    |   min   |   max   |    min   |    max   |  min  |  max  |   Type  |
    +---------+---------+----------+----------+-------+-------+---------+
    |    15627|    15627|  0.156 ms|  0.156 ms|  15627|  15627|       no|
    +---------+---------+----------+----------+-------+-------+---------+

    + Detail: 
        * Instance: 
        N/A

        * Loop: 
        +----------------+---------+---------+----------+-----------+-----------+-------+----------+
        |                |  Latency (cycles) | Iteration|  Initiation Interval  |  Trip |          |
        |    Loop Name   |   min   |   max   |  Latency |  achieved |   target  | Count | Pipelined|
        +----------------+---------+---------+----------+-----------+-----------+-------+----------+
        |- input_bucket  |    15625|    15625|         2|          1|          1|  15625|       yes|
        +----------------+---------+---------+----------+-----------+-----------+-------+----------+



================================================================
== Utilization Estimates
================================================================
* Summary: 
+---------------------+---------+------+---------+---------+-----+
|         Name        | BRAM_18K|  DSP |    FF   |   LUT   | URAM|
+---------------------+---------+------+---------+---------+-----+
|DSP                  |        -|     -|        -|        -|    -|
|Expression           |        -|     -|        0|      310|    -|
|FIFO                 |        -|     -|        -|        -|    -|
|Instance             |        -|     -|        0|      130|    -|
|Memory               |        -|     -|        -|        -|    -|
|Multiplexer          |        -|     -|        -|      502|    -|
|Register             |        -|     -|      133|        -|    -|
+---------------------+---------+------+---------+---------+-----+
|Total                |        0|     0|      133|      942|    0|
+---------------------+---------+------+---------+---------+-----+
|Available SLR        |     1344|  3008|   869120|   434560|  320|
+---------------------+---------+------+---------+---------+-----+
|Utilization SLR (%)  |        0|     0|       ~0|       ~0|    0|
+---------------------+---------+------+---------+---------+-----+
|Available            |     4032|  9024|  2607360|  1303680|  960|
+---------------------+---------+------+---------+---------+-----+
|Utilization (%)      |        0|     0|       ~0|       ~0|    0|
+---------------------+---------+------+---------+---------+-----+

+ Detail: 
    * Instance: 
    +----------------------+----------------+---------+----+---+----+-----+
    |       Instance       |     Module     | BRAM_18K| DSP| FF| LUT| URAM|
    +----------------------+----------------+---------+----+---+----+-----+
    |mux_164_32_1_1_U3014  |mux_164_32_1_1  |        0|   0|  0|  65|    0|
    |mux_164_32_1_1_U3015  |mux_164_32_1_1  |        0|   0|  0|  65|    0|
    +----------------------+----------------+---------+----+---+----+-----+
    |Total                 |                |        0|   0|  0| 130|    0|
    +----------------------+----------------+---------+----+---+----+-----+

    * DSP: 
    N/A

    * Memory: 
    N/A

    * FIFO: 
    N/A

    * Expression: 
    +--------------------------+----------+----+---+----+------------+------------+
    |       Variable Name      | Operation| DSP| FF| LUT| Bitwidth P0| Bitwidth P1|
    +--------------------------+----------+----+---+----+------------+------------+
    |add_ln40_fu_675_p2        |         +|   0|  0|  21|          14|           1|
    |add_ln41_fu_685_p2        |         +|   0|  0|  22|          15|          15|
    |add_ln43_fu_836_p2        |         +|   0|  0|  22|          15|          15|
    |bucket_pointer_fu_856_p2  |         +|   0|  0|  39|          32|           1|
    |bucket_sizes_fu_1070_p2   |         +|   0|  0|  39|          32|           1|
    |shifted_fu_785_p2         |      ashr|   0|  0|  92|          32|          32|
    |addr_cmp_fu_771_p2        |      icmp|   0|  0|  29|          64|          64|
    |icmp_ln40_fu_669_p2       |      icmp|   0|  0|  12|          14|          11|
    |reuse_select_fu_776_p3    |    select|   0|  0|  32|           1|          32|
    |ap_enable_pp0             |       xor|   0|  0|   2|           1|           2|
    +--------------------------+----------+----+---+----+------------+------------+
    |Total                     |          |   0|  0| 310|         220|         174|
    +--------------------------+----------+----+---+----+------------+------------+

    * Multiplexer: 
    +---------------------------+----+-----------+-----+-----------+
    |            Name           | LUT| Input Size| Bits| Total Bits|
    +---------------------------+----+-----------+-----+-----------+
    |ap_done_int                |   9|          2|    1|          2|
    |ap_enable_reg_pp0_iter1    |   9|          2|    1|          2|
    |ap_sig_allocacmp_j         |   9|          2|   14|         28|
    |bucket_pointer_3608_out_o  |  14|          3|   32|         96|
    |bucket_pointer_3609_out_o  |  14|          3|   32|         96|
    |bucket_pointer_3610_out_o  |  14|          3|   32|         96|
    |bucket_pointer_3611_out_o  |  14|          3|   32|         96|
    |bucket_pointer_3612_out_o  |  14|          3|   32|         96|
    |bucket_pointer_3613_out_o  |  14|          3|   32|         96|
    |bucket_pointer_3614_out_o  |  14|          3|   32|         96|
    |bucket_pointer_3615_out_o  |  14|          3|   32|         96|
    |bucket_pointer_3616_out_o  |  14|          3|   32|         96|
    |bucket_pointer_3617_out_o  |  14|          3|   32|         96|
    |bucket_pointer_3618_out_o  |  14|          3|   32|         96|
    |bucket_pointer_3619_out_o  |  14|          3|   32|         96|
    |bucket_pointer_3620_out_o  |  14|          3|   32|         96|
    |bucket_pointer_3621_out_o  |  14|          3|   32|         96|
    |bucket_pointer_3622_out_o  |  14|          3|   32|         96|
    |bucket_pointer_3623_out_o  |  14|          3|   32|         96|
    |bucket_sizes_8088_out_o    |  14|          3|   32|         96|
    |bucket_sizes_8089_out_o    |  14|          3|   32|         96|
    |bucket_sizes_8090_out_o    |  14|          3|   32|         96|
    |bucket_sizes_8091_out_o    |  14|          3|   32|         96|
    |bucket_sizes_8092_out_o    |  14|          3|   32|         96|
    |bucket_sizes_8093_out_o    |  14|          3|   32|         96|
    |bucket_sizes_8094_out_o    |  14|          3|   32|         96|
    |bucket_sizes_8095_out_o    |  14|          3|   32|         96|
    |bucket_sizes_8096_out_o    |  14|          3|   32|         96|
    |bucket_sizes_8097_out_o    |  14|          3|   32|         96|
    |bucket_sizes_8098_out_o    |  14|          3|   32|         96|
    |bucket_sizes_8099_out_o    |  14|          3|   32|         96|
    |bucket_sizes_8100_out_o    |  14|          3|   32|         96|
    |bucket_sizes_8101_out_o    |  14|          3|   32|         96|
    |bucket_sizes_8102_out_o    |  14|          3|   32|         96|
    |bucket_sizes_8103_out_o    |  14|          3|   32|         96|
    |j_56_fu_216                |   9|          2|   14|         28|
    |reuse_addr_reg_fu_208      |   9|          2|   64|        128|
    |reuse_reg_fu_212           |   9|          2|   32|         64|
    +---------------------------+----+-----------+-----+-----------+
    |Total                      | 502|        108| 1150|       3324|
    +---------------------------+----+-----------+-----+-----------+

    * Register: 
    +--------------------------+----+----+-----+-----------+
    |           Name           | FF | LUT| Bits| Const Bits|
    +--------------------------+----+----+-----+-----------+
    |ap_CS_fsm                 |   1|   0|    1|          0|
    |ap_done_reg               |   1|   0|    1|          0|
    |ap_enable_reg_pp0_iter1   |   1|   0|    1|          0|
    |j_56_fu_216               |  14|   0|   14|          0|
    |mul_cast_i_cast_reg_1198  |   5|   0|   32|         27|
    |reuse_addr_reg_fu_208     |  64|   0|   64|          0|
    |reuse_reg_fu_212          |  32|   0|   32|          0|
    |zext_ln41_56_reg_1206     |  15|   0|   64|         49|
    +--------------------------+----+----+-----+-----------+
    |Total                     | 133|   0|  209|         76|
    +--------------------------+----+----+-----+-----------+



================================================================
== Interface
================================================================
* Summary: 
+----------------------------------+-----+-----+------------+---------------------------------------------+--------------+
|             RTL Ports            | Dir | Bits|  Protocol  |                Source Object                |    C Type    |
+----------------------------------+-----+-----+------------+---------------------------------------------+--------------+
|ap_clk                            |   in|    1|  ap_ctrl_hs|  radix_sort_batch.16.1_Pipeline_input_bucket|  return value|
|ap_rst                            |   in|    1|  ap_ctrl_hs|  radix_sort_batch.16.1_Pipeline_input_bucket|  return value|
|ap_start                          |   in|    1|  ap_ctrl_hs|  radix_sort_batch.16.1_Pipeline_input_bucket|  return value|
|ap_done                           |  out|    1|  ap_ctrl_hs|  radix_sort_batch.16.1_Pipeline_input_bucket|  return value|
|ap_idle                           |  out|    1|  ap_ctrl_hs|  radix_sort_batch.16.1_Pipeline_input_bucket|  return value|
|ap_ready                          |  out|    1|  ap_ctrl_hs|  radix_sort_batch.16.1_Pipeline_input_bucket|  return value|
|bucket_sizes_8071_reload          |   in|   32|     ap_none|                     bucket_sizes_8071_reload|        scalar|
|bucket_sizes_8070_reload          |   in|   32|     ap_none|                     bucket_sizes_8070_reload|        scalar|
|bucket_sizes_8069_reload          |   in|   32|     ap_none|                     bucket_sizes_8069_reload|        scalar|
|bucket_sizes_8068_reload          |   in|   32|     ap_none|                     bucket_sizes_8068_reload|        scalar|
|bucket_sizes_8067_reload          |   in|   32|     ap_none|                     bucket_sizes_8067_reload|        scalar|
|bucket_sizes_8066_reload          |   in|   32|     ap_none|                     bucket_sizes_8066_reload|        scalar|
|bucket_sizes_8065_reload          |   in|   32|     ap_none|                     bucket_sizes_8065_reload|        scalar|
|bucket_sizes_8064_reload          |   in|   32|     ap_none|                     bucket_sizes_8064_reload|        scalar|
|bucket_sizes_8063_reload          |   in|   32|     ap_none|                     bucket_sizes_8063_reload|        scalar|
|bucket_sizes_8062_reload          |   in|   32|     ap_none|                     bucket_sizes_8062_reload|        scalar|
|bucket_sizes_8061_reload          |   in|   32|     ap_none|                     bucket_sizes_8061_reload|        scalar|
|bucket_sizes_8060_reload          |   in|   32|     ap_none|                     bucket_sizes_8060_reload|        scalar|
|bucket_sizes_8059_reload          |   in|   32|     ap_none|                     bucket_sizes_8059_reload|        scalar|
|bucket_sizes_8058_reload          |   in|   32|     ap_none|                     bucket_sizes_8058_reload|        scalar|
|bucket_sizes_8057_reload          |   in|   32|     ap_none|                     bucket_sizes_8057_reload|        scalar|
|bucket_sizes_8056_reload          |   in|   32|     ap_none|                     bucket_sizes_8056_reload|        scalar|
|bucket_pointer_3606_reload        |   in|   32|     ap_none|                   bucket_pointer_3606_reload|        scalar|
|bucket_pointer_3605_reload        |   in|   32|     ap_none|                   bucket_pointer_3605_reload|        scalar|
|bucket_pointer_3604_reload        |   in|   32|     ap_none|                   bucket_pointer_3604_reload|        scalar|
|bucket_pointer_3603_reload        |   in|   32|     ap_none|                   bucket_pointer_3603_reload|        scalar|
|bucket_pointer_3602_reload        |   in|   32|     ap_none|                   bucket_pointer_3602_reload|        scalar|
|bucket_pointer_3601_reload        |   in|   32|     ap_none|                   bucket_pointer_3601_reload|        scalar|
|bucket_pointer_3600_reload        |   in|   32|     ap_none|                   bucket_pointer_3600_reload|        scalar|
|bucket_pointer_3599_reload        |   in|   32|     ap_none|                   bucket_pointer_3599_reload|        scalar|
|bucket_pointer_3598_reload        |   in|   32|     ap_none|                   bucket_pointer_3598_reload|        scalar|
|bucket_pointer_3597_reload        |   in|   32|     ap_none|                   bucket_pointer_3597_reload|        scalar|
|bucket_pointer_3596_reload        |   in|   32|     ap_none|                   bucket_pointer_3596_reload|        scalar|
|bucket_pointer_3595_reload        |   in|   32|     ap_none|                   bucket_pointer_3595_reload|        scalar|
|bucket_pointer_3594_reload        |   in|   32|     ap_none|                   bucket_pointer_3594_reload|        scalar|
|bucket_pointer_3593_reload        |   in|   32|     ap_none|                   bucket_pointer_3593_reload|        scalar|
|bucket_pointer_3592_reload        |   in|   32|     ap_none|                   bucket_pointer_3592_reload|        scalar|
|bucket_pointer_3591_reload        |   in|   32|     ap_none|                   bucket_pointer_3591_reload|        scalar|
|mul_ln41                          |   in|   15|     ap_none|                                     mul_ln41|        scalar|
|bucket_address0                   |  out|   15|   ap_memory|                                       bucket|         array|
|bucket_ce0                        |  out|    1|   ap_memory|                                       bucket|         array|
|bucket_we0                        |  out|    1|   ap_memory|                                       bucket|         array|
|bucket_d0                         |  out|   32|   ap_memory|                                       bucket|         array|
|bucket_address1                   |  out|   15|   ap_memory|                                       bucket|         array|
|bucket_ce1                        |  out|    1|   ap_memory|                                       bucket|         array|
|bucket_q1                         |   in|   32|   ap_memory|                                       bucket|         array|
|mul_cast_i                        |   in|    5|     ap_none|                                   mul_cast_i|        scalar|
|mul_ln43                          |   in|   15|     ap_none|                                     mul_ln43|        scalar|
|bucket_sizes_8103_out_i           |   in|   32|     ap_ovld|                        bucket_sizes_8103_out|       pointer|
|bucket_sizes_8103_out_o           |  out|   32|     ap_ovld|                        bucket_sizes_8103_out|       pointer|
|bucket_sizes_8103_out_o_ap_vld    |  out|    1|     ap_ovld|                        bucket_sizes_8103_out|       pointer|
|bucket_sizes_8102_out_i           |   in|   32|     ap_ovld|                        bucket_sizes_8102_out|       pointer|
|bucket_sizes_8102_out_o           |  out|   32|     ap_ovld|                        bucket_sizes_8102_out|       pointer|
|bucket_sizes_8102_out_o_ap_vld    |  out|    1|     ap_ovld|                        bucket_sizes_8102_out|       pointer|
|bucket_sizes_8101_out_i           |   in|   32|     ap_ovld|                        bucket_sizes_8101_out|       pointer|
|bucket_sizes_8101_out_o           |  out|   32|     ap_ovld|                        bucket_sizes_8101_out|       pointer|
|bucket_sizes_8101_out_o_ap_vld    |  out|    1|     ap_ovld|                        bucket_sizes_8101_out|       pointer|
|bucket_sizes_8100_out_i           |   in|   32|     ap_ovld|                        bucket_sizes_8100_out|       pointer|
|bucket_sizes_8100_out_o           |  out|   32|     ap_ovld|                        bucket_sizes_8100_out|       pointer|
|bucket_sizes_8100_out_o_ap_vld    |  out|    1|     ap_ovld|                        bucket_sizes_8100_out|       pointer|
|bucket_sizes_8099_out_i           |   in|   32|     ap_ovld|                        bucket_sizes_8099_out|       pointer|
|bucket_sizes_8099_out_o           |  out|   32|     ap_ovld|                        bucket_sizes_8099_out|       pointer|
|bucket_sizes_8099_out_o_ap_vld    |  out|    1|     ap_ovld|                        bucket_sizes_8099_out|       pointer|
|bucket_sizes_8098_out_i           |   in|   32|     ap_ovld|                        bucket_sizes_8098_out|       pointer|
|bucket_sizes_8098_out_o           |  out|   32|     ap_ovld|                        bucket_sizes_8098_out|       pointer|
|bucket_sizes_8098_out_o_ap_vld    |  out|    1|     ap_ovld|                        bucket_sizes_8098_out|       pointer|
|bucket_sizes_8097_out_i           |   in|   32|     ap_ovld|                        bucket_sizes_8097_out|       pointer|
|bucket_sizes_8097_out_o           |  out|   32|     ap_ovld|                        bucket_sizes_8097_out|       pointer|
|bucket_sizes_8097_out_o_ap_vld    |  out|    1|     ap_ovld|                        bucket_sizes_8097_out|       pointer|
|bucket_sizes_8096_out_i           |   in|   32|     ap_ovld|                        bucket_sizes_8096_out|       pointer|
|bucket_sizes_8096_out_o           |  out|   32|     ap_ovld|                        bucket_sizes_8096_out|       pointer|
|bucket_sizes_8096_out_o_ap_vld    |  out|    1|     ap_ovld|                        bucket_sizes_8096_out|       pointer|
|bucket_sizes_8095_out_i           |   in|   32|     ap_ovld|                        bucket_sizes_8095_out|       pointer|
|bucket_sizes_8095_out_o           |  out|   32|     ap_ovld|                        bucket_sizes_8095_out|       pointer|
|bucket_sizes_8095_out_o_ap_vld    |  out|    1|     ap_ovld|                        bucket_sizes_8095_out|       pointer|
|bucket_sizes_8094_out_i           |   in|   32|     ap_ovld|                        bucket_sizes_8094_out|       pointer|
|bucket_sizes_8094_out_o           |  out|   32|     ap_ovld|                        bucket_sizes_8094_out|       pointer|
|bucket_sizes_8094_out_o_ap_vld    |  out|    1|     ap_ovld|                        bucket_sizes_8094_out|       pointer|
|bucket_sizes_8093_out_i           |   in|   32|     ap_ovld|                        bucket_sizes_8093_out|       pointer|
|bucket_sizes_8093_out_o           |  out|   32|     ap_ovld|                        bucket_sizes_8093_out|       pointer|
|bucket_sizes_8093_out_o_ap_vld    |  out|    1|     ap_ovld|                        bucket_sizes_8093_out|       pointer|
|bucket_sizes_8092_out_i           |   in|   32|     ap_ovld|                        bucket_sizes_8092_out|       pointer|
|bucket_sizes_8092_out_o           |  out|   32|     ap_ovld|                        bucket_sizes_8092_out|       pointer|
|bucket_sizes_8092_out_o_ap_vld    |  out|    1|     ap_ovld|                        bucket_sizes_8092_out|       pointer|
|bucket_sizes_8091_out_i           |   in|   32|     ap_ovld|                        bucket_sizes_8091_out|       pointer|
|bucket_sizes_8091_out_o           |  out|   32|     ap_ovld|                        bucket_sizes_8091_out|       pointer|
|bucket_sizes_8091_out_o_ap_vld    |  out|    1|     ap_ovld|                        bucket_sizes_8091_out|       pointer|
|bucket_sizes_8090_out_i           |   in|   32|     ap_ovld|                        bucket_sizes_8090_out|       pointer|
|bucket_sizes_8090_out_o           |  out|   32|     ap_ovld|                        bucket_sizes_8090_out|       pointer|
|bucket_sizes_8090_out_o_ap_vld    |  out|    1|     ap_ovld|                        bucket_sizes_8090_out|       pointer|
|bucket_sizes_8089_out_i           |   in|   32|     ap_ovld|                        bucket_sizes_8089_out|       pointer|
|bucket_sizes_8089_out_o           |  out|   32|     ap_ovld|                        bucket_sizes_8089_out|       pointer|
|bucket_sizes_8089_out_o_ap_vld    |  out|    1|     ap_ovld|                        bucket_sizes_8089_out|       pointer|
|bucket_sizes_8088_out_i           |   in|   32|     ap_ovld|                        bucket_sizes_8088_out|       pointer|
|bucket_sizes_8088_out_o           |  out|   32|     ap_ovld|                        bucket_sizes_8088_out|       pointer|
|bucket_sizes_8088_out_o_ap_vld    |  out|    1|     ap_ovld|                        bucket_sizes_8088_out|       pointer|
|bucket_pointer_3623_out_i         |   in|   32|     ap_ovld|                      bucket_pointer_3623_out|       pointer|
|bucket_pointer_3623_out_o         |  out|   32|     ap_ovld|                      bucket_pointer_3623_out|       pointer|
|bucket_pointer_3623_out_o_ap_vld  |  out|    1|     ap_ovld|                      bucket_pointer_3623_out|       pointer|
|bucket_pointer_3622_out_i         |   in|   32|     ap_ovld|                      bucket_pointer_3622_out|       pointer|
|bucket_pointer_3622_out_o         |  out|   32|     ap_ovld|                      bucket_pointer_3622_out|       pointer|
|bucket_pointer_3622_out_o_ap_vld  |  out|    1|     ap_ovld|                      bucket_pointer_3622_out|       pointer|
|bucket_pointer_3621_out_i         |   in|   32|     ap_ovld|                      bucket_pointer_3621_out|       pointer|
|bucket_pointer_3621_out_o         |  out|   32|     ap_ovld|                      bucket_pointer_3621_out|       pointer|
|bucket_pointer_3621_out_o_ap_vld  |  out|    1|     ap_ovld|                      bucket_pointer_3621_out|       pointer|
|bucket_pointer_3620_out_i         |   in|   32|     ap_ovld|                      bucket_pointer_3620_out|       pointer|
|bucket_pointer_3620_out_o         |  out|   32|     ap_ovld|                      bucket_pointer_3620_out|       pointer|
|bucket_pointer_3620_out_o_ap_vld  |  out|    1|     ap_ovld|                      bucket_pointer_3620_out|       pointer|
|bucket_pointer_3619_out_i         |   in|   32|     ap_ovld|                      bucket_pointer_3619_out|       pointer|
|bucket_pointer_3619_out_o         |  out|   32|     ap_ovld|                      bucket_pointer_3619_out|       pointer|
|bucket_pointer_3619_out_o_ap_vld  |  out|    1|     ap_ovld|                      bucket_pointer_3619_out|       pointer|
|bucket_pointer_3618_out_i         |   in|   32|     ap_ovld|                      bucket_pointer_3618_out|       pointer|
|bucket_pointer_3618_out_o         |  out|   32|     ap_ovld|                      bucket_pointer_3618_out|       pointer|
|bucket_pointer_3618_out_o_ap_vld  |  out|    1|     ap_ovld|                      bucket_pointer_3618_out|       pointer|
|bucket_pointer_3617_out_i         |   in|   32|     ap_ovld|                      bucket_pointer_3617_out|       pointer|
|bucket_pointer_3617_out_o         |  out|   32|     ap_ovld|                      bucket_pointer_3617_out|       pointer|
|bucket_pointer_3617_out_o_ap_vld  |  out|    1|     ap_ovld|                      bucket_pointer_3617_out|       pointer|
|bucket_pointer_3616_out_i         |   in|   32|     ap_ovld|                      bucket_pointer_3616_out|       pointer|
|bucket_pointer_3616_out_o         |  out|   32|     ap_ovld|                      bucket_pointer_3616_out|       pointer|
|bucket_pointer_3616_out_o_ap_vld  |  out|    1|     ap_ovld|                      bucket_pointer_3616_out|       pointer|
|bucket_pointer_3615_out_i         |   in|   32|     ap_ovld|                      bucket_pointer_3615_out|       pointer|
|bucket_pointer_3615_out_o         |  out|   32|     ap_ovld|                      bucket_pointer_3615_out|       pointer|
|bucket_pointer_3615_out_o_ap_vld  |  out|    1|     ap_ovld|                      bucket_pointer_3615_out|       pointer|
|bucket_pointer_3614_out_i         |   in|   32|     ap_ovld|                      bucket_pointer_3614_out|       pointer|
|bucket_pointer_3614_out_o         |  out|   32|     ap_ovld|                      bucket_pointer_3614_out|       pointer|
|bucket_pointer_3614_out_o_ap_vld  |  out|    1|     ap_ovld|                      bucket_pointer_3614_out|       pointer|
|bucket_pointer_3613_out_i         |   in|   32|     ap_ovld|                      bucket_pointer_3613_out|       pointer|
|bucket_pointer_3613_out_o         |  out|   32|     ap_ovld|                      bucket_pointer_3613_out|       pointer|
|bucket_pointer_3613_out_o_ap_vld  |  out|    1|     ap_ovld|                      bucket_pointer_3613_out|       pointer|
|bucket_pointer_3612_out_i         |   in|   32|     ap_ovld|                      bucket_pointer_3612_out|       pointer|
|bucket_pointer_3612_out_o         |  out|   32|     ap_ovld|                      bucket_pointer_3612_out|       pointer|
|bucket_pointer_3612_out_o_ap_vld  |  out|    1|     ap_ovld|                      bucket_pointer_3612_out|       pointer|
|bucket_pointer_3611_out_i         |   in|   32|     ap_ovld|                      bucket_pointer_3611_out|       pointer|
|bucket_pointer_3611_out_o         |  out|   32|     ap_ovld|                      bucket_pointer_3611_out|       pointer|
|bucket_pointer_3611_out_o_ap_vld  |  out|    1|     ap_ovld|                      bucket_pointer_3611_out|       pointer|
|bucket_pointer_3610_out_i         |   in|   32|     ap_ovld|                      bucket_pointer_3610_out|       pointer|
|bucket_pointer_3610_out_o         |  out|   32|     ap_ovld|                      bucket_pointer_3610_out|       pointer|
|bucket_pointer_3610_out_o_ap_vld  |  out|    1|     ap_ovld|                      bucket_pointer_3610_out|       pointer|
|bucket_pointer_3609_out_i         |   in|   32|     ap_ovld|                      bucket_pointer_3609_out|       pointer|
|bucket_pointer_3609_out_o         |  out|   32|     ap_ovld|                      bucket_pointer_3609_out|       pointer|
|bucket_pointer_3609_out_o_ap_vld  |  out|    1|     ap_ovld|                      bucket_pointer_3609_out|       pointer|
|bucket_pointer_3608_out_i         |   in|   32|     ap_ovld|                      bucket_pointer_3608_out|       pointer|
|bucket_pointer_3608_out_o         |  out|   32|     ap_ovld|                      bucket_pointer_3608_out|       pointer|
|bucket_pointer_3608_out_o_ap_vld  |  out|    1|     ap_ovld|                      bucket_pointer_3608_out|       pointer|
+----------------------------------+-----+-----+------------+---------------------------------------------+--------------+

