

================================================================
== Vitis HLS Report for 'radix_sort_hex_batch_19_1_Pipeline_initialization'
================================================================
* Date:           Tue Apr 25 09:31:18 2023

* Version:        2022.2 (Build 3670227 on Oct 13 2022)
* Project:        sort_seperate_bucket
* Solution:       solution1 (Vivado IP Flow Target)
* Product family: virtexuplus
* Target device:  xcu280-fsvh2892-2L-e


================================================================
== Performance Estimates
================================================================
+ Timing: 
    * Summary: 
    +--------+----------+----------+------------+
    |  Clock |  Target  | Estimated| Uncertainty|
    +--------+----------+----------+------------+
    |ap_clk  |  10.00 ns|  3.008 ns|     2.70 ns|
    +--------+----------+----------+------------+

+ Latency: 
    * Summary: 
    +---------+---------+----------+----------+-------+-------+---------+
    |  Latency (cycles) |  Latency (absolute) |    Interval   | Pipeline|
    |   min   |   max   |    min   |    max   |  min  |  max  |   Type  |
    +---------+---------+----------+----------+-------+-------+---------+
    |    15627|    15627|  0.156 ms|  0.156 ms|  15627|  15627|       no|
    +---------+---------+----------+----------+-------+-------+---------+

    + Detail: 
        * Instance: 
        N/A

        * Loop: 
        +------------------+---------+---------+----------+-----------+-----------+-------+----------+
        |                  |  Latency (cycles) | Iteration|  Initiation Interval  |  Trip |          |
        |     Loop Name    |   min   |   max   |  Latency |  achieved |   target  | Count | Pipelined|
        +------------------+---------+---------+----------+-----------+-----------+-------+----------+
        |- initialization  |    15625|    15625|         2|          1|          1|  15625|       yes|
        +------------------+---------+---------+----------+-----------+-----------+-------+----------+



================================================================
== Utilization Estimates
================================================================
* Summary: 
+---------------------+---------+------+---------+---------+-----+
|         Name        | BRAM_18K|  DSP |    FF   |   LUT   | URAM|
+---------------------+---------+------+---------+---------+-----+
|DSP                  |        -|     -|        -|        -|    -|
|Expression           |        -|     -|        0|       96|    -|
|FIFO                 |        -|     -|        -|        -|    -|
|Instance             |        -|     -|        0|       65|    -|
|Memory               |        -|     -|        -|        -|    -|
|Multiplexer          |        -|     -|        -|      260|    -|
|Register             |        -|     -|       31|        -|    -|
+---------------------+---------+------+---------+---------+-----+
|Total                |        0|     0|       31|      421|    0|
+---------------------+---------+------+---------+---------+-----+
|Available SLR        |     1344|  3008|   869120|   434560|  320|
+---------------------+---------+------+---------+---------+-----+
|Utilization SLR (%)  |        0|     0|       ~0|       ~0|    0|
+---------------------+---------+------+---------+---------+-----+
|Available            |     4032|  9024|  2607360|  1303680|  960|
+---------------------+---------+------+---------+---------+-----+
|Utilization (%)      |        0|     0|       ~0|       ~0|    0|
+---------------------+---------+------+---------+---------+-----+

+ Detail: 
    * Instance: 
    +----------------------+----------------+---------+----+---+----+-----+
    |       Instance       |     Module     | BRAM_18K| DSP| FF| LUT| URAM|
    +----------------------+----------------+---------+----+---+----+-----+
    |mux_164_32_1_1_U3493  |mux_164_32_1_1  |        0|   0|  0|  65|    0|
    +----------------------+----------------+---------+----+---+----+-----+
    |Total                 |                |        0|   0|  0|  65|    0|
    +----------------------+----------------+---------+----+---+----+-----+

    * DSP: 
    N/A

    * Memory: 
    N/A

    * FIFO: 
    N/A

    * Expression: 
    +------------------------+----------+----+---+----+------------+------------+
    |      Variable Name     | Operation| DSP| FF| LUT| Bitwidth P0| Bitwidth P1|
    +------------------------+----------+----+---+----+------------+------------+
    |add_ln20_fu_373_p2      |         +|   0|  0|  21|          14|           1|
    |add_ln21_fu_456_p2      |         +|   0|  0|  22|          15|          14|
    |bucket_sizes_fu_509_p2  |         +|   0|  0|  39|          32|           1|
    |icmp_ln20_fu_367_p2     |      icmp|   0|  0|  12|          14|          11|
    |ap_enable_pp0           |       xor|   0|  0|   2|           1|           2|
    +------------------------+----------+----+---+----+------------+------------+
    |Total                   |          |   0|  0|  96|          76|          29|
    +------------------------+----------+----+---+----+------------+------------+

    * Multiplexer: 
    +-------------------------+----+-----------+-----+-----------+
    |           Name          | LUT| Input Size| Bits| Total Bits|
    +-------------------------+----+-----------+-----+-----------+
    |ap_done_int              |   9|          2|    1|          2|
    |ap_enable_reg_pp0_iter1  |   9|          2|    1|          2|
    |ap_sig_allocacmp_j_54    |   9|          2|   14|         28|
    |bucket_sizes_7572_out_o  |  14|          3|   32|         96|
    |bucket_sizes_7573_out_o  |  14|          3|   32|         96|
    |bucket_sizes_7574_out_o  |  14|          3|   32|         96|
    |bucket_sizes_7575_out_o  |  14|          3|   32|         96|
    |bucket_sizes_7576_out_o  |  14|          3|   32|         96|
    |bucket_sizes_7577_out_o  |  14|          3|   32|         96|
    |bucket_sizes_7578_out_o  |  14|          3|   32|         96|
    |bucket_sizes_7579_out_o  |  14|          3|   32|         96|
    |bucket_sizes_7580_out_o  |  14|          3|   32|         96|
    |bucket_sizes_7581_out_o  |  14|          3|   32|         96|
    |bucket_sizes_7582_out_o  |  14|          3|   32|         96|
    |bucket_sizes_7583_out_o  |  14|          3|   32|         96|
    |bucket_sizes_7584_out_o  |  14|          3|   32|         96|
    |bucket_sizes_7585_out_o  |  14|          3|   32|         96|
    |bucket_sizes_7586_out_o  |  14|          3|   32|         96|
    |bucket_sizes_7587_out_o  |  14|          3|   32|         96|
    |j_fu_136                 |   9|          2|   14|         28|
    +-------------------------+----+-----------+-----+-----------+
    |Total                    | 260|         56|  542|       1596|
    +-------------------------+----+-----------+-----+-----------+

    * Register: 
    +-------------------------+----+----+-----+-----------+
    |           Name          | FF | LUT| Bits| Const Bits|
    +-------------------------+----+----+-----+-----------+
    |ap_CS_fsm                |   1|   0|    1|          0|
    |ap_done_reg              |   1|   0|    1|          0|
    |ap_enable_reg_pp0_iter1  |   1|   0|    1|          0|
    |j_54_reg_618             |  14|   0|   14|          0|
    |j_fu_136                 |  14|   0|   14|          0|
    +-------------------------+----+----+-----+-----------+
    |Total                    |  31|   0|   31|          0|
    +-------------------------+----+----+-----+-----------+



================================================================
== Interface
================================================================
* Summary: 
+--------------------------------+-----+-----+------------+---------------------------------------------------+--------------+
|            RTL Ports           | Dir | Bits|  Protocol  |                   Source Object                   |    C Type    |
+--------------------------------+-----+-----+------------+---------------------------------------------------+--------------+
|ap_clk                          |   in|    1|  ap_ctrl_hs|  radix_sort_hex_batch.19.1_Pipeline_initialization|  return value|
|ap_rst                          |   in|    1|  ap_ctrl_hs|  radix_sort_hex_batch.19.1_Pipeline_initialization|  return value|
|ap_start                        |   in|    1|  ap_ctrl_hs|  radix_sort_hex_batch.19.1_Pipeline_initialization|  return value|
|ap_done                         |  out|    1|  ap_ctrl_hs|  radix_sort_hex_batch.19.1_Pipeline_initialization|  return value|
|ap_idle                         |  out|    1|  ap_ctrl_hs|  radix_sort_hex_batch.19.1_Pipeline_initialization|  return value|
|ap_ready                        |  out|    1|  ap_ctrl_hs|  radix_sort_hex_batch.19.1_Pipeline_initialization|  return value|
|bucket_sizes_7555_reload        |   in|   32|     ap_none|                           bucket_sizes_7555_reload|        scalar|
|bucket_sizes_7554_reload        |   in|   32|     ap_none|                           bucket_sizes_7554_reload|        scalar|
|bucket_sizes_7553_reload        |   in|   32|     ap_none|                           bucket_sizes_7553_reload|        scalar|
|bucket_sizes_7552_reload        |   in|   32|     ap_none|                           bucket_sizes_7552_reload|        scalar|
|bucket_sizes_7551_reload        |   in|   32|     ap_none|                           bucket_sizes_7551_reload|        scalar|
|bucket_sizes_7550_reload        |   in|   32|     ap_none|                           bucket_sizes_7550_reload|        scalar|
|bucket_sizes_7549_reload        |   in|   32|     ap_none|                           bucket_sizes_7549_reload|        scalar|
|bucket_sizes_7548_reload        |   in|   32|     ap_none|                           bucket_sizes_7548_reload|        scalar|
|bucket_sizes_7547_reload        |   in|   32|     ap_none|                           bucket_sizes_7547_reload|        scalar|
|bucket_sizes_7546_reload        |   in|   32|     ap_none|                           bucket_sizes_7546_reload|        scalar|
|bucket_sizes_7545_reload        |   in|   32|     ap_none|                           bucket_sizes_7545_reload|        scalar|
|bucket_sizes_7544_reload        |   in|   32|     ap_none|                           bucket_sizes_7544_reload|        scalar|
|bucket_sizes_7543_reload        |   in|   32|     ap_none|                           bucket_sizes_7543_reload|        scalar|
|bucket_sizes_7542_reload        |   in|   32|     ap_none|                           bucket_sizes_7542_reload|        scalar|
|bucket_sizes_7541_reload        |   in|   32|     ap_none|                           bucket_sizes_7541_reload|        scalar|
|bucket_sizes_reload             |   in|   32|     ap_none|                                bucket_sizes_reload|        scalar|
|bucket_address0                 |  out|   15|   ap_memory|                                             bucket|         array|
|bucket_ce0                      |  out|    1|   ap_memory|                                             bucket|         array|
|bucket_we0                      |  out|    1|   ap_memory|                                             bucket|         array|
|bucket_d0                       |  out|   32|   ap_memory|                                             bucket|         array|
|input_18_address0               |  out|   14|   ap_memory|                                           input_18|         array|
|input_18_ce0                    |  out|    1|   ap_memory|                                           input_18|         array|
|input_18_q0                     |   in|   32|   ap_memory|                                           input_18|         array|
|bucket_sizes_7587_out_i         |   in|   32|     ap_ovld|                              bucket_sizes_7587_out|       pointer|
|bucket_sizes_7587_out_o         |  out|   32|     ap_ovld|                              bucket_sizes_7587_out|       pointer|
|bucket_sizes_7587_out_o_ap_vld  |  out|    1|     ap_ovld|                              bucket_sizes_7587_out|       pointer|
|bucket_sizes_7586_out_i         |   in|   32|     ap_ovld|                              bucket_sizes_7586_out|       pointer|
|bucket_sizes_7586_out_o         |  out|   32|     ap_ovld|                              bucket_sizes_7586_out|       pointer|
|bucket_sizes_7586_out_o_ap_vld  |  out|    1|     ap_ovld|                              bucket_sizes_7586_out|       pointer|
|bucket_sizes_7585_out_i         |   in|   32|     ap_ovld|                              bucket_sizes_7585_out|       pointer|
|bucket_sizes_7585_out_o         |  out|   32|     ap_ovld|                              bucket_sizes_7585_out|       pointer|
|bucket_sizes_7585_out_o_ap_vld  |  out|    1|     ap_ovld|                              bucket_sizes_7585_out|       pointer|
|bucket_sizes_7584_out_i         |   in|   32|     ap_ovld|                              bucket_sizes_7584_out|       pointer|
|bucket_sizes_7584_out_o         |  out|   32|     ap_ovld|                              bucket_sizes_7584_out|       pointer|
|bucket_sizes_7584_out_o_ap_vld  |  out|    1|     ap_ovld|                              bucket_sizes_7584_out|       pointer|
|bucket_sizes_7583_out_i         |   in|   32|     ap_ovld|                              bucket_sizes_7583_out|       pointer|
|bucket_sizes_7583_out_o         |  out|   32|     ap_ovld|                              bucket_sizes_7583_out|       pointer|
|bucket_sizes_7583_out_o_ap_vld  |  out|    1|     ap_ovld|                              bucket_sizes_7583_out|       pointer|
|bucket_sizes_7582_out_i         |   in|   32|     ap_ovld|                              bucket_sizes_7582_out|       pointer|
|bucket_sizes_7582_out_o         |  out|   32|     ap_ovld|                              bucket_sizes_7582_out|       pointer|
|bucket_sizes_7582_out_o_ap_vld  |  out|    1|     ap_ovld|                              bucket_sizes_7582_out|       pointer|
|bucket_sizes_7581_out_i         |   in|   32|     ap_ovld|                              bucket_sizes_7581_out|       pointer|
|bucket_sizes_7581_out_o         |  out|   32|     ap_ovld|                              bucket_sizes_7581_out|       pointer|
|bucket_sizes_7581_out_o_ap_vld  |  out|    1|     ap_ovld|                              bucket_sizes_7581_out|       pointer|
|bucket_sizes_7580_out_i         |   in|   32|     ap_ovld|                              bucket_sizes_7580_out|       pointer|
|bucket_sizes_7580_out_o         |  out|   32|     ap_ovld|                              bucket_sizes_7580_out|       pointer|
|bucket_sizes_7580_out_o_ap_vld  |  out|    1|     ap_ovld|                              bucket_sizes_7580_out|       pointer|
|bucket_sizes_7579_out_i         |   in|   32|     ap_ovld|                              bucket_sizes_7579_out|       pointer|
|bucket_sizes_7579_out_o         |  out|   32|     ap_ovld|                              bucket_sizes_7579_out|       pointer|
|bucket_sizes_7579_out_o_ap_vld  |  out|    1|     ap_ovld|                              bucket_sizes_7579_out|       pointer|
|bucket_sizes_7578_out_i         |   in|   32|     ap_ovld|                              bucket_sizes_7578_out|       pointer|
|bucket_sizes_7578_out_o         |  out|   32|     ap_ovld|                              bucket_sizes_7578_out|       pointer|
|bucket_sizes_7578_out_o_ap_vld  |  out|    1|     ap_ovld|                              bucket_sizes_7578_out|       pointer|
|bucket_sizes_7577_out_i         |   in|   32|     ap_ovld|                              bucket_sizes_7577_out|       pointer|
|bucket_sizes_7577_out_o         |  out|   32|     ap_ovld|                              bucket_sizes_7577_out|       pointer|
|bucket_sizes_7577_out_o_ap_vld  |  out|    1|     ap_ovld|                              bucket_sizes_7577_out|       pointer|
|bucket_sizes_7576_out_i         |   in|   32|     ap_ovld|                              bucket_sizes_7576_out|       pointer|
|bucket_sizes_7576_out_o         |  out|   32|     ap_ovld|                              bucket_sizes_7576_out|       pointer|
|bucket_sizes_7576_out_o_ap_vld  |  out|    1|     ap_ovld|                              bucket_sizes_7576_out|       pointer|
|bucket_sizes_7575_out_i         |   in|   32|     ap_ovld|                              bucket_sizes_7575_out|       pointer|
|bucket_sizes_7575_out_o         |  out|   32|     ap_ovld|                              bucket_sizes_7575_out|       pointer|
|bucket_sizes_7575_out_o_ap_vld  |  out|    1|     ap_ovld|                              bucket_sizes_7575_out|       pointer|
|bucket_sizes_7574_out_i         |   in|   32|     ap_ovld|                              bucket_sizes_7574_out|       pointer|
|bucket_sizes_7574_out_o         |  out|   32|     ap_ovld|                              bucket_sizes_7574_out|       pointer|
|bucket_sizes_7574_out_o_ap_vld  |  out|    1|     ap_ovld|                              bucket_sizes_7574_out|       pointer|
|bucket_sizes_7573_out_i         |   in|   32|     ap_ovld|                              bucket_sizes_7573_out|       pointer|
|bucket_sizes_7573_out_o         |  out|   32|     ap_ovld|                              bucket_sizes_7573_out|       pointer|
|bucket_sizes_7573_out_o_ap_vld  |  out|    1|     ap_ovld|                              bucket_sizes_7573_out|       pointer|
|bucket_sizes_7572_out_i         |   in|   32|     ap_ovld|                              bucket_sizes_7572_out|       pointer|
|bucket_sizes_7572_out_o         |  out|   32|     ap_ovld|                              bucket_sizes_7572_out|       pointer|
|bucket_sizes_7572_out_o_ap_vld  |  out|    1|     ap_ovld|                              bucket_sizes_7572_out|       pointer|
+--------------------------------+-----+-----+------------+---------------------------------------------------+--------------+

