

================================================================
== Vitis HLS Report for 'radix_sort_hex_batch_58_1_Pipeline_bucket_pointer_initialization'
================================================================
* Date:           Mon Apr 24 22:45:35 2023

* Version:        2022.2 (Build 3670227 on Oct 13 2022)
* Project:        sort_seperate_bucket
* Solution:       solution1 (Vivado IP Flow Target)
* Product family: virtexuplus
* Target device:  xcu280-fsvh2892-2L-e


================================================================
== Performance Estimates
================================================================
+ Timing: 
    * Summary: 
    +--------+----------+----------+------------+
    |  Clock |  Target  | Estimated| Uncertainty|
    +--------+----------+----------+------------+
    |ap_clk  |  10.00 ns|  1.760 ns|     2.70 ns|
    +--------+----------+----------+------------+

+ Latency: 
    * Summary: 
    +---------+---------+----------+----------+-----+-----+---------+
    |  Latency (cycles) |  Latency (absolute) |  Interval | Pipeline|
    |   min   |   max   |    min   |    max   | min | max |   Type  |
    +---------+---------+----------+----------+-----+-----+---------+
    |       18|       18|  0.180 us|  0.180 us|   18|   18|       no|
    +---------+---------+----------+----------+-----+-----+---------+

    + Detail: 
        * Instance: 
        N/A

        * Loop: 
        +---------------------------------+---------+---------+----------+-----------+-----------+------+----------+
        |                                 |  Latency (cycles) | Iteration|  Initiation Interval  | Trip |          |
        |            Loop Name            |   min   |   max   |  Latency |  achieved |   target  | Count| Pipelined|
        +---------------------------------+---------+---------+----------+-----------+-----------+------+----------+
        |- bucket_pointer_initialization  |       16|       16|         1|          1|          1|    16|       yes|
        +---------------------------------+---------+---------+----------+-----------+-----------+------+----------+



================================================================
== Utilization Estimates
================================================================
* Summary: 
+---------------------+---------+------+---------+---------+-----+
|         Name        | BRAM_18K|  DSP |    FF   |   LUT   | URAM|
+---------------------+---------+------+---------+---------+-----+
|DSP                  |        -|     -|        -|        -|    -|
|Expression           |        -|     -|        0|       95|    -|
|FIFO                 |        -|     -|        -|        -|    -|
|Instance             |        -|     -|        0|       65|    -|
|Memory               |        -|     -|        -|        -|    -|
|Multiplexer          |        -|     -|        -|      324|    -|
|Register             |        -|     -|     1064|        -|    -|
+---------------------+---------+------+---------+---------+-----+
|Total                |        0|     0|     1064|      484|    0|
+---------------------+---------+------+---------+---------+-----+
|Available SLR        |     1344|  3008|   869120|   434560|  320|
+---------------------+---------+------+---------+---------+-----+
|Utilization SLR (%)  |        0|     0|       ~0|       ~0|    0|
+---------------------+---------+------+---------+---------+-----+
|Available            |     4032|  9024|  2607360|  1303680|  960|
+---------------------+---------+------+---------+---------+-----+
|Utilization (%)      |        0|     0|       ~0|       ~0|    0|
+---------------------+---------+------+---------+---------+-----+

+ Detail: 
    * Instance: 
    +-----------------------+----------------+---------+----+---+----+-----+
    |        Instance       |     Module     | BRAM_18K| DSP| FF| LUT| URAM|
    +-----------------------+----------------+---------+----+---+----+-----+
    |mux_164_32_1_1_U11055  |mux_164_32_1_1  |        0|   0|  0|  65|    0|
    +-----------------------+----------------+---------+----+---+----+-----+
    |Total                  |                |        0|   0|  0|  65|    0|
    +-----------------------+----------------+---------+----+---+----+-----+

    * DSP: 
    N/A

    * Memory: 
    N/A

    * FIFO: 
    N/A

    * Expression: 
    +--------------------------------+----------+----+---+----+------------+------------+
    |          Variable Name         | Operation| DSP| FF| LUT| Bitwidth P0| Bitwidth P1|
    +--------------------------------+----------+----+---+----+------------+------------+
    |add_ln33_fu_922_p2              |         +|   0|  0|  12|           5|           1|
    |next_bucket_pointer_fu_1018_p2  |         +|   0|  0|  39|          32|          32|
    |ap_condition_505                |       and|   0|  0|   2|           1|           1|
    |ap_condition_508                |       and|   0|  0|   2|           1|           1|
    |ap_condition_511                |       and|   0|  0|   2|           1|           1|
    |ap_condition_514                |       and|   0|  0|   2|           1|           1|
    |ap_condition_517                |       and|   0|  0|   2|           1|           1|
    |ap_condition_520                |       and|   0|  0|   2|           1|           1|
    |ap_condition_523                |       and|   0|  0|   2|           1|           1|
    |ap_condition_526                |       and|   0|  0|   2|           1|           1|
    |ap_condition_529                |       and|   0|  0|   2|           1|           1|
    |ap_condition_532                |       and|   0|  0|   2|           1|           1|
    |ap_condition_535                |       and|   0|  0|   2|           1|           1|
    |ap_condition_538                |       and|   0|  0|   2|           1|           1|
    |ap_condition_541                |       and|   0|  0|   2|           1|           1|
    |ap_condition_544                |       and|   0|  0|   2|           1|           1|
    |ap_condition_547                |       and|   0|  0|   2|           1|           1|
    |ap_condition_550                |       and|   0|  0|   2|           1|           1|
    |icmp_ln33_fu_916_p2             |      icmp|   0|  0|  10|           5|           6|
    |ap_enable_pp0                   |       xor|   0|  0|   2|           1|           2|
    +--------------------------------+----------+----+---+----+------------+------------+
    |Total                           |          |   0|  0|  95|          59|          57|
    +--------------------------------+----------+----+---+----+------------+------------+

    * Multiplexer: 
    +---------------------------+----+-----------+-----+-----------+
    |            Name           | LUT| Input Size| Bits| Total Bits|
    +---------------------------+----+-----------+-----+-----------+
    |ap_done_int                |   9|          2|    1|          2|
    |ap_enable_reg_pp0_iter1    |   9|          2|    1|          2|
    |bucket_pointer_307_fu_192  |   9|          2|   32|         64|
    |bucket_pointer_308_fu_196  |   9|          2|   32|         64|
    |bucket_pointer_309_fu_200  |   9|          2|   32|         64|
    |bucket_pointer_310_fu_204  |   9|          2|   32|         64|
    |bucket_pointer_311_fu_208  |   9|          2|   32|         64|
    |bucket_pointer_312_fu_212  |   9|          2|   32|         64|
    |bucket_pointer_313_fu_216  |   9|          2|   32|         64|
    |bucket_pointer_314_fu_220  |   9|          2|   32|         64|
    |bucket_pointer_315_fu_224  |   9|          2|   32|         64|
    |bucket_pointer_316_fu_228  |   9|          2|   32|         64|
    |bucket_pointer_317_fu_232  |   9|          2|   32|         64|
    |bucket_pointer_318_fu_236  |   9|          2|   32|         64|
    |bucket_pointer_319_fu_240  |   9|          2|   32|         64|
    |bucket_pointer_320_fu_244  |   9|          2|   32|         64|
    |bucket_pointer_321_fu_248  |   9|          2|   32|         64|
    |bucket_pointer_322_fu_252  |   9|          2|   32|         64|
    |bucket_pointer_323_fu_256  |   9|          2|   32|         64|
    |bucket_sizes_391_fu_264    |   9|          2|   32|         64|
    |bucket_sizes_392_fu_268    |   9|          2|   32|         64|
    |bucket_sizes_393_fu_272    |   9|          2|   32|         64|
    |bucket_sizes_394_fu_276    |   9|          2|   32|         64|
    |bucket_sizes_395_fu_280    |   9|          2|   32|         64|
    |bucket_sizes_396_fu_284    |   9|          2|   32|         64|
    |bucket_sizes_397_fu_288    |   9|          2|   32|         64|
    |bucket_sizes_398_fu_292    |   9|          2|   32|         64|
    |bucket_sizes_399_fu_296    |   9|          2|   32|         64|
    |bucket_sizes_400_fu_300    |   9|          2|   32|         64|
    |bucket_sizes_401_fu_304    |   9|          2|   32|         64|
    |bucket_sizes_402_fu_308    |   9|          2|   32|         64|
    |bucket_sizes_403_fu_312    |   9|          2|   32|         64|
    |bucket_sizes_404_fu_316    |   9|          2|   32|         64|
    |bucket_sizes_405_fu_320    |   9|          2|   32|         64|
    |bucket_sizes_fu_260        |   9|          2|   32|         64|
    |m_fu_188                   |   9|          2|    5|         10|
    +---------------------------+----+-----------+-----+-----------+
    |Total                      | 324|         72| 1063|       2126|
    +---------------------------+----+-----------+-----+-----------+

    * Register: 
    +---------------------------+----+----+-----+-----------+
    |            Name           | FF | LUT| Bits| Const Bits|
    +---------------------------+----+----+-----+-----------+
    |ap_CS_fsm                  |   1|   0|    1|          0|
    |ap_done_reg                |   1|   0|    1|          0|
    |ap_enable_reg_pp0_iter1    |   1|   0|    1|          0|
    |bucket_pointer_307_fu_192  |  32|   0|   32|          0|
    |bucket_pointer_308_fu_196  |  32|   0|   32|          0|
    |bucket_pointer_309_fu_200  |  32|   0|   32|          0|
    |bucket_pointer_310_fu_204  |  32|   0|   32|          0|
    |bucket_pointer_311_fu_208  |  32|   0|   32|          0|
    |bucket_pointer_312_fu_212  |  32|   0|   32|          0|
    |bucket_pointer_313_fu_216  |  32|   0|   32|          0|
    |bucket_pointer_314_fu_220  |  32|   0|   32|          0|
    |bucket_pointer_315_fu_224  |  32|   0|   32|          0|
    |bucket_pointer_316_fu_228  |  32|   0|   32|          0|
    |bucket_pointer_317_fu_232  |  32|   0|   32|          0|
    |bucket_pointer_318_fu_236  |  32|   0|   32|          0|
    |bucket_pointer_319_fu_240  |  32|   0|   32|          0|
    |bucket_pointer_320_fu_244  |  32|   0|   32|          0|
    |bucket_pointer_321_fu_248  |  32|   0|   32|          0|
    |bucket_pointer_322_fu_252  |  32|   0|   32|          0|
    |bucket_pointer_323_fu_256  |  32|   0|   32|          0|
    |bucket_sizes_391_fu_264    |  32|   0|   32|          0|
    |bucket_sizes_392_fu_268    |  32|   0|   32|          0|
    |bucket_sizes_393_fu_272    |  32|   0|   32|          0|
    |bucket_sizes_394_fu_276    |  32|   0|   32|          0|
    |bucket_sizes_395_fu_280    |  32|   0|   32|          0|
    |bucket_sizes_396_fu_284    |  32|   0|   32|          0|
    |bucket_sizes_397_fu_288    |  32|   0|   32|          0|
    |bucket_sizes_398_fu_292    |  32|   0|   32|          0|
    |bucket_sizes_399_fu_296    |  32|   0|   32|          0|
    |bucket_sizes_400_fu_300    |  32|   0|   32|          0|
    |bucket_sizes_401_fu_304    |  32|   0|   32|          0|
    |bucket_sizes_402_fu_308    |  32|   0|   32|          0|
    |bucket_sizes_403_fu_312    |  32|   0|   32|          0|
    |bucket_sizes_404_fu_316    |  32|   0|   32|          0|
    |bucket_sizes_405_fu_320    |  32|   0|   32|          0|
    |bucket_sizes_fu_260        |  32|   0|   32|          0|
    |m_fu_188                   |   5|   0|    5|          0|
    +---------------------------+----+----+-----+-----------+
    |Total                      |1064|   0| 1064|          0|
    +---------------------------+----+----+-----+-----------+



================================================================
== Interface
================================================================
* Summary: 
+-------------------------------+-----+-----+------------+------------------------------------------------------------------+--------------+
|           RTL Ports           | Dir | Bits|  Protocol  |                           Source Object                          |    C Type    |
+-------------------------------+-----+-----+------------+------------------------------------------------------------------+--------------+
|ap_clk                         |   in|    1|  ap_ctrl_hs|  radix_sort_hex_batch.58.1_Pipeline_bucket_pointer_initialization|  return value|
|ap_rst                         |   in|    1|  ap_ctrl_hs|  radix_sort_hex_batch.58.1_Pipeline_bucket_pointer_initialization|  return value|
|ap_start                       |   in|    1|  ap_ctrl_hs|  radix_sort_hex_batch.58.1_Pipeline_bucket_pointer_initialization|  return value|
|ap_done                        |  out|    1|  ap_ctrl_hs|  radix_sort_hex_batch.58.1_Pipeline_bucket_pointer_initialization|  return value|
|ap_idle                        |  out|    1|  ap_ctrl_hs|  radix_sort_hex_batch.58.1_Pipeline_bucket_pointer_initialization|  return value|
|ap_ready                       |  out|    1|  ap_ctrl_hs|  radix_sort_hex_batch.58.1_Pipeline_bucket_pointer_initialization|  return value|
|bucket_sizes_1385              |   in|   32|     ap_none|                                                 bucket_sizes_1385|        scalar|
|bucket_sizes_1384              |   in|   32|     ap_none|                                                 bucket_sizes_1384|        scalar|
|bucket_sizes_1383              |   in|   32|     ap_none|                                                 bucket_sizes_1383|        scalar|
|bucket_sizes_1382              |   in|   32|     ap_none|                                                 bucket_sizes_1382|        scalar|
|bucket_sizes_1381              |   in|   32|     ap_none|                                                 bucket_sizes_1381|        scalar|
|bucket_sizes_1380              |   in|   32|     ap_none|                                                 bucket_sizes_1380|        scalar|
|bucket_sizes_1379              |   in|   32|     ap_none|                                                 bucket_sizes_1379|        scalar|
|bucket_sizes_1378              |   in|   32|     ap_none|                                                 bucket_sizes_1378|        scalar|
|bucket_sizes_1377              |   in|   32|     ap_none|                                                 bucket_sizes_1377|        scalar|
|bucket_sizes_1376              |   in|   32|     ap_none|                                                 bucket_sizes_1376|        scalar|
|bucket_sizes_1375              |   in|   32|     ap_none|                                                 bucket_sizes_1375|        scalar|
|bucket_sizes_1374              |   in|   32|     ap_none|                                                 bucket_sizes_1374|        scalar|
|bucket_sizes_1373              |   in|   32|     ap_none|                                                 bucket_sizes_1373|        scalar|
|bucket_sizes_1372              |   in|   32|     ap_none|                                                 bucket_sizes_1372|        scalar|
|bucket_sizes_1371              |   in|   32|     ap_none|                                                 bucket_sizes_1371|        scalar|
|bucket_sizes_1370              |   in|   32|     ap_none|                                                 bucket_sizes_1370|        scalar|
|bucket_pointer_600             |   in|   32|     ap_none|                                                bucket_pointer_600|        scalar|
|bucket_pointer_599             |   in|   32|     ap_none|                                                bucket_pointer_599|        scalar|
|bucket_pointer_598             |   in|   32|     ap_none|                                                bucket_pointer_598|        scalar|
|bucket_pointer_597             |   in|   32|     ap_none|                                                bucket_pointer_597|        scalar|
|bucket_pointer_596             |   in|   32|     ap_none|                                                bucket_pointer_596|        scalar|
|bucket_pointer_595             |   in|   32|     ap_none|                                                bucket_pointer_595|        scalar|
|bucket_pointer_594             |   in|   32|     ap_none|                                                bucket_pointer_594|        scalar|
|bucket_pointer_593             |   in|   32|     ap_none|                                                bucket_pointer_593|        scalar|
|bucket_pointer_592             |   in|   32|     ap_none|                                                bucket_pointer_592|        scalar|
|bucket_pointer_591             |   in|   32|     ap_none|                                                bucket_pointer_591|        scalar|
|bucket_pointer_590             |   in|   32|     ap_none|                                                bucket_pointer_590|        scalar|
|bucket_pointer_589             |   in|   32|     ap_none|                                                bucket_pointer_589|        scalar|
|bucket_pointer_588             |   in|   32|     ap_none|                                                bucket_pointer_588|        scalar|
|bucket_pointer_587             |   in|   32|     ap_none|                                                bucket_pointer_587|        scalar|
|bucket_pointer_586             |   in|   32|     ap_none|                                                bucket_pointer_586|        scalar|
|bucket_pointer                 |   in|   32|     ap_none|                                                    bucket_pointer|        scalar|
|bucket_sizes_1401_out          |  out|   32|      ap_vld|                                             bucket_sizes_1401_out|       pointer|
|bucket_sizes_1401_out_ap_vld   |  out|    1|      ap_vld|                                             bucket_sizes_1401_out|       pointer|
|bucket_sizes_1400_out          |  out|   32|      ap_vld|                                             bucket_sizes_1400_out|       pointer|
|bucket_sizes_1400_out_ap_vld   |  out|    1|      ap_vld|                                             bucket_sizes_1400_out|       pointer|
|bucket_sizes_1399_out          |  out|   32|      ap_vld|                                             bucket_sizes_1399_out|       pointer|
|bucket_sizes_1399_out_ap_vld   |  out|    1|      ap_vld|                                             bucket_sizes_1399_out|       pointer|
|bucket_sizes_1398_out          |  out|   32|      ap_vld|                                             bucket_sizes_1398_out|       pointer|
|bucket_sizes_1398_out_ap_vld   |  out|    1|      ap_vld|                                             bucket_sizes_1398_out|       pointer|
|bucket_sizes_1397_out          |  out|   32|      ap_vld|                                             bucket_sizes_1397_out|       pointer|
|bucket_sizes_1397_out_ap_vld   |  out|    1|      ap_vld|                                             bucket_sizes_1397_out|       pointer|
|bucket_sizes_1396_out          |  out|   32|      ap_vld|                                             bucket_sizes_1396_out|       pointer|
|bucket_sizes_1396_out_ap_vld   |  out|    1|      ap_vld|                                             bucket_sizes_1396_out|       pointer|
|bucket_sizes_1395_out          |  out|   32|      ap_vld|                                             bucket_sizes_1395_out|       pointer|
|bucket_sizes_1395_out_ap_vld   |  out|    1|      ap_vld|                                             bucket_sizes_1395_out|       pointer|
|bucket_sizes_1394_out          |  out|   32|      ap_vld|                                             bucket_sizes_1394_out|       pointer|
|bucket_sizes_1394_out_ap_vld   |  out|    1|      ap_vld|                                             bucket_sizes_1394_out|       pointer|
|bucket_sizes_1393_out          |  out|   32|      ap_vld|                                             bucket_sizes_1393_out|       pointer|
|bucket_sizes_1393_out_ap_vld   |  out|    1|      ap_vld|                                             bucket_sizes_1393_out|       pointer|
|bucket_sizes_1392_out          |  out|   32|      ap_vld|                                             bucket_sizes_1392_out|       pointer|
|bucket_sizes_1392_out_ap_vld   |  out|    1|      ap_vld|                                             bucket_sizes_1392_out|       pointer|
|bucket_sizes_1391_out          |  out|   32|      ap_vld|                                             bucket_sizes_1391_out|       pointer|
|bucket_sizes_1391_out_ap_vld   |  out|    1|      ap_vld|                                             bucket_sizes_1391_out|       pointer|
|bucket_sizes_1390_out          |  out|   32|      ap_vld|                                             bucket_sizes_1390_out|       pointer|
|bucket_sizes_1390_out_ap_vld   |  out|    1|      ap_vld|                                             bucket_sizes_1390_out|       pointer|
|bucket_sizes_1389_out          |  out|   32|      ap_vld|                                             bucket_sizes_1389_out|       pointer|
|bucket_sizes_1389_out_ap_vld   |  out|    1|      ap_vld|                                             bucket_sizes_1389_out|       pointer|
|bucket_sizes_1388_out          |  out|   32|      ap_vld|                                             bucket_sizes_1388_out|       pointer|
|bucket_sizes_1388_out_ap_vld   |  out|    1|      ap_vld|                                             bucket_sizes_1388_out|       pointer|
|bucket_sizes_1387_out          |  out|   32|      ap_vld|                                             bucket_sizes_1387_out|       pointer|
|bucket_sizes_1387_out_ap_vld   |  out|    1|      ap_vld|                                             bucket_sizes_1387_out|       pointer|
|bucket_sizes_1386_out          |  out|   32|      ap_vld|                                             bucket_sizes_1386_out|       pointer|
|bucket_sizes_1386_out_ap_vld   |  out|    1|      ap_vld|                                             bucket_sizes_1386_out|       pointer|
|bucket_pointer_616_out         |  out|   32|      ap_vld|                                            bucket_pointer_616_out|       pointer|
|bucket_pointer_616_out_ap_vld  |  out|    1|      ap_vld|                                            bucket_pointer_616_out|       pointer|
|bucket_pointer_615_out         |  out|   32|      ap_vld|                                            bucket_pointer_615_out|       pointer|
|bucket_pointer_615_out_ap_vld  |  out|    1|      ap_vld|                                            bucket_pointer_615_out|       pointer|
|bucket_pointer_614_out         |  out|   32|      ap_vld|                                            bucket_pointer_614_out|       pointer|
|bucket_pointer_614_out_ap_vld  |  out|    1|      ap_vld|                                            bucket_pointer_614_out|       pointer|
|bucket_pointer_613_out         |  out|   32|      ap_vld|                                            bucket_pointer_613_out|       pointer|
|bucket_pointer_613_out_ap_vld  |  out|    1|      ap_vld|                                            bucket_pointer_613_out|       pointer|
|bucket_pointer_612_out         |  out|   32|      ap_vld|                                            bucket_pointer_612_out|       pointer|
|bucket_pointer_612_out_ap_vld  |  out|    1|      ap_vld|                                            bucket_pointer_612_out|       pointer|
|bucket_pointer_611_out         |  out|   32|      ap_vld|                                            bucket_pointer_611_out|       pointer|
|bucket_pointer_611_out_ap_vld  |  out|    1|      ap_vld|                                            bucket_pointer_611_out|       pointer|
|bucket_pointer_610_out         |  out|   32|      ap_vld|                                            bucket_pointer_610_out|       pointer|
|bucket_pointer_610_out_ap_vld  |  out|    1|      ap_vld|                                            bucket_pointer_610_out|       pointer|
|bucket_pointer_609_out         |  out|   32|      ap_vld|                                            bucket_pointer_609_out|       pointer|
|bucket_pointer_609_out_ap_vld  |  out|    1|      ap_vld|                                            bucket_pointer_609_out|       pointer|
|bucket_pointer_608_out         |  out|   32|      ap_vld|                                            bucket_pointer_608_out|       pointer|
|bucket_pointer_608_out_ap_vld  |  out|    1|      ap_vld|                                            bucket_pointer_608_out|       pointer|
|bucket_pointer_607_out         |  out|   32|      ap_vld|                                            bucket_pointer_607_out|       pointer|
|bucket_pointer_607_out_ap_vld  |  out|    1|      ap_vld|                                            bucket_pointer_607_out|       pointer|
|bucket_pointer_606_out         |  out|   32|      ap_vld|                                            bucket_pointer_606_out|       pointer|
|bucket_pointer_606_out_ap_vld  |  out|    1|      ap_vld|                                            bucket_pointer_606_out|       pointer|
|bucket_pointer_605_out         |  out|   32|      ap_vld|                                            bucket_pointer_605_out|       pointer|
|bucket_pointer_605_out_ap_vld  |  out|    1|      ap_vld|                                            bucket_pointer_605_out|       pointer|
|bucket_pointer_604_out         |  out|   32|      ap_vld|                                            bucket_pointer_604_out|       pointer|
|bucket_pointer_604_out_ap_vld  |  out|    1|      ap_vld|                                            bucket_pointer_604_out|       pointer|
|bucket_pointer_603_out         |  out|   32|      ap_vld|                                            bucket_pointer_603_out|       pointer|
|bucket_pointer_603_out_ap_vld  |  out|    1|      ap_vld|                                            bucket_pointer_603_out|       pointer|
|bucket_pointer_602_out         |  out|   32|      ap_vld|                                            bucket_pointer_602_out|       pointer|
|bucket_pointer_602_out_ap_vld  |  out|    1|      ap_vld|                                            bucket_pointer_602_out|       pointer|
|bucket_pointer_601_out         |  out|   32|      ap_vld|                                            bucket_pointer_601_out|       pointer|
|bucket_pointer_601_out_ap_vld  |  out|    1|      ap_vld|                                            bucket_pointer_601_out|       pointer|
+-------------------------------+-----+-----+------------+------------------------------------------------------------------+--------------+

