

================================================================
== Vitis HLS Report for 'radix_sort_batch_10_1_Pipeline_input_bucket'
================================================================
* Date:           Sun Apr 23 22:18:20 2023

* Version:        2022.2 (Build 3670227 on Oct 13 2022)
* Project:        sort_seperate_bucket
* Solution:       solution1 (Vivado IP Flow Target)
* Product family: virtexuplus
* Target device:  xcu280-fsvh2892-2L-e


================================================================
== Performance Estimates
================================================================
+ Timing: 
    * Summary: 
    +--------+----------+----------+------------+
    |  Clock |  Target  | Estimated| Uncertainty|
    +--------+----------+----------+------------+
    |ap_clk  |  10.00 ns|  5.044 ns|     2.70 ns|
    +--------+----------+----------+------------+

+ Latency: 
    * Summary: 
    +---------+---------+----------+----------+-------+-------+---------+
    |  Latency (cycles) |  Latency (absolute) |    Interval   | Pipeline|
    |   min   |   max   |    min   |    max   |  min  |  max  |   Type  |
    +---------+---------+----------+----------+-------+-------+---------+
    |    15627|    15627|  0.156 ms|  0.156 ms|  15627|  15627|       no|
    +---------+---------+----------+----------+-------+-------+---------+

    + Detail: 
        * Instance: 
        N/A

        * Loop: 
        +----------------+---------+---------+----------+-----------+-----------+-------+----------+
        |                |  Latency (cycles) | Iteration|  Initiation Interval  |  Trip |          |
        |    Loop Name   |   min   |   max   |  Latency |  achieved |   target  | Count | Pipelined|
        +----------------+---------+---------+----------+-----------+-----------+-------+----------+
        |- input_bucket  |    15625|    15625|         2|          1|          1|  15625|       yes|
        +----------------+---------+---------+----------+-----------+-----------+-------+----------+



================================================================
== Utilization Estimates
================================================================
* Summary: 
+---------------------+---------+------+---------+---------+-----+
|         Name        | BRAM_18K|  DSP |    FF   |   LUT   | URAM|
+---------------------+---------+------+---------+---------+-----+
|DSP                  |        -|     -|        -|        -|    -|
|Expression           |        -|     -|        0|      310|    -|
|FIFO                 |        -|     -|        -|        -|    -|
|Instance             |        -|     -|        0|      130|    -|
|Memory               |        -|     -|        -|        -|    -|
|Multiplexer          |        -|     -|        -|      502|    -|
|Register             |        -|     -|      133|        -|    -|
+---------------------+---------+------+---------+---------+-----+
|Total                |        0|     0|      133|      942|    0|
+---------------------+---------+------+---------+---------+-----+
|Available SLR        |     1344|  3008|   869120|   434560|  320|
+---------------------+---------+------+---------+---------+-----+
|Utilization SLR (%)  |        0|     0|       ~0|       ~0|    0|
+---------------------+---------+------+---------+---------+-----+
|Available            |     4032|  9024|  2607360|  1303680|  960|
+---------------------+---------+------+---------+---------+-----+
|Utilization (%)      |        0|     0|       ~0|       ~0|    0|
+---------------------+---------+------+---------+---------+-----+

+ Detail: 
    * Instance: 
    +----------------------+----------------+---------+----+---+----+-----+
    |       Instance       |     Module     | BRAM_18K| DSP| FF| LUT| URAM|
    +----------------------+----------------+---------+----+---+----+-----+
    |mux_164_32_1_1_U1856  |mux_164_32_1_1  |        0|   0|  0|  65|    0|
    |mux_164_32_1_1_U1857  |mux_164_32_1_1  |        0|   0|  0|  65|    0|
    +----------------------+----------------+---------+----+---+----+-----+
    |Total                 |                |        0|   0|  0| 130|    0|
    +----------------------+----------------+---------+----+---+----+-----+

    * DSP: 
    N/A

    * Memory: 
    N/A

    * FIFO: 
    N/A

    * Expression: 
    +--------------------------+----------+----+---+----+------------+------------+
    |       Variable Name      | Operation| DSP| FF| LUT| Bitwidth P0| Bitwidth P1|
    +--------------------------+----------+----+---+----+------------+------------+
    |add_ln40_fu_675_p2        |         +|   0|  0|  21|          14|           1|
    |add_ln41_fu_685_p2        |         +|   0|  0|  22|          15|          15|
    |add_ln43_fu_836_p2        |         +|   0|  0|  22|          15|          15|
    |bucket_pointer_fu_856_p2  |         +|   0|  0|  39|          32|           1|
    |bucket_sizes_fu_1070_p2   |         +|   0|  0|  39|          32|           1|
    |shifted_fu_785_p2         |      ashr|   0|  0|  92|          32|          32|
    |addr_cmp_fu_771_p2        |      icmp|   0|  0|  29|          64|          64|
    |icmp_ln40_fu_669_p2       |      icmp|   0|  0|  12|          14|          11|
    |reuse_select_fu_776_p3    |    select|   0|  0|  32|           1|          32|
    |ap_enable_pp0             |       xor|   0|  0|   2|           1|           2|
    +--------------------------+----------+----+---+----+------------+------------+
    |Total                     |          |   0|  0| 310|         220|         174|
    +--------------------------+----------+----+---+----+------------+------------+

    * Multiplexer: 
    +---------------------------+----+-----------+-----+-----------+
    |            Name           | LUT| Input Size| Bits| Total Bits|
    +---------------------------+----+-----------+-----+-----------+
    |ap_done_int                |   9|          2|    1|          2|
    |ap_enable_reg_pp0_iter1    |   9|          2|    1|          2|
    |ap_sig_allocacmp_j         |   9|          2|   14|         28|
    |bucket_pointer_3998_out_o  |  14|          3|   32|         96|
    |bucket_pointer_3999_out_o  |  14|          3|   32|         96|
    |bucket_pointer_4000_out_o  |  14|          3|   32|         96|
    |bucket_pointer_4001_out_o  |  14|          3|   32|         96|
    |bucket_pointer_4002_out_o  |  14|          3|   32|         96|
    |bucket_pointer_4003_out_o  |  14|          3|   32|         96|
    |bucket_pointer_4004_out_o  |  14|          3|   32|         96|
    |bucket_pointer_4005_out_o  |  14|          3|   32|         96|
    |bucket_pointer_4006_out_o  |  14|          3|   32|         96|
    |bucket_pointer_4007_out_o  |  14|          3|   32|         96|
    |bucket_pointer_4008_out_o  |  14|          3|   32|         96|
    |bucket_pointer_4009_out_o  |  14|          3|   32|         96|
    |bucket_pointer_4010_out_o  |  14|          3|   32|         96|
    |bucket_pointer_4011_out_o  |  14|          3|   32|         96|
    |bucket_pointer_4012_out_o  |  14|          3|   32|         96|
    |bucket_pointer_4013_out_o  |  14|          3|   32|         96|
    |bucket_sizes_8958_out_o    |  14|          3|   32|         96|
    |bucket_sizes_8959_out_o    |  14|          3|   32|         96|
    |bucket_sizes_8960_out_o    |  14|          3|   32|         96|
    |bucket_sizes_8961_out_o    |  14|          3|   32|         96|
    |bucket_sizes_8962_out_o    |  14|          3|   32|         96|
    |bucket_sizes_8963_out_o    |  14|          3|   32|         96|
    |bucket_sizes_8964_out_o    |  14|          3|   32|         96|
    |bucket_sizes_8965_out_o    |  14|          3|   32|         96|
    |bucket_sizes_8966_out_o    |  14|          3|   32|         96|
    |bucket_sizes_8967_out_o    |  14|          3|   32|         96|
    |bucket_sizes_8968_out_o    |  14|          3|   32|         96|
    |bucket_sizes_8969_out_o    |  14|          3|   32|         96|
    |bucket_sizes_8970_out_o    |  14|          3|   32|         96|
    |bucket_sizes_8971_out_o    |  14|          3|   32|         96|
    |bucket_sizes_8972_out_o    |  14|          3|   32|         96|
    |bucket_sizes_8973_out_o    |  14|          3|   32|         96|
    |j_62_fu_216                |   9|          2|   14|         28|
    |reuse_addr_reg_fu_208      |   9|          2|   64|        128|
    |reuse_reg_fu_212           |   9|          2|   32|         64|
    +---------------------------+----+-----------+-----+-----------+
    |Total                      | 502|        108| 1150|       3324|
    +---------------------------+----+-----------+-----+-----------+

    * Register: 
    +--------------------------+----+----+-----+-----------+
    |           Name           | FF | LUT| Bits| Const Bits|
    +--------------------------+----+----+-----+-----------+
    |ap_CS_fsm                 |   1|   0|    1|          0|
    |ap_done_reg               |   1|   0|    1|          0|
    |ap_enable_reg_pp0_iter1   |   1|   0|    1|          0|
    |j_62_fu_216               |  14|   0|   14|          0|
    |mul_cast_i_cast_reg_1198  |   5|   0|   32|         27|
    |reuse_addr_reg_fu_208     |  64|   0|   64|          0|
    |reuse_reg_fu_212          |  32|   0|   32|          0|
    |zext_ln41_62_reg_1206     |  15|   0|   64|         49|
    +--------------------------+----+----+-----+-----------+
    |Total                     | 133|   0|  209|         76|
    +--------------------------+----+----+-----+-----------+



================================================================
== Interface
================================================================
* Summary: 
+----------------------------------+-----+-----+------------+---------------------------------------------+--------------+
|             RTL Ports            | Dir | Bits|  Protocol  |                Source Object                |    C Type    |
+----------------------------------+-----+-----+------------+---------------------------------------------+--------------+
|ap_clk                            |   in|    1|  ap_ctrl_hs|  radix_sort_batch.10.1_Pipeline_input_bucket|  return value|
|ap_rst                            |   in|    1|  ap_ctrl_hs|  radix_sort_batch.10.1_Pipeline_input_bucket|  return value|
|ap_start                          |   in|    1|  ap_ctrl_hs|  radix_sort_batch.10.1_Pipeline_input_bucket|  return value|
|ap_done                           |  out|    1|  ap_ctrl_hs|  radix_sort_batch.10.1_Pipeline_input_bucket|  return value|
|ap_idle                           |  out|    1|  ap_ctrl_hs|  radix_sort_batch.10.1_Pipeline_input_bucket|  return value|
|ap_ready                          |  out|    1|  ap_ctrl_hs|  radix_sort_batch.10.1_Pipeline_input_bucket|  return value|
|bucket_sizes_8941_reload          |   in|   32|     ap_none|                     bucket_sizes_8941_reload|        scalar|
|bucket_sizes_8940_reload          |   in|   32|     ap_none|                     bucket_sizes_8940_reload|        scalar|
|bucket_sizes_8939_reload          |   in|   32|     ap_none|                     bucket_sizes_8939_reload|        scalar|
|bucket_sizes_8938_reload          |   in|   32|     ap_none|                     bucket_sizes_8938_reload|        scalar|
|bucket_sizes_8937_reload          |   in|   32|     ap_none|                     bucket_sizes_8937_reload|        scalar|
|bucket_sizes_8936_reload          |   in|   32|     ap_none|                     bucket_sizes_8936_reload|        scalar|
|bucket_sizes_8935_reload          |   in|   32|     ap_none|                     bucket_sizes_8935_reload|        scalar|
|bucket_sizes_8934_reload          |   in|   32|     ap_none|                     bucket_sizes_8934_reload|        scalar|
|bucket_sizes_8933_reload          |   in|   32|     ap_none|                     bucket_sizes_8933_reload|        scalar|
|bucket_sizes_8932_reload          |   in|   32|     ap_none|                     bucket_sizes_8932_reload|        scalar|
|bucket_sizes_8931_reload          |   in|   32|     ap_none|                     bucket_sizes_8931_reload|        scalar|
|bucket_sizes_8930_reload          |   in|   32|     ap_none|                     bucket_sizes_8930_reload|        scalar|
|bucket_sizes_8929_reload          |   in|   32|     ap_none|                     bucket_sizes_8929_reload|        scalar|
|bucket_sizes_8928_reload          |   in|   32|     ap_none|                     bucket_sizes_8928_reload|        scalar|
|bucket_sizes_8927_reload          |   in|   32|     ap_none|                     bucket_sizes_8927_reload|        scalar|
|bucket_sizes_8926_reload          |   in|   32|     ap_none|                     bucket_sizes_8926_reload|        scalar|
|bucket_pointer_3996_reload        |   in|   32|     ap_none|                   bucket_pointer_3996_reload|        scalar|
|bucket_pointer_3995_reload        |   in|   32|     ap_none|                   bucket_pointer_3995_reload|        scalar|
|bucket_pointer_3994_reload        |   in|   32|     ap_none|                   bucket_pointer_3994_reload|        scalar|
|bucket_pointer_3993_reload        |   in|   32|     ap_none|                   bucket_pointer_3993_reload|        scalar|
|bucket_pointer_3992_reload        |   in|   32|     ap_none|                   bucket_pointer_3992_reload|        scalar|
|bucket_pointer_3991_reload        |   in|   32|     ap_none|                   bucket_pointer_3991_reload|        scalar|
|bucket_pointer_3990_reload        |   in|   32|     ap_none|                   bucket_pointer_3990_reload|        scalar|
|bucket_pointer_3989_reload        |   in|   32|     ap_none|                   bucket_pointer_3989_reload|        scalar|
|bucket_pointer_3988_reload        |   in|   32|     ap_none|                   bucket_pointer_3988_reload|        scalar|
|bucket_pointer_3987_reload        |   in|   32|     ap_none|                   bucket_pointer_3987_reload|        scalar|
|bucket_pointer_3986_reload        |   in|   32|     ap_none|                   bucket_pointer_3986_reload|        scalar|
|bucket_pointer_3985_reload        |   in|   32|     ap_none|                   bucket_pointer_3985_reload|        scalar|
|bucket_pointer_3984_reload        |   in|   32|     ap_none|                   bucket_pointer_3984_reload|        scalar|
|bucket_pointer_3983_reload        |   in|   32|     ap_none|                   bucket_pointer_3983_reload|        scalar|
|bucket_pointer_3982_reload        |   in|   32|     ap_none|                   bucket_pointer_3982_reload|        scalar|
|bucket_pointer_3981_reload        |   in|   32|     ap_none|                   bucket_pointer_3981_reload|        scalar|
|mul_ln41                          |   in|   15|     ap_none|                                     mul_ln41|        scalar|
|bucket_address0                   |  out|   15|   ap_memory|                                       bucket|         array|
|bucket_ce0                        |  out|    1|   ap_memory|                                       bucket|         array|
|bucket_we0                        |  out|    1|   ap_memory|                                       bucket|         array|
|bucket_d0                         |  out|   32|   ap_memory|                                       bucket|         array|
|bucket_address1                   |  out|   15|   ap_memory|                                       bucket|         array|
|bucket_ce1                        |  out|    1|   ap_memory|                                       bucket|         array|
|bucket_q1                         |   in|   32|   ap_memory|                                       bucket|         array|
|mul_cast_i                        |   in|    5|     ap_none|                                   mul_cast_i|        scalar|
|mul_ln43                          |   in|   15|     ap_none|                                     mul_ln43|        scalar|
|bucket_sizes_8973_out_i           |   in|   32|     ap_ovld|                        bucket_sizes_8973_out|       pointer|
|bucket_sizes_8973_out_o           |  out|   32|     ap_ovld|                        bucket_sizes_8973_out|       pointer|
|bucket_sizes_8973_out_o_ap_vld    |  out|    1|     ap_ovld|                        bucket_sizes_8973_out|       pointer|
|bucket_sizes_8972_out_i           |   in|   32|     ap_ovld|                        bucket_sizes_8972_out|       pointer|
|bucket_sizes_8972_out_o           |  out|   32|     ap_ovld|                        bucket_sizes_8972_out|       pointer|
|bucket_sizes_8972_out_o_ap_vld    |  out|    1|     ap_ovld|                        bucket_sizes_8972_out|       pointer|
|bucket_sizes_8971_out_i           |   in|   32|     ap_ovld|                        bucket_sizes_8971_out|       pointer|
|bucket_sizes_8971_out_o           |  out|   32|     ap_ovld|                        bucket_sizes_8971_out|       pointer|
|bucket_sizes_8971_out_o_ap_vld    |  out|    1|     ap_ovld|                        bucket_sizes_8971_out|       pointer|
|bucket_sizes_8970_out_i           |   in|   32|     ap_ovld|                        bucket_sizes_8970_out|       pointer|
|bucket_sizes_8970_out_o           |  out|   32|     ap_ovld|                        bucket_sizes_8970_out|       pointer|
|bucket_sizes_8970_out_o_ap_vld    |  out|    1|     ap_ovld|                        bucket_sizes_8970_out|       pointer|
|bucket_sizes_8969_out_i           |   in|   32|     ap_ovld|                        bucket_sizes_8969_out|       pointer|
|bucket_sizes_8969_out_o           |  out|   32|     ap_ovld|                        bucket_sizes_8969_out|       pointer|
|bucket_sizes_8969_out_o_ap_vld    |  out|    1|     ap_ovld|                        bucket_sizes_8969_out|       pointer|
|bucket_sizes_8968_out_i           |   in|   32|     ap_ovld|                        bucket_sizes_8968_out|       pointer|
|bucket_sizes_8968_out_o           |  out|   32|     ap_ovld|                        bucket_sizes_8968_out|       pointer|
|bucket_sizes_8968_out_o_ap_vld    |  out|    1|     ap_ovld|                        bucket_sizes_8968_out|       pointer|
|bucket_sizes_8967_out_i           |   in|   32|     ap_ovld|                        bucket_sizes_8967_out|       pointer|
|bucket_sizes_8967_out_o           |  out|   32|     ap_ovld|                        bucket_sizes_8967_out|       pointer|
|bucket_sizes_8967_out_o_ap_vld    |  out|    1|     ap_ovld|                        bucket_sizes_8967_out|       pointer|
|bucket_sizes_8966_out_i           |   in|   32|     ap_ovld|                        bucket_sizes_8966_out|       pointer|
|bucket_sizes_8966_out_o           |  out|   32|     ap_ovld|                        bucket_sizes_8966_out|       pointer|
|bucket_sizes_8966_out_o_ap_vld    |  out|    1|     ap_ovld|                        bucket_sizes_8966_out|       pointer|
|bucket_sizes_8965_out_i           |   in|   32|     ap_ovld|                        bucket_sizes_8965_out|       pointer|
|bucket_sizes_8965_out_o           |  out|   32|     ap_ovld|                        bucket_sizes_8965_out|       pointer|
|bucket_sizes_8965_out_o_ap_vld    |  out|    1|     ap_ovld|                        bucket_sizes_8965_out|       pointer|
|bucket_sizes_8964_out_i           |   in|   32|     ap_ovld|                        bucket_sizes_8964_out|       pointer|
|bucket_sizes_8964_out_o           |  out|   32|     ap_ovld|                        bucket_sizes_8964_out|       pointer|
|bucket_sizes_8964_out_o_ap_vld    |  out|    1|     ap_ovld|                        bucket_sizes_8964_out|       pointer|
|bucket_sizes_8963_out_i           |   in|   32|     ap_ovld|                        bucket_sizes_8963_out|       pointer|
|bucket_sizes_8963_out_o           |  out|   32|     ap_ovld|                        bucket_sizes_8963_out|       pointer|
|bucket_sizes_8963_out_o_ap_vld    |  out|    1|     ap_ovld|                        bucket_sizes_8963_out|       pointer|
|bucket_sizes_8962_out_i           |   in|   32|     ap_ovld|                        bucket_sizes_8962_out|       pointer|
|bucket_sizes_8962_out_o           |  out|   32|     ap_ovld|                        bucket_sizes_8962_out|       pointer|
|bucket_sizes_8962_out_o_ap_vld    |  out|    1|     ap_ovld|                        bucket_sizes_8962_out|       pointer|
|bucket_sizes_8961_out_i           |   in|   32|     ap_ovld|                        bucket_sizes_8961_out|       pointer|
|bucket_sizes_8961_out_o           |  out|   32|     ap_ovld|                        bucket_sizes_8961_out|       pointer|
|bucket_sizes_8961_out_o_ap_vld    |  out|    1|     ap_ovld|                        bucket_sizes_8961_out|       pointer|
|bucket_sizes_8960_out_i           |   in|   32|     ap_ovld|                        bucket_sizes_8960_out|       pointer|
|bucket_sizes_8960_out_o           |  out|   32|     ap_ovld|                        bucket_sizes_8960_out|       pointer|
|bucket_sizes_8960_out_o_ap_vld    |  out|    1|     ap_ovld|                        bucket_sizes_8960_out|       pointer|
|bucket_sizes_8959_out_i           |   in|   32|     ap_ovld|                        bucket_sizes_8959_out|       pointer|
|bucket_sizes_8959_out_o           |  out|   32|     ap_ovld|                        bucket_sizes_8959_out|       pointer|
|bucket_sizes_8959_out_o_ap_vld    |  out|    1|     ap_ovld|                        bucket_sizes_8959_out|       pointer|
|bucket_sizes_8958_out_i           |   in|   32|     ap_ovld|                        bucket_sizes_8958_out|       pointer|
|bucket_sizes_8958_out_o           |  out|   32|     ap_ovld|                        bucket_sizes_8958_out|       pointer|
|bucket_sizes_8958_out_o_ap_vld    |  out|    1|     ap_ovld|                        bucket_sizes_8958_out|       pointer|
|bucket_pointer_4013_out_i         |   in|   32|     ap_ovld|                      bucket_pointer_4013_out|       pointer|
|bucket_pointer_4013_out_o         |  out|   32|     ap_ovld|                      bucket_pointer_4013_out|       pointer|
|bucket_pointer_4013_out_o_ap_vld  |  out|    1|     ap_ovld|                      bucket_pointer_4013_out|       pointer|
|bucket_pointer_4012_out_i         |   in|   32|     ap_ovld|                      bucket_pointer_4012_out|       pointer|
|bucket_pointer_4012_out_o         |  out|   32|     ap_ovld|                      bucket_pointer_4012_out|       pointer|
|bucket_pointer_4012_out_o_ap_vld  |  out|    1|     ap_ovld|                      bucket_pointer_4012_out|       pointer|
|bucket_pointer_4011_out_i         |   in|   32|     ap_ovld|                      bucket_pointer_4011_out|       pointer|
|bucket_pointer_4011_out_o         |  out|   32|     ap_ovld|                      bucket_pointer_4011_out|       pointer|
|bucket_pointer_4011_out_o_ap_vld  |  out|    1|     ap_ovld|                      bucket_pointer_4011_out|       pointer|
|bucket_pointer_4010_out_i         |   in|   32|     ap_ovld|                      bucket_pointer_4010_out|       pointer|
|bucket_pointer_4010_out_o         |  out|   32|     ap_ovld|                      bucket_pointer_4010_out|       pointer|
|bucket_pointer_4010_out_o_ap_vld  |  out|    1|     ap_ovld|                      bucket_pointer_4010_out|       pointer|
|bucket_pointer_4009_out_i         |   in|   32|     ap_ovld|                      bucket_pointer_4009_out|       pointer|
|bucket_pointer_4009_out_o         |  out|   32|     ap_ovld|                      bucket_pointer_4009_out|       pointer|
|bucket_pointer_4009_out_o_ap_vld  |  out|    1|     ap_ovld|                      bucket_pointer_4009_out|       pointer|
|bucket_pointer_4008_out_i         |   in|   32|     ap_ovld|                      bucket_pointer_4008_out|       pointer|
|bucket_pointer_4008_out_o         |  out|   32|     ap_ovld|                      bucket_pointer_4008_out|       pointer|
|bucket_pointer_4008_out_o_ap_vld  |  out|    1|     ap_ovld|                      bucket_pointer_4008_out|       pointer|
|bucket_pointer_4007_out_i         |   in|   32|     ap_ovld|                      bucket_pointer_4007_out|       pointer|
|bucket_pointer_4007_out_o         |  out|   32|     ap_ovld|                      bucket_pointer_4007_out|       pointer|
|bucket_pointer_4007_out_o_ap_vld  |  out|    1|     ap_ovld|                      bucket_pointer_4007_out|       pointer|
|bucket_pointer_4006_out_i         |   in|   32|     ap_ovld|                      bucket_pointer_4006_out|       pointer|
|bucket_pointer_4006_out_o         |  out|   32|     ap_ovld|                      bucket_pointer_4006_out|       pointer|
|bucket_pointer_4006_out_o_ap_vld  |  out|    1|     ap_ovld|                      bucket_pointer_4006_out|       pointer|
|bucket_pointer_4005_out_i         |   in|   32|     ap_ovld|                      bucket_pointer_4005_out|       pointer|
|bucket_pointer_4005_out_o         |  out|   32|     ap_ovld|                      bucket_pointer_4005_out|       pointer|
|bucket_pointer_4005_out_o_ap_vld  |  out|    1|     ap_ovld|                      bucket_pointer_4005_out|       pointer|
|bucket_pointer_4004_out_i         |   in|   32|     ap_ovld|                      bucket_pointer_4004_out|       pointer|
|bucket_pointer_4004_out_o         |  out|   32|     ap_ovld|                      bucket_pointer_4004_out|       pointer|
|bucket_pointer_4004_out_o_ap_vld  |  out|    1|     ap_ovld|                      bucket_pointer_4004_out|       pointer|
|bucket_pointer_4003_out_i         |   in|   32|     ap_ovld|                      bucket_pointer_4003_out|       pointer|
|bucket_pointer_4003_out_o         |  out|   32|     ap_ovld|                      bucket_pointer_4003_out|       pointer|
|bucket_pointer_4003_out_o_ap_vld  |  out|    1|     ap_ovld|                      bucket_pointer_4003_out|       pointer|
|bucket_pointer_4002_out_i         |   in|   32|     ap_ovld|                      bucket_pointer_4002_out|       pointer|
|bucket_pointer_4002_out_o         |  out|   32|     ap_ovld|                      bucket_pointer_4002_out|       pointer|
|bucket_pointer_4002_out_o_ap_vld  |  out|    1|     ap_ovld|                      bucket_pointer_4002_out|       pointer|
|bucket_pointer_4001_out_i         |   in|   32|     ap_ovld|                      bucket_pointer_4001_out|       pointer|
|bucket_pointer_4001_out_o         |  out|   32|     ap_ovld|                      bucket_pointer_4001_out|       pointer|
|bucket_pointer_4001_out_o_ap_vld  |  out|    1|     ap_ovld|                      bucket_pointer_4001_out|       pointer|
|bucket_pointer_4000_out_i         |   in|   32|     ap_ovld|                      bucket_pointer_4000_out|       pointer|
|bucket_pointer_4000_out_o         |  out|   32|     ap_ovld|                      bucket_pointer_4000_out|       pointer|
|bucket_pointer_4000_out_o_ap_vld  |  out|    1|     ap_ovld|                      bucket_pointer_4000_out|       pointer|
|bucket_pointer_3999_out_i         |   in|   32|     ap_ovld|                      bucket_pointer_3999_out|       pointer|
|bucket_pointer_3999_out_o         |  out|   32|     ap_ovld|                      bucket_pointer_3999_out|       pointer|
|bucket_pointer_3999_out_o_ap_vld  |  out|    1|     ap_ovld|                      bucket_pointer_3999_out|       pointer|
|bucket_pointer_3998_out_i         |   in|   32|     ap_ovld|                      bucket_pointer_3998_out|       pointer|
|bucket_pointer_3998_out_o         |  out|   32|     ap_ovld|                      bucket_pointer_3998_out|       pointer|
|bucket_pointer_3998_out_o_ap_vld  |  out|    1|     ap_ovld|                      bucket_pointer_3998_out|       pointer|
+----------------------------------+-----+-----+------------+---------------------------------------------+--------------+

