

================================================================
== Vitis HLS Report for 'radix_sort_unified_bucket_pingpong_1_1_Pipeline_input_bucket'
================================================================
* Date:           Sat Apr 22 15:38:46 2023

* Version:        2022.2 (Build 3670227 on Oct 13 2022)
* Project:        sort_seperate_bucket
* Solution:       solution1 (Vivado IP Flow Target)
* Product family: virtexuplus
* Target device:  xcu280-fsvh2892-2L-e


================================================================
== Performance Estimates
================================================================
+ Timing: 
    * Summary: 
    +--------+----------+----------+------------+
    |  Clock |  Target  | Estimated| Uncertainty|
    +--------+----------+----------+------------+
    |ap_clk  |  10.00 ns|  5.072 ns|     2.70 ns|
    +--------+----------+----------+------------+

+ Latency: 
    * Summary: 
    +---------+---------+----------+----------+--------+--------+---------+
    |  Latency (cycles) |  Latency (absolute) |     Interval    | Pipeline|
    |   min   |   max   |    min   |    max   |   min  |   max  |   Type  |
    +---------+---------+----------+----------+--------+--------+---------+
    |   156252|   156252|  1.563 ms|  1.563 ms|  156252|  156252|       no|
    +---------+---------+----------+----------+--------+--------+---------+

    + Detail: 
        * Instance: 
        N/A

        * Loop: 
        +----------------+---------+---------+----------+-----------+-----------+--------+----------+
        |                |  Latency (cycles) | Iteration|  Initiation Interval  |  Trip  |          |
        |    Loop Name   |   min   |   max   |  Latency |  achieved |   target  |  Count | Pipelined|
        +----------------+---------+---------+----------+-----------+-----------+--------+----------+
        |- input_bucket  |   156250|   156250|         2|          1|          1|  156250|       yes|
        +----------------+---------+---------+----------+-----------+-----------+--------+----------+



================================================================
== Utilization Estimates
================================================================
* Summary: 
+---------------------+---------+------+---------+---------+-----+
|         Name        | BRAM_18K|  DSP |    FF   |   LUT   | URAM|
+---------------------+---------+------+---------+---------+-----+
|DSP                  |        -|     -|        -|        -|    -|
|Expression           |        -|     -|        0|      323|    -|
|FIFO                 |        -|     -|        -|        -|    -|
|Instance             |        -|     -|        0|      130|    -|
|Memory               |        -|     -|        -|        -|    -|
|Multiplexer          |        -|     -|        -|      502|    -|
|Register             |        -|     -|      141|        -|    -|
+---------------------+---------+------+---------+---------+-----+
|Total                |        0|     0|      141|      955|    0|
+---------------------+---------+------+---------+---------+-----+
|Available SLR        |     1344|  3008|   869120|   434560|  320|
+---------------------+---------+------+---------+---------+-----+
|Utilization SLR (%)  |        0|     0|       ~0|       ~0|    0|
+---------------------+---------+------+---------+---------+-----+
|Available            |     4032|  9024|  2607360|  1303680|  960|
+---------------------+---------+------+---------+---------+-----+
|Utilization (%)      |        0|     0|       ~0|       ~0|    0|
+---------------------+---------+------+---------+---------+-----+

+ Detail: 
    * Instance: 
    +---------------------+----------------+---------+----+---+----+-----+
    |       Instance      |     Module     | BRAM_18K| DSP| FF| LUT| URAM|
    +---------------------+----------------+---------+----+---+----+-----+
    |mux_164_32_1_1_U118  |mux_164_32_1_1  |        0|   0|  0|  65|    0|
    |mux_164_32_1_1_U119  |mux_164_32_1_1  |        0|   0|  0|  65|    0|
    +---------------------+----------------+---------+----+---+----+-----+
    |Total                |                |        0|   0|  0| 130|    0|
    +---------------------+----------------+---------+----+---+----+-----+

    * DSP: 
    N/A

    * Memory: 
    N/A

    * FIFO: 
    N/A

    * Expression: 
    +--------------------------+----------+----+---+----+------------+------------+
    |       Variable Name      | Operation| DSP| FF| LUT| Bitwidth P0| Bitwidth P1|
    +--------------------------+----------+----+---+----+------------+------------+
    |add_ln92_fu_675_p2        |         +|   0|  0|  25|          18|           1|
    |add_ln93_fu_685_p2        |         +|   0|  0|  26|          19|          19|
    |add_ln95_fu_836_p2        |         +|   0|  0|  26|          19|          19|
    |bucket_pointer_fu_856_p2  |         +|   0|  0|  39|          32|           1|
    |bucket_sizes_fu_1070_p2   |         +|   0|  0|  39|          32|           1|
    |shifted_fu_785_p2         |      ashr|   0|  0|  92|          32|          32|
    |addr_cmp_fu_771_p2        |      icmp|   0|  0|  29|          64|          64|
    |icmp_ln92_fu_669_p2       |      icmp|   0|  0|  13|          18|          18|
    |reuse_select_fu_776_p3    |    select|   0|  0|  32|           1|          32|
    |ap_enable_pp0             |       xor|   0|  0|   2|           1|           2|
    +--------------------------+----------+----+---+----+------------+------------+
    |Total                     |          |   0|  0| 323|         236|         189|
    +--------------------------+----------+----+---+----+------------+------------+

    * Multiplexer: 
    +---------------------------+----+-----------+-----+-----------+
    |            Name           | LUT| Input Size| Bits| Total Bits|
    +---------------------------+----+-----------+-----+-----------+
    |ap_done_int                |   9|          2|    1|          2|
    |ap_enable_reg_pp0_iter1    |   9|          2|    1|          2|
    |ap_sig_allocacmp_j         |   9|          2|   18|         36|
    |bucket_pointer_4128_out_o  |  14|          3|   32|         96|
    |bucket_pointer_4129_out_o  |  14|          3|   32|         96|
    |bucket_pointer_4130_out_o  |  14|          3|   32|         96|
    |bucket_pointer_4131_out_o  |  14|          3|   32|         96|
    |bucket_pointer_4132_out_o  |  14|          3|   32|         96|
    |bucket_pointer_4133_out_o  |  14|          3|   32|         96|
    |bucket_pointer_4134_out_o  |  14|          3|   32|         96|
    |bucket_pointer_4135_out_o  |  14|          3|   32|         96|
    |bucket_pointer_4136_out_o  |  14|          3|   32|         96|
    |bucket_pointer_4137_out_o  |  14|          3|   32|         96|
    |bucket_pointer_4138_out_o  |  14|          3|   32|         96|
    |bucket_pointer_4139_out_o  |  14|          3|   32|         96|
    |bucket_pointer_4140_out_o  |  14|          3|   32|         96|
    |bucket_pointer_4141_out_o  |  14|          3|   32|         96|
    |bucket_pointer_4142_out_o  |  14|          3|   32|         96|
    |bucket_pointer_4143_out_o  |  14|          3|   32|         96|
    |bucket_sizes_9248_out_o    |  14|          3|   32|         96|
    |bucket_sizes_9249_out_o    |  14|          3|   32|         96|
    |bucket_sizes_9250_out_o    |  14|          3|   32|         96|
    |bucket_sizes_9251_out_o    |  14|          3|   32|         96|
    |bucket_sizes_9252_out_o    |  14|          3|   32|         96|
    |bucket_sizes_9253_out_o    |  14|          3|   32|         96|
    |bucket_sizes_9254_out_o    |  14|          3|   32|         96|
    |bucket_sizes_9255_out_o    |  14|          3|   32|         96|
    |bucket_sizes_9256_out_o    |  14|          3|   32|         96|
    |bucket_sizes_9257_out_o    |  14|          3|   32|         96|
    |bucket_sizes_9258_out_o    |  14|          3|   32|         96|
    |bucket_sizes_9259_out_o    |  14|          3|   32|         96|
    |bucket_sizes_9260_out_o    |  14|          3|   32|         96|
    |bucket_sizes_9261_out_o    |  14|          3|   32|         96|
    |bucket_sizes_9262_out_o    |  14|          3|   32|         96|
    |bucket_sizes_9263_out_o    |  14|          3|   32|         96|
    |j_64_fu_216                |   9|          2|   18|         36|
    |reuse_addr_reg_fu_208      |   9|          2|   64|        128|
    |reuse_reg_fu_212           |   9|          2|   32|         64|
    +---------------------------+----+-----------+-----+-----------+
    |Total                      | 502|        108| 1158|       3340|
    +---------------------------+----+-----------+-----+-----------+

    * Register: 
    +-------------------------+----+----+-----+-----------+
    |           Name          | FF | LUT| Bits| Const Bits|
    +-------------------------+----+----+-----+-----------+
    |ap_CS_fsm                |   1|   0|    1|          0|
    |ap_done_reg              |   1|   0|    1|          0|
    |ap_enable_reg_pp0_iter1  |   1|   0|    1|          0|
    |j_64_fu_216              |  18|   0|   18|          0|
    |mul_cast_cast_reg_1198   |   5|   0|   32|         27|
    |reuse_addr_reg_fu_208    |  64|   0|   64|          0|
    |reuse_reg_fu_212         |  32|   0|   32|          0|
    |zext_ln93_64_reg_1206    |  19|   0|   64|         45|
    +-------------------------+----+----+-----+-----------+
    |Total                    | 141|   0|  213|         72|
    +-------------------------+----+----+-----+-----------+



================================================================
== Interface
================================================================
* Summary: 
+----------------------------------+-----+-----+------------+--------------------------------------------------------------+--------------+
|             RTL Ports            | Dir | Bits|  Protocol  |                         Source Object                        |    C Type    |
+----------------------------------+-----+-----+------------+--------------------------------------------------------------+--------------+
|ap_clk                            |   in|    1|  ap_ctrl_hs|  radix_sort_unified_bucket_pingpong.1.1_Pipeline_input_bucket|  return value|
|ap_rst                            |   in|    1|  ap_ctrl_hs|  radix_sort_unified_bucket_pingpong.1.1_Pipeline_input_bucket|  return value|
|ap_start                          |   in|    1|  ap_ctrl_hs|  radix_sort_unified_bucket_pingpong.1.1_Pipeline_input_bucket|  return value|
|ap_done                           |  out|    1|  ap_ctrl_hs|  radix_sort_unified_bucket_pingpong.1.1_Pipeline_input_bucket|  return value|
|ap_idle                           |  out|    1|  ap_ctrl_hs|  radix_sort_unified_bucket_pingpong.1.1_Pipeline_input_bucket|  return value|
|ap_ready                          |  out|    1|  ap_ctrl_hs|  radix_sort_unified_bucket_pingpong.1.1_Pipeline_input_bucket|  return value|
|bucket_sizes_9231_reload          |   in|   32|     ap_none|                                      bucket_sizes_9231_reload|        scalar|
|bucket_sizes_9230_reload          |   in|   32|     ap_none|                                      bucket_sizes_9230_reload|        scalar|
|bucket_sizes_9229_reload          |   in|   32|     ap_none|                                      bucket_sizes_9229_reload|        scalar|
|bucket_sizes_9228_reload          |   in|   32|     ap_none|                                      bucket_sizes_9228_reload|        scalar|
|bucket_sizes_9227_reload          |   in|   32|     ap_none|                                      bucket_sizes_9227_reload|        scalar|
|bucket_sizes_9226_reload          |   in|   32|     ap_none|                                      bucket_sizes_9226_reload|        scalar|
|bucket_sizes_9225_reload          |   in|   32|     ap_none|                                      bucket_sizes_9225_reload|        scalar|
|bucket_sizes_9224_reload          |   in|   32|     ap_none|                                      bucket_sizes_9224_reload|        scalar|
|bucket_sizes_9223_reload          |   in|   32|     ap_none|                                      bucket_sizes_9223_reload|        scalar|
|bucket_sizes_9222_reload          |   in|   32|     ap_none|                                      bucket_sizes_9222_reload|        scalar|
|bucket_sizes_9221_reload          |   in|   32|     ap_none|                                      bucket_sizes_9221_reload|        scalar|
|bucket_sizes_9220_reload          |   in|   32|     ap_none|                                      bucket_sizes_9220_reload|        scalar|
|bucket_sizes_9219_reload          |   in|   32|     ap_none|                                      bucket_sizes_9219_reload|        scalar|
|bucket_sizes_9218_reload          |   in|   32|     ap_none|                                      bucket_sizes_9218_reload|        scalar|
|bucket_sizes_9217_reload          |   in|   32|     ap_none|                                      bucket_sizes_9217_reload|        scalar|
|bucket_sizes_9216_reload          |   in|   32|     ap_none|                                      bucket_sizes_9216_reload|        scalar|
|bucket_pointer_4126_reload        |   in|   32|     ap_none|                                    bucket_pointer_4126_reload|        scalar|
|bucket_pointer_4125_reload        |   in|   32|     ap_none|                                    bucket_pointer_4125_reload|        scalar|
|bucket_pointer_4124_reload        |   in|   32|     ap_none|                                    bucket_pointer_4124_reload|        scalar|
|bucket_pointer_4123_reload        |   in|   32|     ap_none|                                    bucket_pointer_4123_reload|        scalar|
|bucket_pointer_4122_reload        |   in|   32|     ap_none|                                    bucket_pointer_4122_reload|        scalar|
|bucket_pointer_4121_reload        |   in|   32|     ap_none|                                    bucket_pointer_4121_reload|        scalar|
|bucket_pointer_4120_reload        |   in|   32|     ap_none|                                    bucket_pointer_4120_reload|        scalar|
|bucket_pointer_4119_reload        |   in|   32|     ap_none|                                    bucket_pointer_4119_reload|        scalar|
|bucket_pointer_4118_reload        |   in|   32|     ap_none|                                    bucket_pointer_4118_reload|        scalar|
|bucket_pointer_4117_reload        |   in|   32|     ap_none|                                    bucket_pointer_4117_reload|        scalar|
|bucket_pointer_4116_reload        |   in|   32|     ap_none|                                    bucket_pointer_4116_reload|        scalar|
|bucket_pointer_4115_reload        |   in|   32|     ap_none|                                    bucket_pointer_4115_reload|        scalar|
|bucket_pointer_4114_reload        |   in|   32|     ap_none|                                    bucket_pointer_4114_reload|        scalar|
|bucket_pointer_4113_reload        |   in|   32|     ap_none|                                    bucket_pointer_4113_reload|        scalar|
|bucket_pointer_4112_reload        |   in|   32|     ap_none|                                    bucket_pointer_4112_reload|        scalar|
|bucket_pointer_4111_reload        |   in|   32|     ap_none|                                    bucket_pointer_4111_reload|        scalar|
|mul_ln93                          |   in|   19|     ap_none|                                                      mul_ln93|        scalar|
|bucket_address0                   |  out|   19|   ap_memory|                                                        bucket|         array|
|bucket_ce0                        |  out|    1|   ap_memory|                                                        bucket|         array|
|bucket_we0                        |  out|    1|   ap_memory|                                                        bucket|         array|
|bucket_d0                         |  out|   32|   ap_memory|                                                        bucket|         array|
|bucket_address1                   |  out|   19|   ap_memory|                                                        bucket|         array|
|bucket_ce1                        |  out|    1|   ap_memory|                                                        bucket|         array|
|bucket_q1                         |   in|   32|   ap_memory|                                                        bucket|         array|
|mul_cast                          |   in|    5|     ap_none|                                                      mul_cast|        scalar|
|mul_ln95                          |   in|   19|     ap_none|                                                      mul_ln95|        scalar|
|bucket_sizes_9263_out_i           |   in|   32|     ap_ovld|                                         bucket_sizes_9263_out|       pointer|
|bucket_sizes_9263_out_o           |  out|   32|     ap_ovld|                                         bucket_sizes_9263_out|       pointer|
|bucket_sizes_9263_out_o_ap_vld    |  out|    1|     ap_ovld|                                         bucket_sizes_9263_out|       pointer|
|bucket_sizes_9262_out_i           |   in|   32|     ap_ovld|                                         bucket_sizes_9262_out|       pointer|
|bucket_sizes_9262_out_o           |  out|   32|     ap_ovld|                                         bucket_sizes_9262_out|       pointer|
|bucket_sizes_9262_out_o_ap_vld    |  out|    1|     ap_ovld|                                         bucket_sizes_9262_out|       pointer|
|bucket_sizes_9261_out_i           |   in|   32|     ap_ovld|                                         bucket_sizes_9261_out|       pointer|
|bucket_sizes_9261_out_o           |  out|   32|     ap_ovld|                                         bucket_sizes_9261_out|       pointer|
|bucket_sizes_9261_out_o_ap_vld    |  out|    1|     ap_ovld|                                         bucket_sizes_9261_out|       pointer|
|bucket_sizes_9260_out_i           |   in|   32|     ap_ovld|                                         bucket_sizes_9260_out|       pointer|
|bucket_sizes_9260_out_o           |  out|   32|     ap_ovld|                                         bucket_sizes_9260_out|       pointer|
|bucket_sizes_9260_out_o_ap_vld    |  out|    1|     ap_ovld|                                         bucket_sizes_9260_out|       pointer|
|bucket_sizes_9259_out_i           |   in|   32|     ap_ovld|                                         bucket_sizes_9259_out|       pointer|
|bucket_sizes_9259_out_o           |  out|   32|     ap_ovld|                                         bucket_sizes_9259_out|       pointer|
|bucket_sizes_9259_out_o_ap_vld    |  out|    1|     ap_ovld|                                         bucket_sizes_9259_out|       pointer|
|bucket_sizes_9258_out_i           |   in|   32|     ap_ovld|                                         bucket_sizes_9258_out|       pointer|
|bucket_sizes_9258_out_o           |  out|   32|     ap_ovld|                                         bucket_sizes_9258_out|       pointer|
|bucket_sizes_9258_out_o_ap_vld    |  out|    1|     ap_ovld|                                         bucket_sizes_9258_out|       pointer|
|bucket_sizes_9257_out_i           |   in|   32|     ap_ovld|                                         bucket_sizes_9257_out|       pointer|
|bucket_sizes_9257_out_o           |  out|   32|     ap_ovld|                                         bucket_sizes_9257_out|       pointer|
|bucket_sizes_9257_out_o_ap_vld    |  out|    1|     ap_ovld|                                         bucket_sizes_9257_out|       pointer|
|bucket_sizes_9256_out_i           |   in|   32|     ap_ovld|                                         bucket_sizes_9256_out|       pointer|
|bucket_sizes_9256_out_o           |  out|   32|     ap_ovld|                                         bucket_sizes_9256_out|       pointer|
|bucket_sizes_9256_out_o_ap_vld    |  out|    1|     ap_ovld|                                         bucket_sizes_9256_out|       pointer|
|bucket_sizes_9255_out_i           |   in|   32|     ap_ovld|                                         bucket_sizes_9255_out|       pointer|
|bucket_sizes_9255_out_o           |  out|   32|     ap_ovld|                                         bucket_sizes_9255_out|       pointer|
|bucket_sizes_9255_out_o_ap_vld    |  out|    1|     ap_ovld|                                         bucket_sizes_9255_out|       pointer|
|bucket_sizes_9254_out_i           |   in|   32|     ap_ovld|                                         bucket_sizes_9254_out|       pointer|
|bucket_sizes_9254_out_o           |  out|   32|     ap_ovld|                                         bucket_sizes_9254_out|       pointer|
|bucket_sizes_9254_out_o_ap_vld    |  out|    1|     ap_ovld|                                         bucket_sizes_9254_out|       pointer|
|bucket_sizes_9253_out_i           |   in|   32|     ap_ovld|                                         bucket_sizes_9253_out|       pointer|
|bucket_sizes_9253_out_o           |  out|   32|     ap_ovld|                                         bucket_sizes_9253_out|       pointer|
|bucket_sizes_9253_out_o_ap_vld    |  out|    1|     ap_ovld|                                         bucket_sizes_9253_out|       pointer|
|bucket_sizes_9252_out_i           |   in|   32|     ap_ovld|                                         bucket_sizes_9252_out|       pointer|
|bucket_sizes_9252_out_o           |  out|   32|     ap_ovld|                                         bucket_sizes_9252_out|       pointer|
|bucket_sizes_9252_out_o_ap_vld    |  out|    1|     ap_ovld|                                         bucket_sizes_9252_out|       pointer|
|bucket_sizes_9251_out_i           |   in|   32|     ap_ovld|                                         bucket_sizes_9251_out|       pointer|
|bucket_sizes_9251_out_o           |  out|   32|     ap_ovld|                                         bucket_sizes_9251_out|       pointer|
|bucket_sizes_9251_out_o_ap_vld    |  out|    1|     ap_ovld|                                         bucket_sizes_9251_out|       pointer|
|bucket_sizes_9250_out_i           |   in|   32|     ap_ovld|                                         bucket_sizes_9250_out|       pointer|
|bucket_sizes_9250_out_o           |  out|   32|     ap_ovld|                                         bucket_sizes_9250_out|       pointer|
|bucket_sizes_9250_out_o_ap_vld    |  out|    1|     ap_ovld|                                         bucket_sizes_9250_out|       pointer|
|bucket_sizes_9249_out_i           |   in|   32|     ap_ovld|                                         bucket_sizes_9249_out|       pointer|
|bucket_sizes_9249_out_o           |  out|   32|     ap_ovld|                                         bucket_sizes_9249_out|       pointer|
|bucket_sizes_9249_out_o_ap_vld    |  out|    1|     ap_ovld|                                         bucket_sizes_9249_out|       pointer|
|bucket_sizes_9248_out_i           |   in|   32|     ap_ovld|                                         bucket_sizes_9248_out|       pointer|
|bucket_sizes_9248_out_o           |  out|   32|     ap_ovld|                                         bucket_sizes_9248_out|       pointer|
|bucket_sizes_9248_out_o_ap_vld    |  out|    1|     ap_ovld|                                         bucket_sizes_9248_out|       pointer|
|bucket_pointer_4143_out_i         |   in|   32|     ap_ovld|                                       bucket_pointer_4143_out|       pointer|
|bucket_pointer_4143_out_o         |  out|   32|     ap_ovld|                                       bucket_pointer_4143_out|       pointer|
|bucket_pointer_4143_out_o_ap_vld  |  out|    1|     ap_ovld|                                       bucket_pointer_4143_out|       pointer|
|bucket_pointer_4142_out_i         |   in|   32|     ap_ovld|                                       bucket_pointer_4142_out|       pointer|
|bucket_pointer_4142_out_o         |  out|   32|     ap_ovld|                                       bucket_pointer_4142_out|       pointer|
|bucket_pointer_4142_out_o_ap_vld  |  out|    1|     ap_ovld|                                       bucket_pointer_4142_out|       pointer|
|bucket_pointer_4141_out_i         |   in|   32|     ap_ovld|                                       bucket_pointer_4141_out|       pointer|
|bucket_pointer_4141_out_o         |  out|   32|     ap_ovld|                                       bucket_pointer_4141_out|       pointer|
|bucket_pointer_4141_out_o_ap_vld  |  out|    1|     ap_ovld|                                       bucket_pointer_4141_out|       pointer|
|bucket_pointer_4140_out_i         |   in|   32|     ap_ovld|                                       bucket_pointer_4140_out|       pointer|
|bucket_pointer_4140_out_o         |  out|   32|     ap_ovld|                                       bucket_pointer_4140_out|       pointer|
|bucket_pointer_4140_out_o_ap_vld  |  out|    1|     ap_ovld|                                       bucket_pointer_4140_out|       pointer|
|bucket_pointer_4139_out_i         |   in|   32|     ap_ovld|                                       bucket_pointer_4139_out|       pointer|
|bucket_pointer_4139_out_o         |  out|   32|     ap_ovld|                                       bucket_pointer_4139_out|       pointer|
|bucket_pointer_4139_out_o_ap_vld  |  out|    1|     ap_ovld|                                       bucket_pointer_4139_out|       pointer|
|bucket_pointer_4138_out_i         |   in|   32|     ap_ovld|                                       bucket_pointer_4138_out|       pointer|
|bucket_pointer_4138_out_o         |  out|   32|     ap_ovld|                                       bucket_pointer_4138_out|       pointer|
|bucket_pointer_4138_out_o_ap_vld  |  out|    1|     ap_ovld|                                       bucket_pointer_4138_out|       pointer|
|bucket_pointer_4137_out_i         |   in|   32|     ap_ovld|                                       bucket_pointer_4137_out|       pointer|
|bucket_pointer_4137_out_o         |  out|   32|     ap_ovld|                                       bucket_pointer_4137_out|       pointer|
|bucket_pointer_4137_out_o_ap_vld  |  out|    1|     ap_ovld|                                       bucket_pointer_4137_out|       pointer|
|bucket_pointer_4136_out_i         |   in|   32|     ap_ovld|                                       bucket_pointer_4136_out|       pointer|
|bucket_pointer_4136_out_o         |  out|   32|     ap_ovld|                                       bucket_pointer_4136_out|       pointer|
|bucket_pointer_4136_out_o_ap_vld  |  out|    1|     ap_ovld|                                       bucket_pointer_4136_out|       pointer|
|bucket_pointer_4135_out_i         |   in|   32|     ap_ovld|                                       bucket_pointer_4135_out|       pointer|
|bucket_pointer_4135_out_o         |  out|   32|     ap_ovld|                                       bucket_pointer_4135_out|       pointer|
|bucket_pointer_4135_out_o_ap_vld  |  out|    1|     ap_ovld|                                       bucket_pointer_4135_out|       pointer|
|bucket_pointer_4134_out_i         |   in|   32|     ap_ovld|                                       bucket_pointer_4134_out|       pointer|
|bucket_pointer_4134_out_o         |  out|   32|     ap_ovld|                                       bucket_pointer_4134_out|       pointer|
|bucket_pointer_4134_out_o_ap_vld  |  out|    1|     ap_ovld|                                       bucket_pointer_4134_out|       pointer|
|bucket_pointer_4133_out_i         |   in|   32|     ap_ovld|                                       bucket_pointer_4133_out|       pointer|
|bucket_pointer_4133_out_o         |  out|   32|     ap_ovld|                                       bucket_pointer_4133_out|       pointer|
|bucket_pointer_4133_out_o_ap_vld  |  out|    1|     ap_ovld|                                       bucket_pointer_4133_out|       pointer|
|bucket_pointer_4132_out_i         |   in|   32|     ap_ovld|                                       bucket_pointer_4132_out|       pointer|
|bucket_pointer_4132_out_o         |  out|   32|     ap_ovld|                                       bucket_pointer_4132_out|       pointer|
|bucket_pointer_4132_out_o_ap_vld  |  out|    1|     ap_ovld|                                       bucket_pointer_4132_out|       pointer|
|bucket_pointer_4131_out_i         |   in|   32|     ap_ovld|                                       bucket_pointer_4131_out|       pointer|
|bucket_pointer_4131_out_o         |  out|   32|     ap_ovld|                                       bucket_pointer_4131_out|       pointer|
|bucket_pointer_4131_out_o_ap_vld  |  out|    1|     ap_ovld|                                       bucket_pointer_4131_out|       pointer|
|bucket_pointer_4130_out_i         |   in|   32|     ap_ovld|                                       bucket_pointer_4130_out|       pointer|
|bucket_pointer_4130_out_o         |  out|   32|     ap_ovld|                                       bucket_pointer_4130_out|       pointer|
|bucket_pointer_4130_out_o_ap_vld  |  out|    1|     ap_ovld|                                       bucket_pointer_4130_out|       pointer|
|bucket_pointer_4129_out_i         |   in|   32|     ap_ovld|                                       bucket_pointer_4129_out|       pointer|
|bucket_pointer_4129_out_o         |  out|   32|     ap_ovld|                                       bucket_pointer_4129_out|       pointer|
|bucket_pointer_4129_out_o_ap_vld  |  out|    1|     ap_ovld|                                       bucket_pointer_4129_out|       pointer|
|bucket_pointer_4128_out_i         |   in|   32|     ap_ovld|                                       bucket_pointer_4128_out|       pointer|
|bucket_pointer_4128_out_o         |  out|   32|     ap_ovld|                                       bucket_pointer_4128_out|       pointer|
|bucket_pointer_4128_out_o_ap_vld  |  out|    1|     ap_ovld|                                       bucket_pointer_4128_out|       pointer|
+----------------------------------+-----+-----+------------+--------------------------------------------------------------+--------------+

