

================================================================
== Vitis HLS Report for 'radix_sort_hex_batch_24_1_Pipeline_bucket_pointer_initialization'
================================================================
* Date:           Mon Apr 24 22:42:46 2023

* Version:        2022.2 (Build 3670227 on Oct 13 2022)
* Project:        sort_seperate_bucket
* Solution:       solution1 (Vivado IP Flow Target)
* Product family: virtexuplus
* Target device:  xcu280-fsvh2892-2L-e


================================================================
== Performance Estimates
================================================================
+ Timing: 
    * Summary: 
    +--------+----------+----------+------------+
    |  Clock |  Target  | Estimated| Uncertainty|
    +--------+----------+----------+------------+
    |ap_clk  |  10.00 ns|  1.760 ns|     2.70 ns|
    +--------+----------+----------+------------+

+ Latency: 
    * Summary: 
    +---------+---------+----------+----------+-----+-----+---------+
    |  Latency (cycles) |  Latency (absolute) |  Interval | Pipeline|
    |   min   |   max   |    min   |    max   | min | max |   Type  |
    +---------+---------+----------+----------+-----+-----+---------+
    |       18|       18|  0.180 us|  0.180 us|   18|   18|       no|
    +---------+---------+----------+----------+-----+-----+---------+

    + Detail: 
        * Instance: 
        N/A

        * Loop: 
        +---------------------------------+---------+---------+----------+-----------+-----------+------+----------+
        |                                 |  Latency (cycles) | Iteration|  Initiation Interval  | Trip |          |
        |            Loop Name            |   min   |   max   |  Latency |  achieved |   target  | Count| Pipelined|
        +---------------------------------+---------+---------+----------+-----------+-----------+------+----------+
        |- bucket_pointer_initialization  |       16|       16|         1|          1|          1|    16|       yes|
        +---------------------------------+---------+---------+----------+-----------+-----------+------+----------+



================================================================
== Utilization Estimates
================================================================
* Summary: 
+---------------------+---------+------+---------+---------+-----+
|         Name        | BRAM_18K|  DSP |    FF   |   LUT   | URAM|
+---------------------+---------+------+---------+---------+-----+
|DSP                  |        -|     -|        -|        -|    -|
|Expression           |        -|     -|        0|       95|    -|
|FIFO                 |        -|     -|        -|        -|    -|
|Instance             |        -|     -|        0|       65|    -|
|Memory               |        -|     -|        -|        -|    -|
|Multiplexer          |        -|     -|        -|      324|    -|
|Register             |        -|     -|     1064|        -|    -|
+---------------------+---------+------+---------+---------+-----+
|Total                |        0|     0|     1064|      484|    0|
+---------------------+---------+------+---------+---------+-----+
|Available SLR        |     1344|  3008|   869120|   434560|  320|
+---------------------+---------+------+---------+---------+-----+
|Utilization SLR (%)  |        0|     0|       ~0|       ~0|    0|
+---------------------+---------+------+---------+---------+-----+
|Available            |     4032|  9024|  2607360|  1303680|  960|
+---------------------+---------+------+---------+---------+-----+
|Utilization (%)      |        0|     0|       ~0|       ~0|    0|
+---------------------+---------+------+---------+---------+-----+

+ Detail: 
    * Instance: 
    +----------------------+----------------+---------+----+---+----+-----+
    |       Instance       |     Module     | BRAM_18K| DSP| FF| LUT| URAM|
    +----------------------+----------------+---------+----+---+----+-----+
    |mux_164_32_1_1_U4493  |mux_164_32_1_1  |        0|   0|  0|  65|    0|
    +----------------------+----------------+---------+----+---+----+-----+
    |Total                 |                |        0|   0|  0|  65|    0|
    +----------------------+----------------+---------+----+---+----+-----+

    * DSP: 
    N/A

    * Memory: 
    N/A

    * FIFO: 
    N/A

    * Expression: 
    +--------------------------------+----------+----+---+----+------------+------------+
    |          Variable Name         | Operation| DSP| FF| LUT| Bitwidth P0| Bitwidth P1|
    +--------------------------------+----------+----+---+----+------------+------------+
    |add_ln33_fu_922_p2              |         +|   0|  0|  12|           5|           1|
    |next_bucket_pointer_fu_1018_p2  |         +|   0|  0|  39|          32|          32|
    |ap_condition_505                |       and|   0|  0|   2|           1|           1|
    |ap_condition_508                |       and|   0|  0|   2|           1|           1|
    |ap_condition_511                |       and|   0|  0|   2|           1|           1|
    |ap_condition_514                |       and|   0|  0|   2|           1|           1|
    |ap_condition_517                |       and|   0|  0|   2|           1|           1|
    |ap_condition_520                |       and|   0|  0|   2|           1|           1|
    |ap_condition_523                |       and|   0|  0|   2|           1|           1|
    |ap_condition_526                |       and|   0|  0|   2|           1|           1|
    |ap_condition_529                |       and|   0|  0|   2|           1|           1|
    |ap_condition_532                |       and|   0|  0|   2|           1|           1|
    |ap_condition_535                |       and|   0|  0|   2|           1|           1|
    |ap_condition_538                |       and|   0|  0|   2|           1|           1|
    |ap_condition_541                |       and|   0|  0|   2|           1|           1|
    |ap_condition_544                |       and|   0|  0|   2|           1|           1|
    |ap_condition_547                |       and|   0|  0|   2|           1|           1|
    |ap_condition_550                |       and|   0|  0|   2|           1|           1|
    |icmp_ln33_fu_916_p2             |      icmp|   0|  0|  10|           5|           6|
    |ap_enable_pp0                   |       xor|   0|  0|   2|           1|           2|
    +--------------------------------+----------+----+---+----+------------+------------+
    |Total                           |          |   0|  0|  95|          59|          57|
    +--------------------------------+----------+----+---+----+------------+------------+

    * Multiplexer: 
    +----------------------------+----+-----------+-----+-----------+
    |            Name            | LUT| Input Size| Bits| Total Bits|
    +----------------------------+----+-----------+-----+-----------+
    |ap_done_int                 |   9|          2|    1|          2|
    |ap_enable_reg_pp0_iter1     |   9|          2|    1|          2|
    |bucket_pointer_1565_fu_192  |   9|          2|   32|         64|
    |bucket_pointer_1566_fu_196  |   9|          2|   32|         64|
    |bucket_pointer_1567_fu_200  |   9|          2|   32|         64|
    |bucket_pointer_1568_fu_204  |   9|          2|   32|         64|
    |bucket_pointer_1569_fu_208  |   9|          2|   32|         64|
    |bucket_pointer_1570_fu_212  |   9|          2|   32|         64|
    |bucket_pointer_1571_fu_216  |   9|          2|   32|         64|
    |bucket_pointer_1572_fu_220  |   9|          2|   32|         64|
    |bucket_pointer_1573_fu_224  |   9|          2|   32|         64|
    |bucket_pointer_1574_fu_228  |   9|          2|   32|         64|
    |bucket_pointer_1575_fu_232  |   9|          2|   32|         64|
    |bucket_pointer_1576_fu_236  |   9|          2|   32|         64|
    |bucket_pointer_1577_fu_240  |   9|          2|   32|         64|
    |bucket_pointer_1578_fu_244  |   9|          2|   32|         64|
    |bucket_pointer_1579_fu_248  |   9|          2|   32|         64|
    |bucket_pointer_1580_fu_252  |   9|          2|   32|         64|
    |bucket_pointer_1581_fu_256  |   9|          2|   32|         64|
    |bucket_sizes_2056_fu_264    |   9|          2|   32|         64|
    |bucket_sizes_2057_fu_268    |   9|          2|   32|         64|
    |bucket_sizes_2058_fu_272    |   9|          2|   32|         64|
    |bucket_sizes_2059_fu_276    |   9|          2|   32|         64|
    |bucket_sizes_2060_fu_280    |   9|          2|   32|         64|
    |bucket_sizes_2061_fu_284    |   9|          2|   32|         64|
    |bucket_sizes_2062_fu_288    |   9|          2|   32|         64|
    |bucket_sizes_2063_fu_292    |   9|          2|   32|         64|
    |bucket_sizes_2064_fu_296    |   9|          2|   32|         64|
    |bucket_sizes_2065_fu_300    |   9|          2|   32|         64|
    |bucket_sizes_2066_fu_304    |   9|          2|   32|         64|
    |bucket_sizes_2067_fu_308    |   9|          2|   32|         64|
    |bucket_sizes_2068_fu_312    |   9|          2|   32|         64|
    |bucket_sizes_2069_fu_316    |   9|          2|   32|         64|
    |bucket_sizes_2070_fu_320    |   9|          2|   32|         64|
    |bucket_sizes_fu_260         |   9|          2|   32|         64|
    |m_fu_188                    |   9|          2|    5|         10|
    +----------------------------+----+-----------+-----+-----------+
    |Total                       | 324|         72| 1063|       2126|
    +----------------------------+----+-----------+-----+-----------+

    * Register: 
    +----------------------------+----+----+-----+-----------+
    |            Name            | FF | LUT| Bits| Const Bits|
    +----------------------------+----+----+-----+-----------+
    |ap_CS_fsm                   |   1|   0|    1|          0|
    |ap_done_reg                 |   1|   0|    1|          0|
    |ap_enable_reg_pp0_iter1     |   1|   0|    1|          0|
    |bucket_pointer_1565_fu_192  |  32|   0|   32|          0|
    |bucket_pointer_1566_fu_196  |  32|   0|   32|          0|
    |bucket_pointer_1567_fu_200  |  32|   0|   32|          0|
    |bucket_pointer_1568_fu_204  |  32|   0|   32|          0|
    |bucket_pointer_1569_fu_208  |  32|   0|   32|          0|
    |bucket_pointer_1570_fu_212  |  32|   0|   32|          0|
    |bucket_pointer_1571_fu_216  |  32|   0|   32|          0|
    |bucket_pointer_1572_fu_220  |  32|   0|   32|          0|
    |bucket_pointer_1573_fu_224  |  32|   0|   32|          0|
    |bucket_pointer_1574_fu_228  |  32|   0|   32|          0|
    |bucket_pointer_1575_fu_232  |  32|   0|   32|          0|
    |bucket_pointer_1576_fu_236  |  32|   0|   32|          0|
    |bucket_pointer_1577_fu_240  |  32|   0|   32|          0|
    |bucket_pointer_1578_fu_244  |  32|   0|   32|          0|
    |bucket_pointer_1579_fu_248  |  32|   0|   32|          0|
    |bucket_pointer_1580_fu_252  |  32|   0|   32|          0|
    |bucket_pointer_1581_fu_256  |  32|   0|   32|          0|
    |bucket_sizes_2056_fu_264    |  32|   0|   32|          0|
    |bucket_sizes_2057_fu_268    |  32|   0|   32|          0|
    |bucket_sizes_2058_fu_272    |  32|   0|   32|          0|
    |bucket_sizes_2059_fu_276    |  32|   0|   32|          0|
    |bucket_sizes_2060_fu_280    |  32|   0|   32|          0|
    |bucket_sizes_2061_fu_284    |  32|   0|   32|          0|
    |bucket_sizes_2062_fu_288    |  32|   0|   32|          0|
    |bucket_sizes_2063_fu_292    |  32|   0|   32|          0|
    |bucket_sizes_2064_fu_296    |  32|   0|   32|          0|
    |bucket_sizes_2065_fu_300    |  32|   0|   32|          0|
    |bucket_sizes_2066_fu_304    |  32|   0|   32|          0|
    |bucket_sizes_2067_fu_308    |  32|   0|   32|          0|
    |bucket_sizes_2068_fu_312    |  32|   0|   32|          0|
    |bucket_sizes_2069_fu_316    |  32|   0|   32|          0|
    |bucket_sizes_2070_fu_320    |  32|   0|   32|          0|
    |bucket_sizes_fu_260         |  32|   0|   32|          0|
    |m_fu_188                    |   5|   0|    5|          0|
    +----------------------------+----+----+-----+-----------+
    |Total                       |1064|   0| 1064|          0|
    +----------------------------+----+----+-----+-----------+



================================================================
== Interface
================================================================
* Summary: 
+--------------------------------+-----+-----+------------+------------------------------------------------------------------+--------------+
|            RTL Ports           | Dir | Bits|  Protocol  |                           Source Object                          |    C Type    |
+--------------------------------+-----+-----+------------+------------------------------------------------------------------+--------------+
|ap_clk                          |   in|    1|  ap_ctrl_hs|  radix_sort_hex_batch.24.1_Pipeline_bucket_pointer_initialization|  return value|
|ap_rst                          |   in|    1|  ap_ctrl_hs|  radix_sort_hex_batch.24.1_Pipeline_bucket_pointer_initialization|  return value|
|ap_start                        |   in|    1|  ap_ctrl_hs|  radix_sort_hex_batch.24.1_Pipeline_bucket_pointer_initialization|  return value|
|ap_done                         |  out|    1|  ap_ctrl_hs|  radix_sort_hex_batch.24.1_Pipeline_bucket_pointer_initialization|  return value|
|ap_idle                         |  out|    1|  ap_ctrl_hs|  radix_sort_hex_batch.24.1_Pipeline_bucket_pointer_initialization|  return value|
|ap_ready                        |  out|    1|  ap_ctrl_hs|  radix_sort_hex_batch.24.1_Pipeline_bucket_pointer_initialization|  return value|
|bucket_sizes_6750               |   in|   32|     ap_none|                                                 bucket_sizes_6750|        scalar|
|bucket_sizes_6749               |   in|   32|     ap_none|                                                 bucket_sizes_6749|        scalar|
|bucket_sizes_6748               |   in|   32|     ap_none|                                                 bucket_sizes_6748|        scalar|
|bucket_sizes_6747               |   in|   32|     ap_none|                                                 bucket_sizes_6747|        scalar|
|bucket_sizes_6746               |   in|   32|     ap_none|                                                 bucket_sizes_6746|        scalar|
|bucket_sizes_6745               |   in|   32|     ap_none|                                                 bucket_sizes_6745|        scalar|
|bucket_sizes_6744               |   in|   32|     ap_none|                                                 bucket_sizes_6744|        scalar|
|bucket_sizes_6743               |   in|   32|     ap_none|                                                 bucket_sizes_6743|        scalar|
|bucket_sizes_6742               |   in|   32|     ap_none|                                                 bucket_sizes_6742|        scalar|
|bucket_sizes_6741               |   in|   32|     ap_none|                                                 bucket_sizes_6741|        scalar|
|bucket_sizes_6740               |   in|   32|     ap_none|                                                 bucket_sizes_6740|        scalar|
|bucket_sizes_6739               |   in|   32|     ap_none|                                                 bucket_sizes_6739|        scalar|
|bucket_sizes_6738               |   in|   32|     ap_none|                                                 bucket_sizes_6738|        scalar|
|bucket_sizes_6737               |   in|   32|     ap_none|                                                 bucket_sizes_6737|        scalar|
|bucket_sizes_6736               |   in|   32|     ap_none|                                                 bucket_sizes_6736|        scalar|
|bucket_sizes_6735               |   in|   32|     ap_none|                                                 bucket_sizes_6735|        scalar|
|bucket_pointer_3005             |   in|   32|     ap_none|                                               bucket_pointer_3005|        scalar|
|bucket_pointer_3004             |   in|   32|     ap_none|                                               bucket_pointer_3004|        scalar|
|bucket_pointer_3003             |   in|   32|     ap_none|                                               bucket_pointer_3003|        scalar|
|bucket_pointer_3002             |   in|   32|     ap_none|                                               bucket_pointer_3002|        scalar|
|bucket_pointer_3001             |   in|   32|     ap_none|                                               bucket_pointer_3001|        scalar|
|bucket_pointer_3000             |   in|   32|     ap_none|                                               bucket_pointer_3000|        scalar|
|bucket_pointer_2999             |   in|   32|     ap_none|                                               bucket_pointer_2999|        scalar|
|bucket_pointer_2998             |   in|   32|     ap_none|                                               bucket_pointer_2998|        scalar|
|bucket_pointer_2997             |   in|   32|     ap_none|                                               bucket_pointer_2997|        scalar|
|bucket_pointer_2996             |   in|   32|     ap_none|                                               bucket_pointer_2996|        scalar|
|bucket_pointer_2995             |   in|   32|     ap_none|                                               bucket_pointer_2995|        scalar|
|bucket_pointer_2994             |   in|   32|     ap_none|                                               bucket_pointer_2994|        scalar|
|bucket_pointer_2993             |   in|   32|     ap_none|                                               bucket_pointer_2993|        scalar|
|bucket_pointer_2992             |   in|   32|     ap_none|                                               bucket_pointer_2992|        scalar|
|bucket_pointer_2991             |   in|   32|     ap_none|                                               bucket_pointer_2991|        scalar|
|bucket_pointer                  |   in|   32|     ap_none|                                                    bucket_pointer|        scalar|
|bucket_sizes_6766_out           |  out|   32|      ap_vld|                                             bucket_sizes_6766_out|       pointer|
|bucket_sizes_6766_out_ap_vld    |  out|    1|      ap_vld|                                             bucket_sizes_6766_out|       pointer|
|bucket_sizes_6765_out           |  out|   32|      ap_vld|                                             bucket_sizes_6765_out|       pointer|
|bucket_sizes_6765_out_ap_vld    |  out|    1|      ap_vld|                                             bucket_sizes_6765_out|       pointer|
|bucket_sizes_6764_out           |  out|   32|      ap_vld|                                             bucket_sizes_6764_out|       pointer|
|bucket_sizes_6764_out_ap_vld    |  out|    1|      ap_vld|                                             bucket_sizes_6764_out|       pointer|
|bucket_sizes_6763_out           |  out|   32|      ap_vld|                                             bucket_sizes_6763_out|       pointer|
|bucket_sizes_6763_out_ap_vld    |  out|    1|      ap_vld|                                             bucket_sizes_6763_out|       pointer|
|bucket_sizes_6762_out           |  out|   32|      ap_vld|                                             bucket_sizes_6762_out|       pointer|
|bucket_sizes_6762_out_ap_vld    |  out|    1|      ap_vld|                                             bucket_sizes_6762_out|       pointer|
|bucket_sizes_6761_out           |  out|   32|      ap_vld|                                             bucket_sizes_6761_out|       pointer|
|bucket_sizes_6761_out_ap_vld    |  out|    1|      ap_vld|                                             bucket_sizes_6761_out|       pointer|
|bucket_sizes_6760_out           |  out|   32|      ap_vld|                                             bucket_sizes_6760_out|       pointer|
|bucket_sizes_6760_out_ap_vld    |  out|    1|      ap_vld|                                             bucket_sizes_6760_out|       pointer|
|bucket_sizes_6759_out           |  out|   32|      ap_vld|                                             bucket_sizes_6759_out|       pointer|
|bucket_sizes_6759_out_ap_vld    |  out|    1|      ap_vld|                                             bucket_sizes_6759_out|       pointer|
|bucket_sizes_6758_out           |  out|   32|      ap_vld|                                             bucket_sizes_6758_out|       pointer|
|bucket_sizes_6758_out_ap_vld    |  out|    1|      ap_vld|                                             bucket_sizes_6758_out|       pointer|
|bucket_sizes_6757_out           |  out|   32|      ap_vld|                                             bucket_sizes_6757_out|       pointer|
|bucket_sizes_6757_out_ap_vld    |  out|    1|      ap_vld|                                             bucket_sizes_6757_out|       pointer|
|bucket_sizes_6756_out           |  out|   32|      ap_vld|                                             bucket_sizes_6756_out|       pointer|
|bucket_sizes_6756_out_ap_vld    |  out|    1|      ap_vld|                                             bucket_sizes_6756_out|       pointer|
|bucket_sizes_6755_out           |  out|   32|      ap_vld|                                             bucket_sizes_6755_out|       pointer|
|bucket_sizes_6755_out_ap_vld    |  out|    1|      ap_vld|                                             bucket_sizes_6755_out|       pointer|
|bucket_sizes_6754_out           |  out|   32|      ap_vld|                                             bucket_sizes_6754_out|       pointer|
|bucket_sizes_6754_out_ap_vld    |  out|    1|      ap_vld|                                             bucket_sizes_6754_out|       pointer|
|bucket_sizes_6753_out           |  out|   32|      ap_vld|                                             bucket_sizes_6753_out|       pointer|
|bucket_sizes_6753_out_ap_vld    |  out|    1|      ap_vld|                                             bucket_sizes_6753_out|       pointer|
|bucket_sizes_6752_out           |  out|   32|      ap_vld|                                             bucket_sizes_6752_out|       pointer|
|bucket_sizes_6752_out_ap_vld    |  out|    1|      ap_vld|                                             bucket_sizes_6752_out|       pointer|
|bucket_sizes_6751_out           |  out|   32|      ap_vld|                                             bucket_sizes_6751_out|       pointer|
|bucket_sizes_6751_out_ap_vld    |  out|    1|      ap_vld|                                             bucket_sizes_6751_out|       pointer|
|bucket_pointer_3021_out         |  out|   32|      ap_vld|                                           bucket_pointer_3021_out|       pointer|
|bucket_pointer_3021_out_ap_vld  |  out|    1|      ap_vld|                                           bucket_pointer_3021_out|       pointer|
|bucket_pointer_3020_out         |  out|   32|      ap_vld|                                           bucket_pointer_3020_out|       pointer|
|bucket_pointer_3020_out_ap_vld  |  out|    1|      ap_vld|                                           bucket_pointer_3020_out|       pointer|
|bucket_pointer_3019_out         |  out|   32|      ap_vld|                                           bucket_pointer_3019_out|       pointer|
|bucket_pointer_3019_out_ap_vld  |  out|    1|      ap_vld|                                           bucket_pointer_3019_out|       pointer|
|bucket_pointer_3018_out         |  out|   32|      ap_vld|                                           bucket_pointer_3018_out|       pointer|
|bucket_pointer_3018_out_ap_vld  |  out|    1|      ap_vld|                                           bucket_pointer_3018_out|       pointer|
|bucket_pointer_3017_out         |  out|   32|      ap_vld|                                           bucket_pointer_3017_out|       pointer|
|bucket_pointer_3017_out_ap_vld  |  out|    1|      ap_vld|                                           bucket_pointer_3017_out|       pointer|
|bucket_pointer_3016_out         |  out|   32|      ap_vld|                                           bucket_pointer_3016_out|       pointer|
|bucket_pointer_3016_out_ap_vld  |  out|    1|      ap_vld|                                           bucket_pointer_3016_out|       pointer|
|bucket_pointer_3015_out         |  out|   32|      ap_vld|                                           bucket_pointer_3015_out|       pointer|
|bucket_pointer_3015_out_ap_vld  |  out|    1|      ap_vld|                                           bucket_pointer_3015_out|       pointer|
|bucket_pointer_3014_out         |  out|   32|      ap_vld|                                           bucket_pointer_3014_out|       pointer|
|bucket_pointer_3014_out_ap_vld  |  out|    1|      ap_vld|                                           bucket_pointer_3014_out|       pointer|
|bucket_pointer_3013_out         |  out|   32|      ap_vld|                                           bucket_pointer_3013_out|       pointer|
|bucket_pointer_3013_out_ap_vld  |  out|    1|      ap_vld|                                           bucket_pointer_3013_out|       pointer|
|bucket_pointer_3012_out         |  out|   32|      ap_vld|                                           bucket_pointer_3012_out|       pointer|
|bucket_pointer_3012_out_ap_vld  |  out|    1|      ap_vld|                                           bucket_pointer_3012_out|       pointer|
|bucket_pointer_3011_out         |  out|   32|      ap_vld|                                           bucket_pointer_3011_out|       pointer|
|bucket_pointer_3011_out_ap_vld  |  out|    1|      ap_vld|                                           bucket_pointer_3011_out|       pointer|
|bucket_pointer_3010_out         |  out|   32|      ap_vld|                                           bucket_pointer_3010_out|       pointer|
|bucket_pointer_3010_out_ap_vld  |  out|    1|      ap_vld|                                           bucket_pointer_3010_out|       pointer|
|bucket_pointer_3009_out         |  out|   32|      ap_vld|                                           bucket_pointer_3009_out|       pointer|
|bucket_pointer_3009_out_ap_vld  |  out|    1|      ap_vld|                                           bucket_pointer_3009_out|       pointer|
|bucket_pointer_3008_out         |  out|   32|      ap_vld|                                           bucket_pointer_3008_out|       pointer|
|bucket_pointer_3008_out_ap_vld  |  out|    1|      ap_vld|                                           bucket_pointer_3008_out|       pointer|
|bucket_pointer_3007_out         |  out|   32|      ap_vld|                                           bucket_pointer_3007_out|       pointer|
|bucket_pointer_3007_out_ap_vld  |  out|    1|      ap_vld|                                           bucket_pointer_3007_out|       pointer|
|bucket_pointer_3006_out         |  out|   32|      ap_vld|                                           bucket_pointer_3006_out|       pointer|
|bucket_pointer_3006_out_ap_vld  |  out|    1|      ap_vld|                                           bucket_pointer_3006_out|       pointer|
+--------------------------------+-----+-----+------------+------------------------------------------------------------------+--------------+

