

================================================================
== Vitis HLS Report for 'radix_sort_hex_batch_8_1_Pipeline_input_bucket'
================================================================
* Date:           Tue Apr 25 09:30:27 2023

* Version:        2022.2 (Build 3670227 on Oct 13 2022)
* Project:        sort_seperate_bucket
* Solution:       solution1 (Vivado IP Flow Target)
* Product family: virtexuplus
* Target device:  xcu280-fsvh2892-2L-e


================================================================
== Performance Estimates
================================================================
+ Timing: 
    * Summary: 
    +--------+----------+----------+------------+
    |  Clock |  Target  | Estimated| Uncertainty|
    +--------+----------+----------+------------+
    |ap_clk  |  10.00 ns|  5.044 ns|     2.70 ns|
    +--------+----------+----------+------------+

+ Latency: 
    * Summary: 
    +---------+---------+----------+----------+-------+-------+---------+
    |  Latency (cycles) |  Latency (absolute) |    Interval   | Pipeline|
    |   min   |   max   |    min   |    max   |  min  |  max  |   Type  |
    +---------+---------+----------+----------+-------+-------+---------+
    |    15627|    15627|  0.156 ms|  0.156 ms|  15627|  15627|       no|
    +---------+---------+----------+----------+-------+-------+---------+

    + Detail: 
        * Instance: 
        N/A

        * Loop: 
        +----------------+---------+---------+----------+-----------+-----------+-------+----------+
        |                |  Latency (cycles) | Iteration|  Initiation Interval  |  Trip |          |
        |    Loop Name   |   min   |   max   |  Latency |  achieved |   target  | Count | Pipelined|
        +----------------+---------+---------+----------+-----------+-----------+-------+----------+
        |- input_bucket  |    15625|    15625|         2|          1|          1|  15625|       yes|
        +----------------+---------+---------+----------+-----------+-----------+-------+----------+



================================================================
== Utilization Estimates
================================================================
* Summary: 
+---------------------+---------+------+---------+---------+-----+
|         Name        | BRAM_18K|  DSP |    FF   |   LUT   | URAM|
+---------------------+---------+------+---------+---------+-----+
|DSP                  |        -|     -|        -|        -|    -|
|Expression           |        -|     -|        0|      310|    -|
|FIFO                 |        -|     -|        -|        -|    -|
|Instance             |        -|     -|        0|      130|    -|
|Memory               |        -|     -|        -|        -|    -|
|Multiplexer          |        -|     -|        -|      502|    -|
|Register             |        -|     -|      133|        -|    -|
+---------------------+---------+------+---------+---------+-----+
|Total                |        0|     0|      133|      942|    0|
+---------------------+---------+------+---------+---------+-----+
|Available SLR        |     1344|  3008|   869120|   434560|  320|
+---------------------+---------+------+---------+---------+-----+
|Utilization SLR (%)  |        0|     0|       ~0|       ~0|    0|
+---------------------+---------+------+---------+---------+-----+
|Available            |     4032|  9024|  2607360|  1303680|  960|
+---------------------+---------+------+---------+---------+-----+
|Utilization (%)      |        0|     0|       ~0|       ~0|    0|
+---------------------+---------+------+---------+---------+-----+

+ Detail: 
    * Instance: 
    +----------------------+----------------+---------+----+---+----+-----+
    |       Instance       |     Module     | BRAM_18K| DSP| FF| LUT| URAM|
    +----------------------+----------------+---------+----+---+----+-----+
    |mux_164_32_1_1_U1470  |mux_164_32_1_1  |        0|   0|  0|  65|    0|
    |mux_164_32_1_1_U1471  |mux_164_32_1_1  |        0|   0|  0|  65|    0|
    +----------------------+----------------+---------+----+---+----+-----+
    |Total                 |                |        0|   0|  0| 130|    0|
    +----------------------+----------------+---------+----+---+----+-----+

    * DSP: 
    N/A

    * Memory: 
    N/A

    * FIFO: 
    N/A

    * Expression: 
    +--------------------------+----------+----+---+----+------------+------------+
    |       Variable Name      | Operation| DSP| FF| LUT| Bitwidth P0| Bitwidth P1|
    +--------------------------+----------+----+---+----+------------+------------+
    |add_ln40_fu_675_p2        |         +|   0|  0|  21|          14|           1|
    |add_ln41_fu_685_p2        |         +|   0|  0|  22|          15|          15|
    |add_ln43_fu_836_p2        |         +|   0|  0|  22|          15|          15|
    |bucket_pointer_fu_856_p2  |         +|   0|  0|  39|          32|           1|
    |bucket_sizes_fu_1070_p2   |         +|   0|  0|  39|          32|           1|
    |shifted_fu_785_p2         |      ashr|   0|  0|  92|          32|          32|
    |addr_cmp_fu_771_p2        |      icmp|   0|  0|  29|          64|          64|
    |icmp_ln40_fu_669_p2       |      icmp|   0|  0|  12|          14|          11|
    |reuse_select_fu_776_p3    |    select|   0|  0|  32|           1|          32|
    |ap_enable_pp0             |       xor|   0|  0|   2|           1|           2|
    +--------------------------+----------+----+---+----+------------+------------+
    |Total                     |          |   0|  0| 310|         220|         174|
    +--------------------------+----------+----+---+----+------------+------------+

    * Multiplexer: 
    +--------------------------+----+-----------+-----+-----------+
    |           Name           | LUT| Input Size| Bits| Total Bits|
    +--------------------------+----+-----------+-----+-----------+
    |ap_done_int               |   9|          2|    1|          2|
    |ap_enable_reg_pp0_iter1   |   9|          2|    1|          2|
    |ap_sig_allocacmp_j        |   9|          2|   14|         28|
    |bucket_pointer_100_out_o  |  14|          3|   32|         96|
    |bucket_pointer_101_out_o  |  14|          3|   32|         96|
    |bucket_pointer_102_out_o  |  14|          3|   32|         96|
    |bucket_pointer_103_out_o  |  14|          3|   32|         96|
    |bucket_pointer_104_out_o  |  14|          3|   32|         96|
    |bucket_pointer_105_out_o  |  14|          3|   32|         96|
    |bucket_pointer_106_out_o  |  14|          3|   32|         96|
    |bucket_pointer_107_out_o  |  14|          3|   32|         96|
    |bucket_pointer_108_out_o  |  14|          3|   32|         96|
    |bucket_pointer_109_out_o  |  14|          3|   32|         96|
    |bucket_pointer_110_out_o  |  14|          3|   32|         96|
    |bucket_pointer_111_out_o  |  14|          3|   32|         96|
    |bucket_pointer_112_out_o  |  14|          3|   32|         96|
    |bucket_pointer_113_out_o  |  14|          3|   32|         96|
    |bucket_pointer_98_out_o   |  14|          3|   32|         96|
    |bucket_pointer_99_out_o   |  14|          3|   32|         96|
    |bucket_sizes_258_out_o    |  14|          3|   32|         96|
    |bucket_sizes_259_out_o    |  14|          3|   32|         96|
    |bucket_sizes_260_out_o    |  14|          3|   32|         96|
    |bucket_sizes_261_out_o    |  14|          3|   32|         96|
    |bucket_sizes_262_out_o    |  14|          3|   32|         96|
    |bucket_sizes_263_out_o    |  14|          3|   32|         96|
    |bucket_sizes_264_out_o    |  14|          3|   32|         96|
    |bucket_sizes_265_out_o    |  14|          3|   32|         96|
    |bucket_sizes_266_out_o    |  14|          3|   32|         96|
    |bucket_sizes_267_out_o    |  14|          3|   32|         96|
    |bucket_sizes_268_out_o    |  14|          3|   32|         96|
    |bucket_sizes_269_out_o    |  14|          3|   32|         96|
    |bucket_sizes_270_out_o    |  14|          3|   32|         96|
    |bucket_sizes_271_out_o    |  14|          3|   32|         96|
    |bucket_sizes_272_out_o    |  14|          3|   32|         96|
    |bucket_sizes_273_out_o    |  14|          3|   32|         96|
    |j_2_fu_216                |   9|          2|   14|         28|
    |reuse_addr_reg_fu_208     |   9|          2|   64|        128|
    |reuse_reg_fu_212          |   9|          2|   32|         64|
    +--------------------------+----+-----------+-----+-----------+
    |Total                     | 502|        108| 1150|       3324|
    +--------------------------+----+-----------+-----+-----------+

    * Register: 
    +--------------------------+----+----+-----+-----------+
    |           Name           | FF | LUT| Bits| Const Bits|
    +--------------------------+----+----+-----+-----------+
    |ap_CS_fsm                 |   1|   0|    1|          0|
    |ap_done_reg               |   1|   0|    1|          0|
    |ap_enable_reg_pp0_iter1   |   1|   0|    1|          0|
    |j_2_fu_216                |  14|   0|   14|          0|
    |mul_cast_i_cast_reg_1198  |   5|   0|   32|         27|
    |reuse_addr_reg_fu_208     |  64|   0|   64|          0|
    |reuse_reg_fu_212          |  32|   0|   32|          0|
    |zext_ln41_2_reg_1206      |  15|   0|   64|         49|
    +--------------------------+----+----+-----+-----------+
    |Total                     | 133|   0|  209|         76|
    +--------------------------+----+----+-----+-----------+



================================================================
== Interface
================================================================
* Summary: 
+---------------------------------+-----+-----+------------+------------------------------------------------+--------------+
|            RTL Ports            | Dir | Bits|  Protocol  |                  Source Object                 |    C Type    |
+---------------------------------+-----+-----+------------+------------------------------------------------+--------------+
|ap_clk                           |   in|    1|  ap_ctrl_hs|  radix_sort_hex_batch.8.1_Pipeline_input_bucket|  return value|
|ap_rst                           |   in|    1|  ap_ctrl_hs|  radix_sort_hex_batch.8.1_Pipeline_input_bucket|  return value|
|ap_start                         |   in|    1|  ap_ctrl_hs|  radix_sort_hex_batch.8.1_Pipeline_input_bucket|  return value|
|ap_done                          |  out|    1|  ap_ctrl_hs|  radix_sort_hex_batch.8.1_Pipeline_input_bucket|  return value|
|ap_idle                          |  out|    1|  ap_ctrl_hs|  radix_sort_hex_batch.8.1_Pipeline_input_bucket|  return value|
|ap_ready                         |  out|    1|  ap_ctrl_hs|  radix_sort_hex_batch.8.1_Pipeline_input_bucket|  return value|
|bucket_sizes_241_reload          |   in|   32|     ap_none|                         bucket_sizes_241_reload|        scalar|
|bucket_sizes_240_reload          |   in|   32|     ap_none|                         bucket_sizes_240_reload|        scalar|
|bucket_sizes_239_reload          |   in|   32|     ap_none|                         bucket_sizes_239_reload|        scalar|
|bucket_sizes_238_reload          |   in|   32|     ap_none|                         bucket_sizes_238_reload|        scalar|
|bucket_sizes_237_reload          |   in|   32|     ap_none|                         bucket_sizes_237_reload|        scalar|
|bucket_sizes_236_reload          |   in|   32|     ap_none|                         bucket_sizes_236_reload|        scalar|
|bucket_sizes_235_reload          |   in|   32|     ap_none|                         bucket_sizes_235_reload|        scalar|
|bucket_sizes_234_reload          |   in|   32|     ap_none|                         bucket_sizes_234_reload|        scalar|
|bucket_sizes_233_reload          |   in|   32|     ap_none|                         bucket_sizes_233_reload|        scalar|
|bucket_sizes_232_reload          |   in|   32|     ap_none|                         bucket_sizes_232_reload|        scalar|
|bucket_sizes_231_reload          |   in|   32|     ap_none|                         bucket_sizes_231_reload|        scalar|
|bucket_sizes_230_reload          |   in|   32|     ap_none|                         bucket_sizes_230_reload|        scalar|
|bucket_sizes_229_reload          |   in|   32|     ap_none|                         bucket_sizes_229_reload|        scalar|
|bucket_sizes_228_reload          |   in|   32|     ap_none|                         bucket_sizes_228_reload|        scalar|
|bucket_sizes_227_reload          |   in|   32|     ap_none|                         bucket_sizes_227_reload|        scalar|
|bucket_sizes_226_reload          |   in|   32|     ap_none|                         bucket_sizes_226_reload|        scalar|
|bucket_pointer_96_reload         |   in|   32|     ap_none|                        bucket_pointer_96_reload|        scalar|
|bucket_pointer_95_reload         |   in|   32|     ap_none|                        bucket_pointer_95_reload|        scalar|
|bucket_pointer_94_reload         |   in|   32|     ap_none|                        bucket_pointer_94_reload|        scalar|
|bucket_pointer_93_reload         |   in|   32|     ap_none|                        bucket_pointer_93_reload|        scalar|
|bucket_pointer_92_reload         |   in|   32|     ap_none|                        bucket_pointer_92_reload|        scalar|
|bucket_pointer_91_reload         |   in|   32|     ap_none|                        bucket_pointer_91_reload|        scalar|
|bucket_pointer_90_reload         |   in|   32|     ap_none|                        bucket_pointer_90_reload|        scalar|
|bucket_pointer_89_reload         |   in|   32|     ap_none|                        bucket_pointer_89_reload|        scalar|
|bucket_pointer_88_reload         |   in|   32|     ap_none|                        bucket_pointer_88_reload|        scalar|
|bucket_pointer_87_reload         |   in|   32|     ap_none|                        bucket_pointer_87_reload|        scalar|
|bucket_pointer_86_reload         |   in|   32|     ap_none|                        bucket_pointer_86_reload|        scalar|
|bucket_pointer_85_reload         |   in|   32|     ap_none|                        bucket_pointer_85_reload|        scalar|
|bucket_pointer_84_reload         |   in|   32|     ap_none|                        bucket_pointer_84_reload|        scalar|
|bucket_pointer_83_reload         |   in|   32|     ap_none|                        bucket_pointer_83_reload|        scalar|
|bucket_pointer_82_reload         |   in|   32|     ap_none|                        bucket_pointer_82_reload|        scalar|
|bucket_pointer_81_reload         |   in|   32|     ap_none|                        bucket_pointer_81_reload|        scalar|
|mul_ln41                         |   in|   15|     ap_none|                                        mul_ln41|        scalar|
|bucket_address0                  |  out|   15|   ap_memory|                                          bucket|         array|
|bucket_ce0                       |  out|    1|   ap_memory|                                          bucket|         array|
|bucket_we0                       |  out|    1|   ap_memory|                                          bucket|         array|
|bucket_d0                        |  out|   32|   ap_memory|                                          bucket|         array|
|bucket_address1                  |  out|   15|   ap_memory|                                          bucket|         array|
|bucket_ce1                       |  out|    1|   ap_memory|                                          bucket|         array|
|bucket_q1                        |   in|   32|   ap_memory|                                          bucket|         array|
|mul_cast_i                       |   in|    5|     ap_none|                                      mul_cast_i|        scalar|
|mul_ln43                         |   in|   15|     ap_none|                                        mul_ln43|        scalar|
|bucket_sizes_273_out_i           |   in|   32|     ap_ovld|                            bucket_sizes_273_out|       pointer|
|bucket_sizes_273_out_o           |  out|   32|     ap_ovld|                            bucket_sizes_273_out|       pointer|
|bucket_sizes_273_out_o_ap_vld    |  out|    1|     ap_ovld|                            bucket_sizes_273_out|       pointer|
|bucket_sizes_272_out_i           |   in|   32|     ap_ovld|                            bucket_sizes_272_out|       pointer|
|bucket_sizes_272_out_o           |  out|   32|     ap_ovld|                            bucket_sizes_272_out|       pointer|
|bucket_sizes_272_out_o_ap_vld    |  out|    1|     ap_ovld|                            bucket_sizes_272_out|       pointer|
|bucket_sizes_271_out_i           |   in|   32|     ap_ovld|                            bucket_sizes_271_out|       pointer|
|bucket_sizes_271_out_o           |  out|   32|     ap_ovld|                            bucket_sizes_271_out|       pointer|
|bucket_sizes_271_out_o_ap_vld    |  out|    1|     ap_ovld|                            bucket_sizes_271_out|       pointer|
|bucket_sizes_270_out_i           |   in|   32|     ap_ovld|                            bucket_sizes_270_out|       pointer|
|bucket_sizes_270_out_o           |  out|   32|     ap_ovld|                            bucket_sizes_270_out|       pointer|
|bucket_sizes_270_out_o_ap_vld    |  out|    1|     ap_ovld|                            bucket_sizes_270_out|       pointer|
|bucket_sizes_269_out_i           |   in|   32|     ap_ovld|                            bucket_sizes_269_out|       pointer|
|bucket_sizes_269_out_o           |  out|   32|     ap_ovld|                            bucket_sizes_269_out|       pointer|
|bucket_sizes_269_out_o_ap_vld    |  out|    1|     ap_ovld|                            bucket_sizes_269_out|       pointer|
|bucket_sizes_268_out_i           |   in|   32|     ap_ovld|                            bucket_sizes_268_out|       pointer|
|bucket_sizes_268_out_o           |  out|   32|     ap_ovld|                            bucket_sizes_268_out|       pointer|
|bucket_sizes_268_out_o_ap_vld    |  out|    1|     ap_ovld|                            bucket_sizes_268_out|       pointer|
|bucket_sizes_267_out_i           |   in|   32|     ap_ovld|                            bucket_sizes_267_out|       pointer|
|bucket_sizes_267_out_o           |  out|   32|     ap_ovld|                            bucket_sizes_267_out|       pointer|
|bucket_sizes_267_out_o_ap_vld    |  out|    1|     ap_ovld|                            bucket_sizes_267_out|       pointer|
|bucket_sizes_266_out_i           |   in|   32|     ap_ovld|                            bucket_sizes_266_out|       pointer|
|bucket_sizes_266_out_o           |  out|   32|     ap_ovld|                            bucket_sizes_266_out|       pointer|
|bucket_sizes_266_out_o_ap_vld    |  out|    1|     ap_ovld|                            bucket_sizes_266_out|       pointer|
|bucket_sizes_265_out_i           |   in|   32|     ap_ovld|                            bucket_sizes_265_out|       pointer|
|bucket_sizes_265_out_o           |  out|   32|     ap_ovld|                            bucket_sizes_265_out|       pointer|
|bucket_sizes_265_out_o_ap_vld    |  out|    1|     ap_ovld|                            bucket_sizes_265_out|       pointer|
|bucket_sizes_264_out_i           |   in|   32|     ap_ovld|                            bucket_sizes_264_out|       pointer|
|bucket_sizes_264_out_o           |  out|   32|     ap_ovld|                            bucket_sizes_264_out|       pointer|
|bucket_sizes_264_out_o_ap_vld    |  out|    1|     ap_ovld|                            bucket_sizes_264_out|       pointer|
|bucket_sizes_263_out_i           |   in|   32|     ap_ovld|                            bucket_sizes_263_out|       pointer|
|bucket_sizes_263_out_o           |  out|   32|     ap_ovld|                            bucket_sizes_263_out|       pointer|
|bucket_sizes_263_out_o_ap_vld    |  out|    1|     ap_ovld|                            bucket_sizes_263_out|       pointer|
|bucket_sizes_262_out_i           |   in|   32|     ap_ovld|                            bucket_sizes_262_out|       pointer|
|bucket_sizes_262_out_o           |  out|   32|     ap_ovld|                            bucket_sizes_262_out|       pointer|
|bucket_sizes_262_out_o_ap_vld    |  out|    1|     ap_ovld|                            bucket_sizes_262_out|       pointer|
|bucket_sizes_261_out_i           |   in|   32|     ap_ovld|                            bucket_sizes_261_out|       pointer|
|bucket_sizes_261_out_o           |  out|   32|     ap_ovld|                            bucket_sizes_261_out|       pointer|
|bucket_sizes_261_out_o_ap_vld    |  out|    1|     ap_ovld|                            bucket_sizes_261_out|       pointer|
|bucket_sizes_260_out_i           |   in|   32|     ap_ovld|                            bucket_sizes_260_out|       pointer|
|bucket_sizes_260_out_o           |  out|   32|     ap_ovld|                            bucket_sizes_260_out|       pointer|
|bucket_sizes_260_out_o_ap_vld    |  out|    1|     ap_ovld|                            bucket_sizes_260_out|       pointer|
|bucket_sizes_259_out_i           |   in|   32|     ap_ovld|                            bucket_sizes_259_out|       pointer|
|bucket_sizes_259_out_o           |  out|   32|     ap_ovld|                            bucket_sizes_259_out|       pointer|
|bucket_sizes_259_out_o_ap_vld    |  out|    1|     ap_ovld|                            bucket_sizes_259_out|       pointer|
|bucket_sizes_258_out_i           |   in|   32|     ap_ovld|                            bucket_sizes_258_out|       pointer|
|bucket_sizes_258_out_o           |  out|   32|     ap_ovld|                            bucket_sizes_258_out|       pointer|
|bucket_sizes_258_out_o_ap_vld    |  out|    1|     ap_ovld|                            bucket_sizes_258_out|       pointer|
|bucket_pointer_113_out_i         |   in|   32|     ap_ovld|                          bucket_pointer_113_out|       pointer|
|bucket_pointer_113_out_o         |  out|   32|     ap_ovld|                          bucket_pointer_113_out|       pointer|
|bucket_pointer_113_out_o_ap_vld  |  out|    1|     ap_ovld|                          bucket_pointer_113_out|       pointer|
|bucket_pointer_112_out_i         |   in|   32|     ap_ovld|                          bucket_pointer_112_out|       pointer|
|bucket_pointer_112_out_o         |  out|   32|     ap_ovld|                          bucket_pointer_112_out|       pointer|
|bucket_pointer_112_out_o_ap_vld  |  out|    1|     ap_ovld|                          bucket_pointer_112_out|       pointer|
|bucket_pointer_111_out_i         |   in|   32|     ap_ovld|                          bucket_pointer_111_out|       pointer|
|bucket_pointer_111_out_o         |  out|   32|     ap_ovld|                          bucket_pointer_111_out|       pointer|
|bucket_pointer_111_out_o_ap_vld  |  out|    1|     ap_ovld|                          bucket_pointer_111_out|       pointer|
|bucket_pointer_110_out_i         |   in|   32|     ap_ovld|                          bucket_pointer_110_out|       pointer|
|bucket_pointer_110_out_o         |  out|   32|     ap_ovld|                          bucket_pointer_110_out|       pointer|
|bucket_pointer_110_out_o_ap_vld  |  out|    1|     ap_ovld|                          bucket_pointer_110_out|       pointer|
|bucket_pointer_109_out_i         |   in|   32|     ap_ovld|                          bucket_pointer_109_out|       pointer|
|bucket_pointer_109_out_o         |  out|   32|     ap_ovld|                          bucket_pointer_109_out|       pointer|
|bucket_pointer_109_out_o_ap_vld  |  out|    1|     ap_ovld|                          bucket_pointer_109_out|       pointer|
|bucket_pointer_108_out_i         |   in|   32|     ap_ovld|                          bucket_pointer_108_out|       pointer|
|bucket_pointer_108_out_o         |  out|   32|     ap_ovld|                          bucket_pointer_108_out|       pointer|
|bucket_pointer_108_out_o_ap_vld  |  out|    1|     ap_ovld|                          bucket_pointer_108_out|       pointer|
|bucket_pointer_107_out_i         |   in|   32|     ap_ovld|                          bucket_pointer_107_out|       pointer|
|bucket_pointer_107_out_o         |  out|   32|     ap_ovld|                          bucket_pointer_107_out|       pointer|
|bucket_pointer_107_out_o_ap_vld  |  out|    1|     ap_ovld|                          bucket_pointer_107_out|       pointer|
|bucket_pointer_106_out_i         |   in|   32|     ap_ovld|                          bucket_pointer_106_out|       pointer|
|bucket_pointer_106_out_o         |  out|   32|     ap_ovld|                          bucket_pointer_106_out|       pointer|
|bucket_pointer_106_out_o_ap_vld  |  out|    1|     ap_ovld|                          bucket_pointer_106_out|       pointer|
|bucket_pointer_105_out_i         |   in|   32|     ap_ovld|                          bucket_pointer_105_out|       pointer|
|bucket_pointer_105_out_o         |  out|   32|     ap_ovld|                          bucket_pointer_105_out|       pointer|
|bucket_pointer_105_out_o_ap_vld  |  out|    1|     ap_ovld|                          bucket_pointer_105_out|       pointer|
|bucket_pointer_104_out_i         |   in|   32|     ap_ovld|                          bucket_pointer_104_out|       pointer|
|bucket_pointer_104_out_o         |  out|   32|     ap_ovld|                          bucket_pointer_104_out|       pointer|
|bucket_pointer_104_out_o_ap_vld  |  out|    1|     ap_ovld|                          bucket_pointer_104_out|       pointer|
|bucket_pointer_103_out_i         |   in|   32|     ap_ovld|                          bucket_pointer_103_out|       pointer|
|bucket_pointer_103_out_o         |  out|   32|     ap_ovld|                          bucket_pointer_103_out|       pointer|
|bucket_pointer_103_out_o_ap_vld  |  out|    1|     ap_ovld|                          bucket_pointer_103_out|       pointer|
|bucket_pointer_102_out_i         |   in|   32|     ap_ovld|                          bucket_pointer_102_out|       pointer|
|bucket_pointer_102_out_o         |  out|   32|     ap_ovld|                          bucket_pointer_102_out|       pointer|
|bucket_pointer_102_out_o_ap_vld  |  out|    1|     ap_ovld|                          bucket_pointer_102_out|       pointer|
|bucket_pointer_101_out_i         |   in|   32|     ap_ovld|                          bucket_pointer_101_out|       pointer|
|bucket_pointer_101_out_o         |  out|   32|     ap_ovld|                          bucket_pointer_101_out|       pointer|
|bucket_pointer_101_out_o_ap_vld  |  out|    1|     ap_ovld|                          bucket_pointer_101_out|       pointer|
|bucket_pointer_100_out_i         |   in|   32|     ap_ovld|                          bucket_pointer_100_out|       pointer|
|bucket_pointer_100_out_o         |  out|   32|     ap_ovld|                          bucket_pointer_100_out|       pointer|
|bucket_pointer_100_out_o_ap_vld  |  out|    1|     ap_ovld|                          bucket_pointer_100_out|       pointer|
|bucket_pointer_99_out_i          |   in|   32|     ap_ovld|                           bucket_pointer_99_out|       pointer|
|bucket_pointer_99_out_o          |  out|   32|     ap_ovld|                           bucket_pointer_99_out|       pointer|
|bucket_pointer_99_out_o_ap_vld   |  out|    1|     ap_ovld|                           bucket_pointer_99_out|       pointer|
|bucket_pointer_98_out_i          |   in|   32|     ap_ovld|                           bucket_pointer_98_out|       pointer|
|bucket_pointer_98_out_o          |  out|   32|     ap_ovld|                           bucket_pointer_98_out|       pointer|
|bucket_pointer_98_out_o_ap_vld   |  out|    1|     ap_ovld|                           bucket_pointer_98_out|       pointer|
+---------------------------------+-----+-----+------------+------------------------------------------------+--------------+

