

================================================================
== Vitis HLS Report for 'radix_sort_hex_batch_14_1_Pipeline_bucket_pointer_initialization'
================================================================
* Date:           Mon Apr 24 22:41:54 2023

* Version:        2022.2 (Build 3670227 on Oct 13 2022)
* Project:        sort_seperate_bucket
* Solution:       solution1 (Vivado IP Flow Target)
* Product family: virtexuplus
* Target device:  xcu280-fsvh2892-2L-e


================================================================
== Performance Estimates
================================================================
+ Timing: 
    * Summary: 
    +--------+----------+----------+------------+
    |  Clock |  Target  | Estimated| Uncertainty|
    +--------+----------+----------+------------+
    |ap_clk  |  10.00 ns|  1.760 ns|     2.70 ns|
    +--------+----------+----------+------------+

+ Latency: 
    * Summary: 
    +---------+---------+----------+----------+-----+-----+---------+
    |  Latency (cycles) |  Latency (absolute) |  Interval | Pipeline|
    |   min   |   max   |    min   |    max   | min | max |   Type  |
    +---------+---------+----------+----------+-----+-----+---------+
    |       18|       18|  0.180 us|  0.180 us|   18|   18|       no|
    +---------+---------+----------+----------+-----+-----+---------+

    + Detail: 
        * Instance: 
        N/A

        * Loop: 
        +---------------------------------+---------+---------+----------+-----------+-----------+------+----------+
        |                                 |  Latency (cycles) | Iteration|  Initiation Interval  | Trip |          |
        |            Loop Name            |   min   |   max   |  Latency |  achieved |   target  | Count| Pipelined|
        +---------------------------------+---------+---------+----------+-----------+-----------+------+----------+
        |- bucket_pointer_initialization  |       16|       16|         1|          1|          1|    16|       yes|
        +---------------------------------+---------+---------+----------+-----------+-----------+------+----------+



================================================================
== Utilization Estimates
================================================================
* Summary: 
+---------------------+---------+------+---------+---------+-----+
|         Name        | BRAM_18K|  DSP |    FF   |   LUT   | URAM|
+---------------------+---------+------+---------+---------+-----+
|DSP                  |        -|     -|        -|        -|    -|
|Expression           |        -|     -|        0|       95|    -|
|FIFO                 |        -|     -|        -|        -|    -|
|Instance             |        -|     -|        0|       65|    -|
|Memory               |        -|     -|        -|        -|    -|
|Multiplexer          |        -|     -|        -|      324|    -|
|Register             |        -|     -|     1064|        -|    -|
+---------------------+---------+------+---------+---------+-----+
|Total                |        0|     0|     1064|      484|    0|
+---------------------+---------+------+---------+---------+-----+
|Available SLR        |     1344|  3008|   869120|   434560|  320|
+---------------------+---------+------+---------+---------+-----+
|Utilization SLR (%)  |        0|     0|       ~0|       ~0|    0|
+---------------------+---------+------+---------+---------+-----+
|Available            |     4032|  9024|  2607360|  1303680|  960|
+---------------------+---------+------+---------+---------+-----+
|Utilization (%)      |        0|     0|       ~0|       ~0|    0|
+---------------------+---------+------+---------+---------+-----+

+ Detail: 
    * Instance: 
    +----------------------+----------------+---------+----+---+----+-----+
    |       Instance       |     Module     | BRAM_18K| DSP| FF| LUT| URAM|
    +----------------------+----------------+---------+----+---+----+-----+
    |mux_164_32_1_1_U2563  |mux_164_32_1_1  |        0|   0|  0|  65|    0|
    +----------------------+----------------+---------+----+---+----+-----+
    |Total                 |                |        0|   0|  0|  65|    0|
    +----------------------+----------------+---------+----+---+----+-----+

    * DSP: 
    N/A

    * Memory: 
    N/A

    * FIFO: 
    N/A

    * Expression: 
    +--------------------------------+----------+----+---+----+------------+------------+
    |          Variable Name         | Operation| DSP| FF| LUT| Bitwidth P0| Bitwidth P1|
    +--------------------------------+----------+----+---+----+------------+------------+
    |add_ln33_fu_922_p2              |         +|   0|  0|  12|           5|           1|
    |next_bucket_pointer_fu_1018_p2  |         +|   0|  0|  39|          32|          32|
    |ap_condition_505                |       and|   0|  0|   2|           1|           1|
    |ap_condition_508                |       and|   0|  0|   2|           1|           1|
    |ap_condition_511                |       and|   0|  0|   2|           1|           1|
    |ap_condition_514                |       and|   0|  0|   2|           1|           1|
    |ap_condition_517                |       and|   0|  0|   2|           1|           1|
    |ap_condition_520                |       and|   0|  0|   2|           1|           1|
    |ap_condition_523                |       and|   0|  0|   2|           1|           1|
    |ap_condition_526                |       and|   0|  0|   2|           1|           1|
    |ap_condition_529                |       and|   0|  0|   2|           1|           1|
    |ap_condition_532                |       and|   0|  0|   2|           1|           1|
    |ap_condition_535                |       and|   0|  0|   2|           1|           1|
    |ap_condition_538                |       and|   0|  0|   2|           1|           1|
    |ap_condition_541                |       and|   0|  0|   2|           1|           1|
    |ap_condition_544                |       and|   0|  0|   2|           1|           1|
    |ap_condition_547                |       and|   0|  0|   2|           1|           1|
    |ap_condition_550                |       and|   0|  0|   2|           1|           1|
    |icmp_ln33_fu_916_p2             |      icmp|   0|  0|  10|           5|           6|
    |ap_enable_pp0                   |       xor|   0|  0|   2|           1|           2|
    +--------------------------------+----------+----+---+----+------------+------------+
    |Total                           |          |   0|  0|  95|          59|          57|
    +--------------------------------+----------+----+---+----+------------+------------+

    * Multiplexer: 
    +----------------------------+----+-----------+-----+-----------+
    |            Name            | LUT| Input Size| Bits| Total Bits|
    +----------------------------+----+-----------+-----+-----------+
    |ap_done_int                 |   9|          2|    1|          2|
    |ap_enable_reg_pp0_iter1     |   9|          2|    1|          2|
    |bucket_pointer_1939_fu_192  |   9|          2|   32|         64|
    |bucket_pointer_1940_fu_196  |   9|          2|   32|         64|
    |bucket_pointer_1941_fu_200  |   9|          2|   32|         64|
    |bucket_pointer_1942_fu_204  |   9|          2|   32|         64|
    |bucket_pointer_1943_fu_208  |   9|          2|   32|         64|
    |bucket_pointer_1944_fu_212  |   9|          2|   32|         64|
    |bucket_pointer_1945_fu_216  |   9|          2|   32|         64|
    |bucket_pointer_1946_fu_220  |   9|          2|   32|         64|
    |bucket_pointer_1947_fu_224  |   9|          2|   32|         64|
    |bucket_pointer_1948_fu_228  |   9|          2|   32|         64|
    |bucket_pointer_1949_fu_232  |   9|          2|   32|         64|
    |bucket_pointer_1950_fu_236  |   9|          2|   32|         64|
    |bucket_pointer_1951_fu_240  |   9|          2|   32|         64|
    |bucket_pointer_1952_fu_244  |   9|          2|   32|         64|
    |bucket_pointer_1953_fu_248  |   9|          2|   32|         64|
    |bucket_pointer_1954_fu_252  |   9|          2|   32|         64|
    |bucket_pointer_1955_fu_256  |   9|          2|   32|         64|
    |bucket_sizes_2551_fu_264    |   9|          2|   32|         64|
    |bucket_sizes_2552_fu_268    |   9|          2|   32|         64|
    |bucket_sizes_2553_fu_272    |   9|          2|   32|         64|
    |bucket_sizes_2554_fu_276    |   9|          2|   32|         64|
    |bucket_sizes_2555_fu_280    |   9|          2|   32|         64|
    |bucket_sizes_2556_fu_284    |   9|          2|   32|         64|
    |bucket_sizes_2557_fu_288    |   9|          2|   32|         64|
    |bucket_sizes_2558_fu_292    |   9|          2|   32|         64|
    |bucket_sizes_2559_fu_296    |   9|          2|   32|         64|
    |bucket_sizes_2560_fu_300    |   9|          2|   32|         64|
    |bucket_sizes_2561_fu_304    |   9|          2|   32|         64|
    |bucket_sizes_2562_fu_308    |   9|          2|   32|         64|
    |bucket_sizes_2563_fu_312    |   9|          2|   32|         64|
    |bucket_sizes_2564_fu_316    |   9|          2|   32|         64|
    |bucket_sizes_2565_fu_320    |   9|          2|   32|         64|
    |bucket_sizes_fu_260         |   9|          2|   32|         64|
    |m_fu_188                    |   9|          2|    5|         10|
    +----------------------------+----+-----------+-----+-----------+
    |Total                       | 324|         72| 1063|       2126|
    +----------------------------+----+-----------+-----+-----------+

    * Register: 
    +----------------------------+----+----+-----+-----------+
    |            Name            | FF | LUT| Bits| Const Bits|
    +----------------------------+----+----+-----+-----------+
    |ap_CS_fsm                   |   1|   0|    1|          0|
    |ap_done_reg                 |   1|   0|    1|          0|
    |ap_enable_reg_pp0_iter1     |   1|   0|    1|          0|
    |bucket_pointer_1939_fu_192  |  32|   0|   32|          0|
    |bucket_pointer_1940_fu_196  |  32|   0|   32|          0|
    |bucket_pointer_1941_fu_200  |  32|   0|   32|          0|
    |bucket_pointer_1942_fu_204  |  32|   0|   32|          0|
    |bucket_pointer_1943_fu_208  |  32|   0|   32|          0|
    |bucket_pointer_1944_fu_212  |  32|   0|   32|          0|
    |bucket_pointer_1945_fu_216  |  32|   0|   32|          0|
    |bucket_pointer_1946_fu_220  |  32|   0|   32|          0|
    |bucket_pointer_1947_fu_224  |  32|   0|   32|          0|
    |bucket_pointer_1948_fu_228  |  32|   0|   32|          0|
    |bucket_pointer_1949_fu_232  |  32|   0|   32|          0|
    |bucket_pointer_1950_fu_236  |  32|   0|   32|          0|
    |bucket_pointer_1951_fu_240  |  32|   0|   32|          0|
    |bucket_pointer_1952_fu_244  |  32|   0|   32|          0|
    |bucket_pointer_1953_fu_248  |  32|   0|   32|          0|
    |bucket_pointer_1954_fu_252  |  32|   0|   32|          0|
    |bucket_pointer_1955_fu_256  |  32|   0|   32|          0|
    |bucket_sizes_2551_fu_264    |  32|   0|   32|          0|
    |bucket_sizes_2552_fu_268    |  32|   0|   32|          0|
    |bucket_sizes_2553_fu_272    |  32|   0|   32|          0|
    |bucket_sizes_2554_fu_276    |  32|   0|   32|          0|
    |bucket_sizes_2555_fu_280    |  32|   0|   32|          0|
    |bucket_sizes_2556_fu_284    |  32|   0|   32|          0|
    |bucket_sizes_2557_fu_288    |  32|   0|   32|          0|
    |bucket_sizes_2558_fu_292    |  32|   0|   32|          0|
    |bucket_sizes_2559_fu_296    |  32|   0|   32|          0|
    |bucket_sizes_2560_fu_300    |  32|   0|   32|          0|
    |bucket_sizes_2561_fu_304    |  32|   0|   32|          0|
    |bucket_sizes_2562_fu_308    |  32|   0|   32|          0|
    |bucket_sizes_2563_fu_312    |  32|   0|   32|          0|
    |bucket_sizes_2564_fu_316    |  32|   0|   32|          0|
    |bucket_sizes_2565_fu_320    |  32|   0|   32|          0|
    |bucket_sizes_fu_260         |  32|   0|   32|          0|
    |m_fu_188                    |   5|   0|    5|          0|
    +----------------------------+----+----+-----+-----------+
    |Total                       |1064|   0| 1064|          0|
    +----------------------------+----+----+-----+-----------+



================================================================
== Interface
================================================================
* Summary: 
+--------------------------------+-----+-----+------------+------------------------------------------------------------------+--------------+
|            RTL Ports           | Dir | Bits|  Protocol  |                           Source Object                          |    C Type    |
+--------------------------------+-----+-----+------------+------------------------------------------------------------------+--------------+
|ap_clk                          |   in|    1|  ap_ctrl_hs|  radix_sort_hex_batch.14.1_Pipeline_bucket_pointer_initialization|  return value|
|ap_rst                          |   in|    1|  ap_ctrl_hs|  radix_sort_hex_batch.14.1_Pipeline_bucket_pointer_initialization|  return value|
|ap_start                        |   in|    1|  ap_ctrl_hs|  radix_sort_hex_batch.14.1_Pipeline_bucket_pointer_initialization|  return value|
|ap_done                         |  out|    1|  ap_ctrl_hs|  radix_sort_hex_batch.14.1_Pipeline_bucket_pointer_initialization|  return value|
|ap_idle                         |  out|    1|  ap_ctrl_hs|  radix_sort_hex_batch.14.1_Pipeline_bucket_pointer_initialization|  return value|
|ap_ready                        |  out|    1|  ap_ctrl_hs|  radix_sort_hex_batch.14.1_Pipeline_bucket_pointer_initialization|  return value|
|bucket_sizes_8345               |   in|   32|     ap_none|                                                 bucket_sizes_8345|        scalar|
|bucket_sizes_8344               |   in|   32|     ap_none|                                                 bucket_sizes_8344|        scalar|
|bucket_sizes_8343               |   in|   32|     ap_none|                                                 bucket_sizes_8343|        scalar|
|bucket_sizes_8342               |   in|   32|     ap_none|                                                 bucket_sizes_8342|        scalar|
|bucket_sizes_8341               |   in|   32|     ap_none|                                                 bucket_sizes_8341|        scalar|
|bucket_sizes_8340               |   in|   32|     ap_none|                                                 bucket_sizes_8340|        scalar|
|bucket_sizes_8339               |   in|   32|     ap_none|                                                 bucket_sizes_8339|        scalar|
|bucket_sizes_8338               |   in|   32|     ap_none|                                                 bucket_sizes_8338|        scalar|
|bucket_sizes_8337               |   in|   32|     ap_none|                                                 bucket_sizes_8337|        scalar|
|bucket_sizes_8336               |   in|   32|     ap_none|                                                 bucket_sizes_8336|        scalar|
|bucket_sizes_8335               |   in|   32|     ap_none|                                                 bucket_sizes_8335|        scalar|
|bucket_sizes_8334               |   in|   32|     ap_none|                                                 bucket_sizes_8334|        scalar|
|bucket_sizes_8333               |   in|   32|     ap_none|                                                 bucket_sizes_8333|        scalar|
|bucket_sizes_8332               |   in|   32|     ap_none|                                                 bucket_sizes_8332|        scalar|
|bucket_sizes_8331               |   in|   32|     ap_none|                                                 bucket_sizes_8331|        scalar|
|bucket_sizes_8330               |   in|   32|     ap_none|                                                 bucket_sizes_8330|        scalar|
|bucket_pointer_3720             |   in|   32|     ap_none|                                               bucket_pointer_3720|        scalar|
|bucket_pointer_3719             |   in|   32|     ap_none|                                               bucket_pointer_3719|        scalar|
|bucket_pointer_3718             |   in|   32|     ap_none|                                               bucket_pointer_3718|        scalar|
|bucket_pointer_3717             |   in|   32|     ap_none|                                               bucket_pointer_3717|        scalar|
|bucket_pointer_3716             |   in|   32|     ap_none|                                               bucket_pointer_3716|        scalar|
|bucket_pointer_3715             |   in|   32|     ap_none|                                               bucket_pointer_3715|        scalar|
|bucket_pointer_3714             |   in|   32|     ap_none|                                               bucket_pointer_3714|        scalar|
|bucket_pointer_3713             |   in|   32|     ap_none|                                               bucket_pointer_3713|        scalar|
|bucket_pointer_3712             |   in|   32|     ap_none|                                               bucket_pointer_3712|        scalar|
|bucket_pointer_3711             |   in|   32|     ap_none|                                               bucket_pointer_3711|        scalar|
|bucket_pointer_3710             |   in|   32|     ap_none|                                               bucket_pointer_3710|        scalar|
|bucket_pointer_3709             |   in|   32|     ap_none|                                               bucket_pointer_3709|        scalar|
|bucket_pointer_3708             |   in|   32|     ap_none|                                               bucket_pointer_3708|        scalar|
|bucket_pointer_3707             |   in|   32|     ap_none|                                               bucket_pointer_3707|        scalar|
|bucket_pointer_3706             |   in|   32|     ap_none|                                               bucket_pointer_3706|        scalar|
|bucket_pointer                  |   in|   32|     ap_none|                                                    bucket_pointer|        scalar|
|bucket_sizes_8361_out           |  out|   32|      ap_vld|                                             bucket_sizes_8361_out|       pointer|
|bucket_sizes_8361_out_ap_vld    |  out|    1|      ap_vld|                                             bucket_sizes_8361_out|       pointer|
|bucket_sizes_8360_out           |  out|   32|      ap_vld|                                             bucket_sizes_8360_out|       pointer|
|bucket_sizes_8360_out_ap_vld    |  out|    1|      ap_vld|                                             bucket_sizes_8360_out|       pointer|
|bucket_sizes_8359_out           |  out|   32|      ap_vld|                                             bucket_sizes_8359_out|       pointer|
|bucket_sizes_8359_out_ap_vld    |  out|    1|      ap_vld|                                             bucket_sizes_8359_out|       pointer|
|bucket_sizes_8358_out           |  out|   32|      ap_vld|                                             bucket_sizes_8358_out|       pointer|
|bucket_sizes_8358_out_ap_vld    |  out|    1|      ap_vld|                                             bucket_sizes_8358_out|       pointer|
|bucket_sizes_8357_out           |  out|   32|      ap_vld|                                             bucket_sizes_8357_out|       pointer|
|bucket_sizes_8357_out_ap_vld    |  out|    1|      ap_vld|                                             bucket_sizes_8357_out|       pointer|
|bucket_sizes_8356_out           |  out|   32|      ap_vld|                                             bucket_sizes_8356_out|       pointer|
|bucket_sizes_8356_out_ap_vld    |  out|    1|      ap_vld|                                             bucket_sizes_8356_out|       pointer|
|bucket_sizes_8355_out           |  out|   32|      ap_vld|                                             bucket_sizes_8355_out|       pointer|
|bucket_sizes_8355_out_ap_vld    |  out|    1|      ap_vld|                                             bucket_sizes_8355_out|       pointer|
|bucket_sizes_8354_out           |  out|   32|      ap_vld|                                             bucket_sizes_8354_out|       pointer|
|bucket_sizes_8354_out_ap_vld    |  out|    1|      ap_vld|                                             bucket_sizes_8354_out|       pointer|
|bucket_sizes_8353_out           |  out|   32|      ap_vld|                                             bucket_sizes_8353_out|       pointer|
|bucket_sizes_8353_out_ap_vld    |  out|    1|      ap_vld|                                             bucket_sizes_8353_out|       pointer|
|bucket_sizes_8352_out           |  out|   32|      ap_vld|                                             bucket_sizes_8352_out|       pointer|
|bucket_sizes_8352_out_ap_vld    |  out|    1|      ap_vld|                                             bucket_sizes_8352_out|       pointer|
|bucket_sizes_8351_out           |  out|   32|      ap_vld|                                             bucket_sizes_8351_out|       pointer|
|bucket_sizes_8351_out_ap_vld    |  out|    1|      ap_vld|                                             bucket_sizes_8351_out|       pointer|
|bucket_sizes_8350_out           |  out|   32|      ap_vld|                                             bucket_sizes_8350_out|       pointer|
|bucket_sizes_8350_out_ap_vld    |  out|    1|      ap_vld|                                             bucket_sizes_8350_out|       pointer|
|bucket_sizes_8349_out           |  out|   32|      ap_vld|                                             bucket_sizes_8349_out|       pointer|
|bucket_sizes_8349_out_ap_vld    |  out|    1|      ap_vld|                                             bucket_sizes_8349_out|       pointer|
|bucket_sizes_8348_out           |  out|   32|      ap_vld|                                             bucket_sizes_8348_out|       pointer|
|bucket_sizes_8348_out_ap_vld    |  out|    1|      ap_vld|                                             bucket_sizes_8348_out|       pointer|
|bucket_sizes_8347_out           |  out|   32|      ap_vld|                                             bucket_sizes_8347_out|       pointer|
|bucket_sizes_8347_out_ap_vld    |  out|    1|      ap_vld|                                             bucket_sizes_8347_out|       pointer|
|bucket_sizes_8346_out           |  out|   32|      ap_vld|                                             bucket_sizes_8346_out|       pointer|
|bucket_sizes_8346_out_ap_vld    |  out|    1|      ap_vld|                                             bucket_sizes_8346_out|       pointer|
|bucket_pointer_3736_out         |  out|   32|      ap_vld|                                           bucket_pointer_3736_out|       pointer|
|bucket_pointer_3736_out_ap_vld  |  out|    1|      ap_vld|                                           bucket_pointer_3736_out|       pointer|
|bucket_pointer_3735_out         |  out|   32|      ap_vld|                                           bucket_pointer_3735_out|       pointer|
|bucket_pointer_3735_out_ap_vld  |  out|    1|      ap_vld|                                           bucket_pointer_3735_out|       pointer|
|bucket_pointer_3734_out         |  out|   32|      ap_vld|                                           bucket_pointer_3734_out|       pointer|
|bucket_pointer_3734_out_ap_vld  |  out|    1|      ap_vld|                                           bucket_pointer_3734_out|       pointer|
|bucket_pointer_3733_out         |  out|   32|      ap_vld|                                           bucket_pointer_3733_out|       pointer|
|bucket_pointer_3733_out_ap_vld  |  out|    1|      ap_vld|                                           bucket_pointer_3733_out|       pointer|
|bucket_pointer_3732_out         |  out|   32|      ap_vld|                                           bucket_pointer_3732_out|       pointer|
|bucket_pointer_3732_out_ap_vld  |  out|    1|      ap_vld|                                           bucket_pointer_3732_out|       pointer|
|bucket_pointer_3731_out         |  out|   32|      ap_vld|                                           bucket_pointer_3731_out|       pointer|
|bucket_pointer_3731_out_ap_vld  |  out|    1|      ap_vld|                                           bucket_pointer_3731_out|       pointer|
|bucket_pointer_3730_out         |  out|   32|      ap_vld|                                           bucket_pointer_3730_out|       pointer|
|bucket_pointer_3730_out_ap_vld  |  out|    1|      ap_vld|                                           bucket_pointer_3730_out|       pointer|
|bucket_pointer_3729_out         |  out|   32|      ap_vld|                                           bucket_pointer_3729_out|       pointer|
|bucket_pointer_3729_out_ap_vld  |  out|    1|      ap_vld|                                           bucket_pointer_3729_out|       pointer|
|bucket_pointer_3728_out         |  out|   32|      ap_vld|                                           bucket_pointer_3728_out|       pointer|
|bucket_pointer_3728_out_ap_vld  |  out|    1|      ap_vld|                                           bucket_pointer_3728_out|       pointer|
|bucket_pointer_3727_out         |  out|   32|      ap_vld|                                           bucket_pointer_3727_out|       pointer|
|bucket_pointer_3727_out_ap_vld  |  out|    1|      ap_vld|                                           bucket_pointer_3727_out|       pointer|
|bucket_pointer_3726_out         |  out|   32|      ap_vld|                                           bucket_pointer_3726_out|       pointer|
|bucket_pointer_3726_out_ap_vld  |  out|    1|      ap_vld|                                           bucket_pointer_3726_out|       pointer|
|bucket_pointer_3725_out         |  out|   32|      ap_vld|                                           bucket_pointer_3725_out|       pointer|
|bucket_pointer_3725_out_ap_vld  |  out|    1|      ap_vld|                                           bucket_pointer_3725_out|       pointer|
|bucket_pointer_3724_out         |  out|   32|      ap_vld|                                           bucket_pointer_3724_out|       pointer|
|bucket_pointer_3724_out_ap_vld  |  out|    1|      ap_vld|                                           bucket_pointer_3724_out|       pointer|
|bucket_pointer_3723_out         |  out|   32|      ap_vld|                                           bucket_pointer_3723_out|       pointer|
|bucket_pointer_3723_out_ap_vld  |  out|    1|      ap_vld|                                           bucket_pointer_3723_out|       pointer|
|bucket_pointer_3722_out         |  out|   32|      ap_vld|                                           bucket_pointer_3722_out|       pointer|
|bucket_pointer_3722_out_ap_vld  |  out|    1|      ap_vld|                                           bucket_pointer_3722_out|       pointer|
|bucket_pointer_3721_out         |  out|   32|      ap_vld|                                           bucket_pointer_3721_out|       pointer|
|bucket_pointer_3721_out_ap_vld  |  out|    1|      ap_vld|                                           bucket_pointer_3721_out|       pointer|
+--------------------------------+-----+-----+------------+------------------------------------------------------------------+--------------+

