

================================================================
== Vitis HLS Report for 'radix_sort_unified_bucket_pingpong_19_1_Pipeline_input_bucket'
================================================================
* Date:           Sat Apr 22 14:45:36 2023

* Version:        2022.2 (Build 3670227 on Oct 13 2022)
* Project:        sort_seperate_bucket
* Solution:       solution1 (Vivado IP Flow Target)
* Product family: virtexuplus
* Target device:  xcu280-fsvh2892-2L-e


================================================================
== Performance Estimates
================================================================
+ Timing: 
    * Summary: 
    +--------+----------+----------+------------+
    |  Clock |  Target  | Estimated| Uncertainty|
    +--------+----------+----------+------------+
    |ap_clk  |  10.00 ns|  5.078 ns|     2.70 ns|
    +--------+----------+----------+------------+

+ Latency: 
    * Summary: 
    +---------+---------+----------+----------+--------+--------+---------+
    |  Latency (cycles) |  Latency (absolute) |     Interval    | Pipeline|
    |   min   |   max   |    min   |    max   |   min  |   max  |   Type  |
    +---------+---------+----------+----------+--------+--------+---------+
    |   312502|   312502|  3.125 ms|  3.125 ms|  312502|  312502|       no|
    +---------+---------+----------+----------+--------+--------+---------+

    + Detail: 
        * Instance: 
        N/A

        * Loop: 
        +----------------+---------+---------+----------+-----------+-----------+--------+----------+
        |                |  Latency (cycles) | Iteration|  Initiation Interval  |  Trip  |          |
        |    Loop Name   |   min   |   max   |  Latency |  achieved |   target  |  Count | Pipelined|
        +----------------+---------+---------+----------+-----------+-----------+--------+----------+
        |- input_bucket  |   312500|   312500|         2|          1|          1|  312500|       yes|
        +----------------+---------+---------+----------+-----------+-----------+--------+----------+



================================================================
== Utilization Estimates
================================================================
* Summary: 
+---------------------+---------+------+---------+---------+-----+
|         Name        | BRAM_18K|  DSP |    FF   |   LUT   | URAM|
+---------------------+---------+------+---------+---------+-----+
|DSP                  |        -|     -|        -|        -|    -|
|Expression           |        -|     -|        0|      327|    -|
|FIFO                 |        -|     -|        -|        -|    -|
|Instance             |        -|     -|        0|      130|    -|
|Memory               |        -|     -|        -|        -|    -|
|Multiplexer          |        -|     -|        -|      502|    -|
|Register             |        -|     -|      143|        -|    -|
+---------------------+---------+------+---------+---------+-----+
|Total                |        0|     0|      143|      959|    0|
+---------------------+---------+------+---------+---------+-----+
|Available SLR        |     1344|  3008|   869120|   434560|  320|
+---------------------+---------+------+---------+---------+-----+
|Utilization SLR (%)  |        0|     0|       ~0|       ~0|    0|
+---------------------+---------+------+---------+---------+-----+
|Available            |     4032|  9024|  2607360|  1303680|  960|
+---------------------+---------+------+---------+---------+-----+
|Utilization (%)      |        0|     0|       ~0|       ~0|    0|
+---------------------+---------+------+---------+---------+-----+

+ Detail: 
    * Instance: 
    +----------------------+----------------+---------+----+---+----+-----+
    |       Instance       |     Module     | BRAM_18K| DSP| FF| LUT| URAM|
    +----------------------+----------------+---------+----+---+----+-----+
    |mux_164_32_1_1_U3593  |mux_164_32_1_1  |        0|   0|  0|  65|    0|
    |mux_164_32_1_1_U3594  |mux_164_32_1_1  |        0|   0|  0|  65|    0|
    +----------------------+----------------+---------+----+---+----+-----+
    |Total                 |                |        0|   0|  0| 130|    0|
    +----------------------+----------------+---------+----+---+----+-----+

    * DSP: 
    N/A

    * Memory: 
    N/A

    * FIFO: 
    N/A

    * Expression: 
    +--------------------------+----------+----+---+----+------------+------------+
    |       Variable Name      | Operation| DSP| FF| LUT| Bitwidth P0| Bitwidth P1|
    +--------------------------+----------+----+---+----+------------+------------+
    |add_ln92_fu_675_p2        |         +|   0|  0|  26|          19|           1|
    |add_ln93_fu_685_p2        |         +|   0|  0|  27|          20|          20|
    |add_ln95_fu_836_p2        |         +|   0|  0|  27|          20|          20|
    |bucket_pointer_fu_856_p2  |         +|   0|  0|  39|          32|           1|
    |bucket_sizes_fu_1070_p2   |         +|   0|  0|  39|          32|           1|
    |shifted_fu_785_p2         |      ashr|   0|  0|  92|          32|          32|
    |addr_cmp_fu_771_p2        |      icmp|   0|  0|  29|          64|          64|
    |icmp_ln92_fu_669_p2       |      icmp|   0|  0|  14|          19|          19|
    |reuse_select_fu_776_p3    |    select|   0|  0|  32|           1|          32|
    |ap_enable_pp0             |       xor|   0|  0|   2|           1|           2|
    +--------------------------+----------+----+---+----+------------+------------+
    |Total                     |          |   0|  0| 327|         240|         192|
    +--------------------------+----------+----+---+----+------------+------------+

    * Multiplexer: 
    +---------------------------+----+-----------+-----+-----------+
    |            Name           | LUT| Input Size| Bits| Total Bits|
    +---------------------------+----+-----------+-----+-----------+
    |ap_done_int                |   9|          2|    1|          2|
    |ap_enable_reg_pp0_iter1    |   9|          2|    1|          2|
    |ap_sig_allocacmp_j         |   9|          2|   19|         38|
    |bucket_pointer_1333_out_o  |  14|          3|   32|         96|
    |bucket_pointer_1334_out_o  |  14|          3|   32|         96|
    |bucket_pointer_1335_out_o  |  14|          3|   32|         96|
    |bucket_pointer_1336_out_o  |  14|          3|   32|         96|
    |bucket_pointer_1337_out_o  |  14|          3|   32|         96|
    |bucket_pointer_1338_out_o  |  14|          3|   32|         96|
    |bucket_pointer_1339_out_o  |  14|          3|   32|         96|
    |bucket_pointer_1340_out_o  |  14|          3|   32|         96|
    |bucket_pointer_1341_out_o  |  14|          3|   32|         96|
    |bucket_pointer_1342_out_o  |  14|          3|   32|         96|
    |bucket_pointer_1343_out_o  |  14|          3|   32|         96|
    |bucket_pointer_1344_out_o  |  14|          3|   32|         96|
    |bucket_pointer_1345_out_o  |  14|          3|   32|         96|
    |bucket_pointer_1346_out_o  |  14|          3|   32|         96|
    |bucket_pointer_1347_out_o  |  14|          3|   32|         96|
    |bucket_pointer_1348_out_o  |  14|          3|   32|         96|
    |bucket_sizes_3013_out_o    |  14|          3|   32|         96|
    |bucket_sizes_3014_out_o    |  14|          3|   32|         96|
    |bucket_sizes_3015_out_o    |  14|          3|   32|         96|
    |bucket_sizes_3016_out_o    |  14|          3|   32|         96|
    |bucket_sizes_3017_out_o    |  14|          3|   32|         96|
    |bucket_sizes_3018_out_o    |  14|          3|   32|         96|
    |bucket_sizes_3019_out_o    |  14|          3|   32|         96|
    |bucket_sizes_3020_out_o    |  14|          3|   32|         96|
    |bucket_sizes_3021_out_o    |  14|          3|   32|         96|
    |bucket_sizes_3022_out_o    |  14|          3|   32|         96|
    |bucket_sizes_3023_out_o    |  14|          3|   32|         96|
    |bucket_sizes_3024_out_o    |  14|          3|   32|         96|
    |bucket_sizes_3025_out_o    |  14|          3|   32|         96|
    |bucket_sizes_3026_out_o    |  14|          3|   32|         96|
    |bucket_sizes_3027_out_o    |  14|          3|   32|         96|
    |bucket_sizes_3028_out_o    |  14|          3|   32|         96|
    |j_21_fu_216                |   9|          2|   19|         38|
    |reuse_addr_reg_fu_208      |   9|          2|   64|        128|
    |reuse_reg_fu_212           |   9|          2|   32|         64|
    +---------------------------+----+-----------+-----+-----------+
    |Total                      | 502|        108| 1160|       3344|
    +---------------------------+----+-----------+-----+-----------+

    * Register: 
    +-------------------------+----+----+-----+-----------+
    |           Name          | FF | LUT| Bits| Const Bits|
    +-------------------------+----+----+-----+-----------+
    |ap_CS_fsm                |   1|   0|    1|          0|
    |ap_done_reg              |   1|   0|    1|          0|
    |ap_enable_reg_pp0_iter1  |   1|   0|    1|          0|
    |j_21_fu_216              |  19|   0|   19|          0|
    |mul_cast_cast_reg_1198   |   5|   0|   32|         27|
    |reuse_addr_reg_fu_208    |  64|   0|   64|          0|
    |reuse_reg_fu_212         |  32|   0|   32|          0|
    |zext_ln93_21_reg_1206    |  20|   0|   64|         44|
    +-------------------------+----+----+-----+-----------+
    |Total                    | 143|   0|  214|         71|
    +-------------------------+----+----+-----+-----------+



================================================================
== Interface
================================================================
* Summary: 
+----------------------------------+-----+-----+------------+---------------------------------------------------------------+--------------+
|             RTL Ports            | Dir | Bits|  Protocol  |                         Source Object                         |    C Type    |
+----------------------------------+-----+-----+------------+---------------------------------------------------------------+--------------+
|ap_clk                            |   in|    1|  ap_ctrl_hs|  radix_sort_unified_bucket_pingpong.19.1_Pipeline_input_bucket|  return value|
|ap_rst                            |   in|    1|  ap_ctrl_hs|  radix_sort_unified_bucket_pingpong.19.1_Pipeline_input_bucket|  return value|
|ap_start                          |   in|    1|  ap_ctrl_hs|  radix_sort_unified_bucket_pingpong.19.1_Pipeline_input_bucket|  return value|
|ap_done                           |  out|    1|  ap_ctrl_hs|  radix_sort_unified_bucket_pingpong.19.1_Pipeline_input_bucket|  return value|
|ap_idle                           |  out|    1|  ap_ctrl_hs|  radix_sort_unified_bucket_pingpong.19.1_Pipeline_input_bucket|  return value|
|ap_ready                          |  out|    1|  ap_ctrl_hs|  radix_sort_unified_bucket_pingpong.19.1_Pipeline_input_bucket|  return value|
|bucket_sizes_2996_reload          |   in|   32|     ap_none|                                       bucket_sizes_2996_reload|        scalar|
|bucket_sizes_2995_reload          |   in|   32|     ap_none|                                       bucket_sizes_2995_reload|        scalar|
|bucket_sizes_2994_reload          |   in|   32|     ap_none|                                       bucket_sizes_2994_reload|        scalar|
|bucket_sizes_2993_reload          |   in|   32|     ap_none|                                       bucket_sizes_2993_reload|        scalar|
|bucket_sizes_2992_reload          |   in|   32|     ap_none|                                       bucket_sizes_2992_reload|        scalar|
|bucket_sizes_2991_reload          |   in|   32|     ap_none|                                       bucket_sizes_2991_reload|        scalar|
|bucket_sizes_2990_reload          |   in|   32|     ap_none|                                       bucket_sizes_2990_reload|        scalar|
|bucket_sizes_2989_reload          |   in|   32|     ap_none|                                       bucket_sizes_2989_reload|        scalar|
|bucket_sizes_2988_reload          |   in|   32|     ap_none|                                       bucket_sizes_2988_reload|        scalar|
|bucket_sizes_2987_reload          |   in|   32|     ap_none|                                       bucket_sizes_2987_reload|        scalar|
|bucket_sizes_2986_reload          |   in|   32|     ap_none|                                       bucket_sizes_2986_reload|        scalar|
|bucket_sizes_2985_reload          |   in|   32|     ap_none|                                       bucket_sizes_2985_reload|        scalar|
|bucket_sizes_2984_reload          |   in|   32|     ap_none|                                       bucket_sizes_2984_reload|        scalar|
|bucket_sizes_2983_reload          |   in|   32|     ap_none|                                       bucket_sizes_2983_reload|        scalar|
|bucket_sizes_2982_reload          |   in|   32|     ap_none|                                       bucket_sizes_2982_reload|        scalar|
|bucket_sizes_2981_reload          |   in|   32|     ap_none|                                       bucket_sizes_2981_reload|        scalar|
|bucket_pointer_1331_reload        |   in|   32|     ap_none|                                     bucket_pointer_1331_reload|        scalar|
|bucket_pointer_1330_reload        |   in|   32|     ap_none|                                     bucket_pointer_1330_reload|        scalar|
|bucket_pointer_1329_reload        |   in|   32|     ap_none|                                     bucket_pointer_1329_reload|        scalar|
|bucket_pointer_1328_reload        |   in|   32|     ap_none|                                     bucket_pointer_1328_reload|        scalar|
|bucket_pointer_1327_reload        |   in|   32|     ap_none|                                     bucket_pointer_1327_reload|        scalar|
|bucket_pointer_1326_reload        |   in|   32|     ap_none|                                     bucket_pointer_1326_reload|        scalar|
|bucket_pointer_1325_reload        |   in|   32|     ap_none|                                     bucket_pointer_1325_reload|        scalar|
|bucket_pointer_1324_reload        |   in|   32|     ap_none|                                     bucket_pointer_1324_reload|        scalar|
|bucket_pointer_1323_reload        |   in|   32|     ap_none|                                     bucket_pointer_1323_reload|        scalar|
|bucket_pointer_1322_reload        |   in|   32|     ap_none|                                     bucket_pointer_1322_reload|        scalar|
|bucket_pointer_1321_reload        |   in|   32|     ap_none|                                     bucket_pointer_1321_reload|        scalar|
|bucket_pointer_1320_reload        |   in|   32|     ap_none|                                     bucket_pointer_1320_reload|        scalar|
|bucket_pointer_1319_reload        |   in|   32|     ap_none|                                     bucket_pointer_1319_reload|        scalar|
|bucket_pointer_1318_reload        |   in|   32|     ap_none|                                     bucket_pointer_1318_reload|        scalar|
|bucket_pointer_1317_reload        |   in|   32|     ap_none|                                     bucket_pointer_1317_reload|        scalar|
|bucket_pointer_1316_reload        |   in|   32|     ap_none|                                     bucket_pointer_1316_reload|        scalar|
|mul_ln93                          |   in|   20|     ap_none|                                                       mul_ln93|        scalar|
|bucket_address0                   |  out|   20|   ap_memory|                                                         bucket|         array|
|bucket_ce0                        |  out|    1|   ap_memory|                                                         bucket|         array|
|bucket_we0                        |  out|    1|   ap_memory|                                                         bucket|         array|
|bucket_d0                         |  out|   32|   ap_memory|                                                         bucket|         array|
|bucket_address1                   |  out|   20|   ap_memory|                                                         bucket|         array|
|bucket_ce1                        |  out|    1|   ap_memory|                                                         bucket|         array|
|bucket_q1                         |   in|   32|   ap_memory|                                                         bucket|         array|
|mul_cast                          |   in|    5|     ap_none|                                                       mul_cast|        scalar|
|mul_ln95                          |   in|   20|     ap_none|                                                       mul_ln95|        scalar|
|bucket_sizes_3028_out_i           |   in|   32|     ap_ovld|                                          bucket_sizes_3028_out|       pointer|
|bucket_sizes_3028_out_o           |  out|   32|     ap_ovld|                                          bucket_sizes_3028_out|       pointer|
|bucket_sizes_3028_out_o_ap_vld    |  out|    1|     ap_ovld|                                          bucket_sizes_3028_out|       pointer|
|bucket_sizes_3027_out_i           |   in|   32|     ap_ovld|                                          bucket_sizes_3027_out|       pointer|
|bucket_sizes_3027_out_o           |  out|   32|     ap_ovld|                                          bucket_sizes_3027_out|       pointer|
|bucket_sizes_3027_out_o_ap_vld    |  out|    1|     ap_ovld|                                          bucket_sizes_3027_out|       pointer|
|bucket_sizes_3026_out_i           |   in|   32|     ap_ovld|                                          bucket_sizes_3026_out|       pointer|
|bucket_sizes_3026_out_o           |  out|   32|     ap_ovld|                                          bucket_sizes_3026_out|       pointer|
|bucket_sizes_3026_out_o_ap_vld    |  out|    1|     ap_ovld|                                          bucket_sizes_3026_out|       pointer|
|bucket_sizes_3025_out_i           |   in|   32|     ap_ovld|                                          bucket_sizes_3025_out|       pointer|
|bucket_sizes_3025_out_o           |  out|   32|     ap_ovld|                                          bucket_sizes_3025_out|       pointer|
|bucket_sizes_3025_out_o_ap_vld    |  out|    1|     ap_ovld|                                          bucket_sizes_3025_out|       pointer|
|bucket_sizes_3024_out_i           |   in|   32|     ap_ovld|                                          bucket_sizes_3024_out|       pointer|
|bucket_sizes_3024_out_o           |  out|   32|     ap_ovld|                                          bucket_sizes_3024_out|       pointer|
|bucket_sizes_3024_out_o_ap_vld    |  out|    1|     ap_ovld|                                          bucket_sizes_3024_out|       pointer|
|bucket_sizes_3023_out_i           |   in|   32|     ap_ovld|                                          bucket_sizes_3023_out|       pointer|
|bucket_sizes_3023_out_o           |  out|   32|     ap_ovld|                                          bucket_sizes_3023_out|       pointer|
|bucket_sizes_3023_out_o_ap_vld    |  out|    1|     ap_ovld|                                          bucket_sizes_3023_out|       pointer|
|bucket_sizes_3022_out_i           |   in|   32|     ap_ovld|                                          bucket_sizes_3022_out|       pointer|
|bucket_sizes_3022_out_o           |  out|   32|     ap_ovld|                                          bucket_sizes_3022_out|       pointer|
|bucket_sizes_3022_out_o_ap_vld    |  out|    1|     ap_ovld|                                          bucket_sizes_3022_out|       pointer|
|bucket_sizes_3021_out_i           |   in|   32|     ap_ovld|                                          bucket_sizes_3021_out|       pointer|
|bucket_sizes_3021_out_o           |  out|   32|     ap_ovld|                                          bucket_sizes_3021_out|       pointer|
|bucket_sizes_3021_out_o_ap_vld    |  out|    1|     ap_ovld|                                          bucket_sizes_3021_out|       pointer|
|bucket_sizes_3020_out_i           |   in|   32|     ap_ovld|                                          bucket_sizes_3020_out|       pointer|
|bucket_sizes_3020_out_o           |  out|   32|     ap_ovld|                                          bucket_sizes_3020_out|       pointer|
|bucket_sizes_3020_out_o_ap_vld    |  out|    1|     ap_ovld|                                          bucket_sizes_3020_out|       pointer|
|bucket_sizes_3019_out_i           |   in|   32|     ap_ovld|                                          bucket_sizes_3019_out|       pointer|
|bucket_sizes_3019_out_o           |  out|   32|     ap_ovld|                                          bucket_sizes_3019_out|       pointer|
|bucket_sizes_3019_out_o_ap_vld    |  out|    1|     ap_ovld|                                          bucket_sizes_3019_out|       pointer|
|bucket_sizes_3018_out_i           |   in|   32|     ap_ovld|                                          bucket_sizes_3018_out|       pointer|
|bucket_sizes_3018_out_o           |  out|   32|     ap_ovld|                                          bucket_sizes_3018_out|       pointer|
|bucket_sizes_3018_out_o_ap_vld    |  out|    1|     ap_ovld|                                          bucket_sizes_3018_out|       pointer|
|bucket_sizes_3017_out_i           |   in|   32|     ap_ovld|                                          bucket_sizes_3017_out|       pointer|
|bucket_sizes_3017_out_o           |  out|   32|     ap_ovld|                                          bucket_sizes_3017_out|       pointer|
|bucket_sizes_3017_out_o_ap_vld    |  out|    1|     ap_ovld|                                          bucket_sizes_3017_out|       pointer|
|bucket_sizes_3016_out_i           |   in|   32|     ap_ovld|                                          bucket_sizes_3016_out|       pointer|
|bucket_sizes_3016_out_o           |  out|   32|     ap_ovld|                                          bucket_sizes_3016_out|       pointer|
|bucket_sizes_3016_out_o_ap_vld    |  out|    1|     ap_ovld|                                          bucket_sizes_3016_out|       pointer|
|bucket_sizes_3015_out_i           |   in|   32|     ap_ovld|                                          bucket_sizes_3015_out|       pointer|
|bucket_sizes_3015_out_o           |  out|   32|     ap_ovld|                                          bucket_sizes_3015_out|       pointer|
|bucket_sizes_3015_out_o_ap_vld    |  out|    1|     ap_ovld|                                          bucket_sizes_3015_out|       pointer|
|bucket_sizes_3014_out_i           |   in|   32|     ap_ovld|                                          bucket_sizes_3014_out|       pointer|
|bucket_sizes_3014_out_o           |  out|   32|     ap_ovld|                                          bucket_sizes_3014_out|       pointer|
|bucket_sizes_3014_out_o_ap_vld    |  out|    1|     ap_ovld|                                          bucket_sizes_3014_out|       pointer|
|bucket_sizes_3013_out_i           |   in|   32|     ap_ovld|                                          bucket_sizes_3013_out|       pointer|
|bucket_sizes_3013_out_o           |  out|   32|     ap_ovld|                                          bucket_sizes_3013_out|       pointer|
|bucket_sizes_3013_out_o_ap_vld    |  out|    1|     ap_ovld|                                          bucket_sizes_3013_out|       pointer|
|bucket_pointer_1348_out_i         |   in|   32|     ap_ovld|                                        bucket_pointer_1348_out|       pointer|
|bucket_pointer_1348_out_o         |  out|   32|     ap_ovld|                                        bucket_pointer_1348_out|       pointer|
|bucket_pointer_1348_out_o_ap_vld  |  out|    1|     ap_ovld|                                        bucket_pointer_1348_out|       pointer|
|bucket_pointer_1347_out_i         |   in|   32|     ap_ovld|                                        bucket_pointer_1347_out|       pointer|
|bucket_pointer_1347_out_o         |  out|   32|     ap_ovld|                                        bucket_pointer_1347_out|       pointer|
|bucket_pointer_1347_out_o_ap_vld  |  out|    1|     ap_ovld|                                        bucket_pointer_1347_out|       pointer|
|bucket_pointer_1346_out_i         |   in|   32|     ap_ovld|                                        bucket_pointer_1346_out|       pointer|
|bucket_pointer_1346_out_o         |  out|   32|     ap_ovld|                                        bucket_pointer_1346_out|       pointer|
|bucket_pointer_1346_out_o_ap_vld  |  out|    1|     ap_ovld|                                        bucket_pointer_1346_out|       pointer|
|bucket_pointer_1345_out_i         |   in|   32|     ap_ovld|                                        bucket_pointer_1345_out|       pointer|
|bucket_pointer_1345_out_o         |  out|   32|     ap_ovld|                                        bucket_pointer_1345_out|       pointer|
|bucket_pointer_1345_out_o_ap_vld  |  out|    1|     ap_ovld|                                        bucket_pointer_1345_out|       pointer|
|bucket_pointer_1344_out_i         |   in|   32|     ap_ovld|                                        bucket_pointer_1344_out|       pointer|
|bucket_pointer_1344_out_o         |  out|   32|     ap_ovld|                                        bucket_pointer_1344_out|       pointer|
|bucket_pointer_1344_out_o_ap_vld  |  out|    1|     ap_ovld|                                        bucket_pointer_1344_out|       pointer|
|bucket_pointer_1343_out_i         |   in|   32|     ap_ovld|                                        bucket_pointer_1343_out|       pointer|
|bucket_pointer_1343_out_o         |  out|   32|     ap_ovld|                                        bucket_pointer_1343_out|       pointer|
|bucket_pointer_1343_out_o_ap_vld  |  out|    1|     ap_ovld|                                        bucket_pointer_1343_out|       pointer|
|bucket_pointer_1342_out_i         |   in|   32|     ap_ovld|                                        bucket_pointer_1342_out|       pointer|
|bucket_pointer_1342_out_o         |  out|   32|     ap_ovld|                                        bucket_pointer_1342_out|       pointer|
|bucket_pointer_1342_out_o_ap_vld  |  out|    1|     ap_ovld|                                        bucket_pointer_1342_out|       pointer|
|bucket_pointer_1341_out_i         |   in|   32|     ap_ovld|                                        bucket_pointer_1341_out|       pointer|
|bucket_pointer_1341_out_o         |  out|   32|     ap_ovld|                                        bucket_pointer_1341_out|       pointer|
|bucket_pointer_1341_out_o_ap_vld  |  out|    1|     ap_ovld|                                        bucket_pointer_1341_out|       pointer|
|bucket_pointer_1340_out_i         |   in|   32|     ap_ovld|                                        bucket_pointer_1340_out|       pointer|
|bucket_pointer_1340_out_o         |  out|   32|     ap_ovld|                                        bucket_pointer_1340_out|       pointer|
|bucket_pointer_1340_out_o_ap_vld  |  out|    1|     ap_ovld|                                        bucket_pointer_1340_out|       pointer|
|bucket_pointer_1339_out_i         |   in|   32|     ap_ovld|                                        bucket_pointer_1339_out|       pointer|
|bucket_pointer_1339_out_o         |  out|   32|     ap_ovld|                                        bucket_pointer_1339_out|       pointer|
|bucket_pointer_1339_out_o_ap_vld  |  out|    1|     ap_ovld|                                        bucket_pointer_1339_out|       pointer|
|bucket_pointer_1338_out_i         |   in|   32|     ap_ovld|                                        bucket_pointer_1338_out|       pointer|
|bucket_pointer_1338_out_o         |  out|   32|     ap_ovld|                                        bucket_pointer_1338_out|       pointer|
|bucket_pointer_1338_out_o_ap_vld  |  out|    1|     ap_ovld|                                        bucket_pointer_1338_out|       pointer|
|bucket_pointer_1337_out_i         |   in|   32|     ap_ovld|                                        bucket_pointer_1337_out|       pointer|
|bucket_pointer_1337_out_o         |  out|   32|     ap_ovld|                                        bucket_pointer_1337_out|       pointer|
|bucket_pointer_1337_out_o_ap_vld  |  out|    1|     ap_ovld|                                        bucket_pointer_1337_out|       pointer|
|bucket_pointer_1336_out_i         |   in|   32|     ap_ovld|                                        bucket_pointer_1336_out|       pointer|
|bucket_pointer_1336_out_o         |  out|   32|     ap_ovld|                                        bucket_pointer_1336_out|       pointer|
|bucket_pointer_1336_out_o_ap_vld  |  out|    1|     ap_ovld|                                        bucket_pointer_1336_out|       pointer|
|bucket_pointer_1335_out_i         |   in|   32|     ap_ovld|                                        bucket_pointer_1335_out|       pointer|
|bucket_pointer_1335_out_o         |  out|   32|     ap_ovld|                                        bucket_pointer_1335_out|       pointer|
|bucket_pointer_1335_out_o_ap_vld  |  out|    1|     ap_ovld|                                        bucket_pointer_1335_out|       pointer|
|bucket_pointer_1334_out_i         |   in|   32|     ap_ovld|                                        bucket_pointer_1334_out|       pointer|
|bucket_pointer_1334_out_o         |  out|   32|     ap_ovld|                                        bucket_pointer_1334_out|       pointer|
|bucket_pointer_1334_out_o_ap_vld  |  out|    1|     ap_ovld|                                        bucket_pointer_1334_out|       pointer|
|bucket_pointer_1333_out_i         |   in|   32|     ap_ovld|                                        bucket_pointer_1333_out|       pointer|
|bucket_pointer_1333_out_o         |  out|   32|     ap_ovld|                                        bucket_pointer_1333_out|       pointer|
|bucket_pointer_1333_out_o_ap_vld  |  out|    1|     ap_ovld|                                        bucket_pointer_1333_out|       pointer|
+----------------------------------+-----+-----+------------+---------------------------------------------------------------+--------------+

