

================================================================
== Vitis HLS Report for 'radix_sort_oct_batch_60_1_Pipeline_initialization'
================================================================
* Date:           Mon Apr 24 11:05:48 2023

* Version:        2022.2 (Build 3670227 on Oct 13 2022)
* Project:        sort_seperate_bucket
* Solution:       solution1 (Vivado IP Flow Target)
* Product family: virtexuplus
* Target device:  xcu280-fsvh2892-2L-e


================================================================
== Performance Estimates
================================================================
+ Timing: 
    * Summary: 
    +--------+----------+----------+------------+
    |  Clock |  Target  | Estimated| Uncertainty|
    +--------+----------+----------+------------+
    |ap_clk  |  10.00 ns|  3.099 ns|     2.70 ns|
    +--------+----------+----------+------------+

+ Latency: 
    * Summary: 
    +---------+---------+----------+----------+-------+-------+---------+
    |  Latency (cycles) |  Latency (absolute) |    Interval   | Pipeline|
    |   min   |   max   |    min   |    max   |  min  |  max  |   Type  |
    +---------+---------+----------+----------+-------+-------+---------+
    |    78127|    78127|  0.781 ms|  0.781 ms|  78127|  78127|       no|
    +---------+---------+----------+----------+-------+-------+---------+

    + Detail: 
        * Instance: 
        N/A

        * Loop: 
        +------------------+---------+---------+----------+-----------+-----------+-------+----------+
        |                  |  Latency (cycles) | Iteration|  Initiation Interval  |  Trip |          |
        |     Loop Name    |   min   |   max   |  Latency |  achieved |   target  | Count | Pipelined|
        +------------------+---------+---------+----------+-----------+-----------+-------+----------+
        |- initialization  |    78125|    78125|         2|          1|          1|  78125|       yes|
        +------------------+---------+---------+----------+-----------+-----------+-------+----------+



================================================================
== Utilization Estimates
================================================================
* Summary: 
+---------------------+---------+------+---------+---------+-----+
|         Name        | BRAM_18K|  DSP |    FF   |   LUT   | URAM|
+---------------------+---------+------+---------+---------+-----+
|DSP                  |        -|     -|        -|        -|    -|
|Expression           |        -|     -|        0|      103|    -|
|FIFO                 |        -|     -|        -|        -|    -|
|Instance             |        -|     -|        0|       43|    -|
|Memory               |        -|     -|        -|        -|    -|
|Multiplexer          |        -|     -|        -|      148|    -|
|Register             |        -|     -|       37|        -|    -|
+---------------------+---------+------+---------+---------+-----+
|Total                |        0|     0|       37|      294|    0|
+---------------------+---------+------+---------+---------+-----+
|Available SLR        |     1344|  3008|   869120|   434560|  320|
+---------------------+---------+------+---------+---------+-----+
|Utilization SLR (%)  |        0|     0|       ~0|       ~0|    0|
+---------------------+---------+------+---------+---------+-----+
|Available            |     4032|  9024|  2607360|  1303680|  960|
+---------------------+---------+------+---------+---------+-----+
|Utilization (%)      |        0|     0|       ~0|       ~0|    0|
+---------------------+---------+------+---------+---------+-----+

+ Detail: 
    * Instance: 
    +---------------------+---------------+---------+----+---+----+-----+
    |       Instance      |     Module    | BRAM_18K| DSP| FF| LUT| URAM|
    +---------------------+---------------+---------+----+---+----+-----+
    |mux_83_32_1_1_U6206  |mux_83_32_1_1  |        0|   0|  0|  43|    0|
    +---------------------+---------------+---------+----+---+----+-----+
    |Total                |               |        0|   0|  0|  43|    0|
    +---------------------+---------------+---------+----+---+----+-----+

    * DSP: 
    N/A

    * Memory: 
    N/A

    * FIFO: 
    N/A

    * Expression: 
    +------------------------+----------+----+---+----+------------+------------+
    |      Variable Name     | Operation| DSP| FF| LUT| Bitwidth P0| Bitwidth P1|
    +------------------------+----------+----+---+----+------------+------------+
    |add_ln20_fu_229_p2      |         +|   0|  0|  24|          17|           1|
    |add_ln21_fu_280_p2      |         +|   0|  0|  25|          18|          17|
    |bucket_sizes_fu_317_p2  |         +|   0|  0|  39|          32|           1|
    |icmp_ln20_fu_223_p2     |      icmp|   0|  0|  13|          17|          17|
    |ap_enable_pp0           |       xor|   0|  0|   2|           1|           2|
    +------------------------+----------+----+---+----+------------+------------+
    |Total                   |          |   0|  0| 103|          85|          38|
    +------------------------+----------+----+---+----+------------+------------+

    * Multiplexer: 
    +-------------------------+----+-----------+-----+-----------+
    |           Name          | LUT| Input Size| Bits| Total Bits|
    +-------------------------+----+-----------+-----+-----------+
    |ap_done_int              |   9|          2|    1|          2|
    |ap_enable_reg_pp0_iter1  |   9|          2|    1|          2|
    |ap_sig_allocacmp_j_8     |   9|          2|   17|         34|
    |bucket_sizes_454_out_o   |  14|          3|   32|         96|
    |bucket_sizes_455_out_o   |  14|          3|   32|         96|
    |bucket_sizes_456_out_o   |  14|          3|   32|         96|
    |bucket_sizes_457_out_o   |  14|          3|   32|         96|
    |bucket_sizes_458_out_o   |  14|          3|   32|         96|
    |bucket_sizes_459_out_o   |  14|          3|   32|         96|
    |bucket_sizes_460_out_o   |  14|          3|   32|         96|
    |bucket_sizes_461_out_o   |  14|          3|   32|         96|
    |j_fu_88                  |   9|          2|   17|         34|
    +-------------------------+----+-----------+-----+-----------+
    |Total                    | 148|         32|  292|        840|
    +-------------------------+----+-----------+-----+-----------+

    * Register: 
    +-------------------------+----+----+-----+-----------+
    |           Name          | FF | LUT| Bits| Const Bits|
    +-------------------------+----+----+-----+-----------+
    |ap_CS_fsm                |   1|   0|    1|          0|
    |ap_done_reg              |   1|   0|    1|          0|
    |ap_enable_reg_pp0_iter1  |   1|   0|    1|          0|
    |j_8_reg_378              |  17|   0|   17|          0|
    |j_fu_88                  |  17|   0|   17|          0|
    +-------------------------+----+----+-----+-----------+
    |Total                    |  37|   0|   37|          0|
    +-------------------------+----+----+-----+-----------+



================================================================
== Interface
================================================================
* Summary: 
+-------------------------------+-----+-----+------------+---------------------------------------------------+--------------+
|           RTL Ports           | Dir | Bits|  Protocol  |                   Source Object                   |    C Type    |
+-------------------------------+-----+-----+------------+---------------------------------------------------+--------------+
|ap_clk                         |   in|    1|  ap_ctrl_hs|  radix_sort_oct_batch.60.1_Pipeline_initialization|  return value|
|ap_rst                         |   in|    1|  ap_ctrl_hs|  radix_sort_oct_batch.60.1_Pipeline_initialization|  return value|
|ap_start                       |   in|    1|  ap_ctrl_hs|  radix_sort_oct_batch.60.1_Pipeline_initialization|  return value|
|ap_done                        |  out|    1|  ap_ctrl_hs|  radix_sort_oct_batch.60.1_Pipeline_initialization|  return value|
|ap_idle                        |  out|    1|  ap_ctrl_hs|  radix_sort_oct_batch.60.1_Pipeline_initialization|  return value|
|ap_ready                       |  out|    1|  ap_ctrl_hs|  radix_sort_oct_batch.60.1_Pipeline_initialization|  return value|
|bucket_sizes_445_reload        |   in|   32|     ap_none|                            bucket_sizes_445_reload|        scalar|
|bucket_sizes_444_reload        |   in|   32|     ap_none|                            bucket_sizes_444_reload|        scalar|
|bucket_sizes_443_reload        |   in|   32|     ap_none|                            bucket_sizes_443_reload|        scalar|
|bucket_sizes_442_reload        |   in|   32|     ap_none|                            bucket_sizes_442_reload|        scalar|
|bucket_sizes_441_reload        |   in|   32|     ap_none|                            bucket_sizes_441_reload|        scalar|
|bucket_sizes_440_reload        |   in|   32|     ap_none|                            bucket_sizes_440_reload|        scalar|
|bucket_sizes_439_reload        |   in|   32|     ap_none|                            bucket_sizes_439_reload|        scalar|
|bucket_sizes_reload            |   in|   32|     ap_none|                                bucket_sizes_reload|        scalar|
|bucket_address0                |  out|   18|   ap_memory|                                             bucket|         array|
|bucket_ce0                     |  out|    1|   ap_memory|                                             bucket|         array|
|bucket_we0                     |  out|    1|   ap_memory|                                             bucket|         array|
|bucket_d0                      |  out|   32|   ap_memory|                                             bucket|         array|
|input_59_address0              |  out|   17|   ap_memory|                                           input_59|         array|
|input_59_ce0                   |  out|    1|   ap_memory|                                           input_59|         array|
|input_59_q0                    |   in|   32|   ap_memory|                                           input_59|         array|
|bucket_sizes_461_out_i         |   in|   32|     ap_ovld|                               bucket_sizes_461_out|       pointer|
|bucket_sizes_461_out_o         |  out|   32|     ap_ovld|                               bucket_sizes_461_out|       pointer|
|bucket_sizes_461_out_o_ap_vld  |  out|    1|     ap_ovld|                               bucket_sizes_461_out|       pointer|
|bucket_sizes_460_out_i         |   in|   32|     ap_ovld|                               bucket_sizes_460_out|       pointer|
|bucket_sizes_460_out_o         |  out|   32|     ap_ovld|                               bucket_sizes_460_out|       pointer|
|bucket_sizes_460_out_o_ap_vld  |  out|    1|     ap_ovld|                               bucket_sizes_460_out|       pointer|
|bucket_sizes_459_out_i         |   in|   32|     ap_ovld|                               bucket_sizes_459_out|       pointer|
|bucket_sizes_459_out_o         |  out|   32|     ap_ovld|                               bucket_sizes_459_out|       pointer|
|bucket_sizes_459_out_o_ap_vld  |  out|    1|     ap_ovld|                               bucket_sizes_459_out|       pointer|
|bucket_sizes_458_out_i         |   in|   32|     ap_ovld|                               bucket_sizes_458_out|       pointer|
|bucket_sizes_458_out_o         |  out|   32|     ap_ovld|                               bucket_sizes_458_out|       pointer|
|bucket_sizes_458_out_o_ap_vld  |  out|    1|     ap_ovld|                               bucket_sizes_458_out|       pointer|
|bucket_sizes_457_out_i         |   in|   32|     ap_ovld|                               bucket_sizes_457_out|       pointer|
|bucket_sizes_457_out_o         |  out|   32|     ap_ovld|                               bucket_sizes_457_out|       pointer|
|bucket_sizes_457_out_o_ap_vld  |  out|    1|     ap_ovld|                               bucket_sizes_457_out|       pointer|
|bucket_sizes_456_out_i         |   in|   32|     ap_ovld|                               bucket_sizes_456_out|       pointer|
|bucket_sizes_456_out_o         |  out|   32|     ap_ovld|                               bucket_sizes_456_out|       pointer|
|bucket_sizes_456_out_o_ap_vld  |  out|    1|     ap_ovld|                               bucket_sizes_456_out|       pointer|
|bucket_sizes_455_out_i         |   in|   32|     ap_ovld|                               bucket_sizes_455_out|       pointer|
|bucket_sizes_455_out_o         |  out|   32|     ap_ovld|                               bucket_sizes_455_out|       pointer|
|bucket_sizes_455_out_o_ap_vld  |  out|    1|     ap_ovld|                               bucket_sizes_455_out|       pointer|
|bucket_sizes_454_out_i         |   in|   32|     ap_ovld|                               bucket_sizes_454_out|       pointer|
|bucket_sizes_454_out_o         |  out|   32|     ap_ovld|                               bucket_sizes_454_out|       pointer|
|bucket_sizes_454_out_o_ap_vld  |  out|    1|     ap_ovld|                               bucket_sizes_454_out|       pointer|
+-------------------------------+-----+-----+------------+---------------------------------------------------+--------------+

