

================================================================
== Vitis HLS Report for 'radix_sort_batch_39_1_Pipeline_input_bucket'
================================================================
* Date:           Sun Apr 23 22:20:33 2023

* Version:        2022.2 (Build 3670227 on Oct 13 2022)
* Project:        sort_seperate_bucket
* Solution:       solution1 (Vivado IP Flow Target)
* Product family: virtexuplus
* Target device:  xcu280-fsvh2892-2L-e


================================================================
== Performance Estimates
================================================================
+ Timing: 
    * Summary: 
    +--------+----------+----------+------------+
    |  Clock |  Target  | Estimated| Uncertainty|
    +--------+----------+----------+------------+
    |ap_clk  |  10.00 ns|  5.044 ns|     2.70 ns|
    +--------+----------+----------+------------+

+ Latency: 
    * Summary: 
    +---------+---------+----------+----------+-------+-------+---------+
    |  Latency (cycles) |  Latency (absolute) |    Interval   | Pipeline|
    |   min   |   max   |    min   |    max   |  min  |  max  |   Type  |
    +---------+---------+----------+----------+-------+-------+---------+
    |    15627|    15627|  0.156 ms|  0.156 ms|  15627|  15627|       no|
    +---------+---------+----------+----------+-------+-------+---------+

    + Detail: 
        * Instance: 
        N/A

        * Loop: 
        +----------------+---------+---------+----------+-----------+-----------+-------+----------+
        |                |  Latency (cycles) | Iteration|  Initiation Interval  |  Trip |          |
        |    Loop Name   |   min   |   max   |  Latency |  achieved |   target  | Count | Pipelined|
        +----------------+---------+---------+----------+-----------+-----------+-------+----------+
        |- input_bucket  |    15625|    15625|         2|          1|          1|  15625|       yes|
        +----------------+---------+---------+----------+-----------+-----------+-------+----------+



================================================================
== Utilization Estimates
================================================================
* Summary: 
+---------------------+---------+------+---------+---------+-----+
|         Name        | BRAM_18K|  DSP |    FF   |   LUT   | URAM|
+---------------------+---------+------+---------+---------+-----+
|DSP                  |        -|     -|        -|        -|    -|
|Expression           |        -|     -|        0|      310|    -|
|FIFO                 |        -|     -|        -|        -|    -|
|Instance             |        -|     -|        0|      130|    -|
|Memory               |        -|     -|        -|        -|    -|
|Multiplexer          |        -|     -|        -|      502|    -|
|Register             |        -|     -|      133|        -|    -|
+---------------------+---------+------+---------+---------+-----+
|Total                |        0|     0|      133|      942|    0|
+---------------------+---------+------+---------+---------+-----+
|Available SLR        |     1344|  3008|   869120|   434560|  320|
+---------------------+---------+------+---------+---------+-----+
|Utilization SLR (%)  |        0|     0|       ~0|       ~0|    0|
+---------------------+---------+------+---------+---------+-----+
|Available            |     4032|  9024|  2607360|  1303680|  960|
+---------------------+---------+------+---------+---------+-----+
|Utilization (%)      |        0|     0|       ~0|       ~0|    0|
+---------------------+---------+------+---------+---------+-----+

+ Detail: 
    * Instance: 
    +----------------------+----------------+---------+----+---+----+-----+
    |       Instance       |     Module     | BRAM_18K| DSP| FF| LUT| URAM|
    +----------------------+----------------+---------+----+---+----+-----+
    |mux_164_32_1_1_U7453  |mux_164_32_1_1  |        0|   0|  0|  65|    0|
    |mux_164_32_1_1_U7454  |mux_164_32_1_1  |        0|   0|  0|  65|    0|
    +----------------------+----------------+---------+----+---+----+-----+
    |Total                 |                |        0|   0|  0| 130|    0|
    +----------------------+----------------+---------+----+---+----+-----+

    * DSP: 
    N/A

    * Memory: 
    N/A

    * FIFO: 
    N/A

    * Expression: 
    +--------------------------+----------+----+---+----+------------+------------+
    |       Variable Name      | Operation| DSP| FF| LUT| Bitwidth P0| Bitwidth P1|
    +--------------------------+----------+----+---+----+------------+------------+
    |add_ln40_fu_675_p2        |         +|   0|  0|  21|          14|           1|
    |add_ln41_fu_685_p2        |         +|   0|  0|  22|          15|          15|
    |add_ln43_fu_836_p2        |         +|   0|  0|  22|          15|          15|
    |bucket_pointer_fu_856_p2  |         +|   0|  0|  39|          32|           1|
    |bucket_sizes_fu_1070_p2   |         +|   0|  0|  39|          32|           1|
    |shifted_fu_785_p2         |      ashr|   0|  0|  92|          32|          32|
    |addr_cmp_fu_771_p2        |      icmp|   0|  0|  29|          64|          64|
    |icmp_ln40_fu_669_p2       |      icmp|   0|  0|  12|          14|          11|
    |reuse_select_fu_776_p3    |    select|   0|  0|  32|           1|          32|
    |ap_enable_pp0             |       xor|   0|  0|   2|           1|           2|
    +--------------------------+----------+----+---+----+------------+------------+
    |Total                     |          |   0|  0| 310|         220|         174|
    +--------------------------+----------+----+---+----+------------+------------+

    * Multiplexer: 
    +---------------------------+----+-----------+-----+-----------+
    |            Name           | LUT| Input Size| Bits| Total Bits|
    +---------------------------+----+-----------+-----+-----------+
    |ap_done_int                |   9|          2|    1|          2|
    |ap_enable_reg_pp0_iter1    |   9|          2|    1|          2|
    |ap_sig_allocacmp_j         |   9|          2|   14|         28|
    |bucket_pointer_1983_out_o  |  14|          3|   32|         96|
    |bucket_pointer_1984_out_o  |  14|          3|   32|         96|
    |bucket_pointer_1985_out_o  |  14|          3|   32|         96|
    |bucket_pointer_1986_out_o  |  14|          3|   32|         96|
    |bucket_pointer_1987_out_o  |  14|          3|   32|         96|
    |bucket_pointer_1988_out_o  |  14|          3|   32|         96|
    |bucket_pointer_1989_out_o  |  14|          3|   32|         96|
    |bucket_pointer_1990_out_o  |  14|          3|   32|         96|
    |bucket_pointer_1991_out_o  |  14|          3|   32|         96|
    |bucket_pointer_1992_out_o  |  14|          3|   32|         96|
    |bucket_pointer_1993_out_o  |  14|          3|   32|         96|
    |bucket_pointer_1994_out_o  |  14|          3|   32|         96|
    |bucket_pointer_1995_out_o  |  14|          3|   32|         96|
    |bucket_pointer_1996_out_o  |  14|          3|   32|         96|
    |bucket_pointer_1997_out_o  |  14|          3|   32|         96|
    |bucket_pointer_1998_out_o  |  14|          3|   32|         96|
    |bucket_sizes_4463_out_o    |  14|          3|   32|         96|
    |bucket_sizes_4464_out_o    |  14|          3|   32|         96|
    |bucket_sizes_4465_out_o    |  14|          3|   32|         96|
    |bucket_sizes_4466_out_o    |  14|          3|   32|         96|
    |bucket_sizes_4467_out_o    |  14|          3|   32|         96|
    |bucket_sizes_4468_out_o    |  14|          3|   32|         96|
    |bucket_sizes_4469_out_o    |  14|          3|   32|         96|
    |bucket_sizes_4470_out_o    |  14|          3|   32|         96|
    |bucket_sizes_4471_out_o    |  14|          3|   32|         96|
    |bucket_sizes_4472_out_o    |  14|          3|   32|         96|
    |bucket_sizes_4473_out_o    |  14|          3|   32|         96|
    |bucket_sizes_4474_out_o    |  14|          3|   32|         96|
    |bucket_sizes_4475_out_o    |  14|          3|   32|         96|
    |bucket_sizes_4476_out_o    |  14|          3|   32|         96|
    |bucket_sizes_4477_out_o    |  14|          3|   32|         96|
    |bucket_sizes_4478_out_o    |  14|          3|   32|         96|
    |j_31_fu_216                |   9|          2|   14|         28|
    |reuse_addr_reg_fu_208      |   9|          2|   64|        128|
    |reuse_reg_fu_212           |   9|          2|   32|         64|
    +---------------------------+----+-----------+-----+-----------+
    |Total                      | 502|        108| 1150|       3324|
    +---------------------------+----+-----------+-----+-----------+

    * Register: 
    +--------------------------+----+----+-----+-----------+
    |           Name           | FF | LUT| Bits| Const Bits|
    +--------------------------+----+----+-----+-----------+
    |ap_CS_fsm                 |   1|   0|    1|          0|
    |ap_done_reg               |   1|   0|    1|          0|
    |ap_enable_reg_pp0_iter1   |   1|   0|    1|          0|
    |j_31_fu_216               |  14|   0|   14|          0|
    |mul_cast_i_cast_reg_1198  |   5|   0|   32|         27|
    |reuse_addr_reg_fu_208     |  64|   0|   64|          0|
    |reuse_reg_fu_212          |  32|   0|   32|          0|
    |zext_ln41_31_reg_1206     |  15|   0|   64|         49|
    +--------------------------+----+----+-----+-----------+
    |Total                     | 133|   0|  209|         76|
    +--------------------------+----+----+-----+-----------+



================================================================
== Interface
================================================================
* Summary: 
+----------------------------------+-----+-----+------------+---------------------------------------------+--------------+
|             RTL Ports            | Dir | Bits|  Protocol  |                Source Object                |    C Type    |
+----------------------------------+-----+-----+------------+---------------------------------------------+--------------+
|ap_clk                            |   in|    1|  ap_ctrl_hs|  radix_sort_batch.39.1_Pipeline_input_bucket|  return value|
|ap_rst                            |   in|    1|  ap_ctrl_hs|  radix_sort_batch.39.1_Pipeline_input_bucket|  return value|
|ap_start                          |   in|    1|  ap_ctrl_hs|  radix_sort_batch.39.1_Pipeline_input_bucket|  return value|
|ap_done                           |  out|    1|  ap_ctrl_hs|  radix_sort_batch.39.1_Pipeline_input_bucket|  return value|
|ap_idle                           |  out|    1|  ap_ctrl_hs|  radix_sort_batch.39.1_Pipeline_input_bucket|  return value|
|ap_ready                          |  out|    1|  ap_ctrl_hs|  radix_sort_batch.39.1_Pipeline_input_bucket|  return value|
|bucket_sizes_4446_reload          |   in|   32|     ap_none|                     bucket_sizes_4446_reload|        scalar|
|bucket_sizes_4445_reload          |   in|   32|     ap_none|                     bucket_sizes_4445_reload|        scalar|
|bucket_sizes_4444_reload          |   in|   32|     ap_none|                     bucket_sizes_4444_reload|        scalar|
|bucket_sizes_4443_reload          |   in|   32|     ap_none|                     bucket_sizes_4443_reload|        scalar|
|bucket_sizes_4442_reload          |   in|   32|     ap_none|                     bucket_sizes_4442_reload|        scalar|
|bucket_sizes_4441_reload          |   in|   32|     ap_none|                     bucket_sizes_4441_reload|        scalar|
|bucket_sizes_4440_reload          |   in|   32|     ap_none|                     bucket_sizes_4440_reload|        scalar|
|bucket_sizes_4439_reload          |   in|   32|     ap_none|                     bucket_sizes_4439_reload|        scalar|
|bucket_sizes_4438_reload          |   in|   32|     ap_none|                     bucket_sizes_4438_reload|        scalar|
|bucket_sizes_4437_reload          |   in|   32|     ap_none|                     bucket_sizes_4437_reload|        scalar|
|bucket_sizes_4436_reload          |   in|   32|     ap_none|                     bucket_sizes_4436_reload|        scalar|
|bucket_sizes_4435_reload          |   in|   32|     ap_none|                     bucket_sizes_4435_reload|        scalar|
|bucket_sizes_4434_reload          |   in|   32|     ap_none|                     bucket_sizes_4434_reload|        scalar|
|bucket_sizes_4433_reload          |   in|   32|     ap_none|                     bucket_sizes_4433_reload|        scalar|
|bucket_sizes_4432_reload          |   in|   32|     ap_none|                     bucket_sizes_4432_reload|        scalar|
|bucket_sizes_4431_reload          |   in|   32|     ap_none|                     bucket_sizes_4431_reload|        scalar|
|bucket_pointer_1981_reload        |   in|   32|     ap_none|                   bucket_pointer_1981_reload|        scalar|
|bucket_pointer_1980_reload        |   in|   32|     ap_none|                   bucket_pointer_1980_reload|        scalar|
|bucket_pointer_1979_reload        |   in|   32|     ap_none|                   bucket_pointer_1979_reload|        scalar|
|bucket_pointer_1978_reload        |   in|   32|     ap_none|                   bucket_pointer_1978_reload|        scalar|
|bucket_pointer_1977_reload        |   in|   32|     ap_none|                   bucket_pointer_1977_reload|        scalar|
|bucket_pointer_1976_reload        |   in|   32|     ap_none|                   bucket_pointer_1976_reload|        scalar|
|bucket_pointer_1975_reload        |   in|   32|     ap_none|                   bucket_pointer_1975_reload|        scalar|
|bucket_pointer_1974_reload        |   in|   32|     ap_none|                   bucket_pointer_1974_reload|        scalar|
|bucket_pointer_1973_reload        |   in|   32|     ap_none|                   bucket_pointer_1973_reload|        scalar|
|bucket_pointer_1972_reload        |   in|   32|     ap_none|                   bucket_pointer_1972_reload|        scalar|
|bucket_pointer_1971_reload        |   in|   32|     ap_none|                   bucket_pointer_1971_reload|        scalar|
|bucket_pointer_1970_reload        |   in|   32|     ap_none|                   bucket_pointer_1970_reload|        scalar|
|bucket_pointer_1969_reload        |   in|   32|     ap_none|                   bucket_pointer_1969_reload|        scalar|
|bucket_pointer_1968_reload        |   in|   32|     ap_none|                   bucket_pointer_1968_reload|        scalar|
|bucket_pointer_1967_reload        |   in|   32|     ap_none|                   bucket_pointer_1967_reload|        scalar|
|bucket_pointer_1966_reload        |   in|   32|     ap_none|                   bucket_pointer_1966_reload|        scalar|
|mul_ln41                          |   in|   15|     ap_none|                                     mul_ln41|        scalar|
|bucket_address0                   |  out|   15|   ap_memory|                                       bucket|         array|
|bucket_ce0                        |  out|    1|   ap_memory|                                       bucket|         array|
|bucket_we0                        |  out|    1|   ap_memory|                                       bucket|         array|
|bucket_d0                         |  out|   32|   ap_memory|                                       bucket|         array|
|bucket_address1                   |  out|   15|   ap_memory|                                       bucket|         array|
|bucket_ce1                        |  out|    1|   ap_memory|                                       bucket|         array|
|bucket_q1                         |   in|   32|   ap_memory|                                       bucket|         array|
|mul_cast_i                        |   in|    5|     ap_none|                                   mul_cast_i|        scalar|
|mul_ln43                          |   in|   15|     ap_none|                                     mul_ln43|        scalar|
|bucket_sizes_4478_out_i           |   in|   32|     ap_ovld|                        bucket_sizes_4478_out|       pointer|
|bucket_sizes_4478_out_o           |  out|   32|     ap_ovld|                        bucket_sizes_4478_out|       pointer|
|bucket_sizes_4478_out_o_ap_vld    |  out|    1|     ap_ovld|                        bucket_sizes_4478_out|       pointer|
|bucket_sizes_4477_out_i           |   in|   32|     ap_ovld|                        bucket_sizes_4477_out|       pointer|
|bucket_sizes_4477_out_o           |  out|   32|     ap_ovld|                        bucket_sizes_4477_out|       pointer|
|bucket_sizes_4477_out_o_ap_vld    |  out|    1|     ap_ovld|                        bucket_sizes_4477_out|       pointer|
|bucket_sizes_4476_out_i           |   in|   32|     ap_ovld|                        bucket_sizes_4476_out|       pointer|
|bucket_sizes_4476_out_o           |  out|   32|     ap_ovld|                        bucket_sizes_4476_out|       pointer|
|bucket_sizes_4476_out_o_ap_vld    |  out|    1|     ap_ovld|                        bucket_sizes_4476_out|       pointer|
|bucket_sizes_4475_out_i           |   in|   32|     ap_ovld|                        bucket_sizes_4475_out|       pointer|
|bucket_sizes_4475_out_o           |  out|   32|     ap_ovld|                        bucket_sizes_4475_out|       pointer|
|bucket_sizes_4475_out_o_ap_vld    |  out|    1|     ap_ovld|                        bucket_sizes_4475_out|       pointer|
|bucket_sizes_4474_out_i           |   in|   32|     ap_ovld|                        bucket_sizes_4474_out|       pointer|
|bucket_sizes_4474_out_o           |  out|   32|     ap_ovld|                        bucket_sizes_4474_out|       pointer|
|bucket_sizes_4474_out_o_ap_vld    |  out|    1|     ap_ovld|                        bucket_sizes_4474_out|       pointer|
|bucket_sizes_4473_out_i           |   in|   32|     ap_ovld|                        bucket_sizes_4473_out|       pointer|
|bucket_sizes_4473_out_o           |  out|   32|     ap_ovld|                        bucket_sizes_4473_out|       pointer|
|bucket_sizes_4473_out_o_ap_vld    |  out|    1|     ap_ovld|                        bucket_sizes_4473_out|       pointer|
|bucket_sizes_4472_out_i           |   in|   32|     ap_ovld|                        bucket_sizes_4472_out|       pointer|
|bucket_sizes_4472_out_o           |  out|   32|     ap_ovld|                        bucket_sizes_4472_out|       pointer|
|bucket_sizes_4472_out_o_ap_vld    |  out|    1|     ap_ovld|                        bucket_sizes_4472_out|       pointer|
|bucket_sizes_4471_out_i           |   in|   32|     ap_ovld|                        bucket_sizes_4471_out|       pointer|
|bucket_sizes_4471_out_o           |  out|   32|     ap_ovld|                        bucket_sizes_4471_out|       pointer|
|bucket_sizes_4471_out_o_ap_vld    |  out|    1|     ap_ovld|                        bucket_sizes_4471_out|       pointer|
|bucket_sizes_4470_out_i           |   in|   32|     ap_ovld|                        bucket_sizes_4470_out|       pointer|
|bucket_sizes_4470_out_o           |  out|   32|     ap_ovld|                        bucket_sizes_4470_out|       pointer|
|bucket_sizes_4470_out_o_ap_vld    |  out|    1|     ap_ovld|                        bucket_sizes_4470_out|       pointer|
|bucket_sizes_4469_out_i           |   in|   32|     ap_ovld|                        bucket_sizes_4469_out|       pointer|
|bucket_sizes_4469_out_o           |  out|   32|     ap_ovld|                        bucket_sizes_4469_out|       pointer|
|bucket_sizes_4469_out_o_ap_vld    |  out|    1|     ap_ovld|                        bucket_sizes_4469_out|       pointer|
|bucket_sizes_4468_out_i           |   in|   32|     ap_ovld|                        bucket_sizes_4468_out|       pointer|
|bucket_sizes_4468_out_o           |  out|   32|     ap_ovld|                        bucket_sizes_4468_out|       pointer|
|bucket_sizes_4468_out_o_ap_vld    |  out|    1|     ap_ovld|                        bucket_sizes_4468_out|       pointer|
|bucket_sizes_4467_out_i           |   in|   32|     ap_ovld|                        bucket_sizes_4467_out|       pointer|
|bucket_sizes_4467_out_o           |  out|   32|     ap_ovld|                        bucket_sizes_4467_out|       pointer|
|bucket_sizes_4467_out_o_ap_vld    |  out|    1|     ap_ovld|                        bucket_sizes_4467_out|       pointer|
|bucket_sizes_4466_out_i           |   in|   32|     ap_ovld|                        bucket_sizes_4466_out|       pointer|
|bucket_sizes_4466_out_o           |  out|   32|     ap_ovld|                        bucket_sizes_4466_out|       pointer|
|bucket_sizes_4466_out_o_ap_vld    |  out|    1|     ap_ovld|                        bucket_sizes_4466_out|       pointer|
|bucket_sizes_4465_out_i           |   in|   32|     ap_ovld|                        bucket_sizes_4465_out|       pointer|
|bucket_sizes_4465_out_o           |  out|   32|     ap_ovld|                        bucket_sizes_4465_out|       pointer|
|bucket_sizes_4465_out_o_ap_vld    |  out|    1|     ap_ovld|                        bucket_sizes_4465_out|       pointer|
|bucket_sizes_4464_out_i           |   in|   32|     ap_ovld|                        bucket_sizes_4464_out|       pointer|
|bucket_sizes_4464_out_o           |  out|   32|     ap_ovld|                        bucket_sizes_4464_out|       pointer|
|bucket_sizes_4464_out_o_ap_vld    |  out|    1|     ap_ovld|                        bucket_sizes_4464_out|       pointer|
|bucket_sizes_4463_out_i           |   in|   32|     ap_ovld|                        bucket_sizes_4463_out|       pointer|
|bucket_sizes_4463_out_o           |  out|   32|     ap_ovld|                        bucket_sizes_4463_out|       pointer|
|bucket_sizes_4463_out_o_ap_vld    |  out|    1|     ap_ovld|                        bucket_sizes_4463_out|       pointer|
|bucket_pointer_1998_out_i         |   in|   32|     ap_ovld|                      bucket_pointer_1998_out|       pointer|
|bucket_pointer_1998_out_o         |  out|   32|     ap_ovld|                      bucket_pointer_1998_out|       pointer|
|bucket_pointer_1998_out_o_ap_vld  |  out|    1|     ap_ovld|                      bucket_pointer_1998_out|       pointer|
|bucket_pointer_1997_out_i         |   in|   32|     ap_ovld|                      bucket_pointer_1997_out|       pointer|
|bucket_pointer_1997_out_o         |  out|   32|     ap_ovld|                      bucket_pointer_1997_out|       pointer|
|bucket_pointer_1997_out_o_ap_vld  |  out|    1|     ap_ovld|                      bucket_pointer_1997_out|       pointer|
|bucket_pointer_1996_out_i         |   in|   32|     ap_ovld|                      bucket_pointer_1996_out|       pointer|
|bucket_pointer_1996_out_o         |  out|   32|     ap_ovld|                      bucket_pointer_1996_out|       pointer|
|bucket_pointer_1996_out_o_ap_vld  |  out|    1|     ap_ovld|                      bucket_pointer_1996_out|       pointer|
|bucket_pointer_1995_out_i         |   in|   32|     ap_ovld|                      bucket_pointer_1995_out|       pointer|
|bucket_pointer_1995_out_o         |  out|   32|     ap_ovld|                      bucket_pointer_1995_out|       pointer|
|bucket_pointer_1995_out_o_ap_vld  |  out|    1|     ap_ovld|                      bucket_pointer_1995_out|       pointer|
|bucket_pointer_1994_out_i         |   in|   32|     ap_ovld|                      bucket_pointer_1994_out|       pointer|
|bucket_pointer_1994_out_o         |  out|   32|     ap_ovld|                      bucket_pointer_1994_out|       pointer|
|bucket_pointer_1994_out_o_ap_vld  |  out|    1|     ap_ovld|                      bucket_pointer_1994_out|       pointer|
|bucket_pointer_1993_out_i         |   in|   32|     ap_ovld|                      bucket_pointer_1993_out|       pointer|
|bucket_pointer_1993_out_o         |  out|   32|     ap_ovld|                      bucket_pointer_1993_out|       pointer|
|bucket_pointer_1993_out_o_ap_vld  |  out|    1|     ap_ovld|                      bucket_pointer_1993_out|       pointer|
|bucket_pointer_1992_out_i         |   in|   32|     ap_ovld|                      bucket_pointer_1992_out|       pointer|
|bucket_pointer_1992_out_o         |  out|   32|     ap_ovld|                      bucket_pointer_1992_out|       pointer|
|bucket_pointer_1992_out_o_ap_vld  |  out|    1|     ap_ovld|                      bucket_pointer_1992_out|       pointer|
|bucket_pointer_1991_out_i         |   in|   32|     ap_ovld|                      bucket_pointer_1991_out|       pointer|
|bucket_pointer_1991_out_o         |  out|   32|     ap_ovld|                      bucket_pointer_1991_out|       pointer|
|bucket_pointer_1991_out_o_ap_vld  |  out|    1|     ap_ovld|                      bucket_pointer_1991_out|       pointer|
|bucket_pointer_1990_out_i         |   in|   32|     ap_ovld|                      bucket_pointer_1990_out|       pointer|
|bucket_pointer_1990_out_o         |  out|   32|     ap_ovld|                      bucket_pointer_1990_out|       pointer|
|bucket_pointer_1990_out_o_ap_vld  |  out|    1|     ap_ovld|                      bucket_pointer_1990_out|       pointer|
|bucket_pointer_1989_out_i         |   in|   32|     ap_ovld|                      bucket_pointer_1989_out|       pointer|
|bucket_pointer_1989_out_o         |  out|   32|     ap_ovld|                      bucket_pointer_1989_out|       pointer|
|bucket_pointer_1989_out_o_ap_vld  |  out|    1|     ap_ovld|                      bucket_pointer_1989_out|       pointer|
|bucket_pointer_1988_out_i         |   in|   32|     ap_ovld|                      bucket_pointer_1988_out|       pointer|
|bucket_pointer_1988_out_o         |  out|   32|     ap_ovld|                      bucket_pointer_1988_out|       pointer|
|bucket_pointer_1988_out_o_ap_vld  |  out|    1|     ap_ovld|                      bucket_pointer_1988_out|       pointer|
|bucket_pointer_1987_out_i         |   in|   32|     ap_ovld|                      bucket_pointer_1987_out|       pointer|
|bucket_pointer_1987_out_o         |  out|   32|     ap_ovld|                      bucket_pointer_1987_out|       pointer|
|bucket_pointer_1987_out_o_ap_vld  |  out|    1|     ap_ovld|                      bucket_pointer_1987_out|       pointer|
|bucket_pointer_1986_out_i         |   in|   32|     ap_ovld|                      bucket_pointer_1986_out|       pointer|
|bucket_pointer_1986_out_o         |  out|   32|     ap_ovld|                      bucket_pointer_1986_out|       pointer|
|bucket_pointer_1986_out_o_ap_vld  |  out|    1|     ap_ovld|                      bucket_pointer_1986_out|       pointer|
|bucket_pointer_1985_out_i         |   in|   32|     ap_ovld|                      bucket_pointer_1985_out|       pointer|
|bucket_pointer_1985_out_o         |  out|   32|     ap_ovld|                      bucket_pointer_1985_out|       pointer|
|bucket_pointer_1985_out_o_ap_vld  |  out|    1|     ap_ovld|                      bucket_pointer_1985_out|       pointer|
|bucket_pointer_1984_out_i         |   in|   32|     ap_ovld|                      bucket_pointer_1984_out|       pointer|
|bucket_pointer_1984_out_o         |  out|   32|     ap_ovld|                      bucket_pointer_1984_out|       pointer|
|bucket_pointer_1984_out_o_ap_vld  |  out|    1|     ap_ovld|                      bucket_pointer_1984_out|       pointer|
|bucket_pointer_1983_out_i         |   in|   32|     ap_ovld|                      bucket_pointer_1983_out|       pointer|
|bucket_pointer_1983_out_o         |  out|   32|     ap_ovld|                      bucket_pointer_1983_out|       pointer|
|bucket_pointer_1983_out_o_ap_vld  |  out|    1|     ap_ovld|                      bucket_pointer_1983_out|       pointer|
+----------------------------------+-----+-----+------------+---------------------------------------------+--------------+

