

================================================================
== Vitis HLS Report for 'radix_sort_batch_22_1_Pipeline_input_bucket'
================================================================
* Date:           Sun Apr 23 22:19:02 2023

* Version:        2022.2 (Build 3670227 on Oct 13 2022)
* Project:        sort_seperate_bucket
* Solution:       solution1 (Vivado IP Flow Target)
* Product family: virtexuplus
* Target device:  xcu280-fsvh2892-2L-e


================================================================
== Performance Estimates
================================================================
+ Timing: 
    * Summary: 
    +--------+----------+----------+------------+
    |  Clock |  Target  | Estimated| Uncertainty|
    +--------+----------+----------+------------+
    |ap_clk  |  10.00 ns|  5.044 ns|     2.70 ns|
    +--------+----------+----------+------------+

+ Latency: 
    * Summary: 
    +---------+---------+----------+----------+-------+-------+---------+
    |  Latency (cycles) |  Latency (absolute) |    Interval   | Pipeline|
    |   min   |   max   |    min   |    max   |  min  |  max  |   Type  |
    +---------+---------+----------+----------+-------+-------+---------+
    |    15627|    15627|  0.156 ms|  0.156 ms|  15627|  15627|       no|
    +---------+---------+----------+----------+-------+-------+---------+

    + Detail: 
        * Instance: 
        N/A

        * Loop: 
        +----------------+---------+---------+----------+-----------+-----------+-------+----------+
        |                |  Latency (cycles) | Iteration|  Initiation Interval  |  Trip |          |
        |    Loop Name   |   min   |   max   |  Latency |  achieved |   target  | Count | Pipelined|
        +----------------+---------+---------+----------+-----------+-----------+-------+----------+
        |- input_bucket  |    15625|    15625|         2|          1|          1|  15625|       yes|
        +----------------+---------+---------+----------+-----------+-----------+-------+----------+



================================================================
== Utilization Estimates
================================================================
* Summary: 
+---------------------+---------+------+---------+---------+-----+
|         Name        | BRAM_18K|  DSP |    FF   |   LUT   | URAM|
+---------------------+---------+------+---------+---------+-----+
|DSP                  |        -|     -|        -|        -|    -|
|Expression           |        -|     -|        0|      310|    -|
|FIFO                 |        -|     -|        -|        -|    -|
|Instance             |        -|     -|        0|      130|    -|
|Memory               |        -|     -|        -|        -|    -|
|Multiplexer          |        -|     -|        -|      502|    -|
|Register             |        -|     -|      133|        -|    -|
+---------------------+---------+------+---------+---------+-----+
|Total                |        0|     0|      133|      942|    0|
+---------------------+---------+------+---------+---------+-----+
|Available SLR        |     1344|  3008|   869120|   434560|  320|
+---------------------+---------+------+---------+---------+-----+
|Utilization SLR (%)  |        0|     0|       ~0|       ~0|    0|
+---------------------+---------+------+---------+---------+-----+
|Available            |     4032|  9024|  2607360|  1303680|  960|
+---------------------+---------+------+---------+---------+-----+
|Utilization (%)      |        0|     0|       ~0|       ~0|    0|
+---------------------+---------+------+---------+---------+-----+

+ Detail: 
    * Instance: 
    +----------------------+----------------+---------+----+---+----+-----+
    |       Instance       |     Module     | BRAM_18K| DSP| FF| LUT| URAM|
    +----------------------+----------------+---------+----+---+----+-----+
    |mux_164_32_1_1_U4172  |mux_164_32_1_1  |        0|   0|  0|  65|    0|
    |mux_164_32_1_1_U4173  |mux_164_32_1_1  |        0|   0|  0|  65|    0|
    +----------------------+----------------+---------+----+---+----+-----+
    |Total                 |                |        0|   0|  0| 130|    0|
    +----------------------+----------------+---------+----+---+----+-----+

    * DSP: 
    N/A

    * Memory: 
    N/A

    * FIFO: 
    N/A

    * Expression: 
    +--------------------------+----------+----+---+----+------------+------------+
    |       Variable Name      | Operation| DSP| FF| LUT| Bitwidth P0| Bitwidth P1|
    +--------------------------+----------+----+---+----+------------+------------+
    |add_ln40_fu_675_p2        |         +|   0|  0|  21|          14|           1|
    |add_ln41_fu_685_p2        |         +|   0|  0|  22|          15|          15|
    |add_ln43_fu_836_p2        |         +|   0|  0|  22|          15|          15|
    |bucket_pointer_fu_856_p2  |         +|   0|  0|  39|          32|           1|
    |bucket_sizes_fu_1070_p2   |         +|   0|  0|  39|          32|           1|
    |shifted_fu_785_p2         |      ashr|   0|  0|  92|          32|          32|
    |addr_cmp_fu_771_p2        |      icmp|   0|  0|  29|          64|          64|
    |icmp_ln40_fu_669_p2       |      icmp|   0|  0|  12|          14|          11|
    |reuse_select_fu_776_p3    |    select|   0|  0|  32|           1|          32|
    |ap_enable_pp0             |       xor|   0|  0|   2|           1|           2|
    +--------------------------+----------+----+---+----+------------+------------+
    |Total                     |          |   0|  0| 310|         220|         174|
    +--------------------------+----------+----+---+----+------------+------------+

    * Multiplexer: 
    +---------------------------+----+-----------+-----+-----------+
    |            Name           | LUT| Input Size| Bits| Total Bits|
    +---------------------------+----+-----------+-----+-----------+
    |ap_done_int                |   9|          2|    1|          2|
    |ap_enable_reg_pp0_iter1    |   9|          2|    1|          2|
    |ap_sig_allocacmp_j         |   9|          2|   14|         28|
    |bucket_pointer_3153_out_o  |  14|          3|   32|         96|
    |bucket_pointer_3154_out_o  |  14|          3|   32|         96|
    |bucket_pointer_3155_out_o  |  14|          3|   32|         96|
    |bucket_pointer_3156_out_o  |  14|          3|   32|         96|
    |bucket_pointer_3157_out_o  |  14|          3|   32|         96|
    |bucket_pointer_3158_out_o  |  14|          3|   32|         96|
    |bucket_pointer_3159_out_o  |  14|          3|   32|         96|
    |bucket_pointer_3160_out_o  |  14|          3|   32|         96|
    |bucket_pointer_3161_out_o  |  14|          3|   32|         96|
    |bucket_pointer_3162_out_o  |  14|          3|   32|         96|
    |bucket_pointer_3163_out_o  |  14|          3|   32|         96|
    |bucket_pointer_3164_out_o  |  14|          3|   32|         96|
    |bucket_pointer_3165_out_o  |  14|          3|   32|         96|
    |bucket_pointer_3166_out_o  |  14|          3|   32|         96|
    |bucket_pointer_3167_out_o  |  14|          3|   32|         96|
    |bucket_pointer_3168_out_o  |  14|          3|   32|         96|
    |bucket_sizes_7073_out_o    |  14|          3|   32|         96|
    |bucket_sizes_7074_out_o    |  14|          3|   32|         96|
    |bucket_sizes_7075_out_o    |  14|          3|   32|         96|
    |bucket_sizes_7076_out_o    |  14|          3|   32|         96|
    |bucket_sizes_7077_out_o    |  14|          3|   32|         96|
    |bucket_sizes_7078_out_o    |  14|          3|   32|         96|
    |bucket_sizes_7079_out_o    |  14|          3|   32|         96|
    |bucket_sizes_7080_out_o    |  14|          3|   32|         96|
    |bucket_sizes_7081_out_o    |  14|          3|   32|         96|
    |bucket_sizes_7082_out_o    |  14|          3|   32|         96|
    |bucket_sizes_7083_out_o    |  14|          3|   32|         96|
    |bucket_sizes_7084_out_o    |  14|          3|   32|         96|
    |bucket_sizes_7085_out_o    |  14|          3|   32|         96|
    |bucket_sizes_7086_out_o    |  14|          3|   32|         96|
    |bucket_sizes_7087_out_o    |  14|          3|   32|         96|
    |bucket_sizes_7088_out_o    |  14|          3|   32|         96|
    |j_49_fu_216                |   9|          2|   14|         28|
    |reuse_addr_reg_fu_208      |   9|          2|   64|        128|
    |reuse_reg_fu_212           |   9|          2|   32|         64|
    +---------------------------+----+-----------+-----+-----------+
    |Total                      | 502|        108| 1150|       3324|
    +---------------------------+----+-----------+-----+-----------+

    * Register: 
    +--------------------------+----+----+-----+-----------+
    |           Name           | FF | LUT| Bits| Const Bits|
    +--------------------------+----+----+-----+-----------+
    |ap_CS_fsm                 |   1|   0|    1|          0|
    |ap_done_reg               |   1|   0|    1|          0|
    |ap_enable_reg_pp0_iter1   |   1|   0|    1|          0|
    |j_49_fu_216               |  14|   0|   14|          0|
    |mul_cast_i_cast_reg_1198  |   5|   0|   32|         27|
    |reuse_addr_reg_fu_208     |  64|   0|   64|          0|
    |reuse_reg_fu_212          |  32|   0|   32|          0|
    |zext_ln41_49_reg_1206     |  15|   0|   64|         49|
    +--------------------------+----+----+-----+-----------+
    |Total                     | 133|   0|  209|         76|
    +--------------------------+----+----+-----+-----------+



================================================================
== Interface
================================================================
* Summary: 
+----------------------------------+-----+-----+------------+---------------------------------------------+--------------+
|             RTL Ports            | Dir | Bits|  Protocol  |                Source Object                |    C Type    |
+----------------------------------+-----+-----+------------+---------------------------------------------+--------------+
|ap_clk                            |   in|    1|  ap_ctrl_hs|  radix_sort_batch.22.1_Pipeline_input_bucket|  return value|
|ap_rst                            |   in|    1|  ap_ctrl_hs|  radix_sort_batch.22.1_Pipeline_input_bucket|  return value|
|ap_start                          |   in|    1|  ap_ctrl_hs|  radix_sort_batch.22.1_Pipeline_input_bucket|  return value|
|ap_done                           |  out|    1|  ap_ctrl_hs|  radix_sort_batch.22.1_Pipeline_input_bucket|  return value|
|ap_idle                           |  out|    1|  ap_ctrl_hs|  radix_sort_batch.22.1_Pipeline_input_bucket|  return value|
|ap_ready                          |  out|    1|  ap_ctrl_hs|  radix_sort_batch.22.1_Pipeline_input_bucket|  return value|
|bucket_sizes_7056_reload          |   in|   32|     ap_none|                     bucket_sizes_7056_reload|        scalar|
|bucket_sizes_7055_reload          |   in|   32|     ap_none|                     bucket_sizes_7055_reload|        scalar|
|bucket_sizes_7054_reload          |   in|   32|     ap_none|                     bucket_sizes_7054_reload|        scalar|
|bucket_sizes_7053_reload          |   in|   32|     ap_none|                     bucket_sizes_7053_reload|        scalar|
|bucket_sizes_7052_reload          |   in|   32|     ap_none|                     bucket_sizes_7052_reload|        scalar|
|bucket_sizes_7051_reload          |   in|   32|     ap_none|                     bucket_sizes_7051_reload|        scalar|
|bucket_sizes_7050_reload          |   in|   32|     ap_none|                     bucket_sizes_7050_reload|        scalar|
|bucket_sizes_7049_reload          |   in|   32|     ap_none|                     bucket_sizes_7049_reload|        scalar|
|bucket_sizes_7048_reload          |   in|   32|     ap_none|                     bucket_sizes_7048_reload|        scalar|
|bucket_sizes_7047_reload          |   in|   32|     ap_none|                     bucket_sizes_7047_reload|        scalar|
|bucket_sizes_7046_reload          |   in|   32|     ap_none|                     bucket_sizes_7046_reload|        scalar|
|bucket_sizes_7045_reload          |   in|   32|     ap_none|                     bucket_sizes_7045_reload|        scalar|
|bucket_sizes_7044_reload          |   in|   32|     ap_none|                     bucket_sizes_7044_reload|        scalar|
|bucket_sizes_7043_reload          |   in|   32|     ap_none|                     bucket_sizes_7043_reload|        scalar|
|bucket_sizes_7042_reload          |   in|   32|     ap_none|                     bucket_sizes_7042_reload|        scalar|
|bucket_sizes_7041_reload          |   in|   32|     ap_none|                     bucket_sizes_7041_reload|        scalar|
|bucket_pointer_3151_reload        |   in|   32|     ap_none|                   bucket_pointer_3151_reload|        scalar|
|bucket_pointer_3150_reload        |   in|   32|     ap_none|                   bucket_pointer_3150_reload|        scalar|
|bucket_pointer_3149_reload        |   in|   32|     ap_none|                   bucket_pointer_3149_reload|        scalar|
|bucket_pointer_3148_reload        |   in|   32|     ap_none|                   bucket_pointer_3148_reload|        scalar|
|bucket_pointer_3147_reload        |   in|   32|     ap_none|                   bucket_pointer_3147_reload|        scalar|
|bucket_pointer_3146_reload        |   in|   32|     ap_none|                   bucket_pointer_3146_reload|        scalar|
|bucket_pointer_3145_reload        |   in|   32|     ap_none|                   bucket_pointer_3145_reload|        scalar|
|bucket_pointer_3144_reload        |   in|   32|     ap_none|                   bucket_pointer_3144_reload|        scalar|
|bucket_pointer_3143_reload        |   in|   32|     ap_none|                   bucket_pointer_3143_reload|        scalar|
|bucket_pointer_3142_reload        |   in|   32|     ap_none|                   bucket_pointer_3142_reload|        scalar|
|bucket_pointer_3141_reload        |   in|   32|     ap_none|                   bucket_pointer_3141_reload|        scalar|
|bucket_pointer_3140_reload        |   in|   32|     ap_none|                   bucket_pointer_3140_reload|        scalar|
|bucket_pointer_3139_reload        |   in|   32|     ap_none|                   bucket_pointer_3139_reload|        scalar|
|bucket_pointer_3138_reload        |   in|   32|     ap_none|                   bucket_pointer_3138_reload|        scalar|
|bucket_pointer_3137_reload        |   in|   32|     ap_none|                   bucket_pointer_3137_reload|        scalar|
|bucket_pointer_3136_reload        |   in|   32|     ap_none|                   bucket_pointer_3136_reload|        scalar|
|mul_ln41                          |   in|   15|     ap_none|                                     mul_ln41|        scalar|
|bucket_address0                   |  out|   15|   ap_memory|                                       bucket|         array|
|bucket_ce0                        |  out|    1|   ap_memory|                                       bucket|         array|
|bucket_we0                        |  out|    1|   ap_memory|                                       bucket|         array|
|bucket_d0                         |  out|   32|   ap_memory|                                       bucket|         array|
|bucket_address1                   |  out|   15|   ap_memory|                                       bucket|         array|
|bucket_ce1                        |  out|    1|   ap_memory|                                       bucket|         array|
|bucket_q1                         |   in|   32|   ap_memory|                                       bucket|         array|
|mul_cast_i                        |   in|    5|     ap_none|                                   mul_cast_i|        scalar|
|mul_ln43                          |   in|   15|     ap_none|                                     mul_ln43|        scalar|
|bucket_sizes_7088_out_i           |   in|   32|     ap_ovld|                        bucket_sizes_7088_out|       pointer|
|bucket_sizes_7088_out_o           |  out|   32|     ap_ovld|                        bucket_sizes_7088_out|       pointer|
|bucket_sizes_7088_out_o_ap_vld    |  out|    1|     ap_ovld|                        bucket_sizes_7088_out|       pointer|
|bucket_sizes_7087_out_i           |   in|   32|     ap_ovld|                        bucket_sizes_7087_out|       pointer|
|bucket_sizes_7087_out_o           |  out|   32|     ap_ovld|                        bucket_sizes_7087_out|       pointer|
|bucket_sizes_7087_out_o_ap_vld    |  out|    1|     ap_ovld|                        bucket_sizes_7087_out|       pointer|
|bucket_sizes_7086_out_i           |   in|   32|     ap_ovld|                        bucket_sizes_7086_out|       pointer|
|bucket_sizes_7086_out_o           |  out|   32|     ap_ovld|                        bucket_sizes_7086_out|       pointer|
|bucket_sizes_7086_out_o_ap_vld    |  out|    1|     ap_ovld|                        bucket_sizes_7086_out|       pointer|
|bucket_sizes_7085_out_i           |   in|   32|     ap_ovld|                        bucket_sizes_7085_out|       pointer|
|bucket_sizes_7085_out_o           |  out|   32|     ap_ovld|                        bucket_sizes_7085_out|       pointer|
|bucket_sizes_7085_out_o_ap_vld    |  out|    1|     ap_ovld|                        bucket_sizes_7085_out|       pointer|
|bucket_sizes_7084_out_i           |   in|   32|     ap_ovld|                        bucket_sizes_7084_out|       pointer|
|bucket_sizes_7084_out_o           |  out|   32|     ap_ovld|                        bucket_sizes_7084_out|       pointer|
|bucket_sizes_7084_out_o_ap_vld    |  out|    1|     ap_ovld|                        bucket_sizes_7084_out|       pointer|
|bucket_sizes_7083_out_i           |   in|   32|     ap_ovld|                        bucket_sizes_7083_out|       pointer|
|bucket_sizes_7083_out_o           |  out|   32|     ap_ovld|                        bucket_sizes_7083_out|       pointer|
|bucket_sizes_7083_out_o_ap_vld    |  out|    1|     ap_ovld|                        bucket_sizes_7083_out|       pointer|
|bucket_sizes_7082_out_i           |   in|   32|     ap_ovld|                        bucket_sizes_7082_out|       pointer|
|bucket_sizes_7082_out_o           |  out|   32|     ap_ovld|                        bucket_sizes_7082_out|       pointer|
|bucket_sizes_7082_out_o_ap_vld    |  out|    1|     ap_ovld|                        bucket_sizes_7082_out|       pointer|
|bucket_sizes_7081_out_i           |   in|   32|     ap_ovld|                        bucket_sizes_7081_out|       pointer|
|bucket_sizes_7081_out_o           |  out|   32|     ap_ovld|                        bucket_sizes_7081_out|       pointer|
|bucket_sizes_7081_out_o_ap_vld    |  out|    1|     ap_ovld|                        bucket_sizes_7081_out|       pointer|
|bucket_sizes_7080_out_i           |   in|   32|     ap_ovld|                        bucket_sizes_7080_out|       pointer|
|bucket_sizes_7080_out_o           |  out|   32|     ap_ovld|                        bucket_sizes_7080_out|       pointer|
|bucket_sizes_7080_out_o_ap_vld    |  out|    1|     ap_ovld|                        bucket_sizes_7080_out|       pointer|
|bucket_sizes_7079_out_i           |   in|   32|     ap_ovld|                        bucket_sizes_7079_out|       pointer|
|bucket_sizes_7079_out_o           |  out|   32|     ap_ovld|                        bucket_sizes_7079_out|       pointer|
|bucket_sizes_7079_out_o_ap_vld    |  out|    1|     ap_ovld|                        bucket_sizes_7079_out|       pointer|
|bucket_sizes_7078_out_i           |   in|   32|     ap_ovld|                        bucket_sizes_7078_out|       pointer|
|bucket_sizes_7078_out_o           |  out|   32|     ap_ovld|                        bucket_sizes_7078_out|       pointer|
|bucket_sizes_7078_out_o_ap_vld    |  out|    1|     ap_ovld|                        bucket_sizes_7078_out|       pointer|
|bucket_sizes_7077_out_i           |   in|   32|     ap_ovld|                        bucket_sizes_7077_out|       pointer|
|bucket_sizes_7077_out_o           |  out|   32|     ap_ovld|                        bucket_sizes_7077_out|       pointer|
|bucket_sizes_7077_out_o_ap_vld    |  out|    1|     ap_ovld|                        bucket_sizes_7077_out|       pointer|
|bucket_sizes_7076_out_i           |   in|   32|     ap_ovld|                        bucket_sizes_7076_out|       pointer|
|bucket_sizes_7076_out_o           |  out|   32|     ap_ovld|                        bucket_sizes_7076_out|       pointer|
|bucket_sizes_7076_out_o_ap_vld    |  out|    1|     ap_ovld|                        bucket_sizes_7076_out|       pointer|
|bucket_sizes_7075_out_i           |   in|   32|     ap_ovld|                        bucket_sizes_7075_out|       pointer|
|bucket_sizes_7075_out_o           |  out|   32|     ap_ovld|                        bucket_sizes_7075_out|       pointer|
|bucket_sizes_7075_out_o_ap_vld    |  out|    1|     ap_ovld|                        bucket_sizes_7075_out|       pointer|
|bucket_sizes_7074_out_i           |   in|   32|     ap_ovld|                        bucket_sizes_7074_out|       pointer|
|bucket_sizes_7074_out_o           |  out|   32|     ap_ovld|                        bucket_sizes_7074_out|       pointer|
|bucket_sizes_7074_out_o_ap_vld    |  out|    1|     ap_ovld|                        bucket_sizes_7074_out|       pointer|
|bucket_sizes_7073_out_i           |   in|   32|     ap_ovld|                        bucket_sizes_7073_out|       pointer|
|bucket_sizes_7073_out_o           |  out|   32|     ap_ovld|                        bucket_sizes_7073_out|       pointer|
|bucket_sizes_7073_out_o_ap_vld    |  out|    1|     ap_ovld|                        bucket_sizes_7073_out|       pointer|
|bucket_pointer_3168_out_i         |   in|   32|     ap_ovld|                      bucket_pointer_3168_out|       pointer|
|bucket_pointer_3168_out_o         |  out|   32|     ap_ovld|                      bucket_pointer_3168_out|       pointer|
|bucket_pointer_3168_out_o_ap_vld  |  out|    1|     ap_ovld|                      bucket_pointer_3168_out|       pointer|
|bucket_pointer_3167_out_i         |   in|   32|     ap_ovld|                      bucket_pointer_3167_out|       pointer|
|bucket_pointer_3167_out_o         |  out|   32|     ap_ovld|                      bucket_pointer_3167_out|       pointer|
|bucket_pointer_3167_out_o_ap_vld  |  out|    1|     ap_ovld|                      bucket_pointer_3167_out|       pointer|
|bucket_pointer_3166_out_i         |   in|   32|     ap_ovld|                      bucket_pointer_3166_out|       pointer|
|bucket_pointer_3166_out_o         |  out|   32|     ap_ovld|                      bucket_pointer_3166_out|       pointer|
|bucket_pointer_3166_out_o_ap_vld  |  out|    1|     ap_ovld|                      bucket_pointer_3166_out|       pointer|
|bucket_pointer_3165_out_i         |   in|   32|     ap_ovld|                      bucket_pointer_3165_out|       pointer|
|bucket_pointer_3165_out_o         |  out|   32|     ap_ovld|                      bucket_pointer_3165_out|       pointer|
|bucket_pointer_3165_out_o_ap_vld  |  out|    1|     ap_ovld|                      bucket_pointer_3165_out|       pointer|
|bucket_pointer_3164_out_i         |   in|   32|     ap_ovld|                      bucket_pointer_3164_out|       pointer|
|bucket_pointer_3164_out_o         |  out|   32|     ap_ovld|                      bucket_pointer_3164_out|       pointer|
|bucket_pointer_3164_out_o_ap_vld  |  out|    1|     ap_ovld|                      bucket_pointer_3164_out|       pointer|
|bucket_pointer_3163_out_i         |   in|   32|     ap_ovld|                      bucket_pointer_3163_out|       pointer|
|bucket_pointer_3163_out_o         |  out|   32|     ap_ovld|                      bucket_pointer_3163_out|       pointer|
|bucket_pointer_3163_out_o_ap_vld  |  out|    1|     ap_ovld|                      bucket_pointer_3163_out|       pointer|
|bucket_pointer_3162_out_i         |   in|   32|     ap_ovld|                      bucket_pointer_3162_out|       pointer|
|bucket_pointer_3162_out_o         |  out|   32|     ap_ovld|                      bucket_pointer_3162_out|       pointer|
|bucket_pointer_3162_out_o_ap_vld  |  out|    1|     ap_ovld|                      bucket_pointer_3162_out|       pointer|
|bucket_pointer_3161_out_i         |   in|   32|     ap_ovld|                      bucket_pointer_3161_out|       pointer|
|bucket_pointer_3161_out_o         |  out|   32|     ap_ovld|                      bucket_pointer_3161_out|       pointer|
|bucket_pointer_3161_out_o_ap_vld  |  out|    1|     ap_ovld|                      bucket_pointer_3161_out|       pointer|
|bucket_pointer_3160_out_i         |   in|   32|     ap_ovld|                      bucket_pointer_3160_out|       pointer|
|bucket_pointer_3160_out_o         |  out|   32|     ap_ovld|                      bucket_pointer_3160_out|       pointer|
|bucket_pointer_3160_out_o_ap_vld  |  out|    1|     ap_ovld|                      bucket_pointer_3160_out|       pointer|
|bucket_pointer_3159_out_i         |   in|   32|     ap_ovld|                      bucket_pointer_3159_out|       pointer|
|bucket_pointer_3159_out_o         |  out|   32|     ap_ovld|                      bucket_pointer_3159_out|       pointer|
|bucket_pointer_3159_out_o_ap_vld  |  out|    1|     ap_ovld|                      bucket_pointer_3159_out|       pointer|
|bucket_pointer_3158_out_i         |   in|   32|     ap_ovld|                      bucket_pointer_3158_out|       pointer|
|bucket_pointer_3158_out_o         |  out|   32|     ap_ovld|                      bucket_pointer_3158_out|       pointer|
|bucket_pointer_3158_out_o_ap_vld  |  out|    1|     ap_ovld|                      bucket_pointer_3158_out|       pointer|
|bucket_pointer_3157_out_i         |   in|   32|     ap_ovld|                      bucket_pointer_3157_out|       pointer|
|bucket_pointer_3157_out_o         |  out|   32|     ap_ovld|                      bucket_pointer_3157_out|       pointer|
|bucket_pointer_3157_out_o_ap_vld  |  out|    1|     ap_ovld|                      bucket_pointer_3157_out|       pointer|
|bucket_pointer_3156_out_i         |   in|   32|     ap_ovld|                      bucket_pointer_3156_out|       pointer|
|bucket_pointer_3156_out_o         |  out|   32|     ap_ovld|                      bucket_pointer_3156_out|       pointer|
|bucket_pointer_3156_out_o_ap_vld  |  out|    1|     ap_ovld|                      bucket_pointer_3156_out|       pointer|
|bucket_pointer_3155_out_i         |   in|   32|     ap_ovld|                      bucket_pointer_3155_out|       pointer|
|bucket_pointer_3155_out_o         |  out|   32|     ap_ovld|                      bucket_pointer_3155_out|       pointer|
|bucket_pointer_3155_out_o_ap_vld  |  out|    1|     ap_ovld|                      bucket_pointer_3155_out|       pointer|
|bucket_pointer_3154_out_i         |   in|   32|     ap_ovld|                      bucket_pointer_3154_out|       pointer|
|bucket_pointer_3154_out_o         |  out|   32|     ap_ovld|                      bucket_pointer_3154_out|       pointer|
|bucket_pointer_3154_out_o_ap_vld  |  out|    1|     ap_ovld|                      bucket_pointer_3154_out|       pointer|
|bucket_pointer_3153_out_i         |   in|   32|     ap_ovld|                      bucket_pointer_3153_out|       pointer|
|bucket_pointer_3153_out_o         |  out|   32|     ap_ovld|                      bucket_pointer_3153_out|       pointer|
|bucket_pointer_3153_out_o_ap_vld  |  out|    1|     ap_ovld|                      bucket_pointer_3153_out|       pointer|
+----------------------------------+-----+-----+------------+---------------------------------------------+--------------+

