

================================================================
== Vitis HLS Report for 'radix_sort_oct_batch_24_1_Pipeline_bucket_pointer_initialization'
================================================================
* Date:           Mon Apr 24 11:28:38 2023

* Version:        2022.2 (Build 3670227 on Oct 13 2022)
* Project:        sort_seperate_bucket
* Solution:       solution1 (Vivado IP Flow Target)
* Product family: virtexuplus
* Target device:  xcu280-fsvh2892-2L-e


================================================================
== Performance Estimates
================================================================
+ Timing: 
    * Summary: 
    +--------+----------+----------+------------+
    |  Clock |  Target  | Estimated| Uncertainty|
    +--------+----------+----------+------------+
    |ap_clk  |  10.00 ns|  1.851 ns|     2.70 ns|
    +--------+----------+----------+------------+

+ Latency: 
    * Summary: 
    +---------+---------+----------+----------+-----+-----+---------+
    |  Latency (cycles) |  Latency (absolute) |  Interval | Pipeline|
    |   min   |   max   |    min   |    max   | min | max |   Type  |
    +---------+---------+----------+----------+-----+-----+---------+
    |       10|       10|  0.100 us|  0.100 us|   10|   10|       no|
    +---------+---------+----------+----------+-----+-----+---------+

    + Detail: 
        * Instance: 
        N/A

        * Loop: 
        +---------------------------------+---------+---------+----------+-----------+-----------+------+----------+
        |                                 |  Latency (cycles) | Iteration|  Initiation Interval  | Trip |          |
        |            Loop Name            |   min   |   max   |  Latency |  achieved |   target  | Count| Pipelined|
        +---------------------------------+---------+---------+----------+-----------+-----------+------+----------+
        |- bucket_pointer_initialization  |        8|        8|         1|          1|          1|     8|       yes|
        +---------------------------------+---------+---------+----------+-----------+-----------+------+----------+



================================================================
== Utilization Estimates
================================================================
* Summary: 
+---------------------+---------+------+---------+---------+-----+
|         Name        | BRAM_18K|  DSP |    FF   |   LUT   | URAM|
+---------------------+---------+------+---------+---------+-----+
|DSP                  |        -|     -|        -|        -|    -|
|Expression           |        -|     -|        0|       78|    -|
|FIFO                 |        -|     -|        -|        -|    -|
|Instance             |        -|     -|        0|       43|    -|
|Memory               |        -|     -|        -|        -|    -|
|Multiplexer          |        -|     -|        -|      180|    -|
|Register             |        -|     -|      551|        -|    -|
+---------------------+---------+------+---------+---------+-----+
|Total                |        0|     0|      551|      301|    0|
+---------------------+---------+------+---------+---------+-----+
|Available SLR        |     1344|  3008|   869120|   434560|  320|
+---------------------+---------+------+---------+---------+-----+
|Utilization SLR (%)  |        0|     0|       ~0|       ~0|    0|
+---------------------+---------+------+---------+---------+-----+
|Available            |     4032|  9024|  2607360|  1303680|  960|
+---------------------+---------+------+---------+---------+-----+
|Utilization (%)      |        0|     0|       ~0|       ~0|    0|
+---------------------+---------+------+---------+---------+-----+

+ Detail: 
    * Instance: 
    +---------------------+---------------+---------+----+---+----+-----+
    |       Instance      |     Module    | BRAM_18K| DSP| FF| LUT| URAM|
    +---------------------+---------------+---------+----+---+----+-----+
    |mux_83_32_1_1_U2445  |mux_83_32_1_1  |        0|   0|  0|  43|    0|
    +---------------------+---------------+---------+----+---+----+-----+
    |Total                |               |        0|   0|  0|  43|    0|
    +---------------------+---------------+---------+----+---+----+-----+

    * DSP: 
    N/A

    * Memory: 
    N/A

    * FIFO: 
    N/A

    * Expression: 
    +-------------------------------+----------+----+---+----+------------+------------+
    |         Variable Name         | Operation| DSP| FF| LUT| Bitwidth P0| Bitwidth P1|
    +-------------------------------+----------+----+---+----+------------+------------+
    |add_ln33_fu_490_p2             |         +|   0|  0|  12|           4|           1|
    |next_bucket_pointer_fu_546_p2  |         +|   0|  0|  39|          32|          32|
    |ap_condition_321               |       and|   0|  0|   2|           1|           1|
    |ap_condition_324               |       and|   0|  0|   2|           1|           1|
    |ap_condition_327               |       and|   0|  0|   2|           1|           1|
    |ap_condition_330               |       and|   0|  0|   2|           1|           1|
    |ap_condition_333               |       and|   0|  0|   2|           1|           1|
    |ap_condition_336               |       and|   0|  0|   2|           1|           1|
    |ap_condition_339               |       and|   0|  0|   2|           1|           1|
    |ap_condition_342               |       and|   0|  0|   2|           1|           1|
    |icmp_ln33_fu_484_p2            |      icmp|   0|  0|   9|           4|           5|
    |ap_enable_pp0                  |       xor|   0|  0|   2|           1|           2|
    +-------------------------------+----------+----+---+----+------------+------------+
    |Total                          |          |   0|  0|  78|          49|          48|
    +-------------------------------+----------+----+---+----+------------+------------+

    * Multiplexer: 
    +---------------------------+----+-----------+-----+-----------+
    |            Name           | LUT| Input Size| Bits| Total Bits|
    +---------------------------+----+-----------+-----+-----------+
    |ap_done_int                |   9|          2|    1|          2|
    |ap_enable_reg_pp0_iter1    |   9|          2|    1|          2|
    |bucket_pointer_829_fu_112  |   9|          2|   32|         64|
    |bucket_pointer_830_fu_116  |   9|          2|   32|         64|
    |bucket_pointer_831_fu_120  |   9|          2|   32|         64|
    |bucket_pointer_832_fu_124  |   9|          2|   32|         64|
    |bucket_pointer_833_fu_128  |   9|          2|   32|         64|
    |bucket_pointer_834_fu_132  |   9|          2|   32|         64|
    |bucket_pointer_835_fu_136  |   9|          2|   32|         64|
    |bucket_pointer_836_fu_140  |   9|          2|   32|         64|
    |bucket_pointer_837_fu_144  |   9|          2|   32|         64|
    |bucket_sizes_960_fu_152    |   9|          2|   32|         64|
    |bucket_sizes_961_fu_156    |   9|          2|   32|         64|
    |bucket_sizes_962_fu_160    |   9|          2|   32|         64|
    |bucket_sizes_963_fu_164    |   9|          2|   32|         64|
    |bucket_sizes_964_fu_168    |   9|          2|   32|         64|
    |bucket_sizes_965_fu_172    |   9|          2|   32|         64|
    |bucket_sizes_966_fu_176    |   9|          2|   32|         64|
    |bucket_sizes_fu_148        |   9|          2|   32|         64|
    |m_fu_108                   |   9|          2|    4|          8|
    +---------------------------+----+-----------+-----+-----------+
    |Total                      | 180|         40|  550|       1100|
    +---------------------------+----+-----------+-----+-----------+

    * Register: 
    +---------------------------+----+----+-----+-----------+
    |            Name           | FF | LUT| Bits| Const Bits|
    +---------------------------+----+----+-----+-----------+
    |ap_CS_fsm                  |   1|   0|    1|          0|
    |ap_done_reg                |   1|   0|    1|          0|
    |ap_enable_reg_pp0_iter1    |   1|   0|    1|          0|
    |bucket_pointer_829_fu_112  |  32|   0|   32|          0|
    |bucket_pointer_830_fu_116  |  32|   0|   32|          0|
    |bucket_pointer_831_fu_120  |  32|   0|   32|          0|
    |bucket_pointer_832_fu_124  |  32|   0|   32|          0|
    |bucket_pointer_833_fu_128  |  32|   0|   32|          0|
    |bucket_pointer_834_fu_132  |  32|   0|   32|          0|
    |bucket_pointer_835_fu_136  |  32|   0|   32|          0|
    |bucket_pointer_836_fu_140  |  32|   0|   32|          0|
    |bucket_pointer_837_fu_144  |  32|   0|   32|          0|
    |bucket_sizes_960_fu_152    |  32|   0|   32|          0|
    |bucket_sizes_961_fu_156    |  32|   0|   32|          0|
    |bucket_sizes_962_fu_160    |  32|   0|   32|          0|
    |bucket_sizes_963_fu_164    |  32|   0|   32|          0|
    |bucket_sizes_964_fu_168    |  32|   0|   32|          0|
    |bucket_sizes_965_fu_172    |  32|   0|   32|          0|
    |bucket_sizes_966_fu_176    |  32|   0|   32|          0|
    |bucket_sizes_fu_148        |  32|   0|   32|          0|
    |m_fu_108                   |   4|   0|    4|          0|
    +---------------------------+----+----+-----+-----------+
    |Total                      | 551|   0|  551|          0|
    +---------------------------+----+----+-----+-----------+



================================================================
== Interface
================================================================
* Summary: 
+--------------------------------+-----+-----+------------+------------------------------------------------------------------+--------------+
|            RTL Ports           | Dir | Bits|  Protocol  |                           Source Object                          |    C Type    |
+--------------------------------+-----+-----+------------+------------------------------------------------------------------+--------------+
|ap_clk                          |   in|    1|  ap_ctrl_hs|  radix_sort_oct_batch.24.1_Pipeline_bucket_pointer_initialization|  return value|
|ap_rst                          |   in|    1|  ap_ctrl_hs|  radix_sort_oct_batch.24.1_Pipeline_bucket_pointer_initialization|  return value|
|ap_start                        |   in|    1|  ap_ctrl_hs|  radix_sort_oct_batch.24.1_Pipeline_bucket_pointer_initialization|  return value|
|ap_done                         |  out|    1|  ap_ctrl_hs|  radix_sort_oct_batch.24.1_Pipeline_bucket_pointer_initialization|  return value|
|ap_idle                         |  out|    1|  ap_ctrl_hs|  radix_sort_oct_batch.24.1_Pipeline_bucket_pointer_initialization|  return value|
|ap_ready                        |  out|    1|  ap_ctrl_hs|  radix_sort_oct_batch.24.1_Pipeline_bucket_pointer_initialization|  return value|
|bucket_sizes_3398               |   in|   32|     ap_none|                                                 bucket_sizes_3398|        scalar|
|bucket_sizes_3397               |   in|   32|     ap_none|                                                 bucket_sizes_3397|        scalar|
|bucket_sizes_3396               |   in|   32|     ap_none|                                                 bucket_sizes_3396|        scalar|
|bucket_sizes_3395               |   in|   32|     ap_none|                                                 bucket_sizes_3395|        scalar|
|bucket_sizes_3394               |   in|   32|     ap_none|                                                 bucket_sizes_3394|        scalar|
|bucket_sizes_3393               |   in|   32|     ap_none|                                                 bucket_sizes_3393|        scalar|
|bucket_sizes_3392               |   in|   32|     ap_none|                                                 bucket_sizes_3392|        scalar|
|bucket_sizes_3391               |   in|   32|     ap_none|                                                 bucket_sizes_3391|        scalar|
|bucket_pointer_1525             |   in|   32|     ap_none|                                               bucket_pointer_1525|        scalar|
|bucket_pointer_1524             |   in|   32|     ap_none|                                               bucket_pointer_1524|        scalar|
|bucket_pointer_1523             |   in|   32|     ap_none|                                               bucket_pointer_1523|        scalar|
|bucket_pointer_1522             |   in|   32|     ap_none|                                               bucket_pointer_1522|        scalar|
|bucket_pointer_1521             |   in|   32|     ap_none|                                               bucket_pointer_1521|        scalar|
|bucket_pointer_1520             |   in|   32|     ap_none|                                               bucket_pointer_1520|        scalar|
|bucket_pointer_1519             |   in|   32|     ap_none|                                               bucket_pointer_1519|        scalar|
|bucket_pointer                  |   in|   32|     ap_none|                                                    bucket_pointer|        scalar|
|bucket_sizes_3406_out           |  out|   32|      ap_vld|                                             bucket_sizes_3406_out|       pointer|
|bucket_sizes_3406_out_ap_vld    |  out|    1|      ap_vld|                                             bucket_sizes_3406_out|       pointer|
|bucket_sizes_3405_out           |  out|   32|      ap_vld|                                             bucket_sizes_3405_out|       pointer|
|bucket_sizes_3405_out_ap_vld    |  out|    1|      ap_vld|                                             bucket_sizes_3405_out|       pointer|
|bucket_sizes_3404_out           |  out|   32|      ap_vld|                                             bucket_sizes_3404_out|       pointer|
|bucket_sizes_3404_out_ap_vld    |  out|    1|      ap_vld|                                             bucket_sizes_3404_out|       pointer|
|bucket_sizes_3403_out           |  out|   32|      ap_vld|                                             bucket_sizes_3403_out|       pointer|
|bucket_sizes_3403_out_ap_vld    |  out|    1|      ap_vld|                                             bucket_sizes_3403_out|       pointer|
|bucket_sizes_3402_out           |  out|   32|      ap_vld|                                             bucket_sizes_3402_out|       pointer|
|bucket_sizes_3402_out_ap_vld    |  out|    1|      ap_vld|                                             bucket_sizes_3402_out|       pointer|
|bucket_sizes_3401_out           |  out|   32|      ap_vld|                                             bucket_sizes_3401_out|       pointer|
|bucket_sizes_3401_out_ap_vld    |  out|    1|      ap_vld|                                             bucket_sizes_3401_out|       pointer|
|bucket_sizes_3400_out           |  out|   32|      ap_vld|                                             bucket_sizes_3400_out|       pointer|
|bucket_sizes_3400_out_ap_vld    |  out|    1|      ap_vld|                                             bucket_sizes_3400_out|       pointer|
|bucket_sizes_3399_out           |  out|   32|      ap_vld|                                             bucket_sizes_3399_out|       pointer|
|bucket_sizes_3399_out_ap_vld    |  out|    1|      ap_vld|                                             bucket_sizes_3399_out|       pointer|
|bucket_pointer_1533_out         |  out|   32|      ap_vld|                                           bucket_pointer_1533_out|       pointer|
|bucket_pointer_1533_out_ap_vld  |  out|    1|      ap_vld|                                           bucket_pointer_1533_out|       pointer|
|bucket_pointer_1532_out         |  out|   32|      ap_vld|                                           bucket_pointer_1532_out|       pointer|
|bucket_pointer_1532_out_ap_vld  |  out|    1|      ap_vld|                                           bucket_pointer_1532_out|       pointer|
|bucket_pointer_1531_out         |  out|   32|      ap_vld|                                           bucket_pointer_1531_out|       pointer|
|bucket_pointer_1531_out_ap_vld  |  out|    1|      ap_vld|                                           bucket_pointer_1531_out|       pointer|
|bucket_pointer_1530_out         |  out|   32|      ap_vld|                                           bucket_pointer_1530_out|       pointer|
|bucket_pointer_1530_out_ap_vld  |  out|    1|      ap_vld|                                           bucket_pointer_1530_out|       pointer|
|bucket_pointer_1529_out         |  out|   32|      ap_vld|                                           bucket_pointer_1529_out|       pointer|
|bucket_pointer_1529_out_ap_vld  |  out|    1|      ap_vld|                                           bucket_pointer_1529_out|       pointer|
|bucket_pointer_1528_out         |  out|   32|      ap_vld|                                           bucket_pointer_1528_out|       pointer|
|bucket_pointer_1528_out_ap_vld  |  out|    1|      ap_vld|                                           bucket_pointer_1528_out|       pointer|
|bucket_pointer_1527_out         |  out|   32|      ap_vld|                                           bucket_pointer_1527_out|       pointer|
|bucket_pointer_1527_out_ap_vld  |  out|    1|      ap_vld|                                           bucket_pointer_1527_out|       pointer|
|bucket_pointer_1526_out         |  out|   32|      ap_vld|                                           bucket_pointer_1526_out|       pointer|
|bucket_pointer_1526_out_ap_vld  |  out|    1|      ap_vld|                                           bucket_pointer_1526_out|       pointer|
+--------------------------------+-----+-----+------------+------------------------------------------------------------------+--------------+

