

================================================================
== Vitis HLS Report for 'radix_sort_oct_batch_4_1_Pipeline_input_bucket'
================================================================
* Date:           Mon Apr 24 11:27:32 2023

* Version:        2022.2 (Build 3670227 on Oct 13 2022)
* Project:        sort_seperate_bucket
* Solution:       solution1 (Vivado IP Flow Target)
* Product family: virtexuplus
* Target device:  xcu280-fsvh2892-2L-e


================================================================
== Performance Estimates
================================================================
+ Timing: 
    * Summary: 
    +--------+----------+----------+------------+
    |  Clock |  Target  | Estimated| Uncertainty|
    +--------+----------+----------+------------+
    |ap_clk  |  10.00 ns|  5.163 ns|     2.70 ns|
    +--------+----------+----------+------------+

+ Latency: 
    * Summary: 
    +---------+---------+----------+----------+--------+--------+---------+
    |  Latency (cycles) |  Latency (absolute) |     Interval    | Pipeline|
    |   min   |   max   |    min   |    max   |   min  |   max  |   Type  |
    +---------+---------+----------+----------+--------+--------+---------+
    |   156252|   156252|  1.563 ms|  1.563 ms|  156252|  156252|       no|
    +---------+---------+----------+----------+--------+--------+---------+

    + Detail: 
        * Instance: 
        N/A

        * Loop: 
        +----------------+---------+---------+----------+-----------+-----------+--------+----------+
        |                |  Latency (cycles) | Iteration|  Initiation Interval  |  Trip  |          |
        |    Loop Name   |   min   |   max   |  Latency |  achieved |   target  |  Count | Pipelined|
        +----------------+---------+---------+----------+-----------+-----------+--------+----------+
        |- input_bucket  |   156250|   156250|         2|          1|          1|  156250|       yes|
        +----------------+---------+---------+----------+-----------+-----------+--------+----------+



================================================================
== Utilization Estimates
================================================================
* Summary: 
+---------------------+---------+------+---------+---------+-----+
|         Name        | BRAM_18K|  DSP |    FF   |   LUT   | URAM|
+---------------------+---------+------+---------+---------+-----+
|DSP                  |        -|     -|        -|        -|    -|
|Expression           |        -|     -|        0|      323|    -|
|FIFO                 |        -|     -|        -|        -|    -|
|Instance             |        -|     -|        0|       86|    -|
|Memory               |        -|     -|        -|        -|    -|
|Multiplexer          |        -|     -|        -|      278|    -|
|Register             |        -|     -|      168|        -|    -|
+---------------------+---------+------+---------+---------+-----+
|Total                |        0|     0|      168|      687|    0|
+---------------------+---------+------+---------+---------+-----+
|Available SLR        |     1344|  3008|   869120|   434560|  320|
+---------------------+---------+------+---------+---------+-----+
|Utilization SLR (%)  |        0|     0|       ~0|       ~0|    0|
+---------------------+---------+------+---------+---------+-----+
|Available            |     4032|  9024|  2607360|  1303680|  960|
+---------------------+---------+------+---------+---------+-----+
|Utilization (%)      |        0|     0|       ~0|       ~0|    0|
+---------------------+---------+------+---------+---------+-----+

+ Detail: 
    * Instance: 
    +--------------------+---------------+---------+----+---+----+-----+
    |      Instance      |     Module    | BRAM_18K| DSP| FF| LUT| URAM|
    +--------------------+---------------+---------+----+---+----+-----+
    |mux_83_32_1_1_U378  |mux_83_32_1_1  |        0|   0|  0|  43|    0|
    |mux_83_32_1_1_U379  |mux_83_32_1_1  |        0|   0|  0|  43|    0|
    +--------------------+---------------+---------+----+---+----+-----+
    |Total               |               |        0|   0|  0|  86|    0|
    +--------------------+---------------+---------+----+---+----+-----+

    * DSP: 
    N/A

    * Memory: 
    N/A

    * FIFO: 
    N/A

    * Expression: 
    +--------------------------+----------+----+---+----+------------+------------+
    |       Variable Name      | Operation| DSP| FF| LUT| Bitwidth P0| Bitwidth P1|
    +--------------------------+----------+----+---+----+------------+------------+
    |add_ln40_fu_403_p2        |         +|   0|  0|  25|          18|           1|
    |add_ln41_fu_413_p2        |         +|   0|  0|  26|          19|          19|
    |add_ln43_fu_516_p2        |         +|   0|  0|  26|          19|          19|
    |bucket_pointer_fu_536_p2  |         +|   0|  0|  39|          32|           1|
    |bucket_sizes_fu_654_p2    |         +|   0|  0|  39|          32|           1|
    |shifted_fu_481_p2         |      ashr|   0|  0|  92|          32|          32|
    |addr_cmp_fu_467_p2        |      icmp|   0|  0|  29|          64|          64|
    |icmp_ln40_fu_397_p2       |      icmp|   0|  0|  13|          18|          18|
    |reuse_select_fu_472_p3    |    select|   0|  0|  32|           1|          32|
    |ap_enable_pp0             |       xor|   0|  0|   2|           1|           2|
    +--------------------------+----------+----+---+----+------------+------------+
    |Total                     |          |   0|  0| 323|         236|         189|
    +--------------------------+----------+----+---+----+------------+------------+

    * Multiplexer: 
    +--------------------------+----+-----------+-----+-----------+
    |           Name           | LUT| Input Size| Bits| Total Bits|
    +--------------------------+----+-----------+-----+-----------+
    |ap_done_int               |   9|          2|    1|          2|
    |ap_enable_reg_pp0_iter1   |   9|          2|    1|          2|
    |ap_sig_allocacmp_j        |   9|          2|   18|         36|
    |bucket_pointer_974_out_o  |  14|          3|   32|         96|
    |bucket_pointer_975_out_o  |  14|          3|   32|         96|
    |bucket_pointer_976_out_o  |  14|          3|   32|         96|
    |bucket_pointer_977_out_o  |  14|          3|   32|         96|
    |bucket_pointer_978_out_o  |  14|          3|   32|         96|
    |bucket_pointer_979_out_o  |  14|          3|   32|         96|
    |bucket_pointer_980_out_o  |  14|          3|   32|         96|
    |bucket_pointer_981_out_o  |  14|          3|   32|         96|
    |bucket_sizes_2174_out_o   |  14|          3|   32|         96|
    |bucket_sizes_2175_out_o   |  14|          3|   32|         96|
    |bucket_sizes_2176_out_o   |  14|          3|   32|         96|
    |bucket_sizes_2177_out_o   |  14|          3|   32|         96|
    |bucket_sizes_2178_out_o   |  14|          3|   32|         96|
    |bucket_sizes_2179_out_o   |  14|          3|   32|         96|
    |bucket_sizes_2180_out_o   |  14|          3|   32|         96|
    |bucket_sizes_2181_out_o   |  14|          3|   32|         96|
    |j_30_fu_136               |   9|          2|   18|         36|
    |reuse_addr_reg_fu_128     |   9|          2|   64|        128|
    |reuse_reg_fu_132          |   9|          2|   32|         64|
    +--------------------------+----+-----------+-----+-----------+
    |Total                     | 278|         60|  646|       1804|
    +--------------------------+----+-----------+-----+-----------+

    * Register: 
    +-------------------------+----+----+-----+-----------+
    |           Name          | FF | LUT| Bits| Const Bits|
    +-------------------------+----+----+-----+-----------+
    |ap_CS_fsm                |   1|   0|    1|          0|
    |ap_done_reg              |   1|   0|    1|          0|
    |ap_enable_reg_pp0_iter1  |   1|   0|    1|          0|
    |j_30_fu_136              |  18|   0|   18|          0|
    |mul_cast_i_cast_reg_734  |  32|   0|   32|          0|
    |reuse_addr_reg_fu_128    |  64|   0|   64|          0|
    |reuse_reg_fu_132         |  32|   0|   32|          0|
    |zext_ln41_30_reg_742     |  19|   0|   64|         45|
    +-------------------------+----+----+-----+-----------+
    |Total                    | 168|   0|  213|         45|
    +-------------------------+----+----+-----+-----------+



================================================================
== Interface
================================================================
* Summary: 
+---------------------------------+-----+-----+------------+------------------------------------------------+--------------+
|            RTL Ports            | Dir | Bits|  Protocol  |                  Source Object                 |    C Type    |
+---------------------------------+-----+-----+------------+------------------------------------------------+--------------+
|ap_clk                           |   in|    1|  ap_ctrl_hs|  radix_sort_oct_batch.4.1_Pipeline_input_bucket|  return value|
|ap_rst                           |   in|    1|  ap_ctrl_hs|  radix_sort_oct_batch.4.1_Pipeline_input_bucket|  return value|
|ap_start                         |   in|    1|  ap_ctrl_hs|  radix_sort_oct_batch.4.1_Pipeline_input_bucket|  return value|
|ap_done                          |  out|    1|  ap_ctrl_hs|  radix_sort_oct_batch.4.1_Pipeline_input_bucket|  return value|
|ap_idle                          |  out|    1|  ap_ctrl_hs|  radix_sort_oct_batch.4.1_Pipeline_input_bucket|  return value|
|ap_ready                         |  out|    1|  ap_ctrl_hs|  radix_sort_oct_batch.4.1_Pipeline_input_bucket|  return value|
|bucket_sizes_2165_reload         |   in|   32|     ap_none|                        bucket_sizes_2165_reload|        scalar|
|bucket_sizes_2164_reload         |   in|   32|     ap_none|                        bucket_sizes_2164_reload|        scalar|
|bucket_sizes_2163_reload         |   in|   32|     ap_none|                        bucket_sizes_2163_reload|        scalar|
|bucket_sizes_2162_reload         |   in|   32|     ap_none|                        bucket_sizes_2162_reload|        scalar|
|bucket_sizes_2161_reload         |   in|   32|     ap_none|                        bucket_sizes_2161_reload|        scalar|
|bucket_sizes_2160_reload         |   in|   32|     ap_none|                        bucket_sizes_2160_reload|        scalar|
|bucket_sizes_2159_reload         |   in|   32|     ap_none|                        bucket_sizes_2159_reload|        scalar|
|bucket_sizes_2158_reload         |   in|   32|     ap_none|                        bucket_sizes_2158_reload|        scalar|
|bucket_pointer_972_reload        |   in|   32|     ap_none|                       bucket_pointer_972_reload|        scalar|
|bucket_pointer_971_reload        |   in|   32|     ap_none|                       bucket_pointer_971_reload|        scalar|
|bucket_pointer_970_reload        |   in|   32|     ap_none|                       bucket_pointer_970_reload|        scalar|
|bucket_pointer_969_reload        |   in|   32|     ap_none|                       bucket_pointer_969_reload|        scalar|
|bucket_pointer_968_reload        |   in|   32|     ap_none|                       bucket_pointer_968_reload|        scalar|
|bucket_pointer_967_reload        |   in|   32|     ap_none|                       bucket_pointer_967_reload|        scalar|
|bucket_pointer_966_reload        |   in|   32|     ap_none|                       bucket_pointer_966_reload|        scalar|
|bucket_pointer_965_reload        |   in|   32|     ap_none|                       bucket_pointer_965_reload|        scalar|
|mul_ln41                         |   in|   19|     ap_none|                                        mul_ln41|        scalar|
|bucket_address0                  |  out|   19|   ap_memory|                                          bucket|         array|
|bucket_ce0                       |  out|    1|   ap_memory|                                          bucket|         array|
|bucket_we0                       |  out|    1|   ap_memory|                                          bucket|         array|
|bucket_d0                        |  out|   32|   ap_memory|                                          bucket|         array|
|bucket_address1                  |  out|   19|   ap_memory|                                          bucket|         array|
|bucket_ce1                       |  out|    1|   ap_memory|                                          bucket|         array|
|bucket_q1                        |   in|   32|   ap_memory|                                          bucket|         array|
|mul_cast_i                       |   in|    7|     ap_none|                                      mul_cast_i|        scalar|
|mul_ln43                         |   in|   19|     ap_none|                                        mul_ln43|        scalar|
|bucket_sizes_2181_out_i          |   in|   32|     ap_ovld|                           bucket_sizes_2181_out|       pointer|
|bucket_sizes_2181_out_o          |  out|   32|     ap_ovld|                           bucket_sizes_2181_out|       pointer|
|bucket_sizes_2181_out_o_ap_vld   |  out|    1|     ap_ovld|                           bucket_sizes_2181_out|       pointer|
|bucket_sizes_2180_out_i          |   in|   32|     ap_ovld|                           bucket_sizes_2180_out|       pointer|
|bucket_sizes_2180_out_o          |  out|   32|     ap_ovld|                           bucket_sizes_2180_out|       pointer|
|bucket_sizes_2180_out_o_ap_vld   |  out|    1|     ap_ovld|                           bucket_sizes_2180_out|       pointer|
|bucket_sizes_2179_out_i          |   in|   32|     ap_ovld|                           bucket_sizes_2179_out|       pointer|
|bucket_sizes_2179_out_o          |  out|   32|     ap_ovld|                           bucket_sizes_2179_out|       pointer|
|bucket_sizes_2179_out_o_ap_vld   |  out|    1|     ap_ovld|                           bucket_sizes_2179_out|       pointer|
|bucket_sizes_2178_out_i          |   in|   32|     ap_ovld|                           bucket_sizes_2178_out|       pointer|
|bucket_sizes_2178_out_o          |  out|   32|     ap_ovld|                           bucket_sizes_2178_out|       pointer|
|bucket_sizes_2178_out_o_ap_vld   |  out|    1|     ap_ovld|                           bucket_sizes_2178_out|       pointer|
|bucket_sizes_2177_out_i          |   in|   32|     ap_ovld|                           bucket_sizes_2177_out|       pointer|
|bucket_sizes_2177_out_o          |  out|   32|     ap_ovld|                           bucket_sizes_2177_out|       pointer|
|bucket_sizes_2177_out_o_ap_vld   |  out|    1|     ap_ovld|                           bucket_sizes_2177_out|       pointer|
|bucket_sizes_2176_out_i          |   in|   32|     ap_ovld|                           bucket_sizes_2176_out|       pointer|
|bucket_sizes_2176_out_o          |  out|   32|     ap_ovld|                           bucket_sizes_2176_out|       pointer|
|bucket_sizes_2176_out_o_ap_vld   |  out|    1|     ap_ovld|                           bucket_sizes_2176_out|       pointer|
|bucket_sizes_2175_out_i          |   in|   32|     ap_ovld|                           bucket_sizes_2175_out|       pointer|
|bucket_sizes_2175_out_o          |  out|   32|     ap_ovld|                           bucket_sizes_2175_out|       pointer|
|bucket_sizes_2175_out_o_ap_vld   |  out|    1|     ap_ovld|                           bucket_sizes_2175_out|       pointer|
|bucket_sizes_2174_out_i          |   in|   32|     ap_ovld|                           bucket_sizes_2174_out|       pointer|
|bucket_sizes_2174_out_o          |  out|   32|     ap_ovld|                           bucket_sizes_2174_out|       pointer|
|bucket_sizes_2174_out_o_ap_vld   |  out|    1|     ap_ovld|                           bucket_sizes_2174_out|       pointer|
|bucket_pointer_981_out_i         |   in|   32|     ap_ovld|                          bucket_pointer_981_out|       pointer|
|bucket_pointer_981_out_o         |  out|   32|     ap_ovld|                          bucket_pointer_981_out|       pointer|
|bucket_pointer_981_out_o_ap_vld  |  out|    1|     ap_ovld|                          bucket_pointer_981_out|       pointer|
|bucket_pointer_980_out_i         |   in|   32|     ap_ovld|                          bucket_pointer_980_out|       pointer|
|bucket_pointer_980_out_o         |  out|   32|     ap_ovld|                          bucket_pointer_980_out|       pointer|
|bucket_pointer_980_out_o_ap_vld  |  out|    1|     ap_ovld|                          bucket_pointer_980_out|       pointer|
|bucket_pointer_979_out_i         |   in|   32|     ap_ovld|                          bucket_pointer_979_out|       pointer|
|bucket_pointer_979_out_o         |  out|   32|     ap_ovld|                          bucket_pointer_979_out|       pointer|
|bucket_pointer_979_out_o_ap_vld  |  out|    1|     ap_ovld|                          bucket_pointer_979_out|       pointer|
|bucket_pointer_978_out_i         |   in|   32|     ap_ovld|                          bucket_pointer_978_out|       pointer|
|bucket_pointer_978_out_o         |  out|   32|     ap_ovld|                          bucket_pointer_978_out|       pointer|
|bucket_pointer_978_out_o_ap_vld  |  out|    1|     ap_ovld|                          bucket_pointer_978_out|       pointer|
|bucket_pointer_977_out_i         |   in|   32|     ap_ovld|                          bucket_pointer_977_out|       pointer|
|bucket_pointer_977_out_o         |  out|   32|     ap_ovld|                          bucket_pointer_977_out|       pointer|
|bucket_pointer_977_out_o_ap_vld  |  out|    1|     ap_ovld|                          bucket_pointer_977_out|       pointer|
|bucket_pointer_976_out_i         |   in|   32|     ap_ovld|                          bucket_pointer_976_out|       pointer|
|bucket_pointer_976_out_o         |  out|   32|     ap_ovld|                          bucket_pointer_976_out|       pointer|
|bucket_pointer_976_out_o_ap_vld  |  out|    1|     ap_ovld|                          bucket_pointer_976_out|       pointer|
|bucket_pointer_975_out_i         |   in|   32|     ap_ovld|                          bucket_pointer_975_out|       pointer|
|bucket_pointer_975_out_o         |  out|   32|     ap_ovld|                          bucket_pointer_975_out|       pointer|
|bucket_pointer_975_out_o_ap_vld  |  out|    1|     ap_ovld|                          bucket_pointer_975_out|       pointer|
|bucket_pointer_974_out_i         |   in|   32|     ap_ovld|                          bucket_pointer_974_out|       pointer|
|bucket_pointer_974_out_o         |  out|   32|     ap_ovld|                          bucket_pointer_974_out|       pointer|
|bucket_pointer_974_out_o_ap_vld  |  out|    1|     ap_ovld|                          bucket_pointer_974_out|       pointer|
+---------------------------------+-----+-----+------------+------------------------------------------------+--------------+

