

================================================================
== Vitis HLS Report for 'radix_sort_oct_batch_62_1_Pipeline_bucket_pointer_initialization'
================================================================
* Date:           Mon Apr 24 11:05:59 2023

* Version:        2022.2 (Build 3670227 on Oct 13 2022)
* Project:        sort_seperate_bucket
* Solution:       solution1 (Vivado IP Flow Target)
* Product family: virtexuplus
* Target device:  xcu280-fsvh2892-2L-e


================================================================
== Performance Estimates
================================================================
+ Timing: 
    * Summary: 
    +--------+----------+----------+------------+
    |  Clock |  Target  | Estimated| Uncertainty|
    +--------+----------+----------+------------+
    |ap_clk  |  10.00 ns|  1.851 ns|     2.70 ns|
    +--------+----------+----------+------------+

+ Latency: 
    * Summary: 
    +---------+---------+----------+----------+-----+-----+---------+
    |  Latency (cycles) |  Latency (absolute) |  Interval | Pipeline|
    |   min   |   max   |    min   |    max   | min | max |   Type  |
    +---------+---------+----------+----------+-----+-----+---------+
    |       10|       10|  0.100 us|  0.100 us|   10|   10|       no|
    +---------+---------+----------+----------+-----+-----+---------+

    + Detail: 
        * Instance: 
        N/A

        * Loop: 
        +---------------------------------+---------+---------+----------+-----------+-----------+------+----------+
        |                                 |  Latency (cycles) | Iteration|  Initiation Interval  | Trip |          |
        |            Loop Name            |   min   |   max   |  Latency |  achieved |   target  | Count| Pipelined|
        +---------------------------------+---------+---------+----------+-----------+-----------+------+----------+
        |- bucket_pointer_initialization  |        8|        8|         1|          1|          1|     8|       yes|
        +---------------------------------+---------+---------+----------+-----------+-----------+------+----------+



================================================================
== Utilization Estimates
================================================================
* Summary: 
+---------------------+---------+------+---------+---------+-----+
|         Name        | BRAM_18K|  DSP |    FF   |   LUT   | URAM|
+---------------------+---------+------+---------+---------+-----+
|DSP                  |        -|     -|        -|        -|    -|
|Expression           |        -|     -|        0|       78|    -|
|FIFO                 |        -|     -|        -|        -|    -|
|Instance             |        -|     -|        0|       43|    -|
|Memory               |        -|     -|        -|        -|    -|
|Multiplexer          |        -|     -|        -|      180|    -|
|Register             |        -|     -|      551|        -|    -|
+---------------------+---------+------+---------+---------+-----+
|Total                |        0|     0|      551|      301|    0|
+---------------------+---------+------+---------+---------+-----+
|Available SLR        |     1344|  3008|   869120|   434560|  320|
+---------------------+---------+------+---------+---------+-----+
|Utilization SLR (%)  |        0|     0|       ~0|       ~0|    0|
+---------------------+---------+------+---------+---------+-----+
|Available            |     4032|  9024|  2607360|  1303680|  960|
+---------------------+---------+------+---------+---------+-----+
|Utilization (%)      |        0|     0|       ~0|       ~0|    0|
+---------------------+---------+------+---------+---------+-----+

+ Detail: 
    * Instance: 
    +---------------------+---------------+---------+----+---+----+-----+
    |       Instance      |     Module    | BRAM_18K| DSP| FF| LUT| URAM|
    +---------------------+---------------+---------+----+---+----+-----+
    |mux_83_32_1_1_U6435  |mux_83_32_1_1  |        0|   0|  0|  43|    0|
    +---------------------+---------------+---------+----+---+----+-----+
    |Total                |               |        0|   0|  0|  43|    0|
    +---------------------+---------------+---------+----+---+----+-----+

    * DSP: 
    N/A

    * Memory: 
    N/A

    * FIFO: 
    N/A

    * Expression: 
    +-------------------------------+----------+----+---+----+------------+------------+
    |         Variable Name         | Operation| DSP| FF| LUT| Bitwidth P0| Bitwidth P1|
    +-------------------------------+----------+----+---+----+------------+------------+
    |add_ln33_fu_490_p2             |         +|   0|  0|  12|           4|           1|
    |next_bucket_pointer_fu_546_p2  |         +|   0|  0|  39|          32|          32|
    |ap_condition_321               |       and|   0|  0|   2|           1|           1|
    |ap_condition_324               |       and|   0|  0|   2|           1|           1|
    |ap_condition_327               |       and|   0|  0|   2|           1|           1|
    |ap_condition_330               |       and|   0|  0|   2|           1|           1|
    |ap_condition_333               |       and|   0|  0|   2|           1|           1|
    |ap_condition_336               |       and|   0|  0|   2|           1|           1|
    |ap_condition_339               |       and|   0|  0|   2|           1|           1|
    |ap_condition_342               |       and|   0|  0|   2|           1|           1|
    |icmp_ln33_fu_484_p2            |      icmp|   0|  0|   9|           4|           5|
    |ap_enable_pp0                  |       xor|   0|  0|   2|           1|           2|
    +-------------------------------+----------+----+---+----+------------+------------+
    |Total                          |          |   0|  0|  78|          49|          48|
    +-------------------------------+----------+----+---+----+------------+------------+

    * Multiplexer: 
    +--------------------------+----+-----------+-----+-----------+
    |           Name           | LUT| Input Size| Bits| Total Bits|
    +--------------------------+----+-----------+-----+-----------+
    |ap_done_int               |   9|          2|    1|          2|
    |ap_enable_reg_pp0_iter1   |   9|          2|    1|          2|
    |bucket_pointer_73_fu_112  |   9|          2|   32|         64|
    |bucket_pointer_74_fu_116  |   9|          2|   32|         64|
    |bucket_pointer_75_fu_120  |   9|          2|   32|         64|
    |bucket_pointer_76_fu_124  |   9|          2|   32|         64|
    |bucket_pointer_77_fu_128  |   9|          2|   32|         64|
    |bucket_pointer_78_fu_132  |   9|          2|   32|         64|
    |bucket_pointer_79_fu_136  |   9|          2|   32|         64|
    |bucket_pointer_80_fu_140  |   9|          2|   32|         64|
    |bucket_pointer_81_fu_144  |   9|          2|   32|         64|
    |bucket_sizes_78_fu_152    |   9|          2|   32|         64|
    |bucket_sizes_79_fu_156    |   9|          2|   32|         64|
    |bucket_sizes_80_fu_160    |   9|          2|   32|         64|
    |bucket_sizes_81_fu_164    |   9|          2|   32|         64|
    |bucket_sizes_82_fu_168    |   9|          2|   32|         64|
    |bucket_sizes_83_fu_172    |   9|          2|   32|         64|
    |bucket_sizes_84_fu_176    |   9|          2|   32|         64|
    |bucket_sizes_fu_148       |   9|          2|   32|         64|
    |m_fu_108                  |   9|          2|    4|          8|
    +--------------------------+----+-----------+-----+-----------+
    |Total                     | 180|         40|  550|       1100|
    +--------------------------+----+-----------+-----+-----------+

    * Register: 
    +--------------------------+----+----+-----+-----------+
    |           Name           | FF | LUT| Bits| Const Bits|
    +--------------------------+----+----+-----+-----------+
    |ap_CS_fsm                 |   1|   0|    1|          0|
    |ap_done_reg               |   1|   0|    1|          0|
    |ap_enable_reg_pp0_iter1   |   1|   0|    1|          0|
    |bucket_pointer_73_fu_112  |  32|   0|   32|          0|
    |bucket_pointer_74_fu_116  |  32|   0|   32|          0|
    |bucket_pointer_75_fu_120  |  32|   0|   32|          0|
    |bucket_pointer_76_fu_124  |  32|   0|   32|          0|
    |bucket_pointer_77_fu_128  |  32|   0|   32|          0|
    |bucket_pointer_78_fu_132  |  32|   0|   32|          0|
    |bucket_pointer_79_fu_136  |  32|   0|   32|          0|
    |bucket_pointer_80_fu_140  |  32|   0|   32|          0|
    |bucket_pointer_81_fu_144  |  32|   0|   32|          0|
    |bucket_sizes_78_fu_152    |  32|   0|   32|          0|
    |bucket_sizes_79_fu_156    |  32|   0|   32|          0|
    |bucket_sizes_80_fu_160    |  32|   0|   32|          0|
    |bucket_sizes_81_fu_164    |  32|   0|   32|          0|
    |bucket_sizes_82_fu_168    |  32|   0|   32|          0|
    |bucket_sizes_83_fu_172    |  32|   0|   32|          0|
    |bucket_sizes_84_fu_176    |  32|   0|   32|          0|
    |bucket_sizes_fu_148       |  32|   0|   32|          0|
    |m_fu_108                  |   4|   0|    4|          0|
    +--------------------------+----+----+-----+-----------+
    |Total                     | 551|   0|  551|          0|
    +--------------------------+----+----+-----+-----------+



================================================================
== Interface
================================================================
* Summary: 
+-------------------------------+-----+-----+------------+------------------------------------------------------------------+--------------+
|           RTL Ports           | Dir | Bits|  Protocol  |                           Source Object                          |    C Type    |
+-------------------------------+-----+-----+------------+------------------------------------------------------------------+--------------+
|ap_clk                         |   in|    1|  ap_ctrl_hs|  radix_sort_oct_batch.62.1_Pipeline_bucket_pointer_initialization|  return value|
|ap_rst                         |   in|    1|  ap_ctrl_hs|  radix_sort_oct_batch.62.1_Pipeline_bucket_pointer_initialization|  return value|
|ap_start                       |   in|    1|  ap_ctrl_hs|  radix_sort_oct_batch.62.1_Pipeline_bucket_pointer_initialization|  return value|
|ap_done                        |  out|    1|  ap_ctrl_hs|  radix_sort_oct_batch.62.1_Pipeline_bucket_pointer_initialization|  return value|
|ap_idle                        |  out|    1|  ap_ctrl_hs|  radix_sort_oct_batch.62.1_Pipeline_bucket_pointer_initialization|  return value|
|ap_ready                       |  out|    1|  ap_ctrl_hs|  radix_sort_oct_batch.62.1_Pipeline_bucket_pointer_initialization|  return value|
|bucket_sizes_332               |   in|   32|     ap_none|                                                  bucket_sizes_332|        scalar|
|bucket_sizes_331               |   in|   32|     ap_none|                                                  bucket_sizes_331|        scalar|
|bucket_sizes_330               |   in|   32|     ap_none|                                                  bucket_sizes_330|        scalar|
|bucket_sizes_329               |   in|   32|     ap_none|                                                  bucket_sizes_329|        scalar|
|bucket_sizes_328               |   in|   32|     ap_none|                                                  bucket_sizes_328|        scalar|
|bucket_sizes_327               |   in|   32|     ap_none|                                                  bucket_sizes_327|        scalar|
|bucket_sizes_326               |   in|   32|     ap_none|                                                  bucket_sizes_326|        scalar|
|bucket_sizes_325               |   in|   32|     ap_none|                                                  bucket_sizes_325|        scalar|
|bucket_pointer_139             |   in|   32|     ap_none|                                                bucket_pointer_139|        scalar|
|bucket_pointer_138             |   in|   32|     ap_none|                                                bucket_pointer_138|        scalar|
|bucket_pointer_137             |   in|   32|     ap_none|                                                bucket_pointer_137|        scalar|
|bucket_pointer_136             |   in|   32|     ap_none|                                                bucket_pointer_136|        scalar|
|bucket_pointer_135             |   in|   32|     ap_none|                                                bucket_pointer_135|        scalar|
|bucket_pointer_134             |   in|   32|     ap_none|                                                bucket_pointer_134|        scalar|
|bucket_pointer_133             |   in|   32|     ap_none|                                                bucket_pointer_133|        scalar|
|bucket_pointer                 |   in|   32|     ap_none|                                                    bucket_pointer|        scalar|
|bucket_sizes_340_out           |  out|   32|      ap_vld|                                              bucket_sizes_340_out|       pointer|
|bucket_sizes_340_out_ap_vld    |  out|    1|      ap_vld|                                              bucket_sizes_340_out|       pointer|
|bucket_sizes_339_out           |  out|   32|      ap_vld|                                              bucket_sizes_339_out|       pointer|
|bucket_sizes_339_out_ap_vld    |  out|    1|      ap_vld|                                              bucket_sizes_339_out|       pointer|
|bucket_sizes_338_out           |  out|   32|      ap_vld|                                              bucket_sizes_338_out|       pointer|
|bucket_sizes_338_out_ap_vld    |  out|    1|      ap_vld|                                              bucket_sizes_338_out|       pointer|
|bucket_sizes_337_out           |  out|   32|      ap_vld|                                              bucket_sizes_337_out|       pointer|
|bucket_sizes_337_out_ap_vld    |  out|    1|      ap_vld|                                              bucket_sizes_337_out|       pointer|
|bucket_sizes_336_out           |  out|   32|      ap_vld|                                              bucket_sizes_336_out|       pointer|
|bucket_sizes_336_out_ap_vld    |  out|    1|      ap_vld|                                              bucket_sizes_336_out|       pointer|
|bucket_sizes_335_out           |  out|   32|      ap_vld|                                              bucket_sizes_335_out|       pointer|
|bucket_sizes_335_out_ap_vld    |  out|    1|      ap_vld|                                              bucket_sizes_335_out|       pointer|
|bucket_sizes_334_out           |  out|   32|      ap_vld|                                              bucket_sizes_334_out|       pointer|
|bucket_sizes_334_out_ap_vld    |  out|    1|      ap_vld|                                              bucket_sizes_334_out|       pointer|
|bucket_sizes_333_out           |  out|   32|      ap_vld|                                              bucket_sizes_333_out|       pointer|
|bucket_sizes_333_out_ap_vld    |  out|    1|      ap_vld|                                              bucket_sizes_333_out|       pointer|
|bucket_pointer_147_out         |  out|   32|      ap_vld|                                            bucket_pointer_147_out|       pointer|
|bucket_pointer_147_out_ap_vld  |  out|    1|      ap_vld|                                            bucket_pointer_147_out|       pointer|
|bucket_pointer_146_out         |  out|   32|      ap_vld|                                            bucket_pointer_146_out|       pointer|
|bucket_pointer_146_out_ap_vld  |  out|    1|      ap_vld|                                            bucket_pointer_146_out|       pointer|
|bucket_pointer_145_out         |  out|   32|      ap_vld|                                            bucket_pointer_145_out|       pointer|
|bucket_pointer_145_out_ap_vld  |  out|    1|      ap_vld|                                            bucket_pointer_145_out|       pointer|
|bucket_pointer_144_out         |  out|   32|      ap_vld|                                            bucket_pointer_144_out|       pointer|
|bucket_pointer_144_out_ap_vld  |  out|    1|      ap_vld|                                            bucket_pointer_144_out|       pointer|
|bucket_pointer_143_out         |  out|   32|      ap_vld|                                            bucket_pointer_143_out|       pointer|
|bucket_pointer_143_out_ap_vld  |  out|    1|      ap_vld|                                            bucket_pointer_143_out|       pointer|
|bucket_pointer_142_out         |  out|   32|      ap_vld|                                            bucket_pointer_142_out|       pointer|
|bucket_pointer_142_out_ap_vld  |  out|    1|      ap_vld|                                            bucket_pointer_142_out|       pointer|
|bucket_pointer_141_out         |  out|   32|      ap_vld|                                            bucket_pointer_141_out|       pointer|
|bucket_pointer_141_out_ap_vld  |  out|    1|      ap_vld|                                            bucket_pointer_141_out|       pointer|
|bucket_pointer_140_out         |  out|   32|      ap_vld|                                            bucket_pointer_140_out|       pointer|
|bucket_pointer_140_out_ap_vld  |  out|    1|      ap_vld|                                            bucket_pointer_140_out|       pointer|
+-------------------------------+-----+-----+------------+------------------------------------------------------------------+--------------+

