

================================================================
== Vitis HLS Report for 'radix_sort_hex_batch_55_1_Pipeline_input_bucket'
================================================================
* Date:           Tue Apr 25 09:33:26 2023

* Version:        2022.2 (Build 3670227 on Oct 13 2022)
* Project:        sort_seperate_bucket
* Solution:       solution1 (Vivado IP Flow Target)
* Product family: virtexuplus
* Target device:  xcu280-fsvh2892-2L-e


================================================================
== Performance Estimates
================================================================
+ Timing: 
    * Summary: 
    +--------+----------+----------+------------+
    |  Clock |  Target  | Estimated| Uncertainty|
    +--------+----------+----------+------------+
    |ap_clk  |  10.00 ns|  5.044 ns|     2.70 ns|
    +--------+----------+----------+------------+

+ Latency: 
    * Summary: 
    +---------+---------+----------+----------+-------+-------+---------+
    |  Latency (cycles) |  Latency (absolute) |    Interval   | Pipeline|
    |   min   |   max   |    min   |    max   |  min  |  max  |   Type  |
    +---------+---------+----------+----------+-------+-------+---------+
    |    15627|    15627|  0.156 ms|  0.156 ms|  15627|  15627|       no|
    +---------+---------+----------+----------+-------+-------+---------+

    + Detail: 
        * Instance: 
        N/A

        * Loop: 
        +----------------+---------+---------+----------+-----------+-----------+-------+----------+
        |                |  Latency (cycles) | Iteration|  Initiation Interval  |  Trip |          |
        |    Loop Name   |   min   |   max   |  Latency |  achieved |   target  | Count | Pipelined|
        +----------------+---------+---------+----------+-----------+-----------+-------+----------+
        |- input_bucket  |    15625|    15625|         2|          1|          1|  15625|       yes|
        +----------------+---------+---------+----------+-----------+-----------+-------+----------+



================================================================
== Utilization Estimates
================================================================
* Summary: 
+---------------------+---------+------+---------+---------+-----+
|         Name        | BRAM_18K|  DSP |    FF   |   LUT   | URAM|
+---------------------+---------+------+---------+---------+-----+
|DSP                  |        -|     -|        -|        -|    -|
|Expression           |        -|     -|        0|      310|    -|
|FIFO                 |        -|     -|        -|        -|    -|
|Instance             |        -|     -|        0|      130|    -|
|Memory               |        -|     -|        -|        -|    -|
|Multiplexer          |        -|     -|        -|      502|    -|
|Register             |        -|     -|      133|        -|    -|
+---------------------+---------+------+---------+---------+-----+
|Total                |        0|     0|      133|      942|    0|
+---------------------+---------+------+---------+---------+-----+
|Available SLR        |     1344|  3008|   869120|   434560|  320|
+---------------------+---------+------+---------+---------+-----+
|Utilization SLR (%)  |        0|     0|       ~0|       ~0|    0|
+---------------------+---------+------+---------+---------+-----+
|Available            |     4032|  9024|  2607360|  1303680|  960|
+---------------------+---------+------+---------+---------+-----+
|Utilization (%)      |        0|     0|       ~0|       ~0|    0|
+---------------------+---------+------+---------+---------+-----+

+ Detail: 
    * Instance: 
    +-----------------------+----------------+---------+----+---+----+-----+
    |        Instance       |     Module     | BRAM_18K| DSP| FF| LUT| URAM|
    +-----------------------+----------------+---------+----+---+----+-----+
    |mux_164_32_1_1_U10541  |mux_164_32_1_1  |        0|   0|  0|  65|    0|
    |mux_164_32_1_1_U10542  |mux_164_32_1_1  |        0|   0|  0|  65|    0|
    +-----------------------+----------------+---------+----+---+----+-----+
    |Total                  |                |        0|   0|  0| 130|    0|
    +-----------------------+----------------+---------+----+---+----+-----+

    * DSP: 
    N/A

    * Memory: 
    N/A

    * FIFO: 
    N/A

    * Expression: 
    +--------------------------+----------+----+---+----+------------+------------+
    |       Variable Name      | Operation| DSP| FF| LUT| Bitwidth P0| Bitwidth P1|
    +--------------------------+----------+----+---+----+------------+------------+
    |add_ln40_fu_675_p2        |         +|   0|  0|  21|          14|           1|
    |add_ln41_fu_685_p2        |         +|   0|  0|  22|          15|          15|
    |add_ln43_fu_836_p2        |         +|   0|  0|  22|          15|          15|
    |bucket_pointer_fu_856_p2  |         +|   0|  0|  39|          32|           1|
    |bucket_sizes_fu_1070_p2   |         +|   0|  0|  39|          32|           1|
    |shifted_fu_785_p2         |      ashr|   0|  0|  92|          32|          32|
    |addr_cmp_fu_771_p2        |      icmp|   0|  0|  29|          64|          64|
    |icmp_ln40_fu_669_p2       |      icmp|   0|  0|  12|          14|          11|
    |reuse_select_fu_776_p3    |    select|   0|  0|  32|           1|          32|
    |ap_enable_pp0             |       xor|   0|  0|   2|           1|           2|
    +--------------------------+----------+----+---+----+------------+------------+
    |Total                     |          |   0|  0| 310|         220|         174|
    +--------------------------+----------+----+---+----+------------+------------+

    * Multiplexer: 
    +--------------------------+----+-----------+-----+-----------+
    |           Name           | LUT| Input Size| Bits| Total Bits|
    +--------------------------+----+-----------+-----+-----------+
    |ap_done_int               |   9|          2|    1|          2|
    |ap_enable_reg_pp0_iter1   |   9|          2|    1|          2|
    |ap_sig_allocacmp_j        |   9|          2|   14|         28|
    |bucket_pointer_813_out_o  |  14|          3|   32|         96|
    |bucket_pointer_814_out_o  |  14|          3|   32|         96|
    |bucket_pointer_815_out_o  |  14|          3|   32|         96|
    |bucket_pointer_816_out_o  |  14|          3|   32|         96|
    |bucket_pointer_817_out_o  |  14|          3|   32|         96|
    |bucket_pointer_818_out_o  |  14|          3|   32|         96|
    |bucket_pointer_819_out_o  |  14|          3|   32|         96|
    |bucket_pointer_820_out_o  |  14|          3|   32|         96|
    |bucket_pointer_821_out_o  |  14|          3|   32|         96|
    |bucket_pointer_822_out_o  |  14|          3|   32|         96|
    |bucket_pointer_823_out_o  |  14|          3|   32|         96|
    |bucket_pointer_824_out_o  |  14|          3|   32|         96|
    |bucket_pointer_825_out_o  |  14|          3|   32|         96|
    |bucket_pointer_826_out_o  |  14|          3|   32|         96|
    |bucket_pointer_827_out_o  |  14|          3|   32|         96|
    |bucket_pointer_828_out_o  |  14|          3|   32|         96|
    |bucket_sizes_1853_out_o   |  14|          3|   32|         96|
    |bucket_sizes_1854_out_o   |  14|          3|   32|         96|
    |bucket_sizes_1855_out_o   |  14|          3|   32|         96|
    |bucket_sizes_1856_out_o   |  14|          3|   32|         96|
    |bucket_sizes_1857_out_o   |  14|          3|   32|         96|
    |bucket_sizes_1858_out_o   |  14|          3|   32|         96|
    |bucket_sizes_1859_out_o   |  14|          3|   32|         96|
    |bucket_sizes_1860_out_o   |  14|          3|   32|         96|
    |bucket_sizes_1861_out_o   |  14|          3|   32|         96|
    |bucket_sizes_1862_out_o   |  14|          3|   32|         96|
    |bucket_sizes_1863_out_o   |  14|          3|   32|         96|
    |bucket_sizes_1864_out_o   |  14|          3|   32|         96|
    |bucket_sizes_1865_out_o   |  14|          3|   32|         96|
    |bucket_sizes_1866_out_o   |  14|          3|   32|         96|
    |bucket_sizes_1867_out_o   |  14|          3|   32|         96|
    |bucket_sizes_1868_out_o   |  14|          3|   32|         96|
    |j_13_fu_216               |   9|          2|   14|         28|
    |reuse_addr_reg_fu_208     |   9|          2|   64|        128|
    |reuse_reg_fu_212          |   9|          2|   32|         64|
    +--------------------------+----+-----------+-----+-----------+
    |Total                     | 502|        108| 1150|       3324|
    +--------------------------+----+-----------+-----+-----------+

    * Register: 
    +--------------------------+----+----+-----+-----------+
    |           Name           | FF | LUT| Bits| Const Bits|
    +--------------------------+----+----+-----+-----------+
    |ap_CS_fsm                 |   1|   0|    1|          0|
    |ap_done_reg               |   1|   0|    1|          0|
    |ap_enable_reg_pp0_iter1   |   1|   0|    1|          0|
    |j_13_fu_216               |  14|   0|   14|          0|
    |mul_cast_i_cast_reg_1198  |   5|   0|   32|         27|
    |reuse_addr_reg_fu_208     |  64|   0|   64|          0|
    |reuse_reg_fu_212          |  32|   0|   32|          0|
    |zext_ln41_13_reg_1206     |  15|   0|   64|         49|
    +--------------------------+----+----+-----+-----------+
    |Total                     | 133|   0|  209|         76|
    +--------------------------+----+----+-----+-----------+



================================================================
== Interface
================================================================
* Summary: 
+---------------------------------+-----+-----+------------+-------------------------------------------------+--------------+
|            RTL Ports            | Dir | Bits|  Protocol  |                  Source Object                  |    C Type    |
+---------------------------------+-----+-----+------------+-------------------------------------------------+--------------+
|ap_clk                           |   in|    1|  ap_ctrl_hs|  radix_sort_hex_batch.55.1_Pipeline_input_bucket|  return value|
|ap_rst                           |   in|    1|  ap_ctrl_hs|  radix_sort_hex_batch.55.1_Pipeline_input_bucket|  return value|
|ap_start                         |   in|    1|  ap_ctrl_hs|  radix_sort_hex_batch.55.1_Pipeline_input_bucket|  return value|
|ap_done                          |  out|    1|  ap_ctrl_hs|  radix_sort_hex_batch.55.1_Pipeline_input_bucket|  return value|
|ap_idle                          |  out|    1|  ap_ctrl_hs|  radix_sort_hex_batch.55.1_Pipeline_input_bucket|  return value|
|ap_ready                         |  out|    1|  ap_ctrl_hs|  radix_sort_hex_batch.55.1_Pipeline_input_bucket|  return value|
|bucket_sizes_1836_reload         |   in|   32|     ap_none|                         bucket_sizes_1836_reload|        scalar|
|bucket_sizes_1835_reload         |   in|   32|     ap_none|                         bucket_sizes_1835_reload|        scalar|
|bucket_sizes_1834_reload         |   in|   32|     ap_none|                         bucket_sizes_1834_reload|        scalar|
|bucket_sizes_1833_reload         |   in|   32|     ap_none|                         bucket_sizes_1833_reload|        scalar|
|bucket_sizes_1832_reload         |   in|   32|     ap_none|                         bucket_sizes_1832_reload|        scalar|
|bucket_sizes_1831_reload         |   in|   32|     ap_none|                         bucket_sizes_1831_reload|        scalar|
|bucket_sizes_1830_reload         |   in|   32|     ap_none|                         bucket_sizes_1830_reload|        scalar|
|bucket_sizes_1829_reload         |   in|   32|     ap_none|                         bucket_sizes_1829_reload|        scalar|
|bucket_sizes_1828_reload         |   in|   32|     ap_none|                         bucket_sizes_1828_reload|        scalar|
|bucket_sizes_1827_reload         |   in|   32|     ap_none|                         bucket_sizes_1827_reload|        scalar|
|bucket_sizes_1826_reload         |   in|   32|     ap_none|                         bucket_sizes_1826_reload|        scalar|
|bucket_sizes_1825_reload         |   in|   32|     ap_none|                         bucket_sizes_1825_reload|        scalar|
|bucket_sizes_1824_reload         |   in|   32|     ap_none|                         bucket_sizes_1824_reload|        scalar|
|bucket_sizes_1823_reload         |   in|   32|     ap_none|                         bucket_sizes_1823_reload|        scalar|
|bucket_sizes_1822_reload         |   in|   32|     ap_none|                         bucket_sizes_1822_reload|        scalar|
|bucket_sizes_1821_reload         |   in|   32|     ap_none|                         bucket_sizes_1821_reload|        scalar|
|bucket_pointer_811_reload        |   in|   32|     ap_none|                        bucket_pointer_811_reload|        scalar|
|bucket_pointer_810_reload        |   in|   32|     ap_none|                        bucket_pointer_810_reload|        scalar|
|bucket_pointer_809_reload        |   in|   32|     ap_none|                        bucket_pointer_809_reload|        scalar|
|bucket_pointer_808_reload        |   in|   32|     ap_none|                        bucket_pointer_808_reload|        scalar|
|bucket_pointer_807_reload        |   in|   32|     ap_none|                        bucket_pointer_807_reload|        scalar|
|bucket_pointer_806_reload        |   in|   32|     ap_none|                        bucket_pointer_806_reload|        scalar|
|bucket_pointer_805_reload        |   in|   32|     ap_none|                        bucket_pointer_805_reload|        scalar|
|bucket_pointer_804_reload        |   in|   32|     ap_none|                        bucket_pointer_804_reload|        scalar|
|bucket_pointer_803_reload        |   in|   32|     ap_none|                        bucket_pointer_803_reload|        scalar|
|bucket_pointer_802_reload        |   in|   32|     ap_none|                        bucket_pointer_802_reload|        scalar|
|bucket_pointer_801_reload        |   in|   32|     ap_none|                        bucket_pointer_801_reload|        scalar|
|bucket_pointer_800_reload        |   in|   32|     ap_none|                        bucket_pointer_800_reload|        scalar|
|bucket_pointer_799_reload        |   in|   32|     ap_none|                        bucket_pointer_799_reload|        scalar|
|bucket_pointer_798_reload        |   in|   32|     ap_none|                        bucket_pointer_798_reload|        scalar|
|bucket_pointer_797_reload        |   in|   32|     ap_none|                        bucket_pointer_797_reload|        scalar|
|bucket_pointer_796_reload        |   in|   32|     ap_none|                        bucket_pointer_796_reload|        scalar|
|mul_ln41                         |   in|   15|     ap_none|                                         mul_ln41|        scalar|
|bucket_address0                  |  out|   15|   ap_memory|                                           bucket|         array|
|bucket_ce0                       |  out|    1|   ap_memory|                                           bucket|         array|
|bucket_we0                       |  out|    1|   ap_memory|                                           bucket|         array|
|bucket_d0                        |  out|   32|   ap_memory|                                           bucket|         array|
|bucket_address1                  |  out|   15|   ap_memory|                                           bucket|         array|
|bucket_ce1                       |  out|    1|   ap_memory|                                           bucket|         array|
|bucket_q1                        |   in|   32|   ap_memory|                                           bucket|         array|
|mul_cast_i                       |   in|    5|     ap_none|                                       mul_cast_i|        scalar|
|mul_ln43                         |   in|   15|     ap_none|                                         mul_ln43|        scalar|
|bucket_sizes_1868_out_i          |   in|   32|     ap_ovld|                            bucket_sizes_1868_out|       pointer|
|bucket_sizes_1868_out_o          |  out|   32|     ap_ovld|                            bucket_sizes_1868_out|       pointer|
|bucket_sizes_1868_out_o_ap_vld   |  out|    1|     ap_ovld|                            bucket_sizes_1868_out|       pointer|
|bucket_sizes_1867_out_i          |   in|   32|     ap_ovld|                            bucket_sizes_1867_out|       pointer|
|bucket_sizes_1867_out_o          |  out|   32|     ap_ovld|                            bucket_sizes_1867_out|       pointer|
|bucket_sizes_1867_out_o_ap_vld   |  out|    1|     ap_ovld|                            bucket_sizes_1867_out|       pointer|
|bucket_sizes_1866_out_i          |   in|   32|     ap_ovld|                            bucket_sizes_1866_out|       pointer|
|bucket_sizes_1866_out_o          |  out|   32|     ap_ovld|                            bucket_sizes_1866_out|       pointer|
|bucket_sizes_1866_out_o_ap_vld   |  out|    1|     ap_ovld|                            bucket_sizes_1866_out|       pointer|
|bucket_sizes_1865_out_i          |   in|   32|     ap_ovld|                            bucket_sizes_1865_out|       pointer|
|bucket_sizes_1865_out_o          |  out|   32|     ap_ovld|                            bucket_sizes_1865_out|       pointer|
|bucket_sizes_1865_out_o_ap_vld   |  out|    1|     ap_ovld|                            bucket_sizes_1865_out|       pointer|
|bucket_sizes_1864_out_i          |   in|   32|     ap_ovld|                            bucket_sizes_1864_out|       pointer|
|bucket_sizes_1864_out_o          |  out|   32|     ap_ovld|                            bucket_sizes_1864_out|       pointer|
|bucket_sizes_1864_out_o_ap_vld   |  out|    1|     ap_ovld|                            bucket_sizes_1864_out|       pointer|
|bucket_sizes_1863_out_i          |   in|   32|     ap_ovld|                            bucket_sizes_1863_out|       pointer|
|bucket_sizes_1863_out_o          |  out|   32|     ap_ovld|                            bucket_sizes_1863_out|       pointer|
|bucket_sizes_1863_out_o_ap_vld   |  out|    1|     ap_ovld|                            bucket_sizes_1863_out|       pointer|
|bucket_sizes_1862_out_i          |   in|   32|     ap_ovld|                            bucket_sizes_1862_out|       pointer|
|bucket_sizes_1862_out_o          |  out|   32|     ap_ovld|                            bucket_sizes_1862_out|       pointer|
|bucket_sizes_1862_out_o_ap_vld   |  out|    1|     ap_ovld|                            bucket_sizes_1862_out|       pointer|
|bucket_sizes_1861_out_i          |   in|   32|     ap_ovld|                            bucket_sizes_1861_out|       pointer|
|bucket_sizes_1861_out_o          |  out|   32|     ap_ovld|                            bucket_sizes_1861_out|       pointer|
|bucket_sizes_1861_out_o_ap_vld   |  out|    1|     ap_ovld|                            bucket_sizes_1861_out|       pointer|
|bucket_sizes_1860_out_i          |   in|   32|     ap_ovld|                            bucket_sizes_1860_out|       pointer|
|bucket_sizes_1860_out_o          |  out|   32|     ap_ovld|                            bucket_sizes_1860_out|       pointer|
|bucket_sizes_1860_out_o_ap_vld   |  out|    1|     ap_ovld|                            bucket_sizes_1860_out|       pointer|
|bucket_sizes_1859_out_i          |   in|   32|     ap_ovld|                            bucket_sizes_1859_out|       pointer|
|bucket_sizes_1859_out_o          |  out|   32|     ap_ovld|                            bucket_sizes_1859_out|       pointer|
|bucket_sizes_1859_out_o_ap_vld   |  out|    1|     ap_ovld|                            bucket_sizes_1859_out|       pointer|
|bucket_sizes_1858_out_i          |   in|   32|     ap_ovld|                            bucket_sizes_1858_out|       pointer|
|bucket_sizes_1858_out_o          |  out|   32|     ap_ovld|                            bucket_sizes_1858_out|       pointer|
|bucket_sizes_1858_out_o_ap_vld   |  out|    1|     ap_ovld|                            bucket_sizes_1858_out|       pointer|
|bucket_sizes_1857_out_i          |   in|   32|     ap_ovld|                            bucket_sizes_1857_out|       pointer|
|bucket_sizes_1857_out_o          |  out|   32|     ap_ovld|                            bucket_sizes_1857_out|       pointer|
|bucket_sizes_1857_out_o_ap_vld   |  out|    1|     ap_ovld|                            bucket_sizes_1857_out|       pointer|
|bucket_sizes_1856_out_i          |   in|   32|     ap_ovld|                            bucket_sizes_1856_out|       pointer|
|bucket_sizes_1856_out_o          |  out|   32|     ap_ovld|                            bucket_sizes_1856_out|       pointer|
|bucket_sizes_1856_out_o_ap_vld   |  out|    1|     ap_ovld|                            bucket_sizes_1856_out|       pointer|
|bucket_sizes_1855_out_i          |   in|   32|     ap_ovld|                            bucket_sizes_1855_out|       pointer|
|bucket_sizes_1855_out_o          |  out|   32|     ap_ovld|                            bucket_sizes_1855_out|       pointer|
|bucket_sizes_1855_out_o_ap_vld   |  out|    1|     ap_ovld|                            bucket_sizes_1855_out|       pointer|
|bucket_sizes_1854_out_i          |   in|   32|     ap_ovld|                            bucket_sizes_1854_out|       pointer|
|bucket_sizes_1854_out_o          |  out|   32|     ap_ovld|                            bucket_sizes_1854_out|       pointer|
|bucket_sizes_1854_out_o_ap_vld   |  out|    1|     ap_ovld|                            bucket_sizes_1854_out|       pointer|
|bucket_sizes_1853_out_i          |   in|   32|     ap_ovld|                            bucket_sizes_1853_out|       pointer|
|bucket_sizes_1853_out_o          |  out|   32|     ap_ovld|                            bucket_sizes_1853_out|       pointer|
|bucket_sizes_1853_out_o_ap_vld   |  out|    1|     ap_ovld|                            bucket_sizes_1853_out|       pointer|
|bucket_pointer_828_out_i         |   in|   32|     ap_ovld|                           bucket_pointer_828_out|       pointer|
|bucket_pointer_828_out_o         |  out|   32|     ap_ovld|                           bucket_pointer_828_out|       pointer|
|bucket_pointer_828_out_o_ap_vld  |  out|    1|     ap_ovld|                           bucket_pointer_828_out|       pointer|
|bucket_pointer_827_out_i         |   in|   32|     ap_ovld|                           bucket_pointer_827_out|       pointer|
|bucket_pointer_827_out_o         |  out|   32|     ap_ovld|                           bucket_pointer_827_out|       pointer|
|bucket_pointer_827_out_o_ap_vld  |  out|    1|     ap_ovld|                           bucket_pointer_827_out|       pointer|
|bucket_pointer_826_out_i         |   in|   32|     ap_ovld|                           bucket_pointer_826_out|       pointer|
|bucket_pointer_826_out_o         |  out|   32|     ap_ovld|                           bucket_pointer_826_out|       pointer|
|bucket_pointer_826_out_o_ap_vld  |  out|    1|     ap_ovld|                           bucket_pointer_826_out|       pointer|
|bucket_pointer_825_out_i         |   in|   32|     ap_ovld|                           bucket_pointer_825_out|       pointer|
|bucket_pointer_825_out_o         |  out|   32|     ap_ovld|                           bucket_pointer_825_out|       pointer|
|bucket_pointer_825_out_o_ap_vld  |  out|    1|     ap_ovld|                           bucket_pointer_825_out|       pointer|
|bucket_pointer_824_out_i         |   in|   32|     ap_ovld|                           bucket_pointer_824_out|       pointer|
|bucket_pointer_824_out_o         |  out|   32|     ap_ovld|                           bucket_pointer_824_out|       pointer|
|bucket_pointer_824_out_o_ap_vld  |  out|    1|     ap_ovld|                           bucket_pointer_824_out|       pointer|
|bucket_pointer_823_out_i         |   in|   32|     ap_ovld|                           bucket_pointer_823_out|       pointer|
|bucket_pointer_823_out_o         |  out|   32|     ap_ovld|                           bucket_pointer_823_out|       pointer|
|bucket_pointer_823_out_o_ap_vld  |  out|    1|     ap_ovld|                           bucket_pointer_823_out|       pointer|
|bucket_pointer_822_out_i         |   in|   32|     ap_ovld|                           bucket_pointer_822_out|       pointer|
|bucket_pointer_822_out_o         |  out|   32|     ap_ovld|                           bucket_pointer_822_out|       pointer|
|bucket_pointer_822_out_o_ap_vld  |  out|    1|     ap_ovld|                           bucket_pointer_822_out|       pointer|
|bucket_pointer_821_out_i         |   in|   32|     ap_ovld|                           bucket_pointer_821_out|       pointer|
|bucket_pointer_821_out_o         |  out|   32|     ap_ovld|                           bucket_pointer_821_out|       pointer|
|bucket_pointer_821_out_o_ap_vld  |  out|    1|     ap_ovld|                           bucket_pointer_821_out|       pointer|
|bucket_pointer_820_out_i         |   in|   32|     ap_ovld|                           bucket_pointer_820_out|       pointer|
|bucket_pointer_820_out_o         |  out|   32|     ap_ovld|                           bucket_pointer_820_out|       pointer|
|bucket_pointer_820_out_o_ap_vld  |  out|    1|     ap_ovld|                           bucket_pointer_820_out|       pointer|
|bucket_pointer_819_out_i         |   in|   32|     ap_ovld|                           bucket_pointer_819_out|       pointer|
|bucket_pointer_819_out_o         |  out|   32|     ap_ovld|                           bucket_pointer_819_out|       pointer|
|bucket_pointer_819_out_o_ap_vld  |  out|    1|     ap_ovld|                           bucket_pointer_819_out|       pointer|
|bucket_pointer_818_out_i         |   in|   32|     ap_ovld|                           bucket_pointer_818_out|       pointer|
|bucket_pointer_818_out_o         |  out|   32|     ap_ovld|                           bucket_pointer_818_out|       pointer|
|bucket_pointer_818_out_o_ap_vld  |  out|    1|     ap_ovld|                           bucket_pointer_818_out|       pointer|
|bucket_pointer_817_out_i         |   in|   32|     ap_ovld|                           bucket_pointer_817_out|       pointer|
|bucket_pointer_817_out_o         |  out|   32|     ap_ovld|                           bucket_pointer_817_out|       pointer|
|bucket_pointer_817_out_o_ap_vld  |  out|    1|     ap_ovld|                           bucket_pointer_817_out|       pointer|
|bucket_pointer_816_out_i         |   in|   32|     ap_ovld|                           bucket_pointer_816_out|       pointer|
|bucket_pointer_816_out_o         |  out|   32|     ap_ovld|                           bucket_pointer_816_out|       pointer|
|bucket_pointer_816_out_o_ap_vld  |  out|    1|     ap_ovld|                           bucket_pointer_816_out|       pointer|
|bucket_pointer_815_out_i         |   in|   32|     ap_ovld|                           bucket_pointer_815_out|       pointer|
|bucket_pointer_815_out_o         |  out|   32|     ap_ovld|                           bucket_pointer_815_out|       pointer|
|bucket_pointer_815_out_o_ap_vld  |  out|    1|     ap_ovld|                           bucket_pointer_815_out|       pointer|
|bucket_pointer_814_out_i         |   in|   32|     ap_ovld|                           bucket_pointer_814_out|       pointer|
|bucket_pointer_814_out_o         |  out|   32|     ap_ovld|                           bucket_pointer_814_out|       pointer|
|bucket_pointer_814_out_o_ap_vld  |  out|    1|     ap_ovld|                           bucket_pointer_814_out|       pointer|
|bucket_pointer_813_out_i         |   in|   32|     ap_ovld|                           bucket_pointer_813_out|       pointer|
|bucket_pointer_813_out_o         |  out|   32|     ap_ovld|                           bucket_pointer_813_out|       pointer|
|bucket_pointer_813_out_o_ap_vld  |  out|    1|     ap_ovld|                           bucket_pointer_813_out|       pointer|
+---------------------------------+-----+-----+------------+-------------------------------------------------+--------------+

