

================================================================
== Vitis HLS Report for 'radix_sort_hex_batch_25_1_Pipeline_bucket_pointer_initialization'
================================================================
* Date:           Tue Apr 25 09:31:38 2023

* Version:        2022.2 (Build 3670227 on Oct 13 2022)
* Project:        sort_seperate_bucket
* Solution:       solution1 (Vivado IP Flow Target)
* Product family: virtexuplus
* Target device:  xcu280-fsvh2892-2L-e


================================================================
== Performance Estimates
================================================================
+ Timing: 
    * Summary: 
    +--------+----------+----------+------------+
    |  Clock |  Target  | Estimated| Uncertainty|
    +--------+----------+----------+------------+
    |ap_clk  |  10.00 ns|  1.760 ns|     2.70 ns|
    +--------+----------+----------+------------+

+ Latency: 
    * Summary: 
    +---------+---------+----------+----------+-----+-----+---------+
    |  Latency (cycles) |  Latency (absolute) |  Interval | Pipeline|
    |   min   |   max   |    min   |    max   | min | max |   Type  |
    +---------+---------+----------+----------+-----+-----+---------+
    |       18|       18|  0.180 us|  0.180 us|   18|   18|       no|
    +---------+---------+----------+----------+-----+-----+---------+

    + Detail: 
        * Instance: 
        N/A

        * Loop: 
        +---------------------------------+---------+---------+----------+-----------+-----------+------+----------+
        |                                 |  Latency (cycles) | Iteration|  Initiation Interval  | Trip |          |
        |            Loop Name            |   min   |   max   |  Latency |  achieved |   target  | Count| Pipelined|
        +---------------------------------+---------+---------+----------+-----------+-----------+------+----------+
        |- bucket_pointer_initialization  |       16|       16|         1|          1|          1|    16|       yes|
        +---------------------------------+---------+---------+----------+-----------+-----------+------+----------+



================================================================
== Utilization Estimates
================================================================
* Summary: 
+---------------------+---------+------+---------+---------+-----+
|         Name        | BRAM_18K|  DSP |    FF   |   LUT   | URAM|
+---------------------+---------+------+---------+---------+-----+
|DSP                  |        -|     -|        -|        -|    -|
|Expression           |        -|     -|        0|       95|    -|
|FIFO                 |        -|     -|        -|        -|    -|
|Instance             |        -|     -|        0|       65|    -|
|Memory               |        -|     -|        -|        -|    -|
|Multiplexer          |        -|     -|        -|      324|    -|
|Register             |        -|     -|     1064|        -|    -|
+---------------------+---------+------+---------+---------+-----+
|Total                |        0|     0|     1064|      484|    0|
+---------------------+---------+------+---------+---------+-----+
|Available SLR        |     1344|  3008|   869120|   434560|  320|
+---------------------+---------+------+---------+---------+-----+
|Utilization SLR (%)  |        0|     0|       ~0|       ~0|    0|
+---------------------+---------+------+---------+---------+-----+
|Available            |     4032|  9024|  2607360|  1303680|  960|
+---------------------+---------+------+---------+---------+-----+
|Utilization (%)      |        0|     0|       ~0|       ~0|    0|
+---------------------+---------+------+---------+---------+-----+

+ Detail: 
    * Instance: 
    +----------------------+----------------+---------+----+---+----+-----+
    |       Instance       |     Module     | BRAM_18K| DSP| FF| LUT| URAM|
    +----------------------+----------------+---------+----+---+----+-----+
    |mux_164_32_1_1_U4686  |mux_164_32_1_1  |        0|   0|  0|  65|    0|
    +----------------------+----------------+---------+----+---+----+-----+
    |Total                 |                |        0|   0|  0|  65|    0|
    +----------------------+----------------+---------+----+---+----+-----+

    * DSP: 
    N/A

    * Memory: 
    N/A

    * FIFO: 
    N/A

    * Expression: 
    +--------------------------------+----------+----+---+----+------------+------------+
    |          Variable Name         | Operation| DSP| FF| LUT| Bitwidth P0| Bitwidth P1|
    +--------------------------------+----------+----+---+----+------------+------------+
    |add_ln33_fu_922_p2              |         +|   0|  0|  12|           5|           1|
    |next_bucket_pointer_fu_1018_p2  |         +|   0|  0|  39|          32|          32|
    |ap_condition_505                |       and|   0|  0|   2|           1|           1|
    |ap_condition_508                |       and|   0|  0|   2|           1|           1|
    |ap_condition_511                |       and|   0|  0|   2|           1|           1|
    |ap_condition_514                |       and|   0|  0|   2|           1|           1|
    |ap_condition_517                |       and|   0|  0|   2|           1|           1|
    |ap_condition_520                |       and|   0|  0|   2|           1|           1|
    |ap_condition_523                |       and|   0|  0|   2|           1|           1|
    |ap_condition_526                |       and|   0|  0|   2|           1|           1|
    |ap_condition_529                |       and|   0|  0|   2|           1|           1|
    |ap_condition_532                |       and|   0|  0|   2|           1|           1|
    |ap_condition_535                |       and|   0|  0|   2|           1|           1|
    |ap_condition_538                |       and|   0|  0|   2|           1|           1|
    |ap_condition_541                |       and|   0|  0|   2|           1|           1|
    |ap_condition_544                |       and|   0|  0|   2|           1|           1|
    |ap_condition_547                |       and|   0|  0|   2|           1|           1|
    |ap_condition_550                |       and|   0|  0|   2|           1|           1|
    |icmp_ln33_fu_916_p2             |      icmp|   0|  0|  10|           5|           6|
    |ap_enable_pp0                   |       xor|   0|  0|   2|           1|           2|
    +--------------------------------+----------+----+---+----+------------+------------+
    |Total                           |          |   0|  0|  95|          59|          57|
    +--------------------------------+----------+----+---+----+------------+------------+

    * Multiplexer: 
    +----------------------------+----+-----------+-----+-----------+
    |            Name            | LUT| Input Size| Bits| Total Bits|
    +----------------------------+----+-----------+-----+-----------+
    |ap_done_int                 |   9|          2|    1|          2|
    |ap_enable_reg_pp0_iter1     |   9|          2|    1|          2|
    |bucket_pointer_1531_fu_192  |   9|          2|   32|         64|
    |bucket_pointer_1532_fu_196  |   9|          2|   32|         64|
    |bucket_pointer_1533_fu_200  |   9|          2|   32|         64|
    |bucket_pointer_1534_fu_204  |   9|          2|   32|         64|
    |bucket_pointer_1535_fu_208  |   9|          2|   32|         64|
    |bucket_pointer_1536_fu_212  |   9|          2|   32|         64|
    |bucket_pointer_1537_fu_216  |   9|          2|   32|         64|
    |bucket_pointer_1538_fu_220  |   9|          2|   32|         64|
    |bucket_pointer_1539_fu_224  |   9|          2|   32|         64|
    |bucket_pointer_1540_fu_228  |   9|          2|   32|         64|
    |bucket_pointer_1541_fu_232  |   9|          2|   32|         64|
    |bucket_pointer_1542_fu_236  |   9|          2|   32|         64|
    |bucket_pointer_1543_fu_240  |   9|          2|   32|         64|
    |bucket_pointer_1544_fu_244  |   9|          2|   32|         64|
    |bucket_pointer_1545_fu_248  |   9|          2|   32|         64|
    |bucket_pointer_1546_fu_252  |   9|          2|   32|         64|
    |bucket_pointer_1547_fu_256  |   9|          2|   32|         64|
    |bucket_sizes_2011_fu_264    |   9|          2|   32|         64|
    |bucket_sizes_2012_fu_268    |   9|          2|   32|         64|
    |bucket_sizes_2013_fu_272    |   9|          2|   32|         64|
    |bucket_sizes_2014_fu_276    |   9|          2|   32|         64|
    |bucket_sizes_2015_fu_280    |   9|          2|   32|         64|
    |bucket_sizes_2016_fu_284    |   9|          2|   32|         64|
    |bucket_sizes_2017_fu_288    |   9|          2|   32|         64|
    |bucket_sizes_2018_fu_292    |   9|          2|   32|         64|
    |bucket_sizes_2019_fu_296    |   9|          2|   32|         64|
    |bucket_sizes_2020_fu_300    |   9|          2|   32|         64|
    |bucket_sizes_2021_fu_304    |   9|          2|   32|         64|
    |bucket_sizes_2022_fu_308    |   9|          2|   32|         64|
    |bucket_sizes_2023_fu_312    |   9|          2|   32|         64|
    |bucket_sizes_2024_fu_316    |   9|          2|   32|         64|
    |bucket_sizes_2025_fu_320    |   9|          2|   32|         64|
    |bucket_sizes_fu_260         |   9|          2|   32|         64|
    |m_fu_188                    |   9|          2|    5|         10|
    +----------------------------+----+-----------+-----+-----------+
    |Total                       | 324|         72| 1063|       2126|
    +----------------------------+----+-----------+-----+-----------+

    * Register: 
    +----------------------------+----+----+-----+-----------+
    |            Name            | FF | LUT| Bits| Const Bits|
    +----------------------------+----+----+-----+-----------+
    |ap_CS_fsm                   |   1|   0|    1|          0|
    |ap_done_reg                 |   1|   0|    1|          0|
    |ap_enable_reg_pp0_iter1     |   1|   0|    1|          0|
    |bucket_pointer_1531_fu_192  |  32|   0|   32|          0|
    |bucket_pointer_1532_fu_196  |  32|   0|   32|          0|
    |bucket_pointer_1533_fu_200  |  32|   0|   32|          0|
    |bucket_pointer_1534_fu_204  |  32|   0|   32|          0|
    |bucket_pointer_1535_fu_208  |  32|   0|   32|          0|
    |bucket_pointer_1536_fu_212  |  32|   0|   32|          0|
    |bucket_pointer_1537_fu_216  |  32|   0|   32|          0|
    |bucket_pointer_1538_fu_220  |  32|   0|   32|          0|
    |bucket_pointer_1539_fu_224  |  32|   0|   32|          0|
    |bucket_pointer_1540_fu_228  |  32|   0|   32|          0|
    |bucket_pointer_1541_fu_232  |  32|   0|   32|          0|
    |bucket_pointer_1542_fu_236  |  32|   0|   32|          0|
    |bucket_pointer_1543_fu_240  |  32|   0|   32|          0|
    |bucket_pointer_1544_fu_244  |  32|   0|   32|          0|
    |bucket_pointer_1545_fu_248  |  32|   0|   32|          0|
    |bucket_pointer_1546_fu_252  |  32|   0|   32|          0|
    |bucket_pointer_1547_fu_256  |  32|   0|   32|          0|
    |bucket_sizes_2011_fu_264    |  32|   0|   32|          0|
    |bucket_sizes_2012_fu_268    |  32|   0|   32|          0|
    |bucket_sizes_2013_fu_272    |  32|   0|   32|          0|
    |bucket_sizes_2014_fu_276    |  32|   0|   32|          0|
    |bucket_sizes_2015_fu_280    |  32|   0|   32|          0|
    |bucket_sizes_2016_fu_284    |  32|   0|   32|          0|
    |bucket_sizes_2017_fu_288    |  32|   0|   32|          0|
    |bucket_sizes_2018_fu_292    |  32|   0|   32|          0|
    |bucket_sizes_2019_fu_296    |  32|   0|   32|          0|
    |bucket_sizes_2020_fu_300    |  32|   0|   32|          0|
    |bucket_sizes_2021_fu_304    |  32|   0|   32|          0|
    |bucket_sizes_2022_fu_308    |  32|   0|   32|          0|
    |bucket_sizes_2023_fu_312    |  32|   0|   32|          0|
    |bucket_sizes_2024_fu_316    |  32|   0|   32|          0|
    |bucket_sizes_2025_fu_320    |  32|   0|   32|          0|
    |bucket_sizes_fu_260         |  32|   0|   32|          0|
    |m_fu_188                    |   5|   0|    5|          0|
    +----------------------------+----+----+-----+-----------+
    |Total                       |1064|   0| 1064|          0|
    +----------------------------+----+----+-----+-----------+



================================================================
== Interface
================================================================
* Summary: 
+--------------------------------+-----+-----+------------+------------------------------------------------------------------+--------------+
|            RTL Ports           | Dir | Bits|  Protocol  |                           Source Object                          |    C Type    |
+--------------------------------+-----+-----+------------+------------------------------------------------------------------+--------------+
|ap_clk                          |   in|    1|  ap_ctrl_hs|  radix_sort_hex_batch.25.1_Pipeline_bucket_pointer_initialization|  return value|
|ap_rst                          |   in|    1|  ap_ctrl_hs|  radix_sort_hex_batch.25.1_Pipeline_bucket_pointer_initialization|  return value|
|ap_start                        |   in|    1|  ap_ctrl_hs|  radix_sort_hex_batch.25.1_Pipeline_bucket_pointer_initialization|  return value|
|ap_done                         |  out|    1|  ap_ctrl_hs|  radix_sort_hex_batch.25.1_Pipeline_bucket_pointer_initialization|  return value|
|ap_idle                         |  out|    1|  ap_ctrl_hs|  radix_sort_hex_batch.25.1_Pipeline_bucket_pointer_initialization|  return value|
|ap_ready                        |  out|    1|  ap_ctrl_hs|  radix_sort_hex_batch.25.1_Pipeline_bucket_pointer_initialization|  return value|
|bucket_sizes_6605               |   in|   32|     ap_none|                                                 bucket_sizes_6605|        scalar|
|bucket_sizes_6604               |   in|   32|     ap_none|                                                 bucket_sizes_6604|        scalar|
|bucket_sizes_6603               |   in|   32|     ap_none|                                                 bucket_sizes_6603|        scalar|
|bucket_sizes_6602               |   in|   32|     ap_none|                                                 bucket_sizes_6602|        scalar|
|bucket_sizes_6601               |   in|   32|     ap_none|                                                 bucket_sizes_6601|        scalar|
|bucket_sizes_6600               |   in|   32|     ap_none|                                                 bucket_sizes_6600|        scalar|
|bucket_sizes_6599               |   in|   32|     ap_none|                                                 bucket_sizes_6599|        scalar|
|bucket_sizes_6598               |   in|   32|     ap_none|                                                 bucket_sizes_6598|        scalar|
|bucket_sizes_6597               |   in|   32|     ap_none|                                                 bucket_sizes_6597|        scalar|
|bucket_sizes_6596               |   in|   32|     ap_none|                                                 bucket_sizes_6596|        scalar|
|bucket_sizes_6595               |   in|   32|     ap_none|                                                 bucket_sizes_6595|        scalar|
|bucket_sizes_6594               |   in|   32|     ap_none|                                                 bucket_sizes_6594|        scalar|
|bucket_sizes_6593               |   in|   32|     ap_none|                                                 bucket_sizes_6593|        scalar|
|bucket_sizes_6592               |   in|   32|     ap_none|                                                 bucket_sizes_6592|        scalar|
|bucket_sizes_6591               |   in|   32|     ap_none|                                                 bucket_sizes_6591|        scalar|
|bucket_sizes_6590               |   in|   32|     ap_none|                                                 bucket_sizes_6590|        scalar|
|bucket_pointer_2940             |   in|   32|     ap_none|                                               bucket_pointer_2940|        scalar|
|bucket_pointer_2939             |   in|   32|     ap_none|                                               bucket_pointer_2939|        scalar|
|bucket_pointer_2938             |   in|   32|     ap_none|                                               bucket_pointer_2938|        scalar|
|bucket_pointer_2937             |   in|   32|     ap_none|                                               bucket_pointer_2937|        scalar|
|bucket_pointer_2936             |   in|   32|     ap_none|                                               bucket_pointer_2936|        scalar|
|bucket_pointer_2935             |   in|   32|     ap_none|                                               bucket_pointer_2935|        scalar|
|bucket_pointer_2934             |   in|   32|     ap_none|                                               bucket_pointer_2934|        scalar|
|bucket_pointer_2933             |   in|   32|     ap_none|                                               bucket_pointer_2933|        scalar|
|bucket_pointer_2932             |   in|   32|     ap_none|                                               bucket_pointer_2932|        scalar|
|bucket_pointer_2931             |   in|   32|     ap_none|                                               bucket_pointer_2931|        scalar|
|bucket_pointer_2930             |   in|   32|     ap_none|                                               bucket_pointer_2930|        scalar|
|bucket_pointer_2929             |   in|   32|     ap_none|                                               bucket_pointer_2929|        scalar|
|bucket_pointer_2928             |   in|   32|     ap_none|                                               bucket_pointer_2928|        scalar|
|bucket_pointer_2927             |   in|   32|     ap_none|                                               bucket_pointer_2927|        scalar|
|bucket_pointer_2926             |   in|   32|     ap_none|                                               bucket_pointer_2926|        scalar|
|bucket_pointer                  |   in|   32|     ap_none|                                                    bucket_pointer|        scalar|
|bucket_sizes_6621_out           |  out|   32|      ap_vld|                                             bucket_sizes_6621_out|       pointer|
|bucket_sizes_6621_out_ap_vld    |  out|    1|      ap_vld|                                             bucket_sizes_6621_out|       pointer|
|bucket_sizes_6620_out           |  out|   32|      ap_vld|                                             bucket_sizes_6620_out|       pointer|
|bucket_sizes_6620_out_ap_vld    |  out|    1|      ap_vld|                                             bucket_sizes_6620_out|       pointer|
|bucket_sizes_6619_out           |  out|   32|      ap_vld|                                             bucket_sizes_6619_out|       pointer|
|bucket_sizes_6619_out_ap_vld    |  out|    1|      ap_vld|                                             bucket_sizes_6619_out|       pointer|
|bucket_sizes_6618_out           |  out|   32|      ap_vld|                                             bucket_sizes_6618_out|       pointer|
|bucket_sizes_6618_out_ap_vld    |  out|    1|      ap_vld|                                             bucket_sizes_6618_out|       pointer|
|bucket_sizes_6617_out           |  out|   32|      ap_vld|                                             bucket_sizes_6617_out|       pointer|
|bucket_sizes_6617_out_ap_vld    |  out|    1|      ap_vld|                                             bucket_sizes_6617_out|       pointer|
|bucket_sizes_6616_out           |  out|   32|      ap_vld|                                             bucket_sizes_6616_out|       pointer|
|bucket_sizes_6616_out_ap_vld    |  out|    1|      ap_vld|                                             bucket_sizes_6616_out|       pointer|
|bucket_sizes_6615_out           |  out|   32|      ap_vld|                                             bucket_sizes_6615_out|       pointer|
|bucket_sizes_6615_out_ap_vld    |  out|    1|      ap_vld|                                             bucket_sizes_6615_out|       pointer|
|bucket_sizes_6614_out           |  out|   32|      ap_vld|                                             bucket_sizes_6614_out|       pointer|
|bucket_sizes_6614_out_ap_vld    |  out|    1|      ap_vld|                                             bucket_sizes_6614_out|       pointer|
|bucket_sizes_6613_out           |  out|   32|      ap_vld|                                             bucket_sizes_6613_out|       pointer|
|bucket_sizes_6613_out_ap_vld    |  out|    1|      ap_vld|                                             bucket_sizes_6613_out|       pointer|
|bucket_sizes_6612_out           |  out|   32|      ap_vld|                                             bucket_sizes_6612_out|       pointer|
|bucket_sizes_6612_out_ap_vld    |  out|    1|      ap_vld|                                             bucket_sizes_6612_out|       pointer|
|bucket_sizes_6611_out           |  out|   32|      ap_vld|                                             bucket_sizes_6611_out|       pointer|
|bucket_sizes_6611_out_ap_vld    |  out|    1|      ap_vld|                                             bucket_sizes_6611_out|       pointer|
|bucket_sizes_6610_out           |  out|   32|      ap_vld|                                             bucket_sizes_6610_out|       pointer|
|bucket_sizes_6610_out_ap_vld    |  out|    1|      ap_vld|                                             bucket_sizes_6610_out|       pointer|
|bucket_sizes_6609_out           |  out|   32|      ap_vld|                                             bucket_sizes_6609_out|       pointer|
|bucket_sizes_6609_out_ap_vld    |  out|    1|      ap_vld|                                             bucket_sizes_6609_out|       pointer|
|bucket_sizes_6608_out           |  out|   32|      ap_vld|                                             bucket_sizes_6608_out|       pointer|
|bucket_sizes_6608_out_ap_vld    |  out|    1|      ap_vld|                                             bucket_sizes_6608_out|       pointer|
|bucket_sizes_6607_out           |  out|   32|      ap_vld|                                             bucket_sizes_6607_out|       pointer|
|bucket_sizes_6607_out_ap_vld    |  out|    1|      ap_vld|                                             bucket_sizes_6607_out|       pointer|
|bucket_sizes_6606_out           |  out|   32|      ap_vld|                                             bucket_sizes_6606_out|       pointer|
|bucket_sizes_6606_out_ap_vld    |  out|    1|      ap_vld|                                             bucket_sizes_6606_out|       pointer|
|bucket_pointer_2956_out         |  out|   32|      ap_vld|                                           bucket_pointer_2956_out|       pointer|
|bucket_pointer_2956_out_ap_vld  |  out|    1|      ap_vld|                                           bucket_pointer_2956_out|       pointer|
|bucket_pointer_2955_out         |  out|   32|      ap_vld|                                           bucket_pointer_2955_out|       pointer|
|bucket_pointer_2955_out_ap_vld  |  out|    1|      ap_vld|                                           bucket_pointer_2955_out|       pointer|
|bucket_pointer_2954_out         |  out|   32|      ap_vld|                                           bucket_pointer_2954_out|       pointer|
|bucket_pointer_2954_out_ap_vld  |  out|    1|      ap_vld|                                           bucket_pointer_2954_out|       pointer|
|bucket_pointer_2953_out         |  out|   32|      ap_vld|                                           bucket_pointer_2953_out|       pointer|
|bucket_pointer_2953_out_ap_vld  |  out|    1|      ap_vld|                                           bucket_pointer_2953_out|       pointer|
|bucket_pointer_2952_out         |  out|   32|      ap_vld|                                           bucket_pointer_2952_out|       pointer|
|bucket_pointer_2952_out_ap_vld  |  out|    1|      ap_vld|                                           bucket_pointer_2952_out|       pointer|
|bucket_pointer_2951_out         |  out|   32|      ap_vld|                                           bucket_pointer_2951_out|       pointer|
|bucket_pointer_2951_out_ap_vld  |  out|    1|      ap_vld|                                           bucket_pointer_2951_out|       pointer|
|bucket_pointer_2950_out         |  out|   32|      ap_vld|                                           bucket_pointer_2950_out|       pointer|
|bucket_pointer_2950_out_ap_vld  |  out|    1|      ap_vld|                                           bucket_pointer_2950_out|       pointer|
|bucket_pointer_2949_out         |  out|   32|      ap_vld|                                           bucket_pointer_2949_out|       pointer|
|bucket_pointer_2949_out_ap_vld  |  out|    1|      ap_vld|                                           bucket_pointer_2949_out|       pointer|
|bucket_pointer_2948_out         |  out|   32|      ap_vld|                                           bucket_pointer_2948_out|       pointer|
|bucket_pointer_2948_out_ap_vld  |  out|    1|      ap_vld|                                           bucket_pointer_2948_out|       pointer|
|bucket_pointer_2947_out         |  out|   32|      ap_vld|                                           bucket_pointer_2947_out|       pointer|
|bucket_pointer_2947_out_ap_vld  |  out|    1|      ap_vld|                                           bucket_pointer_2947_out|       pointer|
|bucket_pointer_2946_out         |  out|   32|      ap_vld|                                           bucket_pointer_2946_out|       pointer|
|bucket_pointer_2946_out_ap_vld  |  out|    1|      ap_vld|                                           bucket_pointer_2946_out|       pointer|
|bucket_pointer_2945_out         |  out|   32|      ap_vld|                                           bucket_pointer_2945_out|       pointer|
|bucket_pointer_2945_out_ap_vld  |  out|    1|      ap_vld|                                           bucket_pointer_2945_out|       pointer|
|bucket_pointer_2944_out         |  out|   32|      ap_vld|                                           bucket_pointer_2944_out|       pointer|
|bucket_pointer_2944_out_ap_vld  |  out|    1|      ap_vld|                                           bucket_pointer_2944_out|       pointer|
|bucket_pointer_2943_out         |  out|   32|      ap_vld|                                           bucket_pointer_2943_out|       pointer|
|bucket_pointer_2943_out_ap_vld  |  out|    1|      ap_vld|                                           bucket_pointer_2943_out|       pointer|
|bucket_pointer_2942_out         |  out|   32|      ap_vld|                                           bucket_pointer_2942_out|       pointer|
|bucket_pointer_2942_out_ap_vld  |  out|    1|      ap_vld|                                           bucket_pointer_2942_out|       pointer|
|bucket_pointer_2941_out         |  out|   32|      ap_vld|                                           bucket_pointer_2941_out|       pointer|
|bucket_pointer_2941_out_ap_vld  |  out|    1|      ap_vld|                                           bucket_pointer_2941_out|       pointer|
+--------------------------------+-----+-----+------------+------------------------------------------------------------------+--------------+

