

================================================================
== Vitis HLS Report for 'radix_sort_oct_batch_20_1_Pipeline_bucket_pointer_initialization'
================================================================
* Date:           Mon Apr 24 11:28:22 2023

* Version:        2022.2 (Build 3670227 on Oct 13 2022)
* Project:        sort_seperate_bucket
* Solution:       solution1 (Vivado IP Flow Target)
* Product family: virtexuplus
* Target device:  xcu280-fsvh2892-2L-e


================================================================
== Performance Estimates
================================================================
+ Timing: 
    * Summary: 
    +--------+----------+----------+------------+
    |  Clock |  Target  | Estimated| Uncertainty|
    +--------+----------+----------+------------+
    |ap_clk  |  10.00 ns|  1.851 ns|     2.70 ns|
    +--------+----------+----------+------------+

+ Latency: 
    * Summary: 
    +---------+---------+----------+----------+-----+-----+---------+
    |  Latency (cycles) |  Latency (absolute) |  Interval | Pipeline|
    |   min   |   max   |    min   |    max   | min | max |   Type  |
    +---------+---------+----------+----------+-----+-----+---------+
    |       10|       10|  0.100 us|  0.100 us|   10|   10|       no|
    +---------+---------+----------+----------+-----+-----+---------+

    + Detail: 
        * Instance: 
        N/A

        * Loop: 
        +---------------------------------+---------+---------+----------+-----------+-----------+------+----------+
        |                                 |  Latency (cycles) | Iteration|  Initiation Interval  | Trip |          |
        |            Loop Name            |   min   |   max   |  Latency |  achieved |   target  | Count| Pipelined|
        +---------------------------------+---------+---------+----------+-----------+-----------+------+----------+
        |- bucket_pointer_initialization  |        8|        8|         1|          1|          1|     8|       yes|
        +---------------------------------+---------+---------+----------+-----------+-----------+------+----------+



================================================================
== Utilization Estimates
================================================================
* Summary: 
+---------------------+---------+------+---------+---------+-----+
|         Name        | BRAM_18K|  DSP |    FF   |   LUT   | URAM|
+---------------------+---------+------+---------+---------+-----+
|DSP                  |        -|     -|        -|        -|    -|
|Expression           |        -|     -|        0|       78|    -|
|FIFO                 |        -|     -|        -|        -|    -|
|Instance             |        -|     -|        0|       43|    -|
|Memory               |        -|     -|        -|        -|    -|
|Multiplexer          |        -|     -|        -|      180|    -|
|Register             |        -|     -|      551|        -|    -|
+---------------------+---------+------+---------+---------+-----+
|Total                |        0|     0|      551|      301|    0|
+---------------------+---------+------+---------+---------+-----+
|Available SLR        |     1344|  3008|   869120|   434560|  320|
+---------------------+---------+------+---------+---------+-----+
|Utilization SLR (%)  |        0|     0|       ~0|       ~0|    0|
+---------------------+---------+------+---------+---------+-----+
|Available            |     4032|  9024|  2607360|  1303680|  960|
+---------------------+---------+------+---------+---------+-----+
|Utilization (%)      |        0|     0|       ~0|       ~0|    0|
+---------------------+---------+------+---------+---------+-----+

+ Detail: 
    * Instance: 
    +---------------------+---------------+---------+----+---+----+-----+
    |       Instance      |     Module    | BRAM_18K| DSP| FF| LUT| URAM|
    +---------------------+---------------+---------+----+---+----+-----+
    |mux_83_32_1_1_U2025  |mux_83_32_1_1  |        0|   0|  0|  43|    0|
    +---------------------+---------------+---------+----+---+----+-----+
    |Total                |               |        0|   0|  0|  43|    0|
    +---------------------+---------------+---------+----+---+----+-----+

    * DSP: 
    N/A

    * Memory: 
    N/A

    * FIFO: 
    N/A

    * Expression: 
    +-------------------------------+----------+----+---+----+------------+------------+
    |         Variable Name         | Operation| DSP| FF| LUT| Bitwidth P0| Bitwidth P1|
    +-------------------------------+----------+----+---+----+------------+------------+
    |add_ln33_fu_490_p2             |         +|   0|  0|  12|           4|           1|
    |next_bucket_pointer_fu_546_p2  |         +|   0|  0|  39|          32|          32|
    |ap_condition_321               |       and|   0|  0|   2|           1|           1|
    |ap_condition_324               |       and|   0|  0|   2|           1|           1|
    |ap_condition_327               |       and|   0|  0|   2|           1|           1|
    |ap_condition_330               |       and|   0|  0|   2|           1|           1|
    |ap_condition_333               |       and|   0|  0|   2|           1|           1|
    |ap_condition_336               |       and|   0|  0|   2|           1|           1|
    |ap_condition_339               |       and|   0|  0|   2|           1|           1|
    |ap_condition_342               |       and|   0|  0|   2|           1|           1|
    |icmp_ln33_fu_484_p2            |      icmp|   0|  0|   9|           4|           5|
    |ap_enable_pp0                  |       xor|   0|  0|   2|           1|           2|
    +-------------------------------+----------+----+---+----+------------+------------+
    |Total                          |          |   0|  0|  78|          49|          48|
    +-------------------------------+----------+----+---+----+------------+------------+

    * Multiplexer: 
    +---------------------------+----+-----------+-----+-----------+
    |            Name           | LUT| Input Size| Bits| Total Bits|
    +---------------------------+----+-----------+-----+-----------+
    |ap_done_int                |   9|          2|    1|          2|
    |ap_enable_reg_pp0_iter1    |   9|          2|    1|          2|
    |bucket_pointer_901_fu_112  |   9|          2|   32|         64|
    |bucket_pointer_902_fu_116  |   9|          2|   32|         64|
    |bucket_pointer_903_fu_120  |   9|          2|   32|         64|
    |bucket_pointer_904_fu_124  |   9|          2|   32|         64|
    |bucket_pointer_905_fu_128  |   9|          2|   32|         64|
    |bucket_pointer_906_fu_132  |   9|          2|   32|         64|
    |bucket_pointer_907_fu_136  |   9|          2|   32|         64|
    |bucket_pointer_908_fu_140  |   9|          2|   32|         64|
    |bucket_pointer_909_fu_144  |   9|          2|   32|         64|
    |bucket_sizes_1044_fu_152   |   9|          2|   32|         64|
    |bucket_sizes_1045_fu_156   |   9|          2|   32|         64|
    |bucket_sizes_1046_fu_160   |   9|          2|   32|         64|
    |bucket_sizes_1047_fu_164   |   9|          2|   32|         64|
    |bucket_sizes_1048_fu_168   |   9|          2|   32|         64|
    |bucket_sizes_1049_fu_172   |   9|          2|   32|         64|
    |bucket_sizes_1050_fu_176   |   9|          2|   32|         64|
    |bucket_sizes_fu_148        |   9|          2|   32|         64|
    |m_fu_108                   |   9|          2|    4|          8|
    +---------------------------+----+-----------+-----+-----------+
    |Total                      | 180|         40|  550|       1100|
    +---------------------------+----+-----------+-----+-----------+

    * Register: 
    +---------------------------+----+----+-----+-----------+
    |            Name           | FF | LUT| Bits| Const Bits|
    +---------------------------+----+----+-----+-----------+
    |ap_CS_fsm                  |   1|   0|    1|          0|
    |ap_done_reg                |   1|   0|    1|          0|
    |ap_enable_reg_pp0_iter1    |   1|   0|    1|          0|
    |bucket_pointer_901_fu_112  |  32|   0|   32|          0|
    |bucket_pointer_902_fu_116  |  32|   0|   32|          0|
    |bucket_pointer_903_fu_120  |  32|   0|   32|          0|
    |bucket_pointer_904_fu_124  |  32|   0|   32|          0|
    |bucket_pointer_905_fu_128  |  32|   0|   32|          0|
    |bucket_pointer_906_fu_132  |  32|   0|   32|          0|
    |bucket_pointer_907_fu_136  |  32|   0|   32|          0|
    |bucket_pointer_908_fu_140  |  32|   0|   32|          0|
    |bucket_pointer_909_fu_144  |  32|   0|   32|          0|
    |bucket_sizes_1044_fu_152   |  32|   0|   32|          0|
    |bucket_sizes_1045_fu_156   |  32|   0|   32|          0|
    |bucket_sizes_1046_fu_160   |  32|   0|   32|          0|
    |bucket_sizes_1047_fu_164   |  32|   0|   32|          0|
    |bucket_sizes_1048_fu_168   |  32|   0|   32|          0|
    |bucket_sizes_1049_fu_172   |  32|   0|   32|          0|
    |bucket_sizes_1050_fu_176   |  32|   0|   32|          0|
    |bucket_sizes_fu_148        |  32|   0|   32|          0|
    |m_fu_108                   |   4|   0|    4|          0|
    +---------------------------+----+----+-----+-----------+
    |Total                      | 551|   0|  551|          0|
    +---------------------------+----+----+-----+-----------+



================================================================
== Interface
================================================================
* Summary: 
+--------------------------------+-----+-----+------------+------------------------------------------------------------------+--------------+
|            RTL Ports           | Dir | Bits|  Protocol  |                           Source Object                          |    C Type    |
+--------------------------------+-----+-----+------------+------------------------------------------------------------------+--------------+
|ap_clk                          |   in|    1|  ap_ctrl_hs|  radix_sort_oct_batch.20.1_Pipeline_bucket_pointer_initialization|  return value|
|ap_rst                          |   in|    1|  ap_ctrl_hs|  radix_sort_oct_batch.20.1_Pipeline_bucket_pointer_initialization|  return value|
|ap_start                        |   in|    1|  ap_ctrl_hs|  radix_sort_oct_batch.20.1_Pipeline_bucket_pointer_initialization|  return value|
|ap_done                         |  out|    1|  ap_ctrl_hs|  radix_sort_oct_batch.20.1_Pipeline_bucket_pointer_initialization|  return value|
|ap_idle                         |  out|    1|  ap_ctrl_hs|  radix_sort_oct_batch.20.1_Pipeline_bucket_pointer_initialization|  return value|
|ap_ready                        |  out|    1|  ap_ctrl_hs|  radix_sort_oct_batch.20.1_Pipeline_bucket_pointer_initialization|  return value|
|bucket_sizes_3690               |   in|   32|     ap_none|                                                 bucket_sizes_3690|        scalar|
|bucket_sizes_3689               |   in|   32|     ap_none|                                                 bucket_sizes_3689|        scalar|
|bucket_sizes_3688               |   in|   32|     ap_none|                                                 bucket_sizes_3688|        scalar|
|bucket_sizes_3687               |   in|   32|     ap_none|                                                 bucket_sizes_3687|        scalar|
|bucket_sizes_3686               |   in|   32|     ap_none|                                                 bucket_sizes_3686|        scalar|
|bucket_sizes_3685               |   in|   32|     ap_none|                                                 bucket_sizes_3685|        scalar|
|bucket_sizes_3684               |   in|   32|     ap_none|                                                 bucket_sizes_3684|        scalar|
|bucket_sizes_3683               |   in|   32|     ap_none|                                                 bucket_sizes_3683|        scalar|
|bucket_pointer_1657             |   in|   32|     ap_none|                                               bucket_pointer_1657|        scalar|
|bucket_pointer_1656             |   in|   32|     ap_none|                                               bucket_pointer_1656|        scalar|
|bucket_pointer_1655             |   in|   32|     ap_none|                                               bucket_pointer_1655|        scalar|
|bucket_pointer_1654             |   in|   32|     ap_none|                                               bucket_pointer_1654|        scalar|
|bucket_pointer_1653             |   in|   32|     ap_none|                                               bucket_pointer_1653|        scalar|
|bucket_pointer_1652             |   in|   32|     ap_none|                                               bucket_pointer_1652|        scalar|
|bucket_pointer_1651             |   in|   32|     ap_none|                                               bucket_pointer_1651|        scalar|
|bucket_pointer                  |   in|   32|     ap_none|                                                    bucket_pointer|        scalar|
|bucket_sizes_3698_out           |  out|   32|      ap_vld|                                             bucket_sizes_3698_out|       pointer|
|bucket_sizes_3698_out_ap_vld    |  out|    1|      ap_vld|                                             bucket_sizes_3698_out|       pointer|
|bucket_sizes_3697_out           |  out|   32|      ap_vld|                                             bucket_sizes_3697_out|       pointer|
|bucket_sizes_3697_out_ap_vld    |  out|    1|      ap_vld|                                             bucket_sizes_3697_out|       pointer|
|bucket_sizes_3696_out           |  out|   32|      ap_vld|                                             bucket_sizes_3696_out|       pointer|
|bucket_sizes_3696_out_ap_vld    |  out|    1|      ap_vld|                                             bucket_sizes_3696_out|       pointer|
|bucket_sizes_3695_out           |  out|   32|      ap_vld|                                             bucket_sizes_3695_out|       pointer|
|bucket_sizes_3695_out_ap_vld    |  out|    1|      ap_vld|                                             bucket_sizes_3695_out|       pointer|
|bucket_sizes_3694_out           |  out|   32|      ap_vld|                                             bucket_sizes_3694_out|       pointer|
|bucket_sizes_3694_out_ap_vld    |  out|    1|      ap_vld|                                             bucket_sizes_3694_out|       pointer|
|bucket_sizes_3693_out           |  out|   32|      ap_vld|                                             bucket_sizes_3693_out|       pointer|
|bucket_sizes_3693_out_ap_vld    |  out|    1|      ap_vld|                                             bucket_sizes_3693_out|       pointer|
|bucket_sizes_3692_out           |  out|   32|      ap_vld|                                             bucket_sizes_3692_out|       pointer|
|bucket_sizes_3692_out_ap_vld    |  out|    1|      ap_vld|                                             bucket_sizes_3692_out|       pointer|
|bucket_sizes_3691_out           |  out|   32|      ap_vld|                                             bucket_sizes_3691_out|       pointer|
|bucket_sizes_3691_out_ap_vld    |  out|    1|      ap_vld|                                             bucket_sizes_3691_out|       pointer|
|bucket_pointer_1665_out         |  out|   32|      ap_vld|                                           bucket_pointer_1665_out|       pointer|
|bucket_pointer_1665_out_ap_vld  |  out|    1|      ap_vld|                                           bucket_pointer_1665_out|       pointer|
|bucket_pointer_1664_out         |  out|   32|      ap_vld|                                           bucket_pointer_1664_out|       pointer|
|bucket_pointer_1664_out_ap_vld  |  out|    1|      ap_vld|                                           bucket_pointer_1664_out|       pointer|
|bucket_pointer_1663_out         |  out|   32|      ap_vld|                                           bucket_pointer_1663_out|       pointer|
|bucket_pointer_1663_out_ap_vld  |  out|    1|      ap_vld|                                           bucket_pointer_1663_out|       pointer|
|bucket_pointer_1662_out         |  out|   32|      ap_vld|                                           bucket_pointer_1662_out|       pointer|
|bucket_pointer_1662_out_ap_vld  |  out|    1|      ap_vld|                                           bucket_pointer_1662_out|       pointer|
|bucket_pointer_1661_out         |  out|   32|      ap_vld|                                           bucket_pointer_1661_out|       pointer|
|bucket_pointer_1661_out_ap_vld  |  out|    1|      ap_vld|                                           bucket_pointer_1661_out|       pointer|
|bucket_pointer_1660_out         |  out|   32|      ap_vld|                                           bucket_pointer_1660_out|       pointer|
|bucket_pointer_1660_out_ap_vld  |  out|    1|      ap_vld|                                           bucket_pointer_1660_out|       pointer|
|bucket_pointer_1659_out         |  out|   32|      ap_vld|                                           bucket_pointer_1659_out|       pointer|
|bucket_pointer_1659_out_ap_vld  |  out|    1|      ap_vld|                                           bucket_pointer_1659_out|       pointer|
|bucket_pointer_1658_out         |  out|   32|      ap_vld|                                           bucket_pointer_1658_out|       pointer|
|bucket_pointer_1658_out_ap_vld  |  out|    1|      ap_vld|                                           bucket_pointer_1658_out|       pointer|
+--------------------------------+-----+-----+------------+------------------------------------------------------------------+--------------+

