

================================================================
== Vitis HLS Report for 'radix_sort_unified_bucket_pingpong_45_1_Pipeline_bucket_pointer_initialization'
================================================================
* Date:           Sat Apr 22 15:41:14 2023

* Version:        2022.2 (Build 3670227 on Oct 13 2022)
* Project:        sort_seperate_bucket
* Solution:       solution1 (Vivado IP Flow Target)
* Product family: virtexuplus
* Target device:  xcu280-fsvh2892-2L-e


================================================================
== Performance Estimates
================================================================
+ Timing: 
    * Summary: 
    +--------+----------+----------+------------+
    |  Clock |  Target  | Estimated| Uncertainty|
    +--------+----------+----------+------------+
    |ap_clk  |  10.00 ns|  1.760 ns|     2.70 ns|
    +--------+----------+----------+------------+

+ Latency: 
    * Summary: 
    +---------+---------+----------+----------+-----+-----+---------+
    |  Latency (cycles) |  Latency (absolute) |  Interval | Pipeline|
    |   min   |   max   |    min   |    max   | min | max |   Type  |
    +---------+---------+----------+----------+-----+-----+---------+
    |       18|       18|  0.180 us|  0.180 us|   18|   18|       no|
    +---------+---------+----------+----------+-----+-----+---------+

    + Detail: 
        * Instance: 
        N/A

        * Loop: 
        +---------------------------------+---------+---------+----------+-----------+-----------+------+----------+
        |                                 |  Latency (cycles) | Iteration|  Initiation Interval  | Trip |          |
        |            Loop Name            |   min   |   max   |  Latency |  achieved |   target  | Count| Pipelined|
        +---------------------------------+---------+---------+----------+-----------+-----------+------+----------+
        |- bucket_pointer_initialization  |       16|       16|         1|          1|          1|    16|       yes|
        +---------------------------------+---------+---------+----------+-----------+-----------+------+----------+



================================================================
== Utilization Estimates
================================================================
* Summary: 
+---------------------+---------+------+---------+---------+-----+
|         Name        | BRAM_18K|  DSP |    FF   |   LUT   | URAM|
+---------------------+---------+------+---------+---------+-----+
|DSP                  |        -|     -|        -|        -|    -|
|Expression           |        -|     -|        0|       95|    -|
|FIFO                 |        -|     -|        -|        -|    -|
|Instance             |        -|     -|        0|       65|    -|
|Memory               |        -|     -|        -|        -|    -|
|Multiplexer          |        -|     -|        -|      324|    -|
|Register             |        -|     -|     1064|        -|    -|
+---------------------+---------+------+---------+---------+-----+
|Total                |        0|     0|     1064|      484|    0|
+---------------------+---------+------+---------+---------+-----+
|Available SLR        |     1344|  3008|   869120|   434560|  320|
+---------------------+---------+------+---------+---------+-----+
|Utilization SLR (%)  |        0|     0|       ~0|       ~0|    0|
+---------------------+---------+------+---------+---------+-----+
|Available            |     4032|  9024|  2607360|  1303680|  960|
+---------------------+---------+------+---------+---------+-----+
|Utilization (%)      |        0|     0|       ~0|       ~0|    0|
+---------------------+---------+------+---------+---------+-----+

+ Detail: 
    * Instance: 
    +----------------------+----------------+---------+----+---+----+-----+
    |       Instance       |     Module     | BRAM_18K| DSP| FF| LUT| URAM|
    +----------------------+----------------+---------+----+---+----+-----+
    |mux_164_32_1_1_U8546  |mux_164_32_1_1  |        0|   0|  0|  65|    0|
    +----------------------+----------------+---------+----+---+----+-----+
    |Total                 |                |        0|   0|  0|  65|    0|
    +----------------------+----------------+---------+----+---+----+-----+

    * DSP: 
    N/A

    * Memory: 
    N/A

    * FIFO: 
    N/A

    * Expression: 
    +--------------------------------+----------+----+---+----+------------+------------+
    |          Variable Name         | Operation| DSP| FF| LUT| Bitwidth P0| Bitwidth P1|
    +--------------------------------+----------+----+---+----+------------+------------+
    |add_ln85_fu_922_p2              |         +|   0|  0|  12|           5|           1|
    |next_bucket_pointer_fu_1018_p2  |         +|   0|  0|  39|          32|          32|
    |ap_condition_505                |       and|   0|  0|   2|           1|           1|
    |ap_condition_508                |       and|   0|  0|   2|           1|           1|
    |ap_condition_511                |       and|   0|  0|   2|           1|           1|
    |ap_condition_514                |       and|   0|  0|   2|           1|           1|
    |ap_condition_517                |       and|   0|  0|   2|           1|           1|
    |ap_condition_520                |       and|   0|  0|   2|           1|           1|
    |ap_condition_523                |       and|   0|  0|   2|           1|           1|
    |ap_condition_526                |       and|   0|  0|   2|           1|           1|
    |ap_condition_529                |       and|   0|  0|   2|           1|           1|
    |ap_condition_532                |       and|   0|  0|   2|           1|           1|
    |ap_condition_535                |       and|   0|  0|   2|           1|           1|
    |ap_condition_538                |       and|   0|  0|   2|           1|           1|
    |ap_condition_541                |       and|   0|  0|   2|           1|           1|
    |ap_condition_544                |       and|   0|  0|   2|           1|           1|
    |ap_condition_547                |       and|   0|  0|   2|           1|           1|
    |ap_condition_550                |       and|   0|  0|   2|           1|           1|
    |icmp_ln85_fu_916_p2             |      icmp|   0|  0|  10|           5|           6|
    |ap_enable_pp0                   |       xor|   0|  0|   2|           1|           2|
    +--------------------------------+----------+----+---+----+------------+------------+
    |Total                           |          |   0|  0|  95|          59|          57|
    +--------------------------------+----------+----+---+----+------------+------------+

    * Multiplexer: 
    +---------------------------+----+-----------+-----+-----------+
    |            Name           | LUT| Input Size| Bits| Total Bits|
    +---------------------------+----+-----------+-----+-----------+
    |ap_done_int                |   9|          2|    1|          2|
    |ap_enable_reg_pp0_iter1    |   9|          2|    1|          2|
    |bucket_pointer_783_fu_192  |   9|          2|   32|         64|
    |bucket_pointer_784_fu_196  |   9|          2|   32|         64|
    |bucket_pointer_785_fu_200  |   9|          2|   32|         64|
    |bucket_pointer_786_fu_204  |   9|          2|   32|         64|
    |bucket_pointer_787_fu_208  |   9|          2|   32|         64|
    |bucket_pointer_788_fu_212  |   9|          2|   32|         64|
    |bucket_pointer_789_fu_216  |   9|          2|   32|         64|
    |bucket_pointer_790_fu_220  |   9|          2|   32|         64|
    |bucket_pointer_791_fu_224  |   9|          2|   32|         64|
    |bucket_pointer_792_fu_228  |   9|          2|   32|         64|
    |bucket_pointer_793_fu_232  |   9|          2|   32|         64|
    |bucket_pointer_794_fu_236  |   9|          2|   32|         64|
    |bucket_pointer_795_fu_240  |   9|          2|   32|         64|
    |bucket_pointer_796_fu_244  |   9|          2|   32|         64|
    |bucket_pointer_797_fu_248  |   9|          2|   32|         64|
    |bucket_pointer_798_fu_252  |   9|          2|   32|         64|
    |bucket_pointer_799_fu_256  |   9|          2|   32|         64|
    |bucket_sizes_1021_fu_264   |   9|          2|   32|         64|
    |bucket_sizes_1022_fu_268   |   9|          2|   32|         64|
    |bucket_sizes_1023_fu_272   |   9|          2|   32|         64|
    |bucket_sizes_1024_fu_276   |   9|          2|   32|         64|
    |bucket_sizes_1025_fu_280   |   9|          2|   32|         64|
    |bucket_sizes_1026_fu_284   |   9|          2|   32|         64|
    |bucket_sizes_1027_fu_288   |   9|          2|   32|         64|
    |bucket_sizes_1028_fu_292   |   9|          2|   32|         64|
    |bucket_sizes_1029_fu_296   |   9|          2|   32|         64|
    |bucket_sizes_1030_fu_300   |   9|          2|   32|         64|
    |bucket_sizes_1031_fu_304   |   9|          2|   32|         64|
    |bucket_sizes_1032_fu_308   |   9|          2|   32|         64|
    |bucket_sizes_1033_fu_312   |   9|          2|   32|         64|
    |bucket_sizes_1034_fu_316   |   9|          2|   32|         64|
    |bucket_sizes_1035_fu_320   |   9|          2|   32|         64|
    |bucket_sizes_fu_260        |   9|          2|   32|         64|
    |m_fu_188                   |   9|          2|    5|         10|
    +---------------------------+----+-----------+-----+-----------+
    |Total                      | 324|         72| 1063|       2126|
    +---------------------------+----+-----------+-----+-----------+

    * Register: 
    +---------------------------+----+----+-----+-----------+
    |            Name           | FF | LUT| Bits| Const Bits|
    +---------------------------+----+----+-----+-----------+
    |ap_CS_fsm                  |   1|   0|    1|          0|
    |ap_done_reg                |   1|   0|    1|          0|
    |ap_enable_reg_pp0_iter1    |   1|   0|    1|          0|
    |bucket_pointer_783_fu_192  |  32|   0|   32|          0|
    |bucket_pointer_784_fu_196  |  32|   0|   32|          0|
    |bucket_pointer_785_fu_200  |  32|   0|   32|          0|
    |bucket_pointer_786_fu_204  |  32|   0|   32|          0|
    |bucket_pointer_787_fu_208  |  32|   0|   32|          0|
    |bucket_pointer_788_fu_212  |  32|   0|   32|          0|
    |bucket_pointer_789_fu_216  |  32|   0|   32|          0|
    |bucket_pointer_790_fu_220  |  32|   0|   32|          0|
    |bucket_pointer_791_fu_224  |  32|   0|   32|          0|
    |bucket_pointer_792_fu_228  |  32|   0|   32|          0|
    |bucket_pointer_793_fu_232  |  32|   0|   32|          0|
    |bucket_pointer_794_fu_236  |  32|   0|   32|          0|
    |bucket_pointer_795_fu_240  |  32|   0|   32|          0|
    |bucket_pointer_796_fu_244  |  32|   0|   32|          0|
    |bucket_pointer_797_fu_248  |  32|   0|   32|          0|
    |bucket_pointer_798_fu_252  |  32|   0|   32|          0|
    |bucket_pointer_799_fu_256  |  32|   0|   32|          0|
    |bucket_sizes_1021_fu_264   |  32|   0|   32|          0|
    |bucket_sizes_1022_fu_268   |  32|   0|   32|          0|
    |bucket_sizes_1023_fu_272   |  32|   0|   32|          0|
    |bucket_sizes_1024_fu_276   |  32|   0|   32|          0|
    |bucket_sizes_1025_fu_280   |  32|   0|   32|          0|
    |bucket_sizes_1026_fu_284   |  32|   0|   32|          0|
    |bucket_sizes_1027_fu_288   |  32|   0|   32|          0|
    |bucket_sizes_1028_fu_292   |  32|   0|   32|          0|
    |bucket_sizes_1029_fu_296   |  32|   0|   32|          0|
    |bucket_sizes_1030_fu_300   |  32|   0|   32|          0|
    |bucket_sizes_1031_fu_304   |  32|   0|   32|          0|
    |bucket_sizes_1032_fu_308   |  32|   0|   32|          0|
    |bucket_sizes_1033_fu_312   |  32|   0|   32|          0|
    |bucket_sizes_1034_fu_316   |  32|   0|   32|          0|
    |bucket_sizes_1035_fu_320   |  32|   0|   32|          0|
    |bucket_sizes_fu_260        |  32|   0|   32|          0|
    |m_fu_188                   |   5|   0|    5|          0|
    +---------------------------+----+----+-----+-----------+
    |Total                      |1064|   0| 1064|          0|
    +---------------------------+----+----+-----+-----------+



================================================================
== Interface
================================================================
* Summary: 
+--------------------------------+-----+-----+------------+--------------------------------------------------------------------------------+--------------+
|            RTL Ports           | Dir | Bits|  Protocol  |                                  Source Object                                 |    C Type    |
+--------------------------------+-----+-----+------------+--------------------------------------------------------------------------------+--------------+
|ap_clk                          |   in|    1|  ap_ctrl_hs|  radix_sort_unified_bucket_pingpong.45.1_Pipeline_bucket_pointer_initialization|  return value|
|ap_rst                          |   in|    1|  ap_ctrl_hs|  radix_sort_unified_bucket_pingpong.45.1_Pipeline_bucket_pointer_initialization|  return value|
|ap_start                        |   in|    1|  ap_ctrl_hs|  radix_sort_unified_bucket_pingpong.45.1_Pipeline_bucket_pointer_initialization|  return value|
|ap_done                         |  out|    1|  ap_ctrl_hs|  radix_sort_unified_bucket_pingpong.45.1_Pipeline_bucket_pointer_initialization|  return value|
|ap_idle                         |  out|    1|  ap_ctrl_hs|  radix_sort_unified_bucket_pingpong.45.1_Pipeline_bucket_pointer_initialization|  return value|
|ap_ready                        |  out|    1|  ap_ctrl_hs|  radix_sort_unified_bucket_pingpong.45.1_Pipeline_bucket_pointer_initialization|  return value|
|bucket_sizes_3414               |   in|   32|     ap_none|                                                               bucket_sizes_3414|        scalar|
|bucket_sizes_3413               |   in|   32|     ap_none|                                                               bucket_sizes_3413|        scalar|
|bucket_sizes_3412               |   in|   32|     ap_none|                                                               bucket_sizes_3412|        scalar|
|bucket_sizes_3411               |   in|   32|     ap_none|                                                               bucket_sizes_3411|        scalar|
|bucket_sizes_3410               |   in|   32|     ap_none|                                                               bucket_sizes_3410|        scalar|
|bucket_sizes_3409               |   in|   32|     ap_none|                                                               bucket_sizes_3409|        scalar|
|bucket_sizes_3408               |   in|   32|     ap_none|                                                               bucket_sizes_3408|        scalar|
|bucket_sizes_3407               |   in|   32|     ap_none|                                                               bucket_sizes_3407|        scalar|
|bucket_sizes_3406               |   in|   32|     ap_none|                                                               bucket_sizes_3406|        scalar|
|bucket_sizes_3405               |   in|   32|     ap_none|                                                               bucket_sizes_3405|        scalar|
|bucket_sizes_3404               |   in|   32|     ap_none|                                                               bucket_sizes_3404|        scalar|
|bucket_sizes_3403               |   in|   32|     ap_none|                                                               bucket_sizes_3403|        scalar|
|bucket_sizes_3402               |   in|   32|     ap_none|                                                               bucket_sizes_3402|        scalar|
|bucket_sizes_3401               |   in|   32|     ap_none|                                                               bucket_sizes_3401|        scalar|
|bucket_sizes_3400               |   in|   32|     ap_none|                                                               bucket_sizes_3400|        scalar|
|bucket_sizes_3383               |   in|   32|     ap_none|                                                               bucket_sizes_3383|        scalar|
|bucket_pointer_1510             |   in|   32|     ap_none|                                                             bucket_pointer_1510|        scalar|
|bucket_pointer_1509             |   in|   32|     ap_none|                                                             bucket_pointer_1509|        scalar|
|bucket_pointer_1508             |   in|   32|     ap_none|                                                             bucket_pointer_1508|        scalar|
|bucket_pointer_1507             |   in|   32|     ap_none|                                                             bucket_pointer_1507|        scalar|
|bucket_pointer_1506             |   in|   32|     ap_none|                                                             bucket_pointer_1506|        scalar|
|bucket_pointer_1505             |   in|   32|     ap_none|                                                             bucket_pointer_1505|        scalar|
|bucket_pointer_1504             |   in|   32|     ap_none|                                                             bucket_pointer_1504|        scalar|
|bucket_pointer_1503             |   in|   32|     ap_none|                                                             bucket_pointer_1503|        scalar|
|bucket_pointer_1502             |   in|   32|     ap_none|                                                             bucket_pointer_1502|        scalar|
|bucket_pointer_1501             |   in|   32|     ap_none|                                                             bucket_pointer_1501|        scalar|
|bucket_pointer_1500             |   in|   32|     ap_none|                                                             bucket_pointer_1500|        scalar|
|bucket_pointer_1499             |   in|   32|     ap_none|                                                             bucket_pointer_1499|        scalar|
|bucket_pointer_1498             |   in|   32|     ap_none|                                                             bucket_pointer_1498|        scalar|
|bucket_pointer_1497             |   in|   32|     ap_none|                                                             bucket_pointer_1497|        scalar|
|bucket_pointer_1496             |   in|   32|     ap_none|                                                             bucket_pointer_1496|        scalar|
|bucket_pointer                  |   in|   32|     ap_none|                                                                  bucket_pointer|        scalar|
|bucket_sizes_3431_out           |  out|   32|      ap_vld|                                                           bucket_sizes_3431_out|       pointer|
|bucket_sizes_3431_out_ap_vld    |  out|    1|      ap_vld|                                                           bucket_sizes_3431_out|       pointer|
|bucket_sizes_3430_out           |  out|   32|      ap_vld|                                                           bucket_sizes_3430_out|       pointer|
|bucket_sizes_3430_out_ap_vld    |  out|    1|      ap_vld|                                                           bucket_sizes_3430_out|       pointer|
|bucket_sizes_3429_out           |  out|   32|      ap_vld|                                                           bucket_sizes_3429_out|       pointer|
|bucket_sizes_3429_out_ap_vld    |  out|    1|      ap_vld|                                                           bucket_sizes_3429_out|       pointer|
|bucket_sizes_3428_out           |  out|   32|      ap_vld|                                                           bucket_sizes_3428_out|       pointer|
|bucket_sizes_3428_out_ap_vld    |  out|    1|      ap_vld|                                                           bucket_sizes_3428_out|       pointer|
|bucket_sizes_3427_out           |  out|   32|      ap_vld|                                                           bucket_sizes_3427_out|       pointer|
|bucket_sizes_3427_out_ap_vld    |  out|    1|      ap_vld|                                                           bucket_sizes_3427_out|       pointer|
|bucket_sizes_3426_out           |  out|   32|      ap_vld|                                                           bucket_sizes_3426_out|       pointer|
|bucket_sizes_3426_out_ap_vld    |  out|    1|      ap_vld|                                                           bucket_sizes_3426_out|       pointer|
|bucket_sizes_3425_out           |  out|   32|      ap_vld|                                                           bucket_sizes_3425_out|       pointer|
|bucket_sizes_3425_out_ap_vld    |  out|    1|      ap_vld|                                                           bucket_sizes_3425_out|       pointer|
|bucket_sizes_3424_out           |  out|   32|      ap_vld|                                                           bucket_sizes_3424_out|       pointer|
|bucket_sizes_3424_out_ap_vld    |  out|    1|      ap_vld|                                                           bucket_sizes_3424_out|       pointer|
|bucket_sizes_3423_out           |  out|   32|      ap_vld|                                                           bucket_sizes_3423_out|       pointer|
|bucket_sizes_3423_out_ap_vld    |  out|    1|      ap_vld|                                                           bucket_sizes_3423_out|       pointer|
|bucket_sizes_3422_out           |  out|   32|      ap_vld|                                                           bucket_sizes_3422_out|       pointer|
|bucket_sizes_3422_out_ap_vld    |  out|    1|      ap_vld|                                                           bucket_sizes_3422_out|       pointer|
|bucket_sizes_3421_out           |  out|   32|      ap_vld|                                                           bucket_sizes_3421_out|       pointer|
|bucket_sizes_3421_out_ap_vld    |  out|    1|      ap_vld|                                                           bucket_sizes_3421_out|       pointer|
|bucket_sizes_3420_out           |  out|   32|      ap_vld|                                                           bucket_sizes_3420_out|       pointer|
|bucket_sizes_3420_out_ap_vld    |  out|    1|      ap_vld|                                                           bucket_sizes_3420_out|       pointer|
|bucket_sizes_3419_out           |  out|   32|      ap_vld|                                                           bucket_sizes_3419_out|       pointer|
|bucket_sizes_3419_out_ap_vld    |  out|    1|      ap_vld|                                                           bucket_sizes_3419_out|       pointer|
|bucket_sizes_3418_out           |  out|   32|      ap_vld|                                                           bucket_sizes_3418_out|       pointer|
|bucket_sizes_3418_out_ap_vld    |  out|    1|      ap_vld|                                                           bucket_sizes_3418_out|       pointer|
|bucket_sizes_3417_out           |  out|   32|      ap_vld|                                                           bucket_sizes_3417_out|       pointer|
|bucket_sizes_3417_out_ap_vld    |  out|    1|      ap_vld|                                                           bucket_sizes_3417_out|       pointer|
|bucket_sizes_3416_out           |  out|   32|      ap_vld|                                                           bucket_sizes_3416_out|       pointer|
|bucket_sizes_3416_out_ap_vld    |  out|    1|      ap_vld|                                                           bucket_sizes_3416_out|       pointer|
|bucket_pointer_1526_out         |  out|   32|      ap_vld|                                                         bucket_pointer_1526_out|       pointer|
|bucket_pointer_1526_out_ap_vld  |  out|    1|      ap_vld|                                                         bucket_pointer_1526_out|       pointer|
|bucket_pointer_1525_out         |  out|   32|      ap_vld|                                                         bucket_pointer_1525_out|       pointer|
|bucket_pointer_1525_out_ap_vld  |  out|    1|      ap_vld|                                                         bucket_pointer_1525_out|       pointer|
|bucket_pointer_1524_out         |  out|   32|      ap_vld|                                                         bucket_pointer_1524_out|       pointer|
|bucket_pointer_1524_out_ap_vld  |  out|    1|      ap_vld|                                                         bucket_pointer_1524_out|       pointer|
|bucket_pointer_1523_out         |  out|   32|      ap_vld|                                                         bucket_pointer_1523_out|       pointer|
|bucket_pointer_1523_out_ap_vld  |  out|    1|      ap_vld|                                                         bucket_pointer_1523_out|       pointer|
|bucket_pointer_1522_out         |  out|   32|      ap_vld|                                                         bucket_pointer_1522_out|       pointer|
|bucket_pointer_1522_out_ap_vld  |  out|    1|      ap_vld|                                                         bucket_pointer_1522_out|       pointer|
|bucket_pointer_1521_out         |  out|   32|      ap_vld|                                                         bucket_pointer_1521_out|       pointer|
|bucket_pointer_1521_out_ap_vld  |  out|    1|      ap_vld|                                                         bucket_pointer_1521_out|       pointer|
|bucket_pointer_1520_out         |  out|   32|      ap_vld|                                                         bucket_pointer_1520_out|       pointer|
|bucket_pointer_1520_out_ap_vld  |  out|    1|      ap_vld|                                                         bucket_pointer_1520_out|       pointer|
|bucket_pointer_1519_out         |  out|   32|      ap_vld|                                                         bucket_pointer_1519_out|       pointer|
|bucket_pointer_1519_out_ap_vld  |  out|    1|      ap_vld|                                                         bucket_pointer_1519_out|       pointer|
|bucket_pointer_1518_out         |  out|   32|      ap_vld|                                                         bucket_pointer_1518_out|       pointer|
|bucket_pointer_1518_out_ap_vld  |  out|    1|      ap_vld|                                                         bucket_pointer_1518_out|       pointer|
|bucket_pointer_1517_out         |  out|   32|      ap_vld|                                                         bucket_pointer_1517_out|       pointer|
|bucket_pointer_1517_out_ap_vld  |  out|    1|      ap_vld|                                                         bucket_pointer_1517_out|       pointer|
|bucket_pointer_1516_out         |  out|   32|      ap_vld|                                                         bucket_pointer_1516_out|       pointer|
|bucket_pointer_1516_out_ap_vld  |  out|    1|      ap_vld|                                                         bucket_pointer_1516_out|       pointer|
|bucket_pointer_1515_out         |  out|   32|      ap_vld|                                                         bucket_pointer_1515_out|       pointer|
|bucket_pointer_1515_out_ap_vld  |  out|    1|      ap_vld|                                                         bucket_pointer_1515_out|       pointer|
|bucket_pointer_1514_out         |  out|   32|      ap_vld|                                                         bucket_pointer_1514_out|       pointer|
|bucket_pointer_1514_out_ap_vld  |  out|    1|      ap_vld|                                                         bucket_pointer_1514_out|       pointer|
|bucket_pointer_1513_out         |  out|   32|      ap_vld|                                                         bucket_pointer_1513_out|       pointer|
|bucket_pointer_1513_out_ap_vld  |  out|    1|      ap_vld|                                                         bucket_pointer_1513_out|       pointer|
|bucket_pointer_1512_out         |  out|   32|      ap_vld|                                                         bucket_pointer_1512_out|       pointer|
|bucket_pointer_1512_out_ap_vld  |  out|    1|      ap_vld|                                                         bucket_pointer_1512_out|       pointer|
|bucket_pointer_1511_out         |  out|   32|      ap_vld|                                                         bucket_pointer_1511_out|       pointer|
|bucket_pointer_1511_out_ap_vld  |  out|    1|      ap_vld|                                                         bucket_pointer_1511_out|       pointer|
+--------------------------------+-----+-----+------------+--------------------------------------------------------------------------------+--------------+

