

================================================================
== Vitis HLS Report for 'radix_sort_unified_bucket_pingpong_37_1_Pipeline_input_bucket'
================================================================
* Date:           Sat Apr 22 15:40:46 2023

* Version:        2022.2 (Build 3670227 on Oct 13 2022)
* Project:        sort_seperate_bucket
* Solution:       solution1 (Vivado IP Flow Target)
* Product family: virtexuplus
* Target device:  xcu280-fsvh2892-2L-e


================================================================
== Performance Estimates
================================================================
+ Timing: 
    * Summary: 
    +--------+----------+----------+------------+
    |  Clock |  Target  | Estimated| Uncertainty|
    +--------+----------+----------+------------+
    |ap_clk  |  10.00 ns|  5.072 ns|     2.70 ns|
    +--------+----------+----------+------------+

+ Latency: 
    * Summary: 
    +---------+---------+----------+----------+--------+--------+---------+
    |  Latency (cycles) |  Latency (absolute) |     Interval    | Pipeline|
    |   min   |   max   |    min   |    max   |   min  |   max  |   Type  |
    +---------+---------+----------+----------+--------+--------+---------+
    |   156252|   156252|  1.563 ms|  1.563 ms|  156252|  156252|       no|
    +---------+---------+----------+----------+--------+--------+---------+

    + Detail: 
        * Instance: 
        N/A

        * Loop: 
        +----------------+---------+---------+----------+-----------+-----------+--------+----------+
        |                |  Latency (cycles) | Iteration|  Initiation Interval  |  Trip  |          |
        |    Loop Name   |   min   |   max   |  Latency |  achieved |   target  |  Count | Pipelined|
        +----------------+---------+---------+----------+-----------+-----------+--------+----------+
        |- input_bucket  |   156250|   156250|         2|          1|          1|  156250|       yes|
        +----------------+---------+---------+----------+-----------+-----------+--------+----------+



================================================================
== Utilization Estimates
================================================================
* Summary: 
+---------------------+---------+------+---------+---------+-----+
|         Name        | BRAM_18K|  DSP |    FF   |   LUT   | URAM|
+---------------------+---------+------+---------+---------+-----+
|DSP                  |        -|     -|        -|        -|    -|
|Expression           |        -|     -|        0|      323|    -|
|FIFO                 |        -|     -|        -|        -|    -|
|Instance             |        -|     -|        0|      130|    -|
|Memory               |        -|     -|        -|        -|    -|
|Multiplexer          |        -|     -|        -|      502|    -|
|Register             |        -|     -|      141|        -|    -|
+---------------------+---------+------+---------+---------+-----+
|Total                |        0|     0|      141|      955|    0|
+---------------------+---------+------+---------+---------+-----+
|Available SLR        |     1344|  3008|   869120|   434560|  320|
+---------------------+---------+------+---------+---------+-----+
|Utilization SLR (%)  |        0|     0|       ~0|       ~0|    0|
+---------------------+---------+------+---------+---------+-----+
|Available            |     4032|  9024|  2607360|  1303680|  960|
+---------------------+---------+------+---------+---------+-----+
|Utilization (%)      |        0|     0|       ~0|       ~0|    0|
+---------------------+---------+------+---------+---------+-----+

+ Detail: 
    * Instance: 
    +----------------------+----------------+---------+----+---+----+-----+
    |       Instance       |     Module     | BRAM_18K| DSP| FF| LUT| URAM|
    +----------------------+----------------+---------+----+---+----+-----+
    |mux_164_32_1_1_U7067  |mux_164_32_1_1  |        0|   0|  0|  65|    0|
    |mux_164_32_1_1_U7068  |mux_164_32_1_1  |        0|   0|  0|  65|    0|
    +----------------------+----------------+---------+----+---+----+-----+
    |Total                 |                |        0|   0|  0| 130|    0|
    +----------------------+----------------+---------+----+---+----+-----+

    * DSP: 
    N/A

    * Memory: 
    N/A

    * FIFO: 
    N/A

    * Expression: 
    +--------------------------+----------+----+---+----+------------+------------+
    |       Variable Name      | Operation| DSP| FF| LUT| Bitwidth P0| Bitwidth P1|
    +--------------------------+----------+----+---+----+------------+------------+
    |add_ln92_fu_675_p2        |         +|   0|  0|  25|          18|           1|
    |add_ln93_fu_685_p2        |         +|   0|  0|  26|          19|          19|
    |add_ln95_fu_836_p2        |         +|   0|  0|  26|          19|          19|
    |bucket_pointer_fu_856_p2  |         +|   0|  0|  39|          32|           1|
    |bucket_sizes_fu_1070_p2   |         +|   0|  0|  39|          32|           1|
    |shifted_fu_785_p2         |      ashr|   0|  0|  92|          32|          32|
    |addr_cmp_fu_771_p2        |      icmp|   0|  0|  29|          64|          64|
    |icmp_ln92_fu_669_p2       |      icmp|   0|  0|  13|          18|          18|
    |reuse_select_fu_776_p3    |    select|   0|  0|  32|           1|          32|
    |ap_enable_pp0             |       xor|   0|  0|   2|           1|           2|
    +--------------------------+----------+----+---+----+------------+------------+
    |Total                     |          |   0|  0| 323|         236|         189|
    +--------------------------+----------+----+---+----+------------+------------+

    * Multiplexer: 
    +---------------------------+----+-----------+-----+-----------+
    |            Name           | LUT| Input Size| Bits| Total Bits|
    +---------------------------+----+-----------+-----+-----------+
    |ap_done_int                |   9|          2|    1|          2|
    |ap_enable_reg_pp0_iter1    |   9|          2|    1|          2|
    |ap_sig_allocacmp_j         |   9|          2|   18|         36|
    |bucket_pointer_2113_out_o  |  14|          3|   32|         96|
    |bucket_pointer_2114_out_o  |  14|          3|   32|         96|
    |bucket_pointer_2115_out_o  |  14|          3|   32|         96|
    |bucket_pointer_2116_out_o  |  14|          3|   32|         96|
    |bucket_pointer_2117_out_o  |  14|          3|   32|         96|
    |bucket_pointer_2118_out_o  |  14|          3|   32|         96|
    |bucket_pointer_2119_out_o  |  14|          3|   32|         96|
    |bucket_pointer_2120_out_o  |  14|          3|   32|         96|
    |bucket_pointer_2121_out_o  |  14|          3|   32|         96|
    |bucket_pointer_2122_out_o  |  14|          3|   32|         96|
    |bucket_pointer_2123_out_o  |  14|          3|   32|         96|
    |bucket_pointer_2124_out_o  |  14|          3|   32|         96|
    |bucket_pointer_2125_out_o  |  14|          3|   32|         96|
    |bucket_pointer_2126_out_o  |  14|          3|   32|         96|
    |bucket_pointer_2127_out_o  |  14|          3|   32|         96|
    |bucket_pointer_2128_out_o  |  14|          3|   32|         96|
    |bucket_sizes_4753_out_o    |  14|          3|   32|         96|
    |bucket_sizes_4754_out_o    |  14|          3|   32|         96|
    |bucket_sizes_4755_out_o    |  14|          3|   32|         96|
    |bucket_sizes_4756_out_o    |  14|          3|   32|         96|
    |bucket_sizes_4757_out_o    |  14|          3|   32|         96|
    |bucket_sizes_4758_out_o    |  14|          3|   32|         96|
    |bucket_sizes_4759_out_o    |  14|          3|   32|         96|
    |bucket_sizes_4760_out_o    |  14|          3|   32|         96|
    |bucket_sizes_4761_out_o    |  14|          3|   32|         96|
    |bucket_sizes_4762_out_o    |  14|          3|   32|         96|
    |bucket_sizes_4763_out_o    |  14|          3|   32|         96|
    |bucket_sizes_4764_out_o    |  14|          3|   32|         96|
    |bucket_sizes_4765_out_o    |  14|          3|   32|         96|
    |bucket_sizes_4766_out_o    |  14|          3|   32|         96|
    |bucket_sizes_4767_out_o    |  14|          3|   32|         96|
    |bucket_sizes_4768_out_o    |  14|          3|   32|         96|
    |j_33_fu_216                |   9|          2|   18|         36|
    |reuse_addr_reg_fu_208      |   9|          2|   64|        128|
    |reuse_reg_fu_212           |   9|          2|   32|         64|
    +---------------------------+----+-----------+-----+-----------+
    |Total                      | 502|        108| 1158|       3340|
    +---------------------------+----+-----------+-----+-----------+

    * Register: 
    +-------------------------+----+----+-----+-----------+
    |           Name          | FF | LUT| Bits| Const Bits|
    +-------------------------+----+----+-----+-----------+
    |ap_CS_fsm                |   1|   0|    1|          0|
    |ap_done_reg              |   1|   0|    1|          0|
    |ap_enable_reg_pp0_iter1  |   1|   0|    1|          0|
    |j_33_fu_216              |  18|   0|   18|          0|
    |mul_cast_cast_reg_1198   |   5|   0|   32|         27|
    |reuse_addr_reg_fu_208    |  64|   0|   64|          0|
    |reuse_reg_fu_212         |  32|   0|   32|          0|
    |zext_ln93_33_reg_1206    |  19|   0|   64|         45|
    +-------------------------+----+----+-----+-----------+
    |Total                    | 141|   0|  213|         72|
    +-------------------------+----+----+-----+-----------+



================================================================
== Interface
================================================================
* Summary: 
+----------------------------------+-----+-----+------------+---------------------------------------------------------------+--------------+
|             RTL Ports            | Dir | Bits|  Protocol  |                         Source Object                         |    C Type    |
+----------------------------------+-----+-----+------------+---------------------------------------------------------------+--------------+
|ap_clk                            |   in|    1|  ap_ctrl_hs|  radix_sort_unified_bucket_pingpong.37.1_Pipeline_input_bucket|  return value|
|ap_rst                            |   in|    1|  ap_ctrl_hs|  radix_sort_unified_bucket_pingpong.37.1_Pipeline_input_bucket|  return value|
|ap_start                          |   in|    1|  ap_ctrl_hs|  radix_sort_unified_bucket_pingpong.37.1_Pipeline_input_bucket|  return value|
|ap_done                           |  out|    1|  ap_ctrl_hs|  radix_sort_unified_bucket_pingpong.37.1_Pipeline_input_bucket|  return value|
|ap_idle                           |  out|    1|  ap_ctrl_hs|  radix_sort_unified_bucket_pingpong.37.1_Pipeline_input_bucket|  return value|
|ap_ready                          |  out|    1|  ap_ctrl_hs|  radix_sort_unified_bucket_pingpong.37.1_Pipeline_input_bucket|  return value|
|bucket_sizes_4736_reload          |   in|   32|     ap_none|                                       bucket_sizes_4736_reload|        scalar|
|bucket_sizes_4735_reload          |   in|   32|     ap_none|                                       bucket_sizes_4735_reload|        scalar|
|bucket_sizes_4734_reload          |   in|   32|     ap_none|                                       bucket_sizes_4734_reload|        scalar|
|bucket_sizes_4733_reload          |   in|   32|     ap_none|                                       bucket_sizes_4733_reload|        scalar|
|bucket_sizes_4732_reload          |   in|   32|     ap_none|                                       bucket_sizes_4732_reload|        scalar|
|bucket_sizes_4731_reload          |   in|   32|     ap_none|                                       bucket_sizes_4731_reload|        scalar|
|bucket_sizes_4730_reload          |   in|   32|     ap_none|                                       bucket_sizes_4730_reload|        scalar|
|bucket_sizes_4729_reload          |   in|   32|     ap_none|                                       bucket_sizes_4729_reload|        scalar|
|bucket_sizes_4728_reload          |   in|   32|     ap_none|                                       bucket_sizes_4728_reload|        scalar|
|bucket_sizes_4727_reload          |   in|   32|     ap_none|                                       bucket_sizes_4727_reload|        scalar|
|bucket_sizes_4726_reload          |   in|   32|     ap_none|                                       bucket_sizes_4726_reload|        scalar|
|bucket_sizes_4725_reload          |   in|   32|     ap_none|                                       bucket_sizes_4725_reload|        scalar|
|bucket_sizes_4724_reload          |   in|   32|     ap_none|                                       bucket_sizes_4724_reload|        scalar|
|bucket_sizes_4723_reload          |   in|   32|     ap_none|                                       bucket_sizes_4723_reload|        scalar|
|bucket_sizes_4722_reload          |   in|   32|     ap_none|                                       bucket_sizes_4722_reload|        scalar|
|bucket_sizes_4721_reload          |   in|   32|     ap_none|                                       bucket_sizes_4721_reload|        scalar|
|bucket_pointer_2111_reload        |   in|   32|     ap_none|                                     bucket_pointer_2111_reload|        scalar|
|bucket_pointer_2110_reload        |   in|   32|     ap_none|                                     bucket_pointer_2110_reload|        scalar|
|bucket_pointer_2109_reload        |   in|   32|     ap_none|                                     bucket_pointer_2109_reload|        scalar|
|bucket_pointer_2108_reload        |   in|   32|     ap_none|                                     bucket_pointer_2108_reload|        scalar|
|bucket_pointer_2107_reload        |   in|   32|     ap_none|                                     bucket_pointer_2107_reload|        scalar|
|bucket_pointer_2106_reload        |   in|   32|     ap_none|                                     bucket_pointer_2106_reload|        scalar|
|bucket_pointer_2105_reload        |   in|   32|     ap_none|                                     bucket_pointer_2105_reload|        scalar|
|bucket_pointer_2104_reload        |   in|   32|     ap_none|                                     bucket_pointer_2104_reload|        scalar|
|bucket_pointer_2103_reload        |   in|   32|     ap_none|                                     bucket_pointer_2103_reload|        scalar|
|bucket_pointer_2102_reload        |   in|   32|     ap_none|                                     bucket_pointer_2102_reload|        scalar|
|bucket_pointer_2101_reload        |   in|   32|     ap_none|                                     bucket_pointer_2101_reload|        scalar|
|bucket_pointer_2100_reload        |   in|   32|     ap_none|                                     bucket_pointer_2100_reload|        scalar|
|bucket_pointer_2099_reload        |   in|   32|     ap_none|                                     bucket_pointer_2099_reload|        scalar|
|bucket_pointer_2098_reload        |   in|   32|     ap_none|                                     bucket_pointer_2098_reload|        scalar|
|bucket_pointer_2097_reload        |   in|   32|     ap_none|                                     bucket_pointer_2097_reload|        scalar|
|bucket_pointer_2096_reload        |   in|   32|     ap_none|                                     bucket_pointer_2096_reload|        scalar|
|mul_ln93                          |   in|   19|     ap_none|                                                       mul_ln93|        scalar|
|bucket_address0                   |  out|   19|   ap_memory|                                                         bucket|         array|
|bucket_ce0                        |  out|    1|   ap_memory|                                                         bucket|         array|
|bucket_we0                        |  out|    1|   ap_memory|                                                         bucket|         array|
|bucket_d0                         |  out|   32|   ap_memory|                                                         bucket|         array|
|bucket_address1                   |  out|   19|   ap_memory|                                                         bucket|         array|
|bucket_ce1                        |  out|    1|   ap_memory|                                                         bucket|         array|
|bucket_q1                         |   in|   32|   ap_memory|                                                         bucket|         array|
|mul_cast                          |   in|    5|     ap_none|                                                       mul_cast|        scalar|
|mul_ln95                          |   in|   19|     ap_none|                                                       mul_ln95|        scalar|
|bucket_sizes_4768_out_i           |   in|   32|     ap_ovld|                                          bucket_sizes_4768_out|       pointer|
|bucket_sizes_4768_out_o           |  out|   32|     ap_ovld|                                          bucket_sizes_4768_out|       pointer|
|bucket_sizes_4768_out_o_ap_vld    |  out|    1|     ap_ovld|                                          bucket_sizes_4768_out|       pointer|
|bucket_sizes_4767_out_i           |   in|   32|     ap_ovld|                                          bucket_sizes_4767_out|       pointer|
|bucket_sizes_4767_out_o           |  out|   32|     ap_ovld|                                          bucket_sizes_4767_out|       pointer|
|bucket_sizes_4767_out_o_ap_vld    |  out|    1|     ap_ovld|                                          bucket_sizes_4767_out|       pointer|
|bucket_sizes_4766_out_i           |   in|   32|     ap_ovld|                                          bucket_sizes_4766_out|       pointer|
|bucket_sizes_4766_out_o           |  out|   32|     ap_ovld|                                          bucket_sizes_4766_out|       pointer|
|bucket_sizes_4766_out_o_ap_vld    |  out|    1|     ap_ovld|                                          bucket_sizes_4766_out|       pointer|
|bucket_sizes_4765_out_i           |   in|   32|     ap_ovld|                                          bucket_sizes_4765_out|       pointer|
|bucket_sizes_4765_out_o           |  out|   32|     ap_ovld|                                          bucket_sizes_4765_out|       pointer|
|bucket_sizes_4765_out_o_ap_vld    |  out|    1|     ap_ovld|                                          bucket_sizes_4765_out|       pointer|
|bucket_sizes_4764_out_i           |   in|   32|     ap_ovld|                                          bucket_sizes_4764_out|       pointer|
|bucket_sizes_4764_out_o           |  out|   32|     ap_ovld|                                          bucket_sizes_4764_out|       pointer|
|bucket_sizes_4764_out_o_ap_vld    |  out|    1|     ap_ovld|                                          bucket_sizes_4764_out|       pointer|
|bucket_sizes_4763_out_i           |   in|   32|     ap_ovld|                                          bucket_sizes_4763_out|       pointer|
|bucket_sizes_4763_out_o           |  out|   32|     ap_ovld|                                          bucket_sizes_4763_out|       pointer|
|bucket_sizes_4763_out_o_ap_vld    |  out|    1|     ap_ovld|                                          bucket_sizes_4763_out|       pointer|
|bucket_sizes_4762_out_i           |   in|   32|     ap_ovld|                                          bucket_sizes_4762_out|       pointer|
|bucket_sizes_4762_out_o           |  out|   32|     ap_ovld|                                          bucket_sizes_4762_out|       pointer|
|bucket_sizes_4762_out_o_ap_vld    |  out|    1|     ap_ovld|                                          bucket_sizes_4762_out|       pointer|
|bucket_sizes_4761_out_i           |   in|   32|     ap_ovld|                                          bucket_sizes_4761_out|       pointer|
|bucket_sizes_4761_out_o           |  out|   32|     ap_ovld|                                          bucket_sizes_4761_out|       pointer|
|bucket_sizes_4761_out_o_ap_vld    |  out|    1|     ap_ovld|                                          bucket_sizes_4761_out|       pointer|
|bucket_sizes_4760_out_i           |   in|   32|     ap_ovld|                                          bucket_sizes_4760_out|       pointer|
|bucket_sizes_4760_out_o           |  out|   32|     ap_ovld|                                          bucket_sizes_4760_out|       pointer|
|bucket_sizes_4760_out_o_ap_vld    |  out|    1|     ap_ovld|                                          bucket_sizes_4760_out|       pointer|
|bucket_sizes_4759_out_i           |   in|   32|     ap_ovld|                                          bucket_sizes_4759_out|       pointer|
|bucket_sizes_4759_out_o           |  out|   32|     ap_ovld|                                          bucket_sizes_4759_out|       pointer|
|bucket_sizes_4759_out_o_ap_vld    |  out|    1|     ap_ovld|                                          bucket_sizes_4759_out|       pointer|
|bucket_sizes_4758_out_i           |   in|   32|     ap_ovld|                                          bucket_sizes_4758_out|       pointer|
|bucket_sizes_4758_out_o           |  out|   32|     ap_ovld|                                          bucket_sizes_4758_out|       pointer|
|bucket_sizes_4758_out_o_ap_vld    |  out|    1|     ap_ovld|                                          bucket_sizes_4758_out|       pointer|
|bucket_sizes_4757_out_i           |   in|   32|     ap_ovld|                                          bucket_sizes_4757_out|       pointer|
|bucket_sizes_4757_out_o           |  out|   32|     ap_ovld|                                          bucket_sizes_4757_out|       pointer|
|bucket_sizes_4757_out_o_ap_vld    |  out|    1|     ap_ovld|                                          bucket_sizes_4757_out|       pointer|
|bucket_sizes_4756_out_i           |   in|   32|     ap_ovld|                                          bucket_sizes_4756_out|       pointer|
|bucket_sizes_4756_out_o           |  out|   32|     ap_ovld|                                          bucket_sizes_4756_out|       pointer|
|bucket_sizes_4756_out_o_ap_vld    |  out|    1|     ap_ovld|                                          bucket_sizes_4756_out|       pointer|
|bucket_sizes_4755_out_i           |   in|   32|     ap_ovld|                                          bucket_sizes_4755_out|       pointer|
|bucket_sizes_4755_out_o           |  out|   32|     ap_ovld|                                          bucket_sizes_4755_out|       pointer|
|bucket_sizes_4755_out_o_ap_vld    |  out|    1|     ap_ovld|                                          bucket_sizes_4755_out|       pointer|
|bucket_sizes_4754_out_i           |   in|   32|     ap_ovld|                                          bucket_sizes_4754_out|       pointer|
|bucket_sizes_4754_out_o           |  out|   32|     ap_ovld|                                          bucket_sizes_4754_out|       pointer|
|bucket_sizes_4754_out_o_ap_vld    |  out|    1|     ap_ovld|                                          bucket_sizes_4754_out|       pointer|
|bucket_sizes_4753_out_i           |   in|   32|     ap_ovld|                                          bucket_sizes_4753_out|       pointer|
|bucket_sizes_4753_out_o           |  out|   32|     ap_ovld|                                          bucket_sizes_4753_out|       pointer|
|bucket_sizes_4753_out_o_ap_vld    |  out|    1|     ap_ovld|                                          bucket_sizes_4753_out|       pointer|
|bucket_pointer_2128_out_i         |   in|   32|     ap_ovld|                                        bucket_pointer_2128_out|       pointer|
|bucket_pointer_2128_out_o         |  out|   32|     ap_ovld|                                        bucket_pointer_2128_out|       pointer|
|bucket_pointer_2128_out_o_ap_vld  |  out|    1|     ap_ovld|                                        bucket_pointer_2128_out|       pointer|
|bucket_pointer_2127_out_i         |   in|   32|     ap_ovld|                                        bucket_pointer_2127_out|       pointer|
|bucket_pointer_2127_out_o         |  out|   32|     ap_ovld|                                        bucket_pointer_2127_out|       pointer|
|bucket_pointer_2127_out_o_ap_vld  |  out|    1|     ap_ovld|                                        bucket_pointer_2127_out|       pointer|
|bucket_pointer_2126_out_i         |   in|   32|     ap_ovld|                                        bucket_pointer_2126_out|       pointer|
|bucket_pointer_2126_out_o         |  out|   32|     ap_ovld|                                        bucket_pointer_2126_out|       pointer|
|bucket_pointer_2126_out_o_ap_vld  |  out|    1|     ap_ovld|                                        bucket_pointer_2126_out|       pointer|
|bucket_pointer_2125_out_i         |   in|   32|     ap_ovld|                                        bucket_pointer_2125_out|       pointer|
|bucket_pointer_2125_out_o         |  out|   32|     ap_ovld|                                        bucket_pointer_2125_out|       pointer|
|bucket_pointer_2125_out_o_ap_vld  |  out|    1|     ap_ovld|                                        bucket_pointer_2125_out|       pointer|
|bucket_pointer_2124_out_i         |   in|   32|     ap_ovld|                                        bucket_pointer_2124_out|       pointer|
|bucket_pointer_2124_out_o         |  out|   32|     ap_ovld|                                        bucket_pointer_2124_out|       pointer|
|bucket_pointer_2124_out_o_ap_vld  |  out|    1|     ap_ovld|                                        bucket_pointer_2124_out|       pointer|
|bucket_pointer_2123_out_i         |   in|   32|     ap_ovld|                                        bucket_pointer_2123_out|       pointer|
|bucket_pointer_2123_out_o         |  out|   32|     ap_ovld|                                        bucket_pointer_2123_out|       pointer|
|bucket_pointer_2123_out_o_ap_vld  |  out|    1|     ap_ovld|                                        bucket_pointer_2123_out|       pointer|
|bucket_pointer_2122_out_i         |   in|   32|     ap_ovld|                                        bucket_pointer_2122_out|       pointer|
|bucket_pointer_2122_out_o         |  out|   32|     ap_ovld|                                        bucket_pointer_2122_out|       pointer|
|bucket_pointer_2122_out_o_ap_vld  |  out|    1|     ap_ovld|                                        bucket_pointer_2122_out|       pointer|
|bucket_pointer_2121_out_i         |   in|   32|     ap_ovld|                                        bucket_pointer_2121_out|       pointer|
|bucket_pointer_2121_out_o         |  out|   32|     ap_ovld|                                        bucket_pointer_2121_out|       pointer|
|bucket_pointer_2121_out_o_ap_vld  |  out|    1|     ap_ovld|                                        bucket_pointer_2121_out|       pointer|
|bucket_pointer_2120_out_i         |   in|   32|     ap_ovld|                                        bucket_pointer_2120_out|       pointer|
|bucket_pointer_2120_out_o         |  out|   32|     ap_ovld|                                        bucket_pointer_2120_out|       pointer|
|bucket_pointer_2120_out_o_ap_vld  |  out|    1|     ap_ovld|                                        bucket_pointer_2120_out|       pointer|
|bucket_pointer_2119_out_i         |   in|   32|     ap_ovld|                                        bucket_pointer_2119_out|       pointer|
|bucket_pointer_2119_out_o         |  out|   32|     ap_ovld|                                        bucket_pointer_2119_out|       pointer|
|bucket_pointer_2119_out_o_ap_vld  |  out|    1|     ap_ovld|                                        bucket_pointer_2119_out|       pointer|
|bucket_pointer_2118_out_i         |   in|   32|     ap_ovld|                                        bucket_pointer_2118_out|       pointer|
|bucket_pointer_2118_out_o         |  out|   32|     ap_ovld|                                        bucket_pointer_2118_out|       pointer|
|bucket_pointer_2118_out_o_ap_vld  |  out|    1|     ap_ovld|                                        bucket_pointer_2118_out|       pointer|
|bucket_pointer_2117_out_i         |   in|   32|     ap_ovld|                                        bucket_pointer_2117_out|       pointer|
|bucket_pointer_2117_out_o         |  out|   32|     ap_ovld|                                        bucket_pointer_2117_out|       pointer|
|bucket_pointer_2117_out_o_ap_vld  |  out|    1|     ap_ovld|                                        bucket_pointer_2117_out|       pointer|
|bucket_pointer_2116_out_i         |   in|   32|     ap_ovld|                                        bucket_pointer_2116_out|       pointer|
|bucket_pointer_2116_out_o         |  out|   32|     ap_ovld|                                        bucket_pointer_2116_out|       pointer|
|bucket_pointer_2116_out_o_ap_vld  |  out|    1|     ap_ovld|                                        bucket_pointer_2116_out|       pointer|
|bucket_pointer_2115_out_i         |   in|   32|     ap_ovld|                                        bucket_pointer_2115_out|       pointer|
|bucket_pointer_2115_out_o         |  out|   32|     ap_ovld|                                        bucket_pointer_2115_out|       pointer|
|bucket_pointer_2115_out_o_ap_vld  |  out|    1|     ap_ovld|                                        bucket_pointer_2115_out|       pointer|
|bucket_pointer_2114_out_i         |   in|   32|     ap_ovld|                                        bucket_pointer_2114_out|       pointer|
|bucket_pointer_2114_out_o         |  out|   32|     ap_ovld|                                        bucket_pointer_2114_out|       pointer|
|bucket_pointer_2114_out_o_ap_vld  |  out|    1|     ap_ovld|                                        bucket_pointer_2114_out|       pointer|
|bucket_pointer_2113_out_i         |   in|   32|     ap_ovld|                                        bucket_pointer_2113_out|       pointer|
|bucket_pointer_2113_out_o         |  out|   32|     ap_ovld|                                        bucket_pointer_2113_out|       pointer|
|bucket_pointer_2113_out_o_ap_vld  |  out|    1|     ap_ovld|                                        bucket_pointer_2113_out|       pointer|
+----------------------------------+-----+-----+------------+---------------------------------------------------------------+--------------+

