

================================================================
== Vitis HLS Report for 'radix_sort_hex_batch_37_1_Pipeline_bucket_pointer_initialization'
================================================================
* Date:           Mon Apr 24 22:43:57 2023

* Version:        2022.2 (Build 3670227 on Oct 13 2022)
* Project:        sort_seperate_bucket
* Solution:       solution1 (Vivado IP Flow Target)
* Product family: virtexuplus
* Target device:  xcu280-fsvh2892-2L-e


================================================================
== Performance Estimates
================================================================
+ Timing: 
    * Summary: 
    +--------+----------+----------+------------+
    |  Clock |  Target  | Estimated| Uncertainty|
    +--------+----------+----------+------------+
    |ap_clk  |  10.00 ns|  1.760 ns|     2.70 ns|
    +--------+----------+----------+------------+

+ Latency: 
    * Summary: 
    +---------+---------+----------+----------+-----+-----+---------+
    |  Latency (cycles) |  Latency (absolute) |  Interval | Pipeline|
    |   min   |   max   |    min   |    max   | min | max |   Type  |
    +---------+---------+----------+----------+-----+-----+---------+
    |       18|       18|  0.180 us|  0.180 us|   18|   18|       no|
    +---------+---------+----------+----------+-----+-----+---------+

    + Detail: 
        * Instance: 
        N/A

        * Loop: 
        +---------------------------------+---------+---------+----------+-----------+-----------+------+----------+
        |                                 |  Latency (cycles) | Iteration|  Initiation Interval  | Trip |          |
        |            Loop Name            |   min   |   max   |  Latency |  achieved |   target  | Count| Pipelined|
        +---------------------------------+---------+---------+----------+-----------+-----------+------+----------+
        |- bucket_pointer_initialization  |       16|       16|         1|          1|          1|    16|       yes|
        +---------------------------------+---------+---------+----------+-----------+-----------+------+----------+



================================================================
== Utilization Estimates
================================================================
* Summary: 
+---------------------+---------+------+---------+---------+-----+
|         Name        | BRAM_18K|  DSP |    FF   |   LUT   | URAM|
+---------------------+---------+------+---------+---------+-----+
|DSP                  |        -|     -|        -|        -|    -|
|Expression           |        -|     -|        0|       95|    -|
|FIFO                 |        -|     -|        -|        -|    -|
|Instance             |        -|     -|        0|       65|    -|
|Memory               |        -|     -|        -|        -|    -|
|Multiplexer          |        -|     -|        -|      324|    -|
|Register             |        -|     -|     1064|        -|    -|
+---------------------+---------+------+---------+---------+-----+
|Total                |        0|     0|     1064|      484|    0|
+---------------------+---------+------+---------+---------+-----+
|Available SLR        |     1344|  3008|   869120|   434560|  320|
+---------------------+---------+------+---------+---------+-----+
|Utilization SLR (%)  |        0|     0|       ~0|       ~0|    0|
+---------------------+---------+------+---------+---------+-----+
|Available            |     4032|  9024|  2607360|  1303680|  960|
+---------------------+---------+------+---------+---------+-----+
|Utilization (%)      |        0|     0|       ~0|       ~0|    0|
+---------------------+---------+------+---------+---------+-----+

+ Detail: 
    * Instance: 
    +----------------------+----------------+---------+----+---+----+-----+
    |       Instance       |     Module     | BRAM_18K| DSP| FF| LUT| URAM|
    +----------------------+----------------+---------+----+---+----+-----+
    |mux_164_32_1_1_U7002  |mux_164_32_1_1  |        0|   0|  0|  65|    0|
    +----------------------+----------------+---------+----+---+----+-----+
    |Total                 |                |        0|   0|  0|  65|    0|
    +----------------------+----------------+---------+----+---+----+-----+

    * DSP: 
    N/A

    * Memory: 
    N/A

    * FIFO: 
    N/A

    * Expression: 
    +--------------------------------+----------+----+---+----+------------+------------+
    |          Variable Name         | Operation| DSP| FF| LUT| Bitwidth P0| Bitwidth P1|
    +--------------------------------+----------+----+---+----+------------+------------+
    |add_ln33_fu_922_p2              |         +|   0|  0|  12|           5|           1|
    |next_bucket_pointer_fu_1018_p2  |         +|   0|  0|  39|          32|          32|
    |ap_condition_505                |       and|   0|  0|   2|           1|           1|
    |ap_condition_508                |       and|   0|  0|   2|           1|           1|
    |ap_condition_511                |       and|   0|  0|   2|           1|           1|
    |ap_condition_514                |       and|   0|  0|   2|           1|           1|
    |ap_condition_517                |       and|   0|  0|   2|           1|           1|
    |ap_condition_520                |       and|   0|  0|   2|           1|           1|
    |ap_condition_523                |       and|   0|  0|   2|           1|           1|
    |ap_condition_526                |       and|   0|  0|   2|           1|           1|
    |ap_condition_529                |       and|   0|  0|   2|           1|           1|
    |ap_condition_532                |       and|   0|  0|   2|           1|           1|
    |ap_condition_535                |       and|   0|  0|   2|           1|           1|
    |ap_condition_538                |       and|   0|  0|   2|           1|           1|
    |ap_condition_541                |       and|   0|  0|   2|           1|           1|
    |ap_condition_544                |       and|   0|  0|   2|           1|           1|
    |ap_condition_547                |       and|   0|  0|   2|           1|           1|
    |ap_condition_550                |       and|   0|  0|   2|           1|           1|
    |icmp_ln33_fu_916_p2             |      icmp|   0|  0|  10|           5|           6|
    |ap_enable_pp0                   |       xor|   0|  0|   2|           1|           2|
    +--------------------------------+----------+----+---+----+------------+------------+
    |Total                           |          |   0|  0|  95|          59|          57|
    +--------------------------------+----------+----+---+----+------------+------------+

    * Multiplexer: 
    +----------------------------+----+-----------+-----+-----------+
    |            Name            | LUT| Input Size| Bits| Total Bits|
    +----------------------------+----+-----------+-----+-----------+
    |ap_done_int                 |   9|          2|    1|          2|
    |ap_enable_reg_pp0_iter1     |   9|          2|    1|          2|
    |bucket_pointer_1089_fu_192  |   9|          2|   32|         64|
    |bucket_pointer_1090_fu_196  |   9|          2|   32|         64|
    |bucket_pointer_1091_fu_200  |   9|          2|   32|         64|
    |bucket_pointer_1092_fu_204  |   9|          2|   32|         64|
    |bucket_pointer_1093_fu_208  |   9|          2|   32|         64|
    |bucket_pointer_1094_fu_212  |   9|          2|   32|         64|
    |bucket_pointer_1095_fu_216  |   9|          2|   32|         64|
    |bucket_pointer_1096_fu_220  |   9|          2|   32|         64|
    |bucket_pointer_1097_fu_224  |   9|          2|   32|         64|
    |bucket_pointer_1098_fu_228  |   9|          2|   32|         64|
    |bucket_pointer_1099_fu_232  |   9|          2|   32|         64|
    |bucket_pointer_1100_fu_236  |   9|          2|   32|         64|
    |bucket_pointer_1101_fu_240  |   9|          2|   32|         64|
    |bucket_pointer_1102_fu_244  |   9|          2|   32|         64|
    |bucket_pointer_1103_fu_248  |   9|          2|   32|         64|
    |bucket_pointer_1104_fu_252  |   9|          2|   32|         64|
    |bucket_pointer_1105_fu_256  |   9|          2|   32|         64|
    |bucket_sizes_1426_fu_264    |   9|          2|   32|         64|
    |bucket_sizes_1427_fu_268    |   9|          2|   32|         64|
    |bucket_sizes_1428_fu_272    |   9|          2|   32|         64|
    |bucket_sizes_1429_fu_276    |   9|          2|   32|         64|
    |bucket_sizes_1430_fu_280    |   9|          2|   32|         64|
    |bucket_sizes_1431_fu_284    |   9|          2|   32|         64|
    |bucket_sizes_1432_fu_288    |   9|          2|   32|         64|
    |bucket_sizes_1433_fu_292    |   9|          2|   32|         64|
    |bucket_sizes_1434_fu_296    |   9|          2|   32|         64|
    |bucket_sizes_1435_fu_300    |   9|          2|   32|         64|
    |bucket_sizes_1436_fu_304    |   9|          2|   32|         64|
    |bucket_sizes_1437_fu_308    |   9|          2|   32|         64|
    |bucket_sizes_1438_fu_312    |   9|          2|   32|         64|
    |bucket_sizes_1439_fu_316    |   9|          2|   32|         64|
    |bucket_sizes_1440_fu_320    |   9|          2|   32|         64|
    |bucket_sizes_fu_260         |   9|          2|   32|         64|
    |m_fu_188                    |   9|          2|    5|         10|
    +----------------------------+----+-----------+-----+-----------+
    |Total                       | 324|         72| 1063|       2126|
    +----------------------------+----+-----------+-----+-----------+

    * Register: 
    +----------------------------+----+----+-----+-----------+
    |            Name            | FF | LUT| Bits| Const Bits|
    +----------------------------+----+----+-----+-----------+
    |ap_CS_fsm                   |   1|   0|    1|          0|
    |ap_done_reg                 |   1|   0|    1|          0|
    |ap_enable_reg_pp0_iter1     |   1|   0|    1|          0|
    |bucket_pointer_1089_fu_192  |  32|   0|   32|          0|
    |bucket_pointer_1090_fu_196  |  32|   0|   32|          0|
    |bucket_pointer_1091_fu_200  |  32|   0|   32|          0|
    |bucket_pointer_1092_fu_204  |  32|   0|   32|          0|
    |bucket_pointer_1093_fu_208  |  32|   0|   32|          0|
    |bucket_pointer_1094_fu_212  |  32|   0|   32|          0|
    |bucket_pointer_1095_fu_216  |  32|   0|   32|          0|
    |bucket_pointer_1096_fu_220  |  32|   0|   32|          0|
    |bucket_pointer_1097_fu_224  |  32|   0|   32|          0|
    |bucket_pointer_1098_fu_228  |  32|   0|   32|          0|
    |bucket_pointer_1099_fu_232  |  32|   0|   32|          0|
    |bucket_pointer_1100_fu_236  |  32|   0|   32|          0|
    |bucket_pointer_1101_fu_240  |  32|   0|   32|          0|
    |bucket_pointer_1102_fu_244  |  32|   0|   32|          0|
    |bucket_pointer_1103_fu_248  |  32|   0|   32|          0|
    |bucket_pointer_1104_fu_252  |  32|   0|   32|          0|
    |bucket_pointer_1105_fu_256  |  32|   0|   32|          0|
    |bucket_sizes_1426_fu_264    |  32|   0|   32|          0|
    |bucket_sizes_1427_fu_268    |  32|   0|   32|          0|
    |bucket_sizes_1428_fu_272    |  32|   0|   32|          0|
    |bucket_sizes_1429_fu_276    |  32|   0|   32|          0|
    |bucket_sizes_1430_fu_280    |  32|   0|   32|          0|
    |bucket_sizes_1431_fu_284    |  32|   0|   32|          0|
    |bucket_sizes_1432_fu_288    |  32|   0|   32|          0|
    |bucket_sizes_1433_fu_292    |  32|   0|   32|          0|
    |bucket_sizes_1434_fu_296    |  32|   0|   32|          0|
    |bucket_sizes_1435_fu_300    |  32|   0|   32|          0|
    |bucket_sizes_1436_fu_304    |  32|   0|   32|          0|
    |bucket_sizes_1437_fu_308    |  32|   0|   32|          0|
    |bucket_sizes_1438_fu_312    |  32|   0|   32|          0|
    |bucket_sizes_1439_fu_316    |  32|   0|   32|          0|
    |bucket_sizes_1440_fu_320    |  32|   0|   32|          0|
    |bucket_sizes_fu_260         |  32|   0|   32|          0|
    |m_fu_188                    |   5|   0|    5|          0|
    +----------------------------+----+----+-----+-----------+
    |Total                       |1064|   0| 1064|          0|
    +----------------------------+----+----+-----+-----------+



================================================================
== Interface
================================================================
* Summary: 
+--------------------------------+-----+-----+------------+------------------------------------------------------------------+--------------+
|            RTL Ports           | Dir | Bits|  Protocol  |                           Source Object                          |    C Type    |
+--------------------------------+-----+-----+------------+------------------------------------------------------------------+--------------+
|ap_clk                          |   in|    1|  ap_ctrl_hs|  radix_sort_hex_batch.37.1_Pipeline_bucket_pointer_initialization|  return value|
|ap_rst                          |   in|    1|  ap_ctrl_hs|  radix_sort_hex_batch.37.1_Pipeline_bucket_pointer_initialization|  return value|
|ap_start                        |   in|    1|  ap_ctrl_hs|  radix_sort_hex_batch.37.1_Pipeline_bucket_pointer_initialization|  return value|
|ap_done                         |  out|    1|  ap_ctrl_hs|  radix_sort_hex_batch.37.1_Pipeline_bucket_pointer_initialization|  return value|
|ap_idle                         |  out|    1|  ap_ctrl_hs|  radix_sort_hex_batch.37.1_Pipeline_bucket_pointer_initialization|  return value|
|ap_ready                        |  out|    1|  ap_ctrl_hs|  radix_sort_hex_batch.37.1_Pipeline_bucket_pointer_initialization|  return value|
|bucket_sizes_4720               |   in|   32|     ap_none|                                                 bucket_sizes_4720|        scalar|
|bucket_sizes_4719               |   in|   32|     ap_none|                                                 bucket_sizes_4719|        scalar|
|bucket_sizes_4718               |   in|   32|     ap_none|                                                 bucket_sizes_4718|        scalar|
|bucket_sizes_4717               |   in|   32|     ap_none|                                                 bucket_sizes_4717|        scalar|
|bucket_sizes_4716               |   in|   32|     ap_none|                                                 bucket_sizes_4716|        scalar|
|bucket_sizes_4715               |   in|   32|     ap_none|                                                 bucket_sizes_4715|        scalar|
|bucket_sizes_4714               |   in|   32|     ap_none|                                                 bucket_sizes_4714|        scalar|
|bucket_sizes_4713               |   in|   32|     ap_none|                                                 bucket_sizes_4713|        scalar|
|bucket_sizes_4712               |   in|   32|     ap_none|                                                 bucket_sizes_4712|        scalar|
|bucket_sizes_4711               |   in|   32|     ap_none|                                                 bucket_sizes_4711|        scalar|
|bucket_sizes_4710               |   in|   32|     ap_none|                                                 bucket_sizes_4710|        scalar|
|bucket_sizes_4709               |   in|   32|     ap_none|                                                 bucket_sizes_4709|        scalar|
|bucket_sizes_4708               |   in|   32|     ap_none|                                                 bucket_sizes_4708|        scalar|
|bucket_sizes_4707               |   in|   32|     ap_none|                                                 bucket_sizes_4707|        scalar|
|bucket_sizes_4706               |   in|   32|     ap_none|                                                 bucket_sizes_4706|        scalar|
|bucket_sizes_4705               |   in|   32|     ap_none|                                                 bucket_sizes_4705|        scalar|
|bucket_pointer_2095             |   in|   32|     ap_none|                                               bucket_pointer_2095|        scalar|
|bucket_pointer_2094             |   in|   32|     ap_none|                                               bucket_pointer_2094|        scalar|
|bucket_pointer_2093             |   in|   32|     ap_none|                                               bucket_pointer_2093|        scalar|
|bucket_pointer_2092             |   in|   32|     ap_none|                                               bucket_pointer_2092|        scalar|
|bucket_pointer_2091             |   in|   32|     ap_none|                                               bucket_pointer_2091|        scalar|
|bucket_pointer_2090             |   in|   32|     ap_none|                                               bucket_pointer_2090|        scalar|
|bucket_pointer_2089             |   in|   32|     ap_none|                                               bucket_pointer_2089|        scalar|
|bucket_pointer_2088             |   in|   32|     ap_none|                                               bucket_pointer_2088|        scalar|
|bucket_pointer_2087             |   in|   32|     ap_none|                                               bucket_pointer_2087|        scalar|
|bucket_pointer_2086             |   in|   32|     ap_none|                                               bucket_pointer_2086|        scalar|
|bucket_pointer_2085             |   in|   32|     ap_none|                                               bucket_pointer_2085|        scalar|
|bucket_pointer_2084             |   in|   32|     ap_none|                                               bucket_pointer_2084|        scalar|
|bucket_pointer_2083             |   in|   32|     ap_none|                                               bucket_pointer_2083|        scalar|
|bucket_pointer_2082             |   in|   32|     ap_none|                                               bucket_pointer_2082|        scalar|
|bucket_pointer_2081             |   in|   32|     ap_none|                                               bucket_pointer_2081|        scalar|
|bucket_pointer                  |   in|   32|     ap_none|                                                    bucket_pointer|        scalar|
|bucket_sizes_4736_out           |  out|   32|      ap_vld|                                             bucket_sizes_4736_out|       pointer|
|bucket_sizes_4736_out_ap_vld    |  out|    1|      ap_vld|                                             bucket_sizes_4736_out|       pointer|
|bucket_sizes_4735_out           |  out|   32|      ap_vld|                                             bucket_sizes_4735_out|       pointer|
|bucket_sizes_4735_out_ap_vld    |  out|    1|      ap_vld|                                             bucket_sizes_4735_out|       pointer|
|bucket_sizes_4734_out           |  out|   32|      ap_vld|                                             bucket_sizes_4734_out|       pointer|
|bucket_sizes_4734_out_ap_vld    |  out|    1|      ap_vld|                                             bucket_sizes_4734_out|       pointer|
|bucket_sizes_4733_out           |  out|   32|      ap_vld|                                             bucket_sizes_4733_out|       pointer|
|bucket_sizes_4733_out_ap_vld    |  out|    1|      ap_vld|                                             bucket_sizes_4733_out|       pointer|
|bucket_sizes_4732_out           |  out|   32|      ap_vld|                                             bucket_sizes_4732_out|       pointer|
|bucket_sizes_4732_out_ap_vld    |  out|    1|      ap_vld|                                             bucket_sizes_4732_out|       pointer|
|bucket_sizes_4731_out           |  out|   32|      ap_vld|                                             bucket_sizes_4731_out|       pointer|
|bucket_sizes_4731_out_ap_vld    |  out|    1|      ap_vld|                                             bucket_sizes_4731_out|       pointer|
|bucket_sizes_4730_out           |  out|   32|      ap_vld|                                             bucket_sizes_4730_out|       pointer|
|bucket_sizes_4730_out_ap_vld    |  out|    1|      ap_vld|                                             bucket_sizes_4730_out|       pointer|
|bucket_sizes_4729_out           |  out|   32|      ap_vld|                                             bucket_sizes_4729_out|       pointer|
|bucket_sizes_4729_out_ap_vld    |  out|    1|      ap_vld|                                             bucket_sizes_4729_out|       pointer|
|bucket_sizes_4728_out           |  out|   32|      ap_vld|                                             bucket_sizes_4728_out|       pointer|
|bucket_sizes_4728_out_ap_vld    |  out|    1|      ap_vld|                                             bucket_sizes_4728_out|       pointer|
|bucket_sizes_4727_out           |  out|   32|      ap_vld|                                             bucket_sizes_4727_out|       pointer|
|bucket_sizes_4727_out_ap_vld    |  out|    1|      ap_vld|                                             bucket_sizes_4727_out|       pointer|
|bucket_sizes_4726_out           |  out|   32|      ap_vld|                                             bucket_sizes_4726_out|       pointer|
|bucket_sizes_4726_out_ap_vld    |  out|    1|      ap_vld|                                             bucket_sizes_4726_out|       pointer|
|bucket_sizes_4725_out           |  out|   32|      ap_vld|                                             bucket_sizes_4725_out|       pointer|
|bucket_sizes_4725_out_ap_vld    |  out|    1|      ap_vld|                                             bucket_sizes_4725_out|       pointer|
|bucket_sizes_4724_out           |  out|   32|      ap_vld|                                             bucket_sizes_4724_out|       pointer|
|bucket_sizes_4724_out_ap_vld    |  out|    1|      ap_vld|                                             bucket_sizes_4724_out|       pointer|
|bucket_sizes_4723_out           |  out|   32|      ap_vld|                                             bucket_sizes_4723_out|       pointer|
|bucket_sizes_4723_out_ap_vld    |  out|    1|      ap_vld|                                             bucket_sizes_4723_out|       pointer|
|bucket_sizes_4722_out           |  out|   32|      ap_vld|                                             bucket_sizes_4722_out|       pointer|
|bucket_sizes_4722_out_ap_vld    |  out|    1|      ap_vld|                                             bucket_sizes_4722_out|       pointer|
|bucket_sizes_4721_out           |  out|   32|      ap_vld|                                             bucket_sizes_4721_out|       pointer|
|bucket_sizes_4721_out_ap_vld    |  out|    1|      ap_vld|                                             bucket_sizes_4721_out|       pointer|
|bucket_pointer_2111_out         |  out|   32|      ap_vld|                                           bucket_pointer_2111_out|       pointer|
|bucket_pointer_2111_out_ap_vld  |  out|    1|      ap_vld|                                           bucket_pointer_2111_out|       pointer|
|bucket_pointer_2110_out         |  out|   32|      ap_vld|                                           bucket_pointer_2110_out|       pointer|
|bucket_pointer_2110_out_ap_vld  |  out|    1|      ap_vld|                                           bucket_pointer_2110_out|       pointer|
|bucket_pointer_2109_out         |  out|   32|      ap_vld|                                           bucket_pointer_2109_out|       pointer|
|bucket_pointer_2109_out_ap_vld  |  out|    1|      ap_vld|                                           bucket_pointer_2109_out|       pointer|
|bucket_pointer_2108_out         |  out|   32|      ap_vld|                                           bucket_pointer_2108_out|       pointer|
|bucket_pointer_2108_out_ap_vld  |  out|    1|      ap_vld|                                           bucket_pointer_2108_out|       pointer|
|bucket_pointer_2107_out         |  out|   32|      ap_vld|                                           bucket_pointer_2107_out|       pointer|
|bucket_pointer_2107_out_ap_vld  |  out|    1|      ap_vld|                                           bucket_pointer_2107_out|       pointer|
|bucket_pointer_2106_out         |  out|   32|      ap_vld|                                           bucket_pointer_2106_out|       pointer|
|bucket_pointer_2106_out_ap_vld  |  out|    1|      ap_vld|                                           bucket_pointer_2106_out|       pointer|
|bucket_pointer_2105_out         |  out|   32|      ap_vld|                                           bucket_pointer_2105_out|       pointer|
|bucket_pointer_2105_out_ap_vld  |  out|    1|      ap_vld|                                           bucket_pointer_2105_out|       pointer|
|bucket_pointer_2104_out         |  out|   32|      ap_vld|                                           bucket_pointer_2104_out|       pointer|
|bucket_pointer_2104_out_ap_vld  |  out|    1|      ap_vld|                                           bucket_pointer_2104_out|       pointer|
|bucket_pointer_2103_out         |  out|   32|      ap_vld|                                           bucket_pointer_2103_out|       pointer|
|bucket_pointer_2103_out_ap_vld  |  out|    1|      ap_vld|                                           bucket_pointer_2103_out|       pointer|
|bucket_pointer_2102_out         |  out|   32|      ap_vld|                                           bucket_pointer_2102_out|       pointer|
|bucket_pointer_2102_out_ap_vld  |  out|    1|      ap_vld|                                           bucket_pointer_2102_out|       pointer|
|bucket_pointer_2101_out         |  out|   32|      ap_vld|                                           bucket_pointer_2101_out|       pointer|
|bucket_pointer_2101_out_ap_vld  |  out|    1|      ap_vld|                                           bucket_pointer_2101_out|       pointer|
|bucket_pointer_2100_out         |  out|   32|      ap_vld|                                           bucket_pointer_2100_out|       pointer|
|bucket_pointer_2100_out_ap_vld  |  out|    1|      ap_vld|                                           bucket_pointer_2100_out|       pointer|
|bucket_pointer_2099_out         |  out|   32|      ap_vld|                                           bucket_pointer_2099_out|       pointer|
|bucket_pointer_2099_out_ap_vld  |  out|    1|      ap_vld|                                           bucket_pointer_2099_out|       pointer|
|bucket_pointer_2098_out         |  out|   32|      ap_vld|                                           bucket_pointer_2098_out|       pointer|
|bucket_pointer_2098_out_ap_vld  |  out|    1|      ap_vld|                                           bucket_pointer_2098_out|       pointer|
|bucket_pointer_2097_out         |  out|   32|      ap_vld|                                           bucket_pointer_2097_out|       pointer|
|bucket_pointer_2097_out_ap_vld  |  out|    1|      ap_vld|                                           bucket_pointer_2097_out|       pointer|
|bucket_pointer_2096_out         |  out|   32|      ap_vld|                                           bucket_pointer_2096_out|       pointer|
|bucket_pointer_2096_out_ap_vld  |  out|    1|      ap_vld|                                           bucket_pointer_2096_out|       pointer|
+--------------------------------+-----+-----+------------+------------------------------------------------------------------+--------------+

