

================================================================
== Vitis HLS Report for 'radix_sort_hex_batch_42_1_Pipeline_input_bucket'
================================================================
* Date:           Tue Apr 25 09:32:38 2023

* Version:        2022.2 (Build 3670227 on Oct 13 2022)
* Project:        sort_seperate_bucket
* Solution:       solution1 (Vivado IP Flow Target)
* Product family: virtexuplus
* Target device:  xcu280-fsvh2892-2L-e


================================================================
== Performance Estimates
================================================================
+ Timing: 
    * Summary: 
    +--------+----------+----------+------------+
    |  Clock |  Target  | Estimated| Uncertainty|
    +--------+----------+----------+------------+
    |ap_clk  |  10.00 ns|  5.044 ns|     2.70 ns|
    +--------+----------+----------+------------+

+ Latency: 
    * Summary: 
    +---------+---------+----------+----------+-------+-------+---------+
    |  Latency (cycles) |  Latency (absolute) |    Interval   | Pipeline|
    |   min   |   max   |    min   |    max   |  min  |  max  |   Type  |
    +---------+---------+----------+----------+-------+-------+---------+
    |    15627|    15627|  0.156 ms|  0.156 ms|  15627|  15627|       no|
    +---------+---------+----------+----------+-------+-------+---------+

    + Detail: 
        * Instance: 
        N/A

        * Loop: 
        +----------------+---------+---------+----------+-----------+-----------+-------+----------+
        |                |  Latency (cycles) | Iteration|  Initiation Interval  |  Trip |          |
        |    Loop Name   |   min   |   max   |  Latency |  achieved |   target  | Count | Pipelined|
        +----------------+---------+---------+----------+-----------+-----------+-------+----------+
        |- input_bucket  |    15625|    15625|         2|          1|          1|  15625|       yes|
        +----------------+---------+---------+----------+-----------+-----------+-------+----------+



================================================================
== Utilization Estimates
================================================================
* Summary: 
+---------------------+---------+------+---------+---------+-----+
|         Name        | BRAM_18K|  DSP |    FF   |   LUT   | URAM|
+---------------------+---------+------+---------+---------+-----+
|DSP                  |        -|     -|        -|        -|    -|
|Expression           |        -|     -|        0|      310|    -|
|FIFO                 |        -|     -|        -|        -|    -|
|Instance             |        -|     -|        0|      130|    -|
|Memory               |        -|     -|        -|        -|    -|
|Multiplexer          |        -|     -|        -|      502|    -|
|Register             |        -|     -|      133|        -|    -|
+---------------------+---------+------+---------+---------+-----+
|Total                |        0|     0|      133|      942|    0|
+---------------------+---------+------+---------+---------+-----+
|Available SLR        |     1344|  3008|   869120|   434560|  320|
+---------------------+---------+------+---------+---------+-----+
|Utilization SLR (%)  |        0|     0|       ~0|       ~0|    0|
+---------------------+---------+------+---------+---------+-----+
|Available            |     4032|  9024|  2607360|  1303680|  960|
+---------------------+---------+------+---------+---------+-----+
|Utilization (%)      |        0|     0|       ~0|       ~0|    0|
+---------------------+---------+------+---------+---------+-----+

+ Detail: 
    * Instance: 
    +----------------------+----------------+---------+----+---+----+-----+
    |       Instance       |     Module     | BRAM_18K| DSP| FF| LUT| URAM|
    +----------------------+----------------+---------+----+---+----+-----+
    |mux_164_32_1_1_U8032  |mux_164_32_1_1  |        0|   0|  0|  65|    0|
    |mux_164_32_1_1_U8033  |mux_164_32_1_1  |        0|   0|  0|  65|    0|
    +----------------------+----------------+---------+----+---+----+-----+
    |Total                 |                |        0|   0|  0| 130|    0|
    +----------------------+----------------+---------+----+---+----+-----+

    * DSP: 
    N/A

    * Memory: 
    N/A

    * FIFO: 
    N/A

    * Expression: 
    +--------------------------+----------+----+---+----+------------+------------+
    |       Variable Name      | Operation| DSP| FF| LUT| Bitwidth P0| Bitwidth P1|
    +--------------------------+----------+----+---+----+------------+------------+
    |add_ln40_fu_675_p2        |         +|   0|  0|  21|          14|           1|
    |add_ln41_fu_685_p2        |         +|   0|  0|  22|          15|          15|
    |add_ln43_fu_836_p2        |         +|   0|  0|  22|          15|          15|
    |bucket_pointer_fu_856_p2  |         +|   0|  0|  39|          32|           1|
    |bucket_sizes_fu_1070_p2   |         +|   0|  0|  39|          32|           1|
    |shifted_fu_785_p2         |      ashr|   0|  0|  92|          32|          32|
    |addr_cmp_fu_771_p2        |      icmp|   0|  0|  29|          64|          64|
    |icmp_ln40_fu_669_p2       |      icmp|   0|  0|  12|          14|          11|
    |reuse_select_fu_776_p3    |    select|   0|  0|  32|           1|          32|
    |ap_enable_pp0             |       xor|   0|  0|   2|           1|           2|
    +--------------------------+----------+----+---+----+------------+------------+
    |Total                     |          |   0|  0| 310|         220|         174|
    +--------------------------+----------+----+---+----+------------+------------+

    * Multiplexer: 
    +---------------------------+----+-----------+-----+-----------+
    |            Name           | LUT| Input Size| Bits| Total Bits|
    +---------------------------+----+-----------+-----+-----------+
    |ap_done_int                |   9|          2|    1|          2|
    |ap_enable_reg_pp0_iter1    |   9|          2|    1|          2|
    |ap_sig_allocacmp_j         |   9|          2|   14|         28|
    |bucket_pointer_1723_out_o  |  14|          3|   32|         96|
    |bucket_pointer_1724_out_o  |  14|          3|   32|         96|
    |bucket_pointer_1725_out_o  |  14|          3|   32|         96|
    |bucket_pointer_1726_out_o  |  14|          3|   32|         96|
    |bucket_pointer_1727_out_o  |  14|          3|   32|         96|
    |bucket_pointer_1728_out_o  |  14|          3|   32|         96|
    |bucket_pointer_1729_out_o  |  14|          3|   32|         96|
    |bucket_pointer_1730_out_o  |  14|          3|   32|         96|
    |bucket_pointer_1731_out_o  |  14|          3|   32|         96|
    |bucket_pointer_1732_out_o  |  14|          3|   32|         96|
    |bucket_pointer_1733_out_o  |  14|          3|   32|         96|
    |bucket_pointer_1734_out_o  |  14|          3|   32|         96|
    |bucket_pointer_1735_out_o  |  14|          3|   32|         96|
    |bucket_pointer_1736_out_o  |  14|          3|   32|         96|
    |bucket_pointer_1737_out_o  |  14|          3|   32|         96|
    |bucket_pointer_1738_out_o  |  14|          3|   32|         96|
    |bucket_sizes_3883_out_o    |  14|          3|   32|         96|
    |bucket_sizes_3884_out_o    |  14|          3|   32|         96|
    |bucket_sizes_3885_out_o    |  14|          3|   32|         96|
    |bucket_sizes_3886_out_o    |  14|          3|   32|         96|
    |bucket_sizes_3887_out_o    |  14|          3|   32|         96|
    |bucket_sizes_3888_out_o    |  14|          3|   32|         96|
    |bucket_sizes_3889_out_o    |  14|          3|   32|         96|
    |bucket_sizes_3890_out_o    |  14|          3|   32|         96|
    |bucket_sizes_3891_out_o    |  14|          3|   32|         96|
    |bucket_sizes_3892_out_o    |  14|          3|   32|         96|
    |bucket_sizes_3893_out_o    |  14|          3|   32|         96|
    |bucket_sizes_3894_out_o    |  14|          3|   32|         96|
    |bucket_sizes_3895_out_o    |  14|          3|   32|         96|
    |bucket_sizes_3896_out_o    |  14|          3|   32|         96|
    |bucket_sizes_3897_out_o    |  14|          3|   32|         96|
    |bucket_sizes_3898_out_o    |  14|          3|   32|         96|
    |j_27_fu_216                |   9|          2|   14|         28|
    |reuse_addr_reg_fu_208      |   9|          2|   64|        128|
    |reuse_reg_fu_212           |   9|          2|   32|         64|
    +---------------------------+----+-----------+-----+-----------+
    |Total                      | 502|        108| 1150|       3324|
    +---------------------------+----+-----------+-----+-----------+

    * Register: 
    +--------------------------+----+----+-----+-----------+
    |           Name           | FF | LUT| Bits| Const Bits|
    +--------------------------+----+----+-----+-----------+
    |ap_CS_fsm                 |   1|   0|    1|          0|
    |ap_done_reg               |   1|   0|    1|          0|
    |ap_enable_reg_pp0_iter1   |   1|   0|    1|          0|
    |j_27_fu_216               |  14|   0|   14|          0|
    |mul_cast_i_cast_reg_1198  |   5|   0|   32|         27|
    |reuse_addr_reg_fu_208     |  64|   0|   64|          0|
    |reuse_reg_fu_212          |  32|   0|   32|          0|
    |zext_ln41_27_reg_1206     |  15|   0|   64|         49|
    +--------------------------+----+----+-----+-----------+
    |Total                     | 133|   0|  209|         76|
    +--------------------------+----+----+-----+-----------+



================================================================
== Interface
================================================================
* Summary: 
+----------------------------------+-----+-----+------------+-------------------------------------------------+--------------+
|             RTL Ports            | Dir | Bits|  Protocol  |                  Source Object                  |    C Type    |
+----------------------------------+-----+-----+------------+-------------------------------------------------+--------------+
|ap_clk                            |   in|    1|  ap_ctrl_hs|  radix_sort_hex_batch.42.1_Pipeline_input_bucket|  return value|
|ap_rst                            |   in|    1|  ap_ctrl_hs|  radix_sort_hex_batch.42.1_Pipeline_input_bucket|  return value|
|ap_start                          |   in|    1|  ap_ctrl_hs|  radix_sort_hex_batch.42.1_Pipeline_input_bucket|  return value|
|ap_done                           |  out|    1|  ap_ctrl_hs|  radix_sort_hex_batch.42.1_Pipeline_input_bucket|  return value|
|ap_idle                           |  out|    1|  ap_ctrl_hs|  radix_sort_hex_batch.42.1_Pipeline_input_bucket|  return value|
|ap_ready                          |  out|    1|  ap_ctrl_hs|  radix_sort_hex_batch.42.1_Pipeline_input_bucket|  return value|
|bucket_sizes_3866_reload          |   in|   32|     ap_none|                         bucket_sizes_3866_reload|        scalar|
|bucket_sizes_3865_reload          |   in|   32|     ap_none|                         bucket_sizes_3865_reload|        scalar|
|bucket_sizes_3864_reload          |   in|   32|     ap_none|                         bucket_sizes_3864_reload|        scalar|
|bucket_sizes_3863_reload          |   in|   32|     ap_none|                         bucket_sizes_3863_reload|        scalar|
|bucket_sizes_3862_reload          |   in|   32|     ap_none|                         bucket_sizes_3862_reload|        scalar|
|bucket_sizes_3861_reload          |   in|   32|     ap_none|                         bucket_sizes_3861_reload|        scalar|
|bucket_sizes_3860_reload          |   in|   32|     ap_none|                         bucket_sizes_3860_reload|        scalar|
|bucket_sizes_3859_reload          |   in|   32|     ap_none|                         bucket_sizes_3859_reload|        scalar|
|bucket_sizes_3858_reload          |   in|   32|     ap_none|                         bucket_sizes_3858_reload|        scalar|
|bucket_sizes_3857_reload          |   in|   32|     ap_none|                         bucket_sizes_3857_reload|        scalar|
|bucket_sizes_3856_reload          |   in|   32|     ap_none|                         bucket_sizes_3856_reload|        scalar|
|bucket_sizes_3855_reload          |   in|   32|     ap_none|                         bucket_sizes_3855_reload|        scalar|
|bucket_sizes_3854_reload          |   in|   32|     ap_none|                         bucket_sizes_3854_reload|        scalar|
|bucket_sizes_3853_reload          |   in|   32|     ap_none|                         bucket_sizes_3853_reload|        scalar|
|bucket_sizes_3852_reload          |   in|   32|     ap_none|                         bucket_sizes_3852_reload|        scalar|
|bucket_sizes_3851_reload          |   in|   32|     ap_none|                         bucket_sizes_3851_reload|        scalar|
|bucket_pointer_1721_reload        |   in|   32|     ap_none|                       bucket_pointer_1721_reload|        scalar|
|bucket_pointer_1720_reload        |   in|   32|     ap_none|                       bucket_pointer_1720_reload|        scalar|
|bucket_pointer_1719_reload        |   in|   32|     ap_none|                       bucket_pointer_1719_reload|        scalar|
|bucket_pointer_1718_reload        |   in|   32|     ap_none|                       bucket_pointer_1718_reload|        scalar|
|bucket_pointer_1717_reload        |   in|   32|     ap_none|                       bucket_pointer_1717_reload|        scalar|
|bucket_pointer_1716_reload        |   in|   32|     ap_none|                       bucket_pointer_1716_reload|        scalar|
|bucket_pointer_1715_reload        |   in|   32|     ap_none|                       bucket_pointer_1715_reload|        scalar|
|bucket_pointer_1714_reload        |   in|   32|     ap_none|                       bucket_pointer_1714_reload|        scalar|
|bucket_pointer_1713_reload        |   in|   32|     ap_none|                       bucket_pointer_1713_reload|        scalar|
|bucket_pointer_1712_reload        |   in|   32|     ap_none|                       bucket_pointer_1712_reload|        scalar|
|bucket_pointer_1711_reload        |   in|   32|     ap_none|                       bucket_pointer_1711_reload|        scalar|
|bucket_pointer_1710_reload        |   in|   32|     ap_none|                       bucket_pointer_1710_reload|        scalar|
|bucket_pointer_1709_reload        |   in|   32|     ap_none|                       bucket_pointer_1709_reload|        scalar|
|bucket_pointer_1708_reload        |   in|   32|     ap_none|                       bucket_pointer_1708_reload|        scalar|
|bucket_pointer_1707_reload        |   in|   32|     ap_none|                       bucket_pointer_1707_reload|        scalar|
|bucket_pointer_1706_reload        |   in|   32|     ap_none|                       bucket_pointer_1706_reload|        scalar|
|mul_ln41                          |   in|   15|     ap_none|                                         mul_ln41|        scalar|
|bucket_address0                   |  out|   15|   ap_memory|                                           bucket|         array|
|bucket_ce0                        |  out|    1|   ap_memory|                                           bucket|         array|
|bucket_we0                        |  out|    1|   ap_memory|                                           bucket|         array|
|bucket_d0                         |  out|   32|   ap_memory|                                           bucket|         array|
|bucket_address1                   |  out|   15|   ap_memory|                                           bucket|         array|
|bucket_ce1                        |  out|    1|   ap_memory|                                           bucket|         array|
|bucket_q1                         |   in|   32|   ap_memory|                                           bucket|         array|
|mul_cast_i                        |   in|    5|     ap_none|                                       mul_cast_i|        scalar|
|mul_ln43                          |   in|   15|     ap_none|                                         mul_ln43|        scalar|
|bucket_sizes_3898_out_i           |   in|   32|     ap_ovld|                            bucket_sizes_3898_out|       pointer|
|bucket_sizes_3898_out_o           |  out|   32|     ap_ovld|                            bucket_sizes_3898_out|       pointer|
|bucket_sizes_3898_out_o_ap_vld    |  out|    1|     ap_ovld|                            bucket_sizes_3898_out|       pointer|
|bucket_sizes_3897_out_i           |   in|   32|     ap_ovld|                            bucket_sizes_3897_out|       pointer|
|bucket_sizes_3897_out_o           |  out|   32|     ap_ovld|                            bucket_sizes_3897_out|       pointer|
|bucket_sizes_3897_out_o_ap_vld    |  out|    1|     ap_ovld|                            bucket_sizes_3897_out|       pointer|
|bucket_sizes_3896_out_i           |   in|   32|     ap_ovld|                            bucket_sizes_3896_out|       pointer|
|bucket_sizes_3896_out_o           |  out|   32|     ap_ovld|                            bucket_sizes_3896_out|       pointer|
|bucket_sizes_3896_out_o_ap_vld    |  out|    1|     ap_ovld|                            bucket_sizes_3896_out|       pointer|
|bucket_sizes_3895_out_i           |   in|   32|     ap_ovld|                            bucket_sizes_3895_out|       pointer|
|bucket_sizes_3895_out_o           |  out|   32|     ap_ovld|                            bucket_sizes_3895_out|       pointer|
|bucket_sizes_3895_out_o_ap_vld    |  out|    1|     ap_ovld|                            bucket_sizes_3895_out|       pointer|
|bucket_sizes_3894_out_i           |   in|   32|     ap_ovld|                            bucket_sizes_3894_out|       pointer|
|bucket_sizes_3894_out_o           |  out|   32|     ap_ovld|                            bucket_sizes_3894_out|       pointer|
|bucket_sizes_3894_out_o_ap_vld    |  out|    1|     ap_ovld|                            bucket_sizes_3894_out|       pointer|
|bucket_sizes_3893_out_i           |   in|   32|     ap_ovld|                            bucket_sizes_3893_out|       pointer|
|bucket_sizes_3893_out_o           |  out|   32|     ap_ovld|                            bucket_sizes_3893_out|       pointer|
|bucket_sizes_3893_out_o_ap_vld    |  out|    1|     ap_ovld|                            bucket_sizes_3893_out|       pointer|
|bucket_sizes_3892_out_i           |   in|   32|     ap_ovld|                            bucket_sizes_3892_out|       pointer|
|bucket_sizes_3892_out_o           |  out|   32|     ap_ovld|                            bucket_sizes_3892_out|       pointer|
|bucket_sizes_3892_out_o_ap_vld    |  out|    1|     ap_ovld|                            bucket_sizes_3892_out|       pointer|
|bucket_sizes_3891_out_i           |   in|   32|     ap_ovld|                            bucket_sizes_3891_out|       pointer|
|bucket_sizes_3891_out_o           |  out|   32|     ap_ovld|                            bucket_sizes_3891_out|       pointer|
|bucket_sizes_3891_out_o_ap_vld    |  out|    1|     ap_ovld|                            bucket_sizes_3891_out|       pointer|
|bucket_sizes_3890_out_i           |   in|   32|     ap_ovld|                            bucket_sizes_3890_out|       pointer|
|bucket_sizes_3890_out_o           |  out|   32|     ap_ovld|                            bucket_sizes_3890_out|       pointer|
|bucket_sizes_3890_out_o_ap_vld    |  out|    1|     ap_ovld|                            bucket_sizes_3890_out|       pointer|
|bucket_sizes_3889_out_i           |   in|   32|     ap_ovld|                            bucket_sizes_3889_out|       pointer|
|bucket_sizes_3889_out_o           |  out|   32|     ap_ovld|                            bucket_sizes_3889_out|       pointer|
|bucket_sizes_3889_out_o_ap_vld    |  out|    1|     ap_ovld|                            bucket_sizes_3889_out|       pointer|
|bucket_sizes_3888_out_i           |   in|   32|     ap_ovld|                            bucket_sizes_3888_out|       pointer|
|bucket_sizes_3888_out_o           |  out|   32|     ap_ovld|                            bucket_sizes_3888_out|       pointer|
|bucket_sizes_3888_out_o_ap_vld    |  out|    1|     ap_ovld|                            bucket_sizes_3888_out|       pointer|
|bucket_sizes_3887_out_i           |   in|   32|     ap_ovld|                            bucket_sizes_3887_out|       pointer|
|bucket_sizes_3887_out_o           |  out|   32|     ap_ovld|                            bucket_sizes_3887_out|       pointer|
|bucket_sizes_3887_out_o_ap_vld    |  out|    1|     ap_ovld|                            bucket_sizes_3887_out|       pointer|
|bucket_sizes_3886_out_i           |   in|   32|     ap_ovld|                            bucket_sizes_3886_out|       pointer|
|bucket_sizes_3886_out_o           |  out|   32|     ap_ovld|                            bucket_sizes_3886_out|       pointer|
|bucket_sizes_3886_out_o_ap_vld    |  out|    1|     ap_ovld|                            bucket_sizes_3886_out|       pointer|
|bucket_sizes_3885_out_i           |   in|   32|     ap_ovld|                            bucket_sizes_3885_out|       pointer|
|bucket_sizes_3885_out_o           |  out|   32|     ap_ovld|                            bucket_sizes_3885_out|       pointer|
|bucket_sizes_3885_out_o_ap_vld    |  out|    1|     ap_ovld|                            bucket_sizes_3885_out|       pointer|
|bucket_sizes_3884_out_i           |   in|   32|     ap_ovld|                            bucket_sizes_3884_out|       pointer|
|bucket_sizes_3884_out_o           |  out|   32|     ap_ovld|                            bucket_sizes_3884_out|       pointer|
|bucket_sizes_3884_out_o_ap_vld    |  out|    1|     ap_ovld|                            bucket_sizes_3884_out|       pointer|
|bucket_sizes_3883_out_i           |   in|   32|     ap_ovld|                            bucket_sizes_3883_out|       pointer|
|bucket_sizes_3883_out_o           |  out|   32|     ap_ovld|                            bucket_sizes_3883_out|       pointer|
|bucket_sizes_3883_out_o_ap_vld    |  out|    1|     ap_ovld|                            bucket_sizes_3883_out|       pointer|
|bucket_pointer_1738_out_i         |   in|   32|     ap_ovld|                          bucket_pointer_1738_out|       pointer|
|bucket_pointer_1738_out_o         |  out|   32|     ap_ovld|                          bucket_pointer_1738_out|       pointer|
|bucket_pointer_1738_out_o_ap_vld  |  out|    1|     ap_ovld|                          bucket_pointer_1738_out|       pointer|
|bucket_pointer_1737_out_i         |   in|   32|     ap_ovld|                          bucket_pointer_1737_out|       pointer|
|bucket_pointer_1737_out_o         |  out|   32|     ap_ovld|                          bucket_pointer_1737_out|       pointer|
|bucket_pointer_1737_out_o_ap_vld  |  out|    1|     ap_ovld|                          bucket_pointer_1737_out|       pointer|
|bucket_pointer_1736_out_i         |   in|   32|     ap_ovld|                          bucket_pointer_1736_out|       pointer|
|bucket_pointer_1736_out_o         |  out|   32|     ap_ovld|                          bucket_pointer_1736_out|       pointer|
|bucket_pointer_1736_out_o_ap_vld  |  out|    1|     ap_ovld|                          bucket_pointer_1736_out|       pointer|
|bucket_pointer_1735_out_i         |   in|   32|     ap_ovld|                          bucket_pointer_1735_out|       pointer|
|bucket_pointer_1735_out_o         |  out|   32|     ap_ovld|                          bucket_pointer_1735_out|       pointer|
|bucket_pointer_1735_out_o_ap_vld  |  out|    1|     ap_ovld|                          bucket_pointer_1735_out|       pointer|
|bucket_pointer_1734_out_i         |   in|   32|     ap_ovld|                          bucket_pointer_1734_out|       pointer|
|bucket_pointer_1734_out_o         |  out|   32|     ap_ovld|                          bucket_pointer_1734_out|       pointer|
|bucket_pointer_1734_out_o_ap_vld  |  out|    1|     ap_ovld|                          bucket_pointer_1734_out|       pointer|
|bucket_pointer_1733_out_i         |   in|   32|     ap_ovld|                          bucket_pointer_1733_out|       pointer|
|bucket_pointer_1733_out_o         |  out|   32|     ap_ovld|                          bucket_pointer_1733_out|       pointer|
|bucket_pointer_1733_out_o_ap_vld  |  out|    1|     ap_ovld|                          bucket_pointer_1733_out|       pointer|
|bucket_pointer_1732_out_i         |   in|   32|     ap_ovld|                          bucket_pointer_1732_out|       pointer|
|bucket_pointer_1732_out_o         |  out|   32|     ap_ovld|                          bucket_pointer_1732_out|       pointer|
|bucket_pointer_1732_out_o_ap_vld  |  out|    1|     ap_ovld|                          bucket_pointer_1732_out|       pointer|
|bucket_pointer_1731_out_i         |   in|   32|     ap_ovld|                          bucket_pointer_1731_out|       pointer|
|bucket_pointer_1731_out_o         |  out|   32|     ap_ovld|                          bucket_pointer_1731_out|       pointer|
|bucket_pointer_1731_out_o_ap_vld  |  out|    1|     ap_ovld|                          bucket_pointer_1731_out|       pointer|
|bucket_pointer_1730_out_i         |   in|   32|     ap_ovld|                          bucket_pointer_1730_out|       pointer|
|bucket_pointer_1730_out_o         |  out|   32|     ap_ovld|                          bucket_pointer_1730_out|       pointer|
|bucket_pointer_1730_out_o_ap_vld  |  out|    1|     ap_ovld|                          bucket_pointer_1730_out|       pointer|
|bucket_pointer_1729_out_i         |   in|   32|     ap_ovld|                          bucket_pointer_1729_out|       pointer|
|bucket_pointer_1729_out_o         |  out|   32|     ap_ovld|                          bucket_pointer_1729_out|       pointer|
|bucket_pointer_1729_out_o_ap_vld  |  out|    1|     ap_ovld|                          bucket_pointer_1729_out|       pointer|
|bucket_pointer_1728_out_i         |   in|   32|     ap_ovld|                          bucket_pointer_1728_out|       pointer|
|bucket_pointer_1728_out_o         |  out|   32|     ap_ovld|                          bucket_pointer_1728_out|       pointer|
|bucket_pointer_1728_out_o_ap_vld  |  out|    1|     ap_ovld|                          bucket_pointer_1728_out|       pointer|
|bucket_pointer_1727_out_i         |   in|   32|     ap_ovld|                          bucket_pointer_1727_out|       pointer|
|bucket_pointer_1727_out_o         |  out|   32|     ap_ovld|                          bucket_pointer_1727_out|       pointer|
|bucket_pointer_1727_out_o_ap_vld  |  out|    1|     ap_ovld|                          bucket_pointer_1727_out|       pointer|
|bucket_pointer_1726_out_i         |   in|   32|     ap_ovld|                          bucket_pointer_1726_out|       pointer|
|bucket_pointer_1726_out_o         |  out|   32|     ap_ovld|                          bucket_pointer_1726_out|       pointer|
|bucket_pointer_1726_out_o_ap_vld  |  out|    1|     ap_ovld|                          bucket_pointer_1726_out|       pointer|
|bucket_pointer_1725_out_i         |   in|   32|     ap_ovld|                          bucket_pointer_1725_out|       pointer|
|bucket_pointer_1725_out_o         |  out|   32|     ap_ovld|                          bucket_pointer_1725_out|       pointer|
|bucket_pointer_1725_out_o_ap_vld  |  out|    1|     ap_ovld|                          bucket_pointer_1725_out|       pointer|
|bucket_pointer_1724_out_i         |   in|   32|     ap_ovld|                          bucket_pointer_1724_out|       pointer|
|bucket_pointer_1724_out_o         |  out|   32|     ap_ovld|                          bucket_pointer_1724_out|       pointer|
|bucket_pointer_1724_out_o_ap_vld  |  out|    1|     ap_ovld|                          bucket_pointer_1724_out|       pointer|
|bucket_pointer_1723_out_i         |   in|   32|     ap_ovld|                          bucket_pointer_1723_out|       pointer|
|bucket_pointer_1723_out_o         |  out|   32|     ap_ovld|                          bucket_pointer_1723_out|       pointer|
|bucket_pointer_1723_out_o_ap_vld  |  out|    1|     ap_ovld|                          bucket_pointer_1723_out|       pointer|
+----------------------------------+-----+-----+------------+-------------------------------------------------+--------------+

