

================================================================
== Vitis HLS Report for 'radix_sort_oct_batch_22_1_Pipeline_bucket_pointer_initialization'
================================================================
* Date:           Mon Apr 24 11:03:16 2023

* Version:        2022.2 (Build 3670227 on Oct 13 2022)
* Project:        sort_seperate_bucket
* Solution:       solution1 (Vivado IP Flow Target)
* Product family: virtexuplus
* Target device:  xcu280-fsvh2892-2L-e


================================================================
== Performance Estimates
================================================================
+ Timing: 
    * Summary: 
    +--------+----------+----------+------------+
    |  Clock |  Target  | Estimated| Uncertainty|
    +--------+----------+----------+------------+
    |ap_clk  |  10.00 ns|  1.851 ns|     2.70 ns|
    +--------+----------+----------+------------+

+ Latency: 
    * Summary: 
    +---------+---------+----------+----------+-----+-----+---------+
    |  Latency (cycles) |  Latency (absolute) |  Interval | Pipeline|
    |   min   |   max   |    min   |    max   | min | max |   Type  |
    +---------+---------+----------+----------+-----+-----+---------+
    |       10|       10|  0.100 us|  0.100 us|   10|   10|       no|
    +---------+---------+----------+----------+-----+-----+---------+

    + Detail: 
        * Instance: 
        N/A

        * Loop: 
        +---------------------------------+---------+---------+----------+-----------+-----------+------+----------+
        |                                 |  Latency (cycles) | Iteration|  Initiation Interval  | Trip |          |
        |            Loop Name            |   min   |   max   |  Latency |  achieved |   target  | Count| Pipelined|
        +---------------------------------+---------+---------+----------+-----------+-----------+------+----------+
        |- bucket_pointer_initialization  |        8|        8|         1|          1|          1|     8|       yes|
        +---------------------------------+---------+---------+----------+-----------+-----------+------+----------+



================================================================
== Utilization Estimates
================================================================
* Summary: 
+---------------------+---------+------+---------+---------+-----+
|         Name        | BRAM_18K|  DSP |    FF   |   LUT   | URAM|
+---------------------+---------+------+---------+---------+-----+
|DSP                  |        -|     -|        -|        -|    -|
|Expression           |        -|     -|        0|       78|    -|
|FIFO                 |        -|     -|        -|        -|    -|
|Instance             |        -|     -|        0|       43|    -|
|Memory               |        -|     -|        -|        -|    -|
|Multiplexer          |        -|     -|        -|      180|    -|
|Register             |        -|     -|      551|        -|    -|
+---------------------+---------+------+---------+---------+-----+
|Total                |        0|     0|      551|      301|    0|
+---------------------+---------+------+---------+---------+-----+
|Available SLR        |     1344|  3008|   869120|   434560|  320|
+---------------------+---------+------+---------+---------+-----+
|Utilization SLR (%)  |        0|     0|       ~0|       ~0|    0|
+---------------------+---------+------+---------+---------+-----+
|Available            |     4032|  9024|  2607360|  1303680|  960|
+---------------------+---------+------+---------+---------+-----+
|Utilization (%)      |        0|     0|       ~0|       ~0|    0|
+---------------------+---------+------+---------+---------+-----+

+ Detail: 
    * Instance: 
    +---------------------+---------------+---------+----+---+----+-----+
    |       Instance      |     Module    | BRAM_18K| DSP| FF| LUT| URAM|
    +---------------------+---------------+---------+----+---+----+-----+
    |mux_83_32_1_1_U2235  |mux_83_32_1_1  |        0|   0|  0|  43|    0|
    +---------------------+---------------+---------+----+---+----+-----+
    |Total                |               |        0|   0|  0|  43|    0|
    +---------------------+---------------+---------+----+---+----+-----+

    * DSP: 
    N/A

    * Memory: 
    N/A

    * FIFO: 
    N/A

    * Expression: 
    +-------------------------------+----------+----+---+----+------------+------------+
    |         Variable Name         | Operation| DSP| FF| LUT| Bitwidth P0| Bitwidth P1|
    +-------------------------------+----------+----+---+----+------------+------------+
    |add_ln33_fu_490_p2             |         +|   0|  0|  12|           4|           1|
    |next_bucket_pointer_fu_546_p2  |         +|   0|  0|  39|          32|          32|
    |ap_condition_321               |       and|   0|  0|   2|           1|           1|
    |ap_condition_324               |       and|   0|  0|   2|           1|           1|
    |ap_condition_327               |       and|   0|  0|   2|           1|           1|
    |ap_condition_330               |       and|   0|  0|   2|           1|           1|
    |ap_condition_333               |       and|   0|  0|   2|           1|           1|
    |ap_condition_336               |       and|   0|  0|   2|           1|           1|
    |ap_condition_339               |       and|   0|  0|   2|           1|           1|
    |ap_condition_342               |       and|   0|  0|   2|           1|           1|
    |icmp_ln33_fu_484_p2            |      icmp|   0|  0|   9|           4|           5|
    |ap_enable_pp0                  |       xor|   0|  0|   2|           1|           2|
    +-------------------------------+----------+----+---+----+------------+------------+
    |Total                          |          |   0|  0|  78|          49|          48|
    +-------------------------------+----------+----+---+----+------------+------------+

    * Multiplexer: 
    +---------------------------+----+-----------+-----+-----------+
    |            Name           | LUT| Input Size| Bits| Total Bits|
    +---------------------------+----+-----------+-----+-----------+
    |ap_done_int                |   9|          2|    1|          2|
    |ap_enable_reg_pp0_iter1    |   9|          2|    1|          2|
    |bucket_pointer_865_fu_112  |   9|          2|   32|         64|
    |bucket_pointer_866_fu_116  |   9|          2|   32|         64|
    |bucket_pointer_867_fu_120  |   9|          2|   32|         64|
    |bucket_pointer_868_fu_124  |   9|          2|   32|         64|
    |bucket_pointer_869_fu_128  |   9|          2|   32|         64|
    |bucket_pointer_870_fu_132  |   9|          2|   32|         64|
    |bucket_pointer_871_fu_136  |   9|          2|   32|         64|
    |bucket_pointer_872_fu_140  |   9|          2|   32|         64|
    |bucket_pointer_873_fu_144  |   9|          2|   32|         64|
    |bucket_sizes_1002_fu_152   |   9|          2|   32|         64|
    |bucket_sizes_1003_fu_156   |   9|          2|   32|         64|
    |bucket_sizes_1004_fu_160   |   9|          2|   32|         64|
    |bucket_sizes_1005_fu_164   |   9|          2|   32|         64|
    |bucket_sizes_1006_fu_168   |   9|          2|   32|         64|
    |bucket_sizes_1007_fu_172   |   9|          2|   32|         64|
    |bucket_sizes_1008_fu_176   |   9|          2|   32|         64|
    |bucket_sizes_fu_148        |   9|          2|   32|         64|
    |m_fu_108                   |   9|          2|    4|          8|
    +---------------------------+----+-----------+-----+-----------+
    |Total                      | 180|         40|  550|       1100|
    +---------------------------+----+-----------+-----+-----------+

    * Register: 
    +---------------------------+----+----+-----+-----------+
    |            Name           | FF | LUT| Bits| Const Bits|
    +---------------------------+----+----+-----+-----------+
    |ap_CS_fsm                  |   1|   0|    1|          0|
    |ap_done_reg                |   1|   0|    1|          0|
    |ap_enable_reg_pp0_iter1    |   1|   0|    1|          0|
    |bucket_pointer_865_fu_112  |  32|   0|   32|          0|
    |bucket_pointer_866_fu_116  |  32|   0|   32|          0|
    |bucket_pointer_867_fu_120  |  32|   0|   32|          0|
    |bucket_pointer_868_fu_124  |  32|   0|   32|          0|
    |bucket_pointer_869_fu_128  |  32|   0|   32|          0|
    |bucket_pointer_870_fu_132  |  32|   0|   32|          0|
    |bucket_pointer_871_fu_136  |  32|   0|   32|          0|
    |bucket_pointer_872_fu_140  |  32|   0|   32|          0|
    |bucket_pointer_873_fu_144  |  32|   0|   32|          0|
    |bucket_sizes_1002_fu_152   |  32|   0|   32|          0|
    |bucket_sizes_1003_fu_156   |  32|   0|   32|          0|
    |bucket_sizes_1004_fu_160   |  32|   0|   32|          0|
    |bucket_sizes_1005_fu_164   |  32|   0|   32|          0|
    |bucket_sizes_1006_fu_168   |  32|   0|   32|          0|
    |bucket_sizes_1007_fu_172   |  32|   0|   32|          0|
    |bucket_sizes_1008_fu_176   |  32|   0|   32|          0|
    |bucket_sizes_fu_148        |  32|   0|   32|          0|
    |m_fu_108                   |   4|   0|    4|          0|
    +---------------------------+----+----+-----+-----------+
    |Total                      | 551|   0|  551|          0|
    +---------------------------+----+----+-----+-----------+



================================================================
== Interface
================================================================
* Summary: 
+--------------------------------+-----+-----+------------+------------------------------------------------------------------+--------------+
|            RTL Ports           | Dir | Bits|  Protocol  |                           Source Object                          |    C Type    |
+--------------------------------+-----+-----+------------+------------------------------------------------------------------+--------------+
|ap_clk                          |   in|    1|  ap_ctrl_hs|  radix_sort_oct_batch.22.1_Pipeline_bucket_pointer_initialization|  return value|
|ap_rst                          |   in|    1|  ap_ctrl_hs|  radix_sort_oct_batch.22.1_Pipeline_bucket_pointer_initialization|  return value|
|ap_start                        |   in|    1|  ap_ctrl_hs|  radix_sort_oct_batch.22.1_Pipeline_bucket_pointer_initialization|  return value|
|ap_done                         |  out|    1|  ap_ctrl_hs|  radix_sort_oct_batch.22.1_Pipeline_bucket_pointer_initialization|  return value|
|ap_idle                         |  out|    1|  ap_ctrl_hs|  radix_sort_oct_batch.22.1_Pipeline_bucket_pointer_initialization|  return value|
|ap_ready                        |  out|    1|  ap_ctrl_hs|  radix_sort_oct_batch.22.1_Pipeline_bucket_pointer_initialization|  return value|
|bucket_sizes_3544               |   in|   32|     ap_none|                                                 bucket_sizes_3544|        scalar|
|bucket_sizes_3543               |   in|   32|     ap_none|                                                 bucket_sizes_3543|        scalar|
|bucket_sizes_3542               |   in|   32|     ap_none|                                                 bucket_sizes_3542|        scalar|
|bucket_sizes_3541               |   in|   32|     ap_none|                                                 bucket_sizes_3541|        scalar|
|bucket_sizes_3540               |   in|   32|     ap_none|                                                 bucket_sizes_3540|        scalar|
|bucket_sizes_3539               |   in|   32|     ap_none|                                                 bucket_sizes_3539|        scalar|
|bucket_sizes_3538               |   in|   32|     ap_none|                                                 bucket_sizes_3538|        scalar|
|bucket_sizes_3537               |   in|   32|     ap_none|                                                 bucket_sizes_3537|        scalar|
|bucket_pointer_1591             |   in|   32|     ap_none|                                               bucket_pointer_1591|        scalar|
|bucket_pointer_1590             |   in|   32|     ap_none|                                               bucket_pointer_1590|        scalar|
|bucket_pointer_1589             |   in|   32|     ap_none|                                               bucket_pointer_1589|        scalar|
|bucket_pointer_1588             |   in|   32|     ap_none|                                               bucket_pointer_1588|        scalar|
|bucket_pointer_1587             |   in|   32|     ap_none|                                               bucket_pointer_1587|        scalar|
|bucket_pointer_1586             |   in|   32|     ap_none|                                               bucket_pointer_1586|        scalar|
|bucket_pointer_1585             |   in|   32|     ap_none|                                               bucket_pointer_1585|        scalar|
|bucket_pointer                  |   in|   32|     ap_none|                                                    bucket_pointer|        scalar|
|bucket_sizes_3552_out           |  out|   32|      ap_vld|                                             bucket_sizes_3552_out|       pointer|
|bucket_sizes_3552_out_ap_vld    |  out|    1|      ap_vld|                                             bucket_sizes_3552_out|       pointer|
|bucket_sizes_3551_out           |  out|   32|      ap_vld|                                             bucket_sizes_3551_out|       pointer|
|bucket_sizes_3551_out_ap_vld    |  out|    1|      ap_vld|                                             bucket_sizes_3551_out|       pointer|
|bucket_sizes_3550_out           |  out|   32|      ap_vld|                                             bucket_sizes_3550_out|       pointer|
|bucket_sizes_3550_out_ap_vld    |  out|    1|      ap_vld|                                             bucket_sizes_3550_out|       pointer|
|bucket_sizes_3549_out           |  out|   32|      ap_vld|                                             bucket_sizes_3549_out|       pointer|
|bucket_sizes_3549_out_ap_vld    |  out|    1|      ap_vld|                                             bucket_sizes_3549_out|       pointer|
|bucket_sizes_3548_out           |  out|   32|      ap_vld|                                             bucket_sizes_3548_out|       pointer|
|bucket_sizes_3548_out_ap_vld    |  out|    1|      ap_vld|                                             bucket_sizes_3548_out|       pointer|
|bucket_sizes_3547_out           |  out|   32|      ap_vld|                                             bucket_sizes_3547_out|       pointer|
|bucket_sizes_3547_out_ap_vld    |  out|    1|      ap_vld|                                             bucket_sizes_3547_out|       pointer|
|bucket_sizes_3546_out           |  out|   32|      ap_vld|                                             bucket_sizes_3546_out|       pointer|
|bucket_sizes_3546_out_ap_vld    |  out|    1|      ap_vld|                                             bucket_sizes_3546_out|       pointer|
|bucket_sizes_3545_out           |  out|   32|      ap_vld|                                             bucket_sizes_3545_out|       pointer|
|bucket_sizes_3545_out_ap_vld    |  out|    1|      ap_vld|                                             bucket_sizes_3545_out|       pointer|
|bucket_pointer_1599_out         |  out|   32|      ap_vld|                                           bucket_pointer_1599_out|       pointer|
|bucket_pointer_1599_out_ap_vld  |  out|    1|      ap_vld|                                           bucket_pointer_1599_out|       pointer|
|bucket_pointer_1598_out         |  out|   32|      ap_vld|                                           bucket_pointer_1598_out|       pointer|
|bucket_pointer_1598_out_ap_vld  |  out|    1|      ap_vld|                                           bucket_pointer_1598_out|       pointer|
|bucket_pointer_1597_out         |  out|   32|      ap_vld|                                           bucket_pointer_1597_out|       pointer|
|bucket_pointer_1597_out_ap_vld  |  out|    1|      ap_vld|                                           bucket_pointer_1597_out|       pointer|
|bucket_pointer_1596_out         |  out|   32|      ap_vld|                                           bucket_pointer_1596_out|       pointer|
|bucket_pointer_1596_out_ap_vld  |  out|    1|      ap_vld|                                           bucket_pointer_1596_out|       pointer|
|bucket_pointer_1595_out         |  out|   32|      ap_vld|                                           bucket_pointer_1595_out|       pointer|
|bucket_pointer_1595_out_ap_vld  |  out|    1|      ap_vld|                                           bucket_pointer_1595_out|       pointer|
|bucket_pointer_1594_out         |  out|   32|      ap_vld|                                           bucket_pointer_1594_out|       pointer|
|bucket_pointer_1594_out_ap_vld  |  out|    1|      ap_vld|                                           bucket_pointer_1594_out|       pointer|
|bucket_pointer_1593_out         |  out|   32|      ap_vld|                                           bucket_pointer_1593_out|       pointer|
|bucket_pointer_1593_out_ap_vld  |  out|    1|      ap_vld|                                           bucket_pointer_1593_out|       pointer|
|bucket_pointer_1592_out         |  out|   32|      ap_vld|                                           bucket_pointer_1592_out|       pointer|
|bucket_pointer_1592_out_ap_vld  |  out|    1|      ap_vld|                                           bucket_pointer_1592_out|       pointer|
+--------------------------------+-----+-----+------------+------------------------------------------------------------------+--------------+

