

================================================================
== Vitis HLS Report for 'radix_sort_hex_batch_21_1_Pipeline_bucket_pointer_initialization'
================================================================
* Date:           Tue Apr 25 09:31:25 2023

* Version:        2022.2 (Build 3670227 on Oct 13 2022)
* Project:        sort_seperate_bucket
* Solution:       solution1 (Vivado IP Flow Target)
* Product family: virtexuplus
* Target device:  xcu280-fsvh2892-2L-e


================================================================
== Performance Estimates
================================================================
+ Timing: 
    * Summary: 
    +--------+----------+----------+------------+
    |  Clock |  Target  | Estimated| Uncertainty|
    +--------+----------+----------+------------+
    |ap_clk  |  10.00 ns|  1.760 ns|     2.70 ns|
    +--------+----------+----------+------------+

+ Latency: 
    * Summary: 
    +---------+---------+----------+----------+-----+-----+---------+
    |  Latency (cycles) |  Latency (absolute) |  Interval | Pipeline|
    |   min   |   max   |    min   |    max   | min | max |   Type  |
    +---------+---------+----------+----------+-----+-----+---------+
    |       18|       18|  0.180 us|  0.180 us|   18|   18|       no|
    +---------+---------+----------+----------+-----+-----+---------+

    + Detail: 
        * Instance: 
        N/A

        * Loop: 
        +---------------------------------+---------+---------+----------+-----------+-----------+------+----------+
        |                                 |  Latency (cycles) | Iteration|  Initiation Interval  | Trip |          |
        |            Loop Name            |   min   |   max   |  Latency |  achieved |   target  | Count| Pipelined|
        +---------------------------------+---------+---------+----------+-----------+-----------+------+----------+
        |- bucket_pointer_initialization  |       16|       16|         1|          1|          1|    16|       yes|
        +---------------------------------+---------+---------+----------+-----------+-----------+------+----------+



================================================================
== Utilization Estimates
================================================================
* Summary: 
+---------------------+---------+------+---------+---------+-----+
|         Name        | BRAM_18K|  DSP |    FF   |   LUT   | URAM|
+---------------------+---------+------+---------+---------+-----+
|DSP                  |        -|     -|        -|        -|    -|
|Expression           |        -|     -|        0|       95|    -|
|FIFO                 |        -|     -|        -|        -|    -|
|Instance             |        -|     -|        0|       65|    -|
|Memory               |        -|     -|        -|        -|    -|
|Multiplexer          |        -|     -|        -|      324|    -|
|Register             |        -|     -|     1064|        -|    -|
+---------------------+---------+------+---------+---------+-----+
|Total                |        0|     0|     1064|      484|    0|
+---------------------+---------+------+---------+---------+-----+
|Available SLR        |     1344|  3008|   869120|   434560|  320|
+---------------------+---------+------+---------+---------+-----+
|Utilization SLR (%)  |        0|     0|       ~0|       ~0|    0|
+---------------------+---------+------+---------+---------+-----+
|Available            |     4032|  9024|  2607360|  1303680|  960|
+---------------------+---------+------+---------+---------+-----+
|Utilization (%)      |        0|     0|       ~0|       ~0|    0|
+---------------------+---------+------+---------+---------+-----+

+ Detail: 
    * Instance: 
    +----------------------+----------------+---------+----+---+----+-----+
    |       Instance       |     Module     | BRAM_18K| DSP| FF| LUT| URAM|
    +----------------------+----------------+---------+----+---+----+-----+
    |mux_164_32_1_1_U3914  |mux_164_32_1_1  |        0|   0|  0|  65|    0|
    +----------------------+----------------+---------+----+---+----+-----+
    |Total                 |                |        0|   0|  0|  65|    0|
    +----------------------+----------------+---------+----+---+----+-----+

    * DSP: 
    N/A

    * Memory: 
    N/A

    * FIFO: 
    N/A

    * Expression: 
    +--------------------------------+----------+----+---+----+------------+------------+
    |          Variable Name         | Operation| DSP| FF| LUT| Bitwidth P0| Bitwidth P1|
    +--------------------------------+----------+----+---+----+------------+------------+
    |add_ln33_fu_922_p2              |         +|   0|  0|  12|           5|           1|
    |next_bucket_pointer_fu_1018_p2  |         +|   0|  0|  39|          32|          32|
    |ap_condition_505                |       and|   0|  0|   2|           1|           1|
    |ap_condition_508                |       and|   0|  0|   2|           1|           1|
    |ap_condition_511                |       and|   0|  0|   2|           1|           1|
    |ap_condition_514                |       and|   0|  0|   2|           1|           1|
    |ap_condition_517                |       and|   0|  0|   2|           1|           1|
    |ap_condition_520                |       and|   0|  0|   2|           1|           1|
    |ap_condition_523                |       and|   0|  0|   2|           1|           1|
    |ap_condition_526                |       and|   0|  0|   2|           1|           1|
    |ap_condition_529                |       and|   0|  0|   2|           1|           1|
    |ap_condition_532                |       and|   0|  0|   2|           1|           1|
    |ap_condition_535                |       and|   0|  0|   2|           1|           1|
    |ap_condition_538                |       and|   0|  0|   2|           1|           1|
    |ap_condition_541                |       and|   0|  0|   2|           1|           1|
    |ap_condition_544                |       and|   0|  0|   2|           1|           1|
    |ap_condition_547                |       and|   0|  0|   2|           1|           1|
    |ap_condition_550                |       and|   0|  0|   2|           1|           1|
    |icmp_ln33_fu_916_p2             |      icmp|   0|  0|  10|           5|           6|
    |ap_enable_pp0                   |       xor|   0|  0|   2|           1|           2|
    +--------------------------------+----------+----+---+----+------------+------------+
    |Total                           |          |   0|  0|  95|          59|          57|
    +--------------------------------+----------+----+---+----+------------+------------+

    * Multiplexer: 
    +----------------------------+----+-----------+-----+-----------+
    |            Name            | LUT| Input Size| Bits| Total Bits|
    +----------------------------+----+-----------+-----+-----------+
    |ap_done_int                 |   9|          2|    1|          2|
    |ap_enable_reg_pp0_iter1     |   9|          2|    1|          2|
    |bucket_pointer_1667_fu_192  |   9|          2|   32|         64|
    |bucket_pointer_1668_fu_196  |   9|          2|   32|         64|
    |bucket_pointer_1669_fu_200  |   9|          2|   32|         64|
    |bucket_pointer_1670_fu_204  |   9|          2|   32|         64|
    |bucket_pointer_1671_fu_208  |   9|          2|   32|         64|
    |bucket_pointer_1672_fu_212  |   9|          2|   32|         64|
    |bucket_pointer_1673_fu_216  |   9|          2|   32|         64|
    |bucket_pointer_1674_fu_220  |   9|          2|   32|         64|
    |bucket_pointer_1675_fu_224  |   9|          2|   32|         64|
    |bucket_pointer_1676_fu_228  |   9|          2|   32|         64|
    |bucket_pointer_1677_fu_232  |   9|          2|   32|         64|
    |bucket_pointer_1678_fu_236  |   9|          2|   32|         64|
    |bucket_pointer_1679_fu_240  |   9|          2|   32|         64|
    |bucket_pointer_1680_fu_244  |   9|          2|   32|         64|
    |bucket_pointer_1681_fu_248  |   9|          2|   32|         64|
    |bucket_pointer_1682_fu_252  |   9|          2|   32|         64|
    |bucket_pointer_1683_fu_256  |   9|          2|   32|         64|
    |bucket_sizes_2191_fu_264    |   9|          2|   32|         64|
    |bucket_sizes_2192_fu_268    |   9|          2|   32|         64|
    |bucket_sizes_2193_fu_272    |   9|          2|   32|         64|
    |bucket_sizes_2194_fu_276    |   9|          2|   32|         64|
    |bucket_sizes_2195_fu_280    |   9|          2|   32|         64|
    |bucket_sizes_2196_fu_284    |   9|          2|   32|         64|
    |bucket_sizes_2197_fu_288    |   9|          2|   32|         64|
    |bucket_sizes_2198_fu_292    |   9|          2|   32|         64|
    |bucket_sizes_2199_fu_296    |   9|          2|   32|         64|
    |bucket_sizes_2200_fu_300    |   9|          2|   32|         64|
    |bucket_sizes_2201_fu_304    |   9|          2|   32|         64|
    |bucket_sizes_2202_fu_308    |   9|          2|   32|         64|
    |bucket_sizes_2203_fu_312    |   9|          2|   32|         64|
    |bucket_sizes_2204_fu_316    |   9|          2|   32|         64|
    |bucket_sizes_2205_fu_320    |   9|          2|   32|         64|
    |bucket_sizes_fu_260         |   9|          2|   32|         64|
    |m_fu_188                    |   9|          2|    5|         10|
    +----------------------------+----+-----------+-----+-----------+
    |Total                       | 324|         72| 1063|       2126|
    +----------------------------+----+-----------+-----+-----------+

    * Register: 
    +----------------------------+----+----+-----+-----------+
    |            Name            | FF | LUT| Bits| Const Bits|
    +----------------------------+----+----+-----+-----------+
    |ap_CS_fsm                   |   1|   0|    1|          0|
    |ap_done_reg                 |   1|   0|    1|          0|
    |ap_enable_reg_pp0_iter1     |   1|   0|    1|          0|
    |bucket_pointer_1667_fu_192  |  32|   0|   32|          0|
    |bucket_pointer_1668_fu_196  |  32|   0|   32|          0|
    |bucket_pointer_1669_fu_200  |  32|   0|   32|          0|
    |bucket_pointer_1670_fu_204  |  32|   0|   32|          0|
    |bucket_pointer_1671_fu_208  |  32|   0|   32|          0|
    |bucket_pointer_1672_fu_212  |  32|   0|   32|          0|
    |bucket_pointer_1673_fu_216  |  32|   0|   32|          0|
    |bucket_pointer_1674_fu_220  |  32|   0|   32|          0|
    |bucket_pointer_1675_fu_224  |  32|   0|   32|          0|
    |bucket_pointer_1676_fu_228  |  32|   0|   32|          0|
    |bucket_pointer_1677_fu_232  |  32|   0|   32|          0|
    |bucket_pointer_1678_fu_236  |  32|   0|   32|          0|
    |bucket_pointer_1679_fu_240  |  32|   0|   32|          0|
    |bucket_pointer_1680_fu_244  |  32|   0|   32|          0|
    |bucket_pointer_1681_fu_248  |  32|   0|   32|          0|
    |bucket_pointer_1682_fu_252  |  32|   0|   32|          0|
    |bucket_pointer_1683_fu_256  |  32|   0|   32|          0|
    |bucket_sizes_2191_fu_264    |  32|   0|   32|          0|
    |bucket_sizes_2192_fu_268    |  32|   0|   32|          0|
    |bucket_sizes_2193_fu_272    |  32|   0|   32|          0|
    |bucket_sizes_2194_fu_276    |  32|   0|   32|          0|
    |bucket_sizes_2195_fu_280    |  32|   0|   32|          0|
    |bucket_sizes_2196_fu_284    |  32|   0|   32|          0|
    |bucket_sizes_2197_fu_288    |  32|   0|   32|          0|
    |bucket_sizes_2198_fu_292    |  32|   0|   32|          0|
    |bucket_sizes_2199_fu_296    |  32|   0|   32|          0|
    |bucket_sizes_2200_fu_300    |  32|   0|   32|          0|
    |bucket_sizes_2201_fu_304    |  32|   0|   32|          0|
    |bucket_sizes_2202_fu_308    |  32|   0|   32|          0|
    |bucket_sizes_2203_fu_312    |  32|   0|   32|          0|
    |bucket_sizes_2204_fu_316    |  32|   0|   32|          0|
    |bucket_sizes_2205_fu_320    |  32|   0|   32|          0|
    |bucket_sizes_fu_260         |  32|   0|   32|          0|
    |m_fu_188                    |   5|   0|    5|          0|
    +----------------------------+----+----+-----+-----------+
    |Total                       |1064|   0| 1064|          0|
    +----------------------------+----+----+-----+-----------+



================================================================
== Interface
================================================================
* Summary: 
+--------------------------------+-----+-----+------------+------------------------------------------------------------------+--------------+
|            RTL Ports           | Dir | Bits|  Protocol  |                           Source Object                          |    C Type    |
+--------------------------------+-----+-----+------------+------------------------------------------------------------------+--------------+
|ap_clk                          |   in|    1|  ap_ctrl_hs|  radix_sort_hex_batch.21.1_Pipeline_bucket_pointer_initialization|  return value|
|ap_rst                          |   in|    1|  ap_ctrl_hs|  radix_sort_hex_batch.21.1_Pipeline_bucket_pointer_initialization|  return value|
|ap_start                        |   in|    1|  ap_ctrl_hs|  radix_sort_hex_batch.21.1_Pipeline_bucket_pointer_initialization|  return value|
|ap_done                         |  out|    1|  ap_ctrl_hs|  radix_sort_hex_batch.21.1_Pipeline_bucket_pointer_initialization|  return value|
|ap_idle                         |  out|    1|  ap_ctrl_hs|  radix_sort_hex_batch.21.1_Pipeline_bucket_pointer_initialization|  return value|
|ap_ready                        |  out|    1|  ap_ctrl_hs|  radix_sort_hex_batch.21.1_Pipeline_bucket_pointer_initialization|  return value|
|bucket_sizes_7185               |   in|   32|     ap_none|                                                 bucket_sizes_7185|        scalar|
|bucket_sizes_7184               |   in|   32|     ap_none|                                                 bucket_sizes_7184|        scalar|
|bucket_sizes_7183               |   in|   32|     ap_none|                                                 bucket_sizes_7183|        scalar|
|bucket_sizes_7182               |   in|   32|     ap_none|                                                 bucket_sizes_7182|        scalar|
|bucket_sizes_7181               |   in|   32|     ap_none|                                                 bucket_sizes_7181|        scalar|
|bucket_sizes_7180               |   in|   32|     ap_none|                                                 bucket_sizes_7180|        scalar|
|bucket_sizes_7179               |   in|   32|     ap_none|                                                 bucket_sizes_7179|        scalar|
|bucket_sizes_7178               |   in|   32|     ap_none|                                                 bucket_sizes_7178|        scalar|
|bucket_sizes_7177               |   in|   32|     ap_none|                                                 bucket_sizes_7177|        scalar|
|bucket_sizes_7176               |   in|   32|     ap_none|                                                 bucket_sizes_7176|        scalar|
|bucket_sizes_7175               |   in|   32|     ap_none|                                                 bucket_sizes_7175|        scalar|
|bucket_sizes_7174               |   in|   32|     ap_none|                                                 bucket_sizes_7174|        scalar|
|bucket_sizes_7173               |   in|   32|     ap_none|                                                 bucket_sizes_7173|        scalar|
|bucket_sizes_7172               |   in|   32|     ap_none|                                                 bucket_sizes_7172|        scalar|
|bucket_sizes_7171               |   in|   32|     ap_none|                                                 bucket_sizes_7171|        scalar|
|bucket_sizes_7170               |   in|   32|     ap_none|                                                 bucket_sizes_7170|        scalar|
|bucket_pointer_3200             |   in|   32|     ap_none|                                               bucket_pointer_3200|        scalar|
|bucket_pointer_3199             |   in|   32|     ap_none|                                               bucket_pointer_3199|        scalar|
|bucket_pointer_3198             |   in|   32|     ap_none|                                               bucket_pointer_3198|        scalar|
|bucket_pointer_3197             |   in|   32|     ap_none|                                               bucket_pointer_3197|        scalar|
|bucket_pointer_3196             |   in|   32|     ap_none|                                               bucket_pointer_3196|        scalar|
|bucket_pointer_3195             |   in|   32|     ap_none|                                               bucket_pointer_3195|        scalar|
|bucket_pointer_3194             |   in|   32|     ap_none|                                               bucket_pointer_3194|        scalar|
|bucket_pointer_3193             |   in|   32|     ap_none|                                               bucket_pointer_3193|        scalar|
|bucket_pointer_3192             |   in|   32|     ap_none|                                               bucket_pointer_3192|        scalar|
|bucket_pointer_3191             |   in|   32|     ap_none|                                               bucket_pointer_3191|        scalar|
|bucket_pointer_3190             |   in|   32|     ap_none|                                               bucket_pointer_3190|        scalar|
|bucket_pointer_3189             |   in|   32|     ap_none|                                               bucket_pointer_3189|        scalar|
|bucket_pointer_3188             |   in|   32|     ap_none|                                               bucket_pointer_3188|        scalar|
|bucket_pointer_3187             |   in|   32|     ap_none|                                               bucket_pointer_3187|        scalar|
|bucket_pointer_3186             |   in|   32|     ap_none|                                               bucket_pointer_3186|        scalar|
|bucket_pointer                  |   in|   32|     ap_none|                                                    bucket_pointer|        scalar|
|bucket_sizes_7201_out           |  out|   32|      ap_vld|                                             bucket_sizes_7201_out|       pointer|
|bucket_sizes_7201_out_ap_vld    |  out|    1|      ap_vld|                                             bucket_sizes_7201_out|       pointer|
|bucket_sizes_7200_out           |  out|   32|      ap_vld|                                             bucket_sizes_7200_out|       pointer|
|bucket_sizes_7200_out_ap_vld    |  out|    1|      ap_vld|                                             bucket_sizes_7200_out|       pointer|
|bucket_sizes_7199_out           |  out|   32|      ap_vld|                                             bucket_sizes_7199_out|       pointer|
|bucket_sizes_7199_out_ap_vld    |  out|    1|      ap_vld|                                             bucket_sizes_7199_out|       pointer|
|bucket_sizes_7198_out           |  out|   32|      ap_vld|                                             bucket_sizes_7198_out|       pointer|
|bucket_sizes_7198_out_ap_vld    |  out|    1|      ap_vld|                                             bucket_sizes_7198_out|       pointer|
|bucket_sizes_7197_out           |  out|   32|      ap_vld|                                             bucket_sizes_7197_out|       pointer|
|bucket_sizes_7197_out_ap_vld    |  out|    1|      ap_vld|                                             bucket_sizes_7197_out|       pointer|
|bucket_sizes_7196_out           |  out|   32|      ap_vld|                                             bucket_sizes_7196_out|       pointer|
|bucket_sizes_7196_out_ap_vld    |  out|    1|      ap_vld|                                             bucket_sizes_7196_out|       pointer|
|bucket_sizes_7195_out           |  out|   32|      ap_vld|                                             bucket_sizes_7195_out|       pointer|
|bucket_sizes_7195_out_ap_vld    |  out|    1|      ap_vld|                                             bucket_sizes_7195_out|       pointer|
|bucket_sizes_7194_out           |  out|   32|      ap_vld|                                             bucket_sizes_7194_out|       pointer|
|bucket_sizes_7194_out_ap_vld    |  out|    1|      ap_vld|                                             bucket_sizes_7194_out|       pointer|
|bucket_sizes_7193_out           |  out|   32|      ap_vld|                                             bucket_sizes_7193_out|       pointer|
|bucket_sizes_7193_out_ap_vld    |  out|    1|      ap_vld|                                             bucket_sizes_7193_out|       pointer|
|bucket_sizes_7192_out           |  out|   32|      ap_vld|                                             bucket_sizes_7192_out|       pointer|
|bucket_sizes_7192_out_ap_vld    |  out|    1|      ap_vld|                                             bucket_sizes_7192_out|       pointer|
|bucket_sizes_7191_out           |  out|   32|      ap_vld|                                             bucket_sizes_7191_out|       pointer|
|bucket_sizes_7191_out_ap_vld    |  out|    1|      ap_vld|                                             bucket_sizes_7191_out|       pointer|
|bucket_sizes_7190_out           |  out|   32|      ap_vld|                                             bucket_sizes_7190_out|       pointer|
|bucket_sizes_7190_out_ap_vld    |  out|    1|      ap_vld|                                             bucket_sizes_7190_out|       pointer|
|bucket_sizes_7189_out           |  out|   32|      ap_vld|                                             bucket_sizes_7189_out|       pointer|
|bucket_sizes_7189_out_ap_vld    |  out|    1|      ap_vld|                                             bucket_sizes_7189_out|       pointer|
|bucket_sizes_7188_out           |  out|   32|      ap_vld|                                             bucket_sizes_7188_out|       pointer|
|bucket_sizes_7188_out_ap_vld    |  out|    1|      ap_vld|                                             bucket_sizes_7188_out|       pointer|
|bucket_sizes_7187_out           |  out|   32|      ap_vld|                                             bucket_sizes_7187_out|       pointer|
|bucket_sizes_7187_out_ap_vld    |  out|    1|      ap_vld|                                             bucket_sizes_7187_out|       pointer|
|bucket_sizes_7186_out           |  out|   32|      ap_vld|                                             bucket_sizes_7186_out|       pointer|
|bucket_sizes_7186_out_ap_vld    |  out|    1|      ap_vld|                                             bucket_sizes_7186_out|       pointer|
|bucket_pointer_3216_out         |  out|   32|      ap_vld|                                           bucket_pointer_3216_out|       pointer|
|bucket_pointer_3216_out_ap_vld  |  out|    1|      ap_vld|                                           bucket_pointer_3216_out|       pointer|
|bucket_pointer_3215_out         |  out|   32|      ap_vld|                                           bucket_pointer_3215_out|       pointer|
|bucket_pointer_3215_out_ap_vld  |  out|    1|      ap_vld|                                           bucket_pointer_3215_out|       pointer|
|bucket_pointer_3214_out         |  out|   32|      ap_vld|                                           bucket_pointer_3214_out|       pointer|
|bucket_pointer_3214_out_ap_vld  |  out|    1|      ap_vld|                                           bucket_pointer_3214_out|       pointer|
|bucket_pointer_3213_out         |  out|   32|      ap_vld|                                           bucket_pointer_3213_out|       pointer|
|bucket_pointer_3213_out_ap_vld  |  out|    1|      ap_vld|                                           bucket_pointer_3213_out|       pointer|
|bucket_pointer_3212_out         |  out|   32|      ap_vld|                                           bucket_pointer_3212_out|       pointer|
|bucket_pointer_3212_out_ap_vld  |  out|    1|      ap_vld|                                           bucket_pointer_3212_out|       pointer|
|bucket_pointer_3211_out         |  out|   32|      ap_vld|                                           bucket_pointer_3211_out|       pointer|
|bucket_pointer_3211_out_ap_vld  |  out|    1|      ap_vld|                                           bucket_pointer_3211_out|       pointer|
|bucket_pointer_3210_out         |  out|   32|      ap_vld|                                           bucket_pointer_3210_out|       pointer|
|bucket_pointer_3210_out_ap_vld  |  out|    1|      ap_vld|                                           bucket_pointer_3210_out|       pointer|
|bucket_pointer_3209_out         |  out|   32|      ap_vld|                                           bucket_pointer_3209_out|       pointer|
|bucket_pointer_3209_out_ap_vld  |  out|    1|      ap_vld|                                           bucket_pointer_3209_out|       pointer|
|bucket_pointer_3208_out         |  out|   32|      ap_vld|                                           bucket_pointer_3208_out|       pointer|
|bucket_pointer_3208_out_ap_vld  |  out|    1|      ap_vld|                                           bucket_pointer_3208_out|       pointer|
|bucket_pointer_3207_out         |  out|   32|      ap_vld|                                           bucket_pointer_3207_out|       pointer|
|bucket_pointer_3207_out_ap_vld  |  out|    1|      ap_vld|                                           bucket_pointer_3207_out|       pointer|
|bucket_pointer_3206_out         |  out|   32|      ap_vld|                                           bucket_pointer_3206_out|       pointer|
|bucket_pointer_3206_out_ap_vld  |  out|    1|      ap_vld|                                           bucket_pointer_3206_out|       pointer|
|bucket_pointer_3205_out         |  out|   32|      ap_vld|                                           bucket_pointer_3205_out|       pointer|
|bucket_pointer_3205_out_ap_vld  |  out|    1|      ap_vld|                                           bucket_pointer_3205_out|       pointer|
|bucket_pointer_3204_out         |  out|   32|      ap_vld|                                           bucket_pointer_3204_out|       pointer|
|bucket_pointer_3204_out_ap_vld  |  out|    1|      ap_vld|                                           bucket_pointer_3204_out|       pointer|
|bucket_pointer_3203_out         |  out|   32|      ap_vld|                                           bucket_pointer_3203_out|       pointer|
|bucket_pointer_3203_out_ap_vld  |  out|    1|      ap_vld|                                           bucket_pointer_3203_out|       pointer|
|bucket_pointer_3202_out         |  out|   32|      ap_vld|                                           bucket_pointer_3202_out|       pointer|
|bucket_pointer_3202_out_ap_vld  |  out|    1|      ap_vld|                                           bucket_pointer_3202_out|       pointer|
|bucket_pointer_3201_out         |  out|   32|      ap_vld|                                           bucket_pointer_3201_out|       pointer|
|bucket_pointer_3201_out_ap_vld  |  out|    1|      ap_vld|                                           bucket_pointer_3201_out|       pointer|
+--------------------------------+-----+-----+------------+------------------------------------------------------------------+--------------+

