

================================================================
== Vitis HLS Report for 'radix_sort_batch_44_1_Pipeline_input_bucket'
================================================================
* Date:           Sun Apr 23 22:21:04 2023

* Version:        2022.2 (Build 3670227 on Oct 13 2022)
* Project:        sort_seperate_bucket
* Solution:       solution1 (Vivado IP Flow Target)
* Product family: virtexuplus
* Target device:  xcu280-fsvh2892-2L-e


================================================================
== Performance Estimates
================================================================
+ Timing: 
    * Summary: 
    +--------+----------+----------+------------+
    |  Clock |  Target  | Estimated| Uncertainty|
    +--------+----------+----------+------------+
    |ap_clk  |  10.00 ns|  5.044 ns|     2.70 ns|
    +--------+----------+----------+------------+

+ Latency: 
    * Summary: 
    +---------+---------+----------+----------+-------+-------+---------+
    |  Latency (cycles) |  Latency (absolute) |    Interval   | Pipeline|
    |   min   |   max   |    min   |    max   |  min  |  max  |   Type  |
    +---------+---------+----------+----------+-------+-------+---------+
    |    15627|    15627|  0.156 ms|  0.156 ms|  15627|  15627|       no|
    +---------+---------+----------+----------+-------+-------+---------+

    + Detail: 
        * Instance: 
        N/A

        * Loop: 
        +----------------+---------+---------+----------+-----------+-----------+-------+----------+
        |                |  Latency (cycles) | Iteration|  Initiation Interval  |  Trip |          |
        |    Loop Name   |   min   |   max   |  Latency |  achieved |   target  | Count | Pipelined|
        +----------------+---------+---------+----------+-----------+-----------+-------+----------+
        |- input_bucket  |    15625|    15625|         2|          1|          1|  15625|       yes|
        +----------------+---------+---------+----------+-----------+-----------+-------+----------+



================================================================
== Utilization Estimates
================================================================
* Summary: 
+---------------------+---------+------+---------+---------+-----+
|         Name        | BRAM_18K|  DSP |    FF   |   LUT   | URAM|
+---------------------+---------+------+---------+---------+-----+
|DSP                  |        -|     -|        -|        -|    -|
|Expression           |        -|     -|        0|      310|    -|
|FIFO                 |        -|     -|        -|        -|    -|
|Instance             |        -|     -|        0|      130|    -|
|Memory               |        -|     -|        -|        -|    -|
|Multiplexer          |        -|     -|        -|      502|    -|
|Register             |        -|     -|      133|        -|    -|
+---------------------+---------+------+---------+---------+-----+
|Total                |        0|     0|      133|      942|    0|
+---------------------+---------+------+---------+---------+-----+
|Available SLR        |     1344|  3008|   869120|   434560|  320|
+---------------------+---------+------+---------+---------+-----+
|Utilization SLR (%)  |        0|     0|       ~0|       ~0|    0|
+---------------------+---------+------+---------+---------+-----+
|Available            |     4032|  9024|  2607360|  1303680|  960|
+---------------------+---------+------+---------+---------+-----+
|Utilization (%)      |        0|     0|       ~0|       ~0|    0|
+---------------------+---------+------+---------+---------+-----+

+ Detail: 
    * Instance: 
    +----------------------+----------------+---------+----+---+----+-----+
    |       Instance       |     Module     | BRAM_18K| DSP| FF| LUT| URAM|
    +----------------------+----------------+---------+----+---+----+-----+
    |mux_164_32_1_1_U8418  |mux_164_32_1_1  |        0|   0|  0|  65|    0|
    |mux_164_32_1_1_U8419  |mux_164_32_1_1  |        0|   0|  0|  65|    0|
    +----------------------+----------------+---------+----+---+----+-----+
    |Total                 |                |        0|   0|  0| 130|    0|
    +----------------------+----------------+---------+----+---+----+-----+

    * DSP: 
    N/A

    * Memory: 
    N/A

    * FIFO: 
    N/A

    * Expression: 
    +--------------------------+----------+----+---+----+------------+------------+
    |       Variable Name      | Operation| DSP| FF| LUT| Bitwidth P0| Bitwidth P1|
    +--------------------------+----------+----+---+----+------------+------------+
    |add_ln40_fu_675_p2        |         +|   0|  0|  21|          14|           1|
    |add_ln41_fu_685_p2        |         +|   0|  0|  22|          15|          15|
    |add_ln43_fu_836_p2        |         +|   0|  0|  22|          15|          15|
    |bucket_pointer_fu_856_p2  |         +|   0|  0|  39|          32|           1|
    |bucket_sizes_fu_1070_p2   |         +|   0|  0|  39|          32|           1|
    |shifted_fu_785_p2         |      ashr|   0|  0|  92|          32|          32|
    |addr_cmp_fu_771_p2        |      icmp|   0|  0|  29|          64|          64|
    |icmp_ln40_fu_669_p2       |      icmp|   0|  0|  12|          14|          11|
    |reuse_select_fu_776_p3    |    select|   0|  0|  32|           1|          32|
    |ap_enable_pp0             |       xor|   0|  0|   2|           1|           2|
    +--------------------------+----------+----+---+----+------------+------------+
    |Total                     |          |   0|  0| 310|         220|         174|
    +--------------------------+----------+----+---+----+------------+------------+

    * Multiplexer: 
    +---------------------------+----+-----------+-----+-----------+
    |            Name           | LUT| Input Size| Bits| Total Bits|
    +---------------------------+----+-----------+-----+-----------+
    |ap_done_int                |   9|          2|    1|          2|
    |ap_enable_reg_pp0_iter1    |   9|          2|    1|          2|
    |ap_sig_allocacmp_j         |   9|          2|   14|         28|
    |bucket_pointer_1593_out_o  |  14|          3|   32|         96|
    |bucket_pointer_1594_out_o  |  14|          3|   32|         96|
    |bucket_pointer_1595_out_o  |  14|          3|   32|         96|
    |bucket_pointer_1596_out_o  |  14|          3|   32|         96|
    |bucket_pointer_1597_out_o  |  14|          3|   32|         96|
    |bucket_pointer_1598_out_o  |  14|          3|   32|         96|
    |bucket_pointer_1599_out_o  |  14|          3|   32|         96|
    |bucket_pointer_1600_out_o  |  14|          3|   32|         96|
    |bucket_pointer_1601_out_o  |  14|          3|   32|         96|
    |bucket_pointer_1602_out_o  |  14|          3|   32|         96|
    |bucket_pointer_1603_out_o  |  14|          3|   32|         96|
    |bucket_pointer_1604_out_o  |  14|          3|   32|         96|
    |bucket_pointer_1605_out_o  |  14|          3|   32|         96|
    |bucket_pointer_1606_out_o  |  14|          3|   32|         96|
    |bucket_pointer_1607_out_o  |  14|          3|   32|         96|
    |bucket_pointer_1608_out_o  |  14|          3|   32|         96|
    |bucket_sizes_3593_out_o    |  14|          3|   32|         96|
    |bucket_sizes_3594_out_o    |  14|          3|   32|         96|
    |bucket_sizes_3595_out_o    |  14|          3|   32|         96|
    |bucket_sizes_3596_out_o    |  14|          3|   32|         96|
    |bucket_sizes_3597_out_o    |  14|          3|   32|         96|
    |bucket_sizes_3598_out_o    |  14|          3|   32|         96|
    |bucket_sizes_3599_out_o    |  14|          3|   32|         96|
    |bucket_sizes_3600_out_o    |  14|          3|   32|         96|
    |bucket_sizes_3601_out_o    |  14|          3|   32|         96|
    |bucket_sizes_3602_out_o    |  14|          3|   32|         96|
    |bucket_sizes_3603_out_o    |  14|          3|   32|         96|
    |bucket_sizes_3604_out_o    |  14|          3|   32|         96|
    |bucket_sizes_3605_out_o    |  14|          3|   32|         96|
    |bucket_sizes_3606_out_o    |  14|          3|   32|         96|
    |bucket_sizes_3607_out_o    |  14|          3|   32|         96|
    |bucket_sizes_3608_out_o    |  14|          3|   32|         96|
    |j_25_fu_216                |   9|          2|   14|         28|
    |reuse_addr_reg_fu_208      |   9|          2|   64|        128|
    |reuse_reg_fu_212           |   9|          2|   32|         64|
    +---------------------------+----+-----------+-----+-----------+
    |Total                      | 502|        108| 1150|       3324|
    +---------------------------+----+-----------+-----+-----------+

    * Register: 
    +--------------------------+----+----+-----+-----------+
    |           Name           | FF | LUT| Bits| Const Bits|
    +--------------------------+----+----+-----+-----------+
    |ap_CS_fsm                 |   1|   0|    1|          0|
    |ap_done_reg               |   1|   0|    1|          0|
    |ap_enable_reg_pp0_iter1   |   1|   0|    1|          0|
    |j_25_fu_216               |  14|   0|   14|          0|
    |mul_cast_i_cast_reg_1198  |   5|   0|   32|         27|
    |reuse_addr_reg_fu_208     |  64|   0|   64|          0|
    |reuse_reg_fu_212          |  32|   0|   32|          0|
    |zext_ln41_25_reg_1206     |  15|   0|   64|         49|
    +--------------------------+----+----+-----+-----------+
    |Total                     | 133|   0|  209|         76|
    +--------------------------+----+----+-----+-----------+



================================================================
== Interface
================================================================
* Summary: 
+----------------------------------+-----+-----+------------+---------------------------------------------+--------------+
|             RTL Ports            | Dir | Bits|  Protocol  |                Source Object                |    C Type    |
+----------------------------------+-----+-----+------------+---------------------------------------------+--------------+
|ap_clk                            |   in|    1|  ap_ctrl_hs|  radix_sort_batch.44.1_Pipeline_input_bucket|  return value|
|ap_rst                            |   in|    1|  ap_ctrl_hs|  radix_sort_batch.44.1_Pipeline_input_bucket|  return value|
|ap_start                          |   in|    1|  ap_ctrl_hs|  radix_sort_batch.44.1_Pipeline_input_bucket|  return value|
|ap_done                           |  out|    1|  ap_ctrl_hs|  radix_sort_batch.44.1_Pipeline_input_bucket|  return value|
|ap_idle                           |  out|    1|  ap_ctrl_hs|  radix_sort_batch.44.1_Pipeline_input_bucket|  return value|
|ap_ready                          |  out|    1|  ap_ctrl_hs|  radix_sort_batch.44.1_Pipeline_input_bucket|  return value|
|bucket_sizes_3576_reload          |   in|   32|     ap_none|                     bucket_sizes_3576_reload|        scalar|
|bucket_sizes_3575_reload          |   in|   32|     ap_none|                     bucket_sizes_3575_reload|        scalar|
|bucket_sizes_3574_reload          |   in|   32|     ap_none|                     bucket_sizes_3574_reload|        scalar|
|bucket_sizes_3573_reload          |   in|   32|     ap_none|                     bucket_sizes_3573_reload|        scalar|
|bucket_sizes_3572_reload          |   in|   32|     ap_none|                     bucket_sizes_3572_reload|        scalar|
|bucket_sizes_3571_reload          |   in|   32|     ap_none|                     bucket_sizes_3571_reload|        scalar|
|bucket_sizes_3570_reload          |   in|   32|     ap_none|                     bucket_sizes_3570_reload|        scalar|
|bucket_sizes_3569_reload          |   in|   32|     ap_none|                     bucket_sizes_3569_reload|        scalar|
|bucket_sizes_3568_reload          |   in|   32|     ap_none|                     bucket_sizes_3568_reload|        scalar|
|bucket_sizes_3567_reload          |   in|   32|     ap_none|                     bucket_sizes_3567_reload|        scalar|
|bucket_sizes_3566_reload          |   in|   32|     ap_none|                     bucket_sizes_3566_reload|        scalar|
|bucket_sizes_3565_reload          |   in|   32|     ap_none|                     bucket_sizes_3565_reload|        scalar|
|bucket_sizes_3564_reload          |   in|   32|     ap_none|                     bucket_sizes_3564_reload|        scalar|
|bucket_sizes_3563_reload          |   in|   32|     ap_none|                     bucket_sizes_3563_reload|        scalar|
|bucket_sizes_3562_reload          |   in|   32|     ap_none|                     bucket_sizes_3562_reload|        scalar|
|bucket_sizes_3561_reload          |   in|   32|     ap_none|                     bucket_sizes_3561_reload|        scalar|
|bucket_pointer_1591_reload        |   in|   32|     ap_none|                   bucket_pointer_1591_reload|        scalar|
|bucket_pointer_1590_reload        |   in|   32|     ap_none|                   bucket_pointer_1590_reload|        scalar|
|bucket_pointer_1589_reload        |   in|   32|     ap_none|                   bucket_pointer_1589_reload|        scalar|
|bucket_pointer_1588_reload        |   in|   32|     ap_none|                   bucket_pointer_1588_reload|        scalar|
|bucket_pointer_1587_reload        |   in|   32|     ap_none|                   bucket_pointer_1587_reload|        scalar|
|bucket_pointer_1586_reload        |   in|   32|     ap_none|                   bucket_pointer_1586_reload|        scalar|
|bucket_pointer_1585_reload        |   in|   32|     ap_none|                   bucket_pointer_1585_reload|        scalar|
|bucket_pointer_1584_reload        |   in|   32|     ap_none|                   bucket_pointer_1584_reload|        scalar|
|bucket_pointer_1583_reload        |   in|   32|     ap_none|                   bucket_pointer_1583_reload|        scalar|
|bucket_pointer_1582_reload        |   in|   32|     ap_none|                   bucket_pointer_1582_reload|        scalar|
|bucket_pointer_1581_reload        |   in|   32|     ap_none|                   bucket_pointer_1581_reload|        scalar|
|bucket_pointer_1580_reload        |   in|   32|     ap_none|                   bucket_pointer_1580_reload|        scalar|
|bucket_pointer_1579_reload        |   in|   32|     ap_none|                   bucket_pointer_1579_reload|        scalar|
|bucket_pointer_1578_reload        |   in|   32|     ap_none|                   bucket_pointer_1578_reload|        scalar|
|bucket_pointer_1577_reload        |   in|   32|     ap_none|                   bucket_pointer_1577_reload|        scalar|
|bucket_pointer_1576_reload        |   in|   32|     ap_none|                   bucket_pointer_1576_reload|        scalar|
|mul_ln41                          |   in|   15|     ap_none|                                     mul_ln41|        scalar|
|bucket_address0                   |  out|   15|   ap_memory|                                       bucket|         array|
|bucket_ce0                        |  out|    1|   ap_memory|                                       bucket|         array|
|bucket_we0                        |  out|    1|   ap_memory|                                       bucket|         array|
|bucket_d0                         |  out|   32|   ap_memory|                                       bucket|         array|
|bucket_address1                   |  out|   15|   ap_memory|                                       bucket|         array|
|bucket_ce1                        |  out|    1|   ap_memory|                                       bucket|         array|
|bucket_q1                         |   in|   32|   ap_memory|                                       bucket|         array|
|mul_cast_i                        |   in|    5|     ap_none|                                   mul_cast_i|        scalar|
|mul_ln43                          |   in|   15|     ap_none|                                     mul_ln43|        scalar|
|bucket_sizes_3608_out_i           |   in|   32|     ap_ovld|                        bucket_sizes_3608_out|       pointer|
|bucket_sizes_3608_out_o           |  out|   32|     ap_ovld|                        bucket_sizes_3608_out|       pointer|
|bucket_sizes_3608_out_o_ap_vld    |  out|    1|     ap_ovld|                        bucket_sizes_3608_out|       pointer|
|bucket_sizes_3607_out_i           |   in|   32|     ap_ovld|                        bucket_sizes_3607_out|       pointer|
|bucket_sizes_3607_out_o           |  out|   32|     ap_ovld|                        bucket_sizes_3607_out|       pointer|
|bucket_sizes_3607_out_o_ap_vld    |  out|    1|     ap_ovld|                        bucket_sizes_3607_out|       pointer|
|bucket_sizes_3606_out_i           |   in|   32|     ap_ovld|                        bucket_sizes_3606_out|       pointer|
|bucket_sizes_3606_out_o           |  out|   32|     ap_ovld|                        bucket_sizes_3606_out|       pointer|
|bucket_sizes_3606_out_o_ap_vld    |  out|    1|     ap_ovld|                        bucket_sizes_3606_out|       pointer|
|bucket_sizes_3605_out_i           |   in|   32|     ap_ovld|                        bucket_sizes_3605_out|       pointer|
|bucket_sizes_3605_out_o           |  out|   32|     ap_ovld|                        bucket_sizes_3605_out|       pointer|
|bucket_sizes_3605_out_o_ap_vld    |  out|    1|     ap_ovld|                        bucket_sizes_3605_out|       pointer|
|bucket_sizes_3604_out_i           |   in|   32|     ap_ovld|                        bucket_sizes_3604_out|       pointer|
|bucket_sizes_3604_out_o           |  out|   32|     ap_ovld|                        bucket_sizes_3604_out|       pointer|
|bucket_sizes_3604_out_o_ap_vld    |  out|    1|     ap_ovld|                        bucket_sizes_3604_out|       pointer|
|bucket_sizes_3603_out_i           |   in|   32|     ap_ovld|                        bucket_sizes_3603_out|       pointer|
|bucket_sizes_3603_out_o           |  out|   32|     ap_ovld|                        bucket_sizes_3603_out|       pointer|
|bucket_sizes_3603_out_o_ap_vld    |  out|    1|     ap_ovld|                        bucket_sizes_3603_out|       pointer|
|bucket_sizes_3602_out_i           |   in|   32|     ap_ovld|                        bucket_sizes_3602_out|       pointer|
|bucket_sizes_3602_out_o           |  out|   32|     ap_ovld|                        bucket_sizes_3602_out|       pointer|
|bucket_sizes_3602_out_o_ap_vld    |  out|    1|     ap_ovld|                        bucket_sizes_3602_out|       pointer|
|bucket_sizes_3601_out_i           |   in|   32|     ap_ovld|                        bucket_sizes_3601_out|       pointer|
|bucket_sizes_3601_out_o           |  out|   32|     ap_ovld|                        bucket_sizes_3601_out|       pointer|
|bucket_sizes_3601_out_o_ap_vld    |  out|    1|     ap_ovld|                        bucket_sizes_3601_out|       pointer|
|bucket_sizes_3600_out_i           |   in|   32|     ap_ovld|                        bucket_sizes_3600_out|       pointer|
|bucket_sizes_3600_out_o           |  out|   32|     ap_ovld|                        bucket_sizes_3600_out|       pointer|
|bucket_sizes_3600_out_o_ap_vld    |  out|    1|     ap_ovld|                        bucket_sizes_3600_out|       pointer|
|bucket_sizes_3599_out_i           |   in|   32|     ap_ovld|                        bucket_sizes_3599_out|       pointer|
|bucket_sizes_3599_out_o           |  out|   32|     ap_ovld|                        bucket_sizes_3599_out|       pointer|
|bucket_sizes_3599_out_o_ap_vld    |  out|    1|     ap_ovld|                        bucket_sizes_3599_out|       pointer|
|bucket_sizes_3598_out_i           |   in|   32|     ap_ovld|                        bucket_sizes_3598_out|       pointer|
|bucket_sizes_3598_out_o           |  out|   32|     ap_ovld|                        bucket_sizes_3598_out|       pointer|
|bucket_sizes_3598_out_o_ap_vld    |  out|    1|     ap_ovld|                        bucket_sizes_3598_out|       pointer|
|bucket_sizes_3597_out_i           |   in|   32|     ap_ovld|                        bucket_sizes_3597_out|       pointer|
|bucket_sizes_3597_out_o           |  out|   32|     ap_ovld|                        bucket_sizes_3597_out|       pointer|
|bucket_sizes_3597_out_o_ap_vld    |  out|    1|     ap_ovld|                        bucket_sizes_3597_out|       pointer|
|bucket_sizes_3596_out_i           |   in|   32|     ap_ovld|                        bucket_sizes_3596_out|       pointer|
|bucket_sizes_3596_out_o           |  out|   32|     ap_ovld|                        bucket_sizes_3596_out|       pointer|
|bucket_sizes_3596_out_o_ap_vld    |  out|    1|     ap_ovld|                        bucket_sizes_3596_out|       pointer|
|bucket_sizes_3595_out_i           |   in|   32|     ap_ovld|                        bucket_sizes_3595_out|       pointer|
|bucket_sizes_3595_out_o           |  out|   32|     ap_ovld|                        bucket_sizes_3595_out|       pointer|
|bucket_sizes_3595_out_o_ap_vld    |  out|    1|     ap_ovld|                        bucket_sizes_3595_out|       pointer|
|bucket_sizes_3594_out_i           |   in|   32|     ap_ovld|                        bucket_sizes_3594_out|       pointer|
|bucket_sizes_3594_out_o           |  out|   32|     ap_ovld|                        bucket_sizes_3594_out|       pointer|
|bucket_sizes_3594_out_o_ap_vld    |  out|    1|     ap_ovld|                        bucket_sizes_3594_out|       pointer|
|bucket_sizes_3593_out_i           |   in|   32|     ap_ovld|                        bucket_sizes_3593_out|       pointer|
|bucket_sizes_3593_out_o           |  out|   32|     ap_ovld|                        bucket_sizes_3593_out|       pointer|
|bucket_sizes_3593_out_o_ap_vld    |  out|    1|     ap_ovld|                        bucket_sizes_3593_out|       pointer|
|bucket_pointer_1608_out_i         |   in|   32|     ap_ovld|                      bucket_pointer_1608_out|       pointer|
|bucket_pointer_1608_out_o         |  out|   32|     ap_ovld|                      bucket_pointer_1608_out|       pointer|
|bucket_pointer_1608_out_o_ap_vld  |  out|    1|     ap_ovld|                      bucket_pointer_1608_out|       pointer|
|bucket_pointer_1607_out_i         |   in|   32|     ap_ovld|                      bucket_pointer_1607_out|       pointer|
|bucket_pointer_1607_out_o         |  out|   32|     ap_ovld|                      bucket_pointer_1607_out|       pointer|
|bucket_pointer_1607_out_o_ap_vld  |  out|    1|     ap_ovld|                      bucket_pointer_1607_out|       pointer|
|bucket_pointer_1606_out_i         |   in|   32|     ap_ovld|                      bucket_pointer_1606_out|       pointer|
|bucket_pointer_1606_out_o         |  out|   32|     ap_ovld|                      bucket_pointer_1606_out|       pointer|
|bucket_pointer_1606_out_o_ap_vld  |  out|    1|     ap_ovld|                      bucket_pointer_1606_out|       pointer|
|bucket_pointer_1605_out_i         |   in|   32|     ap_ovld|                      bucket_pointer_1605_out|       pointer|
|bucket_pointer_1605_out_o         |  out|   32|     ap_ovld|                      bucket_pointer_1605_out|       pointer|
|bucket_pointer_1605_out_o_ap_vld  |  out|    1|     ap_ovld|                      bucket_pointer_1605_out|       pointer|
|bucket_pointer_1604_out_i         |   in|   32|     ap_ovld|                      bucket_pointer_1604_out|       pointer|
|bucket_pointer_1604_out_o         |  out|   32|     ap_ovld|                      bucket_pointer_1604_out|       pointer|
|bucket_pointer_1604_out_o_ap_vld  |  out|    1|     ap_ovld|                      bucket_pointer_1604_out|       pointer|
|bucket_pointer_1603_out_i         |   in|   32|     ap_ovld|                      bucket_pointer_1603_out|       pointer|
|bucket_pointer_1603_out_o         |  out|   32|     ap_ovld|                      bucket_pointer_1603_out|       pointer|
|bucket_pointer_1603_out_o_ap_vld  |  out|    1|     ap_ovld|                      bucket_pointer_1603_out|       pointer|
|bucket_pointer_1602_out_i         |   in|   32|     ap_ovld|                      bucket_pointer_1602_out|       pointer|
|bucket_pointer_1602_out_o         |  out|   32|     ap_ovld|                      bucket_pointer_1602_out|       pointer|
|bucket_pointer_1602_out_o_ap_vld  |  out|    1|     ap_ovld|                      bucket_pointer_1602_out|       pointer|
|bucket_pointer_1601_out_i         |   in|   32|     ap_ovld|                      bucket_pointer_1601_out|       pointer|
|bucket_pointer_1601_out_o         |  out|   32|     ap_ovld|                      bucket_pointer_1601_out|       pointer|
|bucket_pointer_1601_out_o_ap_vld  |  out|    1|     ap_ovld|                      bucket_pointer_1601_out|       pointer|
|bucket_pointer_1600_out_i         |   in|   32|     ap_ovld|                      bucket_pointer_1600_out|       pointer|
|bucket_pointer_1600_out_o         |  out|   32|     ap_ovld|                      bucket_pointer_1600_out|       pointer|
|bucket_pointer_1600_out_o_ap_vld  |  out|    1|     ap_ovld|                      bucket_pointer_1600_out|       pointer|
|bucket_pointer_1599_out_i         |   in|   32|     ap_ovld|                      bucket_pointer_1599_out|       pointer|
|bucket_pointer_1599_out_o         |  out|   32|     ap_ovld|                      bucket_pointer_1599_out|       pointer|
|bucket_pointer_1599_out_o_ap_vld  |  out|    1|     ap_ovld|                      bucket_pointer_1599_out|       pointer|
|bucket_pointer_1598_out_i         |   in|   32|     ap_ovld|                      bucket_pointer_1598_out|       pointer|
|bucket_pointer_1598_out_o         |  out|   32|     ap_ovld|                      bucket_pointer_1598_out|       pointer|
|bucket_pointer_1598_out_o_ap_vld  |  out|    1|     ap_ovld|                      bucket_pointer_1598_out|       pointer|
|bucket_pointer_1597_out_i         |   in|   32|     ap_ovld|                      bucket_pointer_1597_out|       pointer|
|bucket_pointer_1597_out_o         |  out|   32|     ap_ovld|                      bucket_pointer_1597_out|       pointer|
|bucket_pointer_1597_out_o_ap_vld  |  out|    1|     ap_ovld|                      bucket_pointer_1597_out|       pointer|
|bucket_pointer_1596_out_i         |   in|   32|     ap_ovld|                      bucket_pointer_1596_out|       pointer|
|bucket_pointer_1596_out_o         |  out|   32|     ap_ovld|                      bucket_pointer_1596_out|       pointer|
|bucket_pointer_1596_out_o_ap_vld  |  out|    1|     ap_ovld|                      bucket_pointer_1596_out|       pointer|
|bucket_pointer_1595_out_i         |   in|   32|     ap_ovld|                      bucket_pointer_1595_out|       pointer|
|bucket_pointer_1595_out_o         |  out|   32|     ap_ovld|                      bucket_pointer_1595_out|       pointer|
|bucket_pointer_1595_out_o_ap_vld  |  out|    1|     ap_ovld|                      bucket_pointer_1595_out|       pointer|
|bucket_pointer_1594_out_i         |   in|   32|     ap_ovld|                      bucket_pointer_1594_out|       pointer|
|bucket_pointer_1594_out_o         |  out|   32|     ap_ovld|                      bucket_pointer_1594_out|       pointer|
|bucket_pointer_1594_out_o_ap_vld  |  out|    1|     ap_ovld|                      bucket_pointer_1594_out|       pointer|
|bucket_pointer_1593_out_i         |   in|   32|     ap_ovld|                      bucket_pointer_1593_out|       pointer|
|bucket_pointer_1593_out_o         |  out|   32|     ap_ovld|                      bucket_pointer_1593_out|       pointer|
|bucket_pointer_1593_out_o_ap_vld  |  out|    1|     ap_ovld|                      bucket_pointer_1593_out|       pointer|
+----------------------------------+-----+-----+------------+---------------------------------------------+--------------+

