

================================================================
== Vitis HLS Report for 'merge_sort_77'
================================================================
* Date:           Sat Apr 22 15:42:39 2023

* Version:        2022.2 (Build 3670227 on Oct 13 2022)
* Project:        sort_seperate_bucket
* Solution:       solution1 (Vivado IP Flow Target)
* Product family: virtexuplus
* Target device:  xcu280-fsvh2892-2L-e


================================================================
== Performance Estimates
================================================================
+ Timing: 
    * Summary: 
    +--------+----------+----------+------------+
    |  Clock |  Target  | Estimated| Uncertainty|
    +--------+----------+----------+------------+
    |ap_clk  |  10.00 ns|  3.355 ns|     2.70 ns|
    +--------+----------+----------+------------+

+ Latency: 
    * Summary: 
    +---------+---------+----------+----------+--------+--------+---------+
    |  Latency (cycles) |  Latency (absolute) |     Interval    | Pipeline|
    |   min   |   max   |    min   |    max   |   min  |   max  |   Type  |
    +---------+---------+----------+----------+--------+--------+---------+
    |   312502|   312502|  3.125 ms|  3.125 ms|  312502|  312502|       no|
    +---------+---------+----------+----------+--------+--------+---------+

    + Detail: 
        * Instance: 
        N/A

        * Loop: 
        +------------------+---------+---------+----------+-----------+-----------+--------+----------+
        |                  |  Latency (cycles) | Iteration|  Initiation Interval  |  Trip  |          |
        |     Loop Name    |   min   |   max   |  Latency |  achieved |   target  |  Count | Pipelined|
        +------------------+---------+---------+----------+-----------+-----------+--------+----------+
        |- VITIS_LOOP_9_1  |   312500|   312500|         2|          1|          1|  312500|       yes|
        +------------------+---------+---------+----------+-----------+-----------+--------+----------+



================================================================
== Utilization Estimates
================================================================
* Summary: 
+---------------------+---------+------+---------+---------+-----+
|         Name        | BRAM_18K|  DSP |    FF   |   LUT   | URAM|
+---------------------+---------+------+---------+---------+-----+
|DSP                  |        -|     -|        -|        -|    -|
|Expression           |        -|     -|        0|      294|    -|
|FIFO                 |        -|     -|        -|        -|    -|
|Instance             |        -|     -|        -|        -|    -|
|Memory               |        -|     -|        -|        -|    -|
|Multiplexer          |        -|     -|        -|      112|    -|
|Register             |        -|     -|      171|        -|    -|
+---------------------+---------+------+---------+---------+-----+
|Total                |        0|     0|      171|      406|    0|
+---------------------+---------+------+---------+---------+-----+
|Available SLR        |     1344|  3008|   869120|   434560|  320|
+---------------------+---------+------+---------+---------+-----+
|Utilization SLR (%)  |        0|     0|       ~0|       ~0|    0|
+---------------------+---------+------+---------+---------+-----+
|Available            |     4032|  9024|  2607360|  1303680|  960|
+---------------------+---------+------+---------+---------+-----+
|Utilization (%)      |        0|     0|       ~0|       ~0|    0|
+---------------------+---------+------+---------+---------+-----+

+ Detail: 
    * Instance: 
    N/A

    * DSP: 
    N/A

    * Memory: 
    N/A

    * FIFO: 
    N/A

    * Expression: 
    +---------------------------+----------+----+---+----+------------+------------+
    |       Variable Name       | Operation| DSP| FF| LUT| Bitwidth P0| Bitwidth P1|
    +---------------------------+----------+----+---+----+------------+------------+
    |add_ln9_fu_116_p2          |         +|   0|  0|  26|          19|           1|
    |j_111_fu_167_p2            |         +|   0|  0|  39|          32|           1|
    |j_fu_215_p2                |         +|   0|  0|  39|          32|           1|
    |k_111_fu_178_p2            |         +|   0|  0|  39|          32|           1|
    |k_fu_205_p2                |         +|   0|  0|  39|          32|           1|
    |and_ln12_fu_149_p2         |       and|   0|  0|   2|           1|           1|
    |and_ln25_fu_161_p2         |       and|   0|  0|   2|           1|           1|
    |ap_condition_110           |       and|   0|  0|   2|           1|           1|
    |ap_condition_259           |       and|   0|  0|   2|           1|           1|
    |ap_condition_263           |       and|   0|  0|   2|           1|           1|
    |ap_condition_269           |       and|   0|  0|   2|           1|           1|
    |ap_condition_273           |       and|   0|  0|   2|           1|           1|
    |icmp_ln12_23_fu_143_p2     |      icmp|   0|  0|  20|          32|          18|
    |icmp_ln12_fu_137_p2        |      icmp|   0|  0|  20|          32|          18|
    |icmp_ln13_fu_199_p2        |      icmp|   0|  0|  20|          32|          32|
    |icmp_ln25_fu_155_p2        |      icmp|   0|  0|  20|          32|          18|
    |icmp_ln9_fu_110_p2         |      icmp|   0|  0|  14|          19|          19|
    |ap_block_pp0_stage0_11001  |        or|   0|  0|   2|           1|           1|
    |ap_enable_pp0              |       xor|   0|  0|   2|           1|           2|
    +---------------------------+----------+----+---+----+------------+------------+
    |Total                      |          |   0|  0| 294|         303|         120|
    +---------------------------+----------+----+---+----+------------+------------+

    * Multiplexer: 
    +-------------------------+----+-----------+-----+-----------+
    |           Name          | LUT| Input Size| Bits| Total Bits|
    +-------------------------+----+-----------+-----+-----------+
    |ap_done_int              |   9|          2|    1|          2|
    |ap_enable_reg_pp0_iter1  |   9|          2|    1|          2|
    |ap_sig_allocacmp_i_98    |   9|          2|   19|         38|
    |ap_sig_allocacmp_j_110   |  14|          3|   32|         96|
    |ap_sig_allocacmp_k_110   |  14|          3|   32|         96|
    |i_fu_34                  |   9|          2|   19|         38|
    |j_01_fu_42               |  20|          4|   32|        128|
    |k_02_fu_38               |  14|          3|   32|         96|
    |sorted_data_d0           |  14|          3|   32|         96|
    +-------------------------+----+-----------+-----+-----------+
    |Total                    | 112|         24|  200|        592|
    +-------------------------+----+-----------+-----+-----------+

    * Register: 
    +--------------------------+----+----+-----+-----------+
    |           Name           | FF | LUT| Bits| Const Bits|
    +--------------------------+----+----+-----+-----------+
    |and_ln12_reg_272          |   1|   0|    1|          0|
    |and_ln25_reg_281          |   1|   0|    1|          0|
    |ap_CS_fsm                 |   1|   0|    1|          0|
    |ap_done_reg               |   1|   0|    1|          0|
    |ap_enable_reg_pp0_iter1   |   1|   0|    1|          0|
    |i_fu_34                   |  19|   0|   19|          0|
    |j_01_fu_42                |  32|   0|   32|          0|
    |j_110_reg_254             |  32|   0|   32|          0|
    |k_02_fu_38                |  32|   0|   32|          0|
    |k_110_reg_249             |  32|   0|   32|          0|
    |sorted_data_addr_reg_276  |  19|   0|   19|          0|
    +--------------------------+----+----+-----+-----------+
    |Total                     | 171|   0|  171|          0|
    +--------------------------+----+----+-----+-----------+



================================================================
== Interface
================================================================
* Summary: 
+----------------------+-----+-----+------------+---------------+--------------+
|       RTL Ports      | Dir | Bits|  Protocol  | Source Object |    C Type    |
+----------------------+-----+-----+------------+---------------+--------------+
|ap_clk                |   in|    1|  ap_ctrl_hs|  merge_sort.77|  return value|
|ap_rst                |   in|    1|  ap_ctrl_hs|  merge_sort.77|  return value|
|ap_start              |   in|    1|  ap_ctrl_hs|  merge_sort.77|  return value|
|ap_done               |  out|    1|  ap_ctrl_hs|  merge_sort.77|  return value|
|ap_continue           |   in|    1|  ap_ctrl_hs|  merge_sort.77|  return value|
|ap_idle               |  out|    1|  ap_ctrl_hs|  merge_sort.77|  return value|
|ap_ready              |  out|    1|  ap_ctrl_hs|  merge_sort.77|  return value|
|input1_address0       |  out|   18|   ap_memory|         input1|         array|
|input1_ce0            |  out|    1|   ap_memory|         input1|         array|
|input1_q0             |   in|   32|   ap_memory|         input1|         array|
|input2_address0       |  out|   18|   ap_memory|         input2|         array|
|input2_ce0            |  out|    1|   ap_memory|         input2|         array|
|input2_q0             |   in|   32|   ap_memory|         input2|         array|
|sorted_data_address0  |  out|   19|   ap_memory|    sorted_data|         array|
|sorted_data_ce0       |  out|    1|   ap_memory|    sorted_data|         array|
|sorted_data_we0       |  out|    1|   ap_memory|    sorted_data|         array|
|sorted_data_d0        |  out|   32|   ap_memory|    sorted_data|         array|
+----------------------+-----+-----+------------+---------------+--------------+

============================================================
+ Verbose Summary: Synthesis Manager
============================================================
InlineROM: 1
ExposeGlobal: 0
============================================================
+ Verbose Summary: CDFG Model
============================================================
IsTopModel: 0
ResetActiveHigh: 1
IsCombinational: 2
IsDatapathOnly: 0
HasWiredReturn: 1
HasMFsm: 2
HasVarLatency: 1
IsPipeline: 0
IsRtlPipelined: 0
IsInstanceOverlapped: 0
IsDontTouch: 0
HasImplIP: 0
IsGatedGlobalClock: 0

+ Individual pipeline summary: 
  * Pipeline-0: initiation interval (II) = 1, depth = 2


============================================================
+ Verbose Summary: Schedule
============================================================
* Number of FSM states : 2
* Pipeline : 1
  Pipeline-0 : II = 1, D = 2, States = { 1 2 }
* Dataflow Pipeline: 0

* FSM state transitions: 
1 --> 2 
2 --> 

* FSM state operations: 

State 1 <SV = 0> <Delay = 1.55>
ST_1 : Operation 5 [1/1] (0.00ns)   --->   "%i = alloca i32 1"   --->   Operation 5 'alloca' 'i' <Predicate = true> <Delay = 0.00>
ST_1 : Operation 6 [1/1] (0.00ns)   --->   "%k_02 = alloca i32 1"   --->   Operation 6 'alloca' 'k_02' <Predicate = true> <Delay = 0.00>
ST_1 : Operation 7 [1/1] (0.00ns)   --->   "%j_01 = alloca i32 1"   --->   Operation 7 'alloca' 'j_01' <Predicate = true> <Delay = 0.00>
ST_1 : Operation 8 [1/1] (0.45ns)   --->   "%store_ln9 = store i32 0, i32 %j_01" [sort_seperate_bucket/merge_sort.c:9]   --->   Operation 8 'store' 'store_ln9' <Predicate = true> <Delay = 0.45>
ST_1 : Operation 9 [1/1] (0.41ns)   --->   "%store_ln9 = store i32 0, i32 %k_02" [sort_seperate_bucket/merge_sort.c:9]   --->   Operation 9 'store' 'store_ln9' <Predicate = true> <Delay = 0.41>
ST_1 : Operation 10 [1/1] (0.38ns)   --->   "%store_ln9 = store i19 0, i19 %i" [sort_seperate_bucket/merge_sort.c:9]   --->   Operation 10 'store' 'store_ln9' <Predicate = true> <Delay = 0.38>
ST_1 : Operation 11 [1/1] (0.00ns)   --->   "%br_ln9 = br void %for.body" [sort_seperate_bucket/merge_sort.c:9]   --->   Operation 11 'br' 'br_ln9' <Predicate = true> <Delay = 0.00>
ST_1 : Operation 12 [1/1] (0.00ns)   --->   "%i_98 = load i19 %i" [sort_seperate_bucket/merge_sort.c:9]   --->   Operation 12 'load' 'i_98' <Predicate = true> <Delay = 0.00>
ST_1 : Operation 13 [1/1] (0.00ns)   --->   "%k_110 = load i32 %k_02" [sort_seperate_bucket/merge_sort.c:27]   --->   Operation 13 'load' 'k_110' <Predicate = true> <Delay = 0.00>
ST_1 : Operation 14 [1/1] (0.00ns)   --->   "%j_110 = load i32 %j_01" [sort_seperate_bucket/merge_sort.c:31]   --->   Operation 14 'load' 'j_110' <Predicate = true> <Delay = 0.00>
ST_1 : Operation 15 [1/1] (0.71ns)   --->   "%icmp_ln9 = icmp_eq  i19 %i_98, i19 312500" [sort_seperate_bucket/merge_sort.c:9]   --->   Operation 15 'icmp' 'icmp_ln9' <Predicate = true> <Delay = 0.71> <CoreInst = "Cmp">   --->   Core 9 'Cmp' <Latency = 0> <II = 1> <Delay = 0.71> <FuncUnit> <Opcode : 'icmp'> <InPorts = 2> <OutPorts = 1>
ST_1 : Operation 16 [1/1] (0.00ns)   --->   "%empty = speclooptripcount i32 @_ssdm_op_SpecLoopTripCount, i64 312500, i64 312500, i64 312500"   --->   Operation 16 'speclooptripcount' 'empty' <Predicate = true> <Delay = 0.00>
ST_1 : Operation 17 [1/1] (0.80ns)   --->   "%add_ln9 = add i19 %i_98, i19 1" [sort_seperate_bucket/merge_sort.c:9]   --->   Operation 17 'add' 'add_ln9' <Predicate = true> <Delay = 0.80> <CoreInst = "Adder">   --->   Core 1 'Adder' <Latency = 0> <II = 1> <Delay = 0.80> <FuncUnit> <Opcode : 'add' 'sub'> <InPorts = 2> <OutPorts = 1>
ST_1 : Operation 18 [1/1] (0.00ns)   --->   "%br_ln9 = br i1 %icmp_ln9, void %for.body.split, void %for.end" [sort_seperate_bucket/merge_sort.c:9]   --->   Operation 18 'br' 'br_ln9' <Predicate = true> <Delay = 0.00>
ST_1 : Operation 19 [1/1] (0.00ns)   --->   "%zext_ln9 = zext i19 %i_98" [sort_seperate_bucket/merge_sort.c:9]   --->   Operation 19 'zext' 'zext_ln9' <Predicate = (!icmp_ln9)> <Delay = 0.00>
ST_1 : Operation 20 [1/1] (0.00ns)   --->   "%specpipeline_ln11 = specpipeline void @_ssdm_op_SpecPipeline, i32 4294967295, i32 0, i32 0, i32 0, void @empty_28" [sort_seperate_bucket/merge_sort.c:11]   --->   Operation 20 'specpipeline' 'specpipeline_ln11' <Predicate = (!icmp_ln9)> <Delay = 0.00>
ST_1 : Operation 21 [1/1] (0.00ns)   --->   "%specloopname_ln7 = specloopname void @_ssdm_op_SpecLoopName, void @empty_37" [sort_seperate_bucket/merge_sort.c:7]   --->   Operation 21 'specloopname' 'specloopname_ln7' <Predicate = (!icmp_ln9)> <Delay = 0.00>
ST_1 : Operation 22 [1/1] (0.00ns)   --->   "%zext_ln10 = zext i32 %j_110" [sort_seperate_bucket/merge_sort.c:10]   --->   Operation 22 'zext' 'zext_ln10' <Predicate = (!icmp_ln9)> <Delay = 0.00>
ST_1 : Operation 23 [1/1] (0.00ns)   --->   "%input1_addr = getelementptr i32 %input1, i64 0, i64 %zext_ln10" [sort_seperate_bucket/merge_sort.c:10]   --->   Operation 23 'getelementptr' 'input1_addr' <Predicate = (!icmp_ln9)> <Delay = 0.00>
ST_1 : Operation 24 [1/1] (0.00ns)   --->   "%zext_ln10_23 = zext i32 %k_110" [sort_seperate_bucket/merge_sort.c:10]   --->   Operation 24 'zext' 'zext_ln10_23' <Predicate = (!icmp_ln9)> <Delay = 0.00>
ST_1 : Operation 25 [1/1] (0.00ns)   --->   "%input2_addr = getelementptr i32 %input2, i64 0, i64 %zext_ln10_23" [sort_seperate_bucket/merge_sort.c:10]   --->   Operation 25 'getelementptr' 'input2_addr' <Predicate = (!icmp_ln9)> <Delay = 0.00>
ST_1 : Operation 26 [1/1] (0.85ns)   --->   "%icmp_ln12 = icmp_slt  i32 %j_110, i32 156250" [sort_seperate_bucket/merge_sort.c:12]   --->   Operation 26 'icmp' 'icmp_ln12' <Predicate = (!icmp_ln9)> <Delay = 0.85> <CoreInst = "Cmp">   --->   Core 9 'Cmp' <Latency = 0> <II = 1> <Delay = 0.85> <FuncUnit> <Opcode : 'icmp'> <InPorts = 2> <OutPorts = 1>
ST_1 : Operation 27 [1/1] (0.85ns)   --->   "%icmp_ln12_23 = icmp_slt  i32 %k_110, i32 156250" [sort_seperate_bucket/merge_sort.c:12]   --->   Operation 27 'icmp' 'icmp_ln12_23' <Predicate = (!icmp_ln9)> <Delay = 0.85> <CoreInst = "Cmp">   --->   Core 9 'Cmp' <Latency = 0> <II = 1> <Delay = 0.85> <FuncUnit> <Opcode : 'icmp'> <InPorts = 2> <OutPorts = 1>
ST_1 : Operation 28 [1/1] (0.12ns)   --->   "%and_ln12 = and i1 %icmp_ln12, i1 %icmp_ln12_23" [sort_seperate_bucket/merge_sort.c:12]   --->   Operation 28 'and' 'and_ln12' <Predicate = (!icmp_ln9)> <Delay = 0.12> <CoreInst = "LogicGate">   --->   Core 74 'LogicGate' <Latency = 0> <II = 1> <Delay = 0.12> <FuncUnit> <Opcode : 'and' 'or' 'xor'> <InPorts = 2> <OutPorts = 1>
ST_1 : Operation 29 [1/1] (0.00ns)   --->   "%sorted_data_addr = getelementptr i32 %sorted_data, i64 0, i64 %zext_ln9" [sort_seperate_bucket/merge_sort.c:30]   --->   Operation 29 'getelementptr' 'sorted_data_addr' <Predicate = (!icmp_ln9)> <Delay = 0.00>
ST_1 : Operation 30 [1/1] (0.00ns)   --->   "%br_ln12 = br i1 %and_ln12, void %if.else26, void %if.then" [sort_seperate_bucket/merge_sort.c:12]   --->   Operation 30 'br' 'br_ln12' <Predicate = (!icmp_ln9)> <Delay = 0.00>
ST_1 : Operation 31 [1/1] (0.85ns)   --->   "%icmp_ln25 = icmp_eq  i32 %j_110, i32 156250" [sort_seperate_bucket/merge_sort.c:25]   --->   Operation 31 'icmp' 'icmp_ln25' <Predicate = (!icmp_ln9 & !and_ln12)> <Delay = 0.85> <CoreInst = "Cmp">   --->   Core 9 'Cmp' <Latency = 0> <II = 1> <Delay = 0.85> <FuncUnit> <Opcode : 'icmp'> <InPorts = 2> <OutPorts = 1>
ST_1 : Operation 32 [1/1] (0.12ns)   --->   "%and_ln25 = and i1 %icmp_ln25, i1 %icmp_ln12_23" [sort_seperate_bucket/merge_sort.c:25]   --->   Operation 32 'and' 'and_ln25' <Predicate = (!icmp_ln9 & !and_ln12)> <Delay = 0.12> <CoreInst = "LogicGate">   --->   Core 74 'LogicGate' <Latency = 0> <II = 1> <Delay = 0.12> <FuncUnit> <Opcode : 'and' 'or' 'xor'> <InPorts = 2> <OutPorts = 1>
ST_1 : Operation 33 [1/1] (0.00ns)   --->   "%br_ln25 = br i1 %and_ln25, void %if.else36, void %if.then30" [sort_seperate_bucket/merge_sort.c:25]   --->   Operation 33 'br' 'br_ln25' <Predicate = (!icmp_ln9 & !and_ln12)> <Delay = 0.00>
ST_1 : Operation 34 [2/2] (1.24ns)   --->   "%input1_load_23 = load i18 %input1_addr" [sort_seperate_bucket/merge_sort.c:30]   --->   Operation 34 'load' 'input1_load_23' <Predicate = (!icmp_ln9 & !and_ln12 & !and_ln25)> <Delay = 1.24> <CoreInst = "RAM">   --->   Core 83 'RAM' <Latency = 1> <II = 1> <Delay = 1.24> <Storage> <Opcode : 'load' 'store'> <Ports = 2> <Width = 32> <Depth = 156250> <RAM>
ST_1 : Operation 35 [1/1] (0.88ns)   --->   "%j_111 = add i32 %j_110, i32 1" [sort_seperate_bucket/merge_sort.c:31]   --->   Operation 35 'add' 'j_111' <Predicate = (!icmp_ln9 & !and_ln12 & !and_ln25)> <Delay = 0.88> <CoreInst = "Adder">   --->   Core 1 'Adder' <Latency = 0> <II = 1> <Delay = 0.88> <FuncUnit> <Opcode : 'add' 'sub'> <InPorts = 2> <OutPorts = 1>
ST_1 : Operation 36 [1/1] (0.45ns)   --->   "%store_ln31 = store i32 %j_111, i32 %j_01" [sort_seperate_bucket/merge_sort.c:31]   --->   Operation 36 'store' 'store_ln31' <Predicate = (!icmp_ln9 & !and_ln12 & !and_ln25)> <Delay = 0.45>
ST_1 : Operation 37 [2/2] (1.24ns)   --->   "%input2_load_23 = load i18 %input2_addr" [sort_seperate_bucket/merge_sort.c:26]   --->   Operation 37 'load' 'input2_load_23' <Predicate = (!icmp_ln9 & !and_ln12 & and_ln25)> <Delay = 1.24> <CoreInst = "RAM">   --->   Core 83 'RAM' <Latency = 1> <II = 1> <Delay = 1.24> <Storage> <Opcode : 'load' 'store'> <Ports = 2> <Width = 32> <Depth = 156250> <RAM>
ST_1 : Operation 38 [1/1] (0.88ns)   --->   "%k_111 = add i32 %k_110, i32 1" [sort_seperate_bucket/merge_sort.c:27]   --->   Operation 38 'add' 'k_111' <Predicate = (!icmp_ln9 & !and_ln12 & and_ln25)> <Delay = 0.88> <CoreInst = "Adder">   --->   Core 1 'Adder' <Latency = 0> <II = 1> <Delay = 0.88> <FuncUnit> <Opcode : 'add' 'sub'> <InPorts = 2> <OutPorts = 1>
ST_1 : Operation 39 [1/1] (0.45ns)   --->   "%store_ln28 = store i32 156250, i32 %j_01" [sort_seperate_bucket/merge_sort.c:28]   --->   Operation 39 'store' 'store_ln28' <Predicate = (!icmp_ln9 & !and_ln12 & and_ln25)> <Delay = 0.45>
ST_1 : Operation 40 [1/1] (0.41ns)   --->   "%store_ln28 = store i32 %k_111, i32 %k_02" [sort_seperate_bucket/merge_sort.c:28]   --->   Operation 40 'store' 'store_ln28' <Predicate = (!icmp_ln9 & !and_ln12 & and_ln25)> <Delay = 0.41>
ST_1 : Operation 41 [2/2] (1.24ns)   --->   "%input1_load = load i18 %input1_addr" [sort_seperate_bucket/merge_sort.c:13]   --->   Operation 41 'load' 'input1_load' <Predicate = (!icmp_ln9 & and_ln12)> <Delay = 1.24> <CoreInst = "RAM">   --->   Core 83 'RAM' <Latency = 1> <II = 1> <Delay = 1.24> <Storage> <Opcode : 'load' 'store'> <Ports = 2> <Width = 32> <Depth = 156250> <RAM>
ST_1 : Operation 42 [2/2] (1.24ns)   --->   "%input2_load = load i18 %input2_addr" [sort_seperate_bucket/merge_sort.c:13]   --->   Operation 42 'load' 'input2_load' <Predicate = (!icmp_ln9 & and_ln12)> <Delay = 1.24> <CoreInst = "RAM">   --->   Core 83 'RAM' <Latency = 1> <II = 1> <Delay = 1.24> <Storage> <Opcode : 'load' 'store'> <Ports = 2> <Width = 32> <Depth = 156250> <RAM>
ST_1 : Operation 43 [1/1] (0.38ns)   --->   "%store_ln9 = store i19 %add_ln9, i19 %i" [sort_seperate_bucket/merge_sort.c:9]   --->   Operation 43 'store' 'store_ln9' <Predicate = (!icmp_ln9)> <Delay = 0.38>
ST_1 : Operation 44 [1/1] (0.00ns)   --->   "%br_ln9 = br void %for.body" [sort_seperate_bucket/merge_sort.c:9]   --->   Operation 44 'br' 'br_ln9' <Predicate = (!icmp_ln9)> <Delay = 0.00>
ST_1 : Operation 63 [1/1] (0.00ns)   --->   "%ret_ln34 = ret" [sort_seperate_bucket/merge_sort.c:34]   --->   Operation 63 'ret' 'ret_ln34' <Predicate = (icmp_ln9)> <Delay = 0.00>

State 2 <SV = 1> <Delay = 3.35>
ST_2 : Operation 45 [1/2] (1.24ns)   --->   "%input1_load_23 = load i18 %input1_addr" [sort_seperate_bucket/merge_sort.c:30]   --->   Operation 45 'load' 'input1_load_23' <Predicate = (!and_ln12 & !and_ln25)> <Delay = 1.24> <CoreInst = "RAM">   --->   Core 83 'RAM' <Latency = 1> <II = 1> <Delay = 1.24> <Storage> <Opcode : 'load' 'store'> <Ports = 2> <Width = 32> <Depth = 156250> <RAM>
ST_2 : Operation 46 [1/1] (1.24ns)   --->   "%store_ln30 = store i32 %input1_load_23, i19 %sorted_data_addr" [sort_seperate_bucket/merge_sort.c:30]   --->   Operation 46 'store' 'store_ln30' <Predicate = (!and_ln12 & !and_ln25)> <Delay = 1.24> <CoreInst = "RAM">   --->   Core 83 'RAM' <Latency = 1> <II = 1> <Delay = 1.24> <Storage> <Opcode : 'load' 'store'> <Ports = 2> <Width = 32> <Depth = 312500> <RAM>
ST_2 : Operation 47 [1/1] (0.00ns)   --->   "%br_ln0 = br void %for.inc"   --->   Operation 47 'br' 'br_ln0' <Predicate = (!and_ln12 & !and_ln25)> <Delay = 0.00>
ST_2 : Operation 48 [1/2] (1.24ns)   --->   "%input2_load_23 = load i18 %input2_addr" [sort_seperate_bucket/merge_sort.c:26]   --->   Operation 48 'load' 'input2_load_23' <Predicate = (!and_ln12 & and_ln25)> <Delay = 1.24> <CoreInst = "RAM">   --->   Core 83 'RAM' <Latency = 1> <II = 1> <Delay = 1.24> <Storage> <Opcode : 'load' 'store'> <Ports = 2> <Width = 32> <Depth = 156250> <RAM>
ST_2 : Operation 49 [1/1] (1.24ns)   --->   "%store_ln26 = store i32 %input2_load_23, i19 %sorted_data_addr" [sort_seperate_bucket/merge_sort.c:26]   --->   Operation 49 'store' 'store_ln26' <Predicate = (!and_ln12 & and_ln25)> <Delay = 1.24> <CoreInst = "RAM">   --->   Core 83 'RAM' <Latency = 1> <II = 1> <Delay = 1.24> <Storage> <Opcode : 'load' 'store'> <Ports = 2> <Width = 32> <Depth = 312500> <RAM>
ST_2 : Operation 50 [1/1] (0.00ns)   --->   "%br_ln28 = br void %for.inc" [sort_seperate_bucket/merge_sort.c:28]   --->   Operation 50 'br' 'br_ln28' <Predicate = (!and_ln12 & and_ln25)> <Delay = 0.00>
ST_2 : Operation 51 [1/2] (1.24ns)   --->   "%input1_load = load i18 %input1_addr" [sort_seperate_bucket/merge_sort.c:13]   --->   Operation 51 'load' 'input1_load' <Predicate = (and_ln12)> <Delay = 1.24> <CoreInst = "RAM">   --->   Core 83 'RAM' <Latency = 1> <II = 1> <Delay = 1.24> <Storage> <Opcode : 'load' 'store'> <Ports = 2> <Width = 32> <Depth = 156250> <RAM>
ST_2 : Operation 52 [1/2] (1.24ns)   --->   "%input2_load = load i18 %input2_addr" [sort_seperate_bucket/merge_sort.c:13]   --->   Operation 52 'load' 'input2_load' <Predicate = (and_ln12)> <Delay = 1.24> <CoreInst = "RAM">   --->   Core 83 'RAM' <Latency = 1> <II = 1> <Delay = 1.24> <Storage> <Opcode : 'load' 'store'> <Ports = 2> <Width = 32> <Depth = 156250> <RAM>
ST_2 : Operation 53 [1/1] (0.85ns)   --->   "%icmp_ln13 = icmp_slt  i32 %input1_load, i32 %input2_load" [sort_seperate_bucket/merge_sort.c:13]   --->   Operation 53 'icmp' 'icmp_ln13' <Predicate = (and_ln12)> <Delay = 0.85> <CoreInst = "Cmp">   --->   Core 9 'Cmp' <Latency = 0> <II = 1> <Delay = 0.85> <FuncUnit> <Opcode : 'icmp'> <InPorts = 2> <OutPorts = 1>
ST_2 : Operation 54 [1/1] (0.00ns)   --->   "%br_ln13 = br i1 %icmp_ln13, void %if.else, void %if.then10" [sort_seperate_bucket/merge_sort.c:13]   --->   Operation 54 'br' 'br_ln13' <Predicate = (and_ln12)> <Delay = 0.00>
ST_2 : Operation 55 [1/1] (1.24ns)   --->   "%store_ln19 = store i32 %input2_load, i19 %sorted_data_addr" [sort_seperate_bucket/merge_sort.c:19]   --->   Operation 55 'store' 'store_ln19' <Predicate = (and_ln12 & !icmp_ln13)> <Delay = 1.24> <CoreInst = "RAM">   --->   Core 83 'RAM' <Latency = 1> <II = 1> <Delay = 1.24> <Storage> <Opcode : 'load' 'store'> <Ports = 2> <Width = 32> <Depth = 312500> <RAM>
ST_2 : Operation 56 [1/1] (0.88ns)   --->   "%k = add i32 %k_110, i32 1" [sort_seperate_bucket/merge_sort.c:20]   --->   Operation 56 'add' 'k' <Predicate = (and_ln12 & !icmp_ln13)> <Delay = 0.88> <CoreInst = "Adder">   --->   Core 1 'Adder' <Latency = 0> <II = 1> <Delay = 0.88> <FuncUnit> <Opcode : 'add' 'sub'> <InPorts = 2> <OutPorts = 1>
ST_2 : Operation 57 [1/1] (0.41ns)   --->   "%store_ln20 = store i32 %k, i32 %k_02" [sort_seperate_bucket/merge_sort.c:20]   --->   Operation 57 'store' 'store_ln20' <Predicate = (and_ln12 & !icmp_ln13)> <Delay = 0.41>
ST_2 : Operation 58 [1/1] (0.00ns)   --->   "%br_ln0 = br void %for.inc"   --->   Operation 58 'br' 'br_ln0' <Predicate = (and_ln12 & !icmp_ln13)> <Delay = 0.00>
ST_2 : Operation 59 [1/1] (1.24ns)   --->   "%store_ln14 = store i32 %input1_load, i19 %sorted_data_addr" [sort_seperate_bucket/merge_sort.c:14]   --->   Operation 59 'store' 'store_ln14' <Predicate = (and_ln12 & icmp_ln13)> <Delay = 1.24> <CoreInst = "RAM">   --->   Core 83 'RAM' <Latency = 1> <II = 1> <Delay = 1.24> <Storage> <Opcode : 'load' 'store'> <Ports = 2> <Width = 32> <Depth = 312500> <RAM>
ST_2 : Operation 60 [1/1] (0.88ns)   --->   "%j = add i32 %j_110, i32 1" [sort_seperate_bucket/merge_sort.c:15]   --->   Operation 60 'add' 'j' <Predicate = (and_ln12 & icmp_ln13)> <Delay = 0.88> <CoreInst = "Adder">   --->   Core 1 'Adder' <Latency = 0> <II = 1> <Delay = 0.88> <FuncUnit> <Opcode : 'add' 'sub'> <InPorts = 2> <OutPorts = 1>
ST_2 : Operation 61 [1/1] (0.45ns)   --->   "%store_ln17 = store i32 %j, i32 %j_01" [sort_seperate_bucket/merge_sort.c:17]   --->   Operation 61 'store' 'store_ln17' <Predicate = (and_ln12 & icmp_ln13)> <Delay = 0.45>
ST_2 : Operation 62 [1/1] (0.00ns)   --->   "%br_ln17 = br void %for.inc" [sort_seperate_bucket/merge_sort.c:17]   --->   Operation 62 'br' 'br_ln17' <Predicate = (and_ln12 & icmp_ln13)> <Delay = 0.00>


============================================================
+ Verbose Summary: Binding
============================================================
STG Binding: 
---------------- STG Properties BEGIN ----------------
- Is combinational: 0
- Is one-state seq: 0
- Is datapath-only: 0
- Is pipelined: 0
- Is top level: 0
Port [ Return ] is wired: 1; IO mode=ap_ctrl_hs:ce=0
Port [ input1]:  wired=1; compound=1; hidden=0; nouse=0; global=0; static=0; extern=0; dir=0; type=1; pingpong=1; private_global=0; MemPort=[13]; IO mode=ap_memory:ce=0
Port [ input2]:  wired=1; compound=1; hidden=0; nouse=0; global=0; static=0; extern=0; dir=0; type=1; pingpong=1; private_global=0; MemPort=[13]; IO mode=ap_memory:ce=0
Port [ sorted_data]:  wired=1; compound=1; hidden=0; nouse=0; global=0; static=0; extern=0; dir=1; type=1; pingpong=1; private_global=0; MemPort=[03]; IO mode=ap_memory:ce=0
---------------- STG Properties END ------------------

---------------- Datapath Model BEGIN ----------------

<LifeTime>
<method=bitvector/>
i                 (alloca           ) [ 010]
k_02              (alloca           ) [ 011]
j_01              (alloca           ) [ 011]
store_ln9         (store            ) [ 000]
store_ln9         (store            ) [ 000]
store_ln9         (store            ) [ 000]
br_ln9            (br               ) [ 000]
i_98              (load             ) [ 000]
k_110             (load             ) [ 011]
j_110             (load             ) [ 011]
icmp_ln9          (icmp             ) [ 010]
empty             (speclooptripcount) [ 000]
add_ln9           (add              ) [ 000]
br_ln9            (br               ) [ 000]
zext_ln9          (zext             ) [ 000]
specpipeline_ln11 (specpipeline     ) [ 000]
specloopname_ln7  (specloopname     ) [ 000]
zext_ln10         (zext             ) [ 000]
input1_addr       (getelementptr    ) [ 011]
zext_ln10_23      (zext             ) [ 000]
input2_addr       (getelementptr    ) [ 011]
icmp_ln12         (icmp             ) [ 000]
icmp_ln12_23      (icmp             ) [ 000]
and_ln12          (and              ) [ 011]
sorted_data_addr  (getelementptr    ) [ 011]
br_ln12           (br               ) [ 000]
icmp_ln25         (icmp             ) [ 000]
and_ln25          (and              ) [ 011]
br_ln25           (br               ) [ 000]
j_111             (add              ) [ 000]
store_ln31        (store            ) [ 000]
k_111             (add              ) [ 000]
store_ln28        (store            ) [ 000]
store_ln28        (store            ) [ 000]
store_ln9         (store            ) [ 000]
br_ln9            (br               ) [ 000]
input1_load_23    (load             ) [ 000]
store_ln30        (store            ) [ 000]
br_ln0            (br               ) [ 000]
input2_load_23    (load             ) [ 000]
store_ln26        (store            ) [ 000]
br_ln28           (br               ) [ 000]
input1_load       (load             ) [ 000]
input2_load       (load             ) [ 000]
icmp_ln13         (icmp             ) [ 011]
br_ln13           (br               ) [ 000]
store_ln19        (store            ) [ 000]
k                 (add              ) [ 000]
store_ln20        (store            ) [ 000]
br_ln0            (br               ) [ 000]
store_ln14        (store            ) [ 000]
j                 (add              ) [ 000]
store_ln17        (store            ) [ 000]
br_ln17           (br               ) [ 000]
ret_ln34          (ret              ) [ 000]
</LifeTime>

<model>

<comp_list>
<comp id="0" class="1000" name="input1">
<pin_list>
<pin id="1" dir="1" index="0" bw="1" slack="0"/>
</pin_list>
<bind>
<StgValue><ssdm name="input1"/><MemPortTyVec>1 3 </MemPortTyVec>
</StgValue>
</bind>
</comp>

<comp id="2" class="1000" name="input2">
<pin_list>
<pin id="3" dir="1" index="0" bw="1" slack="0"/>
</pin_list>
<bind>
<StgValue><ssdm name="input2"/><MemPortTyVec>1 3 </MemPortTyVec>
</StgValue>
</bind>
</comp>

<comp id="4" class="1000" name="sorted_data">
<pin_list>
<pin id="5" dir="1" index="0" bw="1" slack="0"/>
</pin_list>
<bind>
<StgValue><ssdm name="sorted_data"/><MemPortTyVec>0 3 </MemPortTyVec>
</StgValue>
</bind>
</comp>

<comp id="6" class="1001" name="const_6">
<pin_list>
<pin id="7" dir="1" index="0" bw="1" slack="0"/>
</pin_list>
<bind>
<StgValue><ssdm name=""/></StgValue>
</bind>
</comp>

<comp id="8" class="1001" name="const_8">
<pin_list>
<pin id="9" dir="1" index="0" bw="1" slack="0"/>
</pin_list>
<bind>
<StgValue><ssdm name=""/></StgValue>
</bind>
</comp>

<comp id="10" class="1001" name="const_10">
<pin_list>
<pin id="11" dir="1" index="0" bw="1" slack="0"/>
</pin_list>
<bind>
<StgValue><ssdm name=""/></StgValue>
</bind>
</comp>

<comp id="12" class="1001" name="const_12">
<pin_list>
<pin id="13" dir="1" index="0" bw="1" slack="0"/>
</pin_list>
<bind>
<StgValue><ssdm name=""/></StgValue>
</bind>
</comp>

<comp id="14" class="1001" name="const_14">
<pin_list>
<pin id="15" dir="1" index="0" bw="1" slack="2147483647"/>
</pin_list>
<bind>
<StgValue><ssdm name="_ssdm_op_SpecLoopTripCount"/></StgValue>
</bind>
</comp>

<comp id="16" class="1001" name="const_16">
<pin_list>
<pin id="17" dir="1" index="0" bw="1" slack="2147483647"/>
</pin_list>
<bind>
<StgValue><ssdm name=""/></StgValue>
</bind>
</comp>

<comp id="18" class="1001" name="const_18">
<pin_list>
<pin id="19" dir="1" index="0" bw="1" slack="0"/>
</pin_list>
<bind>
<StgValue><ssdm name=""/></StgValue>
</bind>
</comp>

<comp id="20" class="1001" name="const_20">
<pin_list>
<pin id="21" dir="1" index="0" bw="1" slack="2147483647"/>
</pin_list>
<bind>
<StgValue><ssdm name="_ssdm_op_SpecPipeline"/></StgValue>
</bind>
</comp>

<comp id="22" class="1001" name="const_22">
<pin_list>
<pin id="23" dir="1" index="0" bw="1" slack="2147483647"/>
</pin_list>
<bind>
<StgValue><ssdm name=""/></StgValue>
</bind>
</comp>

<comp id="24" class="1001" name="const_24">
<pin_list>
<pin id="25" dir="1" index="0" bw="1" slack="2147483647"/>
</pin_list>
<bind>
<StgValue><ssdm name="empty_28"/></StgValue>
</bind>
</comp>

<comp id="26" class="1001" name="const_26">
<pin_list>
<pin id="27" dir="1" index="0" bw="1" slack="2147483647"/>
</pin_list>
<bind>
<StgValue><ssdm name="_ssdm_op_SpecLoopName"/></StgValue>
</bind>
</comp>

<comp id="28" class="1001" name="const_28">
<pin_list>
<pin id="29" dir="1" index="0" bw="1" slack="2147483647"/>
</pin_list>
<bind>
<StgValue><ssdm name="empty_37"/></StgValue>
</bind>
</comp>

<comp id="30" class="1001" name="const_30">
<pin_list>
<pin id="31" dir="1" index="0" bw="1" slack="0"/>
</pin_list>
<bind>
<StgValue><ssdm name=""/></StgValue>
</bind>
</comp>

<comp id="32" class="1001" name="const_32">
<pin_list>
<pin id="33" dir="1" index="0" bw="1" slack="0"/>
</pin_list>
<bind>
<StgValue><ssdm name=""/></StgValue>
</bind>
</comp>

<comp id="34" class="1004" name="i_fu_34">
<pin_list>
<pin id="35" dir="0" index="0" bw="1" slack="0"/>
<pin id="36" dir="1" index="1" bw="19" slack="0"/>
</pin_list>
<bind>
<opcode="alloca(26) " fcode="alloca"/>
<opset="i/1 "/>
</bind>
</comp>

<comp id="38" class="1004" name="k_02_fu_38">
<pin_list>
<pin id="39" dir="0" index="0" bw="1" slack="0"/>
<pin id="40" dir="1" index="1" bw="32" slack="0"/>
</pin_list>
<bind>
<opcode="alloca(26) " fcode="alloca"/>
<opset="k_02/1 "/>
</bind>
</comp>

<comp id="42" class="1004" name="j_01_fu_42">
<pin_list>
<pin id="43" dir="0" index="0" bw="1" slack="0"/>
<pin id="44" dir="1" index="1" bw="32" slack="0"/>
</pin_list>
<bind>
<opcode="alloca(26) " fcode="alloca"/>
<opset="j_01/1 "/>
</bind>
</comp>

<comp id="46" class="1004" name="input1_addr_gep_fu_46">
<pin_list>
<pin id="47" dir="0" index="0" bw="32" slack="0"/>
<pin id="48" dir="0" index="1" bw="1" slack="0"/>
<pin id="49" dir="0" index="2" bw="32" slack="0"/>
<pin id="50" dir="1" index="3" bw="18" slack="0"/>
</pin_list>
<bind>
<opcode="getelementptr(29) " fcode="getelementptr"/>
<opset="input1_addr/1 "/>
</bind>
</comp>

<comp id="53" class="1004" name="input2_addr_gep_fu_53">
<pin_list>
<pin id="54" dir="0" index="0" bw="32" slack="0"/>
<pin id="55" dir="0" index="1" bw="1" slack="0"/>
<pin id="56" dir="0" index="2" bw="32" slack="0"/>
<pin id="57" dir="1" index="3" bw="18" slack="0"/>
</pin_list>
<bind>
<opcode="getelementptr(29) " fcode="getelementptr"/>
<opset="input2_addr/1 "/>
</bind>
</comp>

<comp id="60" class="1004" name="sorted_data_addr_gep_fu_60">
<pin_list>
<pin id="61" dir="0" index="0" bw="32" slack="0"/>
<pin id="62" dir="0" index="1" bw="1" slack="0"/>
<pin id="63" dir="0" index="2" bw="19" slack="0"/>
<pin id="64" dir="1" index="3" bw="19" slack="1"/>
</pin_list>
<bind>
<opcode="getelementptr(29) " fcode="getelementptr"/>
<opset="sorted_data_addr/1 "/>
</bind>
</comp>

<comp id="67" class="1004" name="grp_access_fu_67">
<pin_list>
<pin id="68" dir="0" index="0" bw="18" slack="0"/>
<pin id="69" dir="0" index="1" bw="32" slack="2147483647"/>
<pin id="70" dir="0" index="2" bw="0" slack="2147483647"/>
<pin id="71" dir="1" index="3" bw="32" slack="0"/>
</pin_list>
<bind>
<opcode="load(27) " fcode="load"/>
<opset="input1_load_23/1 input1_load/1 "/>
</bind>
</comp>

<comp id="73" class="1004" name="grp_access_fu_73">
<pin_list>
<pin id="74" dir="0" index="0" bw="18" slack="0"/>
<pin id="75" dir="0" index="1" bw="32" slack="2147483647"/>
<pin id="76" dir="0" index="2" bw="0" slack="2147483647"/>
<pin id="77" dir="1" index="3" bw="32" slack="0"/>
</pin_list>
<bind>
<opcode="load(27) " fcode="load"/>
<opset="input2_load_23/1 input2_load/1 "/>
</bind>
</comp>

<comp id="79" class="1004" name="grp_access_fu_79">
<pin_list>
<pin id="80" dir="0" index="0" bw="19" slack="1"/>
<pin id="81" dir="0" index="1" bw="32" slack="0"/>
<pin id="82" dir="0" index="2" bw="0" slack="2147483647"/>
<pin id="83" dir="1" index="3" bw="32" slack="2147483647"/>
</pin_list>
<bind>
<opcode="store(28) " fcode="store"/>
<opset="store_ln30/2 store_ln26/2 store_ln19/2 store_ln14/2 "/>
</bind>
</comp>

<comp id="86" class="1004" name="store_ln9_store_fu_86">
<pin_list>
<pin id="87" dir="0" index="0" bw="1" slack="0"/>
<pin id="88" dir="0" index="1" bw="32" slack="0"/>
<pin id="89" dir="1" index="2" bw="0" slack="2147483647"/>
</pin_list>
<bind>
<opcode="store(28) " fcode="store"/>
<opset="store_ln9/1 "/>
</bind>
</comp>

<comp id="91" class="1004" name="store_ln9_store_fu_91">
<pin_list>
<pin id="92" dir="0" index="0" bw="1" slack="0"/>
<pin id="93" dir="0" index="1" bw="32" slack="0"/>
<pin id="94" dir="1" index="2" bw="0" slack="2147483647"/>
</pin_list>
<bind>
<opcode="store(28) " fcode="store"/>
<opset="store_ln9/1 "/>
</bind>
</comp>

<comp id="96" class="1004" name="store_ln9_store_fu_96">
<pin_list>
<pin id="97" dir="0" index="0" bw="1" slack="0"/>
<pin id="98" dir="0" index="1" bw="19" slack="0"/>
<pin id="99" dir="1" index="2" bw="0" slack="2147483647"/>
</pin_list>
<bind>
<opcode="store(28) " fcode="store"/>
<opset="store_ln9/1 "/>
</bind>
</comp>

<comp id="101" class="1004" name="i_98_load_fu_101">
<pin_list>
<pin id="102" dir="0" index="0" bw="19" slack="0"/>
<pin id="103" dir="1" index="1" bw="19" slack="0"/>
</pin_list>
<bind>
<opcode="load(27) " fcode="load"/>
<opset="i_98/1 "/>
</bind>
</comp>

<comp id="104" class="1004" name="k_110_load_fu_104">
<pin_list>
<pin id="105" dir="0" index="0" bw="32" slack="0"/>
<pin id="106" dir="1" index="1" bw="32" slack="0"/>
</pin_list>
<bind>
<opcode="load(27) " fcode="load"/>
<opset="k_110/1 "/>
</bind>
</comp>

<comp id="107" class="1004" name="j_110_load_fu_107">
<pin_list>
<pin id="108" dir="0" index="0" bw="32" slack="0"/>
<pin id="109" dir="1" index="1" bw="32" slack="0"/>
</pin_list>
<bind>
<opcode="load(27) " fcode="load"/>
<opset="j_110/1 "/>
</bind>
</comp>

<comp id="110" class="1004" name="icmp_ln9_fu_110">
<pin_list>
<pin id="111" dir="0" index="0" bw="19" slack="0"/>
<pin id="112" dir="0" index="1" bw="19" slack="0"/>
<pin id="113" dir="1" index="2" bw="1" slack="2147483647"/>
</pin_list>
<bind>
<opcode="icmp(45) " fcode="icmp"/>
<opset="icmp_ln9/1 "/>
</bind>
</comp>

<comp id="116" class="1004" name="add_ln9_fu_116">
<pin_list>
<pin id="117" dir="0" index="0" bw="19" slack="0"/>
<pin id="118" dir="0" index="1" bw="1" slack="0"/>
<pin id="119" dir="1" index="2" bw="19" slack="0"/>
</pin_list>
<bind>
<opcode="add(8) " fcode="add"/>
<opset="add_ln9/1 "/>
</bind>
</comp>

<comp id="122" class="1004" name="zext_ln9_fu_122">
<pin_list>
<pin id="123" dir="0" index="0" bw="19" slack="0"/>
<pin id="124" dir="1" index="1" bw="64" slack="0"/>
</pin_list>
<bind>
<opcode="zext(34) " fcode="zext"/>
<opset="zext_ln9/1 "/>
</bind>
</comp>

<comp id="127" class="1004" name="zext_ln10_fu_127">
<pin_list>
<pin id="128" dir="0" index="0" bw="32" slack="0"/>
<pin id="129" dir="1" index="1" bw="64" slack="0"/>
</pin_list>
<bind>
<opcode="zext(34) " fcode="zext"/>
<opset="zext_ln10/1 "/>
</bind>
</comp>

<comp id="132" class="1004" name="zext_ln10_23_fu_132">
<pin_list>
<pin id="133" dir="0" index="0" bw="32" slack="0"/>
<pin id="134" dir="1" index="1" bw="64" slack="0"/>
</pin_list>
<bind>
<opcode="zext(34) " fcode="zext"/>
<opset="zext_ln10_23/1 "/>
</bind>
</comp>

<comp id="137" class="1004" name="icmp_ln12_fu_137">
<pin_list>
<pin id="138" dir="0" index="0" bw="32" slack="0"/>
<pin id="139" dir="0" index="1" bw="32" slack="0"/>
<pin id="140" dir="1" index="2" bw="1" slack="0"/>
</pin_list>
<bind>
<opcode="icmp(45) " fcode="icmp"/>
<opset="icmp_ln12/1 "/>
</bind>
</comp>

<comp id="143" class="1004" name="icmp_ln12_23_fu_143">
<pin_list>
<pin id="144" dir="0" index="0" bw="32" slack="0"/>
<pin id="145" dir="0" index="1" bw="32" slack="0"/>
<pin id="146" dir="1" index="2" bw="1" slack="0"/>
</pin_list>
<bind>
<opcode="icmp(45) " fcode="icmp"/>
<opset="icmp_ln12_23/1 "/>
</bind>
</comp>

<comp id="149" class="1004" name="and_ln12_fu_149">
<pin_list>
<pin id="150" dir="0" index="0" bw="1" slack="0"/>
<pin id="151" dir="0" index="1" bw="1" slack="0"/>
<pin id="152" dir="1" index="2" bw="1" slack="1"/>
</pin_list>
<bind>
<opcode="and(23) " fcode="and"/>
<opset="and_ln12/1 "/>
</bind>
</comp>

<comp id="155" class="1004" name="icmp_ln25_fu_155">
<pin_list>
<pin id="156" dir="0" index="0" bw="32" slack="0"/>
<pin id="157" dir="0" index="1" bw="32" slack="0"/>
<pin id="158" dir="1" index="2" bw="1" slack="0"/>
</pin_list>
<bind>
<opcode="icmp(45) " fcode="icmp"/>
<opset="icmp_ln25/1 "/>
</bind>
</comp>

<comp id="161" class="1004" name="and_ln25_fu_161">
<pin_list>
<pin id="162" dir="0" index="0" bw="1" slack="0"/>
<pin id="163" dir="0" index="1" bw="1" slack="0"/>
<pin id="164" dir="1" index="2" bw="1" slack="1"/>
</pin_list>
<bind>
<opcode="and(23) " fcode="and"/>
<opset="and_ln25/1 "/>
</bind>
</comp>

<comp id="167" class="1004" name="j_111_fu_167">
<pin_list>
<pin id="168" dir="0" index="0" bw="32" slack="0"/>
<pin id="169" dir="0" index="1" bw="1" slack="0"/>
<pin id="170" dir="1" index="2" bw="32" slack="0"/>
</pin_list>
<bind>
<opcode="add(8) " fcode="add"/>
<opset="j_111/1 "/>
</bind>
</comp>

<comp id="173" class="1004" name="store_ln31_store_fu_173">
<pin_list>
<pin id="174" dir="0" index="0" bw="32" slack="0"/>
<pin id="175" dir="0" index="1" bw="32" slack="0"/>
<pin id="176" dir="1" index="2" bw="0" slack="2147483647"/>
</pin_list>
<bind>
<opcode="store(28) " fcode="store"/>
<opset="store_ln31/1 "/>
</bind>
</comp>

<comp id="178" class="1004" name="k_111_fu_178">
<pin_list>
<pin id="179" dir="0" index="0" bw="32" slack="0"/>
<pin id="180" dir="0" index="1" bw="1" slack="0"/>
<pin id="181" dir="1" index="2" bw="32" slack="0"/>
</pin_list>
<bind>
<opcode="add(8) " fcode="add"/>
<opset="k_111/1 "/>
</bind>
</comp>

<comp id="184" class="1004" name="store_ln28_store_fu_184">
<pin_list>
<pin id="185" dir="0" index="0" bw="19" slack="0"/>
<pin id="186" dir="0" index="1" bw="32" slack="0"/>
<pin id="187" dir="1" index="2" bw="0" slack="2147483647"/>
</pin_list>
<bind>
<opcode="store(28) " fcode="store"/>
<opset="store_ln28/1 "/>
</bind>
</comp>

<comp id="189" class="1004" name="store_ln28_store_fu_189">
<pin_list>
<pin id="190" dir="0" index="0" bw="32" slack="0"/>
<pin id="191" dir="0" index="1" bw="32" slack="0"/>
<pin id="192" dir="1" index="2" bw="0" slack="2147483647"/>
</pin_list>
<bind>
<opcode="store(28) " fcode="store"/>
<opset="store_ln28/1 "/>
</bind>
</comp>

<comp id="194" class="1004" name="store_ln9_store_fu_194">
<pin_list>
<pin id="195" dir="0" index="0" bw="19" slack="0"/>
<pin id="196" dir="0" index="1" bw="19" slack="0"/>
<pin id="197" dir="1" index="2" bw="0" slack="2147483647"/>
</pin_list>
<bind>
<opcode="store(28) " fcode="store"/>
<opset="store_ln9/1 "/>
</bind>
</comp>

<comp id="199" class="1004" name="icmp_ln13_fu_199">
<pin_list>
<pin id="200" dir="0" index="0" bw="32" slack="0"/>
<pin id="201" dir="0" index="1" bw="32" slack="0"/>
<pin id="202" dir="1" index="2" bw="1" slack="2147483647"/>
</pin_list>
<bind>
<opcode="icmp(45) " fcode="icmp"/>
<opset="icmp_ln13/2 "/>
</bind>
</comp>

<comp id="205" class="1004" name="k_fu_205">
<pin_list>
<pin id="206" dir="0" index="0" bw="32" slack="1"/>
<pin id="207" dir="0" index="1" bw="1" slack="0"/>
<pin id="208" dir="1" index="2" bw="32" slack="0"/>
</pin_list>
<bind>
<opcode="add(8) " fcode="add"/>
<opset="k/2 "/>
</bind>
</comp>

<comp id="210" class="1004" name="store_ln20_store_fu_210">
<pin_list>
<pin id="211" dir="0" index="0" bw="32" slack="0"/>
<pin id="212" dir="0" index="1" bw="32" slack="1"/>
<pin id="213" dir="1" index="2" bw="0" slack="2147483647"/>
</pin_list>
<bind>
<opcode="store(28) " fcode="store"/>
<opset="store_ln20/2 "/>
</bind>
</comp>

<comp id="215" class="1004" name="j_fu_215">
<pin_list>
<pin id="216" dir="0" index="0" bw="32" slack="1"/>
<pin id="217" dir="0" index="1" bw="1" slack="0"/>
<pin id="218" dir="1" index="2" bw="32" slack="0"/>
</pin_list>
<bind>
<opcode="add(8) " fcode="add"/>
<opset="j/2 "/>
</bind>
</comp>

<comp id="220" class="1004" name="store_ln17_store_fu_220">
<pin_list>
<pin id="221" dir="0" index="0" bw="32" slack="0"/>
<pin id="222" dir="0" index="1" bw="32" slack="1"/>
<pin id="223" dir="1" index="2" bw="0" slack="2147483647"/>
</pin_list>
<bind>
<opcode="store(28) " fcode="store"/>
<opset="store_ln17/2 "/>
</bind>
</comp>

<comp id="225" class="1005" name="i_reg_225">
<pin_list>
<pin id="226" dir="0" index="0" bw="19" slack="0"/>
<pin id="227" dir="1" index="1" bw="19" slack="0"/>
</pin_list>
<bind>
<opset="i "/>
</bind>
</comp>

<comp id="232" class="1005" name="k_02_reg_232">
<pin_list>
<pin id="233" dir="0" index="0" bw="32" slack="0"/>
<pin id="234" dir="1" index="1" bw="32" slack="0"/>
</pin_list>
<bind>
<opset="k_02 "/>
</bind>
</comp>

<comp id="240" class="1005" name="j_01_reg_240">
<pin_list>
<pin id="241" dir="0" index="0" bw="32" slack="0"/>
<pin id="242" dir="1" index="1" bw="32" slack="0"/>
</pin_list>
<bind>
<opset="j_01 "/>
</bind>
</comp>

<comp id="249" class="1005" name="k_110_reg_249">
<pin_list>
<pin id="250" dir="0" index="0" bw="32" slack="1"/>
<pin id="251" dir="1" index="1" bw="32" slack="1"/>
</pin_list>
<bind>
<opset="k_110 "/>
</bind>
</comp>

<comp id="254" class="1005" name="j_110_reg_254">
<pin_list>
<pin id="255" dir="0" index="0" bw="32" slack="1"/>
<pin id="256" dir="1" index="1" bw="32" slack="1"/>
</pin_list>
<bind>
<opset="j_110 "/>
</bind>
</comp>

<comp id="262" class="1005" name="input1_addr_reg_262">
<pin_list>
<pin id="263" dir="0" index="0" bw="18" slack="1"/>
<pin id="264" dir="1" index="1" bw="18" slack="1"/>
</pin_list>
<bind>
<opset="input1_addr "/>
</bind>
</comp>

<comp id="267" class="1005" name="input2_addr_reg_267">
<pin_list>
<pin id="268" dir="0" index="0" bw="18" slack="1"/>
<pin id="269" dir="1" index="1" bw="18" slack="1"/>
</pin_list>
<bind>
<opset="input2_addr "/>
</bind>
</comp>

<comp id="272" class="1005" name="and_ln12_reg_272">
<pin_list>
<pin id="273" dir="0" index="0" bw="1" slack="1"/>
<pin id="274" dir="1" index="1" bw="1" slack="2147483647"/>
</pin_list>
<bind>
<opset="and_ln12 "/>
</bind>
</comp>

<comp id="276" class="1005" name="sorted_data_addr_reg_276">
<pin_list>
<pin id="277" dir="0" index="0" bw="19" slack="1"/>
<pin id="278" dir="1" index="1" bw="19" slack="1"/>
</pin_list>
<bind>
<opset="sorted_data_addr "/>
</bind>
</comp>

<comp id="281" class="1005" name="and_ln25_reg_281">
<pin_list>
<pin id="282" dir="0" index="0" bw="1" slack="1"/>
<pin id="283" dir="1" index="1" bw="1" slack="2147483647"/>
</pin_list>
<bind>
<opset="and_ln25 "/>
</bind>
</comp>

</comp_list>

<net_list>
<net id="37"><net_src comp="6" pin="0"/><net_sink comp="34" pin=0"/></net>

<net id="41"><net_src comp="6" pin="0"/><net_sink comp="38" pin=0"/></net>

<net id="45"><net_src comp="6" pin="0"/><net_sink comp="42" pin=0"/></net>

<net id="51"><net_src comp="0" pin="0"/><net_sink comp="46" pin=0"/></net>

<net id="52"><net_src comp="30" pin="0"/><net_sink comp="46" pin=1"/></net>

<net id="58"><net_src comp="2" pin="0"/><net_sink comp="53" pin=0"/></net>

<net id="59"><net_src comp="30" pin="0"/><net_sink comp="53" pin=1"/></net>

<net id="65"><net_src comp="4" pin="0"/><net_sink comp="60" pin=0"/></net>

<net id="66"><net_src comp="30" pin="0"/><net_sink comp="60" pin=1"/></net>

<net id="72"><net_src comp="46" pin="3"/><net_sink comp="67" pin=0"/></net>

<net id="78"><net_src comp="53" pin="3"/><net_sink comp="73" pin=0"/></net>

<net id="84"><net_src comp="67" pin="3"/><net_sink comp="79" pin=1"/></net>

<net id="85"><net_src comp="73" pin="3"/><net_sink comp="79" pin=1"/></net>

<net id="90"><net_src comp="8" pin="0"/><net_sink comp="86" pin=0"/></net>

<net id="95"><net_src comp="8" pin="0"/><net_sink comp="91" pin=0"/></net>

<net id="100"><net_src comp="10" pin="0"/><net_sink comp="96" pin=0"/></net>

<net id="114"><net_src comp="101" pin="1"/><net_sink comp="110" pin=0"/></net>

<net id="115"><net_src comp="12" pin="0"/><net_sink comp="110" pin=1"/></net>

<net id="120"><net_src comp="101" pin="1"/><net_sink comp="116" pin=0"/></net>

<net id="121"><net_src comp="18" pin="0"/><net_sink comp="116" pin=1"/></net>

<net id="125"><net_src comp="101" pin="1"/><net_sink comp="122" pin=0"/></net>

<net id="126"><net_src comp="122" pin="1"/><net_sink comp="60" pin=2"/></net>

<net id="130"><net_src comp="107" pin="1"/><net_sink comp="127" pin=0"/></net>

<net id="131"><net_src comp="127" pin="1"/><net_sink comp="46" pin=2"/></net>

<net id="135"><net_src comp="104" pin="1"/><net_sink comp="132" pin=0"/></net>

<net id="136"><net_src comp="132" pin="1"/><net_sink comp="53" pin=2"/></net>

<net id="141"><net_src comp="107" pin="1"/><net_sink comp="137" pin=0"/></net>

<net id="142"><net_src comp="32" pin="0"/><net_sink comp="137" pin=1"/></net>

<net id="147"><net_src comp="104" pin="1"/><net_sink comp="143" pin=0"/></net>

<net id="148"><net_src comp="32" pin="0"/><net_sink comp="143" pin=1"/></net>

<net id="153"><net_src comp="137" pin="2"/><net_sink comp="149" pin=0"/></net>

<net id="154"><net_src comp="143" pin="2"/><net_sink comp="149" pin=1"/></net>

<net id="159"><net_src comp="107" pin="1"/><net_sink comp="155" pin=0"/></net>

<net id="160"><net_src comp="32" pin="0"/><net_sink comp="155" pin=1"/></net>

<net id="165"><net_src comp="155" pin="2"/><net_sink comp="161" pin=0"/></net>

<net id="166"><net_src comp="143" pin="2"/><net_sink comp="161" pin=1"/></net>

<net id="171"><net_src comp="107" pin="1"/><net_sink comp="167" pin=0"/></net>

<net id="172"><net_src comp="6" pin="0"/><net_sink comp="167" pin=1"/></net>

<net id="177"><net_src comp="167" pin="2"/><net_sink comp="173" pin=0"/></net>

<net id="182"><net_src comp="104" pin="1"/><net_sink comp="178" pin=0"/></net>

<net id="183"><net_src comp="6" pin="0"/><net_sink comp="178" pin=1"/></net>

<net id="188"><net_src comp="32" pin="0"/><net_sink comp="184" pin=0"/></net>

<net id="193"><net_src comp="178" pin="2"/><net_sink comp="189" pin=0"/></net>

<net id="198"><net_src comp="116" pin="2"/><net_sink comp="194" pin=0"/></net>

<net id="203"><net_src comp="67" pin="3"/><net_sink comp="199" pin=0"/></net>

<net id="204"><net_src comp="73" pin="3"/><net_sink comp="199" pin=1"/></net>

<net id="209"><net_src comp="6" pin="0"/><net_sink comp="205" pin=1"/></net>

<net id="214"><net_src comp="205" pin="2"/><net_sink comp="210" pin=0"/></net>

<net id="219"><net_src comp="6" pin="0"/><net_sink comp="215" pin=1"/></net>

<net id="224"><net_src comp="215" pin="2"/><net_sink comp="220" pin=0"/></net>

<net id="228"><net_src comp="34" pin="1"/><net_sink comp="225" pin=0"/></net>

<net id="229"><net_src comp="225" pin="1"/><net_sink comp="96" pin=1"/></net>

<net id="230"><net_src comp="225" pin="1"/><net_sink comp="101" pin=0"/></net>

<net id="231"><net_src comp="225" pin="1"/><net_sink comp="194" pin=1"/></net>

<net id="235"><net_src comp="38" pin="1"/><net_sink comp="232" pin=0"/></net>

<net id="236"><net_src comp="232" pin="1"/><net_sink comp="91" pin=1"/></net>

<net id="237"><net_src comp="232" pin="1"/><net_sink comp="104" pin=0"/></net>

<net id="238"><net_src comp="232" pin="1"/><net_sink comp="189" pin=1"/></net>

<net id="239"><net_src comp="232" pin="1"/><net_sink comp="210" pin=1"/></net>

<net id="243"><net_src comp="42" pin="1"/><net_sink comp="240" pin=0"/></net>

<net id="244"><net_src comp="240" pin="1"/><net_sink comp="86" pin=1"/></net>

<net id="245"><net_src comp="240" pin="1"/><net_sink comp="107" pin=0"/></net>

<net id="246"><net_src comp="240" pin="1"/><net_sink comp="173" pin=1"/></net>

<net id="247"><net_src comp="240" pin="1"/><net_sink comp="184" pin=1"/></net>

<net id="248"><net_src comp="240" pin="1"/><net_sink comp="220" pin=1"/></net>

<net id="252"><net_src comp="104" pin="1"/><net_sink comp="249" pin=0"/></net>

<net id="253"><net_src comp="249" pin="1"/><net_sink comp="205" pin=0"/></net>

<net id="257"><net_src comp="107" pin="1"/><net_sink comp="254" pin=0"/></net>

<net id="258"><net_src comp="254" pin="1"/><net_sink comp="215" pin=0"/></net>

<net id="265"><net_src comp="46" pin="3"/><net_sink comp="262" pin=0"/></net>

<net id="266"><net_src comp="262" pin="1"/><net_sink comp="67" pin=0"/></net>

<net id="270"><net_src comp="53" pin="3"/><net_sink comp="267" pin=0"/></net>

<net id="271"><net_src comp="267" pin="1"/><net_sink comp="73" pin=0"/></net>

<net id="275"><net_src comp="149" pin="2"/><net_sink comp="272" pin=0"/></net>

<net id="279"><net_src comp="60" pin="3"/><net_sink comp="276" pin=0"/></net>

<net id="280"><net_src comp="276" pin="1"/><net_sink comp="79" pin=0"/></net>

<net id="284"><net_src comp="161" pin="2"/><net_sink comp="281" pin=0"/></net>

</net_list>

</model> 
---------------- Datapath Model END ------------------

* FSMD analyzer results:
  - Output states:
	Port: sorted_data | {2 }
 - Input state : 
	Port: merge_sort.77 : input1 | {1 2 }
	Port: merge_sort.77 : input2 | {1 2 }
  - Chain level:
	State 1
		store_ln9 : 1
		store_ln9 : 1
		store_ln9 : 1
		i_98 : 1
		k_110 : 1
		j_110 : 1
		icmp_ln9 : 2
		add_ln9 : 2
		br_ln9 : 3
		zext_ln9 : 2
		zext_ln10 : 2
		input1_addr : 3
		zext_ln10_23 : 2
		input2_addr : 3
		icmp_ln12 : 2
		icmp_ln12_23 : 2
		and_ln12 : 3
		sorted_data_addr : 3
		br_ln12 : 3
		icmp_ln25 : 2
		and_ln25 : 3
		br_ln25 : 3
		input1_load_23 : 4
		j_111 : 2
		store_ln31 : 3
		input2_load_23 : 4
		k_111 : 2
		store_ln28 : 1
		store_ln28 : 3
		input1_load : 4
		input2_load : 4
		store_ln9 : 3
	State 2
		store_ln30 : 1
		store_ln26 : 1
		icmp_ln13 : 1
		br_ln13 : 2
		store_ln19 : 1
		store_ln20 : 1
		store_ln14 : 1
		store_ln17 : 1


============================================================
+ Verbose Summary: Datapath Resource usage 
============================================================

* Functional unit list:
|----------|---------------------|---------|---------|
| Operation|   Functional Unit   |    FF   |   LUT   |
|----------|---------------------|---------|---------|
|          |    add_ln9_fu_116   |    0    |    26   |
|          |     j_111_fu_167    |    0    |    39   |
|    add   |     k_111_fu_178    |    0    |    39   |
|          |       k_fu_205      |    0    |    39   |
|          |       j_fu_215      |    0    |    39   |
|----------|---------------------|---------|---------|
|          |   icmp_ln9_fu_110   |    0    |    14   |
|          |   icmp_ln12_fu_137  |    0    |    20   |
|   icmp   | icmp_ln12_23_fu_143 |    0    |    20   |
|          |   icmp_ln25_fu_155  |    0    |    20   |
|          |   icmp_ln13_fu_199  |    0    |    20   |
|----------|---------------------|---------|---------|
|    and   |   and_ln12_fu_149   |    0    |    2    |
|          |   and_ln25_fu_161   |    0    |    2    |
|----------|---------------------|---------|---------|
|          |   zext_ln9_fu_122   |    0    |    0    |
|   zext   |   zext_ln10_fu_127  |    0    |    0    |
|          | zext_ln10_23_fu_132 |    0    |    0    |
|----------|---------------------|---------|---------|
|   Total  |                     |    0    |   280   |
|----------|---------------------|---------|---------|

Memories:
N/A

* Register list:
+------------------------+--------+
|                        |   FF   |
+------------------------+--------+
|    and_ln12_reg_272    |    1   |
|    and_ln25_reg_281    |    1   |
|        i_reg_225       |   19   |
|   input1_addr_reg_262  |   18   |
|   input2_addr_reg_267  |   18   |
|      j_01_reg_240      |   32   |
|      j_110_reg_254     |   32   |
|      k_02_reg_232      |   32   |
|      k_110_reg_249     |   32   |
|sorted_data_addr_reg_276|   19   |
+------------------------+--------+
|          Total         |   204  |
+------------------------+--------+

* Multiplexer (MUX) list: 
|------------------|------|------|------|--------||---------||---------|
|       Comp       |  Pin | Size |  BW  | S x BW ||  Delay  ||   LUT   |
|------------------|------|------|------|--------||---------||---------|
| grp_access_fu_67 |  p0  |   2  |  18  |   36   ||    9    |
| grp_access_fu_73 |  p0  |   2  |  18  |   36   ||    9    |
| grp_access_fu_79 |  p1  |   2  |  32  |   64   ||    9    |
|------------------|------|------|------|--------||---------||---------|
|       Total      |      |      |      |   136  ||  1.161  ||    27   |
|------------------|------|------|------|--------||---------||---------|



* Summary:
+-----------+--------+--------+--------+
|           |  Delay |   FF   |   LUT  |
+-----------+--------+--------+--------+
|  Function |    -   |    0   |   280  |
|   Memory  |    -   |    -   |    -   |
|Multiplexer|    1   |    -   |   27   |
|  Register |    -   |   204  |    -   |
+-----------+--------+--------+--------+
|   Total   |    1   |   204  |   307  |
+-----------+--------+--------+--------+
