

================================================================
== Vitis HLS Report for 'merge_sort_batch3_118'
================================================================
* Date:           Sun Apr 23 22:17:05 2023

* Version:        2022.2 (Build 3670227 on Oct 13 2022)
* Project:        sort_seperate_bucket
* Solution:       solution1 (Vivado IP Flow Target)
* Product family: virtexuplus
* Target device:  xcu280-fsvh2892-2L-e


================================================================
== Performance Estimates
================================================================
+ Timing: 
    * Summary: 
    +--------+----------+----------+------------+
    |  Clock |  Target  | Estimated| Uncertainty|
    +--------+----------+----------+------------+
    |ap_clk  |  10.00 ns|  3.355 ns|     2.70 ns|
    +--------+----------+----------+------------+

+ Latency: 
    * Summary: 
    +---------+---------+----------+----------+--------+--------+---------+
    |  Latency (cycles) |  Latency (absolute) |     Interval    | Pipeline|
    |   min   |   max   |    min   |    max   |   min  |   max  |   Type  |
    +---------+---------+----------+----------+--------+--------+---------+
    |   250002|   250002|  2.500 ms|  2.500 ms|  250002|  250002|       no|
    +---------+---------+----------+----------+--------+--------+---------+

    + Detail: 
        * Instance: 
        N/A

        * Loop: 
        +--------------------+---------+---------+----------+-----------+-----------+--------+----------+
        |                    |  Latency (cycles) | Iteration|  Initiation Interval  |  Trip  |          |
        |      Loop Name     |   min   |   max   |  Latency |  achieved |   target  |  Count | Pipelined|
        +--------------------+---------+---------+----------+-----------+-----------+--------+----------+
        |- VITIS_LOOP_146_1  |   250000|   250000|         2|          1|          1|  250000|       yes|
        +--------------------+---------+---------+----------+-----------+-----------+--------+----------+

============================================================
+ Verbose Summary: Synthesis Manager
============================================================
InlineROM: 1
ExposeGlobal: 0
============================================================
+ Verbose Summary: CDFG Model
============================================================
IsTopModel: 0
ResetActiveHigh: 1
IsCombinational: 2
IsDatapathOnly: 0
HasWiredReturn: 1
HasMFsm: 2
HasVarLatency: 1
IsPipeline: 0
IsRtlPipelined: 0
IsInstanceOverlapped: 0
IsDontTouch: 0
HasImplIP: 0
IsGatedGlobalClock: 0

+ Individual pipeline summary: 
  * Pipeline-0: initiation interval (II) = 1, depth = 2


============================================================
+ Verbose Summary: Schedule
============================================================
* Number of FSM states : 2
* Pipeline : 1
  Pipeline-0 : II = 1, D = 2, States = { 1 2 }
* Dataflow Pipeline: 0

* FSM state transitions: 
1 --> 2 
2 --> 

* FSM state operations: 

State 1 <SV = 0> <Delay = 1.55>
ST_1 : Operation 5 [1/1] (0.00ns)   --->   "%i = alloca i32 1"   --->   Operation 5 'alloca' 'i' <Predicate = true> <Delay = 0.00>
ST_1 : Operation 6 [1/1] (0.00ns)   --->   "%k = alloca i32 1"   --->   Operation 6 'alloca' 'k' <Predicate = true> <Delay = 0.00>
ST_1 : Operation 7 [1/1] (0.00ns)   --->   "%j = alloca i32 1"   --->   Operation 7 'alloca' 'j' <Predicate = true> <Delay = 0.00>
ST_1 : Operation 8 [1/1] (0.45ns)   --->   "%store_ln146 = store i32 0, i32 %j" [sort_seperate_bucket/multi_radix_hex_kmerge.c:146]   --->   Operation 8 'store' 'store_ln146' <Predicate = true> <Delay = 0.45>
ST_1 : Operation 9 [1/1] (0.41ns)   --->   "%store_ln146 = store i32 0, i32 %k" [sort_seperate_bucket/multi_radix_hex_kmerge.c:146]   --->   Operation 9 'store' 'store_ln146' <Predicate = true> <Delay = 0.41>
ST_1 : Operation 10 [1/1] (0.38ns)   --->   "%store_ln146 = store i18 0, i18 %i" [sort_seperate_bucket/multi_radix_hex_kmerge.c:146]   --->   Operation 10 'store' 'store_ln146' <Predicate = true> <Delay = 0.38>
ST_1 : Operation 11 [1/1] (0.00ns)   --->   "%br_ln146 = br void %for.body.i" [sort_seperate_bucket/multi_radix_hex_kmerge.c:146]   --->   Operation 11 'br' 'br_ln146' <Predicate = true> <Delay = 0.00>
ST_1 : Operation 12 [1/1] (0.00ns)   --->   "%i_133 = load i18 %i" [sort_seperate_bucket/multi_radix_hex_kmerge.c:146]   --->   Operation 12 'load' 'i_133' <Predicate = true> <Delay = 0.00>
ST_1 : Operation 13 [1/1] (0.00ns)   --->   "%k_77 = load i32 %k" [sort_seperate_bucket/multi_radix_hex_kmerge.c:161]   --->   Operation 13 'load' 'k_77' <Predicate = true> <Delay = 0.00>
ST_1 : Operation 14 [1/1] (0.00ns)   --->   "%j_79 = load i32 %j" [sort_seperate_bucket/multi_radix_hex_kmerge.c:165]   --->   Operation 14 'load' 'j_79' <Predicate = true> <Delay = 0.00>
ST_1 : Operation 15 [1/1] (0.69ns)   --->   "%icmp_ln146 = icmp_eq  i18 %i_133, i18 250000" [sort_seperate_bucket/multi_radix_hex_kmerge.c:146]   --->   Operation 15 'icmp' 'icmp_ln146' <Predicate = true> <Delay = 0.69> <CoreInst = "Cmp">   --->   Core 9 'Cmp' <Latency = 0> <II = 1> <Delay = 0.69> <FuncUnit> <Opcode : 'icmp'> <InPorts = 2> <OutPorts = 1>
ST_1 : Operation 16 [1/1] (0.00ns)   --->   "%empty = speclooptripcount i32 @_ssdm_op_SpecLoopTripCount, i64 250000, i64 250000, i64 250000"   --->   Operation 16 'speclooptripcount' 'empty' <Predicate = true> <Delay = 0.00>
ST_1 : Operation 17 [1/1] (0.79ns)   --->   "%add_ln146 = add i18 %i_133, i18 1" [sort_seperate_bucket/multi_radix_hex_kmerge.c:146]   --->   Operation 17 'add' 'add_ln146' <Predicate = true> <Delay = 0.79> <CoreInst = "Adder">   --->   Core 1 'Adder' <Latency = 0> <II = 1> <Delay = 0.79> <FuncUnit> <Opcode : 'add' 'sub'> <InPorts = 2> <OutPorts = 1>
ST_1 : Operation 18 [1/1] (0.00ns)   --->   "%br_ln146 = br i1 %icmp_ln146, void %for.body.split.i, void %merge_sort_batch3.118.exit" [sort_seperate_bucket/multi_radix_hex_kmerge.c:146]   --->   Operation 18 'br' 'br_ln146' <Predicate = true> <Delay = 0.00>
ST_1 : Operation 19 [1/1] (0.00ns)   --->   "%zext_ln146 = zext i18 %i_133" [sort_seperate_bucket/multi_radix_hex_kmerge.c:146]   --->   Operation 19 'zext' 'zext_ln146' <Predicate = (!icmp_ln146)> <Delay = 0.00>
ST_1 : Operation 20 [1/1] (0.00ns)   --->   "%specpipeline_ln147 = specpipeline void @_ssdm_op_SpecPipeline, i32 4294967295, i32 0, i32 0, i32 0, void @empty_25" [sort_seperate_bucket/multi_radix_hex_kmerge.c:147]   --->   Operation 20 'specpipeline' 'specpipeline_ln147' <Predicate = (!icmp_ln146)> <Delay = 0.00>
ST_1 : Operation 21 [1/1] (0.00ns)   --->   "%specloopname_ln144 = specloopname void @_ssdm_op_SpecLoopName, void @empty_75" [sort_seperate_bucket/multi_radix_hex_kmerge.c:144]   --->   Operation 21 'specloopname' 'specloopname_ln144' <Predicate = (!icmp_ln146)> <Delay = 0.00>
ST_1 : Operation 22 [1/1] (0.85ns)   --->   "%icmp_ln148 = icmp_slt  i32 %j_79, i32 125000" [sort_seperate_bucket/multi_radix_hex_kmerge.c:148]   --->   Operation 22 'icmp' 'icmp_ln148' <Predicate = (!icmp_ln146)> <Delay = 0.85> <CoreInst = "Cmp">   --->   Core 9 'Cmp' <Latency = 0> <II = 1> <Delay = 0.85> <FuncUnit> <Opcode : 'icmp'> <InPorts = 2> <OutPorts = 1>
ST_1 : Operation 23 [1/1] (0.85ns)   --->   "%icmp_ln148_2 = icmp_slt  i32 %k_77, i32 125000" [sort_seperate_bucket/multi_radix_hex_kmerge.c:148]   --->   Operation 23 'icmp' 'icmp_ln148_2' <Predicate = (!icmp_ln146)> <Delay = 0.85> <CoreInst = "Cmp">   --->   Core 9 'Cmp' <Latency = 0> <II = 1> <Delay = 0.85> <FuncUnit> <Opcode : 'icmp'> <InPorts = 2> <OutPorts = 1>
ST_1 : Operation 24 [1/1] (0.12ns)   --->   "%and_ln148 = and i1 %icmp_ln148, i1 %icmp_ln148_2" [sort_seperate_bucket/multi_radix_hex_kmerge.c:148]   --->   Operation 24 'and' 'and_ln148' <Predicate = (!icmp_ln146)> <Delay = 0.12> <CoreInst = "LogicGate">   --->   Core 74 'LogicGate' <Latency = 0> <II = 1> <Delay = 0.12> <FuncUnit> <Opcode : 'and' 'or' 'xor'> <InPorts = 2> <OutPorts = 1>
ST_1 : Operation 25 [1/1] (0.00ns)   --->   "%multi_radix_hex_kmerge_temp4_1_addr = getelementptr i32 %multi_radix_hex_kmerge_temp4_1, i64 0, i64 %zext_ln146" [sort_seperate_bucket/multi_radix_hex_kmerge.c:164]   --->   Operation 25 'getelementptr' 'multi_radix_hex_kmerge_temp4_1_addr' <Predicate = (!icmp_ln146)> <Delay = 0.00>
ST_1 : Operation 26 [1/1] (0.00ns)   --->   "%br_ln148 = br i1 %and_ln148, void %if.else16.i, void %if.then.i" [sort_seperate_bucket/multi_radix_hex_kmerge.c:148]   --->   Operation 26 'br' 'br_ln148' <Predicate = (!icmp_ln146)> <Delay = 0.00>
ST_1 : Operation 27 [1/1] (0.85ns)   --->   "%icmp_ln159 = icmp_eq  i32 %j_79, i32 125000" [sort_seperate_bucket/multi_radix_hex_kmerge.c:159]   --->   Operation 27 'icmp' 'icmp_ln159' <Predicate = (!icmp_ln146 & !and_ln148)> <Delay = 0.85> <CoreInst = "Cmp">   --->   Core 9 'Cmp' <Latency = 0> <II = 1> <Delay = 0.85> <FuncUnit> <Opcode : 'icmp'> <InPorts = 2> <OutPorts = 1>
ST_1 : Operation 28 [1/1] (0.12ns)   --->   "%and_ln159 = and i1 %icmp_ln159, i1 %icmp_ln148_2" [sort_seperate_bucket/multi_radix_hex_kmerge.c:159]   --->   Operation 28 'and' 'and_ln159' <Predicate = (!icmp_ln146 & !and_ln148)> <Delay = 0.12> <CoreInst = "LogicGate">   --->   Core 74 'LogicGate' <Latency = 0> <II = 1> <Delay = 0.12> <FuncUnit> <Opcode : 'and' 'or' 'xor'> <InPorts = 2> <OutPorts = 1>
ST_1 : Operation 29 [1/1] (0.00ns)   --->   "%br_ln159 = br i1 %and_ln159, void %if.else26.i, void %if.then20.i" [sort_seperate_bucket/multi_radix_hex_kmerge.c:159]   --->   Operation 29 'br' 'br_ln159' <Predicate = (!icmp_ln146 & !and_ln148)> <Delay = 0.00>
ST_1 : Operation 30 [1/1] (0.00ns)   --->   "%zext_ln164 = zext i32 %j_79" [sort_seperate_bucket/multi_radix_hex_kmerge.c:164]   --->   Operation 30 'zext' 'zext_ln164' <Predicate = (!icmp_ln146 & !and_ln148 & !and_ln159)> <Delay = 0.00>
ST_1 : Operation 31 [1/1] (0.00ns)   --->   "%multi_radix_hex_kmerge_temp3_2_addr_1 = getelementptr i32 %multi_radix_hex_kmerge_temp3_2, i64 0, i64 %zext_ln164" [sort_seperate_bucket/multi_radix_hex_kmerge.c:164]   --->   Operation 31 'getelementptr' 'multi_radix_hex_kmerge_temp3_2_addr_1' <Predicate = (!icmp_ln146 & !and_ln148 & !and_ln159)> <Delay = 0.00>
ST_1 : Operation 32 [2/2] (1.24ns)   --->   "%multi_radix_hex_kmerge_temp3_2_load_1 = load i17 %multi_radix_hex_kmerge_temp3_2_addr_1" [sort_seperate_bucket/multi_radix_hex_kmerge.c:164]   --->   Operation 32 'load' 'multi_radix_hex_kmerge_temp3_2_load_1' <Predicate = (!icmp_ln146 & !and_ln148 & !and_ln159)> <Delay = 1.24> <CoreInst = "RAM">   --->   Core 83 'RAM' <Latency = 1> <II = 1> <Delay = 1.24> <Storage> <Opcode : 'load' 'store'> <Ports = 2> <Width = 32> <Depth = 125000> <RAM>
ST_1 : Operation 33 [1/1] (0.88ns)   --->   "%j_81 = add i32 %j_79, i32 1" [sort_seperate_bucket/multi_radix_hex_kmerge.c:165]   --->   Operation 33 'add' 'j_81' <Predicate = (!icmp_ln146 & !and_ln148 & !and_ln159)> <Delay = 0.88> <CoreInst = "Adder">   --->   Core 1 'Adder' <Latency = 0> <II = 1> <Delay = 0.88> <FuncUnit> <Opcode : 'add' 'sub'> <InPorts = 2> <OutPorts = 1>
ST_1 : Operation 34 [1/1] (0.45ns)   --->   "%store_ln165 = store i32 %j_81, i32 %j" [sort_seperate_bucket/multi_radix_hex_kmerge.c:165]   --->   Operation 34 'store' 'store_ln165' <Predicate = (!icmp_ln146 & !and_ln148 & !and_ln159)> <Delay = 0.45>
ST_1 : Operation 35 [1/1] (0.00ns)   --->   "%zext_ln160 = zext i32 %k_77" [sort_seperate_bucket/multi_radix_hex_kmerge.c:160]   --->   Operation 35 'zext' 'zext_ln160' <Predicate = (!icmp_ln146 & !and_ln148 & and_ln159)> <Delay = 0.00>
ST_1 : Operation 36 [1/1] (0.00ns)   --->   "%multi_radix_hex_kmerge_temp3_3_addr_1 = getelementptr i32 %multi_radix_hex_kmerge_temp3_3, i64 0, i64 %zext_ln160" [sort_seperate_bucket/multi_radix_hex_kmerge.c:160]   --->   Operation 36 'getelementptr' 'multi_radix_hex_kmerge_temp3_3_addr_1' <Predicate = (!icmp_ln146 & !and_ln148 & and_ln159)> <Delay = 0.00>
ST_1 : Operation 37 [2/2] (1.24ns)   --->   "%multi_radix_hex_kmerge_temp3_3_load_1 = load i17 %multi_radix_hex_kmerge_temp3_3_addr_1" [sort_seperate_bucket/multi_radix_hex_kmerge.c:160]   --->   Operation 37 'load' 'multi_radix_hex_kmerge_temp3_3_load_1' <Predicate = (!icmp_ln146 & !and_ln148 & and_ln159)> <Delay = 1.24> <CoreInst = "RAM">   --->   Core 83 'RAM' <Latency = 1> <II = 1> <Delay = 1.24> <Storage> <Opcode : 'load' 'store'> <Ports = 2> <Width = 32> <Depth = 125000> <RAM>
ST_1 : Operation 38 [1/1] (0.88ns)   --->   "%k_79 = add i32 %k_77, i32 1" [sort_seperate_bucket/multi_radix_hex_kmerge.c:161]   --->   Operation 38 'add' 'k_79' <Predicate = (!icmp_ln146 & !and_ln148 & and_ln159)> <Delay = 0.88> <CoreInst = "Adder">   --->   Core 1 'Adder' <Latency = 0> <II = 1> <Delay = 0.88> <FuncUnit> <Opcode : 'add' 'sub'> <InPorts = 2> <OutPorts = 1>
ST_1 : Operation 39 [1/1] (0.45ns)   --->   "%store_ln162 = store i32 125000, i32 %j" [sort_seperate_bucket/multi_radix_hex_kmerge.c:162]   --->   Operation 39 'store' 'store_ln162' <Predicate = (!icmp_ln146 & !and_ln148 & and_ln159)> <Delay = 0.45>
ST_1 : Operation 40 [1/1] (0.41ns)   --->   "%store_ln162 = store i32 %k_79, i32 %k" [sort_seperate_bucket/multi_radix_hex_kmerge.c:162]   --->   Operation 40 'store' 'store_ln162' <Predicate = (!icmp_ln146 & !and_ln148 & and_ln159)> <Delay = 0.41>
ST_1 : Operation 41 [1/1] (0.00ns)   --->   "%zext_ln149 = zext i32 %j_79" [sort_seperate_bucket/multi_radix_hex_kmerge.c:149]   --->   Operation 41 'zext' 'zext_ln149' <Predicate = (!icmp_ln146 & and_ln148)> <Delay = 0.00>
ST_1 : Operation 42 [1/1] (0.00ns)   --->   "%multi_radix_hex_kmerge_temp3_2_addr = getelementptr i32 %multi_radix_hex_kmerge_temp3_2, i64 0, i64 %zext_ln149" [sort_seperate_bucket/multi_radix_hex_kmerge.c:149]   --->   Operation 42 'getelementptr' 'multi_radix_hex_kmerge_temp3_2_addr' <Predicate = (!icmp_ln146 & and_ln148)> <Delay = 0.00>
ST_1 : Operation 43 [2/2] (1.24ns)   --->   "%multi_radix_hex_kmerge_temp3_2_load = load i17 %multi_radix_hex_kmerge_temp3_2_addr" [sort_seperate_bucket/multi_radix_hex_kmerge.c:149]   --->   Operation 43 'load' 'multi_radix_hex_kmerge_temp3_2_load' <Predicate = (!icmp_ln146 & and_ln148)> <Delay = 1.24> <CoreInst = "RAM">   --->   Core 83 'RAM' <Latency = 1> <II = 1> <Delay = 1.24> <Storage> <Opcode : 'load' 'store'> <Ports = 2> <Width = 32> <Depth = 125000> <RAM>
ST_1 : Operation 44 [1/1] (0.00ns)   --->   "%zext_ln149_2 = zext i32 %k_77" [sort_seperate_bucket/multi_radix_hex_kmerge.c:149]   --->   Operation 44 'zext' 'zext_ln149_2' <Predicate = (!icmp_ln146 & and_ln148)> <Delay = 0.00>
ST_1 : Operation 45 [1/1] (0.00ns)   --->   "%multi_radix_hex_kmerge_temp3_3_addr = getelementptr i32 %multi_radix_hex_kmerge_temp3_3, i64 0, i64 %zext_ln149_2" [sort_seperate_bucket/multi_radix_hex_kmerge.c:149]   --->   Operation 45 'getelementptr' 'multi_radix_hex_kmerge_temp3_3_addr' <Predicate = (!icmp_ln146 & and_ln148)> <Delay = 0.00>
ST_1 : Operation 46 [2/2] (1.24ns)   --->   "%multi_radix_hex_kmerge_temp3_3_load = load i17 %multi_radix_hex_kmerge_temp3_3_addr" [sort_seperate_bucket/multi_radix_hex_kmerge.c:149]   --->   Operation 46 'load' 'multi_radix_hex_kmerge_temp3_3_load' <Predicate = (!icmp_ln146 & and_ln148)> <Delay = 1.24> <CoreInst = "RAM">   --->   Core 83 'RAM' <Latency = 1> <II = 1> <Delay = 1.24> <Storage> <Opcode : 'load' 'store'> <Ports = 2> <Width = 32> <Depth = 125000> <RAM>
ST_1 : Operation 47 [1/1] (0.38ns)   --->   "%store_ln146 = store i18 %add_ln146, i18 %i" [sort_seperate_bucket/multi_radix_hex_kmerge.c:146]   --->   Operation 47 'store' 'store_ln146' <Predicate = (!icmp_ln146)> <Delay = 0.38>
ST_1 : Operation 48 [1/1] (0.00ns)   --->   "%br_ln146 = br void %for.body.i" [sort_seperate_bucket/multi_radix_hex_kmerge.c:146]   --->   Operation 48 'br' 'br_ln146' <Predicate = (!icmp_ln146)> <Delay = 0.00>
ST_1 : Operation 67 [1/1] (0.00ns)   --->   "%ret_ln146 = ret" [sort_seperate_bucket/multi_radix_hex_kmerge.c:146]   --->   Operation 67 'ret' 'ret_ln146' <Predicate = (icmp_ln146)> <Delay = 0.00>

State 2 <SV = 1> <Delay = 3.35>
ST_2 : Operation 49 [1/2] (1.24ns)   --->   "%multi_radix_hex_kmerge_temp3_2_load_1 = load i17 %multi_radix_hex_kmerge_temp3_2_addr_1" [sort_seperate_bucket/multi_radix_hex_kmerge.c:164]   --->   Operation 49 'load' 'multi_radix_hex_kmerge_temp3_2_load_1' <Predicate = (!and_ln148 & !and_ln159)> <Delay = 1.24> <CoreInst = "RAM">   --->   Core 83 'RAM' <Latency = 1> <II = 1> <Delay = 1.24> <Storage> <Opcode : 'load' 'store'> <Ports = 2> <Width = 32> <Depth = 125000> <RAM>
ST_2 : Operation 50 [1/1] (1.24ns)   --->   "%store_ln164 = store i32 %multi_radix_hex_kmerge_temp3_2_load_1, i18 %multi_radix_hex_kmerge_temp4_1_addr" [sort_seperate_bucket/multi_radix_hex_kmerge.c:164]   --->   Operation 50 'store' 'store_ln164' <Predicate = (!and_ln148 & !and_ln159)> <Delay = 1.24> <CoreInst = "RAM">   --->   Core 83 'RAM' <Latency = 1> <II = 1> <Delay = 1.24> <Storage> <Opcode : 'load' 'store'> <Ports = 2> <Width = 32> <Depth = 250000> <RAM>
ST_2 : Operation 51 [1/1] (0.00ns)   --->   "%br_ln0 = br void %for.inc.i"   --->   Operation 51 'br' 'br_ln0' <Predicate = (!and_ln148 & !and_ln159)> <Delay = 0.00>
ST_2 : Operation 52 [1/2] (1.24ns)   --->   "%multi_radix_hex_kmerge_temp3_3_load_1 = load i17 %multi_radix_hex_kmerge_temp3_3_addr_1" [sort_seperate_bucket/multi_radix_hex_kmerge.c:160]   --->   Operation 52 'load' 'multi_radix_hex_kmerge_temp3_3_load_1' <Predicate = (!and_ln148 & and_ln159)> <Delay = 1.24> <CoreInst = "RAM">   --->   Core 83 'RAM' <Latency = 1> <II = 1> <Delay = 1.24> <Storage> <Opcode : 'load' 'store'> <Ports = 2> <Width = 32> <Depth = 125000> <RAM>
ST_2 : Operation 53 [1/1] (1.24ns)   --->   "%store_ln160 = store i32 %multi_radix_hex_kmerge_temp3_3_load_1, i18 %multi_radix_hex_kmerge_temp4_1_addr" [sort_seperate_bucket/multi_radix_hex_kmerge.c:160]   --->   Operation 53 'store' 'store_ln160' <Predicate = (!and_ln148 & and_ln159)> <Delay = 1.24> <CoreInst = "RAM">   --->   Core 83 'RAM' <Latency = 1> <II = 1> <Delay = 1.24> <Storage> <Opcode : 'load' 'store'> <Ports = 2> <Width = 32> <Depth = 250000> <RAM>
ST_2 : Operation 54 [1/1] (0.00ns)   --->   "%br_ln162 = br void %for.inc.i" [sort_seperate_bucket/multi_radix_hex_kmerge.c:162]   --->   Operation 54 'br' 'br_ln162' <Predicate = (!and_ln148 & and_ln159)> <Delay = 0.00>
ST_2 : Operation 55 [1/2] (1.24ns)   --->   "%multi_radix_hex_kmerge_temp3_2_load = load i17 %multi_radix_hex_kmerge_temp3_2_addr" [sort_seperate_bucket/multi_radix_hex_kmerge.c:149]   --->   Operation 55 'load' 'multi_radix_hex_kmerge_temp3_2_load' <Predicate = (and_ln148)> <Delay = 1.24> <CoreInst = "RAM">   --->   Core 83 'RAM' <Latency = 1> <II = 1> <Delay = 1.24> <Storage> <Opcode : 'load' 'store'> <Ports = 2> <Width = 32> <Depth = 125000> <RAM>
ST_2 : Operation 56 [1/2] (1.24ns)   --->   "%multi_radix_hex_kmerge_temp3_3_load = load i17 %multi_radix_hex_kmerge_temp3_3_addr" [sort_seperate_bucket/multi_radix_hex_kmerge.c:149]   --->   Operation 56 'load' 'multi_radix_hex_kmerge_temp3_3_load' <Predicate = (and_ln148)> <Delay = 1.24> <CoreInst = "RAM">   --->   Core 83 'RAM' <Latency = 1> <II = 1> <Delay = 1.24> <Storage> <Opcode : 'load' 'store'> <Ports = 2> <Width = 32> <Depth = 125000> <RAM>
ST_2 : Operation 57 [1/1] (0.85ns)   --->   "%icmp_ln149 = icmp_slt  i32 %multi_radix_hex_kmerge_temp3_2_load, i32 %multi_radix_hex_kmerge_temp3_3_load" [sort_seperate_bucket/multi_radix_hex_kmerge.c:149]   --->   Operation 57 'icmp' 'icmp_ln149' <Predicate = (and_ln148)> <Delay = 0.85> <CoreInst = "Cmp">   --->   Core 9 'Cmp' <Latency = 0> <II = 1> <Delay = 0.85> <FuncUnit> <Opcode : 'icmp'> <InPorts = 2> <OutPorts = 1>
ST_2 : Operation 58 [1/1] (0.00ns)   --->   "%br_ln149 = br i1 %icmp_ln149, void %if.else.i, void %if.then6.i" [sort_seperate_bucket/multi_radix_hex_kmerge.c:149]   --->   Operation 58 'br' 'br_ln149' <Predicate = (and_ln148)> <Delay = 0.00>
ST_2 : Operation 59 [1/1] (1.24ns)   --->   "%store_ln154 = store i32 %multi_radix_hex_kmerge_temp3_3_load, i18 %multi_radix_hex_kmerge_temp4_1_addr" [sort_seperate_bucket/multi_radix_hex_kmerge.c:154]   --->   Operation 59 'store' 'store_ln154' <Predicate = (and_ln148 & !icmp_ln149)> <Delay = 1.24> <CoreInst = "RAM">   --->   Core 83 'RAM' <Latency = 1> <II = 1> <Delay = 1.24> <Storage> <Opcode : 'load' 'store'> <Ports = 2> <Width = 32> <Depth = 250000> <RAM>
ST_2 : Operation 60 [1/1] (0.88ns)   --->   "%k_78 = add i32 %k_77, i32 1" [sort_seperate_bucket/multi_radix_hex_kmerge.c:155]   --->   Operation 60 'add' 'k_78' <Predicate = (and_ln148 & !icmp_ln149)> <Delay = 0.88> <CoreInst = "Adder">   --->   Core 1 'Adder' <Latency = 0> <II = 1> <Delay = 0.88> <FuncUnit> <Opcode : 'add' 'sub'> <InPorts = 2> <OutPorts = 1>
ST_2 : Operation 61 [1/1] (0.41ns)   --->   "%store_ln155 = store i32 %k_78, i32 %k" [sort_seperate_bucket/multi_radix_hex_kmerge.c:155]   --->   Operation 61 'store' 'store_ln155' <Predicate = (and_ln148 & !icmp_ln149)> <Delay = 0.41>
ST_2 : Operation 62 [1/1] (0.00ns)   --->   "%br_ln0 = br void %for.inc.i"   --->   Operation 62 'br' 'br_ln0' <Predicate = (and_ln148 & !icmp_ln149)> <Delay = 0.00>
ST_2 : Operation 63 [1/1] (1.24ns)   --->   "%store_ln150 = store i32 %multi_radix_hex_kmerge_temp3_2_load, i18 %multi_radix_hex_kmerge_temp4_1_addr" [sort_seperate_bucket/multi_radix_hex_kmerge.c:150]   --->   Operation 63 'store' 'store_ln150' <Predicate = (and_ln148 & icmp_ln149)> <Delay = 1.24> <CoreInst = "RAM">   --->   Core 83 'RAM' <Latency = 1> <II = 1> <Delay = 1.24> <Storage> <Opcode : 'load' 'store'> <Ports = 2> <Width = 32> <Depth = 250000> <RAM>
ST_2 : Operation 64 [1/1] (0.88ns)   --->   "%j_80 = add i32 %j_79, i32 1" [sort_seperate_bucket/multi_radix_hex_kmerge.c:151]   --->   Operation 64 'add' 'j_80' <Predicate = (and_ln148 & icmp_ln149)> <Delay = 0.88> <CoreInst = "Adder">   --->   Core 1 'Adder' <Latency = 0> <II = 1> <Delay = 0.88> <FuncUnit> <Opcode : 'add' 'sub'> <InPorts = 2> <OutPorts = 1>
ST_2 : Operation 65 [1/1] (0.45ns)   --->   "%store_ln152 = store i32 %j_80, i32 %j" [sort_seperate_bucket/multi_radix_hex_kmerge.c:152]   --->   Operation 65 'store' 'store_ln152' <Predicate = (and_ln148 & icmp_ln149)> <Delay = 0.45>
ST_2 : Operation 66 [1/1] (0.00ns)   --->   "%br_ln152 = br void %for.inc.i" [sort_seperate_bucket/multi_radix_hex_kmerge.c:152]   --->   Operation 66 'br' 'br_ln152' <Predicate = (and_ln148 & icmp_ln149)> <Delay = 0.00>


============================================================
+ Verbose Summary: Timing violations
============================================================
Target clock period: 10ns, clock uncertainty: 2.7ns.

 <State 1>: 1.56ns
The critical path consists of the following:
	'alloca' operation ('j') [6]  (0 ns)
	'load' operation ('j', sort_seperate_bucket/multi_radix_hex_kmerge.c:165) on local variable 'j' [14]  (0 ns)
	'add' operation ('j', sort_seperate_bucket/multi_radix_hex_kmerge.c:165) [37]  (0.88 ns)
	'store' operation ('store_ln165', sort_seperate_bucket/multi_radix_hex_kmerge.c:165) of variable 'j', sort_seperate_bucket/multi_radix_hex_kmerge.c:165 on local variable 'j' [38]  (0.453 ns)
	blocking operation 0.223 ns on control path)

 <State 2>: 3.36ns
The critical path consists of the following:
	'load' operation ('multi_radix_hex_kmerge_temp3_3_load', sort_seperate_bucket/multi_radix_hex_kmerge.c:149) on array 'multi_radix_hex_kmerge_temp3_3' [55]  (1.25 ns)
	'store' operation ('store_ln154', sort_seperate_bucket/multi_radix_hex_kmerge.c:154) of variable 'multi_radix_hex_kmerge_temp3_3_load', sort_seperate_bucket/multi_radix_hex_kmerge.c:149 on array 'multi_radix_hex_kmerge_temp4_1' [59]  (1.25 ns)
	blocking operation 0.859 ns on control path)


============================================================
+ Verbose Summary: Binding
============================================================
N/A
* FSMD analyzer results:
  - Output states:
 - Input state : 
  - Chain level:
	State 1
	State 2


============================================================
+ Verbose Summary: Datapath Resource usage 
============================================================
N/A
