/home/boyiw7/sort_seperate_bucket/solution1/.autopilot/db/merge_sort.pp.0.c:925:2: warning: Added loop label VITIS_LOOP_16_1:   [xilinx-label-all-loops]
 for(int i=0; i<2*1000000/64; i++){
 ^~~
 VITIS_LOOP_16_1: 
/home/boyiw7/sort_seperate_bucket/solution1/.autopilot/db/merge_sort.pp.0.c:925:2: note: FIX-IT applied suggested code changes
/home/boyiw7/sort_seperate_bucket/solution1/.autopilot/db/merge_sort.pp.0.c:999:2: warning: Added loop label VITIS_LOOP_90_1:   [xilinx-label-all-loops]
 for(int stage=1; stage<24 -1;stage++){
 ^~~
 VITIS_LOOP_90_1: 
/home/boyiw7/sort_seperate_bucket/solution1/.autopilot/db/merge_sort.pp.0.c:999:2: note: FIX-IT applied suggested code changes
/home/boyiw7/sort_seperate_bucket/solution1/.autopilot/db/merge_sort.pp.0.c:1014:5: warning: Added loop label VITIS_LOOP_105_1:   [xilinx-label-all-loops]
    for(int i=0; i<2*1000000/64; i++){
    ^~~
    VITIS_LOOP_105_1: 
/home/boyiw7/sort_seperate_bucket/solution1/.autopilot/db/merge_sort.pp.0.c:1014:5: note: FIX-IT applied suggested code changes
/home/boyiw7/sort_seperate_bucket/solution1/.autopilot/db/merge_sort.pp.0.c:1042:5: warning: Added loop label VITIS_LOOP_133_1:   [xilinx-label-all-loops]
    for(int i=0; i<4*1000000/64; i++){
    ^~~
    VITIS_LOOP_133_1: 
/home/boyiw7/sort_seperate_bucket/solution1/.autopilot/db/merge_sort.pp.0.c:1042:5: note: FIX-IT applied suggested code changes
/home/boyiw7/sort_seperate_bucket/solution1/.autopilot/db/merge_sort.pp.0.c:1070:5: warning: Added loop label VITIS_LOOP_161_1:   [xilinx-label-all-loops]
    for(int i=0; i<8*1000000/64; i++){
    ^~~
    VITIS_LOOP_161_1: 
/home/boyiw7/sort_seperate_bucket/solution1/.autopilot/db/merge_sort.pp.0.c:1070:5: note: FIX-IT applied suggested code changes
/home/boyiw7/sort_seperate_bucket/solution1/.autopilot/db/merge_sort.pp.0.c:1098:5: warning: Added loop label VITIS_LOOP_189_1:   [xilinx-label-all-loops]
    for(int i=0; i<16*1000000/64; i++){
    ^~~
    VITIS_LOOP_189_1: 
/home/boyiw7/sort_seperate_bucket/solution1/.autopilot/db/merge_sort.pp.0.c:1098:5: note: FIX-IT applied suggested code changes
/home/boyiw7/sort_seperate_bucket/solution1/.autopilot/db/merge_sort.pp.0.c:1126:5: warning: Added loop label VITIS_LOOP_217_1:   [xilinx-label-all-loops]
    for(int i=0; i<32*1000000/64; i++){
    ^~~
    VITIS_LOOP_217_1: 
/home/boyiw7/sort_seperate_bucket/solution1/.autopilot/db/merge_sort.pp.0.c:1126:5: note: FIX-IT applied suggested code changes
/home/boyiw7/sort_seperate_bucket/solution1/.autopilot/db/merge_sort.pp.0.c:1154:5: warning: Added loop label VITIS_LOOP_245_1:   [xilinx-label-all-loops]
    for(int i=0; i<1000000; i++){
    ^~~
    VITIS_LOOP_245_1: 
/home/boyiw7/sort_seperate_bucket/solution1/.autopilot/db/merge_sort.pp.0.c:1154:5: note: FIX-IT applied suggested code changes
/home/boyiw7/sort_seperate_bucket/solution1/.autopilot/db/merge_sort.pp.0.c:1201:5: warning: Added loop label VITIS_LOOP_292_1:   [xilinx-label-all-loops]
    for (i = 0; i < 64; i++) {
    ^~~
    VITIS_LOOP_292_1: 
/home/boyiw7/sort_seperate_bucket/solution1/.autopilot/db/merge_sort.pp.0.c:1201:5: note: FIX-IT applied suggested code changes
/home/boyiw7/sort_seperate_bucket/solution1/.autopilot/db/merge_sort.pp.0.c:1207:5: warning: Added loop label VITIS_LOOP_298_2:   [xilinx-label-all-loops]
    for (i = 0; i < 64*1000000/64; i++) {
    ^~~
    VITIS_LOOP_298_2: 
/home/boyiw7/sort_seperate_bucket/solution1/.autopilot/db/merge_sort.pp.0.c:1207:5: note: FIX-IT applied suggested code changes
