

================================================================
== Vitis HLS Report for 'merge_sort_parallel'
================================================================
* Date:           Thu Apr 20 09:45:23 2023

* Version:        2022.2 (Build 3670227 on Oct 13 2022)
* Project:        sort_seperate_bucket
* Solution:       solution1 (Vivado IP Flow Target)
* Product family: virtexuplus
* Target device:  xcu280-fsvh2892-2L-e


================================================================
== Performance Estimates
================================================================
+ Timing: 
    * Summary: 
    +--------+----------+----------+------------+
    |  Clock |  Target  | Estimated| Uncertainty|
    +--------+----------+----------+------------+
    |ap_clk  |  10.00 ns|  3.477 ns|     2.70 ns|
    +--------+----------+----------+------------+

+ Latency: 
    * Summary: 
    +-----------+-----------+-----------+-----------+----------+----------+----------+
    |    Latency (cycles)   |   Latency (absolute)  |       Interval      | Pipeline |
    |    min    |    max    |    min    |    max    |    min   |    max   |   Type   |
    +-----------+-----------+-----------+-----------+----------+----------+----------+
    |  240000095|  240000095|  2.400 sec|  2.400 sec|  10000004|  10000004|  dataflow|
    +-----------+-----------+-----------+-----------+----------+----------+----------+

    + Detail: 
        * Instance: 
        +---------------------+------------------+----------+----------+-----------+-----------+----------+----------+---------+
        |                     |                  |   Latency (cycles)  |   Latency (absolute)  |       Interval      | Pipeline|
        |       Instance      |      Module      |    min   |    max   |    min    |    max    |    min   |    max   |   Type  |
        +---------------------+------------------+----------+----------+-----------+-----------+----------+----------+---------+
        |merge_arrays_1_1_U0  |merge_arrays_1_1  |  10000003|  10000003|  0.100 sec|  0.100 sec|  10000003|  10000003|       no|
        |merge_arrays_2_U0    |merge_arrays_2    |  10000003|  10000003|  0.100 sec|  0.100 sec|  10000003|  10000003|       no|
        |merge_arrays_3_U0    |merge_arrays_3    |  10000003|  10000003|  0.100 sec|  0.100 sec|  10000003|  10000003|       no|
        |merge_arrays_4_U0    |merge_arrays_4    |  10000003|  10000003|  0.100 sec|  0.100 sec|  10000003|  10000003|       no|
        |merge_arrays_5_U0    |merge_arrays_5    |  10000003|  10000003|  0.100 sec|  0.100 sec|  10000003|  10000003|       no|
        |merge_arrays_6_U0    |merge_arrays_6    |  10000003|  10000003|  0.100 sec|  0.100 sec|  10000003|  10000003|       no|
        |merge_arrays_7_U0    |merge_arrays_7    |  10000003|  10000003|  0.100 sec|  0.100 sec|  10000003|  10000003|       no|
        |merge_arrays_8_U0    |merge_arrays_8    |  10000003|  10000003|  0.100 sec|  0.100 sec|  10000003|  10000003|       no|
        |merge_arrays_9_U0    |merge_arrays_9    |  10000003|  10000003|  0.100 sec|  0.100 sec|  10000003|  10000003|       no|
        |merge_arrays_10_U0   |merge_arrays_10   |  10000003|  10000003|  0.100 sec|  0.100 sec|  10000003|  10000003|       no|
        |merge_arrays_11_U0   |merge_arrays_11   |  10000003|  10000003|  0.100 sec|  0.100 sec|  10000003|  10000003|       no|
        |merge_arrays_12_U0   |merge_arrays_12   |  10000003|  10000003|  0.100 sec|  0.100 sec|  10000003|  10000003|       no|
        |merge_arrays_13_U0   |merge_arrays_13   |  10000003|  10000003|  0.100 sec|  0.100 sec|  10000003|  10000003|       no|
        |merge_arrays_14_U0   |merge_arrays_14   |  10000003|  10000003|  0.100 sec|  0.100 sec|  10000003|  10000003|       no|
        |merge_arrays_15_U0   |merge_arrays_15   |  10000003|  10000003|  0.100 sec|  0.100 sec|  10000003|  10000003|       no|
        |merge_arrays_16_U0   |merge_arrays_16   |  10000003|  10000003|  0.100 sec|  0.100 sec|  10000003|  10000003|       no|
        |merge_arrays_17_U0   |merge_arrays_17   |  10000003|  10000003|  0.100 sec|  0.100 sec|  10000003|  10000003|       no|
        |merge_arrays_18_U0   |merge_arrays_18   |  10000003|  10000003|  0.100 sec|  0.100 sec|  10000003|  10000003|       no|
        |merge_arrays_19_U0   |merge_arrays_19   |  10000003|  10000003|  0.100 sec|  0.100 sec|  10000003|  10000003|       no|
        |merge_arrays_20_U0   |merge_arrays_20   |  10000003|  10000003|  0.100 sec|  0.100 sec|  10000003|  10000003|       no|
        |merge_arrays_21_U0   |merge_arrays_21   |  10000003|  10000003|  0.100 sec|  0.100 sec|  10000003|  10000003|       no|
        |merge_arrays_22_U0   |merge_arrays_22   |  10000003|  10000003|  0.100 sec|  0.100 sec|  10000003|  10000003|       no|
        |merge_arrays_23_U0   |merge_arrays_23   |  10000003|  10000003|  0.100 sec|  0.100 sec|  10000003|  10000003|       no|
        |merge_arrays_1_2_U0  |merge_arrays_1_2  |  10000003|  10000003|  0.100 sec|  0.100 sec|  10000003|  10000003|       no|
        +---------------------+------------------+----------+----------+-----------+-----------+----------+----------+---------+

        * Loop: 
        N/A



================================================================
== Utilization Estimates
================================================================
* Summary: 
+---------------------+---------+------+---------+---------+-----+
|         Name        | BRAM_18K|  DSP |    FF   |   LUT   | URAM|
+---------------------+---------+------+---------+---------+-----+
|DSP                  |        -|     -|        -|        -|    -|
|Expression           |        -|     -|        0|        2|    -|
|FIFO                 |        -|     -|        -|        -|    -|
|Instance             |        -|     -|     6696|    17616|    -|
|Memory               |      736|     -|        0|        0|    0|
|Multiplexer          |        -|     -|        -|        -|    -|
|Register             |        -|     -|        -|        -|    -|
+---------------------+---------+------+---------+---------+-----+
|Total                |      736|     0|     6696|    17618|    0|
+---------------------+---------+------+---------+---------+-----+
|Available SLR        |     1344|  3008|   869120|   434560|  320|
+---------------------+---------+------+---------+---------+-----+
|Utilization SLR (%)  |       54|     0|       ~0|        4|    0|
+---------------------+---------+------+---------+---------+-----+
|Available            |     4032|  9024|  2607360|  1303680|  960|
+---------------------+---------+------+---------+---------+-----+
|Utilization (%)      |       18|     0|       ~0|        1|    0|
+---------------------+---------+------+---------+---------+-----+

+ Detail: 
    * Instance: 
    +---------------------+------------------+---------+----+-----+-----+-----+
    |       Instance      |      Module      | BRAM_18K| DSP|  FF | LUT | URAM|
    +---------------------+------------------+---------+----+-----+-----+-----+
    |merge_arrays_10_U0   |merge_arrays_10   |        0|   0|  279|  734|    0|
    |merge_arrays_11_U0   |merge_arrays_11   |        0|   0|  279|  734|    0|
    |merge_arrays_12_U0   |merge_arrays_12   |        0|   0|  279|  734|    0|
    |merge_arrays_13_U0   |merge_arrays_13   |        0|   0|  279|  734|    0|
    |merge_arrays_14_U0   |merge_arrays_14   |        0|   0|  279|  734|    0|
    |merge_arrays_15_U0   |merge_arrays_15   |        0|   0|  279|  734|    0|
    |merge_arrays_16_U0   |merge_arrays_16   |        0|   0|  279|  734|    0|
    |merge_arrays_17_U0   |merge_arrays_17   |        0|   0|  279|  734|    0|
    |merge_arrays_18_U0   |merge_arrays_18   |        0|   0|  279|  734|    0|
    |merge_arrays_19_U0   |merge_arrays_19   |        0|   0|  279|  734|    0|
    |merge_arrays_1_1_U0  |merge_arrays_1_1  |        0|   0|  279|  734|    0|
    |merge_arrays_1_2_U0  |merge_arrays_1_2  |        0|   0|  279|  734|    0|
    |merge_arrays_2_U0    |merge_arrays_2    |        0|   0|  279|  734|    0|
    |merge_arrays_20_U0   |merge_arrays_20   |        0|   0|  279|  734|    0|
    |merge_arrays_21_U0   |merge_arrays_21   |        0|   0|  279|  734|    0|
    |merge_arrays_22_U0   |merge_arrays_22   |        0|   0|  279|  734|    0|
    |merge_arrays_23_U0   |merge_arrays_23   |        0|   0|  279|  734|    0|
    |merge_arrays_3_U0    |merge_arrays_3    |        0|   0|  279|  734|    0|
    |merge_arrays_4_U0    |merge_arrays_4    |        0|   0|  279|  734|    0|
    |merge_arrays_5_U0    |merge_arrays_5    |        0|   0|  279|  734|    0|
    |merge_arrays_6_U0    |merge_arrays_6    |        0|   0|  279|  734|    0|
    |merge_arrays_7_U0    |merge_arrays_7    |        0|   0|  279|  734|    0|
    |merge_arrays_8_U0    |merge_arrays_8    |        0|   0|  279|  734|    0|
    |merge_arrays_9_U0    |merge_arrays_9    |        0|   0|  279|  734|    0|
    +---------------------+------------------+---------+----+-----+-----+-----+
    |Total                |                  |        0|   0| 6696|17616|    0|
    +---------------------+------------------+---------+----+-----+-----+-----+

    * DSP: 
    N/A

    * Memory: 
    +-----------+--------------------+---------+---+----+-----+----------+-----+------+-------------+
    |   Memory  |       Module       | BRAM_18K| FF| LUT| URAM|   Words  | Bits| Banks| W*Bits*Banks|
    +-----------+--------------------+---------+---+----+-----+----------+-----+------+-------------+
    |temp_U     |temp_RAM_AUTO_1R1W  |       32|  0|   0|    0|  10000000|   32|     1|    320000000|
    |temp_1_U   |temp_RAM_AUTO_1R1W  |       32|  0|   0|    0|  10000000|   32|     1|    320000000|
    |temp_2_U   |temp_RAM_AUTO_1R1W  |       32|  0|   0|    0|  10000000|   32|     1|    320000000|
    |temp_3_U   |temp_RAM_AUTO_1R1W  |       32|  0|   0|    0|  10000000|   32|     1|    320000000|
    |temp_4_U   |temp_RAM_AUTO_1R1W  |       32|  0|   0|    0|  10000000|   32|     1|    320000000|
    |temp_5_U   |temp_RAM_AUTO_1R1W  |       32|  0|   0|    0|  10000000|   32|     1|    320000000|
    |temp_6_U   |temp_RAM_AUTO_1R1W  |       32|  0|   0|    0|  10000000|   32|     1|    320000000|
    |temp_7_U   |temp_RAM_AUTO_1R1W  |       32|  0|   0|    0|  10000000|   32|     1|    320000000|
    |temp_8_U   |temp_RAM_AUTO_1R1W  |       32|  0|   0|    0|  10000000|   32|     1|    320000000|
    |temp_9_U   |temp_RAM_AUTO_1R1W  |       32|  0|   0|    0|  10000000|   32|     1|    320000000|
    |temp_10_U  |temp_RAM_AUTO_1R1W  |       32|  0|   0|    0|  10000000|   32|     1|    320000000|
    |temp_11_U  |temp_RAM_AUTO_1R1W  |       32|  0|   0|    0|  10000000|   32|     1|    320000000|
    |temp_12_U  |temp_RAM_AUTO_1R1W  |       32|  0|   0|    0|  10000000|   32|     1|    320000000|
    |temp_13_U  |temp_RAM_AUTO_1R1W  |       32|  0|   0|    0|  10000000|   32|     1|    320000000|
    |temp_14_U  |temp_RAM_AUTO_1R1W  |       32|  0|   0|    0|  10000000|   32|     1|    320000000|
    |temp_15_U  |temp_RAM_AUTO_1R1W  |       32|  0|   0|    0|  10000000|   32|     1|    320000000|
    |temp_16_U  |temp_RAM_AUTO_1R1W  |       32|  0|   0|    0|  10000000|   32|     1|    320000000|
    |temp_17_U  |temp_RAM_AUTO_1R1W  |       32|  0|   0|    0|  10000000|   32|     1|    320000000|
    |temp_18_U  |temp_RAM_AUTO_1R1W  |       32|  0|   0|    0|  10000000|   32|     1|    320000000|
    |temp_19_U  |temp_RAM_AUTO_1R1W  |       32|  0|   0|    0|  10000000|   32|     1|    320000000|
    |temp_20_U  |temp_RAM_AUTO_1R1W  |       32|  0|   0|    0|  10000000|   32|     1|    320000000|
    |temp_21_U  |temp_RAM_AUTO_1R1W  |       32|  0|   0|    0|  10000000|   32|     1|    320000000|
    |temp_22_U  |temp_RAM_AUTO_1R1W  |       32|  0|   0|    0|  10000000|   32|     1|    320000000|
    +-----------+--------------------+---------+---+----+-----+----------+-----+------+-------------+
    |Total      |                    |      736|  0|   0|    0| 230000000|  736|    23|  -2147483648|
    +-----------+--------------------+---------+---+----+-----+----------+-----+------+-------------+

    * FIFO: 
    N/A

    * Expression: 
    +--------------+----------+----+---+----+------------+------------+
    | Variable Name| Operation| DSP| FF| LUT| Bitwidth P0| Bitwidth P1|
    +--------------+----------+----+---+----+------------+------------+
    |ap_idle       |       and|   0|  0|   2|           1|           1|
    +--------------+----------+----+---+----+------------+------------+
    |Total         |          |   0|  0|   2|           1|           1|
    +--------------+----------+----+---+----+------------+------------+

    * Multiplexer: 
    N/A

    * Register: 
    N/A



================================================================
== Interface
================================================================
* Summary: 
+----------------+-----+-----+------------+---------------------+--------------+
|    RTL Ports   | Dir | Bits|  Protocol  |    Source Object    |    C Type    |
+----------------+-----+-----+------------+---------------------+--------------+
|ap_clk          |   in|    1|  ap_ctrl_hs|  merge_sort_parallel|  return value|
|ap_rst          |   in|    1|  ap_ctrl_hs|  merge_sort_parallel|  return value|
|ap_start        |   in|    1|  ap_ctrl_hs|  merge_sort_parallel|  return value|
|ap_done         |  out|    1|  ap_ctrl_hs|  merge_sort_parallel|  return value|
|ap_ready        |  out|    1|  ap_ctrl_hs|  merge_sort_parallel|  return value|
|ap_idle         |  out|    1|  ap_ctrl_hs|  merge_sort_parallel|  return value|
|in_r_address0   |  out|   24|   ap_memory|                 in_r|         array|
|in_r_ce0        |  out|    1|   ap_memory|                 in_r|         array|
|in_r_d0         |  out|   32|   ap_memory|                 in_r|         array|
|in_r_q0         |   in|   32|   ap_memory|                 in_r|         array|
|in_r_we0        |  out|    1|   ap_memory|                 in_r|         array|
|in_r_address1   |  out|   24|   ap_memory|                 in_r|         array|
|in_r_ce1        |  out|    1|   ap_memory|                 in_r|         array|
|in_r_d1         |  out|   32|   ap_memory|                 in_r|         array|
|in_r_q1         |   in|   32|   ap_memory|                 in_r|         array|
|in_r_we1        |  out|    1|   ap_memory|                 in_r|         array|
|out_r_address0  |  out|   24|   ap_memory|                out_r|         array|
|out_r_ce0       |  out|    1|   ap_memory|                out_r|         array|
|out_r_d0        |  out|   32|   ap_memory|                out_r|         array|
|out_r_q0        |   in|   32|   ap_memory|                out_r|         array|
|out_r_we0       |  out|    1|   ap_memory|                out_r|         array|
|out_r_address1  |  out|   24|   ap_memory|                out_r|         array|
|out_r_ce1       |  out|    1|   ap_memory|                out_r|         array|
|out_r_d1        |  out|   32|   ap_memory|                out_r|         array|
|out_r_q1        |   in|   32|   ap_memory|                out_r|         array|
|out_r_we1       |  out|    1|   ap_memory|                out_r|         array|
+----------------+-----+-----+------------+---------------------+--------------+

============================================================
+ Verbose Summary: Synthesis Manager
============================================================
InlineROM: 1
ExposeGlobal: 0
============================================================
+ Verbose Summary: CDFG Model
============================================================
IsTopModel: 1
ResetActiveHigh: 1
IsCombinational: 2
IsDatapathOnly: 2
HasWiredReturn: 1
HasMFsm: 0
HasVarLatency: 1
IsPipeline: 0
IsRtlPipelined: 0
IsInstanceOverlapped: 0
IsDontTouch: 0
HasImplIP: 0
IsGatedGlobalClock: 0


============================================================
+ Verbose Summary: Schedule
============================================================
* Number of FSM states : 48
* Pipeline : 0
* Dataflow Pipeline: 1
  DF-Pipeline-0: Size = 48, States = { 1 2 3 4 5 6 7 8 9 10 11 12 13 14 15 16 17 18 19 20 21 22 23 24 25 26 27 28 29 30 31 32 33 34 35 36 37 38 39 40 41 42 43 44 45 46 47 48 }

* FSM state transitions: 
1 --> 2 
2 --> 3 
3 --> 4 
4 --> 5 
5 --> 6 
6 --> 7 
7 --> 8 
8 --> 9 
9 --> 10 
10 --> 11 
11 --> 12 
12 --> 13 
13 --> 14 
14 --> 15 
15 --> 16 
16 --> 17 
17 --> 18 
18 --> 19 
19 --> 20 
20 --> 21 
21 --> 22 
22 --> 23 
23 --> 24 
24 --> 25 
25 --> 26 
26 --> 27 
27 --> 28 
28 --> 29 
29 --> 30 
30 --> 31 
31 --> 32 
32 --> 33 
33 --> 34 
34 --> 35 
35 --> 36 
36 --> 37 
37 --> 38 
38 --> 39 
39 --> 40 
40 --> 41 
41 --> 42 
42 --> 43 
43 --> 44 
44 --> 45 
45 --> 46 
46 --> 47 
47 --> 48 
48 --> 

* FSM state operations: 

State 1 <SV = 0> <Delay = 1.24>
ST_1 : Operation 49 [1/1] (1.24ns)   --->   "%temp = alloca i64 1" [sort_seperate_bucket/merge_sort.c:77]   --->   Operation 49 'alloca' 'temp' <Predicate = true> <Delay = 1.24>
ST_1 : Operation 50 [1/1] (1.24ns)   --->   "%temp_1 = alloca i64 1" [sort_seperate_bucket/merge_sort.c:77]   --->   Operation 50 'alloca' 'temp_1' <Predicate = true> <Delay = 1.24>
ST_1 : Operation 51 [1/1] (1.24ns)   --->   "%temp_2 = alloca i64 1" [sort_seperate_bucket/merge_sort.c:77]   --->   Operation 51 'alloca' 'temp_2' <Predicate = true> <Delay = 1.24>
ST_1 : Operation 52 [1/1] (1.24ns)   --->   "%temp_3 = alloca i64 1" [sort_seperate_bucket/merge_sort.c:77]   --->   Operation 52 'alloca' 'temp_3' <Predicate = true> <Delay = 1.24>
ST_1 : Operation 53 [1/1] (1.24ns)   --->   "%temp_4 = alloca i64 1" [sort_seperate_bucket/merge_sort.c:77]   --->   Operation 53 'alloca' 'temp_4' <Predicate = true> <Delay = 1.24>
ST_1 : Operation 54 [1/1] (1.24ns)   --->   "%temp_5 = alloca i64 1" [sort_seperate_bucket/merge_sort.c:77]   --->   Operation 54 'alloca' 'temp_5' <Predicate = true> <Delay = 1.24>
ST_1 : Operation 55 [1/1] (1.24ns)   --->   "%temp_6 = alloca i64 1" [sort_seperate_bucket/merge_sort.c:77]   --->   Operation 55 'alloca' 'temp_6' <Predicate = true> <Delay = 1.24>
ST_1 : Operation 56 [1/1] (1.24ns)   --->   "%temp_7 = alloca i64 1" [sort_seperate_bucket/merge_sort.c:77]   --->   Operation 56 'alloca' 'temp_7' <Predicate = true> <Delay = 1.24>
ST_1 : Operation 57 [1/1] (1.24ns)   --->   "%temp_8 = alloca i64 1" [sort_seperate_bucket/merge_sort.c:77]   --->   Operation 57 'alloca' 'temp_8' <Predicate = true> <Delay = 1.24>
ST_1 : Operation 58 [1/1] (1.24ns)   --->   "%temp_9 = alloca i64 1" [sort_seperate_bucket/merge_sort.c:77]   --->   Operation 58 'alloca' 'temp_9' <Predicate = true> <Delay = 1.24>
ST_1 : Operation 59 [1/1] (1.24ns)   --->   "%temp_10 = alloca i64 1" [sort_seperate_bucket/merge_sort.c:77]   --->   Operation 59 'alloca' 'temp_10' <Predicate = true> <Delay = 1.24>
ST_1 : Operation 60 [1/1] (1.24ns)   --->   "%temp_11 = alloca i64 1" [sort_seperate_bucket/merge_sort.c:77]   --->   Operation 60 'alloca' 'temp_11' <Predicate = true> <Delay = 1.24>
ST_1 : Operation 61 [1/1] (1.24ns)   --->   "%temp_12 = alloca i64 1" [sort_seperate_bucket/merge_sort.c:77]   --->   Operation 61 'alloca' 'temp_12' <Predicate = true> <Delay = 1.24>
ST_1 : Operation 62 [1/1] (1.24ns)   --->   "%temp_13 = alloca i64 1" [sort_seperate_bucket/merge_sort.c:77]   --->   Operation 62 'alloca' 'temp_13' <Predicate = true> <Delay = 1.24>
ST_1 : Operation 63 [1/1] (1.24ns)   --->   "%temp_14 = alloca i64 1" [sort_seperate_bucket/merge_sort.c:77]   --->   Operation 63 'alloca' 'temp_14' <Predicate = true> <Delay = 1.24>
ST_1 : Operation 64 [1/1] (1.24ns)   --->   "%temp_15 = alloca i64 1" [sort_seperate_bucket/merge_sort.c:77]   --->   Operation 64 'alloca' 'temp_15' <Predicate = true> <Delay = 1.24>
ST_1 : Operation 65 [1/1] (1.24ns)   --->   "%temp_16 = alloca i64 1" [sort_seperate_bucket/merge_sort.c:77]   --->   Operation 65 'alloca' 'temp_16' <Predicate = true> <Delay = 1.24>
ST_1 : Operation 66 [1/1] (1.24ns)   --->   "%temp_17 = alloca i64 1" [sort_seperate_bucket/merge_sort.c:77]   --->   Operation 66 'alloca' 'temp_17' <Predicate = true> <Delay = 1.24>
ST_1 : Operation 67 [1/1] (1.24ns)   --->   "%temp_18 = alloca i64 1" [sort_seperate_bucket/merge_sort.c:77]   --->   Operation 67 'alloca' 'temp_18' <Predicate = true> <Delay = 1.24>
ST_1 : Operation 68 [1/1] (1.24ns)   --->   "%temp_19 = alloca i64 1" [sort_seperate_bucket/merge_sort.c:77]   --->   Operation 68 'alloca' 'temp_19' <Predicate = true> <Delay = 1.24>
ST_1 : Operation 69 [1/1] (1.24ns)   --->   "%temp_20 = alloca i64 1" [sort_seperate_bucket/merge_sort.c:77]   --->   Operation 69 'alloca' 'temp_20' <Predicate = true> <Delay = 1.24>
ST_1 : Operation 70 [1/1] (1.24ns)   --->   "%temp_21 = alloca i64 1" [sort_seperate_bucket/merge_sort.c:77]   --->   Operation 70 'alloca' 'temp_21' <Predicate = true> <Delay = 1.24>
ST_1 : Operation 71 [1/1] (1.24ns)   --->   "%temp_22 = alloca i64 1" [sort_seperate_bucket/merge_sort.c:77]   --->   Operation 71 'alloca' 'temp_22' <Predicate = true> <Delay = 1.24>
ST_1 : Operation 72 [2/2] (0.00ns)   --->   "%call_ln80 = call void @merge_arrays.1.1, i32 %in_r, i32 %temp" [sort_seperate_bucket/merge_sort.c:80]   --->   Operation 72 'call' 'call_ln80' <Predicate = true> <Delay = 0.00> <CoreType = "Generic">   --->   Core 0 '' <Latency = 0> <II = 1> <Delay = 1.00> <Generic> <Opcode : >

State 2 <SV = 1> <Delay = 0.00>
ST_2 : Operation 73 [1/2] (0.00ns)   --->   "%call_ln80 = call void @merge_arrays.1.1, i32 %in_r, i32 %temp" [sort_seperate_bucket/merge_sort.c:80]   --->   Operation 73 'call' 'call_ln80' <Predicate = true> <Delay = 0.00> <CoreType = "Generic">   --->   Core 0 '' <Latency = 0> <II = 1> <Delay = 1.00> <Generic> <Opcode : >

State 3 <SV = 2> <Delay = 0.00>
ST_3 : Operation 74 [2/2] (0.00ns)   --->   "%call_ln85 = call void @merge_arrays.2, i32 %temp, i32 %temp_1" [sort_seperate_bucket/merge_sort.c:85]   --->   Operation 74 'call' 'call_ln85' <Predicate = true> <Delay = 0.00> <CoreType = "Generic">   --->   Core 0 '' <Latency = 0> <II = 1> <Delay = 1.00> <Generic> <Opcode : >

State 4 <SV = 3> <Delay = 0.00>
ST_4 : Operation 75 [1/2] (0.00ns)   --->   "%call_ln85 = call void @merge_arrays.2, i32 %temp, i32 %temp_1" [sort_seperate_bucket/merge_sort.c:85]   --->   Operation 75 'call' 'call_ln85' <Predicate = true> <Delay = 0.00> <CoreType = "Generic">   --->   Core 0 '' <Latency = 0> <II = 1> <Delay = 1.00> <Generic> <Opcode : >

State 5 <SV = 4> <Delay = 0.00>
ST_5 : Operation 76 [2/2] (0.00ns)   --->   "%call_ln85 = call void @merge_arrays.3, i32 %temp_1, i32 %temp_2" [sort_seperate_bucket/merge_sort.c:85]   --->   Operation 76 'call' 'call_ln85' <Predicate = true> <Delay = 0.00> <CoreType = "Generic">   --->   Core 0 '' <Latency = 0> <II = 1> <Delay = 1.00> <Generic> <Opcode : >

State 6 <SV = 5> <Delay = 0.00>
ST_6 : Operation 77 [1/2] (0.00ns)   --->   "%call_ln85 = call void @merge_arrays.3, i32 %temp_1, i32 %temp_2" [sort_seperate_bucket/merge_sort.c:85]   --->   Operation 77 'call' 'call_ln85' <Predicate = true> <Delay = 0.00> <CoreType = "Generic">   --->   Core 0 '' <Latency = 0> <II = 1> <Delay = 1.00> <Generic> <Opcode : >

State 7 <SV = 6> <Delay = 0.00>
ST_7 : Operation 78 [2/2] (0.00ns)   --->   "%call_ln85 = call void @merge_arrays.4, i32 %temp_2, i32 %temp_3" [sort_seperate_bucket/merge_sort.c:85]   --->   Operation 78 'call' 'call_ln85' <Predicate = true> <Delay = 0.00> <CoreType = "Generic">   --->   Core 0 '' <Latency = 0> <II = 1> <Delay = 1.00> <Generic> <Opcode : >

State 8 <SV = 7> <Delay = 0.00>
ST_8 : Operation 79 [1/2] (0.00ns)   --->   "%call_ln85 = call void @merge_arrays.4, i32 %temp_2, i32 %temp_3" [sort_seperate_bucket/merge_sort.c:85]   --->   Operation 79 'call' 'call_ln85' <Predicate = true> <Delay = 0.00> <CoreType = "Generic">   --->   Core 0 '' <Latency = 0> <II = 1> <Delay = 1.00> <Generic> <Opcode : >

State 9 <SV = 8> <Delay = 0.00>
ST_9 : Operation 80 [2/2] (0.00ns)   --->   "%call_ln85 = call void @merge_arrays.5, i32 %temp_3, i32 %temp_4" [sort_seperate_bucket/merge_sort.c:85]   --->   Operation 80 'call' 'call_ln85' <Predicate = true> <Delay = 0.00> <CoreType = "Generic">   --->   Core 0 '' <Latency = 0> <II = 1> <Delay = 1.00> <Generic> <Opcode : >

State 10 <SV = 9> <Delay = 0.00>
ST_10 : Operation 81 [1/2] (0.00ns)   --->   "%call_ln85 = call void @merge_arrays.5, i32 %temp_3, i32 %temp_4" [sort_seperate_bucket/merge_sort.c:85]   --->   Operation 81 'call' 'call_ln85' <Predicate = true> <Delay = 0.00> <CoreType = "Generic">   --->   Core 0 '' <Latency = 0> <II = 1> <Delay = 1.00> <Generic> <Opcode : >

State 11 <SV = 10> <Delay = 0.00>
ST_11 : Operation 82 [2/2] (0.00ns)   --->   "%call_ln85 = call void @merge_arrays.6, i32 %temp_4, i32 %temp_5" [sort_seperate_bucket/merge_sort.c:85]   --->   Operation 82 'call' 'call_ln85' <Predicate = true> <Delay = 0.00> <CoreType = "Generic">   --->   Core 0 '' <Latency = 0> <II = 1> <Delay = 1.00> <Generic> <Opcode : >

State 12 <SV = 11> <Delay = 0.00>
ST_12 : Operation 83 [1/2] (0.00ns)   --->   "%call_ln85 = call void @merge_arrays.6, i32 %temp_4, i32 %temp_5" [sort_seperate_bucket/merge_sort.c:85]   --->   Operation 83 'call' 'call_ln85' <Predicate = true> <Delay = 0.00> <CoreType = "Generic">   --->   Core 0 '' <Latency = 0> <II = 1> <Delay = 1.00> <Generic> <Opcode : >

State 13 <SV = 12> <Delay = 0.00>
ST_13 : Operation 84 [2/2] (0.00ns)   --->   "%call_ln85 = call void @merge_arrays.7, i32 %temp_5, i32 %temp_6" [sort_seperate_bucket/merge_sort.c:85]   --->   Operation 84 'call' 'call_ln85' <Predicate = true> <Delay = 0.00> <CoreType = "Generic">   --->   Core 0 '' <Latency = 0> <II = 1> <Delay = 1.00> <Generic> <Opcode : >

State 14 <SV = 13> <Delay = 0.00>
ST_14 : Operation 85 [1/2] (0.00ns)   --->   "%call_ln85 = call void @merge_arrays.7, i32 %temp_5, i32 %temp_6" [sort_seperate_bucket/merge_sort.c:85]   --->   Operation 85 'call' 'call_ln85' <Predicate = true> <Delay = 0.00> <CoreType = "Generic">   --->   Core 0 '' <Latency = 0> <II = 1> <Delay = 1.00> <Generic> <Opcode : >

State 15 <SV = 14> <Delay = 0.00>
ST_15 : Operation 86 [2/2] (0.00ns)   --->   "%call_ln85 = call void @merge_arrays.8, i32 %temp_6, i32 %temp_7" [sort_seperate_bucket/merge_sort.c:85]   --->   Operation 86 'call' 'call_ln85' <Predicate = true> <Delay = 0.00> <CoreType = "Generic">   --->   Core 0 '' <Latency = 0> <II = 1> <Delay = 1.00> <Generic> <Opcode : >

State 16 <SV = 15> <Delay = 0.00>
ST_16 : Operation 87 [1/2] (0.00ns)   --->   "%call_ln85 = call void @merge_arrays.8, i32 %temp_6, i32 %temp_7" [sort_seperate_bucket/merge_sort.c:85]   --->   Operation 87 'call' 'call_ln85' <Predicate = true> <Delay = 0.00> <CoreType = "Generic">   --->   Core 0 '' <Latency = 0> <II = 1> <Delay = 1.00> <Generic> <Opcode : >

State 17 <SV = 16> <Delay = 0.00>
ST_17 : Operation 88 [2/2] (0.00ns)   --->   "%call_ln85 = call void @merge_arrays.9, i32 %temp_7, i32 %temp_8" [sort_seperate_bucket/merge_sort.c:85]   --->   Operation 88 'call' 'call_ln85' <Predicate = true> <Delay = 0.00> <CoreType = "Generic">   --->   Core 0 '' <Latency = 0> <II = 1> <Delay = 1.00> <Generic> <Opcode : >

State 18 <SV = 17> <Delay = 0.00>
ST_18 : Operation 89 [1/2] (0.00ns)   --->   "%call_ln85 = call void @merge_arrays.9, i32 %temp_7, i32 %temp_8" [sort_seperate_bucket/merge_sort.c:85]   --->   Operation 89 'call' 'call_ln85' <Predicate = true> <Delay = 0.00> <CoreType = "Generic">   --->   Core 0 '' <Latency = 0> <II = 1> <Delay = 1.00> <Generic> <Opcode : >

State 19 <SV = 18> <Delay = 0.00>
ST_19 : Operation 90 [2/2] (0.00ns)   --->   "%call_ln85 = call void @merge_arrays.10, i32 %temp_8, i32 %temp_9" [sort_seperate_bucket/merge_sort.c:85]   --->   Operation 90 'call' 'call_ln85' <Predicate = true> <Delay = 0.00> <CoreType = "Generic">   --->   Core 0 '' <Latency = 0> <II = 1> <Delay = 1.00> <Generic> <Opcode : >

State 20 <SV = 19> <Delay = 0.00>
ST_20 : Operation 91 [1/2] (0.00ns)   --->   "%call_ln85 = call void @merge_arrays.10, i32 %temp_8, i32 %temp_9" [sort_seperate_bucket/merge_sort.c:85]   --->   Operation 91 'call' 'call_ln85' <Predicate = true> <Delay = 0.00> <CoreType = "Generic">   --->   Core 0 '' <Latency = 0> <II = 1> <Delay = 1.00> <Generic> <Opcode : >

State 21 <SV = 20> <Delay = 0.00>
ST_21 : Operation 92 [2/2] (0.00ns)   --->   "%call_ln85 = call void @merge_arrays.11, i32 %temp_9, i32 %temp_10" [sort_seperate_bucket/merge_sort.c:85]   --->   Operation 92 'call' 'call_ln85' <Predicate = true> <Delay = 0.00> <CoreType = "Generic">   --->   Core 0 '' <Latency = 0> <II = 1> <Delay = 1.00> <Generic> <Opcode : >

State 22 <SV = 21> <Delay = 0.00>
ST_22 : Operation 93 [1/2] (0.00ns)   --->   "%call_ln85 = call void @merge_arrays.11, i32 %temp_9, i32 %temp_10" [sort_seperate_bucket/merge_sort.c:85]   --->   Operation 93 'call' 'call_ln85' <Predicate = true> <Delay = 0.00> <CoreType = "Generic">   --->   Core 0 '' <Latency = 0> <II = 1> <Delay = 1.00> <Generic> <Opcode : >

State 23 <SV = 22> <Delay = 0.00>
ST_23 : Operation 94 [2/2] (0.00ns)   --->   "%call_ln85 = call void @merge_arrays.12, i32 %temp_10, i32 %temp_11" [sort_seperate_bucket/merge_sort.c:85]   --->   Operation 94 'call' 'call_ln85' <Predicate = true> <Delay = 0.00> <CoreType = "Generic">   --->   Core 0 '' <Latency = 0> <II = 1> <Delay = 1.00> <Generic> <Opcode : >

State 24 <SV = 23> <Delay = 0.00>
ST_24 : Operation 95 [1/2] (0.00ns)   --->   "%call_ln85 = call void @merge_arrays.12, i32 %temp_10, i32 %temp_11" [sort_seperate_bucket/merge_sort.c:85]   --->   Operation 95 'call' 'call_ln85' <Predicate = true> <Delay = 0.00> <CoreType = "Generic">   --->   Core 0 '' <Latency = 0> <II = 1> <Delay = 1.00> <Generic> <Opcode : >

State 25 <SV = 24> <Delay = 0.00>
ST_25 : Operation 96 [2/2] (0.00ns)   --->   "%call_ln85 = call void @merge_arrays.13, i32 %temp_11, i32 %temp_12" [sort_seperate_bucket/merge_sort.c:85]   --->   Operation 96 'call' 'call_ln85' <Predicate = true> <Delay = 0.00> <CoreType = "Generic">   --->   Core 0 '' <Latency = 0> <II = 1> <Delay = 1.00> <Generic> <Opcode : >

State 26 <SV = 25> <Delay = 0.00>
ST_26 : Operation 97 [1/2] (0.00ns)   --->   "%call_ln85 = call void @merge_arrays.13, i32 %temp_11, i32 %temp_12" [sort_seperate_bucket/merge_sort.c:85]   --->   Operation 97 'call' 'call_ln85' <Predicate = true> <Delay = 0.00> <CoreType = "Generic">   --->   Core 0 '' <Latency = 0> <II = 1> <Delay = 1.00> <Generic> <Opcode : >

State 27 <SV = 26> <Delay = 0.00>
ST_27 : Operation 98 [2/2] (0.00ns)   --->   "%call_ln85 = call void @merge_arrays.14, i32 %temp_12, i32 %temp_13" [sort_seperate_bucket/merge_sort.c:85]   --->   Operation 98 'call' 'call_ln85' <Predicate = true> <Delay = 0.00> <CoreType = "Generic">   --->   Core 0 '' <Latency = 0> <II = 1> <Delay = 1.00> <Generic> <Opcode : >

State 28 <SV = 27> <Delay = 0.00>
ST_28 : Operation 99 [1/2] (0.00ns)   --->   "%call_ln85 = call void @merge_arrays.14, i32 %temp_12, i32 %temp_13" [sort_seperate_bucket/merge_sort.c:85]   --->   Operation 99 'call' 'call_ln85' <Predicate = true> <Delay = 0.00> <CoreType = "Generic">   --->   Core 0 '' <Latency = 0> <II = 1> <Delay = 1.00> <Generic> <Opcode : >

State 29 <SV = 28> <Delay = 0.00>
ST_29 : Operation 100 [2/2] (0.00ns)   --->   "%call_ln85 = call void @merge_arrays.15, i32 %temp_13, i32 %temp_14" [sort_seperate_bucket/merge_sort.c:85]   --->   Operation 100 'call' 'call_ln85' <Predicate = true> <Delay = 0.00> <CoreType = "Generic">   --->   Core 0 '' <Latency = 0> <II = 1> <Delay = 1.00> <Generic> <Opcode : >

State 30 <SV = 29> <Delay = 0.00>
ST_30 : Operation 101 [1/2] (0.00ns)   --->   "%call_ln85 = call void @merge_arrays.15, i32 %temp_13, i32 %temp_14" [sort_seperate_bucket/merge_sort.c:85]   --->   Operation 101 'call' 'call_ln85' <Predicate = true> <Delay = 0.00> <CoreType = "Generic">   --->   Core 0 '' <Latency = 0> <II = 1> <Delay = 1.00> <Generic> <Opcode : >

State 31 <SV = 30> <Delay = 0.00>
ST_31 : Operation 102 [2/2] (0.00ns)   --->   "%call_ln85 = call void @merge_arrays.16, i32 %temp_14, i32 %temp_15" [sort_seperate_bucket/merge_sort.c:85]   --->   Operation 102 'call' 'call_ln85' <Predicate = true> <Delay = 0.00> <CoreType = "Generic">   --->   Core 0 '' <Latency = 0> <II = 1> <Delay = 1.00> <Generic> <Opcode : >

State 32 <SV = 31> <Delay = 0.00>
ST_32 : Operation 103 [1/2] (0.00ns)   --->   "%call_ln85 = call void @merge_arrays.16, i32 %temp_14, i32 %temp_15" [sort_seperate_bucket/merge_sort.c:85]   --->   Operation 103 'call' 'call_ln85' <Predicate = true> <Delay = 0.00> <CoreType = "Generic">   --->   Core 0 '' <Latency = 0> <II = 1> <Delay = 1.00> <Generic> <Opcode : >

State 33 <SV = 32> <Delay = 0.00>
ST_33 : Operation 104 [2/2] (0.00ns)   --->   "%call_ln85 = call void @merge_arrays.17, i32 %temp_15, i32 %temp_16" [sort_seperate_bucket/merge_sort.c:85]   --->   Operation 104 'call' 'call_ln85' <Predicate = true> <Delay = 0.00> <CoreType = "Generic">   --->   Core 0 '' <Latency = 0> <II = 1> <Delay = 1.00> <Generic> <Opcode : >

State 34 <SV = 33> <Delay = 0.00>
ST_34 : Operation 105 [1/2] (0.00ns)   --->   "%call_ln85 = call void @merge_arrays.17, i32 %temp_15, i32 %temp_16" [sort_seperate_bucket/merge_sort.c:85]   --->   Operation 105 'call' 'call_ln85' <Predicate = true> <Delay = 0.00> <CoreType = "Generic">   --->   Core 0 '' <Latency = 0> <II = 1> <Delay = 1.00> <Generic> <Opcode : >

State 35 <SV = 34> <Delay = 0.00>
ST_35 : Operation 106 [2/2] (0.00ns)   --->   "%call_ln85 = call void @merge_arrays.18, i32 %temp_16, i32 %temp_17" [sort_seperate_bucket/merge_sort.c:85]   --->   Operation 106 'call' 'call_ln85' <Predicate = true> <Delay = 0.00> <CoreType = "Generic">   --->   Core 0 '' <Latency = 0> <II = 1> <Delay = 1.00> <Generic> <Opcode : >

State 36 <SV = 35> <Delay = 0.00>
ST_36 : Operation 107 [1/2] (0.00ns)   --->   "%call_ln85 = call void @merge_arrays.18, i32 %temp_16, i32 %temp_17" [sort_seperate_bucket/merge_sort.c:85]   --->   Operation 107 'call' 'call_ln85' <Predicate = true> <Delay = 0.00> <CoreType = "Generic">   --->   Core 0 '' <Latency = 0> <II = 1> <Delay = 1.00> <Generic> <Opcode : >

State 37 <SV = 36> <Delay = 0.00>
ST_37 : Operation 108 [2/2] (0.00ns)   --->   "%call_ln85 = call void @merge_arrays.19, i32 %temp_17, i32 %temp_18" [sort_seperate_bucket/merge_sort.c:85]   --->   Operation 108 'call' 'call_ln85' <Predicate = true> <Delay = 0.00> <CoreType = "Generic">   --->   Core 0 '' <Latency = 0> <II = 1> <Delay = 1.00> <Generic> <Opcode : >

State 38 <SV = 37> <Delay = 0.00>
ST_38 : Operation 109 [1/2] (0.00ns)   --->   "%call_ln85 = call void @merge_arrays.19, i32 %temp_17, i32 %temp_18" [sort_seperate_bucket/merge_sort.c:85]   --->   Operation 109 'call' 'call_ln85' <Predicate = true> <Delay = 0.00> <CoreType = "Generic">   --->   Core 0 '' <Latency = 0> <II = 1> <Delay = 1.00> <Generic> <Opcode : >

State 39 <SV = 38> <Delay = 0.00>
ST_39 : Operation 110 [2/2] (0.00ns)   --->   "%call_ln85 = call void @merge_arrays.20, i32 %temp_18, i32 %temp_19" [sort_seperate_bucket/merge_sort.c:85]   --->   Operation 110 'call' 'call_ln85' <Predicate = true> <Delay = 0.00> <CoreType = "Generic">   --->   Core 0 '' <Latency = 0> <II = 1> <Delay = 1.00> <Generic> <Opcode : >

State 40 <SV = 39> <Delay = 0.00>
ST_40 : Operation 111 [1/2] (0.00ns)   --->   "%call_ln85 = call void @merge_arrays.20, i32 %temp_18, i32 %temp_19" [sort_seperate_bucket/merge_sort.c:85]   --->   Operation 111 'call' 'call_ln85' <Predicate = true> <Delay = 0.00> <CoreType = "Generic">   --->   Core 0 '' <Latency = 0> <II = 1> <Delay = 1.00> <Generic> <Opcode : >

State 41 <SV = 40> <Delay = 0.00>
ST_41 : Operation 112 [2/2] (0.00ns)   --->   "%call_ln85 = call void @merge_arrays.21, i32 %temp_19, i32 %temp_20" [sort_seperate_bucket/merge_sort.c:85]   --->   Operation 112 'call' 'call_ln85' <Predicate = true> <Delay = 0.00> <CoreType = "Generic">   --->   Core 0 '' <Latency = 0> <II = 1> <Delay = 1.00> <Generic> <Opcode : >

State 42 <SV = 41> <Delay = 0.00>
ST_42 : Operation 113 [1/2] (0.00ns)   --->   "%call_ln85 = call void @merge_arrays.21, i32 %temp_19, i32 %temp_20" [sort_seperate_bucket/merge_sort.c:85]   --->   Operation 113 'call' 'call_ln85' <Predicate = true> <Delay = 0.00> <CoreType = "Generic">   --->   Core 0 '' <Latency = 0> <II = 1> <Delay = 1.00> <Generic> <Opcode : >

State 43 <SV = 42> <Delay = 0.00>
ST_43 : Operation 114 [2/2] (0.00ns)   --->   "%call_ln85 = call void @merge_arrays.22, i32 %temp_20, i32 %temp_21" [sort_seperate_bucket/merge_sort.c:85]   --->   Operation 114 'call' 'call_ln85' <Predicate = true> <Delay = 0.00> <CoreType = "Generic">   --->   Core 0 '' <Latency = 0> <II = 1> <Delay = 1.00> <Generic> <Opcode : >

State 44 <SV = 43> <Delay = 0.00>
ST_44 : Operation 115 [1/2] (0.00ns)   --->   "%call_ln85 = call void @merge_arrays.22, i32 %temp_20, i32 %temp_21" [sort_seperate_bucket/merge_sort.c:85]   --->   Operation 115 'call' 'call_ln85' <Predicate = true> <Delay = 0.00> <CoreType = "Generic">   --->   Core 0 '' <Latency = 0> <II = 1> <Delay = 1.00> <Generic> <Opcode : >

State 45 <SV = 44> <Delay = 0.00>
ST_45 : Operation 116 [2/2] (0.00ns)   --->   "%call_ln85 = call void @merge_arrays.23, i32 %temp_21, i32 %temp_22" [sort_seperate_bucket/merge_sort.c:85]   --->   Operation 116 'call' 'call_ln85' <Predicate = true> <Delay = 0.00> <CoreType = "Generic">   --->   Core 0 '' <Latency = 0> <II = 1> <Delay = 1.00> <Generic> <Opcode : >

State 46 <SV = 45> <Delay = 0.00>
ST_46 : Operation 117 [1/2] (0.00ns)   --->   "%call_ln85 = call void @merge_arrays.23, i32 %temp_21, i32 %temp_22" [sort_seperate_bucket/merge_sort.c:85]   --->   Operation 117 'call' 'call_ln85' <Predicate = true> <Delay = 0.00> <CoreType = "Generic">   --->   Core 0 '' <Latency = 0> <II = 1> <Delay = 1.00> <Generic> <Opcode : >

State 47 <SV = 46> <Delay = 0.00>
ST_47 : Operation 118 [2/2] (0.00ns)   --->   "%call_ln88 = call void @merge_arrays.1.2, i32 %temp_22, i32 %out_r" [sort_seperate_bucket/merge_sort.c:88]   --->   Operation 118 'call' 'call_ln88' <Predicate = true> <Delay = 0.00> <CoreType = "Generic">   --->   Core 0 '' <Latency = 0> <II = 1> <Delay = 1.00> <Generic> <Opcode : >

State 48 <SV = 47> <Delay = 0.00>
ST_48 : Operation 119 [1/1] (0.00ns)   --->   "%specdataflowpipeline_ln75 = specdataflowpipeline void @_ssdm_op_SpecDataflowPipeline, i32 4294967295, i32 0, void @empty_0" [sort_seperate_bucket/merge_sort.c:75]   --->   Operation 119 'specdataflowpipeline' 'specdataflowpipeline_ln75' <Predicate = true> <Delay = 0.00>
ST_48 : Operation 120 [1/1] (0.00ns)   --->   "%spectopmodule_ln74 = spectopmodule void @_ssdm_op_SpecTopModule, void @empty_1" [sort_seperate_bucket/merge_sort.c:74]   --->   Operation 120 'spectopmodule' 'spectopmodule_ln74' <Predicate = true> <Delay = 0.00>
ST_48 : Operation 121 [1/1] (0.00ns)   --->   "%specinterface_ln0 = specinterface void @_ssdm_op_SpecInterface, i32 %in_r, void @empty, i32 0, i32 0, void @empty_0, i32 4294967295, i32 0, void @empty_0, void @empty_0, void @empty_0, i32 0, i32 0, i32 0, i32 0, void @empty_0, void @empty_0, i32 4294967295, i32 0"   --->   Operation 121 'specinterface' 'specinterface_ln0' <Predicate = true> <Delay = 0.00>
ST_48 : Operation 122 [1/1] (0.00ns)   --->   "%specbitsmap_ln0 = specbitsmap void @_ssdm_op_SpecBitsMap, i32 %in_r"   --->   Operation 122 'specbitsmap' 'specbitsmap_ln0' <Predicate = true> <Delay = 0.00>
ST_48 : Operation 123 [1/1] (0.00ns)   --->   "%specinterface_ln0 = specinterface void @_ssdm_op_SpecInterface, i32 %out_r, void @empty, i32 0, i32 0, void @empty_0, i32 4294967295, i32 0, void @empty_0, void @empty_0, void @empty_0, i32 0, i32 0, i32 0, i32 0, void @empty_0, void @empty_0, i32 4294967295, i32 0"   --->   Operation 123 'specinterface' 'specinterface_ln0' <Predicate = true> <Delay = 0.00>
ST_48 : Operation 124 [1/1] (0.00ns)   --->   "%specbitsmap_ln0 = specbitsmap void @_ssdm_op_SpecBitsMap, i32 %out_r"   --->   Operation 124 'specbitsmap' 'specbitsmap_ln0' <Predicate = true> <Delay = 0.00>
ST_48 : Operation 125 [1/2] (0.00ns)   --->   "%call_ln88 = call void @merge_arrays.1.2, i32 %temp_22, i32 %out_r" [sort_seperate_bucket/merge_sort.c:88]   --->   Operation 125 'call' 'call_ln88' <Predicate = true> <Delay = 0.00> <CoreType = "Generic">   --->   Core 0 '' <Latency = 0> <II = 1> <Delay = 1.00> <Generic> <Opcode : >
ST_48 : Operation 126 [1/1] (0.00ns)   --->   "%ret_ln89 = ret" [sort_seperate_bucket/merge_sort.c:89]   --->   Operation 126 'ret' 'ret_ln89' <Predicate = true> <Delay = 0.00>


============================================================
+ Verbose Summary: Binding
============================================================
STG Binding: 
---------------- STG Properties BEGIN ----------------
- Is combinational: 0
- Is one-state seq: 0
- Is datapath-only: 0
- Is pipelined: 0
- Is top level: 1
Port [ Return ] is wired: 1; IO mode=ap_ctrl_hs:ce=0
Port [ in_r]:  wired=1; compound=1; hidden=0; nouse=0; global=0; static=0; extern=0; dir=0; type=1; pingpong=0; private_global=0; MemPort=[11]; IO mode=ap_memory:ce=0
Port [ out_r]:  wired=1; compound=1; hidden=0; nouse=0; global=0; static=0; extern=0; dir=1; type=1; pingpong=0; private_global=0; MemPort=[03]; IO mode=ap_memory:ce=0
---------------- STG Properties END ------------------

---------------- Datapath Model BEGIN ----------------

<LifeTime>
<method=bitvector/>
temp                      (alloca              ) [ 0011100000000000000000000000000000000000000000000]
temp_1                    (alloca              ) [ 0011111000000000000000000000000000000000000000000]
temp_2                    (alloca              ) [ 0011111110000000000000000000000000000000000000000]
temp_3                    (alloca              ) [ 0011111111100000000000000000000000000000000000000]
temp_4                    (alloca              ) [ 0011111111111000000000000000000000000000000000000]
temp_5                    (alloca              ) [ 0011111111111110000000000000000000000000000000000]
temp_6                    (alloca              ) [ 0011111111111111100000000000000000000000000000000]
temp_7                    (alloca              ) [ 0011111111111111111000000000000000000000000000000]
temp_8                    (alloca              ) [ 0011111111111111111110000000000000000000000000000]
temp_9                    (alloca              ) [ 0011111111111111111111100000000000000000000000000]
temp_10                   (alloca              ) [ 0011111111111111111111111000000000000000000000000]
temp_11                   (alloca              ) [ 0011111111111111111111111110000000000000000000000]
temp_12                   (alloca              ) [ 0011111111111111111111111111100000000000000000000]
temp_13                   (alloca              ) [ 0011111111111111111111111111111000000000000000000]
temp_14                   (alloca              ) [ 0011111111111111111111111111111110000000000000000]
temp_15                   (alloca              ) [ 0011111111111111111111111111111111100000000000000]
temp_16                   (alloca              ) [ 0011111111111111111111111111111111111000000000000]
temp_17                   (alloca              ) [ 0011111111111111111111111111111111111110000000000]
temp_18                   (alloca              ) [ 0011111111111111111111111111111111111111100000000]
temp_19                   (alloca              ) [ 0011111111111111111111111111111111111111111000000]
temp_20                   (alloca              ) [ 0011111111111111111111111111111111111111111110000]
temp_21                   (alloca              ) [ 0011111111111111111111111111111111111111111111100]
temp_22                   (alloca              ) [ 0011111111111111111111111111111111111111111111111]
call_ln80                 (call                ) [ 0000000000000000000000000000000000000000000000000]
call_ln85                 (call                ) [ 0000000000000000000000000000000000000000000000000]
call_ln85                 (call                ) [ 0000000000000000000000000000000000000000000000000]
call_ln85                 (call                ) [ 0000000000000000000000000000000000000000000000000]
call_ln85                 (call                ) [ 0000000000000000000000000000000000000000000000000]
call_ln85                 (call                ) [ 0000000000000000000000000000000000000000000000000]
call_ln85                 (call                ) [ 0000000000000000000000000000000000000000000000000]
call_ln85                 (call                ) [ 0000000000000000000000000000000000000000000000000]
call_ln85                 (call                ) [ 0000000000000000000000000000000000000000000000000]
call_ln85                 (call                ) [ 0000000000000000000000000000000000000000000000000]
call_ln85                 (call                ) [ 0000000000000000000000000000000000000000000000000]
call_ln85                 (call                ) [ 0000000000000000000000000000000000000000000000000]
call_ln85                 (call                ) [ 0000000000000000000000000000000000000000000000000]
call_ln85                 (call                ) [ 0000000000000000000000000000000000000000000000000]
call_ln85                 (call                ) [ 0000000000000000000000000000000000000000000000000]
call_ln85                 (call                ) [ 0000000000000000000000000000000000000000000000000]
call_ln85                 (call                ) [ 0000000000000000000000000000000000000000000000000]
call_ln85                 (call                ) [ 0000000000000000000000000000000000000000000000000]
call_ln85                 (call                ) [ 0000000000000000000000000000000000000000000000000]
call_ln85                 (call                ) [ 0000000000000000000000000000000000000000000000000]
call_ln85                 (call                ) [ 0000000000000000000000000000000000000000000000000]
call_ln85                 (call                ) [ 0000000000000000000000000000000000000000000000000]
call_ln85                 (call                ) [ 0000000000000000000000000000000000000000000000000]
specdataflowpipeline_ln75 (specdataflowpipeline) [ 0000000000000000000000000000000000000000000000000]
spectopmodule_ln74        (spectopmodule       ) [ 0000000000000000000000000000000000000000000000000]
specinterface_ln0         (specinterface       ) [ 0000000000000000000000000000000000000000000000000]
specbitsmap_ln0           (specbitsmap         ) [ 0000000000000000000000000000000000000000000000000]
specinterface_ln0         (specinterface       ) [ 0000000000000000000000000000000000000000000000000]
specbitsmap_ln0           (specbitsmap         ) [ 0000000000000000000000000000000000000000000000000]
call_ln88                 (call                ) [ 0000000000000000000000000000000000000000000000000]
ret_ln89                  (ret                 ) [ 0000000000000000000000000000000000000000000000000]
</LifeTime>

<model>

<comp_list>
<comp id="0" class="1000" name="in_r">
<pin_list>
<pin id="1" dir="1" index="0" bw="1" slack="0"/>
</pin_list>
<bind>
<StgValue><ssdm name="in_r"/><MemPortTyVec>1 1 </MemPortTyVec>
</StgValue>
</bind>
</comp>

<comp id="2" class="1000" name="out_r">
<pin_list>
<pin id="3" dir="1" index="0" bw="1" slack="0"/>
</pin_list>
<bind>
<StgValue><ssdm name="out_r"/><MemPortTyVec>0 3 </MemPortTyVec>
</StgValue>
</bind>
</comp>

<comp id="4" class="1001" name="const_4">
<pin_list>
<pin id="5" dir="1" index="0" bw="1" slack="0"/>
</pin_list>
<bind>
<StgValue><ssdm name=""/></StgValue>
</bind>
</comp>

<comp id="6" class="1001" name="const_6">
<pin_list>
<pin id="7" dir="1" index="0" bw="1" slack="0"/>
</pin_list>
<bind>
<StgValue><ssdm name="merge_arrays.1.1"/></StgValue>
</bind>
</comp>

<comp id="8" class="1001" name="const_8">
<pin_list>
<pin id="9" dir="1" index="0" bw="1" slack="0"/>
</pin_list>
<bind>
<StgValue><ssdm name="merge_arrays.2"/></StgValue>
</bind>
</comp>

<comp id="10" class="1001" name="const_10">
<pin_list>
<pin id="11" dir="1" index="0" bw="1" slack="0"/>
</pin_list>
<bind>
<StgValue><ssdm name="merge_arrays.3"/></StgValue>
</bind>
</comp>

<comp id="12" class="1001" name="const_12">
<pin_list>
<pin id="13" dir="1" index="0" bw="1" slack="0"/>
</pin_list>
<bind>
<StgValue><ssdm name="merge_arrays.4"/></StgValue>
</bind>
</comp>

<comp id="14" class="1001" name="const_14">
<pin_list>
<pin id="15" dir="1" index="0" bw="1" slack="0"/>
</pin_list>
<bind>
<StgValue><ssdm name="merge_arrays.5"/></StgValue>
</bind>
</comp>

<comp id="16" class="1001" name="const_16">
<pin_list>
<pin id="17" dir="1" index="0" bw="1" slack="0"/>
</pin_list>
<bind>
<StgValue><ssdm name="merge_arrays.6"/></StgValue>
</bind>
</comp>

<comp id="18" class="1001" name="const_18">
<pin_list>
<pin id="19" dir="1" index="0" bw="1" slack="0"/>
</pin_list>
<bind>
<StgValue><ssdm name="merge_arrays.7"/></StgValue>
</bind>
</comp>

<comp id="20" class="1001" name="const_20">
<pin_list>
<pin id="21" dir="1" index="0" bw="1" slack="0"/>
</pin_list>
<bind>
<StgValue><ssdm name="merge_arrays.8"/></StgValue>
</bind>
</comp>

<comp id="22" class="1001" name="const_22">
<pin_list>
<pin id="23" dir="1" index="0" bw="1" slack="0"/>
</pin_list>
<bind>
<StgValue><ssdm name="merge_arrays.9"/></StgValue>
</bind>
</comp>

<comp id="24" class="1001" name="const_24">
<pin_list>
<pin id="25" dir="1" index="0" bw="1" slack="0"/>
</pin_list>
<bind>
<StgValue><ssdm name="merge_arrays.10"/></StgValue>
</bind>
</comp>

<comp id="26" class="1001" name="const_26">
<pin_list>
<pin id="27" dir="1" index="0" bw="1" slack="0"/>
</pin_list>
<bind>
<StgValue><ssdm name="merge_arrays.11"/></StgValue>
</bind>
</comp>

<comp id="28" class="1001" name="const_28">
<pin_list>
<pin id="29" dir="1" index="0" bw="1" slack="0"/>
</pin_list>
<bind>
<StgValue><ssdm name="merge_arrays.12"/></StgValue>
</bind>
</comp>

<comp id="30" class="1001" name="const_30">
<pin_list>
<pin id="31" dir="1" index="0" bw="1" slack="0"/>
</pin_list>
<bind>
<StgValue><ssdm name="merge_arrays.13"/></StgValue>
</bind>
</comp>

<comp id="32" class="1001" name="const_32">
<pin_list>
<pin id="33" dir="1" index="0" bw="1" slack="0"/>
</pin_list>
<bind>
<StgValue><ssdm name="merge_arrays.14"/></StgValue>
</bind>
</comp>

<comp id="34" class="1001" name="const_34">
<pin_list>
<pin id="35" dir="1" index="0" bw="1" slack="0"/>
</pin_list>
<bind>
<StgValue><ssdm name="merge_arrays.15"/></StgValue>
</bind>
</comp>

<comp id="36" class="1001" name="const_36">
<pin_list>
<pin id="37" dir="1" index="0" bw="1" slack="0"/>
</pin_list>
<bind>
<StgValue><ssdm name="merge_arrays.16"/></StgValue>
</bind>
</comp>

<comp id="38" class="1001" name="const_38">
<pin_list>
<pin id="39" dir="1" index="0" bw="1" slack="0"/>
</pin_list>
<bind>
<StgValue><ssdm name="merge_arrays.17"/></StgValue>
</bind>
</comp>

<comp id="40" class="1001" name="const_40">
<pin_list>
<pin id="41" dir="1" index="0" bw="1" slack="0"/>
</pin_list>
<bind>
<StgValue><ssdm name="merge_arrays.18"/></StgValue>
</bind>
</comp>

<comp id="42" class="1001" name="const_42">
<pin_list>
<pin id="43" dir="1" index="0" bw="1" slack="0"/>
</pin_list>
<bind>
<StgValue><ssdm name="merge_arrays.19"/></StgValue>
</bind>
</comp>

<comp id="44" class="1001" name="const_44">
<pin_list>
<pin id="45" dir="1" index="0" bw="1" slack="0"/>
</pin_list>
<bind>
<StgValue><ssdm name="merge_arrays.20"/></StgValue>
</bind>
</comp>

<comp id="46" class="1001" name="const_46">
<pin_list>
<pin id="47" dir="1" index="0" bw="1" slack="0"/>
</pin_list>
<bind>
<StgValue><ssdm name="merge_arrays.21"/></StgValue>
</bind>
</comp>

<comp id="48" class="1001" name="const_48">
<pin_list>
<pin id="49" dir="1" index="0" bw="1" slack="0"/>
</pin_list>
<bind>
<StgValue><ssdm name="merge_arrays.22"/></StgValue>
</bind>
</comp>

<comp id="50" class="1001" name="const_50">
<pin_list>
<pin id="51" dir="1" index="0" bw="1" slack="0"/>
</pin_list>
<bind>
<StgValue><ssdm name="merge_arrays.23"/></StgValue>
</bind>
</comp>

<comp id="52" class="1001" name="const_52">
<pin_list>
<pin id="53" dir="1" index="0" bw="1" slack="0"/>
</pin_list>
<bind>
<StgValue><ssdm name="merge_arrays.1.2"/></StgValue>
</bind>
</comp>

<comp id="54" class="1001" name="const_54">
<pin_list>
<pin id="55" dir="1" index="0" bw="1" slack="2147483647"/>
</pin_list>
<bind>
<StgValue><ssdm name="_ssdm_op_SpecDataflowPipeline"/></StgValue>
</bind>
</comp>

<comp id="56" class="1001" name="const_56">
<pin_list>
<pin id="57" dir="1" index="0" bw="1" slack="2147483647"/>
</pin_list>
<bind>
<StgValue><ssdm name=""/></StgValue>
</bind>
</comp>

<comp id="58" class="1001" name="const_58">
<pin_list>
<pin id="59" dir="1" index="0" bw="1" slack="2147483647"/>
</pin_list>
<bind>
<StgValue><ssdm name=""/></StgValue>
</bind>
</comp>

<comp id="60" class="1001" name="const_60">
<pin_list>
<pin id="61" dir="1" index="0" bw="1" slack="2147483647"/>
</pin_list>
<bind>
<StgValue><ssdm name="empty_0"/></StgValue>
</bind>
</comp>

<comp id="62" class="1001" name="const_62">
<pin_list>
<pin id="63" dir="1" index="0" bw="1" slack="2147483647"/>
</pin_list>
<bind>
<StgValue><ssdm name="_ssdm_op_SpecTopModule"/></StgValue>
</bind>
</comp>

<comp id="64" class="1001" name="const_64">
<pin_list>
<pin id="65" dir="1" index="0" bw="1" slack="2147483647"/>
</pin_list>
<bind>
<StgValue><ssdm name="empty_1"/></StgValue>
</bind>
</comp>

<comp id="66" class="1001" name="const_66">
<pin_list>
<pin id="67" dir="1" index="0" bw="1" slack="2147483647"/>
</pin_list>
<bind>
<StgValue><ssdm name="_ssdm_op_SpecInterface"/></StgValue>
</bind>
</comp>

<comp id="68" class="1001" name="const_68">
<pin_list>
<pin id="69" dir="1" index="0" bw="1" slack="2147483647"/>
</pin_list>
<bind>
<StgValue><ssdm name="empty"/></StgValue>
</bind>
</comp>

<comp id="70" class="1001" name="const_70">
<pin_list>
<pin id="71" dir="1" index="0" bw="1" slack="2147483647"/>
</pin_list>
<bind>
<StgValue><ssdm name="_ssdm_op_SpecBitsMap"/></StgValue>
</bind>
</comp>

<comp id="72" class="1004" name="temp_alloca_fu_72">
<pin_list>
<pin id="73" dir="0" index="0" bw="1" slack="0"/>
<pin id="74" dir="1" index="1" bw="32" slack="0"/>
</pin_list>
<bind>
<opcode="alloca(26) " fcode="alloca"/>
<opset="temp/1 "/>
</bind>
</comp>

<comp id="76" class="1004" name="temp_1_alloca_fu_76">
<pin_list>
<pin id="77" dir="0" index="0" bw="1" slack="0"/>
<pin id="78" dir="1" index="1" bw="32" slack="2147483647"/>
</pin_list>
<bind>
<opcode="alloca(26) " fcode="alloca"/>
<opset="temp_1/1 "/>
</bind>
</comp>

<comp id="80" class="1004" name="temp_2_alloca_fu_80">
<pin_list>
<pin id="81" dir="0" index="0" bw="1" slack="0"/>
<pin id="82" dir="1" index="1" bw="32" slack="2147483647"/>
</pin_list>
<bind>
<opcode="alloca(26) " fcode="alloca"/>
<opset="temp_2/1 "/>
</bind>
</comp>

<comp id="84" class="1004" name="temp_3_alloca_fu_84">
<pin_list>
<pin id="85" dir="0" index="0" bw="1" slack="0"/>
<pin id="86" dir="1" index="1" bw="32" slack="2147483647"/>
</pin_list>
<bind>
<opcode="alloca(26) " fcode="alloca"/>
<opset="temp_3/1 "/>
</bind>
</comp>

<comp id="88" class="1004" name="temp_4_alloca_fu_88">
<pin_list>
<pin id="89" dir="0" index="0" bw="1" slack="0"/>
<pin id="90" dir="1" index="1" bw="32" slack="2147483647"/>
</pin_list>
<bind>
<opcode="alloca(26) " fcode="alloca"/>
<opset="temp_4/1 "/>
</bind>
</comp>

<comp id="92" class="1004" name="temp_5_alloca_fu_92">
<pin_list>
<pin id="93" dir="0" index="0" bw="1" slack="0"/>
<pin id="94" dir="1" index="1" bw="32" slack="2147483647"/>
</pin_list>
<bind>
<opcode="alloca(26) " fcode="alloca"/>
<opset="temp_5/1 "/>
</bind>
</comp>

<comp id="96" class="1004" name="temp_6_alloca_fu_96">
<pin_list>
<pin id="97" dir="0" index="0" bw="1" slack="0"/>
<pin id="98" dir="1" index="1" bw="32" slack="2147483647"/>
</pin_list>
<bind>
<opcode="alloca(26) " fcode="alloca"/>
<opset="temp_6/1 "/>
</bind>
</comp>

<comp id="100" class="1004" name="temp_7_alloca_fu_100">
<pin_list>
<pin id="101" dir="0" index="0" bw="1" slack="0"/>
<pin id="102" dir="1" index="1" bw="32" slack="2147483647"/>
</pin_list>
<bind>
<opcode="alloca(26) " fcode="alloca"/>
<opset="temp_7/1 "/>
</bind>
</comp>

<comp id="104" class="1004" name="temp_8_alloca_fu_104">
<pin_list>
<pin id="105" dir="0" index="0" bw="1" slack="0"/>
<pin id="106" dir="1" index="1" bw="32" slack="2147483647"/>
</pin_list>
<bind>
<opcode="alloca(26) " fcode="alloca"/>
<opset="temp_8/1 "/>
</bind>
</comp>

<comp id="108" class="1004" name="temp_9_alloca_fu_108">
<pin_list>
<pin id="109" dir="0" index="0" bw="1" slack="0"/>
<pin id="110" dir="1" index="1" bw="32" slack="2147483647"/>
</pin_list>
<bind>
<opcode="alloca(26) " fcode="alloca"/>
<opset="temp_9/1 "/>
</bind>
</comp>

<comp id="112" class="1004" name="temp_10_alloca_fu_112">
<pin_list>
<pin id="113" dir="0" index="0" bw="1" slack="0"/>
<pin id="114" dir="1" index="1" bw="32" slack="2147483647"/>
</pin_list>
<bind>
<opcode="alloca(26) " fcode="alloca"/>
<opset="temp_10/1 "/>
</bind>
</comp>

<comp id="116" class="1004" name="temp_11_alloca_fu_116">
<pin_list>
<pin id="117" dir="0" index="0" bw="1" slack="0"/>
<pin id="118" dir="1" index="1" bw="32" slack="2147483647"/>
</pin_list>
<bind>
<opcode="alloca(26) " fcode="alloca"/>
<opset="temp_11/1 "/>
</bind>
</comp>

<comp id="120" class="1004" name="temp_12_alloca_fu_120">
<pin_list>
<pin id="121" dir="0" index="0" bw="1" slack="0"/>
<pin id="122" dir="1" index="1" bw="32" slack="2147483647"/>
</pin_list>
<bind>
<opcode="alloca(26) " fcode="alloca"/>
<opset="temp_12/1 "/>
</bind>
</comp>

<comp id="124" class="1004" name="temp_13_alloca_fu_124">
<pin_list>
<pin id="125" dir="0" index="0" bw="1" slack="0"/>
<pin id="126" dir="1" index="1" bw="32" slack="2147483647"/>
</pin_list>
<bind>
<opcode="alloca(26) " fcode="alloca"/>
<opset="temp_13/1 "/>
</bind>
</comp>

<comp id="128" class="1004" name="temp_14_alloca_fu_128">
<pin_list>
<pin id="129" dir="0" index="0" bw="1" slack="0"/>
<pin id="130" dir="1" index="1" bw="32" slack="2147483647"/>
</pin_list>
<bind>
<opcode="alloca(26) " fcode="alloca"/>
<opset="temp_14/1 "/>
</bind>
</comp>

<comp id="132" class="1004" name="temp_15_alloca_fu_132">
<pin_list>
<pin id="133" dir="0" index="0" bw="1" slack="0"/>
<pin id="134" dir="1" index="1" bw="32" slack="2147483647"/>
</pin_list>
<bind>
<opcode="alloca(26) " fcode="alloca"/>
<opset="temp_15/1 "/>
</bind>
</comp>

<comp id="136" class="1004" name="temp_16_alloca_fu_136">
<pin_list>
<pin id="137" dir="0" index="0" bw="1" slack="0"/>
<pin id="138" dir="1" index="1" bw="32" slack="2147483647"/>
</pin_list>
<bind>
<opcode="alloca(26) " fcode="alloca"/>
<opset="temp_16/1 "/>
</bind>
</comp>

<comp id="140" class="1004" name="temp_17_alloca_fu_140">
<pin_list>
<pin id="141" dir="0" index="0" bw="1" slack="0"/>
<pin id="142" dir="1" index="1" bw="32" slack="2147483647"/>
</pin_list>
<bind>
<opcode="alloca(26) " fcode="alloca"/>
<opset="temp_17/1 "/>
</bind>
</comp>

<comp id="144" class="1004" name="temp_18_alloca_fu_144">
<pin_list>
<pin id="145" dir="0" index="0" bw="1" slack="0"/>
<pin id="146" dir="1" index="1" bw="32" slack="2147483647"/>
</pin_list>
<bind>
<opcode="alloca(26) " fcode="alloca"/>
<opset="temp_18/1 "/>
</bind>
</comp>

<comp id="148" class="1004" name="temp_19_alloca_fu_148">
<pin_list>
<pin id="149" dir="0" index="0" bw="1" slack="0"/>
<pin id="150" dir="1" index="1" bw="32" slack="2147483647"/>
</pin_list>
<bind>
<opcode="alloca(26) " fcode="alloca"/>
<opset="temp_19/1 "/>
</bind>
</comp>

<comp id="152" class="1004" name="temp_20_alloca_fu_152">
<pin_list>
<pin id="153" dir="0" index="0" bw="1" slack="0"/>
<pin id="154" dir="1" index="1" bw="32" slack="2147483647"/>
</pin_list>
<bind>
<opcode="alloca(26) " fcode="alloca"/>
<opset="temp_20/1 "/>
</bind>
</comp>

<comp id="156" class="1004" name="temp_21_alloca_fu_156">
<pin_list>
<pin id="157" dir="0" index="0" bw="1" slack="0"/>
<pin id="158" dir="1" index="1" bw="32" slack="2147483647"/>
</pin_list>
<bind>
<opcode="alloca(26) " fcode="alloca"/>
<opset="temp_21/1 "/>
</bind>
</comp>

<comp id="160" class="1004" name="temp_22_alloca_fu_160">
<pin_list>
<pin id="161" dir="0" index="0" bw="1" slack="0"/>
<pin id="162" dir="1" index="1" bw="32" slack="2147483647"/>
</pin_list>
<bind>
<opcode="alloca(26) " fcode="alloca"/>
<opset="temp_22/1 "/>
</bind>
</comp>

<comp id="164" class="1004" name="grp_merge_arrays_1_1_fu_164">
<pin_list>
<pin id="165" dir="0" index="0" bw="0" slack="0"/>
<pin id="166" dir="0" index="1" bw="32" slack="0"/>
<pin id="167" dir="0" index="2" bw="32" slack="0"/>
<pin id="168" dir="1" index="3" bw="0" slack="2147483647"/>
</pin_list>
<bind>
<opcode="call(48) " fcode="call"/>
<opset="call_ln80/1 "/>
</bind>
</comp>

<comp id="172" class="1004" name="grp_merge_arrays_2_fu_172">
<pin_list>
<pin id="173" dir="0" index="0" bw="0" slack="0"/>
<pin id="174" dir="0" index="1" bw="32" slack="2147483647"/>
<pin id="175" dir="0" index="2" bw="32" slack="2147483647"/>
<pin id="176" dir="1" index="3" bw="0" slack="2147483647"/>
</pin_list>
<bind>
<opcode="call(48) " fcode="call"/>
<opset="call_ln85/3 "/>
</bind>
</comp>

<comp id="178" class="1004" name="grp_merge_arrays_3_fu_178">
<pin_list>
<pin id="179" dir="0" index="0" bw="0" slack="0"/>
<pin id="180" dir="0" index="1" bw="32" slack="2147483647"/>
<pin id="181" dir="0" index="2" bw="32" slack="2147483647"/>
<pin id="182" dir="1" index="3" bw="0" slack="2147483647"/>
</pin_list>
<bind>
<opcode="call(48) " fcode="call"/>
<opset="call_ln85/5 "/>
</bind>
</comp>

<comp id="184" class="1004" name="grp_merge_arrays_4_fu_184">
<pin_list>
<pin id="185" dir="0" index="0" bw="0" slack="0"/>
<pin id="186" dir="0" index="1" bw="32" slack="2147483647"/>
<pin id="187" dir="0" index="2" bw="32" slack="2147483647"/>
<pin id="188" dir="1" index="3" bw="0" slack="2147483647"/>
</pin_list>
<bind>
<opcode="call(48) " fcode="call"/>
<opset="call_ln85/7 "/>
</bind>
</comp>

<comp id="190" class="1004" name="grp_merge_arrays_5_fu_190">
<pin_list>
<pin id="191" dir="0" index="0" bw="0" slack="0"/>
<pin id="192" dir="0" index="1" bw="32" slack="2147483647"/>
<pin id="193" dir="0" index="2" bw="32" slack="2147483647"/>
<pin id="194" dir="1" index="3" bw="0" slack="2147483647"/>
</pin_list>
<bind>
<opcode="call(48) " fcode="call"/>
<opset="call_ln85/9 "/>
</bind>
</comp>

<comp id="196" class="1004" name="grp_merge_arrays_6_fu_196">
<pin_list>
<pin id="197" dir="0" index="0" bw="0" slack="0"/>
<pin id="198" dir="0" index="1" bw="32" slack="2147483647"/>
<pin id="199" dir="0" index="2" bw="32" slack="2147483647"/>
<pin id="200" dir="1" index="3" bw="0" slack="2147483647"/>
</pin_list>
<bind>
<opcode="call(48) " fcode="call"/>
<opset="call_ln85/11 "/>
</bind>
</comp>

<comp id="202" class="1004" name="grp_merge_arrays_7_fu_202">
<pin_list>
<pin id="203" dir="0" index="0" bw="0" slack="0"/>
<pin id="204" dir="0" index="1" bw="32" slack="2147483647"/>
<pin id="205" dir="0" index="2" bw="32" slack="2147483647"/>
<pin id="206" dir="1" index="3" bw="0" slack="2147483647"/>
</pin_list>
<bind>
<opcode="call(48) " fcode="call"/>
<opset="call_ln85/13 "/>
</bind>
</comp>

<comp id="208" class="1004" name="grp_merge_arrays_8_fu_208">
<pin_list>
<pin id="209" dir="0" index="0" bw="0" slack="0"/>
<pin id="210" dir="0" index="1" bw="32" slack="2147483647"/>
<pin id="211" dir="0" index="2" bw="32" slack="2147483647"/>
<pin id="212" dir="1" index="3" bw="0" slack="2147483647"/>
</pin_list>
<bind>
<opcode="call(48) " fcode="call"/>
<opset="call_ln85/15 "/>
</bind>
</comp>

<comp id="214" class="1004" name="grp_merge_arrays_9_fu_214">
<pin_list>
<pin id="215" dir="0" index="0" bw="0" slack="0"/>
<pin id="216" dir="0" index="1" bw="32" slack="2147483647"/>
<pin id="217" dir="0" index="2" bw="32" slack="2147483647"/>
<pin id="218" dir="1" index="3" bw="0" slack="2147483647"/>
</pin_list>
<bind>
<opcode="call(48) " fcode="call"/>
<opset="call_ln85/17 "/>
</bind>
</comp>

<comp id="220" class="1004" name="grp_merge_arrays_10_fu_220">
<pin_list>
<pin id="221" dir="0" index="0" bw="0" slack="0"/>
<pin id="222" dir="0" index="1" bw="32" slack="2147483647"/>
<pin id="223" dir="0" index="2" bw="32" slack="2147483647"/>
<pin id="224" dir="1" index="3" bw="0" slack="2147483647"/>
</pin_list>
<bind>
<opcode="call(48) " fcode="call"/>
<opset="call_ln85/19 "/>
</bind>
</comp>

<comp id="226" class="1004" name="grp_merge_arrays_11_fu_226">
<pin_list>
<pin id="227" dir="0" index="0" bw="0" slack="0"/>
<pin id="228" dir="0" index="1" bw="32" slack="2147483647"/>
<pin id="229" dir="0" index="2" bw="32" slack="2147483647"/>
<pin id="230" dir="1" index="3" bw="0" slack="2147483647"/>
</pin_list>
<bind>
<opcode="call(48) " fcode="call"/>
<opset="call_ln85/21 "/>
</bind>
</comp>

<comp id="232" class="1004" name="grp_merge_arrays_12_fu_232">
<pin_list>
<pin id="233" dir="0" index="0" bw="0" slack="0"/>
<pin id="234" dir="0" index="1" bw="32" slack="2147483647"/>
<pin id="235" dir="0" index="2" bw="32" slack="2147483647"/>
<pin id="236" dir="1" index="3" bw="0" slack="2147483647"/>
</pin_list>
<bind>
<opcode="call(48) " fcode="call"/>
<opset="call_ln85/23 "/>
</bind>
</comp>

<comp id="238" class="1004" name="grp_merge_arrays_13_fu_238">
<pin_list>
<pin id="239" dir="0" index="0" bw="0" slack="0"/>
<pin id="240" dir="0" index="1" bw="32" slack="2147483647"/>
<pin id="241" dir="0" index="2" bw="32" slack="2147483647"/>
<pin id="242" dir="1" index="3" bw="0" slack="2147483647"/>
</pin_list>
<bind>
<opcode="call(48) " fcode="call"/>
<opset="call_ln85/25 "/>
</bind>
</comp>

<comp id="244" class="1004" name="grp_merge_arrays_14_fu_244">
<pin_list>
<pin id="245" dir="0" index="0" bw="0" slack="0"/>
<pin id="246" dir="0" index="1" bw="32" slack="2147483647"/>
<pin id="247" dir="0" index="2" bw="32" slack="2147483647"/>
<pin id="248" dir="1" index="3" bw="0" slack="2147483647"/>
</pin_list>
<bind>
<opcode="call(48) " fcode="call"/>
<opset="call_ln85/27 "/>
</bind>
</comp>

<comp id="250" class="1004" name="grp_merge_arrays_15_fu_250">
<pin_list>
<pin id="251" dir="0" index="0" bw="0" slack="0"/>
<pin id="252" dir="0" index="1" bw="32" slack="2147483647"/>
<pin id="253" dir="0" index="2" bw="32" slack="2147483647"/>
<pin id="254" dir="1" index="3" bw="0" slack="2147483647"/>
</pin_list>
<bind>
<opcode="call(48) " fcode="call"/>
<opset="call_ln85/29 "/>
</bind>
</comp>

<comp id="256" class="1004" name="grp_merge_arrays_16_fu_256">
<pin_list>
<pin id="257" dir="0" index="0" bw="0" slack="0"/>
<pin id="258" dir="0" index="1" bw="32" slack="2147483647"/>
<pin id="259" dir="0" index="2" bw="32" slack="2147483647"/>
<pin id="260" dir="1" index="3" bw="0" slack="2147483647"/>
</pin_list>
<bind>
<opcode="call(48) " fcode="call"/>
<opset="call_ln85/31 "/>
</bind>
</comp>

<comp id="262" class="1004" name="grp_merge_arrays_17_fu_262">
<pin_list>
<pin id="263" dir="0" index="0" bw="0" slack="0"/>
<pin id="264" dir="0" index="1" bw="32" slack="2147483647"/>
<pin id="265" dir="0" index="2" bw="32" slack="2147483647"/>
<pin id="266" dir="1" index="3" bw="0" slack="2147483647"/>
</pin_list>
<bind>
<opcode="call(48) " fcode="call"/>
<opset="call_ln85/33 "/>
</bind>
</comp>

<comp id="268" class="1004" name="grp_merge_arrays_18_fu_268">
<pin_list>
<pin id="269" dir="0" index="0" bw="0" slack="0"/>
<pin id="270" dir="0" index="1" bw="32" slack="2147483647"/>
<pin id="271" dir="0" index="2" bw="32" slack="2147483647"/>
<pin id="272" dir="1" index="3" bw="0" slack="2147483647"/>
</pin_list>
<bind>
<opcode="call(48) " fcode="call"/>
<opset="call_ln85/35 "/>
</bind>
</comp>

<comp id="274" class="1004" name="grp_merge_arrays_19_fu_274">
<pin_list>
<pin id="275" dir="0" index="0" bw="0" slack="0"/>
<pin id="276" dir="0" index="1" bw="32" slack="2147483647"/>
<pin id="277" dir="0" index="2" bw="32" slack="2147483647"/>
<pin id="278" dir="1" index="3" bw="0" slack="2147483647"/>
</pin_list>
<bind>
<opcode="call(48) " fcode="call"/>
<opset="call_ln85/37 "/>
</bind>
</comp>

<comp id="280" class="1004" name="grp_merge_arrays_20_fu_280">
<pin_list>
<pin id="281" dir="0" index="0" bw="0" slack="0"/>
<pin id="282" dir="0" index="1" bw="32" slack="2147483647"/>
<pin id="283" dir="0" index="2" bw="32" slack="2147483647"/>
<pin id="284" dir="1" index="3" bw="0" slack="2147483647"/>
</pin_list>
<bind>
<opcode="call(48) " fcode="call"/>
<opset="call_ln85/39 "/>
</bind>
</comp>

<comp id="286" class="1004" name="grp_merge_arrays_21_fu_286">
<pin_list>
<pin id="287" dir="0" index="0" bw="0" slack="0"/>
<pin id="288" dir="0" index="1" bw="32" slack="2147483647"/>
<pin id="289" dir="0" index="2" bw="32" slack="2147483647"/>
<pin id="290" dir="1" index="3" bw="0" slack="2147483647"/>
</pin_list>
<bind>
<opcode="call(48) " fcode="call"/>
<opset="call_ln85/41 "/>
</bind>
</comp>

<comp id="292" class="1004" name="grp_merge_arrays_22_fu_292">
<pin_list>
<pin id="293" dir="0" index="0" bw="0" slack="0"/>
<pin id="294" dir="0" index="1" bw="32" slack="2147483647"/>
<pin id="295" dir="0" index="2" bw="32" slack="2147483647"/>
<pin id="296" dir="1" index="3" bw="0" slack="2147483647"/>
</pin_list>
<bind>
<opcode="call(48) " fcode="call"/>
<opset="call_ln85/43 "/>
</bind>
</comp>

<comp id="298" class="1004" name="grp_merge_arrays_23_fu_298">
<pin_list>
<pin id="299" dir="0" index="0" bw="0" slack="0"/>
<pin id="300" dir="0" index="1" bw="32" slack="2147483647"/>
<pin id="301" dir="0" index="2" bw="32" slack="2147483647"/>
<pin id="302" dir="1" index="3" bw="0" slack="2147483647"/>
</pin_list>
<bind>
<opcode="call(48) " fcode="call"/>
<opset="call_ln85/45 "/>
</bind>
</comp>

<comp id="304" class="1004" name="grp_merge_arrays_1_2_fu_304">
<pin_list>
<pin id="305" dir="0" index="0" bw="0" slack="0"/>
<pin id="306" dir="0" index="1" bw="32" slack="2147483647"/>
<pin id="307" dir="0" index="2" bw="32" slack="0"/>
<pin id="308" dir="1" index="3" bw="0" slack="2147483647"/>
</pin_list>
<bind>
<opcode="call(48) " fcode="call"/>
<opset="call_ln88/47 "/>
</bind>
</comp>

</comp_list>

<net_list>
<net id="75"><net_src comp="4" pin="0"/><net_sink comp="72" pin=0"/></net>

<net id="79"><net_src comp="4" pin="0"/><net_sink comp="76" pin=0"/></net>

<net id="83"><net_src comp="4" pin="0"/><net_sink comp="80" pin=0"/></net>

<net id="87"><net_src comp="4" pin="0"/><net_sink comp="84" pin=0"/></net>

<net id="91"><net_src comp="4" pin="0"/><net_sink comp="88" pin=0"/></net>

<net id="95"><net_src comp="4" pin="0"/><net_sink comp="92" pin=0"/></net>

<net id="99"><net_src comp="4" pin="0"/><net_sink comp="96" pin=0"/></net>

<net id="103"><net_src comp="4" pin="0"/><net_sink comp="100" pin=0"/></net>

<net id="107"><net_src comp="4" pin="0"/><net_sink comp="104" pin=0"/></net>

<net id="111"><net_src comp="4" pin="0"/><net_sink comp="108" pin=0"/></net>

<net id="115"><net_src comp="4" pin="0"/><net_sink comp="112" pin=0"/></net>

<net id="119"><net_src comp="4" pin="0"/><net_sink comp="116" pin=0"/></net>

<net id="123"><net_src comp="4" pin="0"/><net_sink comp="120" pin=0"/></net>

<net id="127"><net_src comp="4" pin="0"/><net_sink comp="124" pin=0"/></net>

<net id="131"><net_src comp="4" pin="0"/><net_sink comp="128" pin=0"/></net>

<net id="135"><net_src comp="4" pin="0"/><net_sink comp="132" pin=0"/></net>

<net id="139"><net_src comp="4" pin="0"/><net_sink comp="136" pin=0"/></net>

<net id="143"><net_src comp="4" pin="0"/><net_sink comp="140" pin=0"/></net>

<net id="147"><net_src comp="4" pin="0"/><net_sink comp="144" pin=0"/></net>

<net id="151"><net_src comp="4" pin="0"/><net_sink comp="148" pin=0"/></net>

<net id="155"><net_src comp="4" pin="0"/><net_sink comp="152" pin=0"/></net>

<net id="159"><net_src comp="4" pin="0"/><net_sink comp="156" pin=0"/></net>

<net id="163"><net_src comp="4" pin="0"/><net_sink comp="160" pin=0"/></net>

<net id="169"><net_src comp="6" pin="0"/><net_sink comp="164" pin=0"/></net>

<net id="170"><net_src comp="0" pin="0"/><net_sink comp="164" pin=1"/></net>

<net id="171"><net_src comp="72" pin="1"/><net_sink comp="164" pin=2"/></net>

<net id="177"><net_src comp="8" pin="0"/><net_sink comp="172" pin=0"/></net>

<net id="183"><net_src comp="10" pin="0"/><net_sink comp="178" pin=0"/></net>

<net id="189"><net_src comp="12" pin="0"/><net_sink comp="184" pin=0"/></net>

<net id="195"><net_src comp="14" pin="0"/><net_sink comp="190" pin=0"/></net>

<net id="201"><net_src comp="16" pin="0"/><net_sink comp="196" pin=0"/></net>

<net id="207"><net_src comp="18" pin="0"/><net_sink comp="202" pin=0"/></net>

<net id="213"><net_src comp="20" pin="0"/><net_sink comp="208" pin=0"/></net>

<net id="219"><net_src comp="22" pin="0"/><net_sink comp="214" pin=0"/></net>

<net id="225"><net_src comp="24" pin="0"/><net_sink comp="220" pin=0"/></net>

<net id="231"><net_src comp="26" pin="0"/><net_sink comp="226" pin=0"/></net>

<net id="237"><net_src comp="28" pin="0"/><net_sink comp="232" pin=0"/></net>

<net id="243"><net_src comp="30" pin="0"/><net_sink comp="238" pin=0"/></net>

<net id="249"><net_src comp="32" pin="0"/><net_sink comp="244" pin=0"/></net>

<net id="255"><net_src comp="34" pin="0"/><net_sink comp="250" pin=0"/></net>

<net id="261"><net_src comp="36" pin="0"/><net_sink comp="256" pin=0"/></net>

<net id="267"><net_src comp="38" pin="0"/><net_sink comp="262" pin=0"/></net>

<net id="273"><net_src comp="40" pin="0"/><net_sink comp="268" pin=0"/></net>

<net id="279"><net_src comp="42" pin="0"/><net_sink comp="274" pin=0"/></net>

<net id="285"><net_src comp="44" pin="0"/><net_sink comp="280" pin=0"/></net>

<net id="291"><net_src comp="46" pin="0"/><net_sink comp="286" pin=0"/></net>

<net id="297"><net_src comp="48" pin="0"/><net_sink comp="292" pin=0"/></net>

<net id="303"><net_src comp="50" pin="0"/><net_sink comp="298" pin=0"/></net>

<net id="309"><net_src comp="52" pin="0"/><net_sink comp="304" pin=0"/></net>

<net id="310"><net_src comp="2" pin="0"/><net_sink comp="304" pin=2"/></net>

</net_list>

</model> 
---------------- Datapath Model END ------------------

* FSMD analyzer results:
  - Output states:
	Port: out_r | {47 48 }
 - Input state : 
	Port: merge_sort_parallel : in_r | {1 2 }
  - Chain level:
	State 1
		call_ln80 : 1
	State 2
	State 3
	State 4
	State 5
	State 6
	State 7
	State 8
	State 9
	State 10
	State 11
	State 12
	State 13
	State 14
	State 15
	State 16
	State 17
	State 18
	State 19
	State 20
	State 21
	State 22
	State 23
	State 24
	State 25
	State 26
	State 27
	State 28
	State 29
	State 30
	State 31
	State 32
	State 33
	State 34
	State 35
	State 36
	State 37
	State 38
	State 39
	State 40
	State 41
	State 42
	State 43
	State 44
	State 45
	State 46
	State 47
	State 48


============================================================
+ Verbose Summary: Datapath Resource usage 
============================================================

* Functional unit list:
|----------|-----------------------------|---------|---------|---------|
| Operation|       Functional Unit       |  Delay  |    FF   |   LUT   |
|----------|-----------------------------|---------|---------|---------|
|          | grp_merge_arrays_1_1_fu_164 |  1.548  |   386   |   577   |
|          |  grp_merge_arrays_2_fu_172  |  1.548  |   386   |   577   |
|          |  grp_merge_arrays_3_fu_178  |  1.548  |   386   |   577   |
|          |  grp_merge_arrays_4_fu_184  |  1.548  |   386   |   577   |
|          |  grp_merge_arrays_5_fu_190  |  1.548  |   386   |   577   |
|          |  grp_merge_arrays_6_fu_196  |  1.548  |   386   |   577   |
|          |  grp_merge_arrays_7_fu_202  |  1.548  |   386   |   577   |
|          |  grp_merge_arrays_8_fu_208  |  1.548  |   386   |   577   |
|          |  grp_merge_arrays_9_fu_214  |  1.548  |   386   |   577   |
|          |  grp_merge_arrays_10_fu_220 |  1.548  |   386   |   577   |
|          |  grp_merge_arrays_11_fu_226 |  1.548  |   386   |   577   |
|   call   |  grp_merge_arrays_12_fu_232 |  1.548  |   386   |   577   |
|          |  grp_merge_arrays_13_fu_238 |  1.548  |   386   |   577   |
|          |  grp_merge_arrays_14_fu_244 |  1.548  |   386   |   577   |
|          |  grp_merge_arrays_15_fu_250 |  1.548  |   386   |   577   |
|          |  grp_merge_arrays_16_fu_256 |  1.548  |   386   |   577   |
|          |  grp_merge_arrays_17_fu_262 |  1.548  |   386   |   577   |
|          |  grp_merge_arrays_18_fu_268 |  1.548  |   386   |   577   |
|          |  grp_merge_arrays_19_fu_274 |  1.548  |   386   |   577   |
|          |  grp_merge_arrays_20_fu_280 |  1.548  |   386   |   577   |
|          |  grp_merge_arrays_21_fu_286 |  1.548  |   386   |   577   |
|          |  grp_merge_arrays_22_fu_292 |  1.548  |   386   |   577   |
|          |  grp_merge_arrays_23_fu_298 |  1.548  |   386   |   577   |
|          | grp_merge_arrays_1_2_fu_304 |  1.548  |   386   |   577   |
|----------|-----------------------------|---------|---------|---------|
|   Total  |                             |  37.152 |   9264  |  13848  |
|----------|-----------------------------|---------|---------|---------|

Memories:
+-------+--------+--------+--------+--------+
|       |  BRAM  |   FF   |   LUT  |  URAM  |
+-------+--------+--------+--------+--------+
|  temp |   32   |    0   |    0   |    0   |
| temp_1|   32   |    0   |    0   |    0   |
|temp_10|   32   |    0   |    0   |    0   |
|temp_11|   32   |    0   |    0   |    0   |
|temp_12|   32   |    0   |    0   |    0   |
|temp_13|   32   |    0   |    0   |    0   |
|temp_14|   32   |    0   |    0   |    0   |
|temp_15|   32   |    0   |    0   |    0   |
|temp_16|   32   |    0   |    0   |    0   |
|temp_17|   32   |    0   |    0   |    0   |
|temp_18|   32   |    0   |    0   |    0   |
|temp_19|   32   |    0   |    0   |    0   |
| temp_2|   32   |    0   |    0   |    0   |
|temp_20|   32   |    0   |    0   |    0   |
|temp_21|   32   |    0   |    0   |    0   |
|temp_22|   32   |    0   |    0   |    0   |
| temp_3|   32   |    0   |    0   |    0   |
| temp_4|   32   |    0   |    0   |    0   |
| temp_5|   32   |    0   |    0   |    0   |
| temp_6|   32   |    0   |    0   |    0   |
| temp_7|   32   |    0   |    0   |    0   |
| temp_8|   32   |    0   |    0   |    0   |
| temp_9|   32   |    0   |    0   |    0   |
+-------+--------+--------+--------+--------+
| Total |   736  |    0   |    0   |    0   |
+-------+--------+--------+--------+--------+

* Register list:
N/A

* Multiplexer (MUX) list: 
|--------|------|------|------|--------|
|  Comp  |  Pin | Size |  BW  | S x BW |
|--------|------|------|------|--------|
|  Total |      |      |      |    0   |
|--------|------|------|------|--------|



* Summary:
+-----------+--------+--------+--------+--------+--------+
|           |  BRAM  |  Delay |   FF   |   LUT  |  URAM  |
+-----------+--------+--------+--------+--------+--------+
|  Function |    -   |   37   |  9264  |  13848 |    -   |
|   Memory  |   736  |    -   |    0   |    0   |    0   |
|Multiplexer|    -   |    -   |    -   |    -   |    -   |
|  Register |    -   |    -   |    -   |    -   |    -   |
+-----------+--------+--------+--------+--------+--------+
|   Total   |   736  |   37   |  9264  |  13848 |    0   |
+-----------+--------+--------+--------+--------+--------+
