sort_seperate_bucket/multi_radix_oct_kmerge.c:14:9: warning: HLS pragma dump _XLX_SEP_ PragmaIsValid=1_XLX_SEP_ PragmaType=array_partition_XLX_SEP_ PragmaContext=_XLX_SEP_ PragmaFunction=radix_sort_oct_batch_XLX_SEP_ PragmaOptions=variable=bucket_pointer type=complete_XLX_SEP_ [-Wdump-hls-pragmas]
#pragma HLS ARRAY_PARTITION variable=bucket_pointer type=complete
        ^
sort_seperate_bucket/multi_radix_oct_kmerge.c:15:9: warning: HLS pragma dump _XLX_SEP_ PragmaIsValid=1_XLX_SEP_ PragmaType=array_partition_XLX_SEP_ PragmaContext=_XLX_SEP_ PragmaFunction=radix_sort_oct_batch_XLX_SEP_ PragmaOptions=variable=bucket_sizes type=complete_XLX_SEP_ [-Wdump-hls-pragmas]
#pragma HLS ARRAY_PARTITION variable=bucket_sizes type=complete
        ^
sort_seperate_bucket/multi_radix_oct_kmerge.c:29:9: warning: HLS pragma dump _XLX_SEP_ PragmaIsValid=1_XLX_SEP_ PragmaType=loop_merge_XLX_SEP_ PragmaContext=_XLX_SEP_ PragmaFunction=radix_sort_oct_batch_XLX_SEP_ PragmaOptions=_XLX_SEP_ [-Wdump-hls-pragmas]
#pragma HLS LOOP_MERGE
        ^
sort_seperate_bucket/multi_radix_oct_kmerge.c:30:9: warning: HLS pragma dump _XLX_SEP_ PragmaIsValid=1_XLX_SEP_ PragmaType=pipeline_XLX_SEP_ PragmaContext=_XLX_SEP_ PragmaFunction=radix_sort_oct_batch_XLX_SEP_ PragmaOptions=_XLX_SEP_ [-Wdump-hls-pragmas]
#pragma HLS PIPELINE
        ^
sort_seperate_bucket/multi_radix_oct_kmerge.c:30:9: warning: Only for/while/do support the pipeline  pragma [-Wignored-hls-attributes]
#pragma HLS PIPELINE
        ^~~~~~~~~~~~
/home/boyiw7/sort_seperate_bucket/solution1/csynth.tcl:49:9: warning: HLS pragma dump _XLX_SEP_ PragmaIsValid=1_XLX_SEP_ PragmaType=top_XLX_SEP_ PragmaContext=directive_XLX_SEP_ PragmaFunction=multi_radix_oct_kmerge_XLX_SEP_ PragmaOptions=name=multi_radix_oct_kmerge_XLX_SEP_ [-Wdump-hls-pragmas]
#pragma HLSDIRECTIVE TOP name=multi_radix_oct_kmerge
        ^
sort_seperate_bucket/multi_radix_oct_kmerge.c:67:9: warning: HLS pragma dump _XLX_SEP_ PragmaIsValid=1_XLX_SEP_ PragmaType=array_partition_XLX_SEP_ PragmaContext=_XLX_SEP_ PragmaFunction=multi_radix_oct_kmerge_XLX_SEP_ PragmaOptions=variable=input type=complete dim=1_XLX_SEP_ [-Wdump-hls-pragmas]
#pragma HLS ARRAY_PARTITION variable=input type=complete dim=1
        ^
sort_seperate_bucket/multi_radix_oct_kmerge.c:68:9: warning: HLS pragma dump _XLX_SEP_ PragmaIsValid=1_XLX_SEP_ PragmaType=array_partition_XLX_SEP_ PragmaContext=_XLX_SEP_ PragmaFunction=multi_radix_oct_kmerge_XLX_SEP_ PragmaOptions=variable=temp0 type=complete dim=1_XLX_SEP_ [-Wdump-hls-pragmas]
#pragma HLS ARRAY_PARTITION variable=temp0 type=complete dim=1
        ^
sort_seperate_bucket/multi_radix_oct_kmerge.c:69:9: warning: HLS pragma dump _XLX_SEP_ PragmaIsValid=1_XLX_SEP_ PragmaType=array_partition_XLX_SEP_ PragmaContext=_XLX_SEP_ PragmaFunction=multi_radix_oct_kmerge_XLX_SEP_ PragmaOptions=variable=temp1 type=complete dim=1_XLX_SEP_ [-Wdump-hls-pragmas]
#pragma HLS ARRAY_PARTITION variable=temp1 type=complete dim=1
        ^
sort_seperate_bucket/multi_radix_oct_kmerge.c:70:9: warning: HLS pragma dump _XLX_SEP_ PragmaIsValid=1_XLX_SEP_ PragmaType=array_partition_XLX_SEP_ PragmaContext=_XLX_SEP_ PragmaFunction=multi_radix_oct_kmerge_XLX_SEP_ PragmaOptions=variable=temp2 type=complete dim=1_XLX_SEP_ [-Wdump-hls-pragmas]
#pragma HLS ARRAY_PARTITION variable=temp2 type=complete dim=1
        ^
sort_seperate_bucket/multi_radix_oct_kmerge.c:71:9: warning: HLS pragma dump _XLX_SEP_ PragmaIsValid=1_XLX_SEP_ PragmaType=array_partition_XLX_SEP_ PragmaContext=_XLX_SEP_ PragmaFunction=multi_radix_oct_kmerge_XLX_SEP_ PragmaOptions=variable=temp3 type=complete dim=1_XLX_SEP_ [-Wdump-hls-pragmas]
#pragma HLS ARRAY_PARTITION variable=temp3 type=complete dim=1
        ^
sort_seperate_bucket/multi_radix_oct_kmerge.c:72:9: warning: HLS pragma dump _XLX_SEP_ PragmaIsValid=1_XLX_SEP_ PragmaType=array_partition_XLX_SEP_ PragmaContext=_XLX_SEP_ PragmaFunction=multi_radix_oct_kmerge_XLX_SEP_ PragmaOptions=variable=temp4 type=complete dim=1_XLX_SEP_ [-Wdump-hls-pragmas]
#pragma HLS ARRAY_PARTITION variable=temp4 type=complete dim=1
        ^
sort_seperate_bucket/multi_radix_oct_kmerge.c:73:9: warning: HLS pragma dump _XLX_SEP_ PragmaIsValid=1_XLX_SEP_ PragmaType=array_partition_XLX_SEP_ PragmaContext=_XLX_SEP_ PragmaFunction=multi_radix_oct_kmerge_XLX_SEP_ PragmaOptions=variable=temp5 type=complete dim=1_XLX_SEP_ [-Wdump-hls-pragmas]
#pragma HLS ARRAY_PARTITION variable=temp5 type=complete dim=1
        ^
sort_seperate_bucket/multi_radix_oct_kmerge.c:76:9: warning: HLS pragma dump _XLX_SEP_ PragmaIsValid=1_XLX_SEP_ PragmaType=dataflow_XLX_SEP_ PragmaContext=_XLX_SEP_ PragmaFunction=multi_radix_oct_kmerge_XLX_SEP_ PragmaOptions=_XLX_SEP_ [-Wdump-hls-pragmas]
#pragma HLS DATAFLOW
        ^
sort_seperate_bucket/multi_radix_oct_kmerge.c:79:9: warning: HLS pragma dump _XLX_SEP_ PragmaIsValid=1_XLX_SEP_ PragmaType=unroll_XLX_SEP_ PragmaContext=_XLX_SEP_ PragmaFunction=multi_radix_oct_kmerge_XLX_SEP_ PragmaOptions=_XLX_SEP_ [-Wdump-hls-pragmas]
#pragma HLS UNROLL
        ^
sort_seperate_bucket/multi_radix_oct_kmerge.c:84:9: warning: HLS pragma dump _XLX_SEP_ PragmaIsValid=1_XLX_SEP_ PragmaType=unroll_XLX_SEP_ PragmaContext=_XLX_SEP_ PragmaFunction=multi_radix_oct_kmerge_XLX_SEP_ PragmaOptions=_XLX_SEP_ [-Wdump-hls-pragmas]
#pragma HLS UNROLL
        ^
sort_seperate_bucket/multi_radix_oct_kmerge.c:89:9: warning: HLS pragma dump _XLX_SEP_ PragmaIsValid=1_XLX_SEP_ PragmaType=unroll_XLX_SEP_ PragmaContext=_XLX_SEP_ PragmaFunction=multi_radix_oct_kmerge_XLX_SEP_ PragmaOptions=_XLX_SEP_ [-Wdump-hls-pragmas]
#pragma HLS UNROLL
        ^
sort_seperate_bucket/multi_radix_oct_kmerge.c:94:9: warning: HLS pragma dump _XLX_SEP_ PragmaIsValid=1_XLX_SEP_ PragmaType=unroll_XLX_SEP_ PragmaContext=_XLX_SEP_ PragmaFunction=multi_radix_oct_kmerge_XLX_SEP_ PragmaOptions=_XLX_SEP_ [-Wdump-hls-pragmas]
#pragma HLS UNROLL
        ^
sort_seperate_bucket/multi_radix_oct_kmerge.c:99:9: warning: HLS pragma dump _XLX_SEP_ PragmaIsValid=1_XLX_SEP_ PragmaType=unroll_XLX_SEP_ PragmaContext=_XLX_SEP_ PragmaFunction=multi_radix_oct_kmerge_XLX_SEP_ PragmaOptions=_XLX_SEP_ [-Wdump-hls-pragmas]
#pragma HLS UNROLL
        ^
sort_seperate_bucket/multi_radix_oct_kmerge.c:104:9: warning: HLS pragma dump _XLX_SEP_ PragmaIsValid=1_XLX_SEP_ PragmaType=unroll_XLX_SEP_ PragmaContext=_XLX_SEP_ PragmaFunction=multi_radix_oct_kmerge_XLX_SEP_ PragmaOptions=_XLX_SEP_ [-Wdump-hls-pragmas]
#pragma HLS UNROLL
        ^
20 warnings generated.
