/home/boyiw7/sort_seperate_bucket/solution1/.autopilot/db/multi_radix_bin_kmerge.pp.0.c:978:2: warning: Added loop label VITIS_LOOP_79_1:   [xilinx-label-all-loops]
 for(i=0; i<64; i++){
 ^~~
 VITIS_LOOP_79_1: 
/home/boyiw7/sort_seperate_bucket/solution1/.autopilot/db/multi_radix_bin_kmerge.pp.0.c:978:2: note: FIX-IT applied suggested code changes
/home/boyiw7/sort_seperate_bucket/solution1/.autopilot/db/multi_radix_bin_kmerge.pp.0.c:983:5: warning: Added loop label VITIS_LOOP_84_2:   [xilinx-label-all-loops]
    for(i=0; i<32; i++){
    ^~~
    VITIS_LOOP_84_2: 
/home/boyiw7/sort_seperate_bucket/solution1/.autopilot/db/multi_radix_bin_kmerge.pp.0.c:983:5: note: FIX-IT applied suggested code changes
/home/boyiw7/sort_seperate_bucket/solution1/.autopilot/db/multi_radix_bin_kmerge.pp.0.c:988:5: warning: Added loop label VITIS_LOOP_89_3:   [xilinx-label-all-loops]
    for(i=0; i<16; i++){
    ^~~
    VITIS_LOOP_89_3: 
/home/boyiw7/sort_seperate_bucket/solution1/.autopilot/db/multi_radix_bin_kmerge.pp.0.c:988:5: note: FIX-IT applied suggested code changes
/home/boyiw7/sort_seperate_bucket/solution1/.autopilot/db/multi_radix_bin_kmerge.pp.0.c:993:5: warning: Added loop label VITIS_LOOP_94_4:   [xilinx-label-all-loops]
    for(i=0; i<8; i++){
    ^~~
    VITIS_LOOP_94_4: 
/home/boyiw7/sort_seperate_bucket/solution1/.autopilot/db/multi_radix_bin_kmerge.pp.0.c:993:5: note: FIX-IT applied suggested code changes
/home/boyiw7/sort_seperate_bucket/solution1/.autopilot/db/multi_radix_bin_kmerge.pp.0.c:998:5: warning: Added loop label VITIS_LOOP_99_5:   [xilinx-label-all-loops]
    for(i=0; i<4; i++){
    ^~~
    VITIS_LOOP_99_5: 
/home/boyiw7/sort_seperate_bucket/solution1/.autopilot/db/multi_radix_bin_kmerge.pp.0.c:998:5: note: FIX-IT applied suggested code changes
/home/boyiw7/sort_seperate_bucket/solution1/.autopilot/db/multi_radix_bin_kmerge.pp.0.c:1003:5: warning: Added loop label VITIS_LOOP_104_6:   [xilinx-label-all-loops]
    for(i=0; i<2; i++){
    ^~~
    VITIS_LOOP_104_6: 
/home/boyiw7/sort_seperate_bucket/solution1/.autopilot/db/multi_radix_bin_kmerge.pp.0.c:1003:5: note: FIX-IT applied suggested code changes
