

================================================================
== Vitis HLS Report for 'radix_sort_unified_bucket_pingpong_36_1'
================================================================
* Date:           Sat Apr 22 15:34:41 2023

* Version:        2022.2 (Build 3670227 on Oct 13 2022)
* Project:        sort_seperate_bucket
* Solution:       solution1 (Vivado IP Flow Target)
* Product family: virtexuplus
* Target device:  xcu280-fsvh2892-2L-e


================================================================
== Performance Estimates
================================================================
+ Timing: 
    * Summary: 
    +--------+----------+----------+------------+
    |  Clock |  Target  | Estimated| Uncertainty|
    +--------+----------+----------+------------+
    |ap_clk  |  10.00 ns|  5.072 ns|     2.70 ns|
    +--------+----------+----------+------------+

+ Latency: 
    * Summary: 
    +---------+---------+-----------+-----------+---------+---------+---------+
    |  Latency (cycles) |   Latency (absolute)  |      Interval     | Pipeline|
    |   min   |   max   |    min    |    max    |   min   |   max   |   Type  |
    +---------+---------+-----------+-----------+---------+---------+---------+
    |  1562727|  1562727|  15.627 ms|  15.627 ms|  1562727|  1562727|       no|
    +---------+---------+-----------+-----------+---------+---------+---------+

    + Detail: 
        * Instance: 
        N/A

        * Loop: 
        +------------------+---------+---------+----------+-----------+-----------+------+----------+
        |                  |  Latency (cycles) | Iteration|  Initiation Interval  | Trip |          |
        |     Loop Name    |   min   |   max   |  Latency |  achieved |   target  | Count| Pipelined|
        +------------------+---------+---------+----------+-----------+-----------+------+----------+
        |- sort_procedure  |  1250200|  1250200|    156275|          -|          -|     8|        no|
        +------------------+---------+---------+----------+-----------+-----------+------+----------+

============================================================
+ Verbose Summary: Synthesis Manager
============================================================
InlineROM: 1
ExposeGlobal: 0
============================================================
+ Verbose Summary: CDFG Model
============================================================
IsTopModel: 0
ResetActiveHigh: 1
IsCombinational: 2
IsDatapathOnly: 0
HasWiredReturn: 1
HasMFsm: 0
HasVarLatency: 1
IsPipeline: 0
IsRtlPipelined: 0
IsInstanceOverlapped: 0
IsDontTouch: 0
HasImplIP: 0
IsGatedGlobalClock: 0


============================================================
+ Verbose Summary: Schedule
============================================================
* Number of FSM states : 10
* Pipeline : 0
* Dataflow Pipeline: 0

* FSM state transitions: 
1 --> 2 
2 --> 3 
3 --> 4 
4 --> 5 
5 --> 6 10 
6 --> 7 
7 --> 8 
8 --> 9 
9 --> 5 
10 --> 

* FSM state operations: 

State 1 <SV = 0> <Delay = 0.38>
ST_1 : Operation 11 [1/1] (0.00ns)   --->   "%i_011 = alloca i32 1"   --->   Operation 11 'alloca' 'i_011' <Predicate = true> <Delay = 0.00>
ST_1 : Operation 12 [1/1] (0.00ns)   --->   "%bucket_num_012 = alloca i32 1"   --->   Operation 12 'alloca' 'bucket_num_012' <Predicate = true> <Delay = 0.00>
ST_1 : Operation 13 [1/1] (0.00ns)   --->   "%bucket_pointer = alloca i32 1"   --->   Operation 13 'alloca' 'bucket_pointer' <Predicate = true> <Delay = 0.00>
ST_1 : Operation 14 [1/1] (0.00ns)   --->   "%bucket_pointer_1142 = alloca i32 1"   --->   Operation 14 'alloca' 'bucket_pointer_1142' <Predicate = true> <Delay = 0.00>
ST_1 : Operation 15 [1/1] (0.00ns)   --->   "%bucket_pointer_1143 = alloca i32 1"   --->   Operation 15 'alloca' 'bucket_pointer_1143' <Predicate = true> <Delay = 0.00>
ST_1 : Operation 16 [1/1] (0.00ns)   --->   "%bucket_pointer_1144 = alloca i32 1"   --->   Operation 16 'alloca' 'bucket_pointer_1144' <Predicate = true> <Delay = 0.00>
ST_1 : Operation 17 [1/1] (0.00ns)   --->   "%bucket_pointer_1145 = alloca i32 1"   --->   Operation 17 'alloca' 'bucket_pointer_1145' <Predicate = true> <Delay = 0.00>
ST_1 : Operation 18 [1/1] (0.00ns)   --->   "%bucket_pointer_1146 = alloca i32 1"   --->   Operation 18 'alloca' 'bucket_pointer_1146' <Predicate = true> <Delay = 0.00>
ST_1 : Operation 19 [1/1] (0.00ns)   --->   "%bucket_pointer_1147 = alloca i32 1"   --->   Operation 19 'alloca' 'bucket_pointer_1147' <Predicate = true> <Delay = 0.00>
ST_1 : Operation 20 [1/1] (0.00ns)   --->   "%bucket_pointer_1148 = alloca i32 1"   --->   Operation 20 'alloca' 'bucket_pointer_1148' <Predicate = true> <Delay = 0.00>
ST_1 : Operation 21 [1/1] (0.00ns)   --->   "%bucket_pointer_1149 = alloca i32 1"   --->   Operation 21 'alloca' 'bucket_pointer_1149' <Predicate = true> <Delay = 0.00>
ST_1 : Operation 22 [1/1] (0.00ns)   --->   "%bucket_pointer_1150 = alloca i32 1"   --->   Operation 22 'alloca' 'bucket_pointer_1150' <Predicate = true> <Delay = 0.00>
ST_1 : Operation 23 [1/1] (0.00ns)   --->   "%bucket_pointer_1151 = alloca i32 1"   --->   Operation 23 'alloca' 'bucket_pointer_1151' <Predicate = true> <Delay = 0.00>
ST_1 : Operation 24 [1/1] (0.00ns)   --->   "%bucket_pointer_1152 = alloca i32 1"   --->   Operation 24 'alloca' 'bucket_pointer_1152' <Predicate = true> <Delay = 0.00>
ST_1 : Operation 25 [1/1] (0.00ns)   --->   "%bucket_pointer_1153 = alloca i32 1"   --->   Operation 25 'alloca' 'bucket_pointer_1153' <Predicate = true> <Delay = 0.00>
ST_1 : Operation 26 [1/1] (0.00ns)   --->   "%bucket_pointer_1154 = alloca i32 1"   --->   Operation 26 'alloca' 'bucket_pointer_1154' <Predicate = true> <Delay = 0.00>
ST_1 : Operation 27 [1/1] (0.00ns)   --->   "%bucket_pointer_1155 = alloca i32 1"   --->   Operation 27 'alloca' 'bucket_pointer_1155' <Predicate = true> <Delay = 0.00>
ST_1 : Operation 28 [1/1] (0.00ns)   --->   "%bucket_pointer_1156 = alloca i32 1"   --->   Operation 28 'alloca' 'bucket_pointer_1156' <Predicate = true> <Delay = 0.00>
ST_1 : Operation 29 [1/1] (0.00ns)   --->   "%bucket_sizes = alloca i32 1"   --->   Operation 29 'alloca' 'bucket_sizes' <Predicate = true> <Delay = 0.00>
ST_1 : Operation 30 [1/1] (0.00ns)   --->   "%bucket_sizes_1501 = alloca i32 1"   --->   Operation 30 'alloca' 'bucket_sizes_1501' <Predicate = true> <Delay = 0.00>
ST_1 : Operation 31 [1/1] (0.00ns)   --->   "%bucket_sizes_1502 = alloca i32 1"   --->   Operation 31 'alloca' 'bucket_sizes_1502' <Predicate = true> <Delay = 0.00>
ST_1 : Operation 32 [1/1] (0.00ns)   --->   "%bucket_sizes_1503 = alloca i32 1"   --->   Operation 32 'alloca' 'bucket_sizes_1503' <Predicate = true> <Delay = 0.00>
ST_1 : Operation 33 [1/1] (0.00ns)   --->   "%bucket_sizes_1504 = alloca i32 1"   --->   Operation 33 'alloca' 'bucket_sizes_1504' <Predicate = true> <Delay = 0.00>
ST_1 : Operation 34 [1/1] (0.00ns)   --->   "%bucket_sizes_1505 = alloca i32 1"   --->   Operation 34 'alloca' 'bucket_sizes_1505' <Predicate = true> <Delay = 0.00>
ST_1 : Operation 35 [1/1] (0.00ns)   --->   "%bucket_sizes_1506 = alloca i32 1"   --->   Operation 35 'alloca' 'bucket_sizes_1506' <Predicate = true> <Delay = 0.00>
ST_1 : Operation 36 [1/1] (0.00ns)   --->   "%bucket_sizes_1507 = alloca i32 1"   --->   Operation 36 'alloca' 'bucket_sizes_1507' <Predicate = true> <Delay = 0.00>
ST_1 : Operation 37 [1/1] (0.00ns)   --->   "%bucket_sizes_1508 = alloca i32 1"   --->   Operation 37 'alloca' 'bucket_sizes_1508' <Predicate = true> <Delay = 0.00>
ST_1 : Operation 38 [1/1] (0.00ns)   --->   "%bucket_sizes_1509 = alloca i32 1"   --->   Operation 38 'alloca' 'bucket_sizes_1509' <Predicate = true> <Delay = 0.00>
ST_1 : Operation 39 [1/1] (0.00ns)   --->   "%bucket_sizes_1510 = alloca i32 1"   --->   Operation 39 'alloca' 'bucket_sizes_1510' <Predicate = true> <Delay = 0.00>
ST_1 : Operation 40 [1/1] (0.00ns)   --->   "%bucket_sizes_1511 = alloca i32 1"   --->   Operation 40 'alloca' 'bucket_sizes_1511' <Predicate = true> <Delay = 0.00>
ST_1 : Operation 41 [1/1] (0.00ns)   --->   "%bucket_sizes_1512 = alloca i32 1"   --->   Operation 41 'alloca' 'bucket_sizes_1512' <Predicate = true> <Delay = 0.00>
ST_1 : Operation 42 [1/1] (0.00ns)   --->   "%bucket_sizes_1513 = alloca i32 1"   --->   Operation 42 'alloca' 'bucket_sizes_1513' <Predicate = true> <Delay = 0.00>
ST_1 : Operation 43 [1/1] (0.00ns)   --->   "%bucket_sizes_1514 = alloca i32 1"   --->   Operation 43 'alloca' 'bucket_sizes_1514' <Predicate = true> <Delay = 0.00>
ST_1 : Operation 44 [1/1] (0.00ns)   --->   "%bucket_sizes_1515 = alloca i32 1"   --->   Operation 44 'alloca' 'bucket_sizes_1515' <Predicate = true> <Delay = 0.00>
ST_1 : Operation 45 [1/1] (0.00ns)   --->   "%bucket_pointer_2161_loc = alloca i64 1"   --->   Operation 45 'alloca' 'bucket_pointer_2161_loc' <Predicate = true> <Delay = 0.00>
ST_1 : Operation 46 [1/1] (0.00ns)   --->   "%bucket_pointer_2162_loc = alloca i64 1"   --->   Operation 46 'alloca' 'bucket_pointer_2162_loc' <Predicate = true> <Delay = 0.00>
ST_1 : Operation 47 [1/1] (0.00ns)   --->   "%bucket_pointer_2163_loc = alloca i64 1"   --->   Operation 47 'alloca' 'bucket_pointer_2163_loc' <Predicate = true> <Delay = 0.00>
ST_1 : Operation 48 [1/1] (0.00ns)   --->   "%bucket_pointer_2164_loc = alloca i64 1"   --->   Operation 48 'alloca' 'bucket_pointer_2164_loc' <Predicate = true> <Delay = 0.00>
ST_1 : Operation 49 [1/1] (0.00ns)   --->   "%bucket_pointer_2165_loc = alloca i64 1"   --->   Operation 49 'alloca' 'bucket_pointer_2165_loc' <Predicate = true> <Delay = 0.00>
ST_1 : Operation 50 [1/1] (0.00ns)   --->   "%bucket_pointer_2166_loc = alloca i64 1"   --->   Operation 50 'alloca' 'bucket_pointer_2166_loc' <Predicate = true> <Delay = 0.00>
ST_1 : Operation 51 [1/1] (0.00ns)   --->   "%bucket_pointer_2167_loc = alloca i64 1"   --->   Operation 51 'alloca' 'bucket_pointer_2167_loc' <Predicate = true> <Delay = 0.00>
ST_1 : Operation 52 [1/1] (0.00ns)   --->   "%bucket_pointer_2168_loc = alloca i64 1"   --->   Operation 52 'alloca' 'bucket_pointer_2168_loc' <Predicate = true> <Delay = 0.00>
ST_1 : Operation 53 [1/1] (0.00ns)   --->   "%bucket_pointer_2169_loc = alloca i64 1"   --->   Operation 53 'alloca' 'bucket_pointer_2169_loc' <Predicate = true> <Delay = 0.00>
ST_1 : Operation 54 [1/1] (0.00ns)   --->   "%bucket_pointer_2170_loc = alloca i64 1"   --->   Operation 54 'alloca' 'bucket_pointer_2170_loc' <Predicate = true> <Delay = 0.00>
ST_1 : Operation 55 [1/1] (0.00ns)   --->   "%bucket_pointer_2171_loc = alloca i64 1"   --->   Operation 55 'alloca' 'bucket_pointer_2171_loc' <Predicate = true> <Delay = 0.00>
ST_1 : Operation 56 [1/1] (0.00ns)   --->   "%bucket_pointer_2172_loc = alloca i64 1"   --->   Operation 56 'alloca' 'bucket_pointer_2172_loc' <Predicate = true> <Delay = 0.00>
ST_1 : Operation 57 [1/1] (0.00ns)   --->   "%bucket_pointer_2173_loc = alloca i64 1"   --->   Operation 57 'alloca' 'bucket_pointer_2173_loc' <Predicate = true> <Delay = 0.00>
ST_1 : Operation 58 [1/1] (0.00ns)   --->   "%bucket_pointer_2174_loc = alloca i64 1"   --->   Operation 58 'alloca' 'bucket_pointer_2174_loc' <Predicate = true> <Delay = 0.00>
ST_1 : Operation 59 [1/1] (0.00ns)   --->   "%bucket_pointer_2175_loc = alloca i64 1"   --->   Operation 59 'alloca' 'bucket_pointer_2175_loc' <Predicate = true> <Delay = 0.00>
ST_1 : Operation 60 [1/1] (0.00ns)   --->   "%bucket_pointer_2176_loc = alloca i64 1"   --->   Operation 60 'alloca' 'bucket_pointer_2176_loc' <Predicate = true> <Delay = 0.00>
ST_1 : Operation 61 [1/1] (0.00ns)   --->   "%bucket_sizes_4866_loc = alloca i64 1"   --->   Operation 61 'alloca' 'bucket_sizes_4866_loc' <Predicate = true> <Delay = 0.00>
ST_1 : Operation 62 [1/1] (0.00ns)   --->   "%bucket_sizes_4867_loc = alloca i64 1"   --->   Operation 62 'alloca' 'bucket_sizes_4867_loc' <Predicate = true> <Delay = 0.00>
ST_1 : Operation 63 [1/1] (0.00ns)   --->   "%bucket_sizes_4868_loc = alloca i64 1"   --->   Operation 63 'alloca' 'bucket_sizes_4868_loc' <Predicate = true> <Delay = 0.00>
ST_1 : Operation 64 [1/1] (0.00ns)   --->   "%bucket_sizes_4869_loc = alloca i64 1"   --->   Operation 64 'alloca' 'bucket_sizes_4869_loc' <Predicate = true> <Delay = 0.00>
ST_1 : Operation 65 [1/1] (0.00ns)   --->   "%bucket_sizes_4870_loc = alloca i64 1"   --->   Operation 65 'alloca' 'bucket_sizes_4870_loc' <Predicate = true> <Delay = 0.00>
ST_1 : Operation 66 [1/1] (0.00ns)   --->   "%bucket_sizes_4871_loc = alloca i64 1"   --->   Operation 66 'alloca' 'bucket_sizes_4871_loc' <Predicate = true> <Delay = 0.00>
ST_1 : Operation 67 [1/1] (0.00ns)   --->   "%bucket_sizes_4872_loc = alloca i64 1"   --->   Operation 67 'alloca' 'bucket_sizes_4872_loc' <Predicate = true> <Delay = 0.00>
ST_1 : Operation 68 [1/1] (0.00ns)   --->   "%bucket_sizes_4873_loc = alloca i64 1"   --->   Operation 68 'alloca' 'bucket_sizes_4873_loc' <Predicate = true> <Delay = 0.00>
ST_1 : Operation 69 [1/1] (0.00ns)   --->   "%bucket_sizes_4874_loc = alloca i64 1"   --->   Operation 69 'alloca' 'bucket_sizes_4874_loc' <Predicate = true> <Delay = 0.00>
ST_1 : Operation 70 [1/1] (0.00ns)   --->   "%bucket_sizes_4875_loc = alloca i64 1"   --->   Operation 70 'alloca' 'bucket_sizes_4875_loc' <Predicate = true> <Delay = 0.00>
ST_1 : Operation 71 [1/1] (0.00ns)   --->   "%bucket_sizes_4876_loc = alloca i64 1"   --->   Operation 71 'alloca' 'bucket_sizes_4876_loc' <Predicate = true> <Delay = 0.00>
ST_1 : Operation 72 [1/1] (0.00ns)   --->   "%bucket_sizes_4877_loc = alloca i64 1"   --->   Operation 72 'alloca' 'bucket_sizes_4877_loc' <Predicate = true> <Delay = 0.00>
ST_1 : Operation 73 [1/1] (0.00ns)   --->   "%bucket_sizes_4878_loc = alloca i64 1"   --->   Operation 73 'alloca' 'bucket_sizes_4878_loc' <Predicate = true> <Delay = 0.00>
ST_1 : Operation 74 [1/1] (0.00ns)   --->   "%bucket_sizes_4879_loc = alloca i64 1"   --->   Operation 74 'alloca' 'bucket_sizes_4879_loc' <Predicate = true> <Delay = 0.00>
ST_1 : Operation 75 [1/1] (0.00ns)   --->   "%bucket_sizes_4880_loc = alloca i64 1"   --->   Operation 75 'alloca' 'bucket_sizes_4880_loc' <Predicate = true> <Delay = 0.00>
ST_1 : Operation 76 [1/1] (0.00ns)   --->   "%bucket_sizes_4881_loc = alloca i64 1"   --->   Operation 76 'alloca' 'bucket_sizes_4881_loc' <Predicate = true> <Delay = 0.00>
ST_1 : Operation 77 [1/1] (0.00ns)   --->   "%bucket_sizes_loc = alloca i64 1"   --->   Operation 77 'alloca' 'bucket_sizes_loc' <Predicate = true> <Delay = 0.00>
ST_1 : Operation 78 [1/1] (0.00ns)   --->   "%bucket_sizes_4786_loc = alloca i64 1"   --->   Operation 78 'alloca' 'bucket_sizes_4786_loc' <Predicate = true> <Delay = 0.00>
ST_1 : Operation 79 [1/1] (0.00ns)   --->   "%bucket_sizes_4787_loc = alloca i64 1"   --->   Operation 79 'alloca' 'bucket_sizes_4787_loc' <Predicate = true> <Delay = 0.00>
ST_1 : Operation 80 [1/1] (0.00ns)   --->   "%bucket_sizes_4788_loc = alloca i64 1"   --->   Operation 80 'alloca' 'bucket_sizes_4788_loc' <Predicate = true> <Delay = 0.00>
ST_1 : Operation 81 [1/1] (0.00ns)   --->   "%bucket_sizes_4789_loc = alloca i64 1"   --->   Operation 81 'alloca' 'bucket_sizes_4789_loc' <Predicate = true> <Delay = 0.00>
ST_1 : Operation 82 [1/1] (0.00ns)   --->   "%bucket_sizes_4790_loc = alloca i64 1"   --->   Operation 82 'alloca' 'bucket_sizes_4790_loc' <Predicate = true> <Delay = 0.00>
ST_1 : Operation 83 [1/1] (0.00ns)   --->   "%bucket_sizes_4791_loc = alloca i64 1"   --->   Operation 83 'alloca' 'bucket_sizes_4791_loc' <Predicate = true> <Delay = 0.00>
ST_1 : Operation 84 [1/1] (0.00ns)   --->   "%bucket_sizes_4792_loc = alloca i64 1"   --->   Operation 84 'alloca' 'bucket_sizes_4792_loc' <Predicate = true> <Delay = 0.00>
ST_1 : Operation 85 [1/1] (0.00ns)   --->   "%bucket_sizes_4793_loc = alloca i64 1"   --->   Operation 85 'alloca' 'bucket_sizes_4793_loc' <Predicate = true> <Delay = 0.00>
ST_1 : Operation 86 [1/1] (0.00ns)   --->   "%bucket_sizes_4794_loc = alloca i64 1"   --->   Operation 86 'alloca' 'bucket_sizes_4794_loc' <Predicate = true> <Delay = 0.00>
ST_1 : Operation 87 [1/1] (0.00ns)   --->   "%bucket_sizes_4795_loc = alloca i64 1"   --->   Operation 87 'alloca' 'bucket_sizes_4795_loc' <Predicate = true> <Delay = 0.00>
ST_1 : Operation 88 [1/1] (0.00ns)   --->   "%bucket_sizes_4796_loc = alloca i64 1"   --->   Operation 88 'alloca' 'bucket_sizes_4796_loc' <Predicate = true> <Delay = 0.00>
ST_1 : Operation 89 [1/1] (0.00ns)   --->   "%bucket_sizes_4797_loc = alloca i64 1"   --->   Operation 89 'alloca' 'bucket_sizes_4797_loc' <Predicate = true> <Delay = 0.00>
ST_1 : Operation 90 [1/1] (0.00ns)   --->   "%bucket_sizes_4798_loc = alloca i64 1"   --->   Operation 90 'alloca' 'bucket_sizes_4798_loc' <Predicate = true> <Delay = 0.00>
ST_1 : Operation 91 [1/1] (0.00ns)   --->   "%bucket_sizes_4799_loc = alloca i64 1"   --->   Operation 91 'alloca' 'bucket_sizes_4799_loc' <Predicate = true> <Delay = 0.00>
ST_1 : Operation 92 [1/1] (0.00ns)   --->   "%bucket_sizes_4800_loc = alloca i64 1"   --->   Operation 92 'alloca' 'bucket_sizes_4800_loc' <Predicate = true> <Delay = 0.00>
ST_1 : Operation 93 [1/1] (0.00ns)   --->   "%bucket = alloca i64 1" [sort_seperate_bucket/radix_sort.c:61]   --->   Operation 93 'alloca' 'bucket' <Predicate = true> <Delay = 0.00>
ST_1 : Operation 94 [2/2] (0.00ns)   --->   "%call_ln0 = call void @radix_sort_unified_bucket_pingpong.36.1_Pipeline_1, i32 %bucket_sizes_4800_loc, i32 %bucket_sizes_4799_loc, i32 %bucket_sizes_4798_loc, i32 %bucket_sizes_4797_loc, i32 %bucket_sizes_4796_loc, i32 %bucket_sizes_4795_loc, i32 %bucket_sizes_4794_loc, i32 %bucket_sizes_4793_loc, i32 %bucket_sizes_4792_loc, i32 %bucket_sizes_4791_loc, i32 %bucket_sizes_4790_loc, i32 %bucket_sizes_4789_loc, i32 %bucket_sizes_4788_loc, i32 %bucket_sizes_4787_loc, i32 %bucket_sizes_4786_loc, i32 %bucket_sizes_loc"   --->   Operation 94 'call' 'call_ln0' <Predicate = true> <Delay = 0.00> <CoreType = "Generic">   --->   Core 0 '' <Latency = 0> <II = 1> <Delay = 1.00> <Generic> <Opcode : >
ST_1 : Operation 95 [1/1] (0.38ns)   --->   "%store_ln78 = store i32 0, i32 %bucket_num_012" [sort_seperate_bucket/radix_sort.c:78]   --->   Operation 95 'store' 'store_ln78' <Predicate = true> <Delay = 0.38>
ST_1 : Operation 96 [1/1] (0.38ns)   --->   "%store_ln78 = store i4 0, i4 %i_011" [sort_seperate_bucket/radix_sort.c:78]   --->   Operation 96 'store' 'store_ln78' <Predicate = true> <Delay = 0.38>

State 2 <SV = 1> <Delay = 1.02>
ST_2 : Operation 97 [1/2] (1.02ns)   --->   "%call_ln0 = call void @radix_sort_unified_bucket_pingpong.36.1_Pipeline_1, i32 %bucket_sizes_4800_loc, i32 %bucket_sizes_4799_loc, i32 %bucket_sizes_4798_loc, i32 %bucket_sizes_4797_loc, i32 %bucket_sizes_4796_loc, i32 %bucket_sizes_4795_loc, i32 %bucket_sizes_4794_loc, i32 %bucket_sizes_4793_loc, i32 %bucket_sizes_4792_loc, i32 %bucket_sizes_4791_loc, i32 %bucket_sizes_4790_loc, i32 %bucket_sizes_4789_loc, i32 %bucket_sizes_4788_loc, i32 %bucket_sizes_4787_loc, i32 %bucket_sizes_4786_loc, i32 %bucket_sizes_loc"   --->   Operation 97 'call' 'call_ln0' <Predicate = true> <Delay = 1.02> <CoreType = "Generic">   --->   Core 0 '' <Latency = 0> <II = 1> <Delay = 1.00> <Generic> <Opcode : >

State 3 <SV = 2> <Delay = 0.38>
ST_3 : Operation 98 [1/1] (0.00ns)   --->   "%bucket_sizes_4800_loc_load = load i32 %bucket_sizes_4800_loc"   --->   Operation 98 'load' 'bucket_sizes_4800_loc_load' <Predicate = true> <Delay = 0.00>
ST_3 : Operation 99 [1/1] (0.00ns)   --->   "%bucket_sizes_4799_loc_load = load i32 %bucket_sizes_4799_loc"   --->   Operation 99 'load' 'bucket_sizes_4799_loc_load' <Predicate = true> <Delay = 0.00>
ST_3 : Operation 100 [1/1] (0.00ns)   --->   "%bucket_sizes_4798_loc_load = load i32 %bucket_sizes_4798_loc"   --->   Operation 100 'load' 'bucket_sizes_4798_loc_load' <Predicate = true> <Delay = 0.00>
ST_3 : Operation 101 [1/1] (0.00ns)   --->   "%bucket_sizes_4797_loc_load = load i32 %bucket_sizes_4797_loc"   --->   Operation 101 'load' 'bucket_sizes_4797_loc_load' <Predicate = true> <Delay = 0.00>
ST_3 : Operation 102 [1/1] (0.00ns)   --->   "%bucket_sizes_4796_loc_load = load i32 %bucket_sizes_4796_loc"   --->   Operation 102 'load' 'bucket_sizes_4796_loc_load' <Predicate = true> <Delay = 0.00>
ST_3 : Operation 103 [1/1] (0.00ns)   --->   "%bucket_sizes_4795_loc_load = load i32 %bucket_sizes_4795_loc"   --->   Operation 103 'load' 'bucket_sizes_4795_loc_load' <Predicate = true> <Delay = 0.00>
ST_3 : Operation 104 [1/1] (0.00ns)   --->   "%bucket_sizes_4794_loc_load = load i32 %bucket_sizes_4794_loc"   --->   Operation 104 'load' 'bucket_sizes_4794_loc_load' <Predicate = true> <Delay = 0.00>
ST_3 : Operation 105 [1/1] (0.00ns)   --->   "%bucket_sizes_4793_loc_load = load i32 %bucket_sizes_4793_loc"   --->   Operation 105 'load' 'bucket_sizes_4793_loc_load' <Predicate = true> <Delay = 0.00>
ST_3 : Operation 106 [1/1] (0.00ns)   --->   "%bucket_sizes_4792_loc_load = load i32 %bucket_sizes_4792_loc"   --->   Operation 106 'load' 'bucket_sizes_4792_loc_load' <Predicate = true> <Delay = 0.00>
ST_3 : Operation 107 [1/1] (0.00ns)   --->   "%bucket_sizes_4791_loc_load = load i32 %bucket_sizes_4791_loc"   --->   Operation 107 'load' 'bucket_sizes_4791_loc_load' <Predicate = true> <Delay = 0.00>
ST_3 : Operation 108 [1/1] (0.00ns)   --->   "%bucket_sizes_4790_loc_load = load i32 %bucket_sizes_4790_loc"   --->   Operation 108 'load' 'bucket_sizes_4790_loc_load' <Predicate = true> <Delay = 0.00>
ST_3 : Operation 109 [1/1] (0.00ns)   --->   "%bucket_sizes_4789_loc_load = load i32 %bucket_sizes_4789_loc"   --->   Operation 109 'load' 'bucket_sizes_4789_loc_load' <Predicate = true> <Delay = 0.00>
ST_3 : Operation 110 [1/1] (0.00ns)   --->   "%bucket_sizes_4788_loc_load = load i32 %bucket_sizes_4788_loc"   --->   Operation 110 'load' 'bucket_sizes_4788_loc_load' <Predicate = true> <Delay = 0.00>
ST_3 : Operation 111 [1/1] (0.00ns)   --->   "%bucket_sizes_4787_loc_load = load i32 %bucket_sizes_4787_loc"   --->   Operation 111 'load' 'bucket_sizes_4787_loc_load' <Predicate = true> <Delay = 0.00>
ST_3 : Operation 112 [1/1] (0.00ns)   --->   "%bucket_sizes_4786_loc_load = load i32 %bucket_sizes_4786_loc"   --->   Operation 112 'load' 'bucket_sizes_4786_loc_load' <Predicate = true> <Delay = 0.00>
ST_3 : Operation 113 [1/1] (0.00ns)   --->   "%bucket_sizes_loc_load = load i32 %bucket_sizes_loc"   --->   Operation 113 'load' 'bucket_sizes_loc_load' <Predicate = true> <Delay = 0.00>
ST_3 : Operation 114 [2/2] (0.38ns)   --->   "%call_ln0 = call void @radix_sort_unified_bucket_pingpong.36.1_Pipeline_initialization, i32 %bucket_sizes_4800_loc_load, i32 %bucket_sizes_4799_loc_load, i32 %bucket_sizes_4798_loc_load, i32 %bucket_sizes_4797_loc_load, i32 %bucket_sizes_4796_loc_load, i32 %bucket_sizes_4795_loc_load, i32 %bucket_sizes_4794_loc_load, i32 %bucket_sizes_4793_loc_load, i32 %bucket_sizes_4792_loc_load, i32 %bucket_sizes_4791_loc_load, i32 %bucket_sizes_4790_loc_load, i32 %bucket_sizes_4789_loc_load, i32 %bucket_sizes_4788_loc_load, i32 %bucket_sizes_4787_loc_load, i32 %bucket_sizes_4786_loc_load, i32 %bucket_sizes_loc_load, i32 %bucket, i32 %input_35, i32 %bucket_sizes_1515, i32 %bucket_sizes_1514, i32 %bucket_sizes_1513, i32 %bucket_sizes_1512, i32 %bucket_sizes_1511, i32 %bucket_sizes_1510, i32 %bucket_sizes_1509, i32 %bucket_sizes_1508, i32 %bucket_sizes_1507, i32 %bucket_sizes_1506, i32 %bucket_sizes_1505, i32 %bucket_sizes_1504, i32 %bucket_sizes_1503, i32 %bucket_sizes_1502, i32 %bucket_sizes_1501, i32 %bucket_sizes"   --->   Operation 114 'call' 'call_ln0' <Predicate = true> <Delay = 0.38> <CoreType = "Generic">   --->   Core 0 '' <Latency = 0> <II = 1> <Delay = 1.00> <Generic> <Opcode : >

State 4 <SV = 3> <Delay = 0.00>
ST_4 : Operation 115 [1/1] (0.00ns)   --->   "%specinterface_ln0 = specinterface void @_ssdm_op_SpecInterface, i32 %input_35, void @empty_53, i32 0, i32 0, void @empty_28, i32 4294967295, i32 0, void @empty_28, void @empty_28, void @empty_28, i32 0, i32 0, i32 0, i32 0, void @empty_28, void @empty_28, i32 4294967295, i32 0"   --->   Operation 115 'specinterface' 'specinterface_ln0' <Predicate = true> <Delay = 0.00>
ST_4 : Operation 116 [1/2] (0.00ns)   --->   "%call_ln0 = call void @radix_sort_unified_bucket_pingpong.36.1_Pipeline_initialization, i32 %bucket_sizes_4800_loc_load, i32 %bucket_sizes_4799_loc_load, i32 %bucket_sizes_4798_loc_load, i32 %bucket_sizes_4797_loc_load, i32 %bucket_sizes_4796_loc_load, i32 %bucket_sizes_4795_loc_load, i32 %bucket_sizes_4794_loc_load, i32 %bucket_sizes_4793_loc_load, i32 %bucket_sizes_4792_loc_load, i32 %bucket_sizes_4791_loc_load, i32 %bucket_sizes_4790_loc_load, i32 %bucket_sizes_4789_loc_load, i32 %bucket_sizes_4788_loc_load, i32 %bucket_sizes_4787_loc_load, i32 %bucket_sizes_4786_loc_load, i32 %bucket_sizes_loc_load, i32 %bucket, i32 %input_35, i32 %bucket_sizes_1515, i32 %bucket_sizes_1514, i32 %bucket_sizes_1513, i32 %bucket_sizes_1512, i32 %bucket_sizes_1511, i32 %bucket_sizes_1510, i32 %bucket_sizes_1509, i32 %bucket_sizes_1508, i32 %bucket_sizes_1507, i32 %bucket_sizes_1506, i32 %bucket_sizes_1505, i32 %bucket_sizes_1504, i32 %bucket_sizes_1503, i32 %bucket_sizes_1502, i32 %bucket_sizes_1501, i32 %bucket_sizes"   --->   Operation 116 'call' 'call_ln0' <Predicate = true> <Delay = 0.00> <CoreType = "Generic">   --->   Core 0 '' <Latency = 0> <II = 1> <Delay = 1.00> <Generic> <Opcode : >
ST_4 : Operation 117 [1/1] (0.00ns)   --->   "%br_ln78 = br void %bucket_pointer_initialization" [sort_seperate_bucket/radix_sort.c:78]   --->   Operation 117 'br' 'br_ln78' <Predicate = true> <Delay = 0.00>

State 5 <SV = 4> <Delay = 1.41>
ST_5 : Operation 118 [1/1] (0.00ns)   --->   "%i = load i4 %i_011"   --->   Operation 118 'load' 'i' <Predicate = true> <Delay = 0.00>
ST_5 : Operation 119 [1/1] (0.65ns)   --->   "%icmp_ln78 = icmp_eq  i4 %i, i4 8" [sort_seperate_bucket/radix_sort.c:78]   --->   Operation 119 'icmp' 'icmp_ln78' <Predicate = true> <Delay = 0.65> <CoreInst = "Cmp">   --->   Core 9 'Cmp' <Latency = 0> <II = 1> <Delay = 0.65> <FuncUnit> <Opcode : 'icmp'> <InPorts = 2> <OutPorts = 1>
ST_5 : Operation 120 [1/1] (0.00ns)   --->   "%empty = speclooptripcount i32 @_ssdm_op_SpecLoopTripCount, i64 8, i64 8, i64 8"   --->   Operation 120 'speclooptripcount' 'empty' <Predicate = true> <Delay = 0.00>
ST_5 : Operation 121 [1/1] (0.70ns)   --->   "%i_45 = add i4 %i, i4 1" [sort_seperate_bucket/radix_sort.c:78]   --->   Operation 121 'add' 'i_45' <Predicate = true> <Delay = 0.70> <CoreInst = "Adder">   --->   Core 1 'Adder' <Latency = 0> <II = 1> <Delay = 0.70> <FuncUnit> <Opcode : 'add' 'sub'> <InPorts = 2> <OutPorts = 1>
ST_5 : Operation 122 [1/1] (0.00ns)   --->   "%br_ln78 = br i1 %icmp_ln78, void %xlx_merge_loop.bucket_pointer_initialization.35_begin, void %for.inc79.preheader" [sort_seperate_bucket/radix_sort.c:78]   --->   Operation 122 'br' 'br_ln78' <Predicate = true> <Delay = 0.00>
ST_5 : Operation 123 [1/1] (0.00ns)   --->   "%bucket_num_012_load = load i32 %bucket_num_012" [sort_seperate_bucket/radix_sort.c:95]   --->   Operation 123 'load' 'bucket_num_012_load' <Predicate = (!icmp_ln78)> <Delay = 0.00>
ST_5 : Operation 124 [1/1] (0.00ns)   --->   "%bucket_pointer_load = load i32 %bucket_pointer"   --->   Operation 124 'load' 'bucket_pointer_load' <Predicate = (!icmp_ln78)> <Delay = 0.00>
ST_5 : Operation 125 [1/1] (0.00ns)   --->   "%bucket_pointer_1142_load = load i32 %bucket_pointer_1142"   --->   Operation 125 'load' 'bucket_pointer_1142_load' <Predicate = (!icmp_ln78)> <Delay = 0.00>
ST_5 : Operation 126 [1/1] (0.00ns)   --->   "%bucket_pointer_1143_load = load i32 %bucket_pointer_1143"   --->   Operation 126 'load' 'bucket_pointer_1143_load' <Predicate = (!icmp_ln78)> <Delay = 0.00>
ST_5 : Operation 127 [1/1] (0.00ns)   --->   "%bucket_pointer_1144_load = load i32 %bucket_pointer_1144"   --->   Operation 127 'load' 'bucket_pointer_1144_load' <Predicate = (!icmp_ln78)> <Delay = 0.00>
ST_5 : Operation 128 [1/1] (0.00ns)   --->   "%bucket_pointer_1145_load = load i32 %bucket_pointer_1145"   --->   Operation 128 'load' 'bucket_pointer_1145_load' <Predicate = (!icmp_ln78)> <Delay = 0.00>
ST_5 : Operation 129 [1/1] (0.00ns)   --->   "%bucket_pointer_1146_load = load i32 %bucket_pointer_1146"   --->   Operation 129 'load' 'bucket_pointer_1146_load' <Predicate = (!icmp_ln78)> <Delay = 0.00>
ST_5 : Operation 130 [1/1] (0.00ns)   --->   "%bucket_pointer_1147_load = load i32 %bucket_pointer_1147"   --->   Operation 130 'load' 'bucket_pointer_1147_load' <Predicate = (!icmp_ln78)> <Delay = 0.00>
ST_5 : Operation 131 [1/1] (0.00ns)   --->   "%bucket_pointer_1148_load = load i32 %bucket_pointer_1148"   --->   Operation 131 'load' 'bucket_pointer_1148_load' <Predicate = (!icmp_ln78)> <Delay = 0.00>
ST_5 : Operation 132 [1/1] (0.00ns)   --->   "%bucket_pointer_1149_load = load i32 %bucket_pointer_1149"   --->   Operation 132 'load' 'bucket_pointer_1149_load' <Predicate = (!icmp_ln78)> <Delay = 0.00>
ST_5 : Operation 133 [1/1] (0.00ns)   --->   "%bucket_pointer_1150_load = load i32 %bucket_pointer_1150"   --->   Operation 133 'load' 'bucket_pointer_1150_load' <Predicate = (!icmp_ln78)> <Delay = 0.00>
ST_5 : Operation 134 [1/1] (0.00ns)   --->   "%bucket_pointer_1151_load = load i32 %bucket_pointer_1151"   --->   Operation 134 'load' 'bucket_pointer_1151_load' <Predicate = (!icmp_ln78)> <Delay = 0.00>
ST_5 : Operation 135 [1/1] (0.00ns)   --->   "%bucket_pointer_1152_load = load i32 %bucket_pointer_1152"   --->   Operation 135 'load' 'bucket_pointer_1152_load' <Predicate = (!icmp_ln78)> <Delay = 0.00>
ST_5 : Operation 136 [1/1] (0.00ns)   --->   "%bucket_pointer_1153_load = load i32 %bucket_pointer_1153"   --->   Operation 136 'load' 'bucket_pointer_1153_load' <Predicate = (!icmp_ln78)> <Delay = 0.00>
ST_5 : Operation 137 [1/1] (0.00ns)   --->   "%bucket_pointer_1154_load = load i32 %bucket_pointer_1154"   --->   Operation 137 'load' 'bucket_pointer_1154_load' <Predicate = (!icmp_ln78)> <Delay = 0.00>
ST_5 : Operation 138 [1/1] (0.00ns)   --->   "%bucket_pointer_1155_load = load i32 %bucket_pointer_1155"   --->   Operation 138 'load' 'bucket_pointer_1155_load' <Predicate = (!icmp_ln78)> <Delay = 0.00>
ST_5 : Operation 139 [1/1] (0.00ns)   --->   "%bucket_pointer_1156_load = load i32 %bucket_pointer_1156"   --->   Operation 139 'load' 'bucket_pointer_1156_load' <Predicate = (!icmp_ln78)> <Delay = 0.00>
ST_5 : Operation 140 [1/1] (0.00ns)   --->   "%bucket_sizes_load = load i32 %bucket_sizes"   --->   Operation 140 'load' 'bucket_sizes_load' <Predicate = (!icmp_ln78)> <Delay = 0.00>
ST_5 : Operation 141 [1/1] (0.00ns)   --->   "%bucket_sizes_1501_load = load i32 %bucket_sizes_1501"   --->   Operation 141 'load' 'bucket_sizes_1501_load' <Predicate = (!icmp_ln78)> <Delay = 0.00>
ST_5 : Operation 142 [1/1] (0.00ns)   --->   "%bucket_sizes_1502_load = load i32 %bucket_sizes_1502"   --->   Operation 142 'load' 'bucket_sizes_1502_load' <Predicate = (!icmp_ln78)> <Delay = 0.00>
ST_5 : Operation 143 [1/1] (0.00ns)   --->   "%bucket_sizes_1503_load = load i32 %bucket_sizes_1503"   --->   Operation 143 'load' 'bucket_sizes_1503_load' <Predicate = (!icmp_ln78)> <Delay = 0.00>
ST_5 : Operation 144 [1/1] (0.00ns)   --->   "%bucket_sizes_1504_load = load i32 %bucket_sizes_1504"   --->   Operation 144 'load' 'bucket_sizes_1504_load' <Predicate = (!icmp_ln78)> <Delay = 0.00>
ST_5 : Operation 145 [1/1] (0.00ns)   --->   "%bucket_sizes_1505_load = load i32 %bucket_sizes_1505"   --->   Operation 145 'load' 'bucket_sizes_1505_load' <Predicate = (!icmp_ln78)> <Delay = 0.00>
ST_5 : Operation 146 [1/1] (0.00ns)   --->   "%bucket_sizes_1506_load = load i32 %bucket_sizes_1506"   --->   Operation 146 'load' 'bucket_sizes_1506_load' <Predicate = (!icmp_ln78)> <Delay = 0.00>
ST_5 : Operation 147 [1/1] (0.00ns)   --->   "%bucket_sizes_1507_load = load i32 %bucket_sizes_1507"   --->   Operation 147 'load' 'bucket_sizes_1507_load' <Predicate = (!icmp_ln78)> <Delay = 0.00>
ST_5 : Operation 148 [1/1] (0.00ns)   --->   "%bucket_sizes_1508_load = load i32 %bucket_sizes_1508"   --->   Operation 148 'load' 'bucket_sizes_1508_load' <Predicate = (!icmp_ln78)> <Delay = 0.00>
ST_5 : Operation 149 [1/1] (0.00ns)   --->   "%bucket_sizes_1509_load = load i32 %bucket_sizes_1509"   --->   Operation 149 'load' 'bucket_sizes_1509_load' <Predicate = (!icmp_ln78)> <Delay = 0.00>
ST_5 : Operation 150 [1/1] (0.00ns)   --->   "%bucket_sizes_1510_load = load i32 %bucket_sizes_1510"   --->   Operation 150 'load' 'bucket_sizes_1510_load' <Predicate = (!icmp_ln78)> <Delay = 0.00>
ST_5 : Operation 151 [1/1] (0.00ns)   --->   "%bucket_sizes_1511_load = load i32 %bucket_sizes_1511"   --->   Operation 151 'load' 'bucket_sizes_1511_load' <Predicate = (!icmp_ln78)> <Delay = 0.00>
ST_5 : Operation 152 [1/1] (0.00ns)   --->   "%bucket_sizes_1512_load = load i32 %bucket_sizes_1512"   --->   Operation 152 'load' 'bucket_sizes_1512_load' <Predicate = (!icmp_ln78)> <Delay = 0.00>
ST_5 : Operation 153 [1/1] (0.00ns)   --->   "%bucket_sizes_1513_load = load i32 %bucket_sizes_1513"   --->   Operation 153 'load' 'bucket_sizes_1513_load' <Predicate = (!icmp_ln78)> <Delay = 0.00>
ST_5 : Operation 154 [1/1] (0.00ns)   --->   "%bucket_sizes_1514_load = load i32 %bucket_sizes_1514"   --->   Operation 154 'load' 'bucket_sizes_1514_load' <Predicate = (!icmp_ln78)> <Delay = 0.00>
ST_5 : Operation 155 [1/1] (0.00ns)   --->   "%bucket_sizes_1515_load = load i32 %bucket_sizes_1515"   --->   Operation 155 'load' 'bucket_sizes_1515_load' <Predicate = (!icmp_ln78)> <Delay = 0.00>
ST_5 : Operation 156 [2/2] (0.38ns)   --->   "%call_ln0 = call void @radix_sort_unified_bucket_pingpong.36.1_Pipeline_bucket_pointer_initialization, i32 %bucket_sizes_1515_load, i32 %bucket_sizes_1514_load, i32 %bucket_sizes_1513_load, i32 %bucket_sizes_1512_load, i32 %bucket_sizes_1511_load, i32 %bucket_sizes_1510_load, i32 %bucket_sizes_1509_load, i32 %bucket_sizes_1508_load, i32 %bucket_sizes_1507_load, i32 %bucket_sizes_1506_load, i32 %bucket_sizes_1505_load, i32 %bucket_sizes_1504_load, i32 %bucket_sizes_1503_load, i32 %bucket_sizes_1502_load, i32 %bucket_sizes_1501_load, i32 %bucket_sizes_load, i32 %bucket_pointer_1156_load, i32 %bucket_pointer_1155_load, i32 %bucket_pointer_1154_load, i32 %bucket_pointer_1153_load, i32 %bucket_pointer_1152_load, i32 %bucket_pointer_1151_load, i32 %bucket_pointer_1150_load, i32 %bucket_pointer_1149_load, i32 %bucket_pointer_1148_load, i32 %bucket_pointer_1147_load, i32 %bucket_pointer_1146_load, i32 %bucket_pointer_1145_load, i32 %bucket_pointer_1144_load, i32 %bucket_pointer_1143_load, i32 %bucket_pointer_1142_load, i32 %bucket_pointer_load, i32 %bucket_sizes_4881_loc, i32 %bucket_sizes_4880_loc, i32 %bucket_sizes_4879_loc, i32 %bucket_sizes_4878_loc, i32 %bucket_sizes_4877_loc, i32 %bucket_sizes_4876_loc, i32 %bucket_sizes_4875_loc, i32 %bucket_sizes_4874_loc, i32 %bucket_sizes_4873_loc, i32 %bucket_sizes_4872_loc, i32 %bucket_sizes_4871_loc, i32 %bucket_sizes_4870_loc, i32 %bucket_sizes_4869_loc, i32 %bucket_sizes_4868_loc, i32 %bucket_sizes_4867_loc, i32 %bucket_sizes_4866_loc, i32 %bucket_pointer_2176_loc, i32 %bucket_pointer_2175_loc, i32 %bucket_pointer_2174_loc, i32 %bucket_pointer_2173_loc, i32 %bucket_pointer_2172_loc, i32 %bucket_pointer_2171_loc, i32 %bucket_pointer_2170_loc, i32 %bucket_pointer_2169_loc, i32 %bucket_pointer_2168_loc, i32 %bucket_pointer_2167_loc, i32 %bucket_pointer_2166_loc, i32 %bucket_pointer_2165_loc, i32 %bucket_pointer_2164_loc, i32 %bucket_pointer_2163_loc, i32 %bucket_pointer_2162_loc, i32 %bucket_pointer_2161_loc"   --->   Operation 156 'call' 'call_ln0' <Predicate = (!icmp_ln78)> <Delay = 0.38> <CoreType = "Generic">   --->   Core 0 '' <Latency = 0> <II = 1> <Delay = 1.00> <Generic> <Opcode : >
ST_5 : Operation 157 [1/1] (0.88ns)   --->   "%bucket_num = sub i32 1, i32 %bucket_num_012_load" [sort_seperate_bucket/radix_sort.c:95]   --->   Operation 157 'sub' 'bucket_num' <Predicate = (!icmp_ln78)> <Delay = 0.88> <CoreInst = "Adder">   --->   Core 1 'Adder' <Latency = 0> <II = 1> <Delay = 0.88> <FuncUnit> <Opcode : 'add' 'sub'> <InPorts = 2> <OutPorts = 1>
ST_5 : Operation 158 [1/1] (0.00ns)   --->   "%trunc_ln93 = trunc i32 %bucket_num" [sort_seperate_bucket/radix_sort.c:93]   --->   Operation 158 'trunc' 'trunc_ln93' <Predicate = (!icmp_ln78)> <Delay = 0.00>
ST_5 : Operation 159 [4/4] (0.53ns) (root node of the DSP)   --->   "%mul_ln93 = mul i19 %trunc_ln93, i19 156250" [sort_seperate_bucket/radix_sort.c:93]   --->   Operation 159 'mul' 'mul_ln93' <Predicate = (!icmp_ln78)> <Delay = 0.53> <CoreInst = "DSP48">   --->   Core 127 'DSP48' <Latency = 3> <II = 1> <Delay = 0.53> <IPBlock> <Opcode : 'mul' 'add' 'sub' 'select'> <InPorts = 0> <OutPorts = 1> <Sync> <CReg>
ST_5 : Operation 160 [1/1] (0.00ns)   --->   "%empty_212 = trunc i4 %i"   --->   Operation 160 'trunc' 'empty_212' <Predicate = (!icmp_ln78)> <Delay = 0.00>
ST_5 : Operation 161 [1/1] (0.00ns)   --->   "%trunc_ln95 = trunc i32 %bucket_num_012_load" [sort_seperate_bucket/radix_sort.c:95]   --->   Operation 161 'trunc' 'trunc_ln95' <Predicate = (!icmp_ln78)> <Delay = 0.00>
ST_5 : Operation 162 [4/4] (0.53ns) (root node of the DSP)   --->   "%mul_ln95 = mul i19 %trunc_ln95, i19 156250" [sort_seperate_bucket/radix_sort.c:95]   --->   Operation 162 'mul' 'mul_ln95' <Predicate = (!icmp_ln78)> <Delay = 0.53> <CoreInst = "DSP48">   --->   Core 127 'DSP48' <Latency = 3> <II = 1> <Delay = 0.53> <IPBlock> <Opcode : 'mul' 'add' 'sub' 'select'> <InPorts = 0> <OutPorts = 1> <Sync> <CReg>
ST_5 : Operation 163 [1/1] (0.38ns)   --->   "%store_ln78 = store i32 %bucket_num, i32 %bucket_num_012" [sort_seperate_bucket/radix_sort.c:78]   --->   Operation 163 'store' 'store_ln78' <Predicate = (!icmp_ln78)> <Delay = 0.38>
ST_5 : Operation 164 [1/1] (0.38ns)   --->   "%store_ln78 = store i4 %i_45, i4 %i_011" [sort_seperate_bucket/radix_sort.c:78]   --->   Operation 164 'store' 'store_ln78' <Predicate = (!icmp_ln78)> <Delay = 0.38>
ST_5 : Operation 165 [2/2] (0.00ns)   --->   "%call_ln0 = call void @radix_sort_unified_bucket_pingpong.36.1_Pipeline_output_bucket, i32 %bucket, i32 %sorted_data"   --->   Operation 165 'call' 'call_ln0' <Predicate = (icmp_ln78)> <Delay = 0.00> <CoreType = "Generic">   --->   Core 0 '' <Latency = 0> <II = 1> <Delay = 1.00> <Generic> <Opcode : >

State 6 <SV = 5> <Delay = 0.63>
ST_6 : Operation 166 [1/2] (0.63ns)   --->   "%call_ln0 = call void @radix_sort_unified_bucket_pingpong.36.1_Pipeline_bucket_pointer_initialization, i32 %bucket_sizes_1515_load, i32 %bucket_sizes_1514_load, i32 %bucket_sizes_1513_load, i32 %bucket_sizes_1512_load, i32 %bucket_sizes_1511_load, i32 %bucket_sizes_1510_load, i32 %bucket_sizes_1509_load, i32 %bucket_sizes_1508_load, i32 %bucket_sizes_1507_load, i32 %bucket_sizes_1506_load, i32 %bucket_sizes_1505_load, i32 %bucket_sizes_1504_load, i32 %bucket_sizes_1503_load, i32 %bucket_sizes_1502_load, i32 %bucket_sizes_1501_load, i32 %bucket_sizes_load, i32 %bucket_pointer_1156_load, i32 %bucket_pointer_1155_load, i32 %bucket_pointer_1154_load, i32 %bucket_pointer_1153_load, i32 %bucket_pointer_1152_load, i32 %bucket_pointer_1151_load, i32 %bucket_pointer_1150_load, i32 %bucket_pointer_1149_load, i32 %bucket_pointer_1148_load, i32 %bucket_pointer_1147_load, i32 %bucket_pointer_1146_load, i32 %bucket_pointer_1145_load, i32 %bucket_pointer_1144_load, i32 %bucket_pointer_1143_load, i32 %bucket_pointer_1142_load, i32 %bucket_pointer_load, i32 %bucket_sizes_4881_loc, i32 %bucket_sizes_4880_loc, i32 %bucket_sizes_4879_loc, i32 %bucket_sizes_4878_loc, i32 %bucket_sizes_4877_loc, i32 %bucket_sizes_4876_loc, i32 %bucket_sizes_4875_loc, i32 %bucket_sizes_4874_loc, i32 %bucket_sizes_4873_loc, i32 %bucket_sizes_4872_loc, i32 %bucket_sizes_4871_loc, i32 %bucket_sizes_4870_loc, i32 %bucket_sizes_4869_loc, i32 %bucket_sizes_4868_loc, i32 %bucket_sizes_4867_loc, i32 %bucket_sizes_4866_loc, i32 %bucket_pointer_2176_loc, i32 %bucket_pointer_2175_loc, i32 %bucket_pointer_2174_loc, i32 %bucket_pointer_2173_loc, i32 %bucket_pointer_2172_loc, i32 %bucket_pointer_2171_loc, i32 %bucket_pointer_2170_loc, i32 %bucket_pointer_2169_loc, i32 %bucket_pointer_2168_loc, i32 %bucket_pointer_2167_loc, i32 %bucket_pointer_2166_loc, i32 %bucket_pointer_2165_loc, i32 %bucket_pointer_2164_loc, i32 %bucket_pointer_2163_loc, i32 %bucket_pointer_2162_loc, i32 %bucket_pointer_2161_loc"   --->   Operation 166 'call' 'call_ln0' <Predicate = true> <Delay = 0.63> <CoreType = "Generic">   --->   Core 0 '' <Latency = 0> <II = 1> <Delay = 1.00> <Generic> <Opcode : >
ST_6 : Operation 167 [3/4] (0.53ns) (root node of the DSP)   --->   "%mul_ln93 = mul i19 %trunc_ln93, i19 156250" [sort_seperate_bucket/radix_sort.c:93]   --->   Operation 167 'mul' 'mul_ln93' <Predicate = true> <Delay = 0.53> <CoreInst = "DSP48">   --->   Core 127 'DSP48' <Latency = 3> <II = 1> <Delay = 0.53> <IPBlock> <Opcode : 'mul' 'add' 'sub' 'select'> <InPorts = 0> <OutPorts = 1> <Sync> <CReg>
ST_6 : Operation 168 [3/4] (0.53ns) (root node of the DSP)   --->   "%mul_ln95 = mul i19 %trunc_ln95, i19 156250" [sort_seperate_bucket/radix_sort.c:95]   --->   Operation 168 'mul' 'mul_ln95' <Predicate = true> <Delay = 0.53> <CoreInst = "DSP48">   --->   Core 127 'DSP48' <Latency = 3> <II = 1> <Delay = 0.53> <IPBlock> <Opcode : 'mul' 'add' 'sub' 'select'> <InPorts = 0> <OutPorts = 1> <Sync> <CReg>

State 7 <SV = 6> <Delay = 0.53>
ST_7 : Operation 169 [2/4] (0.53ns) (root node of the DSP)   --->   "%mul_ln93 = mul i19 %trunc_ln93, i19 156250" [sort_seperate_bucket/radix_sort.c:93]   --->   Operation 169 'mul' 'mul_ln93' <Predicate = true> <Delay = 0.53> <CoreInst = "DSP48">   --->   Core 127 'DSP48' <Latency = 3> <II = 1> <Delay = 0.53> <IPBlock> <Opcode : 'mul' 'add' 'sub' 'select'> <InPorts = 0> <OutPorts = 1> <Sync> <CReg>
ST_7 : Operation 170 [2/4] (0.53ns) (root node of the DSP)   --->   "%mul_ln95 = mul i19 %trunc_ln95, i19 156250" [sort_seperate_bucket/radix_sort.c:95]   --->   Operation 170 'mul' 'mul_ln95' <Predicate = true> <Delay = 0.53> <CoreInst = "DSP48">   --->   Core 127 'DSP48' <Latency = 3> <II = 1> <Delay = 0.53> <IPBlock> <Opcode : 'mul' 'add' 'sub' 'select'> <InPorts = 0> <OutPorts = 1> <Sync> <CReg>

State 8 <SV = 7> <Delay = 2.05>
ST_8 : Operation 171 [1/1] (0.00ns)   --->   "%bucket_sizes_4881_loc_load = load i32 %bucket_sizes_4881_loc"   --->   Operation 171 'load' 'bucket_sizes_4881_loc_load' <Predicate = true> <Delay = 0.00>
ST_8 : Operation 172 [1/1] (0.00ns)   --->   "%bucket_sizes_4880_loc_load = load i32 %bucket_sizes_4880_loc"   --->   Operation 172 'load' 'bucket_sizes_4880_loc_load' <Predicate = true> <Delay = 0.00>
ST_8 : Operation 173 [1/1] (0.00ns)   --->   "%bucket_sizes_4879_loc_load = load i32 %bucket_sizes_4879_loc"   --->   Operation 173 'load' 'bucket_sizes_4879_loc_load' <Predicate = true> <Delay = 0.00>
ST_8 : Operation 174 [1/1] (0.00ns)   --->   "%bucket_sizes_4878_loc_load = load i32 %bucket_sizes_4878_loc"   --->   Operation 174 'load' 'bucket_sizes_4878_loc_load' <Predicate = true> <Delay = 0.00>
ST_8 : Operation 175 [1/1] (0.00ns)   --->   "%bucket_sizes_4877_loc_load = load i32 %bucket_sizes_4877_loc"   --->   Operation 175 'load' 'bucket_sizes_4877_loc_load' <Predicate = true> <Delay = 0.00>
ST_8 : Operation 176 [1/1] (0.00ns)   --->   "%bucket_sizes_4876_loc_load = load i32 %bucket_sizes_4876_loc"   --->   Operation 176 'load' 'bucket_sizes_4876_loc_load' <Predicate = true> <Delay = 0.00>
ST_8 : Operation 177 [1/1] (0.00ns)   --->   "%bucket_sizes_4875_loc_load = load i32 %bucket_sizes_4875_loc"   --->   Operation 177 'load' 'bucket_sizes_4875_loc_load' <Predicate = true> <Delay = 0.00>
ST_8 : Operation 178 [1/1] (0.00ns)   --->   "%bucket_sizes_4874_loc_load = load i32 %bucket_sizes_4874_loc"   --->   Operation 178 'load' 'bucket_sizes_4874_loc_load' <Predicate = true> <Delay = 0.00>
ST_8 : Operation 179 [1/1] (0.00ns)   --->   "%bucket_sizes_4873_loc_load = load i32 %bucket_sizes_4873_loc"   --->   Operation 179 'load' 'bucket_sizes_4873_loc_load' <Predicate = true> <Delay = 0.00>
ST_8 : Operation 180 [1/1] (0.00ns)   --->   "%bucket_sizes_4872_loc_load = load i32 %bucket_sizes_4872_loc"   --->   Operation 180 'load' 'bucket_sizes_4872_loc_load' <Predicate = true> <Delay = 0.00>
ST_8 : Operation 181 [1/1] (0.00ns)   --->   "%bucket_sizes_4871_loc_load = load i32 %bucket_sizes_4871_loc"   --->   Operation 181 'load' 'bucket_sizes_4871_loc_load' <Predicate = true> <Delay = 0.00>
ST_8 : Operation 182 [1/1] (0.00ns)   --->   "%bucket_sizes_4870_loc_load = load i32 %bucket_sizes_4870_loc"   --->   Operation 182 'load' 'bucket_sizes_4870_loc_load' <Predicate = true> <Delay = 0.00>
ST_8 : Operation 183 [1/1] (0.00ns)   --->   "%bucket_sizes_4869_loc_load = load i32 %bucket_sizes_4869_loc"   --->   Operation 183 'load' 'bucket_sizes_4869_loc_load' <Predicate = true> <Delay = 0.00>
ST_8 : Operation 184 [1/1] (0.00ns)   --->   "%bucket_sizes_4868_loc_load = load i32 %bucket_sizes_4868_loc"   --->   Operation 184 'load' 'bucket_sizes_4868_loc_load' <Predicate = true> <Delay = 0.00>
ST_8 : Operation 185 [1/1] (0.00ns)   --->   "%bucket_sizes_4867_loc_load = load i32 %bucket_sizes_4867_loc"   --->   Operation 185 'load' 'bucket_sizes_4867_loc_load' <Predicate = true> <Delay = 0.00>
ST_8 : Operation 186 [1/1] (0.00ns)   --->   "%bucket_sizes_4866_loc_load = load i32 %bucket_sizes_4866_loc"   --->   Operation 186 'load' 'bucket_sizes_4866_loc_load' <Predicate = true> <Delay = 0.00>
ST_8 : Operation 187 [1/1] (0.00ns)   --->   "%bucket_pointer_2176_loc_load = load i32 %bucket_pointer_2176_loc"   --->   Operation 187 'load' 'bucket_pointer_2176_loc_load' <Predicate = true> <Delay = 0.00>
ST_8 : Operation 188 [1/1] (0.00ns)   --->   "%bucket_pointer_2175_loc_load = load i32 %bucket_pointer_2175_loc"   --->   Operation 188 'load' 'bucket_pointer_2175_loc_load' <Predicate = true> <Delay = 0.00>
ST_8 : Operation 189 [1/1] (0.00ns)   --->   "%bucket_pointer_2174_loc_load = load i32 %bucket_pointer_2174_loc"   --->   Operation 189 'load' 'bucket_pointer_2174_loc_load' <Predicate = true> <Delay = 0.00>
ST_8 : Operation 190 [1/1] (0.00ns)   --->   "%bucket_pointer_2173_loc_load = load i32 %bucket_pointer_2173_loc"   --->   Operation 190 'load' 'bucket_pointer_2173_loc_load' <Predicate = true> <Delay = 0.00>
ST_8 : Operation 191 [1/1] (0.00ns)   --->   "%bucket_pointer_2172_loc_load = load i32 %bucket_pointer_2172_loc"   --->   Operation 191 'load' 'bucket_pointer_2172_loc_load' <Predicate = true> <Delay = 0.00>
ST_8 : Operation 192 [1/1] (0.00ns)   --->   "%bucket_pointer_2171_loc_load = load i32 %bucket_pointer_2171_loc"   --->   Operation 192 'load' 'bucket_pointer_2171_loc_load' <Predicate = true> <Delay = 0.00>
ST_8 : Operation 193 [1/1] (0.00ns)   --->   "%bucket_pointer_2170_loc_load = load i32 %bucket_pointer_2170_loc"   --->   Operation 193 'load' 'bucket_pointer_2170_loc_load' <Predicate = true> <Delay = 0.00>
ST_8 : Operation 194 [1/1] (0.00ns)   --->   "%bucket_pointer_2169_loc_load = load i32 %bucket_pointer_2169_loc"   --->   Operation 194 'load' 'bucket_pointer_2169_loc_load' <Predicate = true> <Delay = 0.00>
ST_8 : Operation 195 [1/1] (0.00ns)   --->   "%bucket_pointer_2168_loc_load = load i32 %bucket_pointer_2168_loc"   --->   Operation 195 'load' 'bucket_pointer_2168_loc_load' <Predicate = true> <Delay = 0.00>
ST_8 : Operation 196 [1/1] (0.00ns)   --->   "%bucket_pointer_2167_loc_load = load i32 %bucket_pointer_2167_loc"   --->   Operation 196 'load' 'bucket_pointer_2167_loc_load' <Predicate = true> <Delay = 0.00>
ST_8 : Operation 197 [1/1] (0.00ns)   --->   "%bucket_pointer_2166_loc_load = load i32 %bucket_pointer_2166_loc"   --->   Operation 197 'load' 'bucket_pointer_2166_loc_load' <Predicate = true> <Delay = 0.00>
ST_8 : Operation 198 [1/1] (0.00ns)   --->   "%bucket_pointer_2165_loc_load = load i32 %bucket_pointer_2165_loc"   --->   Operation 198 'load' 'bucket_pointer_2165_loc_load' <Predicate = true> <Delay = 0.00>
ST_8 : Operation 199 [1/1] (0.00ns)   --->   "%bucket_pointer_2164_loc_load = load i32 %bucket_pointer_2164_loc"   --->   Operation 199 'load' 'bucket_pointer_2164_loc_load' <Predicate = true> <Delay = 0.00>
ST_8 : Operation 200 [1/1] (0.00ns)   --->   "%bucket_pointer_2163_loc_load = load i32 %bucket_pointer_2163_loc"   --->   Operation 200 'load' 'bucket_pointer_2163_loc_load' <Predicate = true> <Delay = 0.00>
ST_8 : Operation 201 [1/1] (0.00ns)   --->   "%bucket_pointer_2162_loc_load = load i32 %bucket_pointer_2162_loc"   --->   Operation 201 'load' 'bucket_pointer_2162_loc_load' <Predicate = true> <Delay = 0.00>
ST_8 : Operation 202 [1/1] (0.00ns)   --->   "%bucket_pointer_2161_loc_load = load i32 %bucket_pointer_2161_loc"   --->   Operation 202 'load' 'bucket_pointer_2161_loc_load' <Predicate = true> <Delay = 0.00>
ST_8 : Operation 203 [1/4] (0.00ns) (root node of the DSP)   --->   "%mul_ln93 = mul i19 %trunc_ln93, i19 156250" [sort_seperate_bucket/radix_sort.c:93]   --->   Operation 203 'mul' 'mul_ln93' <Predicate = true> <Delay = 0.00> <CoreInst = "DSP48">   --->   Core 127 'DSP48' <Latency = 3> <II = 1> <Delay = 0.53> <IPBlock> <Opcode : 'mul' 'add' 'sub' 'select'> <InPorts = 0> <OutPorts = 1> <Sync> <CReg>
ST_8 : Operation 204 [1/1] (0.00ns)   --->   "%mul = bitconcatenate i5 @_ssdm_op_BitConcatenate.i5.i3.i2, i3 %empty_212, i2 0"   --->   Operation 204 'bitconcatenate' 'mul' <Predicate = true> <Delay = 0.00>
ST_8 : Operation 205 [1/4] (0.00ns) (root node of the DSP)   --->   "%mul_ln95 = mul i19 %trunc_ln95, i19 156250" [sort_seperate_bucket/radix_sort.c:95]   --->   Operation 205 'mul' 'mul_ln95' <Predicate = true> <Delay = 0.00> <CoreInst = "DSP48">   --->   Core 127 'DSP48' <Latency = 3> <II = 1> <Delay = 0.53> <IPBlock> <Opcode : 'mul' 'add' 'sub' 'select'> <InPorts = 0> <OutPorts = 1> <Sync> <CReg>
ST_8 : Operation 206 [2/2] (2.05ns)   --->   "%call_ln93 = call void @radix_sort_unified_bucket_pingpong.36.1_Pipeline_input_bucket, i32 %bucket_sizes_4881_loc_load, i32 %bucket_sizes_4880_loc_load, i32 %bucket_sizes_4879_loc_load, i32 %bucket_sizes_4878_loc_load, i32 %bucket_sizes_4877_loc_load, i32 %bucket_sizes_4876_loc_load, i32 %bucket_sizes_4875_loc_load, i32 %bucket_sizes_4874_loc_load, i32 %bucket_sizes_4873_loc_load, i32 %bucket_sizes_4872_loc_load, i32 %bucket_sizes_4871_loc_load, i32 %bucket_sizes_4870_loc_load, i32 %bucket_sizes_4869_loc_load, i32 %bucket_sizes_4868_loc_load, i32 %bucket_sizes_4867_loc_load, i32 %bucket_sizes_4866_loc_load, i32 %bucket_pointer_2176_loc_load, i32 %bucket_pointer_2175_loc_load, i32 %bucket_pointer_2174_loc_load, i32 %bucket_pointer_2173_loc_load, i32 %bucket_pointer_2172_loc_load, i32 %bucket_pointer_2171_loc_load, i32 %bucket_pointer_2170_loc_load, i32 %bucket_pointer_2169_loc_load, i32 %bucket_pointer_2168_loc_load, i32 %bucket_pointer_2167_loc_load, i32 %bucket_pointer_2166_loc_load, i32 %bucket_pointer_2165_loc_load, i32 %bucket_pointer_2164_loc_load, i32 %bucket_pointer_2163_loc_load, i32 %bucket_pointer_2162_loc_load, i32 %bucket_pointer_2161_loc_load, i19 %mul_ln93, i32 %bucket, i5 %mul, i19 %mul_ln95, i32 %bucket_sizes_1515, i32 %bucket_sizes_1514, i32 %bucket_sizes_1513, i32 %bucket_sizes_1512, i32 %bucket_sizes_1511, i32 %bucket_sizes_1510, i32 %bucket_sizes_1509, i32 %bucket_sizes_1508, i32 %bucket_sizes_1507, i32 %bucket_sizes_1506, i32 %bucket_sizes_1505, i32 %bucket_sizes_1504, i32 %bucket_sizes_1503, i32 %bucket_sizes_1502, i32 %bucket_sizes_1501, i32 %bucket_sizes, i32 %bucket_pointer_1156, i32 %bucket_pointer_1155, i32 %bucket_pointer_1154, i32 %bucket_pointer_1153, i32 %bucket_pointer_1152, i32 %bucket_pointer_1151, i32 %bucket_pointer_1150, i32 %bucket_pointer_1149, i32 %bucket_pointer_1148, i32 %bucket_pointer_1147, i32 %bucket_pointer_1146, i32 %bucket_pointer_1145, i32 %bucket_pointer_1144, i32 %bucket_pointer_1143, i32 %bucket_pointer_1142, i32 %bucket_pointer" [sort_seperate_bucket/radix_sort.c:93]   --->   Operation 206 'call' 'call_ln93' <Predicate = true> <Delay = 2.05> <CoreType = "Generic">   --->   Core 0 '' <Latency = 0> <II = 1> <Delay = 1.00> <Generic> <Opcode : >

State 9 <SV = 8> <Delay = 0.00>
ST_9 : Operation 207 [1/1] (0.00ns)   --->   "%specloopname_ln62 = specloopname void @_ssdm_op_SpecLoopName, void @empty_41" [sort_seperate_bucket/radix_sort.c:62]   --->   Operation 207 'specloopname' 'specloopname_ln62' <Predicate = true> <Delay = 0.00>
ST_9 : Operation 208 [1/2] (0.00ns)   --->   "%call_ln93 = call void @radix_sort_unified_bucket_pingpong.36.1_Pipeline_input_bucket, i32 %bucket_sizes_4881_loc_load, i32 %bucket_sizes_4880_loc_load, i32 %bucket_sizes_4879_loc_load, i32 %bucket_sizes_4878_loc_load, i32 %bucket_sizes_4877_loc_load, i32 %bucket_sizes_4876_loc_load, i32 %bucket_sizes_4875_loc_load, i32 %bucket_sizes_4874_loc_load, i32 %bucket_sizes_4873_loc_load, i32 %bucket_sizes_4872_loc_load, i32 %bucket_sizes_4871_loc_load, i32 %bucket_sizes_4870_loc_load, i32 %bucket_sizes_4869_loc_load, i32 %bucket_sizes_4868_loc_load, i32 %bucket_sizes_4867_loc_load, i32 %bucket_sizes_4866_loc_load, i32 %bucket_pointer_2176_loc_load, i32 %bucket_pointer_2175_loc_load, i32 %bucket_pointer_2174_loc_load, i32 %bucket_pointer_2173_loc_load, i32 %bucket_pointer_2172_loc_load, i32 %bucket_pointer_2171_loc_load, i32 %bucket_pointer_2170_loc_load, i32 %bucket_pointer_2169_loc_load, i32 %bucket_pointer_2168_loc_load, i32 %bucket_pointer_2167_loc_load, i32 %bucket_pointer_2166_loc_load, i32 %bucket_pointer_2165_loc_load, i32 %bucket_pointer_2164_loc_load, i32 %bucket_pointer_2163_loc_load, i32 %bucket_pointer_2162_loc_load, i32 %bucket_pointer_2161_loc_load, i19 %mul_ln93, i32 %bucket, i5 %mul, i19 %mul_ln95, i32 %bucket_sizes_1515, i32 %bucket_sizes_1514, i32 %bucket_sizes_1513, i32 %bucket_sizes_1512, i32 %bucket_sizes_1511, i32 %bucket_sizes_1510, i32 %bucket_sizes_1509, i32 %bucket_sizes_1508, i32 %bucket_sizes_1507, i32 %bucket_sizes_1506, i32 %bucket_sizes_1505, i32 %bucket_sizes_1504, i32 %bucket_sizes_1503, i32 %bucket_sizes_1502, i32 %bucket_sizes_1501, i32 %bucket_sizes, i32 %bucket_pointer_1156, i32 %bucket_pointer_1155, i32 %bucket_pointer_1154, i32 %bucket_pointer_1153, i32 %bucket_pointer_1152, i32 %bucket_pointer_1151, i32 %bucket_pointer_1150, i32 %bucket_pointer_1149, i32 %bucket_pointer_1148, i32 %bucket_pointer_1147, i32 %bucket_pointer_1146, i32 %bucket_pointer_1145, i32 %bucket_pointer_1144, i32 %bucket_pointer_1143, i32 %bucket_pointer_1142, i32 %bucket_pointer" [sort_seperate_bucket/radix_sort.c:93]   --->   Operation 208 'call' 'call_ln93' <Predicate = true> <Delay = 0.00> <CoreType = "Generic">   --->   Core 0 '' <Latency = 0> <II = 1> <Delay = 1.00> <Generic> <Opcode : >
ST_9 : Operation 209 [1/1] (0.00ns)   --->   "%br_ln78 = br void %bucket_pointer_initialization" [sort_seperate_bucket/radix_sort.c:78]   --->   Operation 209 'br' 'br_ln78' <Predicate = true> <Delay = 0.00>

State 10 <SV = 5> <Delay = 0.00>
ST_10 : Operation 210 [1/2] (0.00ns)   --->   "%call_ln0 = call void @radix_sort_unified_bucket_pingpong.36.1_Pipeline_output_bucket, i32 %bucket, i32 %sorted_data"   --->   Operation 210 'call' 'call_ln0' <Predicate = true> <Delay = 0.00> <CoreType = "Generic">   --->   Core 0 '' <Latency = 0> <II = 1> <Delay = 1.00> <Generic> <Opcode : >
ST_10 : Operation 211 [1/1] (0.00ns)   --->   "%ret_ln108 = ret" [sort_seperate_bucket/radix_sort.c:108]   --->   Operation 211 'ret' 'ret_ln108' <Predicate = true> <Delay = 0.00>


============================================================
+ Verbose Summary: Timing violations
============================================================
Target clock period: 10ns, clock uncertainty: 2.7ns.

 <State 1>: 0.387ns
The critical path consists of the following:
	'alloca' operation ('bucket_num') [4]  (0 ns)
	'store' operation ('store_ln78', sort_seperate_bucket/radix_sort.c:78) of constant 0 on local variable 'bucket_num' [105]  (0.387 ns)

 <State 2>: 1.02ns
The critical path consists of the following:
	'call' operation ('call_ln0') to 'radix_sort_unified_bucket_pingpong.36.1_Pipeline_1' [87]  (1.02 ns)

 <State 3>: 0.387ns
The critical path consists of the following:
	'load' operation ('bucket_sizes_4800_loc_load') on local variable 'bucket_sizes_4800_loc' [88]  (0 ns)
	'call' operation ('call_ln0') to 'radix_sort_unified_bucket_pingpong.36.1_Pipeline_initialization' [104]  (0.387 ns)

 <State 4>: 0ns
The critical path consists of the following:

 <State 5>: 1.42ns
The critical path consists of the following:
	'load' operation ('bucket_num_012_load', sort_seperate_bucket/radix_sort.c:95) on local variable 'bucket_num' [115]  (0 ns)
	'sub' operation ('bucket_num', sort_seperate_bucket/radix_sort.c:95) [182]  (0.88 ns)
	'mul' operation of DSP[184] ('mul_ln93', sort_seperate_bucket/radix_sort.c:93) [184]  (0.535 ns)

 <State 6>: 0.637ns
The critical path consists of the following:
	'call' operation ('call_ln0') to 'radix_sort_unified_bucket_pingpong.36.1_Pipeline_bucket_pointer_initialization' [149]  (0.637 ns)

 <State 7>: 0.535ns
The critical path consists of the following:
	'mul' operation of DSP[184] ('mul_ln93', sort_seperate_bucket/radix_sort.c:93) [184]  (0.535 ns)

 <State 8>: 2.05ns
The critical path consists of the following:
	'load' operation ('bucket_sizes_4881_loc_load') on local variable 'bucket_sizes_4881_loc' [150]  (0 ns)
	'call' operation ('call_ln93', sort_seperate_bucket/radix_sort.c:93) to 'radix_sort_unified_bucket_pingpong.36.1_Pipeline_input_bucket' [189]  (2.05 ns)

 <State 9>: 0ns
The critical path consists of the following:

 <State 10>: 0ns
The critical path consists of the following:


============================================================
+ Verbose Summary: Binding
============================================================
N/A
* FSMD analyzer results:
  - Output states:
 - Input state : 
  - Chain level:
	State 1
	State 2
	State 3
	State 4
	State 5
	State 6
	State 7
	State 8
	State 9
	State 10


============================================================
+ Verbose Summary: Datapath Resource usage 
============================================================
N/A
