/home/boyiw7/sort_seperate_bucket/solution1/.autopilot/db/radix_sort_separate_bucket_parallel.pp.0.c:882:2: warning: Added loop label VITIS_LOOP_10_1:   [xilinx-label-all-loops]
 for (int j = start; j < 15625/2; j++) {
 ^~~
 VITIS_LOOP_10_1: 
/home/boyiw7/sort_seperate_bucket/solution1/.autopilot/db/radix_sort_separate_bucket_parallel.pp.0.c:882:2: note: FIX-IT applied suggested code changes
/home/boyiw7/sort_seperate_bucket/solution1/.autopilot/db/radix_sort_separate_bucket_parallel.pp.0.c:915:4: warning: Added loop label VITIS_LOOP_43_1:   [xilinx-label-all-loops]
   for(int m1=0; m1<bucket_pointer[0][l]; m1++){
   ^~~
   VITIS_LOOP_43_1: 
/home/boyiw7/sort_seperate_bucket/solution1/.autopilot/db/radix_sort_separate_bucket_parallel.pp.0.c:915:4: note: FIX-IT applied suggested code changes
/home/boyiw7/sort_seperate_bucket/solution1/.autopilot/db/radix_sort_separate_bucket_parallel.pp.0.c:920:4: warning: Added loop label VITIS_LOOP_48_2:   [xilinx-label-all-loops]
   for(int m2=0; m2<bucket_pointer[1][l]; m2++){
   ^~~
   VITIS_LOOP_48_2: 
/home/boyiw7/sort_seperate_bucket/solution1/.autopilot/db/radix_sort_separate_bucket_parallel.pp.0.c:920:4: note: FIX-IT applied suggested code changes
/home/boyiw7/sort_seperate_bucket/solution1/.autopilot/db/radix_sort_separate_bucket_parallel.pp.0.c:941:2: warning: Added loop label VITIS_LOOP_69_1:   [xilinx-label-all-loops]
 for (int j = start; j < 15625/2; j++) {
 ^~~
 VITIS_LOOP_69_1: 
/home/boyiw7/sort_seperate_bucket/solution1/.autopilot/db/radix_sort_separate_bucket_parallel.pp.0.c:941:2: note: FIX-IT applied suggested code changes
/home/boyiw7/sort_seperate_bucket/solution1/.autopilot/db/radix_sort_separate_bucket_parallel.pp.0.c:1014:4: warning: Added loop label VITIS_LOOP_142_1:   [xilinx-label-all-loops]
   for(int m0=0; m0<bucket_pointer0[l]; m0++){
   ^~~
   VITIS_LOOP_142_1: 
/home/boyiw7/sort_seperate_bucket/solution1/.autopilot/db/radix_sort_separate_bucket_parallel.pp.0.c:1014:4: note: FIX-IT applied suggested code changes
/home/boyiw7/sort_seperate_bucket/solution1/.autopilot/db/radix_sort_separate_bucket_parallel.pp.0.c:1019:4: warning: Added loop label VITIS_LOOP_147_2:   [xilinx-label-all-loops]
   for(int m1=0; m1<bucket_pointer1[l]; m1++){
   ^~~
   VITIS_LOOP_147_2: 
/home/boyiw7/sort_seperate_bucket/solution1/.autopilot/db/radix_sort_separate_bucket_parallel.pp.0.c:1019:4: note: FIX-IT applied suggested code changes
/home/boyiw7/sort_seperate_bucket/solution1/.autopilot/db/radix_sort_separate_bucket_parallel.pp.0.c:1024:4: warning: Added loop label VITIS_LOOP_152_3:   [xilinx-label-all-loops]
   for(int m2=0; m2<bucket_pointer2[l]; m2++){
   ^~~
   VITIS_LOOP_152_3: 
/home/boyiw7/sort_seperate_bucket/solution1/.autopilot/db/radix_sort_separate_bucket_parallel.pp.0.c:1024:4: note: FIX-IT applied suggested code changes
/home/boyiw7/sort_seperate_bucket/solution1/.autopilot/db/radix_sort_separate_bucket_parallel.pp.0.c:1029:4: warning: Added loop label VITIS_LOOP_157_4:   [xilinx-label-all-loops]
   for(int m3=0; m3<bucket_pointer3[l]; m3++){
   ^~~
   VITIS_LOOP_157_4: 
/home/boyiw7/sort_seperate_bucket/solution1/.autopilot/db/radix_sort_separate_bucket_parallel.pp.0.c:1029:4: note: FIX-IT applied suggested code changes
/home/boyiw7/sort_seperate_bucket/solution1/.autopilot/db/radix_sort_separate_bucket_parallel.pp.0.c:1034:4: warning: Added loop label VITIS_LOOP_162_5:   [xilinx-label-all-loops]
   for(int m4=0; m4<bucket_pointer2[l]; m4++){
   ^~~
   VITIS_LOOP_162_5: 
/home/boyiw7/sort_seperate_bucket/solution1/.autopilot/db/radix_sort_separate_bucket_parallel.pp.0.c:1034:4: note: FIX-IT applied suggested code changes
