

================================================================
== Vitis HLS Report for 'radix_sort_unified_bucket_pingpong_15_1_Pipeline_1'
================================================================
* Date:           Sat Apr 22 15:33:24 2023

* Version:        2022.2 (Build 3670227 on Oct 13 2022)
* Project:        sort_seperate_bucket
* Solution:       solution1 (Vivado IP Flow Target)
* Product family: virtexuplus
* Target device:  xcu280-fsvh2892-2L-e


================================================================
== Performance Estimates
================================================================
+ Timing: 
    * Summary: 
    +--------+----------+----------+------------+
    |  Clock |  Target  | Estimated| Uncertainty|
    +--------+----------+----------+------------+
    |ap_clk  |  10.00 ns|  1.094 ns|     2.70 ns|
    +--------+----------+----------+------------+

+ Latency: 
    * Summary: 
    +---------+---------+----------+----------+-----+-----+---------+
    |  Latency (cycles) |  Latency (absolute) |  Interval | Pipeline|
    |   min   |   max   |    min   |    max   | min | max |   Type  |
    +---------+---------+----------+----------+-----+-----+---------+
    |       18|       18|  0.180 us|  0.180 us|   18|   18|       no|
    +---------+---------+----------+----------+-----+-----+---------+

    + Detail: 
        * Instance: 
        N/A

        * Loop: 
        +----------+---------+---------+----------+-----------+-----------+------+----------+
        |          |  Latency (cycles) | Iteration|  Initiation Interval  | Trip |          |
        | Loop Name|   min   |   max   |  Latency |  achieved |   target  | Count| Pipelined|
        +----------+---------+---------+----------+-----------+-----------+------+----------+
        |- Loop 1  |       16|       16|         1|          1|          1|    16|       yes|
        +----------+---------+---------+----------+-----------+-----------+------+----------+

============================================================
+ Verbose Summary: Synthesis Manager
============================================================
InlineROM: 1
ExposeGlobal: 0
============================================================
+ Verbose Summary: CDFG Model
============================================================
IsTopModel: 0
ResetActiveHigh: 1
IsCombinational: 0
IsDatapathOnly: 0
HasWiredReturn: 1
HasMFsm: 2
HasVarLatency: 1
IsPipeline: 0
IsRtlPipelined: 0
IsInstanceOverlapped: 0
IsDontTouch: 0
HasImplIP: 0
IsGatedGlobalClock: 0

+ Individual pipeline summary: 
  * Pipeline-0: initiation interval (II) = 1, depth = 1


============================================================
+ Verbose Summary: Schedule
============================================================
* Number of FSM states : 1
* Pipeline : 1
  Pipeline-0 : II = 1, D = 1, States = { 1 }
* Dataflow Pipeline: 0

* FSM state transitions: 
1 --> 

* FSM state operations: 

State 1 <SV = 0> <Delay = 1.09>
ST_1 : Operation 4 [1/1] (0.00ns)   --->   "%empty = alloca i32 1"   --->   Operation 4 'alloca' 'empty' <Predicate = true> <Delay = 0.00>
ST_1 : Operation 5 [1/1] (0.00ns)   --->   "%bucket_sizes = alloca i32 1"   --->   Operation 5 'alloca' 'bucket_sizes' <Predicate = true> <Delay = 0.00>
ST_1 : Operation 6 [1/1] (0.00ns)   --->   "%bucket_sizes_2521 = alloca i32 1"   --->   Operation 6 'alloca' 'bucket_sizes_2521' <Predicate = true> <Delay = 0.00>
ST_1 : Operation 7 [1/1] (0.00ns)   --->   "%bucket_sizes_2522 = alloca i32 1"   --->   Operation 7 'alloca' 'bucket_sizes_2522' <Predicate = true> <Delay = 0.00>
ST_1 : Operation 8 [1/1] (0.00ns)   --->   "%bucket_sizes_2523 = alloca i32 1"   --->   Operation 8 'alloca' 'bucket_sizes_2523' <Predicate = true> <Delay = 0.00>
ST_1 : Operation 9 [1/1] (0.00ns)   --->   "%bucket_sizes_2524 = alloca i32 1"   --->   Operation 9 'alloca' 'bucket_sizes_2524' <Predicate = true> <Delay = 0.00>
ST_1 : Operation 10 [1/1] (0.00ns)   --->   "%bucket_sizes_2525 = alloca i32 1"   --->   Operation 10 'alloca' 'bucket_sizes_2525' <Predicate = true> <Delay = 0.00>
ST_1 : Operation 11 [1/1] (0.00ns)   --->   "%bucket_sizes_2526 = alloca i32 1"   --->   Operation 11 'alloca' 'bucket_sizes_2526' <Predicate = true> <Delay = 0.00>
ST_1 : Operation 12 [1/1] (0.00ns)   --->   "%bucket_sizes_2527 = alloca i32 1"   --->   Operation 12 'alloca' 'bucket_sizes_2527' <Predicate = true> <Delay = 0.00>
ST_1 : Operation 13 [1/1] (0.00ns)   --->   "%bucket_sizes_2528 = alloca i32 1"   --->   Operation 13 'alloca' 'bucket_sizes_2528' <Predicate = true> <Delay = 0.00>
ST_1 : Operation 14 [1/1] (0.00ns)   --->   "%bucket_sizes_2529 = alloca i32 1"   --->   Operation 14 'alloca' 'bucket_sizes_2529' <Predicate = true> <Delay = 0.00>
ST_1 : Operation 15 [1/1] (0.00ns)   --->   "%bucket_sizes_2530 = alloca i32 1"   --->   Operation 15 'alloca' 'bucket_sizes_2530' <Predicate = true> <Delay = 0.00>
ST_1 : Operation 16 [1/1] (0.00ns)   --->   "%bucket_sizes_2531 = alloca i32 1"   --->   Operation 16 'alloca' 'bucket_sizes_2531' <Predicate = true> <Delay = 0.00>
ST_1 : Operation 17 [1/1] (0.00ns)   --->   "%bucket_sizes_2532 = alloca i32 1"   --->   Operation 17 'alloca' 'bucket_sizes_2532' <Predicate = true> <Delay = 0.00>
ST_1 : Operation 18 [1/1] (0.00ns)   --->   "%bucket_sizes_2533 = alloca i32 1"   --->   Operation 18 'alloca' 'bucket_sizes_2533' <Predicate = true> <Delay = 0.00>
ST_1 : Operation 19 [1/1] (0.00ns)   --->   "%bucket_sizes_2534 = alloca i32 1"   --->   Operation 19 'alloca' 'bucket_sizes_2534' <Predicate = true> <Delay = 0.00>
ST_1 : Operation 20 [1/1] (0.00ns)   --->   "%bucket_sizes_2535 = alloca i32 1"   --->   Operation 20 'alloca' 'bucket_sizes_2535' <Predicate = true> <Delay = 0.00>
ST_1 : Operation 21 [1/1] (0.38ns)   --->   "%store_ln0 = store i5 0, i5 %empty"   --->   Operation 21 'store' 'store_ln0' <Predicate = true> <Delay = 0.38>
ST_1 : Operation 22 [1/1] (0.00ns)   --->   "%br_ln0 = br void %memset.loop"   --->   Operation 22 'br' 'br_ln0' <Predicate = true> <Delay = 0.00>
ST_1 : Operation 23 [1/1] (0.00ns)   --->   "%p_load = load i5 %empty"   --->   Operation 23 'load' 'p_load' <Predicate = true> <Delay = 0.00>
ST_1 : Operation 24 [1/1] (0.00ns)   --->   "%specpipeline_ln0 = specpipeline void @_ssdm_op_SpecPipeline, i32 4294967295, i32 0, i32 1, i32 0, void @p_str"   --->   Operation 24 'specpipeline' 'specpipeline_ln0' <Predicate = true> <Delay = 0.00>
ST_1 : Operation 25 [1/1] (0.63ns)   --->   "%exitcond116 = icmp_eq  i5 %p_load, i5 16"   --->   Operation 25 'icmp' 'exitcond116' <Predicate = true> <Delay = 0.63> <CoreInst = "Cmp">   --->   Core 9 'Cmp' <Latency = 0> <II = 1> <Delay = 0.63> <FuncUnit> <Opcode : 'icmp'> <InPorts = 2> <OutPorts = 1>
ST_1 : Operation 26 [1/1] (0.00ns)   --->   "%empty_301 = speclooptripcount i32 @_ssdm_op_SpecLoopTripCount, i64 16, i64 16, i64 16"   --->   Operation 26 'speclooptripcount' 'empty_301' <Predicate = true> <Delay = 0.00>
ST_1 : Operation 27 [1/1] (0.70ns)   --->   "%empty_302 = add i5 %p_load, i5 1"   --->   Operation 27 'add' 'empty_302' <Predicate = true> <Delay = 0.70> <CoreInst = "Adder">   --->   Core 1 'Adder' <Latency = 0> <II = 1> <Delay = 0.70> <FuncUnit> <Opcode : 'add' 'sub'> <InPorts = 2> <OutPorts = 1>
ST_1 : Operation 28 [1/1] (0.00ns)   --->   "%br_ln0 = br i1 %exitcond116, void %memset.loop.split, void %for.inc.preheader.exitStub"   --->   Operation 28 'br' 'br_ln0' <Predicate = true> <Delay = 0.00>
ST_1 : Operation 29 [1/1] (0.00ns)   --->   "%empty_303 = trunc i5 %p_load"   --->   Operation 29 'trunc' 'empty_303' <Predicate = (!exitcond116)> <Delay = 0.00>
ST_1 : Operation 30 [1/1] (0.34ns)   --->   "%switch_ln0 = switch i4 %empty_303, void %.case.15, i4 0, void %memset.loop.split..exit_crit_edge1, i4 1, void %.case.1, i4 2, void %.case.2, i4 3, void %.case.3, i4 4, void %.case.4, i4 5, void %.case.5, i4 6, void %.case.6, i4 7, void %.case.7, i4 8, void %.case.8, i4 9, void %.case.9, i4 10, void %.case.10, i4 11, void %.case.11, i4 12, void %.case.12, i4 13, void %.case.13, i4 14, void %memset.loop.split..exit_crit_edge"   --->   Operation 30 'switch' 'switch_ln0' <Predicate = (!exitcond116)> <Delay = 0.34>
ST_1 : Operation 31 [1/1] (0.00ns)   --->   "%store_ln0 = store i32 0, i32 %bucket_sizes_2534"   --->   Operation 31 'store' 'store_ln0' <Predicate = (!exitcond116 & empty_303 == 14)> <Delay = 0.00>
ST_1 : Operation 32 [1/1] (0.00ns)   --->   "%br_ln0 = br void %.exit"   --->   Operation 32 'br' 'br_ln0' <Predicate = (!exitcond116 & empty_303 == 14)> <Delay = 0.00>
ST_1 : Operation 33 [1/1] (0.00ns)   --->   "%store_ln0 = store i32 0, i32 %bucket_sizes_2533"   --->   Operation 33 'store' 'store_ln0' <Predicate = (!exitcond116 & empty_303 == 13)> <Delay = 0.00>
ST_1 : Operation 34 [1/1] (0.00ns)   --->   "%br_ln0 = br void %.exit"   --->   Operation 34 'br' 'br_ln0' <Predicate = (!exitcond116 & empty_303 == 13)> <Delay = 0.00>
ST_1 : Operation 35 [1/1] (0.00ns)   --->   "%store_ln0 = store i32 0, i32 %bucket_sizes_2532"   --->   Operation 35 'store' 'store_ln0' <Predicate = (!exitcond116 & empty_303 == 12)> <Delay = 0.00>
ST_1 : Operation 36 [1/1] (0.00ns)   --->   "%br_ln0 = br void %.exit"   --->   Operation 36 'br' 'br_ln0' <Predicate = (!exitcond116 & empty_303 == 12)> <Delay = 0.00>
ST_1 : Operation 37 [1/1] (0.00ns)   --->   "%store_ln0 = store i32 0, i32 %bucket_sizes_2531"   --->   Operation 37 'store' 'store_ln0' <Predicate = (!exitcond116 & empty_303 == 11)> <Delay = 0.00>
ST_1 : Operation 38 [1/1] (0.00ns)   --->   "%br_ln0 = br void %.exit"   --->   Operation 38 'br' 'br_ln0' <Predicate = (!exitcond116 & empty_303 == 11)> <Delay = 0.00>
ST_1 : Operation 39 [1/1] (0.00ns)   --->   "%store_ln0 = store i32 0, i32 %bucket_sizes_2530"   --->   Operation 39 'store' 'store_ln0' <Predicate = (!exitcond116 & empty_303 == 10)> <Delay = 0.00>
ST_1 : Operation 40 [1/1] (0.00ns)   --->   "%br_ln0 = br void %.exit"   --->   Operation 40 'br' 'br_ln0' <Predicate = (!exitcond116 & empty_303 == 10)> <Delay = 0.00>
ST_1 : Operation 41 [1/1] (0.00ns)   --->   "%store_ln0 = store i32 0, i32 %bucket_sizes_2529"   --->   Operation 41 'store' 'store_ln0' <Predicate = (!exitcond116 & empty_303 == 9)> <Delay = 0.00>
ST_1 : Operation 42 [1/1] (0.00ns)   --->   "%br_ln0 = br void %.exit"   --->   Operation 42 'br' 'br_ln0' <Predicate = (!exitcond116 & empty_303 == 9)> <Delay = 0.00>
ST_1 : Operation 43 [1/1] (0.00ns)   --->   "%store_ln0 = store i32 0, i32 %bucket_sizes_2528"   --->   Operation 43 'store' 'store_ln0' <Predicate = (!exitcond116 & empty_303 == 8)> <Delay = 0.00>
ST_1 : Operation 44 [1/1] (0.00ns)   --->   "%br_ln0 = br void %.exit"   --->   Operation 44 'br' 'br_ln0' <Predicate = (!exitcond116 & empty_303 == 8)> <Delay = 0.00>
ST_1 : Operation 45 [1/1] (0.00ns)   --->   "%store_ln0 = store i32 0, i32 %bucket_sizes_2527"   --->   Operation 45 'store' 'store_ln0' <Predicate = (!exitcond116 & empty_303 == 7)> <Delay = 0.00>
ST_1 : Operation 46 [1/1] (0.00ns)   --->   "%br_ln0 = br void %.exit"   --->   Operation 46 'br' 'br_ln0' <Predicate = (!exitcond116 & empty_303 == 7)> <Delay = 0.00>
ST_1 : Operation 47 [1/1] (0.00ns)   --->   "%store_ln0 = store i32 0, i32 %bucket_sizes_2526"   --->   Operation 47 'store' 'store_ln0' <Predicate = (!exitcond116 & empty_303 == 6)> <Delay = 0.00>
ST_1 : Operation 48 [1/1] (0.00ns)   --->   "%br_ln0 = br void %.exit"   --->   Operation 48 'br' 'br_ln0' <Predicate = (!exitcond116 & empty_303 == 6)> <Delay = 0.00>
ST_1 : Operation 49 [1/1] (0.00ns)   --->   "%store_ln0 = store i32 0, i32 %bucket_sizes_2525"   --->   Operation 49 'store' 'store_ln0' <Predicate = (!exitcond116 & empty_303 == 5)> <Delay = 0.00>
ST_1 : Operation 50 [1/1] (0.00ns)   --->   "%br_ln0 = br void %.exit"   --->   Operation 50 'br' 'br_ln0' <Predicate = (!exitcond116 & empty_303 == 5)> <Delay = 0.00>
ST_1 : Operation 51 [1/1] (0.00ns)   --->   "%store_ln0 = store i32 0, i32 %bucket_sizes_2524"   --->   Operation 51 'store' 'store_ln0' <Predicate = (!exitcond116 & empty_303 == 4)> <Delay = 0.00>
ST_1 : Operation 52 [1/1] (0.00ns)   --->   "%br_ln0 = br void %.exit"   --->   Operation 52 'br' 'br_ln0' <Predicate = (!exitcond116 & empty_303 == 4)> <Delay = 0.00>
ST_1 : Operation 53 [1/1] (0.00ns)   --->   "%store_ln0 = store i32 0, i32 %bucket_sizes_2523"   --->   Operation 53 'store' 'store_ln0' <Predicate = (!exitcond116 & empty_303 == 3)> <Delay = 0.00>
ST_1 : Operation 54 [1/1] (0.00ns)   --->   "%br_ln0 = br void %.exit"   --->   Operation 54 'br' 'br_ln0' <Predicate = (!exitcond116 & empty_303 == 3)> <Delay = 0.00>
ST_1 : Operation 55 [1/1] (0.00ns)   --->   "%store_ln0 = store i32 0, i32 %bucket_sizes_2522"   --->   Operation 55 'store' 'store_ln0' <Predicate = (!exitcond116 & empty_303 == 2)> <Delay = 0.00>
ST_1 : Operation 56 [1/1] (0.00ns)   --->   "%br_ln0 = br void %.exit"   --->   Operation 56 'br' 'br_ln0' <Predicate = (!exitcond116 & empty_303 == 2)> <Delay = 0.00>
ST_1 : Operation 57 [1/1] (0.00ns)   --->   "%store_ln0 = store i32 0, i32 %bucket_sizes_2521"   --->   Operation 57 'store' 'store_ln0' <Predicate = (!exitcond116 & empty_303 == 1)> <Delay = 0.00>
ST_1 : Operation 58 [1/1] (0.00ns)   --->   "%br_ln0 = br void %.exit"   --->   Operation 58 'br' 'br_ln0' <Predicate = (!exitcond116 & empty_303 == 1)> <Delay = 0.00>
ST_1 : Operation 59 [1/1] (0.00ns)   --->   "%store_ln0 = store i32 0, i32 %bucket_sizes"   --->   Operation 59 'store' 'store_ln0' <Predicate = (!exitcond116 & empty_303 == 0)> <Delay = 0.00>
ST_1 : Operation 60 [1/1] (0.00ns)   --->   "%br_ln0 = br void %.exit"   --->   Operation 60 'br' 'br_ln0' <Predicate = (!exitcond116 & empty_303 == 0)> <Delay = 0.00>
ST_1 : Operation 61 [1/1] (0.00ns)   --->   "%store_ln0 = store i32 0, i32 %bucket_sizes_2535"   --->   Operation 61 'store' 'store_ln0' <Predicate = (!exitcond116 & empty_303 == 15)> <Delay = 0.00>
ST_1 : Operation 62 [1/1] (0.00ns)   --->   "%br_ln0 = br void %.exit"   --->   Operation 62 'br' 'br_ln0' <Predicate = (!exitcond116 & empty_303 == 15)> <Delay = 0.00>
ST_1 : Operation 63 [1/1] (0.38ns)   --->   "%store_ln0 = store i5 %empty_302, i5 %empty"   --->   Operation 63 'store' 'store_ln0' <Predicate = (!exitcond116)> <Delay = 0.38>
ST_1 : Operation 64 [1/1] (0.00ns)   --->   "%br_ln0 = br void %memset.loop"   --->   Operation 64 'br' 'br_ln0' <Predicate = (!exitcond116)> <Delay = 0.00>
ST_1 : Operation 65 [1/1] (0.00ns)   --->   "%bucket_sizes_load = load i32 %bucket_sizes"   --->   Operation 65 'load' 'bucket_sizes_load' <Predicate = (exitcond116)> <Delay = 0.00>
ST_1 : Operation 66 [1/1] (0.00ns)   --->   "%bucket_sizes_2521_load = load i32 %bucket_sizes_2521"   --->   Operation 66 'load' 'bucket_sizes_2521_load' <Predicate = (exitcond116)> <Delay = 0.00>
ST_1 : Operation 67 [1/1] (0.00ns)   --->   "%bucket_sizes_2522_load = load i32 %bucket_sizes_2522"   --->   Operation 67 'load' 'bucket_sizes_2522_load' <Predicate = (exitcond116)> <Delay = 0.00>
ST_1 : Operation 68 [1/1] (0.00ns)   --->   "%bucket_sizes_2523_load = load i32 %bucket_sizes_2523"   --->   Operation 68 'load' 'bucket_sizes_2523_load' <Predicate = (exitcond116)> <Delay = 0.00>
ST_1 : Operation 69 [1/1] (0.00ns)   --->   "%bucket_sizes_2524_load = load i32 %bucket_sizes_2524"   --->   Operation 69 'load' 'bucket_sizes_2524_load' <Predicate = (exitcond116)> <Delay = 0.00>
ST_1 : Operation 70 [1/1] (0.00ns)   --->   "%bucket_sizes_2525_load = load i32 %bucket_sizes_2525"   --->   Operation 70 'load' 'bucket_sizes_2525_load' <Predicate = (exitcond116)> <Delay = 0.00>
ST_1 : Operation 71 [1/1] (0.00ns)   --->   "%bucket_sizes_2526_load = load i32 %bucket_sizes_2526"   --->   Operation 71 'load' 'bucket_sizes_2526_load' <Predicate = (exitcond116)> <Delay = 0.00>
ST_1 : Operation 72 [1/1] (0.00ns)   --->   "%bucket_sizes_2527_load = load i32 %bucket_sizes_2527"   --->   Operation 72 'load' 'bucket_sizes_2527_load' <Predicate = (exitcond116)> <Delay = 0.00>
ST_1 : Operation 73 [1/1] (0.00ns)   --->   "%bucket_sizes_2528_load = load i32 %bucket_sizes_2528"   --->   Operation 73 'load' 'bucket_sizes_2528_load' <Predicate = (exitcond116)> <Delay = 0.00>
ST_1 : Operation 74 [1/1] (0.00ns)   --->   "%bucket_sizes_2529_load = load i32 %bucket_sizes_2529"   --->   Operation 74 'load' 'bucket_sizes_2529_load' <Predicate = (exitcond116)> <Delay = 0.00>
ST_1 : Operation 75 [1/1] (0.00ns)   --->   "%bucket_sizes_2530_load = load i32 %bucket_sizes_2530"   --->   Operation 75 'load' 'bucket_sizes_2530_load' <Predicate = (exitcond116)> <Delay = 0.00>
ST_1 : Operation 76 [1/1] (0.00ns)   --->   "%bucket_sizes_2531_load = load i32 %bucket_sizes_2531"   --->   Operation 76 'load' 'bucket_sizes_2531_load' <Predicate = (exitcond116)> <Delay = 0.00>
ST_1 : Operation 77 [1/1] (0.00ns)   --->   "%bucket_sizes_2532_load = load i32 %bucket_sizes_2532"   --->   Operation 77 'load' 'bucket_sizes_2532_load' <Predicate = (exitcond116)> <Delay = 0.00>
ST_1 : Operation 78 [1/1] (0.00ns)   --->   "%bucket_sizes_2533_load = load i32 %bucket_sizes_2533"   --->   Operation 78 'load' 'bucket_sizes_2533_load' <Predicate = (exitcond116)> <Delay = 0.00>
ST_1 : Operation 79 [1/1] (0.00ns)   --->   "%bucket_sizes_2534_load = load i32 %bucket_sizes_2534"   --->   Operation 79 'load' 'bucket_sizes_2534_load' <Predicate = (exitcond116)> <Delay = 0.00>
ST_1 : Operation 80 [1/1] (0.00ns)   --->   "%bucket_sizes_2535_load = load i32 %bucket_sizes_2535"   --->   Operation 80 'load' 'bucket_sizes_2535_load' <Predicate = (exitcond116)> <Delay = 0.00>
ST_1 : Operation 81 [1/1] (0.00ns)   --->   "%write_ln0 = write void @_ssdm_op_Write.ap_auto.i32P0A, i32 %bucket_sizes_8135_out, i32 %bucket_sizes_2535_load"   --->   Operation 81 'write' 'write_ln0' <Predicate = (exitcond116)> <Delay = 0.00>
ST_1 : Operation 82 [1/1] (0.00ns)   --->   "%write_ln0 = write void @_ssdm_op_Write.ap_auto.i32P0A, i32 %bucket_sizes_8134_out, i32 %bucket_sizes_2534_load"   --->   Operation 82 'write' 'write_ln0' <Predicate = (exitcond116)> <Delay = 0.00>
ST_1 : Operation 83 [1/1] (0.00ns)   --->   "%write_ln0 = write void @_ssdm_op_Write.ap_auto.i32P0A, i32 %bucket_sizes_8133_out, i32 %bucket_sizes_2533_load"   --->   Operation 83 'write' 'write_ln0' <Predicate = (exitcond116)> <Delay = 0.00>
ST_1 : Operation 84 [1/1] (0.00ns)   --->   "%write_ln0 = write void @_ssdm_op_Write.ap_auto.i32P0A, i32 %bucket_sizes_8132_out, i32 %bucket_sizes_2532_load"   --->   Operation 84 'write' 'write_ln0' <Predicate = (exitcond116)> <Delay = 0.00>
ST_1 : Operation 85 [1/1] (0.00ns)   --->   "%write_ln0 = write void @_ssdm_op_Write.ap_auto.i32P0A, i32 %bucket_sizes_8131_out, i32 %bucket_sizes_2531_load"   --->   Operation 85 'write' 'write_ln0' <Predicate = (exitcond116)> <Delay = 0.00>
ST_1 : Operation 86 [1/1] (0.00ns)   --->   "%write_ln0 = write void @_ssdm_op_Write.ap_auto.i32P0A, i32 %bucket_sizes_8130_out, i32 %bucket_sizes_2530_load"   --->   Operation 86 'write' 'write_ln0' <Predicate = (exitcond116)> <Delay = 0.00>
ST_1 : Operation 87 [1/1] (0.00ns)   --->   "%write_ln0 = write void @_ssdm_op_Write.ap_auto.i32P0A, i32 %bucket_sizes_8129_out, i32 %bucket_sizes_2529_load"   --->   Operation 87 'write' 'write_ln0' <Predicate = (exitcond116)> <Delay = 0.00>
ST_1 : Operation 88 [1/1] (0.00ns)   --->   "%write_ln0 = write void @_ssdm_op_Write.ap_auto.i32P0A, i32 %bucket_sizes_8128_out, i32 %bucket_sizes_2528_load"   --->   Operation 88 'write' 'write_ln0' <Predicate = (exitcond116)> <Delay = 0.00>
ST_1 : Operation 89 [1/1] (0.00ns)   --->   "%write_ln0 = write void @_ssdm_op_Write.ap_auto.i32P0A, i32 %bucket_sizes_8127_out, i32 %bucket_sizes_2527_load"   --->   Operation 89 'write' 'write_ln0' <Predicate = (exitcond116)> <Delay = 0.00>
ST_1 : Operation 90 [1/1] (0.00ns)   --->   "%write_ln0 = write void @_ssdm_op_Write.ap_auto.i32P0A, i32 %bucket_sizes_8126_out, i32 %bucket_sizes_2526_load"   --->   Operation 90 'write' 'write_ln0' <Predicate = (exitcond116)> <Delay = 0.00>
ST_1 : Operation 91 [1/1] (0.00ns)   --->   "%write_ln0 = write void @_ssdm_op_Write.ap_auto.i32P0A, i32 %bucket_sizes_8125_out, i32 %bucket_sizes_2525_load"   --->   Operation 91 'write' 'write_ln0' <Predicate = (exitcond116)> <Delay = 0.00>
ST_1 : Operation 92 [1/1] (0.00ns)   --->   "%write_ln0 = write void @_ssdm_op_Write.ap_auto.i32P0A, i32 %bucket_sizes_8124_out, i32 %bucket_sizes_2524_load"   --->   Operation 92 'write' 'write_ln0' <Predicate = (exitcond116)> <Delay = 0.00>
ST_1 : Operation 93 [1/1] (0.00ns)   --->   "%write_ln0 = write void @_ssdm_op_Write.ap_auto.i32P0A, i32 %bucket_sizes_8123_out, i32 %bucket_sizes_2523_load"   --->   Operation 93 'write' 'write_ln0' <Predicate = (exitcond116)> <Delay = 0.00>
ST_1 : Operation 94 [1/1] (0.00ns)   --->   "%write_ln0 = write void @_ssdm_op_Write.ap_auto.i32P0A, i32 %bucket_sizes_8122_out, i32 %bucket_sizes_2522_load"   --->   Operation 94 'write' 'write_ln0' <Predicate = (exitcond116)> <Delay = 0.00>
ST_1 : Operation 95 [1/1] (0.00ns)   --->   "%write_ln0 = write void @_ssdm_op_Write.ap_auto.i32P0A, i32 %bucket_sizes_8121_out, i32 %bucket_sizes_2521_load"   --->   Operation 95 'write' 'write_ln0' <Predicate = (exitcond116)> <Delay = 0.00>
ST_1 : Operation 96 [1/1] (0.00ns)   --->   "%write_ln0 = write void @_ssdm_op_Write.ap_auto.i32P0A, i32 %bucket_sizes_out, i32 %bucket_sizes_load"   --->   Operation 96 'write' 'write_ln0' <Predicate = (exitcond116)> <Delay = 0.00>
ST_1 : Operation 97 [1/1] (0.00ns)   --->   "%ret_ln0 = ret"   --->   Operation 97 'ret' 'ret_ln0' <Predicate = (exitcond116)> <Delay = 0.00>


============================================================
+ Verbose Summary: Timing violations
============================================================
Target clock period: 10ns, clock uncertainty: 2.7ns.

 <State 1>: 1.09ns
The critical path consists of the following:
	'alloca' operation ('empty') [17]  (0 ns)
	'load' operation ('p_load') on local variable 'empty' [37]  (0 ns)
	'add' operation ('empty_302') [41]  (0.707 ns)
	'store' operation ('store_ln0') of variable 'empty_302' on local variable 'empty' [95]  (0.387 ns)


============================================================
+ Verbose Summary: Binding
============================================================
N/A
* FSMD analyzer results:
  - Output states:
 - Input state : 
  - Chain level:
	State 1


============================================================
+ Verbose Summary: Datapath Resource usage 
============================================================
N/A
