

================================================================
== Vitis HLS Report for 'radix_sort_batch_9_1_Pipeline_bucket_pointer_initialization'
================================================================
* Date:           Sun Apr 23 22:10:20 2023

* Version:        2022.2 (Build 3670227 on Oct 13 2022)
* Project:        sort_seperate_bucket
* Solution:       solution1 (Vivado IP Flow Target)
* Product family: virtexuplus
* Target device:  xcu280-fsvh2892-2L-e


================================================================
== Performance Estimates
================================================================
+ Timing: 
    * Summary: 
    +--------+----------+----------+------------+
    |  Clock |  Target  | Estimated| Uncertainty|
    +--------+----------+----------+------------+
    |ap_clk  |  10.00 ns|  1.760 ns|     2.70 ns|
    +--------+----------+----------+------------+

+ Latency: 
    * Summary: 
    +---------+---------+----------+----------+-----+-----+---------+
    |  Latency (cycles) |  Latency (absolute) |  Interval | Pipeline|
    |   min   |   max   |    min   |    max   | min | max |   Type  |
    +---------+---------+----------+----------+-----+-----+---------+
    |       18|       18|  0.180 us|  0.180 us|   18|   18|       no|
    +---------+---------+----------+----------+-----+-----+---------+

    + Detail: 
        * Instance: 
        N/A

        * Loop: 
        +---------------------------------+---------+---------+----------+-----------+-----------+------+----------+
        |                                 |  Latency (cycles) | Iteration|  Initiation Interval  | Trip |          |
        |            Loop Name            |   min   |   max   |  Latency |  achieved |   target  | Count| Pipelined|
        +---------------------------------+---------+---------+----------+-----------+-----------+------+----------+
        |- bucket_pointer_initialization  |       16|       16|         1|          1|          1|    16|       yes|
        +---------------------------------+---------+---------+----------+-----------+-----------+------+----------+

============================================================
+ Verbose Summary: Synthesis Manager
============================================================
InlineROM: 1
ExposeGlobal: 0
============================================================
+ Verbose Summary: CDFG Model
============================================================
IsTopModel: 0
ResetActiveHigh: 1
IsCombinational: 0
IsDatapathOnly: 0
HasWiredReturn: 1
HasMFsm: 2
HasVarLatency: 1
IsPipeline: 0
IsRtlPipelined: 0
IsInstanceOverlapped: 0
IsDontTouch: 0
HasImplIP: 0
IsGatedGlobalClock: 0

+ Individual pipeline summary: 
  * Pipeline-0: initiation interval (II) = 1, depth = 2


============================================================
+ Verbose Summary: Schedule
============================================================
* Number of FSM states : 2
* Pipeline : 1
  Pipeline-0 : II = 1, D = 2, States = { 1 2 }
* Dataflow Pipeline: 0

* FSM state transitions: 
1 --> 2 
2 --> 

* FSM state operations: 

State 1 <SV = 0> <Delay = 0.38>
ST_1 : Operation 4 [1/1] (0.00ns)   --->   "%m = alloca i32 1"   --->   Operation 4 'alloca' 'm' <Predicate = true> <Delay = 0.00>
ST_1 : Operation 5 [1/1] (0.00ns)   --->   "%bucket_pointer_16 = alloca i32 1"   --->   Operation 5 'alloca' 'bucket_pointer_16' <Predicate = true> <Delay = 0.00>
ST_1 : Operation 6 [1/1] (0.00ns)   --->   "%bucket_pointer_17 = alloca i32 1"   --->   Operation 6 'alloca' 'bucket_pointer_17' <Predicate = true> <Delay = 0.00>
ST_1 : Operation 7 [1/1] (0.00ns)   --->   "%bucket_pointer_18 = alloca i32 1"   --->   Operation 7 'alloca' 'bucket_pointer_18' <Predicate = true> <Delay = 0.00>
ST_1 : Operation 8 [1/1] (0.00ns)   --->   "%bucket_pointer_19 = alloca i32 1"   --->   Operation 8 'alloca' 'bucket_pointer_19' <Predicate = true> <Delay = 0.00>
ST_1 : Operation 9 [1/1] (0.00ns)   --->   "%bucket_pointer_20 = alloca i32 1"   --->   Operation 9 'alloca' 'bucket_pointer_20' <Predicate = true> <Delay = 0.00>
ST_1 : Operation 10 [1/1] (0.00ns)   --->   "%bucket_pointer_21 = alloca i32 1"   --->   Operation 10 'alloca' 'bucket_pointer_21' <Predicate = true> <Delay = 0.00>
ST_1 : Operation 11 [1/1] (0.00ns)   --->   "%bucket_pointer_22 = alloca i32 1"   --->   Operation 11 'alloca' 'bucket_pointer_22' <Predicate = true> <Delay = 0.00>
ST_1 : Operation 12 [1/1] (0.00ns)   --->   "%bucket_pointer_23 = alloca i32 1"   --->   Operation 12 'alloca' 'bucket_pointer_23' <Predicate = true> <Delay = 0.00>
ST_1 : Operation 13 [1/1] (0.00ns)   --->   "%bucket_pointer_24 = alloca i32 1"   --->   Operation 13 'alloca' 'bucket_pointer_24' <Predicate = true> <Delay = 0.00>
ST_1 : Operation 14 [1/1] (0.00ns)   --->   "%bucket_pointer_25 = alloca i32 1"   --->   Operation 14 'alloca' 'bucket_pointer_25' <Predicate = true> <Delay = 0.00>
ST_1 : Operation 15 [1/1] (0.00ns)   --->   "%bucket_pointer_26 = alloca i32 1"   --->   Operation 15 'alloca' 'bucket_pointer_26' <Predicate = true> <Delay = 0.00>
ST_1 : Operation 16 [1/1] (0.00ns)   --->   "%bucket_pointer_27 = alloca i32 1"   --->   Operation 16 'alloca' 'bucket_pointer_27' <Predicate = true> <Delay = 0.00>
ST_1 : Operation 17 [1/1] (0.00ns)   --->   "%bucket_pointer_28 = alloca i32 1"   --->   Operation 17 'alloca' 'bucket_pointer_28' <Predicate = true> <Delay = 0.00>
ST_1 : Operation 18 [1/1] (0.00ns)   --->   "%bucket_pointer_29 = alloca i32 1"   --->   Operation 18 'alloca' 'bucket_pointer_29' <Predicate = true> <Delay = 0.00>
ST_1 : Operation 19 [1/1] (0.00ns)   --->   "%bucket_pointer_32 = alloca i32 1"   --->   Operation 19 'alloca' 'bucket_pointer_32' <Predicate = true> <Delay = 0.00>
ST_1 : Operation 20 [1/1] (0.00ns)   --->   "%bucket_pointer_30 = alloca i32 1"   --->   Operation 20 'alloca' 'bucket_pointer_30' <Predicate = true> <Delay = 0.00>
ST_1 : Operation 21 [1/1] (0.00ns)   --->   "%bucket_pointer_31 = alloca i32 1"   --->   Operation 21 'alloca' 'bucket_pointer_31' <Predicate = true> <Delay = 0.00>
ST_1 : Operation 22 [1/1] (0.00ns)   --->   "%bucket_sizes = alloca i32 1"   --->   Operation 22 'alloca' 'bucket_sizes' <Predicate = true> <Delay = 0.00>
ST_1 : Operation 23 [1/1] (0.00ns)   --->   "%bucket_sizes_1 = alloca i32 1"   --->   Operation 23 'alloca' 'bucket_sizes_1' <Predicate = true> <Delay = 0.00>
ST_1 : Operation 24 [1/1] (0.00ns)   --->   "%bucket_sizes_2 = alloca i32 1"   --->   Operation 24 'alloca' 'bucket_sizes_2' <Predicate = true> <Delay = 0.00>
ST_1 : Operation 25 [1/1] (0.00ns)   --->   "%bucket_sizes_3 = alloca i32 1"   --->   Operation 25 'alloca' 'bucket_sizes_3' <Predicate = true> <Delay = 0.00>
ST_1 : Operation 26 [1/1] (0.00ns)   --->   "%bucket_sizes_4 = alloca i32 1"   --->   Operation 26 'alloca' 'bucket_sizes_4' <Predicate = true> <Delay = 0.00>
ST_1 : Operation 27 [1/1] (0.00ns)   --->   "%bucket_sizes_5 = alloca i32 1"   --->   Operation 27 'alloca' 'bucket_sizes_5' <Predicate = true> <Delay = 0.00>
ST_1 : Operation 28 [1/1] (0.00ns)   --->   "%bucket_sizes_6 = alloca i32 1"   --->   Operation 28 'alloca' 'bucket_sizes_6' <Predicate = true> <Delay = 0.00>
ST_1 : Operation 29 [1/1] (0.00ns)   --->   "%bucket_sizes_7 = alloca i32 1"   --->   Operation 29 'alloca' 'bucket_sizes_7' <Predicate = true> <Delay = 0.00>
ST_1 : Operation 30 [1/1] (0.00ns)   --->   "%bucket_sizes_8 = alloca i32 1"   --->   Operation 30 'alloca' 'bucket_sizes_8' <Predicate = true> <Delay = 0.00>
ST_1 : Operation 31 [1/1] (0.00ns)   --->   "%bucket_sizes_9 = alloca i32 1"   --->   Operation 31 'alloca' 'bucket_sizes_9' <Predicate = true> <Delay = 0.00>
ST_1 : Operation 32 [1/1] (0.00ns)   --->   "%bucket_sizes_10 = alloca i32 1"   --->   Operation 32 'alloca' 'bucket_sizes_10' <Predicate = true> <Delay = 0.00>
ST_1 : Operation 33 [1/1] (0.00ns)   --->   "%bucket_sizes_11 = alloca i32 1"   --->   Operation 33 'alloca' 'bucket_sizes_11' <Predicate = true> <Delay = 0.00>
ST_1 : Operation 34 [1/1] (0.00ns)   --->   "%bucket_sizes_12 = alloca i32 1"   --->   Operation 34 'alloca' 'bucket_sizes_12' <Predicate = true> <Delay = 0.00>
ST_1 : Operation 35 [1/1] (0.00ns)   --->   "%bucket_sizes_13 = alloca i32 1"   --->   Operation 35 'alloca' 'bucket_sizes_13' <Predicate = true> <Delay = 0.00>
ST_1 : Operation 36 [1/1] (0.00ns)   --->   "%bucket_sizes_14 = alloca i32 1"   --->   Operation 36 'alloca' 'bucket_sizes_14' <Predicate = true> <Delay = 0.00>
ST_1 : Operation 37 [1/1] (0.00ns)   --->   "%bucket_sizes_15 = alloca i32 1"   --->   Operation 37 'alloca' 'bucket_sizes_15' <Predicate = true> <Delay = 0.00>
ST_1 : Operation 38 [1/1] (0.00ns)   --->   "%bucket_pointer_read = read i32 @_ssdm_op_Read.ap_auto.i32, i32 %bucket_pointer"   --->   Operation 38 'read' 'bucket_pointer_read' <Predicate = true> <Delay = 0.00>
ST_1 : Operation 39 [1/1] (0.00ns)   --->   "%bucket_pointer_1_read = read i32 @_ssdm_op_Read.ap_auto.i32, i32 %bucket_pointer_1"   --->   Operation 39 'read' 'bucket_pointer_1_read' <Predicate = true> <Delay = 0.00>
ST_1 : Operation 40 [1/1] (0.00ns)   --->   "%bucket_pointer_2_read = read i32 @_ssdm_op_Read.ap_auto.i32, i32 %bucket_pointer_2"   --->   Operation 40 'read' 'bucket_pointer_2_read' <Predicate = true> <Delay = 0.00>
ST_1 : Operation 41 [1/1] (0.00ns)   --->   "%bucket_pointer_3_read = read i32 @_ssdm_op_Read.ap_auto.i32, i32 %bucket_pointer_3"   --->   Operation 41 'read' 'bucket_pointer_3_read' <Predicate = true> <Delay = 0.00>
ST_1 : Operation 42 [1/1] (0.00ns)   --->   "%bucket_pointer_4_read = read i32 @_ssdm_op_Read.ap_auto.i32, i32 %bucket_pointer_4"   --->   Operation 42 'read' 'bucket_pointer_4_read' <Predicate = true> <Delay = 0.00>
ST_1 : Operation 43 [1/1] (0.00ns)   --->   "%bucket_pointer_5_read = read i32 @_ssdm_op_Read.ap_auto.i32, i32 %bucket_pointer_5"   --->   Operation 43 'read' 'bucket_pointer_5_read' <Predicate = true> <Delay = 0.00>
ST_1 : Operation 44 [1/1] (0.00ns)   --->   "%bucket_pointer_6_read = read i32 @_ssdm_op_Read.ap_auto.i32, i32 %bucket_pointer_6"   --->   Operation 44 'read' 'bucket_pointer_6_read' <Predicate = true> <Delay = 0.00>
ST_1 : Operation 45 [1/1] (0.00ns)   --->   "%bucket_pointer_7_read = read i32 @_ssdm_op_Read.ap_auto.i32, i32 %bucket_pointer_7"   --->   Operation 45 'read' 'bucket_pointer_7_read' <Predicate = true> <Delay = 0.00>
ST_1 : Operation 46 [1/1] (0.00ns)   --->   "%bucket_pointer_8_read = read i32 @_ssdm_op_Read.ap_auto.i32, i32 %bucket_pointer_8"   --->   Operation 46 'read' 'bucket_pointer_8_read' <Predicate = true> <Delay = 0.00>
ST_1 : Operation 47 [1/1] (0.00ns)   --->   "%bucket_pointer_9_read = read i32 @_ssdm_op_Read.ap_auto.i32, i32 %bucket_pointer_9"   --->   Operation 47 'read' 'bucket_pointer_9_read' <Predicate = true> <Delay = 0.00>
ST_1 : Operation 48 [1/1] (0.00ns)   --->   "%bucket_pointer_10_read = read i32 @_ssdm_op_Read.ap_auto.i32, i32 %bucket_pointer_10"   --->   Operation 48 'read' 'bucket_pointer_10_read' <Predicate = true> <Delay = 0.00>
ST_1 : Operation 49 [1/1] (0.00ns)   --->   "%bucket_pointer_11_read = read i32 @_ssdm_op_Read.ap_auto.i32, i32 %bucket_pointer_11"   --->   Operation 49 'read' 'bucket_pointer_11_read' <Predicate = true> <Delay = 0.00>
ST_1 : Operation 50 [1/1] (0.00ns)   --->   "%bucket_pointer_12_read = read i32 @_ssdm_op_Read.ap_auto.i32, i32 %bucket_pointer_12"   --->   Operation 50 'read' 'bucket_pointer_12_read' <Predicate = true> <Delay = 0.00>
ST_1 : Operation 51 [1/1] (0.00ns)   --->   "%bucket_pointer_13_read = read i32 @_ssdm_op_Read.ap_auto.i32, i32 %bucket_pointer_13"   --->   Operation 51 'read' 'bucket_pointer_13_read' <Predicate = true> <Delay = 0.00>
ST_1 : Operation 52 [1/1] (0.00ns)   --->   "%bucket_pointer_14_read = read i32 @_ssdm_op_Read.ap_auto.i32, i32 %bucket_pointer_14"   --->   Operation 52 'read' 'bucket_pointer_14_read' <Predicate = true> <Delay = 0.00>
ST_1 : Operation 53 [1/1] (0.00ns)   --->   "%bucket_pointer_15_read = read i32 @_ssdm_op_Read.ap_auto.i32, i32 %bucket_pointer_15"   --->   Operation 53 'read' 'bucket_pointer_15_read' <Predicate = true> <Delay = 0.00>
ST_1 : Operation 54 [1/1] (0.00ns)   --->   "%bucket_sizes_65_read = read i32 @_ssdm_op_Read.ap_auto.i32, i32 %bucket_sizes_65"   --->   Operation 54 'read' 'bucket_sizes_65_read' <Predicate = true> <Delay = 0.00>
ST_1 : Operation 55 [1/1] (0.00ns)   --->   "%bucket_sizes_66_read = read i32 @_ssdm_op_Read.ap_auto.i32, i32 %bucket_sizes_66"   --->   Operation 55 'read' 'bucket_sizes_66_read' <Predicate = true> <Delay = 0.00>
ST_1 : Operation 56 [1/1] (0.00ns)   --->   "%bucket_sizes_67_read = read i32 @_ssdm_op_Read.ap_auto.i32, i32 %bucket_sizes_67"   --->   Operation 56 'read' 'bucket_sizes_67_read' <Predicate = true> <Delay = 0.00>
ST_1 : Operation 57 [1/1] (0.00ns)   --->   "%bucket_sizes_68_read = read i32 @_ssdm_op_Read.ap_auto.i32, i32 %bucket_sizes_68"   --->   Operation 57 'read' 'bucket_sizes_68_read' <Predicate = true> <Delay = 0.00>
ST_1 : Operation 58 [1/1] (0.00ns)   --->   "%bucket_sizes_69_read = read i32 @_ssdm_op_Read.ap_auto.i32, i32 %bucket_sizes_69"   --->   Operation 58 'read' 'bucket_sizes_69_read' <Predicate = true> <Delay = 0.00>
ST_1 : Operation 59 [1/1] (0.00ns)   --->   "%bucket_sizes_70_read = read i32 @_ssdm_op_Read.ap_auto.i32, i32 %bucket_sizes_70"   --->   Operation 59 'read' 'bucket_sizes_70_read' <Predicate = true> <Delay = 0.00>
ST_1 : Operation 60 [1/1] (0.00ns)   --->   "%bucket_sizes_71_read = read i32 @_ssdm_op_Read.ap_auto.i32, i32 %bucket_sizes_71"   --->   Operation 60 'read' 'bucket_sizes_71_read' <Predicate = true> <Delay = 0.00>
ST_1 : Operation 61 [1/1] (0.00ns)   --->   "%bucket_sizes_72_read = read i32 @_ssdm_op_Read.ap_auto.i32, i32 %bucket_sizes_72"   --->   Operation 61 'read' 'bucket_sizes_72_read' <Predicate = true> <Delay = 0.00>
ST_1 : Operation 62 [1/1] (0.00ns)   --->   "%bucket_sizes_73_read = read i32 @_ssdm_op_Read.ap_auto.i32, i32 %bucket_sizes_73"   --->   Operation 62 'read' 'bucket_sizes_73_read' <Predicate = true> <Delay = 0.00>
ST_1 : Operation 63 [1/1] (0.00ns)   --->   "%bucket_sizes_74_read = read i32 @_ssdm_op_Read.ap_auto.i32, i32 %bucket_sizes_74"   --->   Operation 63 'read' 'bucket_sizes_74_read' <Predicate = true> <Delay = 0.00>
ST_1 : Operation 64 [1/1] (0.00ns)   --->   "%bucket_sizes_75_read = read i32 @_ssdm_op_Read.ap_auto.i32, i32 %bucket_sizes_75"   --->   Operation 64 'read' 'bucket_sizes_75_read' <Predicate = true> <Delay = 0.00>
ST_1 : Operation 65 [1/1] (0.00ns)   --->   "%bucket_sizes_76_read = read i32 @_ssdm_op_Read.ap_auto.i32, i32 %bucket_sizes_76"   --->   Operation 65 'read' 'bucket_sizes_76_read' <Predicate = true> <Delay = 0.00>
ST_1 : Operation 66 [1/1] (0.00ns)   --->   "%bucket_sizes_77_read = read i32 @_ssdm_op_Read.ap_auto.i32, i32 %bucket_sizes_77"   --->   Operation 66 'read' 'bucket_sizes_77_read' <Predicate = true> <Delay = 0.00>
ST_1 : Operation 67 [1/1] (0.00ns)   --->   "%bucket_sizes_78_read = read i32 @_ssdm_op_Read.ap_auto.i32, i32 %bucket_sizes_78"   --->   Operation 67 'read' 'bucket_sizes_78_read' <Predicate = true> <Delay = 0.00>
ST_1 : Operation 68 [1/1] (0.00ns)   --->   "%bucket_sizes_79_read = read i32 @_ssdm_op_Read.ap_auto.i32, i32 %bucket_sizes_79"   --->   Operation 68 'read' 'bucket_sizes_79_read' <Predicate = true> <Delay = 0.00>
ST_1 : Operation 69 [1/1] (0.00ns)   --->   "%bucket_sizes_80_read = read i32 @_ssdm_op_Read.ap_auto.i32, i32 %bucket_sizes_80"   --->   Operation 69 'read' 'bucket_sizes_80_read' <Predicate = true> <Delay = 0.00>
ST_1 : Operation 70 [1/1] (0.38ns)   --->   "%store_ln0 = store i32 %bucket_sizes_80_read, i32 %bucket_sizes_15"   --->   Operation 70 'store' 'store_ln0' <Predicate = true> <Delay = 0.38>
ST_1 : Operation 71 [1/1] (0.38ns)   --->   "%store_ln0 = store i32 %bucket_sizes_79_read, i32 %bucket_sizes_14"   --->   Operation 71 'store' 'store_ln0' <Predicate = true> <Delay = 0.38>
ST_1 : Operation 72 [1/1] (0.38ns)   --->   "%store_ln0 = store i32 %bucket_sizes_78_read, i32 %bucket_sizes_13"   --->   Operation 72 'store' 'store_ln0' <Predicate = true> <Delay = 0.38>
ST_1 : Operation 73 [1/1] (0.38ns)   --->   "%store_ln0 = store i32 %bucket_sizes_77_read, i32 %bucket_sizes_12"   --->   Operation 73 'store' 'store_ln0' <Predicate = true> <Delay = 0.38>
ST_1 : Operation 74 [1/1] (0.38ns)   --->   "%store_ln0 = store i32 %bucket_sizes_76_read, i32 %bucket_sizes_11"   --->   Operation 74 'store' 'store_ln0' <Predicate = true> <Delay = 0.38>
ST_1 : Operation 75 [1/1] (0.38ns)   --->   "%store_ln0 = store i32 %bucket_sizes_75_read, i32 %bucket_sizes_10"   --->   Operation 75 'store' 'store_ln0' <Predicate = true> <Delay = 0.38>
ST_1 : Operation 76 [1/1] (0.38ns)   --->   "%store_ln0 = store i32 %bucket_sizes_74_read, i32 %bucket_sizes_9"   --->   Operation 76 'store' 'store_ln0' <Predicate = true> <Delay = 0.38>
ST_1 : Operation 77 [1/1] (0.38ns)   --->   "%store_ln0 = store i32 %bucket_sizes_73_read, i32 %bucket_sizes_8"   --->   Operation 77 'store' 'store_ln0' <Predicate = true> <Delay = 0.38>
ST_1 : Operation 78 [1/1] (0.38ns)   --->   "%store_ln0 = store i32 %bucket_sizes_72_read, i32 %bucket_sizes_7"   --->   Operation 78 'store' 'store_ln0' <Predicate = true> <Delay = 0.38>
ST_1 : Operation 79 [1/1] (0.38ns)   --->   "%store_ln0 = store i32 %bucket_sizes_71_read, i32 %bucket_sizes_6"   --->   Operation 79 'store' 'store_ln0' <Predicate = true> <Delay = 0.38>
ST_1 : Operation 80 [1/1] (0.38ns)   --->   "%store_ln0 = store i32 %bucket_sizes_70_read, i32 %bucket_sizes_5"   --->   Operation 80 'store' 'store_ln0' <Predicate = true> <Delay = 0.38>
ST_1 : Operation 81 [1/1] (0.38ns)   --->   "%store_ln0 = store i32 %bucket_sizes_69_read, i32 %bucket_sizes_4"   --->   Operation 81 'store' 'store_ln0' <Predicate = true> <Delay = 0.38>
ST_1 : Operation 82 [1/1] (0.38ns)   --->   "%store_ln0 = store i32 %bucket_sizes_68_read, i32 %bucket_sizes_3"   --->   Operation 82 'store' 'store_ln0' <Predicate = true> <Delay = 0.38>
ST_1 : Operation 83 [1/1] (0.38ns)   --->   "%store_ln0 = store i32 %bucket_sizes_67_read, i32 %bucket_sizes_2"   --->   Operation 83 'store' 'store_ln0' <Predicate = true> <Delay = 0.38>
ST_1 : Operation 84 [1/1] (0.38ns)   --->   "%store_ln0 = store i32 %bucket_sizes_66_read, i32 %bucket_sizes_1"   --->   Operation 84 'store' 'store_ln0' <Predicate = true> <Delay = 0.38>
ST_1 : Operation 85 [1/1] (0.38ns)   --->   "%store_ln0 = store i32 %bucket_sizes_65_read, i32 %bucket_sizes"   --->   Operation 85 'store' 'store_ln0' <Predicate = true> <Delay = 0.38>
ST_1 : Operation 86 [1/1] (0.38ns)   --->   "%store_ln0 = store i32 %bucket_pointer_15_read, i32 %bucket_pointer_31"   --->   Operation 86 'store' 'store_ln0' <Predicate = true> <Delay = 0.38>
ST_1 : Operation 87 [1/1] (0.38ns)   --->   "%store_ln0 = store i32 %bucket_pointer_14_read, i32 %bucket_pointer_30"   --->   Operation 87 'store' 'store_ln0' <Predicate = true> <Delay = 0.38>
ST_1 : Operation 88 [1/1] (0.38ns)   --->   "%store_ln0 = store i32 0, i32 %bucket_pointer_32"   --->   Operation 88 'store' 'store_ln0' <Predicate = true> <Delay = 0.38>
ST_1 : Operation 89 [1/1] (0.38ns)   --->   "%store_ln0 = store i32 %bucket_pointer_13_read, i32 %bucket_pointer_29"   --->   Operation 89 'store' 'store_ln0' <Predicate = true> <Delay = 0.38>
ST_1 : Operation 90 [1/1] (0.38ns)   --->   "%store_ln0 = store i32 %bucket_pointer_12_read, i32 %bucket_pointer_28"   --->   Operation 90 'store' 'store_ln0' <Predicate = true> <Delay = 0.38>
ST_1 : Operation 91 [1/1] (0.38ns)   --->   "%store_ln0 = store i32 %bucket_pointer_11_read, i32 %bucket_pointer_27"   --->   Operation 91 'store' 'store_ln0' <Predicate = true> <Delay = 0.38>
ST_1 : Operation 92 [1/1] (0.38ns)   --->   "%store_ln0 = store i32 %bucket_pointer_10_read, i32 %bucket_pointer_26"   --->   Operation 92 'store' 'store_ln0' <Predicate = true> <Delay = 0.38>
ST_1 : Operation 93 [1/1] (0.38ns)   --->   "%store_ln0 = store i32 %bucket_pointer_9_read, i32 %bucket_pointer_25"   --->   Operation 93 'store' 'store_ln0' <Predicate = true> <Delay = 0.38>
ST_1 : Operation 94 [1/1] (0.38ns)   --->   "%store_ln0 = store i32 %bucket_pointer_8_read, i32 %bucket_pointer_24"   --->   Operation 94 'store' 'store_ln0' <Predicate = true> <Delay = 0.38>
ST_1 : Operation 95 [1/1] (0.38ns)   --->   "%store_ln0 = store i32 %bucket_pointer_7_read, i32 %bucket_pointer_23"   --->   Operation 95 'store' 'store_ln0' <Predicate = true> <Delay = 0.38>
ST_1 : Operation 96 [1/1] (0.38ns)   --->   "%store_ln0 = store i32 %bucket_pointer_6_read, i32 %bucket_pointer_22"   --->   Operation 96 'store' 'store_ln0' <Predicate = true> <Delay = 0.38>
ST_1 : Operation 97 [1/1] (0.38ns)   --->   "%store_ln0 = store i32 %bucket_pointer_5_read, i32 %bucket_pointer_21"   --->   Operation 97 'store' 'store_ln0' <Predicate = true> <Delay = 0.38>
ST_1 : Operation 98 [1/1] (0.38ns)   --->   "%store_ln0 = store i32 %bucket_pointer_4_read, i32 %bucket_pointer_20"   --->   Operation 98 'store' 'store_ln0' <Predicate = true> <Delay = 0.38>
ST_1 : Operation 99 [1/1] (0.38ns)   --->   "%store_ln0 = store i32 %bucket_pointer_3_read, i32 %bucket_pointer_19"   --->   Operation 99 'store' 'store_ln0' <Predicate = true> <Delay = 0.38>
ST_1 : Operation 100 [1/1] (0.38ns)   --->   "%store_ln0 = store i32 %bucket_pointer_2_read, i32 %bucket_pointer_18"   --->   Operation 100 'store' 'store_ln0' <Predicate = true> <Delay = 0.38>
ST_1 : Operation 101 [1/1] (0.38ns)   --->   "%store_ln0 = store i32 %bucket_pointer_1_read, i32 %bucket_pointer_17"   --->   Operation 101 'store' 'store_ln0' <Predicate = true> <Delay = 0.38>
ST_1 : Operation 102 [1/1] (0.38ns)   --->   "%store_ln0 = store i32 %bucket_pointer_read, i32 %bucket_pointer_16"   --->   Operation 102 'store' 'store_ln0' <Predicate = true> <Delay = 0.38>
ST_1 : Operation 103 [1/1] (0.38ns)   --->   "%store_ln0 = store i5 0, i5 %m"   --->   Operation 103 'store' 'store_ln0' <Predicate = true> <Delay = 0.38>
ST_1 : Operation 104 [1/1] (0.00ns)   --->   "%br_ln0 = br void %for.inc27.i"   --->   Operation 104 'br' 'br_ln0' <Predicate = true> <Delay = 0.00>

State 2 <SV = 1> <Delay = 1.76>
ST_2 : Operation 105 [1/1] (0.00ns)   --->   "%m_1 = load i5 %m" [sort_seperate_bucket/multi_radix_hex_kmerge.c:34]   --->   Operation 105 'load' 'm_1' <Predicate = true> <Delay = 0.00>
ST_2 : Operation 106 [1/1] (0.00ns)   --->   "%bucket_pointer_34 = load i32 %bucket_pointer_32" [sort_seperate_bucket/multi_radix_hex_kmerge.c:34]   --->   Operation 106 'load' 'bucket_pointer_34' <Predicate = true> <Delay = 0.00>
ST_2 : Operation 107 [1/1] (0.00ns)   --->   "%specpipeline_ln0 = specpipeline void @_ssdm_op_SpecPipeline, i32 4294967295, i32 0, i32 1, i32 0, void @p_str"   --->   Operation 107 'specpipeline' 'specpipeline_ln0' <Predicate = true> <Delay = 0.00>
ST_2 : Operation 108 [1/1] (0.63ns)   --->   "%icmp_ln33 = icmp_eq  i5 %m_1, i5 16" [sort_seperate_bucket/multi_radix_hex_kmerge.c:33]   --->   Operation 108 'icmp' 'icmp_ln33' <Predicate = true> <Delay = 0.63> <CoreInst = "Cmp">   --->   Core 9 'Cmp' <Latency = 0> <II = 1> <Delay = 0.63> <FuncUnit> <Opcode : 'icmp'> <InPorts = 2> <OutPorts = 1>
ST_2 : Operation 109 [1/1] (0.00ns)   --->   "%empty = speclooptripcount i32 @_ssdm_op_SpecLoopTripCount, i64 16, i64 16, i64 16"   --->   Operation 109 'speclooptripcount' 'empty' <Predicate = true> <Delay = 0.00>
ST_2 : Operation 110 [1/1] (0.70ns)   --->   "%add_ln33 = add i5 %m_1, i5 1" [sort_seperate_bucket/multi_radix_hex_kmerge.c:33]   --->   Operation 110 'add' 'add_ln33' <Predicate = true> <Delay = 0.70> <CoreInst = "Adder">   --->   Core 1 'Adder' <Latency = 0> <II = 1> <Delay = 0.70> <FuncUnit> <Opcode : 'add' 'sub'> <InPorts = 2> <OutPorts = 1>
ST_2 : Operation 111 [1/1] (0.00ns)   --->   "%br_ln33 = br i1 %icmp_ln33, void %for.inc27.split.i, void %input_bucket.i.exitStub" [sort_seperate_bucket/multi_radix_hex_kmerge.c:33]   --->   Operation 111 'br' 'br_ln33' <Predicate = true> <Delay = 0.00>
ST_2 : Operation 112 [1/1] (0.00ns)   --->   "%bucket_sizes_load_1 = load i32 %bucket_sizes" [sort_seperate_bucket/multi_radix_hex_kmerge.c:35]   --->   Operation 112 'load' 'bucket_sizes_load_1' <Predicate = (!icmp_ln33)> <Delay = 0.00>
ST_2 : Operation 113 [1/1] (0.00ns)   --->   "%bucket_sizes_1_load_1 = load i32 %bucket_sizes_1" [sort_seperate_bucket/multi_radix_hex_kmerge.c:35]   --->   Operation 113 'load' 'bucket_sizes_1_load_1' <Predicate = (!icmp_ln33)> <Delay = 0.00>
ST_2 : Operation 114 [1/1] (0.00ns)   --->   "%bucket_sizes_2_load_1 = load i32 %bucket_sizes_2" [sort_seperate_bucket/multi_radix_hex_kmerge.c:35]   --->   Operation 114 'load' 'bucket_sizes_2_load_1' <Predicate = (!icmp_ln33)> <Delay = 0.00>
ST_2 : Operation 115 [1/1] (0.00ns)   --->   "%bucket_sizes_3_load_1 = load i32 %bucket_sizes_3" [sort_seperate_bucket/multi_radix_hex_kmerge.c:35]   --->   Operation 115 'load' 'bucket_sizes_3_load_1' <Predicate = (!icmp_ln33)> <Delay = 0.00>
ST_2 : Operation 116 [1/1] (0.00ns)   --->   "%bucket_sizes_4_load_1 = load i32 %bucket_sizes_4" [sort_seperate_bucket/multi_radix_hex_kmerge.c:35]   --->   Operation 116 'load' 'bucket_sizes_4_load_1' <Predicate = (!icmp_ln33)> <Delay = 0.00>
ST_2 : Operation 117 [1/1] (0.00ns)   --->   "%bucket_sizes_5_load_1 = load i32 %bucket_sizes_5" [sort_seperate_bucket/multi_radix_hex_kmerge.c:35]   --->   Operation 117 'load' 'bucket_sizes_5_load_1' <Predicate = (!icmp_ln33)> <Delay = 0.00>
ST_2 : Operation 118 [1/1] (0.00ns)   --->   "%bucket_sizes_6_load_1 = load i32 %bucket_sizes_6" [sort_seperate_bucket/multi_radix_hex_kmerge.c:35]   --->   Operation 118 'load' 'bucket_sizes_6_load_1' <Predicate = (!icmp_ln33)> <Delay = 0.00>
ST_2 : Operation 119 [1/1] (0.00ns)   --->   "%bucket_sizes_7_load_1 = load i32 %bucket_sizes_7" [sort_seperate_bucket/multi_radix_hex_kmerge.c:35]   --->   Operation 119 'load' 'bucket_sizes_7_load_1' <Predicate = (!icmp_ln33)> <Delay = 0.00>
ST_2 : Operation 120 [1/1] (0.00ns)   --->   "%bucket_sizes_8_load_1 = load i32 %bucket_sizes_8" [sort_seperate_bucket/multi_radix_hex_kmerge.c:35]   --->   Operation 120 'load' 'bucket_sizes_8_load_1' <Predicate = (!icmp_ln33)> <Delay = 0.00>
ST_2 : Operation 121 [1/1] (0.00ns)   --->   "%bucket_sizes_9_load_1 = load i32 %bucket_sizes_9" [sort_seperate_bucket/multi_radix_hex_kmerge.c:35]   --->   Operation 121 'load' 'bucket_sizes_9_load_1' <Predicate = (!icmp_ln33)> <Delay = 0.00>
ST_2 : Operation 122 [1/1] (0.00ns)   --->   "%bucket_sizes_10_load_1 = load i32 %bucket_sizes_10" [sort_seperate_bucket/multi_radix_hex_kmerge.c:35]   --->   Operation 122 'load' 'bucket_sizes_10_load_1' <Predicate = (!icmp_ln33)> <Delay = 0.00>
ST_2 : Operation 123 [1/1] (0.00ns)   --->   "%bucket_sizes_11_load_1 = load i32 %bucket_sizes_11" [sort_seperate_bucket/multi_radix_hex_kmerge.c:35]   --->   Operation 123 'load' 'bucket_sizes_11_load_1' <Predicate = (!icmp_ln33)> <Delay = 0.00>
ST_2 : Operation 124 [1/1] (0.00ns)   --->   "%bucket_sizes_12_load_1 = load i32 %bucket_sizes_12" [sort_seperate_bucket/multi_radix_hex_kmerge.c:35]   --->   Operation 124 'load' 'bucket_sizes_12_load_1' <Predicate = (!icmp_ln33)> <Delay = 0.00>
ST_2 : Operation 125 [1/1] (0.00ns)   --->   "%bucket_sizes_13_load_1 = load i32 %bucket_sizes_13" [sort_seperate_bucket/multi_radix_hex_kmerge.c:35]   --->   Operation 125 'load' 'bucket_sizes_13_load_1' <Predicate = (!icmp_ln33)> <Delay = 0.00>
ST_2 : Operation 126 [1/1] (0.00ns)   --->   "%bucket_sizes_14_load_1 = load i32 %bucket_sizes_14" [sort_seperate_bucket/multi_radix_hex_kmerge.c:35]   --->   Operation 126 'load' 'bucket_sizes_14_load_1' <Predicate = (!icmp_ln33)> <Delay = 0.00>
ST_2 : Operation 127 [1/1] (0.00ns)   --->   "%bucket_sizes_15_load_1 = load i32 %bucket_sizes_15" [sort_seperate_bucket/multi_radix_hex_kmerge.c:35]   --->   Operation 127 'load' 'bucket_sizes_15_load_1' <Predicate = (!icmp_ln33)> <Delay = 0.00>
ST_2 : Operation 128 [1/1] (0.00ns)   --->   "%specloopname_ln11 = specloopname void @_ssdm_op_SpecLoopName, void @empty_59" [sort_seperate_bucket/multi_radix_hex_kmerge.c:11]   --->   Operation 128 'specloopname' 'specloopname_ln11' <Predicate = (!icmp_ln33)> <Delay = 0.00>
ST_2 : Operation 129 [1/1] (0.00ns)   --->   "%trunc_ln34 = trunc i5 %m_1" [sort_seperate_bucket/multi_radix_hex_kmerge.c:34]   --->   Operation 129 'trunc' 'trunc_ln34' <Predicate = (!icmp_ln33)> <Delay = 0.00>
ST_2 : Operation 130 [1/1] (0.49ns)   --->   "%tmp_1_i = mux i32 @_ssdm_op_Mux.ap_auto.16i32.i4, i32 %bucket_sizes_load_1, i32 %bucket_sizes_1_load_1, i32 %bucket_sizes_2_load_1, i32 %bucket_sizes_3_load_1, i32 %bucket_sizes_4_load_1, i32 %bucket_sizes_5_load_1, i32 %bucket_sizes_6_load_1, i32 %bucket_sizes_7_load_1, i32 %bucket_sizes_8_load_1, i32 %bucket_sizes_9_load_1, i32 %bucket_sizes_10_load_1, i32 %bucket_sizes_11_load_1, i32 %bucket_sizes_12_load_1, i32 %bucket_sizes_13_load_1, i32 %bucket_sizes_14_load_1, i32 %bucket_sizes_15_load_1, i4 %trunc_ln34" [sort_seperate_bucket/multi_radix_hex_kmerge.c:35]   --->   Operation 130 'mux' 'tmp_1_i' <Predicate = (!icmp_ln33)> <Delay = 0.49> <CoreInst = "Multiplexer">   --->   Core 76 'Multiplexer' <Latency = 0> <II = 1> <Delay = 0.49> <FuncUnit> <Opcode : 'mux'> <InPorts = 2> <OutPorts = 1>
ST_2 : Operation 131 [1/1] (0.88ns)   --->   "%next_bucket_pointer = add i32 %tmp_1_i, i32 %bucket_pointer_34" [sort_seperate_bucket/multi_radix_hex_kmerge.c:35]   --->   Operation 131 'add' 'next_bucket_pointer' <Predicate = (!icmp_ln33)> <Delay = 0.88> <CoreInst = "Adder">   --->   Core 1 'Adder' <Latency = 0> <II = 1> <Delay = 0.88> <FuncUnit> <Opcode : 'add' 'sub'> <InPorts = 2> <OutPorts = 1>
ST_2 : Operation 132 [1/1] (0.34ns)   --->   "%switch_ln34 = switch i4 %trunc_ln34, void %arrayidx23.case.15.i, i4 0, void %for.inc27.split.i.arrayidx23.exit.i_crit_edge48, i4 1, void %arrayidx23.case.1.i, i4 2, void %arrayidx23.case.2.i, i4 3, void %arrayidx23.case.3.i, i4 4, void %arrayidx23.case.4.i, i4 5, void %arrayidx23.case.5.i, i4 6, void %arrayidx23.case.6.i, i4 7, void %arrayidx23.case.7.i, i4 8, void %arrayidx23.case.8.i, i4 9, void %arrayidx23.case.9.i, i4 10, void %arrayidx23.case.10.i, i4 11, void %arrayidx23.case.11.i, i4 12, void %arrayidx23.case.12.i, i4 13, void %arrayidx23.case.13.i, i4 14, void %for.inc27.split.i.arrayidx23.exit.i_crit_edge" [sort_seperate_bucket/multi_radix_hex_kmerge.c:34]   --->   Operation 132 'switch' 'switch_ln34' <Predicate = (!icmp_ln33)> <Delay = 0.34>
ST_2 : Operation 133 [1/1] (0.38ns)   --->   "%store_ln34 = store i32 0, i32 %bucket_sizes_14" [sort_seperate_bucket/multi_radix_hex_kmerge.c:34]   --->   Operation 133 'store' 'store_ln34' <Predicate = (!icmp_ln33 & trunc_ln34 == 14)> <Delay = 0.38>
ST_2 : Operation 134 [1/1] (0.38ns)   --->   "%store_ln34 = store i32 %bucket_pointer_34, i32 %bucket_pointer_30" [sort_seperate_bucket/multi_radix_hex_kmerge.c:34]   --->   Operation 134 'store' 'store_ln34' <Predicate = (!icmp_ln33 & trunc_ln34 == 14)> <Delay = 0.38>
ST_2 : Operation 135 [1/1] (0.00ns)   --->   "%br_ln34 = br void %arrayidx23.exit.i" [sort_seperate_bucket/multi_radix_hex_kmerge.c:34]   --->   Operation 135 'br' 'br_ln34' <Predicate = (!icmp_ln33 & trunc_ln34 == 14)> <Delay = 0.00>
ST_2 : Operation 136 [1/1] (0.38ns)   --->   "%store_ln36 = store i32 0, i32 %bucket_sizes_13" [sort_seperate_bucket/multi_radix_hex_kmerge.c:36]   --->   Operation 136 'store' 'store_ln36' <Predicate = (!icmp_ln33 & trunc_ln34 == 13)> <Delay = 0.38>
ST_2 : Operation 137 [1/1] (0.38ns)   --->   "%store_ln36 = store i32 %bucket_pointer_34, i32 %bucket_pointer_29" [sort_seperate_bucket/multi_radix_hex_kmerge.c:36]   --->   Operation 137 'store' 'store_ln36' <Predicate = (!icmp_ln33 & trunc_ln34 == 13)> <Delay = 0.38>
ST_2 : Operation 138 [1/1] (0.00ns)   --->   "%br_ln36 = br void %arrayidx23.exit.i" [sort_seperate_bucket/multi_radix_hex_kmerge.c:36]   --->   Operation 138 'br' 'br_ln36' <Predicate = (!icmp_ln33 & trunc_ln34 == 13)> <Delay = 0.00>
ST_2 : Operation 139 [1/1] (0.38ns)   --->   "%store_ln36 = store i32 0, i32 %bucket_sizes_12" [sort_seperate_bucket/multi_radix_hex_kmerge.c:36]   --->   Operation 139 'store' 'store_ln36' <Predicate = (!icmp_ln33 & trunc_ln34 == 12)> <Delay = 0.38>
ST_2 : Operation 140 [1/1] (0.38ns)   --->   "%store_ln36 = store i32 %bucket_pointer_34, i32 %bucket_pointer_28" [sort_seperate_bucket/multi_radix_hex_kmerge.c:36]   --->   Operation 140 'store' 'store_ln36' <Predicate = (!icmp_ln33 & trunc_ln34 == 12)> <Delay = 0.38>
ST_2 : Operation 141 [1/1] (0.00ns)   --->   "%br_ln36 = br void %arrayidx23.exit.i" [sort_seperate_bucket/multi_radix_hex_kmerge.c:36]   --->   Operation 141 'br' 'br_ln36' <Predicate = (!icmp_ln33 & trunc_ln34 == 12)> <Delay = 0.00>
ST_2 : Operation 142 [1/1] (0.38ns)   --->   "%store_ln36 = store i32 0, i32 %bucket_sizes_11" [sort_seperate_bucket/multi_radix_hex_kmerge.c:36]   --->   Operation 142 'store' 'store_ln36' <Predicate = (!icmp_ln33 & trunc_ln34 == 11)> <Delay = 0.38>
ST_2 : Operation 143 [1/1] (0.38ns)   --->   "%store_ln36 = store i32 %bucket_pointer_34, i32 %bucket_pointer_27" [sort_seperate_bucket/multi_radix_hex_kmerge.c:36]   --->   Operation 143 'store' 'store_ln36' <Predicate = (!icmp_ln33 & trunc_ln34 == 11)> <Delay = 0.38>
ST_2 : Operation 144 [1/1] (0.00ns)   --->   "%br_ln36 = br void %arrayidx23.exit.i" [sort_seperate_bucket/multi_radix_hex_kmerge.c:36]   --->   Operation 144 'br' 'br_ln36' <Predicate = (!icmp_ln33 & trunc_ln34 == 11)> <Delay = 0.00>
ST_2 : Operation 145 [1/1] (0.38ns)   --->   "%store_ln36 = store i32 0, i32 %bucket_sizes_10" [sort_seperate_bucket/multi_radix_hex_kmerge.c:36]   --->   Operation 145 'store' 'store_ln36' <Predicate = (!icmp_ln33 & trunc_ln34 == 10)> <Delay = 0.38>
ST_2 : Operation 146 [1/1] (0.38ns)   --->   "%store_ln36 = store i32 %bucket_pointer_34, i32 %bucket_pointer_26" [sort_seperate_bucket/multi_radix_hex_kmerge.c:36]   --->   Operation 146 'store' 'store_ln36' <Predicate = (!icmp_ln33 & trunc_ln34 == 10)> <Delay = 0.38>
ST_2 : Operation 147 [1/1] (0.00ns)   --->   "%br_ln36 = br void %arrayidx23.exit.i" [sort_seperate_bucket/multi_radix_hex_kmerge.c:36]   --->   Operation 147 'br' 'br_ln36' <Predicate = (!icmp_ln33 & trunc_ln34 == 10)> <Delay = 0.00>
ST_2 : Operation 148 [1/1] (0.38ns)   --->   "%store_ln36 = store i32 0, i32 %bucket_sizes_9" [sort_seperate_bucket/multi_radix_hex_kmerge.c:36]   --->   Operation 148 'store' 'store_ln36' <Predicate = (!icmp_ln33 & trunc_ln34 == 9)> <Delay = 0.38>
ST_2 : Operation 149 [1/1] (0.38ns)   --->   "%store_ln36 = store i32 %bucket_pointer_34, i32 %bucket_pointer_25" [sort_seperate_bucket/multi_radix_hex_kmerge.c:36]   --->   Operation 149 'store' 'store_ln36' <Predicate = (!icmp_ln33 & trunc_ln34 == 9)> <Delay = 0.38>
ST_2 : Operation 150 [1/1] (0.00ns)   --->   "%br_ln36 = br void %arrayidx23.exit.i" [sort_seperate_bucket/multi_radix_hex_kmerge.c:36]   --->   Operation 150 'br' 'br_ln36' <Predicate = (!icmp_ln33 & trunc_ln34 == 9)> <Delay = 0.00>
ST_2 : Operation 151 [1/1] (0.38ns)   --->   "%store_ln36 = store i32 0, i32 %bucket_sizes_8" [sort_seperate_bucket/multi_radix_hex_kmerge.c:36]   --->   Operation 151 'store' 'store_ln36' <Predicate = (!icmp_ln33 & trunc_ln34 == 8)> <Delay = 0.38>
ST_2 : Operation 152 [1/1] (0.38ns)   --->   "%store_ln36 = store i32 %bucket_pointer_34, i32 %bucket_pointer_24" [sort_seperate_bucket/multi_radix_hex_kmerge.c:36]   --->   Operation 152 'store' 'store_ln36' <Predicate = (!icmp_ln33 & trunc_ln34 == 8)> <Delay = 0.38>
ST_2 : Operation 153 [1/1] (0.00ns)   --->   "%br_ln36 = br void %arrayidx23.exit.i" [sort_seperate_bucket/multi_radix_hex_kmerge.c:36]   --->   Operation 153 'br' 'br_ln36' <Predicate = (!icmp_ln33 & trunc_ln34 == 8)> <Delay = 0.00>
ST_2 : Operation 154 [1/1] (0.38ns)   --->   "%store_ln36 = store i32 0, i32 %bucket_sizes_7" [sort_seperate_bucket/multi_radix_hex_kmerge.c:36]   --->   Operation 154 'store' 'store_ln36' <Predicate = (!icmp_ln33 & trunc_ln34 == 7)> <Delay = 0.38>
ST_2 : Operation 155 [1/1] (0.38ns)   --->   "%store_ln36 = store i32 %bucket_pointer_34, i32 %bucket_pointer_23" [sort_seperate_bucket/multi_radix_hex_kmerge.c:36]   --->   Operation 155 'store' 'store_ln36' <Predicate = (!icmp_ln33 & trunc_ln34 == 7)> <Delay = 0.38>
ST_2 : Operation 156 [1/1] (0.00ns)   --->   "%br_ln36 = br void %arrayidx23.exit.i" [sort_seperate_bucket/multi_radix_hex_kmerge.c:36]   --->   Operation 156 'br' 'br_ln36' <Predicate = (!icmp_ln33 & trunc_ln34 == 7)> <Delay = 0.00>
ST_2 : Operation 157 [1/1] (0.38ns)   --->   "%store_ln36 = store i32 0, i32 %bucket_sizes_6" [sort_seperate_bucket/multi_radix_hex_kmerge.c:36]   --->   Operation 157 'store' 'store_ln36' <Predicate = (!icmp_ln33 & trunc_ln34 == 6)> <Delay = 0.38>
ST_2 : Operation 158 [1/1] (0.38ns)   --->   "%store_ln36 = store i32 %bucket_pointer_34, i32 %bucket_pointer_22" [sort_seperate_bucket/multi_radix_hex_kmerge.c:36]   --->   Operation 158 'store' 'store_ln36' <Predicate = (!icmp_ln33 & trunc_ln34 == 6)> <Delay = 0.38>
ST_2 : Operation 159 [1/1] (0.00ns)   --->   "%br_ln36 = br void %arrayidx23.exit.i" [sort_seperate_bucket/multi_radix_hex_kmerge.c:36]   --->   Operation 159 'br' 'br_ln36' <Predicate = (!icmp_ln33 & trunc_ln34 == 6)> <Delay = 0.00>
ST_2 : Operation 160 [1/1] (0.38ns)   --->   "%store_ln36 = store i32 0, i32 %bucket_sizes_5" [sort_seperate_bucket/multi_radix_hex_kmerge.c:36]   --->   Operation 160 'store' 'store_ln36' <Predicate = (!icmp_ln33 & trunc_ln34 == 5)> <Delay = 0.38>
ST_2 : Operation 161 [1/1] (0.38ns)   --->   "%store_ln36 = store i32 %bucket_pointer_34, i32 %bucket_pointer_21" [sort_seperate_bucket/multi_radix_hex_kmerge.c:36]   --->   Operation 161 'store' 'store_ln36' <Predicate = (!icmp_ln33 & trunc_ln34 == 5)> <Delay = 0.38>
ST_2 : Operation 162 [1/1] (0.00ns)   --->   "%br_ln36 = br void %arrayidx23.exit.i" [sort_seperate_bucket/multi_radix_hex_kmerge.c:36]   --->   Operation 162 'br' 'br_ln36' <Predicate = (!icmp_ln33 & trunc_ln34 == 5)> <Delay = 0.00>
ST_2 : Operation 163 [1/1] (0.38ns)   --->   "%store_ln36 = store i32 0, i32 %bucket_sizes_4" [sort_seperate_bucket/multi_radix_hex_kmerge.c:36]   --->   Operation 163 'store' 'store_ln36' <Predicate = (!icmp_ln33 & trunc_ln34 == 4)> <Delay = 0.38>
ST_2 : Operation 164 [1/1] (0.38ns)   --->   "%store_ln36 = store i32 %bucket_pointer_34, i32 %bucket_pointer_20" [sort_seperate_bucket/multi_radix_hex_kmerge.c:36]   --->   Operation 164 'store' 'store_ln36' <Predicate = (!icmp_ln33 & trunc_ln34 == 4)> <Delay = 0.38>
ST_2 : Operation 165 [1/1] (0.00ns)   --->   "%br_ln36 = br void %arrayidx23.exit.i" [sort_seperate_bucket/multi_radix_hex_kmerge.c:36]   --->   Operation 165 'br' 'br_ln36' <Predicate = (!icmp_ln33 & trunc_ln34 == 4)> <Delay = 0.00>
ST_2 : Operation 166 [1/1] (0.38ns)   --->   "%store_ln36 = store i32 0, i32 %bucket_sizes_3" [sort_seperate_bucket/multi_radix_hex_kmerge.c:36]   --->   Operation 166 'store' 'store_ln36' <Predicate = (!icmp_ln33 & trunc_ln34 == 3)> <Delay = 0.38>
ST_2 : Operation 167 [1/1] (0.38ns)   --->   "%store_ln36 = store i32 %bucket_pointer_34, i32 %bucket_pointer_19" [sort_seperate_bucket/multi_radix_hex_kmerge.c:36]   --->   Operation 167 'store' 'store_ln36' <Predicate = (!icmp_ln33 & trunc_ln34 == 3)> <Delay = 0.38>
ST_2 : Operation 168 [1/1] (0.00ns)   --->   "%br_ln36 = br void %arrayidx23.exit.i" [sort_seperate_bucket/multi_radix_hex_kmerge.c:36]   --->   Operation 168 'br' 'br_ln36' <Predicate = (!icmp_ln33 & trunc_ln34 == 3)> <Delay = 0.00>
ST_2 : Operation 169 [1/1] (0.38ns)   --->   "%store_ln36 = store i32 0, i32 %bucket_sizes_2" [sort_seperate_bucket/multi_radix_hex_kmerge.c:36]   --->   Operation 169 'store' 'store_ln36' <Predicate = (!icmp_ln33 & trunc_ln34 == 2)> <Delay = 0.38>
ST_2 : Operation 170 [1/1] (0.38ns)   --->   "%store_ln36 = store i32 %bucket_pointer_34, i32 %bucket_pointer_18" [sort_seperate_bucket/multi_radix_hex_kmerge.c:36]   --->   Operation 170 'store' 'store_ln36' <Predicate = (!icmp_ln33 & trunc_ln34 == 2)> <Delay = 0.38>
ST_2 : Operation 171 [1/1] (0.00ns)   --->   "%br_ln36 = br void %arrayidx23.exit.i" [sort_seperate_bucket/multi_radix_hex_kmerge.c:36]   --->   Operation 171 'br' 'br_ln36' <Predicate = (!icmp_ln33 & trunc_ln34 == 2)> <Delay = 0.00>
ST_2 : Operation 172 [1/1] (0.38ns)   --->   "%store_ln36 = store i32 0, i32 %bucket_sizes_1" [sort_seperate_bucket/multi_radix_hex_kmerge.c:36]   --->   Operation 172 'store' 'store_ln36' <Predicate = (!icmp_ln33 & trunc_ln34 == 1)> <Delay = 0.38>
ST_2 : Operation 173 [1/1] (0.38ns)   --->   "%store_ln36 = store i32 %bucket_pointer_34, i32 %bucket_pointer_17" [sort_seperate_bucket/multi_radix_hex_kmerge.c:36]   --->   Operation 173 'store' 'store_ln36' <Predicate = (!icmp_ln33 & trunc_ln34 == 1)> <Delay = 0.38>
ST_2 : Operation 174 [1/1] (0.00ns)   --->   "%br_ln36 = br void %arrayidx23.exit.i" [sort_seperate_bucket/multi_radix_hex_kmerge.c:36]   --->   Operation 174 'br' 'br_ln36' <Predicate = (!icmp_ln33 & trunc_ln34 == 1)> <Delay = 0.00>
ST_2 : Operation 175 [1/1] (0.38ns)   --->   "%store_ln34 = store i32 0, i32 %bucket_sizes" [sort_seperate_bucket/multi_radix_hex_kmerge.c:34]   --->   Operation 175 'store' 'store_ln34' <Predicate = (!icmp_ln33 & trunc_ln34 == 0)> <Delay = 0.38>
ST_2 : Operation 176 [1/1] (0.38ns)   --->   "%store_ln34 = store i32 %bucket_pointer_34, i32 %bucket_pointer_16" [sort_seperate_bucket/multi_radix_hex_kmerge.c:34]   --->   Operation 176 'store' 'store_ln34' <Predicate = (!icmp_ln33 & trunc_ln34 == 0)> <Delay = 0.38>
ST_2 : Operation 177 [1/1] (0.00ns)   --->   "%br_ln34 = br void %arrayidx23.exit.i" [sort_seperate_bucket/multi_radix_hex_kmerge.c:34]   --->   Operation 177 'br' 'br_ln34' <Predicate = (!icmp_ln33 & trunc_ln34 == 0)> <Delay = 0.00>
ST_2 : Operation 178 [1/1] (0.38ns)   --->   "%store_ln36 = store i32 0, i32 %bucket_sizes_15" [sort_seperate_bucket/multi_radix_hex_kmerge.c:36]   --->   Operation 178 'store' 'store_ln36' <Predicate = (!icmp_ln33 & trunc_ln34 == 15)> <Delay = 0.38>
ST_2 : Operation 179 [1/1] (0.38ns)   --->   "%store_ln36 = store i32 %bucket_pointer_34, i32 %bucket_pointer_31" [sort_seperate_bucket/multi_radix_hex_kmerge.c:36]   --->   Operation 179 'store' 'store_ln36' <Predicate = (!icmp_ln33 & trunc_ln34 == 15)> <Delay = 0.38>
ST_2 : Operation 180 [1/1] (0.00ns)   --->   "%br_ln36 = br void %arrayidx23.exit.i" [sort_seperate_bucket/multi_radix_hex_kmerge.c:36]   --->   Operation 180 'br' 'br_ln36' <Predicate = (!icmp_ln33 & trunc_ln34 == 15)> <Delay = 0.00>
ST_2 : Operation 181 [1/1] (0.38ns)   --->   "%store_ln33 = store i32 %next_bucket_pointer, i32 %bucket_pointer_32" [sort_seperate_bucket/multi_radix_hex_kmerge.c:33]   --->   Operation 181 'store' 'store_ln33' <Predicate = (!icmp_ln33)> <Delay = 0.38>
ST_2 : Operation 182 [1/1] (0.38ns)   --->   "%store_ln33 = store i5 %add_ln33, i5 %m" [sort_seperate_bucket/multi_radix_hex_kmerge.c:33]   --->   Operation 182 'store' 'store_ln33' <Predicate = (!icmp_ln33)> <Delay = 0.38>
ST_2 : Operation 183 [1/1] (0.00ns)   --->   "%br_ln33 = br void %for.inc27.i" [sort_seperate_bucket/multi_radix_hex_kmerge.c:33]   --->   Operation 183 'br' 'br_ln33' <Predicate = (!icmp_ln33)> <Delay = 0.00>
ST_2 : Operation 184 [1/1] (0.00ns)   --->   "%bucket_pointer_16_load = load i32 %bucket_pointer_16"   --->   Operation 184 'load' 'bucket_pointer_16_load' <Predicate = (icmp_ln33)> <Delay = 0.00>
ST_2 : Operation 185 [1/1] (0.00ns)   --->   "%bucket_pointer_17_load = load i32 %bucket_pointer_17"   --->   Operation 185 'load' 'bucket_pointer_17_load' <Predicate = (icmp_ln33)> <Delay = 0.00>
ST_2 : Operation 186 [1/1] (0.00ns)   --->   "%bucket_pointer_18_load = load i32 %bucket_pointer_18"   --->   Operation 186 'load' 'bucket_pointer_18_load' <Predicate = (icmp_ln33)> <Delay = 0.00>
ST_2 : Operation 187 [1/1] (0.00ns)   --->   "%bucket_pointer_19_load = load i32 %bucket_pointer_19"   --->   Operation 187 'load' 'bucket_pointer_19_load' <Predicate = (icmp_ln33)> <Delay = 0.00>
ST_2 : Operation 188 [1/1] (0.00ns)   --->   "%bucket_pointer_20_load = load i32 %bucket_pointer_20"   --->   Operation 188 'load' 'bucket_pointer_20_load' <Predicate = (icmp_ln33)> <Delay = 0.00>
ST_2 : Operation 189 [1/1] (0.00ns)   --->   "%bucket_pointer_21_load = load i32 %bucket_pointer_21"   --->   Operation 189 'load' 'bucket_pointer_21_load' <Predicate = (icmp_ln33)> <Delay = 0.00>
ST_2 : Operation 190 [1/1] (0.00ns)   --->   "%bucket_pointer_22_load = load i32 %bucket_pointer_22"   --->   Operation 190 'load' 'bucket_pointer_22_load' <Predicate = (icmp_ln33)> <Delay = 0.00>
ST_2 : Operation 191 [1/1] (0.00ns)   --->   "%bucket_pointer_23_load = load i32 %bucket_pointer_23"   --->   Operation 191 'load' 'bucket_pointer_23_load' <Predicate = (icmp_ln33)> <Delay = 0.00>
ST_2 : Operation 192 [1/1] (0.00ns)   --->   "%bucket_pointer_24_load = load i32 %bucket_pointer_24"   --->   Operation 192 'load' 'bucket_pointer_24_load' <Predicate = (icmp_ln33)> <Delay = 0.00>
ST_2 : Operation 193 [1/1] (0.00ns)   --->   "%bucket_pointer_25_load = load i32 %bucket_pointer_25"   --->   Operation 193 'load' 'bucket_pointer_25_load' <Predicate = (icmp_ln33)> <Delay = 0.00>
ST_2 : Operation 194 [1/1] (0.00ns)   --->   "%bucket_pointer_26_load = load i32 %bucket_pointer_26"   --->   Operation 194 'load' 'bucket_pointer_26_load' <Predicate = (icmp_ln33)> <Delay = 0.00>
ST_2 : Operation 195 [1/1] (0.00ns)   --->   "%bucket_pointer_27_load = load i32 %bucket_pointer_27"   --->   Operation 195 'load' 'bucket_pointer_27_load' <Predicate = (icmp_ln33)> <Delay = 0.00>
ST_2 : Operation 196 [1/1] (0.00ns)   --->   "%bucket_pointer_28_load = load i32 %bucket_pointer_28"   --->   Operation 196 'load' 'bucket_pointer_28_load' <Predicate = (icmp_ln33)> <Delay = 0.00>
ST_2 : Operation 197 [1/1] (0.00ns)   --->   "%bucket_pointer_29_load = load i32 %bucket_pointer_29"   --->   Operation 197 'load' 'bucket_pointer_29_load' <Predicate = (icmp_ln33)> <Delay = 0.00>
ST_2 : Operation 198 [1/1] (0.00ns)   --->   "%bucket_pointer_30_load = load i32 %bucket_pointer_30"   --->   Operation 198 'load' 'bucket_pointer_30_load' <Predicate = (icmp_ln33)> <Delay = 0.00>
ST_2 : Operation 199 [1/1] (0.00ns)   --->   "%bucket_pointer_31_load = load i32 %bucket_pointer_31"   --->   Operation 199 'load' 'bucket_pointer_31_load' <Predicate = (icmp_ln33)> <Delay = 0.00>
ST_2 : Operation 200 [1/1] (0.00ns)   --->   "%bucket_sizes_load = load i32 %bucket_sizes"   --->   Operation 200 'load' 'bucket_sizes_load' <Predicate = (icmp_ln33)> <Delay = 0.00>
ST_2 : Operation 201 [1/1] (0.00ns)   --->   "%bucket_sizes_1_load = load i32 %bucket_sizes_1"   --->   Operation 201 'load' 'bucket_sizes_1_load' <Predicate = (icmp_ln33)> <Delay = 0.00>
ST_2 : Operation 202 [1/1] (0.00ns)   --->   "%bucket_sizes_2_load = load i32 %bucket_sizes_2"   --->   Operation 202 'load' 'bucket_sizes_2_load' <Predicate = (icmp_ln33)> <Delay = 0.00>
ST_2 : Operation 203 [1/1] (0.00ns)   --->   "%bucket_sizes_3_load = load i32 %bucket_sizes_3"   --->   Operation 203 'load' 'bucket_sizes_3_load' <Predicate = (icmp_ln33)> <Delay = 0.00>
ST_2 : Operation 204 [1/1] (0.00ns)   --->   "%bucket_sizes_4_load = load i32 %bucket_sizes_4"   --->   Operation 204 'load' 'bucket_sizes_4_load' <Predicate = (icmp_ln33)> <Delay = 0.00>
ST_2 : Operation 205 [1/1] (0.00ns)   --->   "%bucket_sizes_5_load = load i32 %bucket_sizes_5"   --->   Operation 205 'load' 'bucket_sizes_5_load' <Predicate = (icmp_ln33)> <Delay = 0.00>
ST_2 : Operation 206 [1/1] (0.00ns)   --->   "%bucket_sizes_6_load = load i32 %bucket_sizes_6"   --->   Operation 206 'load' 'bucket_sizes_6_load' <Predicate = (icmp_ln33)> <Delay = 0.00>
ST_2 : Operation 207 [1/1] (0.00ns)   --->   "%bucket_sizes_7_load = load i32 %bucket_sizes_7"   --->   Operation 207 'load' 'bucket_sizes_7_load' <Predicate = (icmp_ln33)> <Delay = 0.00>
ST_2 : Operation 208 [1/1] (0.00ns)   --->   "%bucket_sizes_8_load = load i32 %bucket_sizes_8"   --->   Operation 208 'load' 'bucket_sizes_8_load' <Predicate = (icmp_ln33)> <Delay = 0.00>
ST_2 : Operation 209 [1/1] (0.00ns)   --->   "%bucket_sizes_9_load = load i32 %bucket_sizes_9"   --->   Operation 209 'load' 'bucket_sizes_9_load' <Predicate = (icmp_ln33)> <Delay = 0.00>
ST_2 : Operation 210 [1/1] (0.00ns)   --->   "%bucket_sizes_10_load = load i32 %bucket_sizes_10"   --->   Operation 210 'load' 'bucket_sizes_10_load' <Predicate = (icmp_ln33)> <Delay = 0.00>
ST_2 : Operation 211 [1/1] (0.00ns)   --->   "%bucket_sizes_11_load = load i32 %bucket_sizes_11"   --->   Operation 211 'load' 'bucket_sizes_11_load' <Predicate = (icmp_ln33)> <Delay = 0.00>
ST_2 : Operation 212 [1/1] (0.00ns)   --->   "%bucket_sizes_12_load = load i32 %bucket_sizes_12"   --->   Operation 212 'load' 'bucket_sizes_12_load' <Predicate = (icmp_ln33)> <Delay = 0.00>
ST_2 : Operation 213 [1/1] (0.00ns)   --->   "%bucket_sizes_13_load = load i32 %bucket_sizes_13"   --->   Operation 213 'load' 'bucket_sizes_13_load' <Predicate = (icmp_ln33)> <Delay = 0.00>
ST_2 : Operation 214 [1/1] (0.00ns)   --->   "%bucket_sizes_14_load = load i32 %bucket_sizes_14"   --->   Operation 214 'load' 'bucket_sizes_14_load' <Predicate = (icmp_ln33)> <Delay = 0.00>
ST_2 : Operation 215 [1/1] (0.00ns)   --->   "%bucket_sizes_15_load = load i32 %bucket_sizes_15"   --->   Operation 215 'load' 'bucket_sizes_15_load' <Predicate = (icmp_ln33)> <Delay = 0.00>
ST_2 : Operation 216 [1/1] (0.00ns)   --->   "%write_ln0 = write void @_ssdm_op_Write.ap_auto.i32P0A, i32 %bucket_sizes_96_out, i32 %bucket_sizes_15_load"   --->   Operation 216 'write' 'write_ln0' <Predicate = (icmp_ln33)> <Delay = 0.00>
ST_2 : Operation 217 [1/1] (0.00ns)   --->   "%write_ln0 = write void @_ssdm_op_Write.ap_auto.i32P0A, i32 %bucket_sizes_95_out, i32 %bucket_sizes_14_load"   --->   Operation 217 'write' 'write_ln0' <Predicate = (icmp_ln33)> <Delay = 0.00>
ST_2 : Operation 218 [1/1] (0.00ns)   --->   "%write_ln0 = write void @_ssdm_op_Write.ap_auto.i32P0A, i32 %bucket_sizes_94_out, i32 %bucket_sizes_13_load"   --->   Operation 218 'write' 'write_ln0' <Predicate = (icmp_ln33)> <Delay = 0.00>
ST_2 : Operation 219 [1/1] (0.00ns)   --->   "%write_ln0 = write void @_ssdm_op_Write.ap_auto.i32P0A, i32 %bucket_sizes_93_out, i32 %bucket_sizes_12_load"   --->   Operation 219 'write' 'write_ln0' <Predicate = (icmp_ln33)> <Delay = 0.00>
ST_2 : Operation 220 [1/1] (0.00ns)   --->   "%write_ln0 = write void @_ssdm_op_Write.ap_auto.i32P0A, i32 %bucket_sizes_92_out, i32 %bucket_sizes_11_load"   --->   Operation 220 'write' 'write_ln0' <Predicate = (icmp_ln33)> <Delay = 0.00>
ST_2 : Operation 221 [1/1] (0.00ns)   --->   "%write_ln0 = write void @_ssdm_op_Write.ap_auto.i32P0A, i32 %bucket_sizes_91_out, i32 %bucket_sizes_10_load"   --->   Operation 221 'write' 'write_ln0' <Predicate = (icmp_ln33)> <Delay = 0.00>
ST_2 : Operation 222 [1/1] (0.00ns)   --->   "%write_ln0 = write void @_ssdm_op_Write.ap_auto.i32P0A, i32 %bucket_sizes_90_out, i32 %bucket_sizes_9_load"   --->   Operation 222 'write' 'write_ln0' <Predicate = (icmp_ln33)> <Delay = 0.00>
ST_2 : Operation 223 [1/1] (0.00ns)   --->   "%write_ln0 = write void @_ssdm_op_Write.ap_auto.i32P0A, i32 %bucket_sizes_89_out, i32 %bucket_sizes_8_load"   --->   Operation 223 'write' 'write_ln0' <Predicate = (icmp_ln33)> <Delay = 0.00>
ST_2 : Operation 224 [1/1] (0.00ns)   --->   "%write_ln0 = write void @_ssdm_op_Write.ap_auto.i32P0A, i32 %bucket_sizes_88_out, i32 %bucket_sizes_7_load"   --->   Operation 224 'write' 'write_ln0' <Predicate = (icmp_ln33)> <Delay = 0.00>
ST_2 : Operation 225 [1/1] (0.00ns)   --->   "%write_ln0 = write void @_ssdm_op_Write.ap_auto.i32P0A, i32 %bucket_sizes_87_out, i32 %bucket_sizes_6_load"   --->   Operation 225 'write' 'write_ln0' <Predicate = (icmp_ln33)> <Delay = 0.00>
ST_2 : Operation 226 [1/1] (0.00ns)   --->   "%write_ln0 = write void @_ssdm_op_Write.ap_auto.i32P0A, i32 %bucket_sizes_86_out, i32 %bucket_sizes_5_load"   --->   Operation 226 'write' 'write_ln0' <Predicate = (icmp_ln33)> <Delay = 0.00>
ST_2 : Operation 227 [1/1] (0.00ns)   --->   "%write_ln0 = write void @_ssdm_op_Write.ap_auto.i32P0A, i32 %bucket_sizes_85_out, i32 %bucket_sizes_4_load"   --->   Operation 227 'write' 'write_ln0' <Predicate = (icmp_ln33)> <Delay = 0.00>
ST_2 : Operation 228 [1/1] (0.00ns)   --->   "%write_ln0 = write void @_ssdm_op_Write.ap_auto.i32P0A, i32 %bucket_sizes_84_out, i32 %bucket_sizes_3_load"   --->   Operation 228 'write' 'write_ln0' <Predicate = (icmp_ln33)> <Delay = 0.00>
ST_2 : Operation 229 [1/1] (0.00ns)   --->   "%write_ln0 = write void @_ssdm_op_Write.ap_auto.i32P0A, i32 %bucket_sizes_83_out, i32 %bucket_sizes_2_load"   --->   Operation 229 'write' 'write_ln0' <Predicate = (icmp_ln33)> <Delay = 0.00>
ST_2 : Operation 230 [1/1] (0.00ns)   --->   "%write_ln0 = write void @_ssdm_op_Write.ap_auto.i32P0A, i32 %bucket_sizes_82_out, i32 %bucket_sizes_1_load"   --->   Operation 230 'write' 'write_ln0' <Predicate = (icmp_ln33)> <Delay = 0.00>
ST_2 : Operation 231 [1/1] (0.00ns)   --->   "%write_ln0 = write void @_ssdm_op_Write.ap_auto.i32P0A, i32 %bucket_sizes_81_out, i32 %bucket_sizes_load"   --->   Operation 231 'write' 'write_ln0' <Predicate = (icmp_ln33)> <Delay = 0.00>
ST_2 : Operation 232 [1/1] (0.00ns)   --->   "%write_ln0 = write void @_ssdm_op_Write.ap_auto.i32P0A, i32 %bucket_pointer_31_out, i32 %bucket_pointer_31_load"   --->   Operation 232 'write' 'write_ln0' <Predicate = (icmp_ln33)> <Delay = 0.00>
ST_2 : Operation 233 [1/1] (0.00ns)   --->   "%write_ln0 = write void @_ssdm_op_Write.ap_auto.i32P0A, i32 %bucket_pointer_30_out, i32 %bucket_pointer_30_load"   --->   Operation 233 'write' 'write_ln0' <Predicate = (icmp_ln33)> <Delay = 0.00>
ST_2 : Operation 234 [1/1] (0.00ns)   --->   "%write_ln0 = write void @_ssdm_op_Write.ap_auto.i32P0A, i32 %bucket_pointer_29_out, i32 %bucket_pointer_29_load"   --->   Operation 234 'write' 'write_ln0' <Predicate = (icmp_ln33)> <Delay = 0.00>
ST_2 : Operation 235 [1/1] (0.00ns)   --->   "%write_ln0 = write void @_ssdm_op_Write.ap_auto.i32P0A, i32 %bucket_pointer_28_out, i32 %bucket_pointer_28_load"   --->   Operation 235 'write' 'write_ln0' <Predicate = (icmp_ln33)> <Delay = 0.00>
ST_2 : Operation 236 [1/1] (0.00ns)   --->   "%write_ln0 = write void @_ssdm_op_Write.ap_auto.i32P0A, i32 %bucket_pointer_27_out, i32 %bucket_pointer_27_load"   --->   Operation 236 'write' 'write_ln0' <Predicate = (icmp_ln33)> <Delay = 0.00>
ST_2 : Operation 237 [1/1] (0.00ns)   --->   "%write_ln0 = write void @_ssdm_op_Write.ap_auto.i32P0A, i32 %bucket_pointer_26_out, i32 %bucket_pointer_26_load"   --->   Operation 237 'write' 'write_ln0' <Predicate = (icmp_ln33)> <Delay = 0.00>
ST_2 : Operation 238 [1/1] (0.00ns)   --->   "%write_ln0 = write void @_ssdm_op_Write.ap_auto.i32P0A, i32 %bucket_pointer_25_out, i32 %bucket_pointer_25_load"   --->   Operation 238 'write' 'write_ln0' <Predicate = (icmp_ln33)> <Delay = 0.00>
ST_2 : Operation 239 [1/1] (0.00ns)   --->   "%write_ln0 = write void @_ssdm_op_Write.ap_auto.i32P0A, i32 %bucket_pointer_24_out, i32 %bucket_pointer_24_load"   --->   Operation 239 'write' 'write_ln0' <Predicate = (icmp_ln33)> <Delay = 0.00>
ST_2 : Operation 240 [1/1] (0.00ns)   --->   "%write_ln0 = write void @_ssdm_op_Write.ap_auto.i32P0A, i32 %bucket_pointer_23_out, i32 %bucket_pointer_23_load"   --->   Operation 240 'write' 'write_ln0' <Predicate = (icmp_ln33)> <Delay = 0.00>
ST_2 : Operation 241 [1/1] (0.00ns)   --->   "%write_ln0 = write void @_ssdm_op_Write.ap_auto.i32P0A, i32 %bucket_pointer_22_out, i32 %bucket_pointer_22_load"   --->   Operation 241 'write' 'write_ln0' <Predicate = (icmp_ln33)> <Delay = 0.00>
ST_2 : Operation 242 [1/1] (0.00ns)   --->   "%write_ln0 = write void @_ssdm_op_Write.ap_auto.i32P0A, i32 %bucket_pointer_21_out, i32 %bucket_pointer_21_load"   --->   Operation 242 'write' 'write_ln0' <Predicate = (icmp_ln33)> <Delay = 0.00>
ST_2 : Operation 243 [1/1] (0.00ns)   --->   "%write_ln0 = write void @_ssdm_op_Write.ap_auto.i32P0A, i32 %bucket_pointer_20_out, i32 %bucket_pointer_20_load"   --->   Operation 243 'write' 'write_ln0' <Predicate = (icmp_ln33)> <Delay = 0.00>
ST_2 : Operation 244 [1/1] (0.00ns)   --->   "%write_ln0 = write void @_ssdm_op_Write.ap_auto.i32P0A, i32 %bucket_pointer_19_out, i32 %bucket_pointer_19_load"   --->   Operation 244 'write' 'write_ln0' <Predicate = (icmp_ln33)> <Delay = 0.00>
ST_2 : Operation 245 [1/1] (0.00ns)   --->   "%write_ln0 = write void @_ssdm_op_Write.ap_auto.i32P0A, i32 %bucket_pointer_18_out, i32 %bucket_pointer_18_load"   --->   Operation 245 'write' 'write_ln0' <Predicate = (icmp_ln33)> <Delay = 0.00>
ST_2 : Operation 246 [1/1] (0.00ns)   --->   "%write_ln0 = write void @_ssdm_op_Write.ap_auto.i32P0A, i32 %bucket_pointer_17_out, i32 %bucket_pointer_17_load"   --->   Operation 246 'write' 'write_ln0' <Predicate = (icmp_ln33)> <Delay = 0.00>
ST_2 : Operation 247 [1/1] (0.00ns)   --->   "%write_ln0 = write void @_ssdm_op_Write.ap_auto.i32P0A, i32 %bucket_pointer_16_out, i32 %bucket_pointer_16_load"   --->   Operation 247 'write' 'write_ln0' <Predicate = (icmp_ln33)> <Delay = 0.00>
ST_2 : Operation 248 [1/1] (0.00ns)   --->   "%ret_ln0 = ret"   --->   Operation 248 'ret' 'ret_ln0' <Predicate = (icmp_ln33)> <Delay = 0.00>


============================================================
+ Verbose Summary: Timing violations
============================================================
Target clock period: 10ns, clock uncertainty: 2.7ns.

 <State 1>: 0.387ns
The critical path consists of the following:
	'alloca' operation ('bucket_sizes') [98]  (0 ns)
	'store' operation ('store_ln0') of variable 'bucket_sizes_80_read' on local variable 'bucket_sizes' [131]  (0.387 ns)

 <State 2>: 1.76ns
The critical path consists of the following:
	'load' operation ('m', sort_seperate_bucket/multi_radix_hex_kmerge.c:34) on local variable 'm' [167]  (0 ns)
	'mux' operation ('tmp_1_i', sort_seperate_bucket/multi_radix_hex_kmerge.c:35) [193]  (0.493 ns)
	'add' operation ('next_bucket_pointer', sort_seperate_bucket/multi_radix_hex_kmerge.c:35) [194]  (0.88 ns)
	'store' operation ('store_ln33', sort_seperate_bucket/multi_radix_hex_kmerge.c:33) of variable 'next_bucket_pointer', sort_seperate_bucket/multi_radix_hex_kmerge.c:35 on local variable 'bucket_pointer' [261]  (0.387 ns)


============================================================
+ Verbose Summary: Binding
============================================================
N/A
* FSMD analyzer results:
  - Output states:
 - Input state : 
  - Chain level:
	State 1
	State 2


============================================================
+ Verbose Summary: Datapath Resource usage 
============================================================
N/A
