

================================================================
== Vitis HLS Report for 'radix_sort_batch_36_1_Pipeline_1'
================================================================
* Date:           Sun Apr 23 22:11:53 2023

* Version:        2022.2 (Build 3670227 on Oct 13 2022)
* Project:        sort_seperate_bucket
* Solution:       solution1 (Vivado IP Flow Target)
* Product family: virtexuplus
* Target device:  xcu280-fsvh2892-2L-e


================================================================
== Performance Estimates
================================================================
+ Timing: 
    * Summary: 
    +--------+----------+----------+------------+
    |  Clock |  Target  | Estimated| Uncertainty|
    +--------+----------+----------+------------+
    |ap_clk  |  10.00 ns|  1.094 ns|     2.70 ns|
    +--------+----------+----------+------------+

+ Latency: 
    * Summary: 
    +---------+---------+----------+----------+-----+-----+---------+
    |  Latency (cycles) |  Latency (absolute) |  Interval | Pipeline|
    |   min   |   max   |    min   |    max   | min | max |   Type  |
    +---------+---------+----------+----------+-----+-----+---------+
    |       18|       18|  0.180 us|  0.180 us|   18|   18|       no|
    +---------+---------+----------+----------+-----+-----+---------+

    + Detail: 
        * Instance: 
        N/A

        * Loop: 
        +----------+---------+---------+----------+-----------+-----------+------+----------+
        |          |  Latency (cycles) | Iteration|  Initiation Interval  | Trip |          |
        | Loop Name|   min   |   max   |  Latency |  achieved |   target  | Count| Pipelined|
        +----------+---------+---------+----------+-----------+-----------+------+----------+
        |- Loop 1  |       16|       16|         1|          1|          1|    16|       yes|
        +----------+---------+---------+----------+-----------+-----------+------+----------+

============================================================
+ Verbose Summary: Synthesis Manager
============================================================
InlineROM: 1
ExposeGlobal: 0
============================================================
+ Verbose Summary: CDFG Model
============================================================
IsTopModel: 0
ResetActiveHigh: 1
IsCombinational: 0
IsDatapathOnly: 0
HasWiredReturn: 1
HasMFsm: 2
HasVarLatency: 1
IsPipeline: 0
IsRtlPipelined: 0
IsInstanceOverlapped: 0
IsDontTouch: 0
HasImplIP: 0
IsGatedGlobalClock: 0

+ Individual pipeline summary: 
  * Pipeline-0: initiation interval (II) = 1, depth = 1


============================================================
+ Verbose Summary: Schedule
============================================================
* Number of FSM states : 1
* Pipeline : 1
  Pipeline-0 : II = 1, D = 1, States = { 1 }
* Dataflow Pipeline: 0

* FSM state transitions: 
1 --> 

* FSM state operations: 

State 1 <SV = 0> <Delay = 1.09>
ST_1 : Operation 4 [1/1] (0.00ns)   --->   "%empty = alloca i32 1"   --->   Operation 4 'alloca' 'empty' <Predicate = true> <Delay = 0.00>
ST_1 : Operation 5 [1/1] (0.00ns)   --->   "%bucket_sizes = alloca i32 1"   --->   Operation 5 'alloca' 'bucket_sizes' <Predicate = true> <Delay = 0.00>
ST_1 : Operation 6 [1/1] (0.00ns)   --->   "%bucket_sizes_1486 = alloca i32 1"   --->   Operation 6 'alloca' 'bucket_sizes_1486' <Predicate = true> <Delay = 0.00>
ST_1 : Operation 7 [1/1] (0.00ns)   --->   "%bucket_sizes_1487 = alloca i32 1"   --->   Operation 7 'alloca' 'bucket_sizes_1487' <Predicate = true> <Delay = 0.00>
ST_1 : Operation 8 [1/1] (0.00ns)   --->   "%bucket_sizes_1488 = alloca i32 1"   --->   Operation 8 'alloca' 'bucket_sizes_1488' <Predicate = true> <Delay = 0.00>
ST_1 : Operation 9 [1/1] (0.00ns)   --->   "%bucket_sizes_1489 = alloca i32 1"   --->   Operation 9 'alloca' 'bucket_sizes_1489' <Predicate = true> <Delay = 0.00>
ST_1 : Operation 10 [1/1] (0.00ns)   --->   "%bucket_sizes_1490 = alloca i32 1"   --->   Operation 10 'alloca' 'bucket_sizes_1490' <Predicate = true> <Delay = 0.00>
ST_1 : Operation 11 [1/1] (0.00ns)   --->   "%bucket_sizes_1491 = alloca i32 1"   --->   Operation 11 'alloca' 'bucket_sizes_1491' <Predicate = true> <Delay = 0.00>
ST_1 : Operation 12 [1/1] (0.00ns)   --->   "%bucket_sizes_1492 = alloca i32 1"   --->   Operation 12 'alloca' 'bucket_sizes_1492' <Predicate = true> <Delay = 0.00>
ST_1 : Operation 13 [1/1] (0.00ns)   --->   "%bucket_sizes_1493 = alloca i32 1"   --->   Operation 13 'alloca' 'bucket_sizes_1493' <Predicate = true> <Delay = 0.00>
ST_1 : Operation 14 [1/1] (0.00ns)   --->   "%bucket_sizes_1494 = alloca i32 1"   --->   Operation 14 'alloca' 'bucket_sizes_1494' <Predicate = true> <Delay = 0.00>
ST_1 : Operation 15 [1/1] (0.00ns)   --->   "%bucket_sizes_1495 = alloca i32 1"   --->   Operation 15 'alloca' 'bucket_sizes_1495' <Predicate = true> <Delay = 0.00>
ST_1 : Operation 16 [1/1] (0.00ns)   --->   "%bucket_sizes_1496 = alloca i32 1"   --->   Operation 16 'alloca' 'bucket_sizes_1496' <Predicate = true> <Delay = 0.00>
ST_1 : Operation 17 [1/1] (0.00ns)   --->   "%bucket_sizes_1497 = alloca i32 1"   --->   Operation 17 'alloca' 'bucket_sizes_1497' <Predicate = true> <Delay = 0.00>
ST_1 : Operation 18 [1/1] (0.00ns)   --->   "%bucket_sizes_1498 = alloca i32 1"   --->   Operation 18 'alloca' 'bucket_sizes_1498' <Predicate = true> <Delay = 0.00>
ST_1 : Operation 19 [1/1] (0.00ns)   --->   "%bucket_sizes_1499 = alloca i32 1"   --->   Operation 19 'alloca' 'bucket_sizes_1499' <Predicate = true> <Delay = 0.00>
ST_1 : Operation 20 [1/1] (0.00ns)   --->   "%bucket_sizes_1500 = alloca i32 1"   --->   Operation 20 'alloca' 'bucket_sizes_1500' <Predicate = true> <Delay = 0.00>
ST_1 : Operation 21 [1/1] (0.38ns)   --->   "%store_ln0 = store i5 0, i5 %empty"   --->   Operation 21 'store' 'store_ln0' <Predicate = true> <Delay = 0.38>
ST_1 : Operation 22 [1/1] (0.00ns)   --->   "%br_ln0 = br void %memset.loop.i"   --->   Operation 22 'br' 'br_ln0' <Predicate = true> <Delay = 0.00>
ST_1 : Operation 23 [1/1] (0.00ns)   --->   "%p_load = load i5 %empty"   --->   Operation 23 'load' 'p_load' <Predicate = true> <Delay = 0.00>
ST_1 : Operation 24 [1/1] (0.00ns)   --->   "%specpipeline_ln0 = specpipeline void @_ssdm_op_SpecPipeline, i32 4294967295, i32 0, i32 1, i32 0, void @p_str"   --->   Operation 24 'specpipeline' 'specpipeline_ln0' <Predicate = true> <Delay = 0.00>
ST_1 : Operation 25 [1/1] (0.63ns)   --->   "%exitcond116_i = icmp_eq  i5 %p_load, i5 16"   --->   Operation 25 'icmp' 'exitcond116_i' <Predicate = true> <Delay = 0.63> <CoreInst = "Cmp">   --->   Core 9 'Cmp' <Latency = 0> <II = 1> <Delay = 0.63> <FuncUnit> <Opcode : 'icmp'> <InPorts = 2> <OutPorts = 1>
ST_1 : Operation 26 [1/1] (0.00ns)   --->   "%empty_214 = speclooptripcount i32 @_ssdm_op_SpecLoopTripCount, i64 16, i64 16, i64 16"   --->   Operation 26 'speclooptripcount' 'empty_214' <Predicate = true> <Delay = 0.00>
ST_1 : Operation 27 [1/1] (0.70ns)   --->   "%empty_215 = add i5 %p_load, i5 1"   --->   Operation 27 'add' 'empty_215' <Predicate = true> <Delay = 0.70> <CoreInst = "Adder">   --->   Core 1 'Adder' <Latency = 0> <II = 1> <Delay = 0.70> <FuncUnit> <Opcode : 'add' 'sub'> <InPorts = 2> <OutPorts = 1>
ST_1 : Operation 28 [1/1] (0.00ns)   --->   "%br_ln0 = br i1 %exitcond116_i, void %memset.loop.split.i, void %for.inc.i.preheader.exitStub"   --->   Operation 28 'br' 'br_ln0' <Predicate = true> <Delay = 0.00>
ST_1 : Operation 29 [1/1] (0.00ns)   --->   "%empty_216 = trunc i5 %p_load"   --->   Operation 29 'trunc' 'empty_216' <Predicate = (!exitcond116_i)> <Delay = 0.00>
ST_1 : Operation 30 [1/1] (0.34ns)   --->   "%switch_ln0 = switch i4 %empty_216, void %.case.15.i, i4 0, void %memset.loop.split.i..exit.i_crit_edge1, i4 1, void %.case.1.i, i4 2, void %.case.2.i, i4 3, void %.case.3.i, i4 4, void %.case.4.i, i4 5, void %.case.5.i, i4 6, void %.case.6.i, i4 7, void %.case.7.i, i4 8, void %.case.8.i, i4 9, void %.case.9.i, i4 10, void %.case.10.i, i4 11, void %.case.11.i, i4 12, void %.case.12.i, i4 13, void %.case.13.i, i4 14, void %memset.loop.split.i..exit.i_crit_edge"   --->   Operation 30 'switch' 'switch_ln0' <Predicate = (!exitcond116_i)> <Delay = 0.34>
ST_1 : Operation 31 [1/1] (0.00ns)   --->   "%store_ln0 = store i32 0, i32 %bucket_sizes_1499"   --->   Operation 31 'store' 'store_ln0' <Predicate = (!exitcond116_i & empty_216 == 14)> <Delay = 0.00>
ST_1 : Operation 32 [1/1] (0.00ns)   --->   "%br_ln0 = br void %.exit.i"   --->   Operation 32 'br' 'br_ln0' <Predicate = (!exitcond116_i & empty_216 == 14)> <Delay = 0.00>
ST_1 : Operation 33 [1/1] (0.00ns)   --->   "%store_ln0 = store i32 0, i32 %bucket_sizes_1498"   --->   Operation 33 'store' 'store_ln0' <Predicate = (!exitcond116_i & empty_216 == 13)> <Delay = 0.00>
ST_1 : Operation 34 [1/1] (0.00ns)   --->   "%br_ln0 = br void %.exit.i"   --->   Operation 34 'br' 'br_ln0' <Predicate = (!exitcond116_i & empty_216 == 13)> <Delay = 0.00>
ST_1 : Operation 35 [1/1] (0.00ns)   --->   "%store_ln0 = store i32 0, i32 %bucket_sizes_1497"   --->   Operation 35 'store' 'store_ln0' <Predicate = (!exitcond116_i & empty_216 == 12)> <Delay = 0.00>
ST_1 : Operation 36 [1/1] (0.00ns)   --->   "%br_ln0 = br void %.exit.i"   --->   Operation 36 'br' 'br_ln0' <Predicate = (!exitcond116_i & empty_216 == 12)> <Delay = 0.00>
ST_1 : Operation 37 [1/1] (0.00ns)   --->   "%store_ln0 = store i32 0, i32 %bucket_sizes_1496"   --->   Operation 37 'store' 'store_ln0' <Predicate = (!exitcond116_i & empty_216 == 11)> <Delay = 0.00>
ST_1 : Operation 38 [1/1] (0.00ns)   --->   "%br_ln0 = br void %.exit.i"   --->   Operation 38 'br' 'br_ln0' <Predicate = (!exitcond116_i & empty_216 == 11)> <Delay = 0.00>
ST_1 : Operation 39 [1/1] (0.00ns)   --->   "%store_ln0 = store i32 0, i32 %bucket_sizes_1495"   --->   Operation 39 'store' 'store_ln0' <Predicate = (!exitcond116_i & empty_216 == 10)> <Delay = 0.00>
ST_1 : Operation 40 [1/1] (0.00ns)   --->   "%br_ln0 = br void %.exit.i"   --->   Operation 40 'br' 'br_ln0' <Predicate = (!exitcond116_i & empty_216 == 10)> <Delay = 0.00>
ST_1 : Operation 41 [1/1] (0.00ns)   --->   "%store_ln0 = store i32 0, i32 %bucket_sizes_1494"   --->   Operation 41 'store' 'store_ln0' <Predicate = (!exitcond116_i & empty_216 == 9)> <Delay = 0.00>
ST_1 : Operation 42 [1/1] (0.00ns)   --->   "%br_ln0 = br void %.exit.i"   --->   Operation 42 'br' 'br_ln0' <Predicate = (!exitcond116_i & empty_216 == 9)> <Delay = 0.00>
ST_1 : Operation 43 [1/1] (0.00ns)   --->   "%store_ln0 = store i32 0, i32 %bucket_sizes_1493"   --->   Operation 43 'store' 'store_ln0' <Predicate = (!exitcond116_i & empty_216 == 8)> <Delay = 0.00>
ST_1 : Operation 44 [1/1] (0.00ns)   --->   "%br_ln0 = br void %.exit.i"   --->   Operation 44 'br' 'br_ln0' <Predicate = (!exitcond116_i & empty_216 == 8)> <Delay = 0.00>
ST_1 : Operation 45 [1/1] (0.00ns)   --->   "%store_ln0 = store i32 0, i32 %bucket_sizes_1492"   --->   Operation 45 'store' 'store_ln0' <Predicate = (!exitcond116_i & empty_216 == 7)> <Delay = 0.00>
ST_1 : Operation 46 [1/1] (0.00ns)   --->   "%br_ln0 = br void %.exit.i"   --->   Operation 46 'br' 'br_ln0' <Predicate = (!exitcond116_i & empty_216 == 7)> <Delay = 0.00>
ST_1 : Operation 47 [1/1] (0.00ns)   --->   "%store_ln0 = store i32 0, i32 %bucket_sizes_1491"   --->   Operation 47 'store' 'store_ln0' <Predicate = (!exitcond116_i & empty_216 == 6)> <Delay = 0.00>
ST_1 : Operation 48 [1/1] (0.00ns)   --->   "%br_ln0 = br void %.exit.i"   --->   Operation 48 'br' 'br_ln0' <Predicate = (!exitcond116_i & empty_216 == 6)> <Delay = 0.00>
ST_1 : Operation 49 [1/1] (0.00ns)   --->   "%store_ln0 = store i32 0, i32 %bucket_sizes_1490"   --->   Operation 49 'store' 'store_ln0' <Predicate = (!exitcond116_i & empty_216 == 5)> <Delay = 0.00>
ST_1 : Operation 50 [1/1] (0.00ns)   --->   "%br_ln0 = br void %.exit.i"   --->   Operation 50 'br' 'br_ln0' <Predicate = (!exitcond116_i & empty_216 == 5)> <Delay = 0.00>
ST_1 : Operation 51 [1/1] (0.00ns)   --->   "%store_ln0 = store i32 0, i32 %bucket_sizes_1489"   --->   Operation 51 'store' 'store_ln0' <Predicate = (!exitcond116_i & empty_216 == 4)> <Delay = 0.00>
ST_1 : Operation 52 [1/1] (0.00ns)   --->   "%br_ln0 = br void %.exit.i"   --->   Operation 52 'br' 'br_ln0' <Predicate = (!exitcond116_i & empty_216 == 4)> <Delay = 0.00>
ST_1 : Operation 53 [1/1] (0.00ns)   --->   "%store_ln0 = store i32 0, i32 %bucket_sizes_1488"   --->   Operation 53 'store' 'store_ln0' <Predicate = (!exitcond116_i & empty_216 == 3)> <Delay = 0.00>
ST_1 : Operation 54 [1/1] (0.00ns)   --->   "%br_ln0 = br void %.exit.i"   --->   Operation 54 'br' 'br_ln0' <Predicate = (!exitcond116_i & empty_216 == 3)> <Delay = 0.00>
ST_1 : Operation 55 [1/1] (0.00ns)   --->   "%store_ln0 = store i32 0, i32 %bucket_sizes_1487"   --->   Operation 55 'store' 'store_ln0' <Predicate = (!exitcond116_i & empty_216 == 2)> <Delay = 0.00>
ST_1 : Operation 56 [1/1] (0.00ns)   --->   "%br_ln0 = br void %.exit.i"   --->   Operation 56 'br' 'br_ln0' <Predicate = (!exitcond116_i & empty_216 == 2)> <Delay = 0.00>
ST_1 : Operation 57 [1/1] (0.00ns)   --->   "%store_ln0 = store i32 0, i32 %bucket_sizes_1486"   --->   Operation 57 'store' 'store_ln0' <Predicate = (!exitcond116_i & empty_216 == 1)> <Delay = 0.00>
ST_1 : Operation 58 [1/1] (0.00ns)   --->   "%br_ln0 = br void %.exit.i"   --->   Operation 58 'br' 'br_ln0' <Predicate = (!exitcond116_i & empty_216 == 1)> <Delay = 0.00>
ST_1 : Operation 59 [1/1] (0.00ns)   --->   "%store_ln0 = store i32 0, i32 %bucket_sizes"   --->   Operation 59 'store' 'store_ln0' <Predicate = (!exitcond116_i & empty_216 == 0)> <Delay = 0.00>
ST_1 : Operation 60 [1/1] (0.00ns)   --->   "%br_ln0 = br void %.exit.i"   --->   Operation 60 'br' 'br_ln0' <Predicate = (!exitcond116_i & empty_216 == 0)> <Delay = 0.00>
ST_1 : Operation 61 [1/1] (0.00ns)   --->   "%store_ln0 = store i32 0, i32 %bucket_sizes_1500"   --->   Operation 61 'store' 'store_ln0' <Predicate = (!exitcond116_i & empty_216 == 15)> <Delay = 0.00>
ST_1 : Operation 62 [1/1] (0.00ns)   --->   "%br_ln0 = br void %.exit.i"   --->   Operation 62 'br' 'br_ln0' <Predicate = (!exitcond116_i & empty_216 == 15)> <Delay = 0.00>
ST_1 : Operation 63 [1/1] (0.38ns)   --->   "%store_ln0 = store i5 %empty_215, i5 %empty"   --->   Operation 63 'store' 'store_ln0' <Predicate = (!exitcond116_i)> <Delay = 0.38>
ST_1 : Operation 64 [1/1] (0.00ns)   --->   "%br_ln0 = br void %memset.loop.i"   --->   Operation 64 'br' 'br_ln0' <Predicate = (!exitcond116_i)> <Delay = 0.00>
ST_1 : Operation 65 [1/1] (0.00ns)   --->   "%bucket_sizes_load = load i32 %bucket_sizes"   --->   Operation 65 'load' 'bucket_sizes_load' <Predicate = (exitcond116_i)> <Delay = 0.00>
ST_1 : Operation 66 [1/1] (0.00ns)   --->   "%bucket_sizes_1486_load = load i32 %bucket_sizes_1486"   --->   Operation 66 'load' 'bucket_sizes_1486_load' <Predicate = (exitcond116_i)> <Delay = 0.00>
ST_1 : Operation 67 [1/1] (0.00ns)   --->   "%bucket_sizes_1487_load = load i32 %bucket_sizes_1487"   --->   Operation 67 'load' 'bucket_sizes_1487_load' <Predicate = (exitcond116_i)> <Delay = 0.00>
ST_1 : Operation 68 [1/1] (0.00ns)   --->   "%bucket_sizes_1488_load = load i32 %bucket_sizes_1488"   --->   Operation 68 'load' 'bucket_sizes_1488_load' <Predicate = (exitcond116_i)> <Delay = 0.00>
ST_1 : Operation 69 [1/1] (0.00ns)   --->   "%bucket_sizes_1489_load = load i32 %bucket_sizes_1489"   --->   Operation 69 'load' 'bucket_sizes_1489_load' <Predicate = (exitcond116_i)> <Delay = 0.00>
ST_1 : Operation 70 [1/1] (0.00ns)   --->   "%bucket_sizes_1490_load = load i32 %bucket_sizes_1490"   --->   Operation 70 'load' 'bucket_sizes_1490_load' <Predicate = (exitcond116_i)> <Delay = 0.00>
ST_1 : Operation 71 [1/1] (0.00ns)   --->   "%bucket_sizes_1491_load = load i32 %bucket_sizes_1491"   --->   Operation 71 'load' 'bucket_sizes_1491_load' <Predicate = (exitcond116_i)> <Delay = 0.00>
ST_1 : Operation 72 [1/1] (0.00ns)   --->   "%bucket_sizes_1492_load = load i32 %bucket_sizes_1492"   --->   Operation 72 'load' 'bucket_sizes_1492_load' <Predicate = (exitcond116_i)> <Delay = 0.00>
ST_1 : Operation 73 [1/1] (0.00ns)   --->   "%bucket_sizes_1493_load = load i32 %bucket_sizes_1493"   --->   Operation 73 'load' 'bucket_sizes_1493_load' <Predicate = (exitcond116_i)> <Delay = 0.00>
ST_1 : Operation 74 [1/1] (0.00ns)   --->   "%bucket_sizes_1494_load = load i32 %bucket_sizes_1494"   --->   Operation 74 'load' 'bucket_sizes_1494_load' <Predicate = (exitcond116_i)> <Delay = 0.00>
ST_1 : Operation 75 [1/1] (0.00ns)   --->   "%bucket_sizes_1495_load = load i32 %bucket_sizes_1495"   --->   Operation 75 'load' 'bucket_sizes_1495_load' <Predicate = (exitcond116_i)> <Delay = 0.00>
ST_1 : Operation 76 [1/1] (0.00ns)   --->   "%bucket_sizes_1496_load = load i32 %bucket_sizes_1496"   --->   Operation 76 'load' 'bucket_sizes_1496_load' <Predicate = (exitcond116_i)> <Delay = 0.00>
ST_1 : Operation 77 [1/1] (0.00ns)   --->   "%bucket_sizes_1497_load = load i32 %bucket_sizes_1497"   --->   Operation 77 'load' 'bucket_sizes_1497_load' <Predicate = (exitcond116_i)> <Delay = 0.00>
ST_1 : Operation 78 [1/1] (0.00ns)   --->   "%bucket_sizes_1498_load = load i32 %bucket_sizes_1498"   --->   Operation 78 'load' 'bucket_sizes_1498_load' <Predicate = (exitcond116_i)> <Delay = 0.00>
ST_1 : Operation 79 [1/1] (0.00ns)   --->   "%bucket_sizes_1499_load = load i32 %bucket_sizes_1499"   --->   Operation 79 'load' 'bucket_sizes_1499_load' <Predicate = (exitcond116_i)> <Delay = 0.00>
ST_1 : Operation 80 [1/1] (0.00ns)   --->   "%bucket_sizes_1500_load = load i32 %bucket_sizes_1500"   --->   Operation 80 'load' 'bucket_sizes_1500_load' <Predicate = (exitcond116_i)> <Delay = 0.00>
ST_1 : Operation 81 [1/1] (0.00ns)   --->   "%write_ln0 = write void @_ssdm_op_Write.ap_auto.i32P0A, i32 %bucket_sizes_4800_out, i32 %bucket_sizes_1500_load"   --->   Operation 81 'write' 'write_ln0' <Predicate = (exitcond116_i)> <Delay = 0.00>
ST_1 : Operation 82 [1/1] (0.00ns)   --->   "%write_ln0 = write void @_ssdm_op_Write.ap_auto.i32P0A, i32 %bucket_sizes_4799_out, i32 %bucket_sizes_1499_load"   --->   Operation 82 'write' 'write_ln0' <Predicate = (exitcond116_i)> <Delay = 0.00>
ST_1 : Operation 83 [1/1] (0.00ns)   --->   "%write_ln0 = write void @_ssdm_op_Write.ap_auto.i32P0A, i32 %bucket_sizes_4798_out, i32 %bucket_sizes_1498_load"   --->   Operation 83 'write' 'write_ln0' <Predicate = (exitcond116_i)> <Delay = 0.00>
ST_1 : Operation 84 [1/1] (0.00ns)   --->   "%write_ln0 = write void @_ssdm_op_Write.ap_auto.i32P0A, i32 %bucket_sizes_4797_out, i32 %bucket_sizes_1497_load"   --->   Operation 84 'write' 'write_ln0' <Predicate = (exitcond116_i)> <Delay = 0.00>
ST_1 : Operation 85 [1/1] (0.00ns)   --->   "%write_ln0 = write void @_ssdm_op_Write.ap_auto.i32P0A, i32 %bucket_sizes_4796_out, i32 %bucket_sizes_1496_load"   --->   Operation 85 'write' 'write_ln0' <Predicate = (exitcond116_i)> <Delay = 0.00>
ST_1 : Operation 86 [1/1] (0.00ns)   --->   "%write_ln0 = write void @_ssdm_op_Write.ap_auto.i32P0A, i32 %bucket_sizes_4795_out, i32 %bucket_sizes_1495_load"   --->   Operation 86 'write' 'write_ln0' <Predicate = (exitcond116_i)> <Delay = 0.00>
ST_1 : Operation 87 [1/1] (0.00ns)   --->   "%write_ln0 = write void @_ssdm_op_Write.ap_auto.i32P0A, i32 %bucket_sizes_4794_out, i32 %bucket_sizes_1494_load"   --->   Operation 87 'write' 'write_ln0' <Predicate = (exitcond116_i)> <Delay = 0.00>
ST_1 : Operation 88 [1/1] (0.00ns)   --->   "%write_ln0 = write void @_ssdm_op_Write.ap_auto.i32P0A, i32 %bucket_sizes_4793_out, i32 %bucket_sizes_1493_load"   --->   Operation 88 'write' 'write_ln0' <Predicate = (exitcond116_i)> <Delay = 0.00>
ST_1 : Operation 89 [1/1] (0.00ns)   --->   "%write_ln0 = write void @_ssdm_op_Write.ap_auto.i32P0A, i32 %bucket_sizes_4792_out, i32 %bucket_sizes_1492_load"   --->   Operation 89 'write' 'write_ln0' <Predicate = (exitcond116_i)> <Delay = 0.00>
ST_1 : Operation 90 [1/1] (0.00ns)   --->   "%write_ln0 = write void @_ssdm_op_Write.ap_auto.i32P0A, i32 %bucket_sizes_4791_out, i32 %bucket_sizes_1491_load"   --->   Operation 90 'write' 'write_ln0' <Predicate = (exitcond116_i)> <Delay = 0.00>
ST_1 : Operation 91 [1/1] (0.00ns)   --->   "%write_ln0 = write void @_ssdm_op_Write.ap_auto.i32P0A, i32 %bucket_sizes_4790_out, i32 %bucket_sizes_1490_load"   --->   Operation 91 'write' 'write_ln0' <Predicate = (exitcond116_i)> <Delay = 0.00>
ST_1 : Operation 92 [1/1] (0.00ns)   --->   "%write_ln0 = write void @_ssdm_op_Write.ap_auto.i32P0A, i32 %bucket_sizes_4789_out, i32 %bucket_sizes_1489_load"   --->   Operation 92 'write' 'write_ln0' <Predicate = (exitcond116_i)> <Delay = 0.00>
ST_1 : Operation 93 [1/1] (0.00ns)   --->   "%write_ln0 = write void @_ssdm_op_Write.ap_auto.i32P0A, i32 %bucket_sizes_4788_out, i32 %bucket_sizes_1488_load"   --->   Operation 93 'write' 'write_ln0' <Predicate = (exitcond116_i)> <Delay = 0.00>
ST_1 : Operation 94 [1/1] (0.00ns)   --->   "%write_ln0 = write void @_ssdm_op_Write.ap_auto.i32P0A, i32 %bucket_sizes_4787_out, i32 %bucket_sizes_1487_load"   --->   Operation 94 'write' 'write_ln0' <Predicate = (exitcond116_i)> <Delay = 0.00>
ST_1 : Operation 95 [1/1] (0.00ns)   --->   "%write_ln0 = write void @_ssdm_op_Write.ap_auto.i32P0A, i32 %bucket_sizes_4786_out, i32 %bucket_sizes_1486_load"   --->   Operation 95 'write' 'write_ln0' <Predicate = (exitcond116_i)> <Delay = 0.00>
ST_1 : Operation 96 [1/1] (0.00ns)   --->   "%write_ln0 = write void @_ssdm_op_Write.ap_auto.i32P0A, i32 %bucket_sizes_out, i32 %bucket_sizes_load"   --->   Operation 96 'write' 'write_ln0' <Predicate = (exitcond116_i)> <Delay = 0.00>
ST_1 : Operation 97 [1/1] (0.00ns)   --->   "%ret_ln0 = ret"   --->   Operation 97 'ret' 'ret_ln0' <Predicate = (exitcond116_i)> <Delay = 0.00>


============================================================
+ Verbose Summary: Timing violations
============================================================
Target clock period: 10ns, clock uncertainty: 2.7ns.

 <State 1>: 1.09ns
The critical path consists of the following:
	'alloca' operation ('empty') [17]  (0 ns)
	'load' operation ('p_load') on local variable 'empty' [37]  (0 ns)
	'add' operation ('empty_215') [41]  (0.707 ns)
	'store' operation ('store_ln0') of variable 'empty_215' on local variable 'empty' [95]  (0.387 ns)


============================================================
+ Verbose Summary: Binding
============================================================
N/A
* FSMD analyzer results:
  - Output states:
 - Input state : 
  - Chain level:
	State 1


============================================================
+ Verbose Summary: Datapath Resource usage 
============================================================
N/A
