sort_seperate_bucket/radix_sort_separate_bucket_parallel.c:29:9: warning: HLS pragma dump _XLX_SEP_ PragmaIsValid=1_XLX_SEP_ PragmaType=dataflow_XLX_SEP_ PragmaContext=_XLX_SEP_ PragmaFunction=input_bucket_parallel_2_XLX_SEP_ PragmaOptions=_XLX_SEP_ [-Wdump-hls-pragmas]
#pragma HLS DATAFLOW
        ^
sort_seperate_bucket/radix_sort_separate_bucket_parallel.c:39:9: warning: HLS pragma dump _XLX_SEP_ PragmaIsValid=1_XLX_SEP_ PragmaType=dataflow_XLX_SEP_ PragmaContext=_XLX_SEP_ PragmaFunction=input_bucket_parallel_5_XLX_SEP_ PragmaOptions=_XLX_SEP_ [-Wdump-hls-pragmas]
#pragma HLS DATAFLOW
        ^
sort_seperate_bucket/radix_sort_separate_bucket_parallel.c:67:9: warning: HLS pragma dump _XLX_SEP_ PragmaIsValid=1_XLX_SEP_ PragmaType=loop_tripcount_XLX_SEP_ PragmaContext=_XLX_SEP_ PragmaFunction=radix_sort_separate_bucket_parallel_2_XLX_SEP_ PragmaOptions=min=0 max=500000/2-1_XLX_SEP_ [-Wdump-hls-pragmas]
#pragma HLS loop_tripcount min=0 max=500000/2-1
        ^
sort_seperate_bucket/radix_sort_separate_bucket_parallel.c:72:9: warning: HLS pragma dump _XLX_SEP_ PragmaIsValid=1_XLX_SEP_ PragmaType=loop_tripcount_XLX_SEP_ PragmaContext=_XLX_SEP_ PragmaFunction=radix_sort_separate_bucket_parallel_2_XLX_SEP_ PragmaOptions=min=0 max=500000/2-1_XLX_SEP_ [-Wdump-hls-pragmas]
#pragma HLS loop_tripcount min=0 max=500000/2-1
        ^
sort_seperate_bucket/radix_sort_separate_bucket_parallel.c:139:9: warning: HLS pragma dump _XLX_SEP_ PragmaIsValid=1_XLX_SEP_ PragmaType=loop_tripcount_XLX_SEP_ PragmaContext=_XLX_SEP_ PragmaFunction=radix_sort_separate_bucket_parallel_5_XLX_SEP_ PragmaOptions=min=0 max=500000/5-1_XLX_SEP_ [-Wdump-hls-pragmas]
#pragma HLS loop_tripcount min=0 max=500000/5-1
        ^
sort_seperate_bucket/radix_sort_separate_bucket_parallel.c:144:9: warning: HLS pragma dump _XLX_SEP_ PragmaIsValid=1_XLX_SEP_ PragmaType=loop_tripcount_XLX_SEP_ PragmaContext=_XLX_SEP_ PragmaFunction=radix_sort_separate_bucket_parallel_5_XLX_SEP_ PragmaOptions=min=0 max=500000/5-1_XLX_SEP_ [-Wdump-hls-pragmas]
#pragma HLS loop_tripcount min=0 max=500000/5-1
        ^
sort_seperate_bucket/radix_sort_separate_bucket_parallel.c:149:9: warning: HLS pragma dump _XLX_SEP_ PragmaIsValid=1_XLX_SEP_ PragmaType=loop_tripcount_XLX_SEP_ PragmaContext=_XLX_SEP_ PragmaFunction=radix_sort_separate_bucket_parallel_5_XLX_SEP_ PragmaOptions=min=0 max=500000/5-1_XLX_SEP_ [-Wdump-hls-pragmas]
#pragma HLS loop_tripcount min=0 max=500000/5-1
        ^
sort_seperate_bucket/radix_sort_separate_bucket_parallel.c:154:9: warning: HLS pragma dump _XLX_SEP_ PragmaIsValid=1_XLX_SEP_ PragmaType=loop_tripcount_XLX_SEP_ PragmaContext=_XLX_SEP_ PragmaFunction=radix_sort_separate_bucket_parallel_5_XLX_SEP_ PragmaOptions=min=0 max=500000/5-1_XLX_SEP_ [-Wdump-hls-pragmas]
#pragma HLS loop_tripcount min=0 max=500000/5-1
        ^
sort_seperate_bucket/radix_sort_separate_bucket_parallel.c:159:9: warning: HLS pragma dump _XLX_SEP_ PragmaIsValid=1_XLX_SEP_ PragmaType=loop_tripcount_XLX_SEP_ PragmaContext=_XLX_SEP_ PragmaFunction=radix_sort_separate_bucket_parallel_5_XLX_SEP_ PragmaOptions=min=0 max=500000/5-1_XLX_SEP_ [-Wdump-hls-pragmas]
#pragma HLS loop_tripcount min=0 max=500000/5-1
        ^
9 warnings generated.
