

================================================================
== Vitis HLS Report for 'radix_sort_unified_bucket_pingpong_18_1'
================================================================
* Date:           Sat Apr 22 14:43:58 2023

* Version:        2022.2 (Build 3670227 on Oct 13 2022)
* Project:        sort_seperate_bucket
* Solution:       solution1 (Vivado IP Flow Target)
* Product family: virtexuplus
* Target device:  xcu280-fsvh2892-2L-e


================================================================
== Performance Estimates
================================================================
+ Timing: 
    * Summary: 
    +--------+----------+----------+------------+
    |  Clock |  Target  | Estimated| Uncertainty|
    +--------+----------+----------+------------+
    |ap_clk  |  10.00 ns|  5.257 ns|     2.70 ns|
    +--------+----------+----------+------------+

+ Latency: 
    * Summary: 
    +---------+---------+-----------+-----------+---------+---------+---------+
    |  Latency (cycles) |   Latency (absolute)  |      Interval     | Pipeline|
    |   min   |   max   |    min    |    max    |   min   |   max   |   Type  |
    +---------+---------+-----------+-----------+---------+---------+---------+
    |  3125219|  3125219|  31.252 ms|  31.252 ms|  3125219|  3125219|       no|
    +---------+---------+-----------+-----------+---------+---------+---------+

    + Detail: 
        * Instance: 
        N/A

        * Loop: 
        +------------------+---------+---------+----------+-----------+-----------+------+----------+
        |                  |  Latency (cycles) | Iteration|  Initiation Interval  | Trip |          |
        |     Loop Name    |   min   |   max   |  Latency |  achieved |   target  | Count| Pipelined|
        +------------------+---------+---------+----------+-----------+-----------+------+----------+
        |- sort_procedure  |  2500192|  2500192|    312524|          -|          -|     8|        no|
        +------------------+---------+---------+----------+-----------+-----------+------+----------+

============================================================
+ Verbose Summary: Synthesis Manager
============================================================
InlineROM: 1
ExposeGlobal: 0
============================================================
+ Verbose Summary: CDFG Model
============================================================
IsTopModel: 0
ResetActiveHigh: 1
IsCombinational: 2
IsDatapathOnly: 0
HasWiredReturn: 1
HasMFsm: 0
HasVarLatency: 1
IsPipeline: 0
IsRtlPipelined: 0
IsInstanceOverlapped: 0
IsDontTouch: 0
HasImplIP: 0
IsGatedGlobalClock: 0


============================================================
+ Verbose Summary: Schedule
============================================================
* Number of FSM states : 9
* Pipeline : 0
* Dataflow Pipeline: 0

* FSM state transitions: 
1 --> 2 
2 --> 3 
3 --> 4 
4 --> 5 
5 --> 6 9 
6 --> 7 
7 --> 8 
8 --> 5 
9 --> 

* FSM state operations: 

State 1 <SV = 0> <Delay = 0.38>
ST_1 : Operation 10 [1/1] (0.00ns)   --->   "%i_011 = alloca i32 1"   --->   Operation 10 'alloca' 'i_011' <Predicate = true> <Delay = 0.00>
ST_1 : Operation 11 [1/1] (0.00ns)   --->   "%bucket_num_012 = alloca i32 1"   --->   Operation 11 'alloca' 'bucket_num_012' <Predicate = true> <Delay = 0.00>
ST_1 : Operation 12 [1/1] (0.00ns)   --->   "%bucket_pointer = alloca i32 1"   --->   Operation 12 'alloca' 'bucket_pointer' <Predicate = true> <Delay = 0.00>
ST_1 : Operation 13 [1/1] (0.00ns)   --->   "%bucket_pointer_734 = alloca i32 1"   --->   Operation 13 'alloca' 'bucket_pointer_734' <Predicate = true> <Delay = 0.00>
ST_1 : Operation 14 [1/1] (0.00ns)   --->   "%bucket_pointer_735 = alloca i32 1"   --->   Operation 14 'alloca' 'bucket_pointer_735' <Predicate = true> <Delay = 0.00>
ST_1 : Operation 15 [1/1] (0.00ns)   --->   "%bucket_pointer_736 = alloca i32 1"   --->   Operation 15 'alloca' 'bucket_pointer_736' <Predicate = true> <Delay = 0.00>
ST_1 : Operation 16 [1/1] (0.00ns)   --->   "%bucket_pointer_737 = alloca i32 1"   --->   Operation 16 'alloca' 'bucket_pointer_737' <Predicate = true> <Delay = 0.00>
ST_1 : Operation 17 [1/1] (0.00ns)   --->   "%bucket_pointer_738 = alloca i32 1"   --->   Operation 17 'alloca' 'bucket_pointer_738' <Predicate = true> <Delay = 0.00>
ST_1 : Operation 18 [1/1] (0.00ns)   --->   "%bucket_pointer_739 = alloca i32 1"   --->   Operation 18 'alloca' 'bucket_pointer_739' <Predicate = true> <Delay = 0.00>
ST_1 : Operation 19 [1/1] (0.00ns)   --->   "%bucket_pointer_740 = alloca i32 1"   --->   Operation 19 'alloca' 'bucket_pointer_740' <Predicate = true> <Delay = 0.00>
ST_1 : Operation 20 [1/1] (0.00ns)   --->   "%bucket_pointer_741 = alloca i32 1"   --->   Operation 20 'alloca' 'bucket_pointer_741' <Predicate = true> <Delay = 0.00>
ST_1 : Operation 21 [1/1] (0.00ns)   --->   "%bucket_pointer_742 = alloca i32 1"   --->   Operation 21 'alloca' 'bucket_pointer_742' <Predicate = true> <Delay = 0.00>
ST_1 : Operation 22 [1/1] (0.00ns)   --->   "%bucket_pointer_743 = alloca i32 1"   --->   Operation 22 'alloca' 'bucket_pointer_743' <Predicate = true> <Delay = 0.00>
ST_1 : Operation 23 [1/1] (0.00ns)   --->   "%bucket_pointer_744 = alloca i32 1"   --->   Operation 23 'alloca' 'bucket_pointer_744' <Predicate = true> <Delay = 0.00>
ST_1 : Operation 24 [1/1] (0.00ns)   --->   "%bucket_pointer_745 = alloca i32 1"   --->   Operation 24 'alloca' 'bucket_pointer_745' <Predicate = true> <Delay = 0.00>
ST_1 : Operation 25 [1/1] (0.00ns)   --->   "%bucket_pointer_746 = alloca i32 1"   --->   Operation 25 'alloca' 'bucket_pointer_746' <Predicate = true> <Delay = 0.00>
ST_1 : Operation 26 [1/1] (0.00ns)   --->   "%bucket_pointer_747 = alloca i32 1"   --->   Operation 26 'alloca' 'bucket_pointer_747' <Predicate = true> <Delay = 0.00>
ST_1 : Operation 27 [1/1] (0.00ns)   --->   "%bucket_pointer_748 = alloca i32 1"   --->   Operation 27 'alloca' 'bucket_pointer_748' <Predicate = true> <Delay = 0.00>
ST_1 : Operation 28 [1/1] (0.00ns)   --->   "%bucket_sizes = alloca i32 1"   --->   Operation 28 'alloca' 'bucket_sizes' <Predicate = true> <Delay = 0.00>
ST_1 : Operation 29 [1/1] (0.00ns)   --->   "%bucket_sizes_961 = alloca i32 1"   --->   Operation 29 'alloca' 'bucket_sizes_961' <Predicate = true> <Delay = 0.00>
ST_1 : Operation 30 [1/1] (0.00ns)   --->   "%bucket_sizes_962 = alloca i32 1"   --->   Operation 30 'alloca' 'bucket_sizes_962' <Predicate = true> <Delay = 0.00>
ST_1 : Operation 31 [1/1] (0.00ns)   --->   "%bucket_sizes_963 = alloca i32 1"   --->   Operation 31 'alloca' 'bucket_sizes_963' <Predicate = true> <Delay = 0.00>
ST_1 : Operation 32 [1/1] (0.00ns)   --->   "%bucket_sizes_964 = alloca i32 1"   --->   Operation 32 'alloca' 'bucket_sizes_964' <Predicate = true> <Delay = 0.00>
ST_1 : Operation 33 [1/1] (0.00ns)   --->   "%bucket_sizes_965 = alloca i32 1"   --->   Operation 33 'alloca' 'bucket_sizes_965' <Predicate = true> <Delay = 0.00>
ST_1 : Operation 34 [1/1] (0.00ns)   --->   "%bucket_sizes_966 = alloca i32 1"   --->   Operation 34 'alloca' 'bucket_sizes_966' <Predicate = true> <Delay = 0.00>
ST_1 : Operation 35 [1/1] (0.00ns)   --->   "%bucket_sizes_967 = alloca i32 1"   --->   Operation 35 'alloca' 'bucket_sizes_967' <Predicate = true> <Delay = 0.00>
ST_1 : Operation 36 [1/1] (0.00ns)   --->   "%bucket_sizes_968 = alloca i32 1"   --->   Operation 36 'alloca' 'bucket_sizes_968' <Predicate = true> <Delay = 0.00>
ST_1 : Operation 37 [1/1] (0.00ns)   --->   "%bucket_sizes_969 = alloca i32 1"   --->   Operation 37 'alloca' 'bucket_sizes_969' <Predicate = true> <Delay = 0.00>
ST_1 : Operation 38 [1/1] (0.00ns)   --->   "%bucket_sizes_970 = alloca i32 1"   --->   Operation 38 'alloca' 'bucket_sizes_970' <Predicate = true> <Delay = 0.00>
ST_1 : Operation 39 [1/1] (0.00ns)   --->   "%bucket_sizes_971 = alloca i32 1"   --->   Operation 39 'alloca' 'bucket_sizes_971' <Predicate = true> <Delay = 0.00>
ST_1 : Operation 40 [1/1] (0.00ns)   --->   "%bucket_sizes_972 = alloca i32 1"   --->   Operation 40 'alloca' 'bucket_sizes_972' <Predicate = true> <Delay = 0.00>
ST_1 : Operation 41 [1/1] (0.00ns)   --->   "%bucket_sizes_973 = alloca i32 1"   --->   Operation 41 'alloca' 'bucket_sizes_973' <Predicate = true> <Delay = 0.00>
ST_1 : Operation 42 [1/1] (0.00ns)   --->   "%bucket_sizes_974 = alloca i32 1"   --->   Operation 42 'alloca' 'bucket_sizes_974' <Predicate = true> <Delay = 0.00>
ST_1 : Operation 43 [1/1] (0.00ns)   --->   "%bucket_sizes_975 = alloca i32 1"   --->   Operation 43 'alloca' 'bucket_sizes_975' <Predicate = true> <Delay = 0.00>
ST_1 : Operation 44 [1/1] (0.00ns)   --->   "%bucket_pointer_1381_loc = alloca i64 1"   --->   Operation 44 'alloca' 'bucket_pointer_1381_loc' <Predicate = true> <Delay = 0.00>
ST_1 : Operation 45 [1/1] (0.00ns)   --->   "%bucket_pointer_1382_loc = alloca i64 1"   --->   Operation 45 'alloca' 'bucket_pointer_1382_loc' <Predicate = true> <Delay = 0.00>
ST_1 : Operation 46 [1/1] (0.00ns)   --->   "%bucket_pointer_1383_loc = alloca i64 1"   --->   Operation 46 'alloca' 'bucket_pointer_1383_loc' <Predicate = true> <Delay = 0.00>
ST_1 : Operation 47 [1/1] (0.00ns)   --->   "%bucket_pointer_1384_loc = alloca i64 1"   --->   Operation 47 'alloca' 'bucket_pointer_1384_loc' <Predicate = true> <Delay = 0.00>
ST_1 : Operation 48 [1/1] (0.00ns)   --->   "%bucket_pointer_1385_loc = alloca i64 1"   --->   Operation 48 'alloca' 'bucket_pointer_1385_loc' <Predicate = true> <Delay = 0.00>
ST_1 : Operation 49 [1/1] (0.00ns)   --->   "%bucket_pointer_1386_loc = alloca i64 1"   --->   Operation 49 'alloca' 'bucket_pointer_1386_loc' <Predicate = true> <Delay = 0.00>
ST_1 : Operation 50 [1/1] (0.00ns)   --->   "%bucket_pointer_1387_loc = alloca i64 1"   --->   Operation 50 'alloca' 'bucket_pointer_1387_loc' <Predicate = true> <Delay = 0.00>
ST_1 : Operation 51 [1/1] (0.00ns)   --->   "%bucket_pointer_1388_loc = alloca i64 1"   --->   Operation 51 'alloca' 'bucket_pointer_1388_loc' <Predicate = true> <Delay = 0.00>
ST_1 : Operation 52 [1/1] (0.00ns)   --->   "%bucket_pointer_1389_loc = alloca i64 1"   --->   Operation 52 'alloca' 'bucket_pointer_1389_loc' <Predicate = true> <Delay = 0.00>
ST_1 : Operation 53 [1/1] (0.00ns)   --->   "%bucket_pointer_1390_loc = alloca i64 1"   --->   Operation 53 'alloca' 'bucket_pointer_1390_loc' <Predicate = true> <Delay = 0.00>
ST_1 : Operation 54 [1/1] (0.00ns)   --->   "%bucket_pointer_1391_loc = alloca i64 1"   --->   Operation 54 'alloca' 'bucket_pointer_1391_loc' <Predicate = true> <Delay = 0.00>
ST_1 : Operation 55 [1/1] (0.00ns)   --->   "%bucket_pointer_1392_loc = alloca i64 1"   --->   Operation 55 'alloca' 'bucket_pointer_1392_loc' <Predicate = true> <Delay = 0.00>
ST_1 : Operation 56 [1/1] (0.00ns)   --->   "%bucket_pointer_1393_loc = alloca i64 1"   --->   Operation 56 'alloca' 'bucket_pointer_1393_loc' <Predicate = true> <Delay = 0.00>
ST_1 : Operation 57 [1/1] (0.00ns)   --->   "%bucket_pointer_1394_loc = alloca i64 1"   --->   Operation 57 'alloca' 'bucket_pointer_1394_loc' <Predicate = true> <Delay = 0.00>
ST_1 : Operation 58 [1/1] (0.00ns)   --->   "%bucket_pointer_1395_loc = alloca i64 1"   --->   Operation 58 'alloca' 'bucket_pointer_1395_loc' <Predicate = true> <Delay = 0.00>
ST_1 : Operation 59 [1/1] (0.00ns)   --->   "%bucket_pointer_1396_loc = alloca i64 1"   --->   Operation 59 'alloca' 'bucket_pointer_1396_loc' <Predicate = true> <Delay = 0.00>
ST_1 : Operation 60 [1/1] (0.00ns)   --->   "%bucket_sizes_3126_loc = alloca i64 1"   --->   Operation 60 'alloca' 'bucket_sizes_3126_loc' <Predicate = true> <Delay = 0.00>
ST_1 : Operation 61 [1/1] (0.00ns)   --->   "%bucket_sizes_3127_loc = alloca i64 1"   --->   Operation 61 'alloca' 'bucket_sizes_3127_loc' <Predicate = true> <Delay = 0.00>
ST_1 : Operation 62 [1/1] (0.00ns)   --->   "%bucket_sizes_3128_loc = alloca i64 1"   --->   Operation 62 'alloca' 'bucket_sizes_3128_loc' <Predicate = true> <Delay = 0.00>
ST_1 : Operation 63 [1/1] (0.00ns)   --->   "%bucket_sizes_3129_loc = alloca i64 1"   --->   Operation 63 'alloca' 'bucket_sizes_3129_loc' <Predicate = true> <Delay = 0.00>
ST_1 : Operation 64 [1/1] (0.00ns)   --->   "%bucket_sizes_3130_loc = alloca i64 1"   --->   Operation 64 'alloca' 'bucket_sizes_3130_loc' <Predicate = true> <Delay = 0.00>
ST_1 : Operation 65 [1/1] (0.00ns)   --->   "%bucket_sizes_3131_loc = alloca i64 1"   --->   Operation 65 'alloca' 'bucket_sizes_3131_loc' <Predicate = true> <Delay = 0.00>
ST_1 : Operation 66 [1/1] (0.00ns)   --->   "%bucket_sizes_3132_loc = alloca i64 1"   --->   Operation 66 'alloca' 'bucket_sizes_3132_loc' <Predicate = true> <Delay = 0.00>
ST_1 : Operation 67 [1/1] (0.00ns)   --->   "%bucket_sizes_3133_loc = alloca i64 1"   --->   Operation 67 'alloca' 'bucket_sizes_3133_loc' <Predicate = true> <Delay = 0.00>
ST_1 : Operation 68 [1/1] (0.00ns)   --->   "%bucket_sizes_3134_loc = alloca i64 1"   --->   Operation 68 'alloca' 'bucket_sizes_3134_loc' <Predicate = true> <Delay = 0.00>
ST_1 : Operation 69 [1/1] (0.00ns)   --->   "%bucket_sizes_3135_loc = alloca i64 1"   --->   Operation 69 'alloca' 'bucket_sizes_3135_loc' <Predicate = true> <Delay = 0.00>
ST_1 : Operation 70 [1/1] (0.00ns)   --->   "%bucket_sizes_3136_loc = alloca i64 1"   --->   Operation 70 'alloca' 'bucket_sizes_3136_loc' <Predicate = true> <Delay = 0.00>
ST_1 : Operation 71 [1/1] (0.00ns)   --->   "%bucket_sizes_3137_loc = alloca i64 1"   --->   Operation 71 'alloca' 'bucket_sizes_3137_loc' <Predicate = true> <Delay = 0.00>
ST_1 : Operation 72 [1/1] (0.00ns)   --->   "%bucket_sizes_3138_loc = alloca i64 1"   --->   Operation 72 'alloca' 'bucket_sizes_3138_loc' <Predicate = true> <Delay = 0.00>
ST_1 : Operation 73 [1/1] (0.00ns)   --->   "%bucket_sizes_3139_loc = alloca i64 1"   --->   Operation 73 'alloca' 'bucket_sizes_3139_loc' <Predicate = true> <Delay = 0.00>
ST_1 : Operation 74 [1/1] (0.00ns)   --->   "%bucket_sizes_3140_loc = alloca i64 1"   --->   Operation 74 'alloca' 'bucket_sizes_3140_loc' <Predicate = true> <Delay = 0.00>
ST_1 : Operation 75 [1/1] (0.00ns)   --->   "%bucket_sizes_3141_loc = alloca i64 1"   --->   Operation 75 'alloca' 'bucket_sizes_3141_loc' <Predicate = true> <Delay = 0.00>
ST_1 : Operation 76 [1/1] (0.00ns)   --->   "%bucket_sizes_loc = alloca i64 1"   --->   Operation 76 'alloca' 'bucket_sizes_loc' <Predicate = true> <Delay = 0.00>
ST_1 : Operation 77 [1/1] (0.00ns)   --->   "%bucket_sizes_3046_loc = alloca i64 1"   --->   Operation 77 'alloca' 'bucket_sizes_3046_loc' <Predicate = true> <Delay = 0.00>
ST_1 : Operation 78 [1/1] (0.00ns)   --->   "%bucket_sizes_3047_loc = alloca i64 1"   --->   Operation 78 'alloca' 'bucket_sizes_3047_loc' <Predicate = true> <Delay = 0.00>
ST_1 : Operation 79 [1/1] (0.00ns)   --->   "%bucket_sizes_3048_loc = alloca i64 1"   --->   Operation 79 'alloca' 'bucket_sizes_3048_loc' <Predicate = true> <Delay = 0.00>
ST_1 : Operation 80 [1/1] (0.00ns)   --->   "%bucket_sizes_3049_loc = alloca i64 1"   --->   Operation 80 'alloca' 'bucket_sizes_3049_loc' <Predicate = true> <Delay = 0.00>
ST_1 : Operation 81 [1/1] (0.00ns)   --->   "%bucket_sizes_3050_loc = alloca i64 1"   --->   Operation 81 'alloca' 'bucket_sizes_3050_loc' <Predicate = true> <Delay = 0.00>
ST_1 : Operation 82 [1/1] (0.00ns)   --->   "%bucket_sizes_3051_loc = alloca i64 1"   --->   Operation 82 'alloca' 'bucket_sizes_3051_loc' <Predicate = true> <Delay = 0.00>
ST_1 : Operation 83 [1/1] (0.00ns)   --->   "%bucket_sizes_3052_loc = alloca i64 1"   --->   Operation 83 'alloca' 'bucket_sizes_3052_loc' <Predicate = true> <Delay = 0.00>
ST_1 : Operation 84 [1/1] (0.00ns)   --->   "%bucket_sizes_3053_loc = alloca i64 1"   --->   Operation 84 'alloca' 'bucket_sizes_3053_loc' <Predicate = true> <Delay = 0.00>
ST_1 : Operation 85 [1/1] (0.00ns)   --->   "%bucket_sizes_3054_loc = alloca i64 1"   --->   Operation 85 'alloca' 'bucket_sizes_3054_loc' <Predicate = true> <Delay = 0.00>
ST_1 : Operation 86 [1/1] (0.00ns)   --->   "%bucket_sizes_3055_loc = alloca i64 1"   --->   Operation 86 'alloca' 'bucket_sizes_3055_loc' <Predicate = true> <Delay = 0.00>
ST_1 : Operation 87 [1/1] (0.00ns)   --->   "%bucket_sizes_3056_loc = alloca i64 1"   --->   Operation 87 'alloca' 'bucket_sizes_3056_loc' <Predicate = true> <Delay = 0.00>
ST_1 : Operation 88 [1/1] (0.00ns)   --->   "%bucket_sizes_3057_loc = alloca i64 1"   --->   Operation 88 'alloca' 'bucket_sizes_3057_loc' <Predicate = true> <Delay = 0.00>
ST_1 : Operation 89 [1/1] (0.00ns)   --->   "%bucket_sizes_3058_loc = alloca i64 1"   --->   Operation 89 'alloca' 'bucket_sizes_3058_loc' <Predicate = true> <Delay = 0.00>
ST_1 : Operation 90 [1/1] (0.00ns)   --->   "%bucket_sizes_3059_loc = alloca i64 1"   --->   Operation 90 'alloca' 'bucket_sizes_3059_loc' <Predicate = true> <Delay = 0.00>
ST_1 : Operation 91 [1/1] (0.00ns)   --->   "%bucket_sizes_3060_loc = alloca i64 1"   --->   Operation 91 'alloca' 'bucket_sizes_3060_loc' <Predicate = true> <Delay = 0.00>
ST_1 : Operation 92 [1/1] (0.00ns)   --->   "%bucket = alloca i64 1" [sort_seperate_bucket/radix_sort.c:61]   --->   Operation 92 'alloca' 'bucket' <Predicate = true> <Delay = 0.00>
ST_1 : Operation 93 [2/2] (0.00ns)   --->   "%call_ln0 = call void @radix_sort_unified_bucket_pingpong.18.1_Pipeline_1, i32 %bucket_sizes_3060_loc, i32 %bucket_sizes_3059_loc, i32 %bucket_sizes_3058_loc, i32 %bucket_sizes_3057_loc, i32 %bucket_sizes_3056_loc, i32 %bucket_sizes_3055_loc, i32 %bucket_sizes_3054_loc, i32 %bucket_sizes_3053_loc, i32 %bucket_sizes_3052_loc, i32 %bucket_sizes_3051_loc, i32 %bucket_sizes_3050_loc, i32 %bucket_sizes_3049_loc, i32 %bucket_sizes_3048_loc, i32 %bucket_sizes_3047_loc, i32 %bucket_sizes_3046_loc, i32 %bucket_sizes_loc"   --->   Operation 93 'call' 'call_ln0' <Predicate = true> <Delay = 0.00> <CoreType = "Generic">   --->   Core 0 '' <Latency = 0> <II = 1> <Delay = 1.00> <Generic> <Opcode : >
ST_1 : Operation 94 [1/1] (0.38ns)   --->   "%store_ln78 = store i32 0, i32 %bucket_num_012" [sort_seperate_bucket/radix_sort.c:78]   --->   Operation 94 'store' 'store_ln78' <Predicate = true> <Delay = 0.38>
ST_1 : Operation 95 [1/1] (0.38ns)   --->   "%store_ln78 = store i4 0, i4 %i_011" [sort_seperate_bucket/radix_sort.c:78]   --->   Operation 95 'store' 'store_ln78' <Predicate = true> <Delay = 0.38>

State 2 <SV = 1> <Delay = 1.02>
ST_2 : Operation 96 [1/2] (1.02ns)   --->   "%call_ln0 = call void @radix_sort_unified_bucket_pingpong.18.1_Pipeline_1, i32 %bucket_sizes_3060_loc, i32 %bucket_sizes_3059_loc, i32 %bucket_sizes_3058_loc, i32 %bucket_sizes_3057_loc, i32 %bucket_sizes_3056_loc, i32 %bucket_sizes_3055_loc, i32 %bucket_sizes_3054_loc, i32 %bucket_sizes_3053_loc, i32 %bucket_sizes_3052_loc, i32 %bucket_sizes_3051_loc, i32 %bucket_sizes_3050_loc, i32 %bucket_sizes_3049_loc, i32 %bucket_sizes_3048_loc, i32 %bucket_sizes_3047_loc, i32 %bucket_sizes_3046_loc, i32 %bucket_sizes_loc"   --->   Operation 96 'call' 'call_ln0' <Predicate = true> <Delay = 1.02> <CoreType = "Generic">   --->   Core 0 '' <Latency = 0> <II = 1> <Delay = 1.00> <Generic> <Opcode : >

State 3 <SV = 2> <Delay = 0.38>
ST_3 : Operation 97 [1/1] (0.00ns)   --->   "%bucket_sizes_3060_loc_load = load i32 %bucket_sizes_3060_loc"   --->   Operation 97 'load' 'bucket_sizes_3060_loc_load' <Predicate = true> <Delay = 0.00>
ST_3 : Operation 98 [1/1] (0.00ns)   --->   "%bucket_sizes_3059_loc_load = load i32 %bucket_sizes_3059_loc"   --->   Operation 98 'load' 'bucket_sizes_3059_loc_load' <Predicate = true> <Delay = 0.00>
ST_3 : Operation 99 [1/1] (0.00ns)   --->   "%bucket_sizes_3058_loc_load = load i32 %bucket_sizes_3058_loc"   --->   Operation 99 'load' 'bucket_sizes_3058_loc_load' <Predicate = true> <Delay = 0.00>
ST_3 : Operation 100 [1/1] (0.00ns)   --->   "%bucket_sizes_3057_loc_load = load i32 %bucket_sizes_3057_loc"   --->   Operation 100 'load' 'bucket_sizes_3057_loc_load' <Predicate = true> <Delay = 0.00>
ST_3 : Operation 101 [1/1] (0.00ns)   --->   "%bucket_sizes_3056_loc_load = load i32 %bucket_sizes_3056_loc"   --->   Operation 101 'load' 'bucket_sizes_3056_loc_load' <Predicate = true> <Delay = 0.00>
ST_3 : Operation 102 [1/1] (0.00ns)   --->   "%bucket_sizes_3055_loc_load = load i32 %bucket_sizes_3055_loc"   --->   Operation 102 'load' 'bucket_sizes_3055_loc_load' <Predicate = true> <Delay = 0.00>
ST_3 : Operation 103 [1/1] (0.00ns)   --->   "%bucket_sizes_3054_loc_load = load i32 %bucket_sizes_3054_loc"   --->   Operation 103 'load' 'bucket_sizes_3054_loc_load' <Predicate = true> <Delay = 0.00>
ST_3 : Operation 104 [1/1] (0.00ns)   --->   "%bucket_sizes_3053_loc_load = load i32 %bucket_sizes_3053_loc"   --->   Operation 104 'load' 'bucket_sizes_3053_loc_load' <Predicate = true> <Delay = 0.00>
ST_3 : Operation 105 [1/1] (0.00ns)   --->   "%bucket_sizes_3052_loc_load = load i32 %bucket_sizes_3052_loc"   --->   Operation 105 'load' 'bucket_sizes_3052_loc_load' <Predicate = true> <Delay = 0.00>
ST_3 : Operation 106 [1/1] (0.00ns)   --->   "%bucket_sizes_3051_loc_load = load i32 %bucket_sizes_3051_loc"   --->   Operation 106 'load' 'bucket_sizes_3051_loc_load' <Predicate = true> <Delay = 0.00>
ST_3 : Operation 107 [1/1] (0.00ns)   --->   "%bucket_sizes_3050_loc_load = load i32 %bucket_sizes_3050_loc"   --->   Operation 107 'load' 'bucket_sizes_3050_loc_load' <Predicate = true> <Delay = 0.00>
ST_3 : Operation 108 [1/1] (0.00ns)   --->   "%bucket_sizes_3049_loc_load = load i32 %bucket_sizes_3049_loc"   --->   Operation 108 'load' 'bucket_sizes_3049_loc_load' <Predicate = true> <Delay = 0.00>
ST_3 : Operation 109 [1/1] (0.00ns)   --->   "%bucket_sizes_3048_loc_load = load i32 %bucket_sizes_3048_loc"   --->   Operation 109 'load' 'bucket_sizes_3048_loc_load' <Predicate = true> <Delay = 0.00>
ST_3 : Operation 110 [1/1] (0.00ns)   --->   "%bucket_sizes_3047_loc_load = load i32 %bucket_sizes_3047_loc"   --->   Operation 110 'load' 'bucket_sizes_3047_loc_load' <Predicate = true> <Delay = 0.00>
ST_3 : Operation 111 [1/1] (0.00ns)   --->   "%bucket_sizes_3046_loc_load = load i32 %bucket_sizes_3046_loc"   --->   Operation 111 'load' 'bucket_sizes_3046_loc_load' <Predicate = true> <Delay = 0.00>
ST_3 : Operation 112 [1/1] (0.00ns)   --->   "%bucket_sizes_loc_load = load i32 %bucket_sizes_loc"   --->   Operation 112 'load' 'bucket_sizes_loc_load' <Predicate = true> <Delay = 0.00>
ST_3 : Operation 113 [2/2] (0.38ns)   --->   "%call_ln0 = call void @radix_sort_unified_bucket_pingpong.18.1_Pipeline_initialization, i32 %bucket_sizes_3060_loc_load, i32 %bucket_sizes_3059_loc_load, i32 %bucket_sizes_3058_loc_load, i32 %bucket_sizes_3057_loc_load, i32 %bucket_sizes_3056_loc_load, i32 %bucket_sizes_3055_loc_load, i32 %bucket_sizes_3054_loc_load, i32 %bucket_sizes_3053_loc_load, i32 %bucket_sizes_3052_loc_load, i32 %bucket_sizes_3051_loc_load, i32 %bucket_sizes_3050_loc_load, i32 %bucket_sizes_3049_loc_load, i32 %bucket_sizes_3048_loc_load, i32 %bucket_sizes_3047_loc_load, i32 %bucket_sizes_3046_loc_load, i32 %bucket_sizes_loc_load, i32 %bucket, i32 %input_17, i32 %bucket_sizes_975, i32 %bucket_sizes_974, i32 %bucket_sizes_973, i32 %bucket_sizes_972, i32 %bucket_sizes_971, i32 %bucket_sizes_970, i32 %bucket_sizes_969, i32 %bucket_sizes_968, i32 %bucket_sizes_967, i32 %bucket_sizes_966, i32 %bucket_sizes_965, i32 %bucket_sizes_964, i32 %bucket_sizes_963, i32 %bucket_sizes_962, i32 %bucket_sizes_961, i32 %bucket_sizes"   --->   Operation 113 'call' 'call_ln0' <Predicate = true> <Delay = 0.38> <CoreType = "Generic">   --->   Core 0 '' <Latency = 0> <II = 1> <Delay = 1.00> <Generic> <Opcode : >

State 4 <SV = 3> <Delay = 0.00>
ST_4 : Operation 114 [1/1] (0.00ns)   --->   "%specinterface_ln0 = specinterface void @_ssdm_op_SpecInterface, i32 %input_17, void @empty_31, i32 0, i32 0, void @empty_15, i32 4294967295, i32 0, void @empty_15, void @empty_15, void @empty_15, i32 0, i32 0, i32 0, i32 0, void @empty_15, void @empty_15, i32 4294967295, i32 0"   --->   Operation 114 'specinterface' 'specinterface_ln0' <Predicate = true> <Delay = 0.00>
ST_4 : Operation 115 [1/2] (0.00ns)   --->   "%call_ln0 = call void @radix_sort_unified_bucket_pingpong.18.1_Pipeline_initialization, i32 %bucket_sizes_3060_loc_load, i32 %bucket_sizes_3059_loc_load, i32 %bucket_sizes_3058_loc_load, i32 %bucket_sizes_3057_loc_load, i32 %bucket_sizes_3056_loc_load, i32 %bucket_sizes_3055_loc_load, i32 %bucket_sizes_3054_loc_load, i32 %bucket_sizes_3053_loc_load, i32 %bucket_sizes_3052_loc_load, i32 %bucket_sizes_3051_loc_load, i32 %bucket_sizes_3050_loc_load, i32 %bucket_sizes_3049_loc_load, i32 %bucket_sizes_3048_loc_load, i32 %bucket_sizes_3047_loc_load, i32 %bucket_sizes_3046_loc_load, i32 %bucket_sizes_loc_load, i32 %bucket, i32 %input_17, i32 %bucket_sizes_975, i32 %bucket_sizes_974, i32 %bucket_sizes_973, i32 %bucket_sizes_972, i32 %bucket_sizes_971, i32 %bucket_sizes_970, i32 %bucket_sizes_969, i32 %bucket_sizes_968, i32 %bucket_sizes_967, i32 %bucket_sizes_966, i32 %bucket_sizes_965, i32 %bucket_sizes_964, i32 %bucket_sizes_963, i32 %bucket_sizes_962, i32 %bucket_sizes_961, i32 %bucket_sizes"   --->   Operation 115 'call' 'call_ln0' <Predicate = true> <Delay = 0.00> <CoreType = "Generic">   --->   Core 0 '' <Latency = 0> <II = 1> <Delay = 1.00> <Generic> <Opcode : >
ST_4 : Operation 116 [1/1] (0.00ns)   --->   "%br_ln78 = br void %bucket_pointer_initialization" [sort_seperate_bucket/radix_sort.c:78]   --->   Operation 116 'br' 'br_ln78' <Predicate = true> <Delay = 0.00>

State 5 <SV = 4> <Delay = 1.09>
ST_5 : Operation 117 [1/1] (0.00ns)   --->   "%i = load i4 %i_011"   --->   Operation 117 'load' 'i' <Predicate = true> <Delay = 0.00>
ST_5 : Operation 118 [1/1] (0.65ns)   --->   "%icmp_ln78 = icmp_eq  i4 %i, i4 8" [sort_seperate_bucket/radix_sort.c:78]   --->   Operation 118 'icmp' 'icmp_ln78' <Predicate = true> <Delay = 0.65> <CoreInst = "Cmp">   --->   Core 9 'Cmp' <Latency = 0> <II = 1> <Delay = 0.65> <FuncUnit> <Opcode : 'icmp'> <InPorts = 2> <OutPorts = 1>
ST_5 : Operation 119 [1/1] (0.00ns)   --->   "%empty = speclooptripcount i32 @_ssdm_op_SpecLoopTripCount, i64 8, i64 8, i64 8"   --->   Operation 119 'speclooptripcount' 'empty' <Predicate = true> <Delay = 0.00>
ST_5 : Operation 120 [1/1] (0.70ns)   --->   "%i_33 = add i4 %i, i4 1" [sort_seperate_bucket/radix_sort.c:78]   --->   Operation 120 'add' 'i_33' <Predicate = true> <Delay = 0.70> <CoreInst = "Adder">   --->   Core 1 'Adder' <Latency = 0> <II = 1> <Delay = 0.70> <FuncUnit> <Opcode : 'add' 'sub'> <InPorts = 2> <OutPorts = 1>
ST_5 : Operation 121 [1/1] (0.00ns)   --->   "%br_ln78 = br i1 %icmp_ln78, void %xlx_merge_loop.bucket_pointer_initialization.17_begin, void %for.inc79.preheader" [sort_seperate_bucket/radix_sort.c:78]   --->   Operation 121 'br' 'br_ln78' <Predicate = true> <Delay = 0.00>
ST_5 : Operation 122 [1/1] (0.00ns)   --->   "%bucket_pointer_load = load i32 %bucket_pointer"   --->   Operation 122 'load' 'bucket_pointer_load' <Predicate = (!icmp_ln78)> <Delay = 0.00>
ST_5 : Operation 123 [1/1] (0.00ns)   --->   "%bucket_pointer_734_load = load i32 %bucket_pointer_734"   --->   Operation 123 'load' 'bucket_pointer_734_load' <Predicate = (!icmp_ln78)> <Delay = 0.00>
ST_5 : Operation 124 [1/1] (0.00ns)   --->   "%bucket_pointer_735_load = load i32 %bucket_pointer_735"   --->   Operation 124 'load' 'bucket_pointer_735_load' <Predicate = (!icmp_ln78)> <Delay = 0.00>
ST_5 : Operation 125 [1/1] (0.00ns)   --->   "%bucket_pointer_736_load = load i32 %bucket_pointer_736"   --->   Operation 125 'load' 'bucket_pointer_736_load' <Predicate = (!icmp_ln78)> <Delay = 0.00>
ST_5 : Operation 126 [1/1] (0.00ns)   --->   "%bucket_pointer_737_load = load i32 %bucket_pointer_737"   --->   Operation 126 'load' 'bucket_pointer_737_load' <Predicate = (!icmp_ln78)> <Delay = 0.00>
ST_5 : Operation 127 [1/1] (0.00ns)   --->   "%bucket_pointer_738_load = load i32 %bucket_pointer_738"   --->   Operation 127 'load' 'bucket_pointer_738_load' <Predicate = (!icmp_ln78)> <Delay = 0.00>
ST_5 : Operation 128 [1/1] (0.00ns)   --->   "%bucket_pointer_739_load = load i32 %bucket_pointer_739"   --->   Operation 128 'load' 'bucket_pointer_739_load' <Predicate = (!icmp_ln78)> <Delay = 0.00>
ST_5 : Operation 129 [1/1] (0.00ns)   --->   "%bucket_pointer_740_load = load i32 %bucket_pointer_740"   --->   Operation 129 'load' 'bucket_pointer_740_load' <Predicate = (!icmp_ln78)> <Delay = 0.00>
ST_5 : Operation 130 [1/1] (0.00ns)   --->   "%bucket_pointer_741_load = load i32 %bucket_pointer_741"   --->   Operation 130 'load' 'bucket_pointer_741_load' <Predicate = (!icmp_ln78)> <Delay = 0.00>
ST_5 : Operation 131 [1/1] (0.00ns)   --->   "%bucket_pointer_742_load = load i32 %bucket_pointer_742"   --->   Operation 131 'load' 'bucket_pointer_742_load' <Predicate = (!icmp_ln78)> <Delay = 0.00>
ST_5 : Operation 132 [1/1] (0.00ns)   --->   "%bucket_pointer_743_load = load i32 %bucket_pointer_743"   --->   Operation 132 'load' 'bucket_pointer_743_load' <Predicate = (!icmp_ln78)> <Delay = 0.00>
ST_5 : Operation 133 [1/1] (0.00ns)   --->   "%bucket_pointer_744_load = load i32 %bucket_pointer_744"   --->   Operation 133 'load' 'bucket_pointer_744_load' <Predicate = (!icmp_ln78)> <Delay = 0.00>
ST_5 : Operation 134 [1/1] (0.00ns)   --->   "%bucket_pointer_745_load = load i32 %bucket_pointer_745"   --->   Operation 134 'load' 'bucket_pointer_745_load' <Predicate = (!icmp_ln78)> <Delay = 0.00>
ST_5 : Operation 135 [1/1] (0.00ns)   --->   "%bucket_pointer_746_load = load i32 %bucket_pointer_746"   --->   Operation 135 'load' 'bucket_pointer_746_load' <Predicate = (!icmp_ln78)> <Delay = 0.00>
ST_5 : Operation 136 [1/1] (0.00ns)   --->   "%bucket_pointer_747_load = load i32 %bucket_pointer_747"   --->   Operation 136 'load' 'bucket_pointer_747_load' <Predicate = (!icmp_ln78)> <Delay = 0.00>
ST_5 : Operation 137 [1/1] (0.00ns)   --->   "%bucket_pointer_748_load = load i32 %bucket_pointer_748"   --->   Operation 137 'load' 'bucket_pointer_748_load' <Predicate = (!icmp_ln78)> <Delay = 0.00>
ST_5 : Operation 138 [1/1] (0.00ns)   --->   "%bucket_sizes_load = load i32 %bucket_sizes"   --->   Operation 138 'load' 'bucket_sizes_load' <Predicate = (!icmp_ln78)> <Delay = 0.00>
ST_5 : Operation 139 [1/1] (0.00ns)   --->   "%bucket_sizes_961_load = load i32 %bucket_sizes_961"   --->   Operation 139 'load' 'bucket_sizes_961_load' <Predicate = (!icmp_ln78)> <Delay = 0.00>
ST_5 : Operation 140 [1/1] (0.00ns)   --->   "%bucket_sizes_962_load = load i32 %bucket_sizes_962"   --->   Operation 140 'load' 'bucket_sizes_962_load' <Predicate = (!icmp_ln78)> <Delay = 0.00>
ST_5 : Operation 141 [1/1] (0.00ns)   --->   "%bucket_sizes_963_load = load i32 %bucket_sizes_963"   --->   Operation 141 'load' 'bucket_sizes_963_load' <Predicate = (!icmp_ln78)> <Delay = 0.00>
ST_5 : Operation 142 [1/1] (0.00ns)   --->   "%bucket_sizes_964_load = load i32 %bucket_sizes_964"   --->   Operation 142 'load' 'bucket_sizes_964_load' <Predicate = (!icmp_ln78)> <Delay = 0.00>
ST_5 : Operation 143 [1/1] (0.00ns)   --->   "%bucket_sizes_965_load = load i32 %bucket_sizes_965"   --->   Operation 143 'load' 'bucket_sizes_965_load' <Predicate = (!icmp_ln78)> <Delay = 0.00>
ST_5 : Operation 144 [1/1] (0.00ns)   --->   "%bucket_sizes_966_load = load i32 %bucket_sizes_966"   --->   Operation 144 'load' 'bucket_sizes_966_load' <Predicate = (!icmp_ln78)> <Delay = 0.00>
ST_5 : Operation 145 [1/1] (0.00ns)   --->   "%bucket_sizes_967_load = load i32 %bucket_sizes_967"   --->   Operation 145 'load' 'bucket_sizes_967_load' <Predicate = (!icmp_ln78)> <Delay = 0.00>
ST_5 : Operation 146 [1/1] (0.00ns)   --->   "%bucket_sizes_968_load = load i32 %bucket_sizes_968"   --->   Operation 146 'load' 'bucket_sizes_968_load' <Predicate = (!icmp_ln78)> <Delay = 0.00>
ST_5 : Operation 147 [1/1] (0.00ns)   --->   "%bucket_sizes_969_load = load i32 %bucket_sizes_969"   --->   Operation 147 'load' 'bucket_sizes_969_load' <Predicate = (!icmp_ln78)> <Delay = 0.00>
ST_5 : Operation 148 [1/1] (0.00ns)   --->   "%bucket_sizes_970_load = load i32 %bucket_sizes_970"   --->   Operation 148 'load' 'bucket_sizes_970_load' <Predicate = (!icmp_ln78)> <Delay = 0.00>
ST_5 : Operation 149 [1/1] (0.00ns)   --->   "%bucket_sizes_971_load = load i32 %bucket_sizes_971"   --->   Operation 149 'load' 'bucket_sizes_971_load' <Predicate = (!icmp_ln78)> <Delay = 0.00>
ST_5 : Operation 150 [1/1] (0.00ns)   --->   "%bucket_sizes_972_load = load i32 %bucket_sizes_972"   --->   Operation 150 'load' 'bucket_sizes_972_load' <Predicate = (!icmp_ln78)> <Delay = 0.00>
ST_5 : Operation 151 [1/1] (0.00ns)   --->   "%bucket_sizes_973_load = load i32 %bucket_sizes_973"   --->   Operation 151 'load' 'bucket_sizes_973_load' <Predicate = (!icmp_ln78)> <Delay = 0.00>
ST_5 : Operation 152 [1/1] (0.00ns)   --->   "%bucket_sizes_974_load = load i32 %bucket_sizes_974"   --->   Operation 152 'load' 'bucket_sizes_974_load' <Predicate = (!icmp_ln78)> <Delay = 0.00>
ST_5 : Operation 153 [1/1] (0.00ns)   --->   "%bucket_sizes_975_load = load i32 %bucket_sizes_975"   --->   Operation 153 'load' 'bucket_sizes_975_load' <Predicate = (!icmp_ln78)> <Delay = 0.00>
ST_5 : Operation 154 [2/2] (0.38ns)   --->   "%call_ln0 = call void @radix_sort_unified_bucket_pingpong.18.1_Pipeline_bucket_pointer_initialization, i32 %bucket_sizes_975_load, i32 %bucket_sizes_974_load, i32 %bucket_sizes_973_load, i32 %bucket_sizes_972_load, i32 %bucket_sizes_971_load, i32 %bucket_sizes_970_load, i32 %bucket_sizes_969_load, i32 %bucket_sizes_968_load, i32 %bucket_sizes_967_load, i32 %bucket_sizes_966_load, i32 %bucket_sizes_965_load, i32 %bucket_sizes_964_load, i32 %bucket_sizes_963_load, i32 %bucket_sizes_962_load, i32 %bucket_sizes_961_load, i32 %bucket_sizes_load, i32 %bucket_pointer_748_load, i32 %bucket_pointer_747_load, i32 %bucket_pointer_746_load, i32 %bucket_pointer_745_load, i32 %bucket_pointer_744_load, i32 %bucket_pointer_743_load, i32 %bucket_pointer_742_load, i32 %bucket_pointer_741_load, i32 %bucket_pointer_740_load, i32 %bucket_pointer_739_load, i32 %bucket_pointer_738_load, i32 %bucket_pointer_737_load, i32 %bucket_pointer_736_load, i32 %bucket_pointer_735_load, i32 %bucket_pointer_734_load, i32 %bucket_pointer_load, i32 %bucket_sizes_3141_loc, i32 %bucket_sizes_3140_loc, i32 %bucket_sizes_3139_loc, i32 %bucket_sizes_3138_loc, i32 %bucket_sizes_3137_loc, i32 %bucket_sizes_3136_loc, i32 %bucket_sizes_3135_loc, i32 %bucket_sizes_3134_loc, i32 %bucket_sizes_3133_loc, i32 %bucket_sizes_3132_loc, i32 %bucket_sizes_3131_loc, i32 %bucket_sizes_3130_loc, i32 %bucket_sizes_3129_loc, i32 %bucket_sizes_3128_loc, i32 %bucket_sizes_3127_loc, i32 %bucket_sizes_3126_loc, i32 %bucket_pointer_1396_loc, i32 %bucket_pointer_1395_loc, i32 %bucket_pointer_1394_loc, i32 %bucket_pointer_1393_loc, i32 %bucket_pointer_1392_loc, i32 %bucket_pointer_1391_loc, i32 %bucket_pointer_1390_loc, i32 %bucket_pointer_1389_loc, i32 %bucket_pointer_1388_loc, i32 %bucket_pointer_1387_loc, i32 %bucket_pointer_1386_loc, i32 %bucket_pointer_1385_loc, i32 %bucket_pointer_1384_loc, i32 %bucket_pointer_1383_loc, i32 %bucket_pointer_1382_loc, i32 %bucket_pointer_1381_loc"   --->   Operation 154 'call' 'call_ln0' <Predicate = (!icmp_ln78)> <Delay = 0.38> <CoreType = "Generic">   --->   Core 0 '' <Latency = 0> <II = 1> <Delay = 1.00> <Generic> <Opcode : >
ST_5 : Operation 155 [1/1] (0.00ns)   --->   "%empty_132 = trunc i4 %i"   --->   Operation 155 'trunc' 'empty_132' <Predicate = (!icmp_ln78)> <Delay = 0.00>
ST_5 : Operation 156 [1/1] (0.38ns)   --->   "%store_ln78 = store i4 %i_33, i4 %i_011" [sort_seperate_bucket/radix_sort.c:78]   --->   Operation 156 'store' 'store_ln78' <Predicate = (!icmp_ln78)> <Delay = 0.38>
ST_5 : Operation 157 [2/2] (0.00ns)   --->   "%call_ln0 = call void @radix_sort_unified_bucket_pingpong.18.1_Pipeline_output_bucket, i32 %bucket, i32 %sorted_data"   --->   Operation 157 'call' 'call_ln0' <Predicate = (icmp_ln78)> <Delay = 0.00> <CoreType = "Generic">   --->   Core 0 '' <Latency = 0> <II = 1> <Delay = 1.00> <Generic> <Opcode : >

State 6 <SV = 5> <Delay = 0.63>
ST_6 : Operation 158 [1/2] (0.63ns)   --->   "%call_ln0 = call void @radix_sort_unified_bucket_pingpong.18.1_Pipeline_bucket_pointer_initialization, i32 %bucket_sizes_975_load, i32 %bucket_sizes_974_load, i32 %bucket_sizes_973_load, i32 %bucket_sizes_972_load, i32 %bucket_sizes_971_load, i32 %bucket_sizes_970_load, i32 %bucket_sizes_969_load, i32 %bucket_sizes_968_load, i32 %bucket_sizes_967_load, i32 %bucket_sizes_966_load, i32 %bucket_sizes_965_load, i32 %bucket_sizes_964_load, i32 %bucket_sizes_963_load, i32 %bucket_sizes_962_load, i32 %bucket_sizes_961_load, i32 %bucket_sizes_load, i32 %bucket_pointer_748_load, i32 %bucket_pointer_747_load, i32 %bucket_pointer_746_load, i32 %bucket_pointer_745_load, i32 %bucket_pointer_744_load, i32 %bucket_pointer_743_load, i32 %bucket_pointer_742_load, i32 %bucket_pointer_741_load, i32 %bucket_pointer_740_load, i32 %bucket_pointer_739_load, i32 %bucket_pointer_738_load, i32 %bucket_pointer_737_load, i32 %bucket_pointer_736_load, i32 %bucket_pointer_735_load, i32 %bucket_pointer_734_load, i32 %bucket_pointer_load, i32 %bucket_sizes_3141_loc, i32 %bucket_sizes_3140_loc, i32 %bucket_sizes_3139_loc, i32 %bucket_sizes_3138_loc, i32 %bucket_sizes_3137_loc, i32 %bucket_sizes_3136_loc, i32 %bucket_sizes_3135_loc, i32 %bucket_sizes_3134_loc, i32 %bucket_sizes_3133_loc, i32 %bucket_sizes_3132_loc, i32 %bucket_sizes_3131_loc, i32 %bucket_sizes_3130_loc, i32 %bucket_sizes_3129_loc, i32 %bucket_sizes_3128_loc, i32 %bucket_sizes_3127_loc, i32 %bucket_sizes_3126_loc, i32 %bucket_pointer_1396_loc, i32 %bucket_pointer_1395_loc, i32 %bucket_pointer_1394_loc, i32 %bucket_pointer_1393_loc, i32 %bucket_pointer_1392_loc, i32 %bucket_pointer_1391_loc, i32 %bucket_pointer_1390_loc, i32 %bucket_pointer_1389_loc, i32 %bucket_pointer_1388_loc, i32 %bucket_pointer_1387_loc, i32 %bucket_pointer_1386_loc, i32 %bucket_pointer_1385_loc, i32 %bucket_pointer_1384_loc, i32 %bucket_pointer_1383_loc, i32 %bucket_pointer_1382_loc, i32 %bucket_pointer_1381_loc"   --->   Operation 158 'call' 'call_ln0' <Predicate = true> <Delay = 0.63> <CoreType = "Generic">   --->   Core 0 '' <Latency = 0> <II = 1> <Delay = 1.00> <Generic> <Opcode : >

State 7 <SV = 6> <Delay = 5.25>
ST_7 : Operation 159 [1/1] (0.00ns)   --->   "%bucket_num_012_load = load i32 %bucket_num_012" [sort_seperate_bucket/radix_sort.c:95]   --->   Operation 159 'load' 'bucket_num_012_load' <Predicate = true> <Delay = 0.00>
ST_7 : Operation 160 [1/1] (0.00ns)   --->   "%bucket_sizes_3141_loc_load = load i32 %bucket_sizes_3141_loc"   --->   Operation 160 'load' 'bucket_sizes_3141_loc_load' <Predicate = true> <Delay = 0.00>
ST_7 : Operation 161 [1/1] (0.00ns)   --->   "%bucket_sizes_3140_loc_load = load i32 %bucket_sizes_3140_loc"   --->   Operation 161 'load' 'bucket_sizes_3140_loc_load' <Predicate = true> <Delay = 0.00>
ST_7 : Operation 162 [1/1] (0.00ns)   --->   "%bucket_sizes_3139_loc_load = load i32 %bucket_sizes_3139_loc"   --->   Operation 162 'load' 'bucket_sizes_3139_loc_load' <Predicate = true> <Delay = 0.00>
ST_7 : Operation 163 [1/1] (0.00ns)   --->   "%bucket_sizes_3138_loc_load = load i32 %bucket_sizes_3138_loc"   --->   Operation 163 'load' 'bucket_sizes_3138_loc_load' <Predicate = true> <Delay = 0.00>
ST_7 : Operation 164 [1/1] (0.00ns)   --->   "%bucket_sizes_3137_loc_load = load i32 %bucket_sizes_3137_loc"   --->   Operation 164 'load' 'bucket_sizes_3137_loc_load' <Predicate = true> <Delay = 0.00>
ST_7 : Operation 165 [1/1] (0.00ns)   --->   "%bucket_sizes_3136_loc_load = load i32 %bucket_sizes_3136_loc"   --->   Operation 165 'load' 'bucket_sizes_3136_loc_load' <Predicate = true> <Delay = 0.00>
ST_7 : Operation 166 [1/1] (0.00ns)   --->   "%bucket_sizes_3135_loc_load = load i32 %bucket_sizes_3135_loc"   --->   Operation 166 'load' 'bucket_sizes_3135_loc_load' <Predicate = true> <Delay = 0.00>
ST_7 : Operation 167 [1/1] (0.00ns)   --->   "%bucket_sizes_3134_loc_load = load i32 %bucket_sizes_3134_loc"   --->   Operation 167 'load' 'bucket_sizes_3134_loc_load' <Predicate = true> <Delay = 0.00>
ST_7 : Operation 168 [1/1] (0.00ns)   --->   "%bucket_sizes_3133_loc_load = load i32 %bucket_sizes_3133_loc"   --->   Operation 168 'load' 'bucket_sizes_3133_loc_load' <Predicate = true> <Delay = 0.00>
ST_7 : Operation 169 [1/1] (0.00ns)   --->   "%bucket_sizes_3132_loc_load = load i32 %bucket_sizes_3132_loc"   --->   Operation 169 'load' 'bucket_sizes_3132_loc_load' <Predicate = true> <Delay = 0.00>
ST_7 : Operation 170 [1/1] (0.00ns)   --->   "%bucket_sizes_3131_loc_load = load i32 %bucket_sizes_3131_loc"   --->   Operation 170 'load' 'bucket_sizes_3131_loc_load' <Predicate = true> <Delay = 0.00>
ST_7 : Operation 171 [1/1] (0.00ns)   --->   "%bucket_sizes_3130_loc_load = load i32 %bucket_sizes_3130_loc"   --->   Operation 171 'load' 'bucket_sizes_3130_loc_load' <Predicate = true> <Delay = 0.00>
ST_7 : Operation 172 [1/1] (0.00ns)   --->   "%bucket_sizes_3129_loc_load = load i32 %bucket_sizes_3129_loc"   --->   Operation 172 'load' 'bucket_sizes_3129_loc_load' <Predicate = true> <Delay = 0.00>
ST_7 : Operation 173 [1/1] (0.00ns)   --->   "%bucket_sizes_3128_loc_load = load i32 %bucket_sizes_3128_loc"   --->   Operation 173 'load' 'bucket_sizes_3128_loc_load' <Predicate = true> <Delay = 0.00>
ST_7 : Operation 174 [1/1] (0.00ns)   --->   "%bucket_sizes_3127_loc_load = load i32 %bucket_sizes_3127_loc"   --->   Operation 174 'load' 'bucket_sizes_3127_loc_load' <Predicate = true> <Delay = 0.00>
ST_7 : Operation 175 [1/1] (0.00ns)   --->   "%bucket_sizes_3126_loc_load = load i32 %bucket_sizes_3126_loc"   --->   Operation 175 'load' 'bucket_sizes_3126_loc_load' <Predicate = true> <Delay = 0.00>
ST_7 : Operation 176 [1/1] (0.00ns)   --->   "%bucket_pointer_1396_loc_load = load i32 %bucket_pointer_1396_loc"   --->   Operation 176 'load' 'bucket_pointer_1396_loc_load' <Predicate = true> <Delay = 0.00>
ST_7 : Operation 177 [1/1] (0.00ns)   --->   "%bucket_pointer_1395_loc_load = load i32 %bucket_pointer_1395_loc"   --->   Operation 177 'load' 'bucket_pointer_1395_loc_load' <Predicate = true> <Delay = 0.00>
ST_7 : Operation 178 [1/1] (0.00ns)   --->   "%bucket_pointer_1394_loc_load = load i32 %bucket_pointer_1394_loc"   --->   Operation 178 'load' 'bucket_pointer_1394_loc_load' <Predicate = true> <Delay = 0.00>
ST_7 : Operation 179 [1/1] (0.00ns)   --->   "%bucket_pointer_1393_loc_load = load i32 %bucket_pointer_1393_loc"   --->   Operation 179 'load' 'bucket_pointer_1393_loc_load' <Predicate = true> <Delay = 0.00>
ST_7 : Operation 180 [1/1] (0.00ns)   --->   "%bucket_pointer_1392_loc_load = load i32 %bucket_pointer_1392_loc"   --->   Operation 180 'load' 'bucket_pointer_1392_loc_load' <Predicate = true> <Delay = 0.00>
ST_7 : Operation 181 [1/1] (0.00ns)   --->   "%bucket_pointer_1391_loc_load = load i32 %bucket_pointer_1391_loc"   --->   Operation 181 'load' 'bucket_pointer_1391_loc_load' <Predicate = true> <Delay = 0.00>
ST_7 : Operation 182 [1/1] (0.00ns)   --->   "%bucket_pointer_1390_loc_load = load i32 %bucket_pointer_1390_loc"   --->   Operation 182 'load' 'bucket_pointer_1390_loc_load' <Predicate = true> <Delay = 0.00>
ST_7 : Operation 183 [1/1] (0.00ns)   --->   "%bucket_pointer_1389_loc_load = load i32 %bucket_pointer_1389_loc"   --->   Operation 183 'load' 'bucket_pointer_1389_loc_load' <Predicate = true> <Delay = 0.00>
ST_7 : Operation 184 [1/1] (0.00ns)   --->   "%bucket_pointer_1388_loc_load = load i32 %bucket_pointer_1388_loc"   --->   Operation 184 'load' 'bucket_pointer_1388_loc_load' <Predicate = true> <Delay = 0.00>
ST_7 : Operation 185 [1/1] (0.00ns)   --->   "%bucket_pointer_1387_loc_load = load i32 %bucket_pointer_1387_loc"   --->   Operation 185 'load' 'bucket_pointer_1387_loc_load' <Predicate = true> <Delay = 0.00>
ST_7 : Operation 186 [1/1] (0.00ns)   --->   "%bucket_pointer_1386_loc_load = load i32 %bucket_pointer_1386_loc"   --->   Operation 186 'load' 'bucket_pointer_1386_loc_load' <Predicate = true> <Delay = 0.00>
ST_7 : Operation 187 [1/1] (0.00ns)   --->   "%bucket_pointer_1385_loc_load = load i32 %bucket_pointer_1385_loc"   --->   Operation 187 'load' 'bucket_pointer_1385_loc_load' <Predicate = true> <Delay = 0.00>
ST_7 : Operation 188 [1/1] (0.00ns)   --->   "%bucket_pointer_1384_loc_load = load i32 %bucket_pointer_1384_loc"   --->   Operation 188 'load' 'bucket_pointer_1384_loc_load' <Predicate = true> <Delay = 0.00>
ST_7 : Operation 189 [1/1] (0.00ns)   --->   "%bucket_pointer_1383_loc_load = load i32 %bucket_pointer_1383_loc"   --->   Operation 189 'load' 'bucket_pointer_1383_loc_load' <Predicate = true> <Delay = 0.00>
ST_7 : Operation 190 [1/1] (0.00ns)   --->   "%bucket_pointer_1382_loc_load = load i32 %bucket_pointer_1382_loc"   --->   Operation 190 'load' 'bucket_pointer_1382_loc_load' <Predicate = true> <Delay = 0.00>
ST_7 : Operation 191 [1/1] (0.00ns)   --->   "%bucket_pointer_1381_loc_load = load i32 %bucket_pointer_1381_loc"   --->   Operation 191 'load' 'bucket_pointer_1381_loc_load' <Predicate = true> <Delay = 0.00>
ST_7 : Operation 192 [1/1] (0.88ns)   --->   "%bucket_num = sub i32 1, i32 %bucket_num_012_load" [sort_seperate_bucket/radix_sort.c:95]   --->   Operation 192 'sub' 'bucket_num' <Predicate = true> <Delay = 0.88> <CoreInst = "Adder">   --->   Core 1 'Adder' <Latency = 0> <II = 1> <Delay = 0.88> <FuncUnit> <Opcode : 'add' 'sub'> <InPorts = 2> <OutPorts = 1>
ST_7 : Operation 193 [1/1] (0.00ns)   --->   "%trunc_ln93 = trunc i32 %bucket_num" [sort_seperate_bucket/radix_sort.c:93]   --->   Operation 193 'trunc' 'trunc_ln93' <Predicate = true> <Delay = 0.00>
ST_7 : Operation 194 [1/1] (2.32ns)   --->   "%mul_ln93 = mul i20 %trunc_ln93, i20 312500" [sort_seperate_bucket/radix_sort.c:93]   --->   Operation 194 'mul' 'mul_ln93' <Predicate = true> <Delay = 2.32> <CoreInst = "Multiplier">   --->   Core 3 'Multiplier' <Latency = 0> <II = 1> <Delay = 2.32> <FuncUnit> <Opcode : 'mul'> <InPorts = 2> <OutPorts = 1>
ST_7 : Operation 195 [1/1] (0.00ns)   --->   "%mul = bitconcatenate i5 @_ssdm_op_BitConcatenate.i5.i3.i2, i3 %empty_132, i2 0"   --->   Operation 195 'bitconcatenate' 'mul' <Predicate = true> <Delay = 0.00>
ST_7 : Operation 196 [1/1] (0.00ns)   --->   "%trunc_ln95 = trunc i32 %bucket_num_012_load" [sort_seperate_bucket/radix_sort.c:95]   --->   Operation 196 'trunc' 'trunc_ln95' <Predicate = true> <Delay = 0.00>
ST_7 : Operation 197 [1/1] (2.32ns)   --->   "%mul_ln95 = mul i20 %trunc_ln95, i20 312500" [sort_seperate_bucket/radix_sort.c:95]   --->   Operation 197 'mul' 'mul_ln95' <Predicate = true> <Delay = 2.32> <CoreInst = "Multiplier">   --->   Core 3 'Multiplier' <Latency = 0> <II = 1> <Delay = 2.32> <FuncUnit> <Opcode : 'mul'> <InPorts = 2> <OutPorts = 1>
ST_7 : Operation 198 [2/2] (2.05ns)   --->   "%call_ln93 = call void @radix_sort_unified_bucket_pingpong.18.1_Pipeline_input_bucket, i32 %bucket_sizes_3141_loc_load, i32 %bucket_sizes_3140_loc_load, i32 %bucket_sizes_3139_loc_load, i32 %bucket_sizes_3138_loc_load, i32 %bucket_sizes_3137_loc_load, i32 %bucket_sizes_3136_loc_load, i32 %bucket_sizes_3135_loc_load, i32 %bucket_sizes_3134_loc_load, i32 %bucket_sizes_3133_loc_load, i32 %bucket_sizes_3132_loc_load, i32 %bucket_sizes_3131_loc_load, i32 %bucket_sizes_3130_loc_load, i32 %bucket_sizes_3129_loc_load, i32 %bucket_sizes_3128_loc_load, i32 %bucket_sizes_3127_loc_load, i32 %bucket_sizes_3126_loc_load, i32 %bucket_pointer_1396_loc_load, i32 %bucket_pointer_1395_loc_load, i32 %bucket_pointer_1394_loc_load, i32 %bucket_pointer_1393_loc_load, i32 %bucket_pointer_1392_loc_load, i32 %bucket_pointer_1391_loc_load, i32 %bucket_pointer_1390_loc_load, i32 %bucket_pointer_1389_loc_load, i32 %bucket_pointer_1388_loc_load, i32 %bucket_pointer_1387_loc_load, i32 %bucket_pointer_1386_loc_load, i32 %bucket_pointer_1385_loc_load, i32 %bucket_pointer_1384_loc_load, i32 %bucket_pointer_1383_loc_load, i32 %bucket_pointer_1382_loc_load, i32 %bucket_pointer_1381_loc_load, i20 %mul_ln93, i32 %bucket, i5 %mul, i20 %mul_ln95, i32 %bucket_sizes_975, i32 %bucket_sizes_974, i32 %bucket_sizes_973, i32 %bucket_sizes_972, i32 %bucket_sizes_971, i32 %bucket_sizes_970, i32 %bucket_sizes_969, i32 %bucket_sizes_968, i32 %bucket_sizes_967, i32 %bucket_sizes_966, i32 %bucket_sizes_965, i32 %bucket_sizes_964, i32 %bucket_sizes_963, i32 %bucket_sizes_962, i32 %bucket_sizes_961, i32 %bucket_sizes, i32 %bucket_pointer_748, i32 %bucket_pointer_747, i32 %bucket_pointer_746, i32 %bucket_pointer_745, i32 %bucket_pointer_744, i32 %bucket_pointer_743, i32 %bucket_pointer_742, i32 %bucket_pointer_741, i32 %bucket_pointer_740, i32 %bucket_pointer_739, i32 %bucket_pointer_738, i32 %bucket_pointer_737, i32 %bucket_pointer_736, i32 %bucket_pointer_735, i32 %bucket_pointer_734, i32 %bucket_pointer" [sort_seperate_bucket/radix_sort.c:93]   --->   Operation 198 'call' 'call_ln93' <Predicate = true> <Delay = 2.05> <CoreType = "Generic">   --->   Core 0 '' <Latency = 0> <II = 1> <Delay = 1.00> <Generic> <Opcode : >
ST_7 : Operation 199 [1/1] (0.38ns)   --->   "%store_ln78 = store i32 %bucket_num, i32 %bucket_num_012" [sort_seperate_bucket/radix_sort.c:78]   --->   Operation 199 'store' 'store_ln78' <Predicate = true> <Delay = 0.38>

State 8 <SV = 7> <Delay = 0.00>
ST_8 : Operation 200 [1/1] (0.00ns)   --->   "%specloopname_ln62 = specloopname void @_ssdm_op_SpecLoopName, void @empty_37" [sort_seperate_bucket/radix_sort.c:62]   --->   Operation 200 'specloopname' 'specloopname_ln62' <Predicate = true> <Delay = 0.00>
ST_8 : Operation 201 [1/2] (0.00ns)   --->   "%call_ln93 = call void @radix_sort_unified_bucket_pingpong.18.1_Pipeline_input_bucket, i32 %bucket_sizes_3141_loc_load, i32 %bucket_sizes_3140_loc_load, i32 %bucket_sizes_3139_loc_load, i32 %bucket_sizes_3138_loc_load, i32 %bucket_sizes_3137_loc_load, i32 %bucket_sizes_3136_loc_load, i32 %bucket_sizes_3135_loc_load, i32 %bucket_sizes_3134_loc_load, i32 %bucket_sizes_3133_loc_load, i32 %bucket_sizes_3132_loc_load, i32 %bucket_sizes_3131_loc_load, i32 %bucket_sizes_3130_loc_load, i32 %bucket_sizes_3129_loc_load, i32 %bucket_sizes_3128_loc_load, i32 %bucket_sizes_3127_loc_load, i32 %bucket_sizes_3126_loc_load, i32 %bucket_pointer_1396_loc_load, i32 %bucket_pointer_1395_loc_load, i32 %bucket_pointer_1394_loc_load, i32 %bucket_pointer_1393_loc_load, i32 %bucket_pointer_1392_loc_load, i32 %bucket_pointer_1391_loc_load, i32 %bucket_pointer_1390_loc_load, i32 %bucket_pointer_1389_loc_load, i32 %bucket_pointer_1388_loc_load, i32 %bucket_pointer_1387_loc_load, i32 %bucket_pointer_1386_loc_load, i32 %bucket_pointer_1385_loc_load, i32 %bucket_pointer_1384_loc_load, i32 %bucket_pointer_1383_loc_load, i32 %bucket_pointer_1382_loc_load, i32 %bucket_pointer_1381_loc_load, i20 %mul_ln93, i32 %bucket, i5 %mul, i20 %mul_ln95, i32 %bucket_sizes_975, i32 %bucket_sizes_974, i32 %bucket_sizes_973, i32 %bucket_sizes_972, i32 %bucket_sizes_971, i32 %bucket_sizes_970, i32 %bucket_sizes_969, i32 %bucket_sizes_968, i32 %bucket_sizes_967, i32 %bucket_sizes_966, i32 %bucket_sizes_965, i32 %bucket_sizes_964, i32 %bucket_sizes_963, i32 %bucket_sizes_962, i32 %bucket_sizes_961, i32 %bucket_sizes, i32 %bucket_pointer_748, i32 %bucket_pointer_747, i32 %bucket_pointer_746, i32 %bucket_pointer_745, i32 %bucket_pointer_744, i32 %bucket_pointer_743, i32 %bucket_pointer_742, i32 %bucket_pointer_741, i32 %bucket_pointer_740, i32 %bucket_pointer_739, i32 %bucket_pointer_738, i32 %bucket_pointer_737, i32 %bucket_pointer_736, i32 %bucket_pointer_735, i32 %bucket_pointer_734, i32 %bucket_pointer" [sort_seperate_bucket/radix_sort.c:93]   --->   Operation 201 'call' 'call_ln93' <Predicate = true> <Delay = 0.00> <CoreType = "Generic">   --->   Core 0 '' <Latency = 0> <II = 1> <Delay = 1.00> <Generic> <Opcode : >
ST_8 : Operation 202 [1/1] (0.00ns)   --->   "%br_ln78 = br void %bucket_pointer_initialization" [sort_seperate_bucket/radix_sort.c:78]   --->   Operation 202 'br' 'br_ln78' <Predicate = true> <Delay = 0.00>

State 9 <SV = 5> <Delay = 0.00>
ST_9 : Operation 203 [1/2] (0.00ns)   --->   "%call_ln0 = call void @radix_sort_unified_bucket_pingpong.18.1_Pipeline_output_bucket, i32 %bucket, i32 %sorted_data"   --->   Operation 203 'call' 'call_ln0' <Predicate = true> <Delay = 0.00> <CoreType = "Generic">   --->   Core 0 '' <Latency = 0> <II = 1> <Delay = 1.00> <Generic> <Opcode : >
ST_9 : Operation 204 [1/1] (0.00ns)   --->   "%ret_ln108 = ret" [sort_seperate_bucket/radix_sort.c:108]   --->   Operation 204 'ret' 'ret_ln108' <Predicate = true> <Delay = 0.00>


============================================================
+ Verbose Summary: Timing violations
============================================================
Target clock period: 10ns, clock uncertainty: 2.7ns.

 <State 1>: 0.387ns
The critical path consists of the following:
	'alloca' operation ('bucket_num') [4]  (0 ns)
	'store' operation ('store_ln78', sort_seperate_bucket/radix_sort.c:78) of constant 0 on local variable 'bucket_num' [105]  (0.387 ns)

 <State 2>: 1.02ns
The critical path consists of the following:
	'call' operation ('call_ln0') to 'radix_sort_unified_bucket_pingpong.18.1_Pipeline_1' [87]  (1.02 ns)

 <State 3>: 0.387ns
The critical path consists of the following:
	'load' operation ('bucket_sizes_3060_loc_load') on local variable 'bucket_sizes_3060_loc' [88]  (0 ns)
	'call' operation ('call_ln0') to 'radix_sort_unified_bucket_pingpong.18.1_Pipeline_initialization' [104]  (0.387 ns)

 <State 4>: 0ns
The critical path consists of the following:

 <State 5>: 1.09ns
The critical path consists of the following:
	'load' operation ('i') on local variable 'i' [109]  (0 ns)
	'add' operation ('i', sort_seperate_bucket/radix_sort.c:78) [112]  (0.708 ns)
	'store' operation ('store_ln78', sort_seperate_bucket/radix_sort.c:78) of variable 'i', sort_seperate_bucket/radix_sort.c:78 on local variable 'i' [191]  (0.387 ns)

 <State 6>: 0.637ns
The critical path consists of the following:
	'call' operation ('call_ln0') to 'radix_sort_unified_bucket_pingpong.18.1_Pipeline_bucket_pointer_initialization' [149]  (0.637 ns)

 <State 7>: 5.26ns
The critical path consists of the following:
	'load' operation ('bucket_num_012_load', sort_seperate_bucket/radix_sort.c:95) on local variable 'bucket_num' [115]  (0 ns)
	'sub' operation ('bucket_num', sort_seperate_bucket/radix_sort.c:95) [182]  (0.88 ns)
	'mul' operation ('mul_ln93', sort_seperate_bucket/radix_sort.c:93) [184]  (2.32 ns)
	'call' operation ('call_ln93', sort_seperate_bucket/radix_sort.c:93) to 'radix_sort_unified_bucket_pingpong.18.1_Pipeline_input_bucket' [189]  (2.06 ns)

 <State 8>: 0ns
The critical path consists of the following:

 <State 9>: 0ns
The critical path consists of the following:


============================================================
+ Verbose Summary: Binding
============================================================
N/A
* FSMD analyzer results:
  - Output states:
 - Input state : 
  - Chain level:
	State 1
	State 2
	State 3
	State 4
	State 5
	State 6
	State 7
	State 8
	State 9


============================================================
+ Verbose Summary: Datapath Resource usage 
============================================================
N/A
