

================================================================
== Vitis HLS Report for 'radix_sort_separate_bucket_parallel_2_Pipeline_initialization'
================================================================
* Date:           Mon Apr 17 11:33:47 2023

* Version:        2022.2 (Build 3670227 on Oct 13 2022)
* Project:        sort_seperate_bucket
* Solution:       solution1 (Vivado IP Flow Target)
* Product family: zynquplus
* Target device:  xczu9eg-ffvb1156-2-e


================================================================
== Performance Estimates
================================================================
+ Timing: 
    * Summary: 
    +--------+----------+----------+------------+
    |  Clock |  Target  | Estimated| Uncertainty|
    +--------+----------+----------+------------+
    |ap_clk  |  10.00 ns|  2.474 ns|     2.70 ns|
    +--------+----------+----------+------------+

+ Latency: 
    * Summary: 
    +---------+---------+----------+----------+-----+-----+---------+
    |  Latency (cycles) |  Latency (absolute) |  Interval | Pipeline|
    |   min   |   max   |    min   |    max   | min | max |   Type  |
    +---------+---------+----------+----------+-----+-----+---------+
    |       52|       52|  0.520 us|  0.520 us|   52|   52|       no|
    +---------+---------+----------+----------+-----+-----+---------+

    + Detail: 
        * Instance: 
        N/A

        * Loop: 
        +------------------+---------+---------+----------+-----------+-----------+------+----------+
        |                  |  Latency (cycles) | Iteration|  Initiation Interval  | Trip |          |
        |     Loop Name    |   min   |   max   |  Latency |  achieved |   target  | Count| Pipelined|
        +------------------+---------+---------+----------+-----------+-----------+------+----------+
        |- initialization  |       50|       50|         2|          1|          1|    50|       yes|
        +------------------+---------+---------+----------+-----------+-----------+------+----------+

============================================================
+ Verbose Summary: Synthesis Manager
============================================================
InlineROM: 1
ExposeGlobal: 0
============================================================
+ Verbose Summary: CDFG Model
============================================================
IsTopModel: 0
ResetActiveHigh: 1
IsCombinational: 0
IsDatapathOnly: 0
HasWiredReturn: 1
HasMFsm: 2
HasVarLatency: 1
IsPipeline: 0
IsRtlPipelined: 0
IsInstanceOverlapped: 0
IsDontTouch: 0
HasImplIP: 0
IsGatedGlobalClock: 0

+ Individual pipeline summary: 
  * Pipeline-0: initiation interval (II) = 1, depth = 2


============================================================
+ Verbose Summary: Schedule
============================================================
* Number of FSM states : 2
* Pipeline : 1
  Pipeline-0 : II = 1, D = 2, States = { 1 2 }
* Dataflow Pipeline: 0

* FSM state transitions: 
1 --> 2 
2 --> 

* FSM state operations: 

State 1 <SV = 0> <Delay = 1.23>
ST_1 : Operation 5 [1/1] (0.00ns)   --->   "%j = alloca i32 1"   --->   Operation 5 'alloca' 'j' <Predicate = true> <Delay = 0.00>
ST_1 : Operation 6 [1/1] (0.00ns)   --->   "%specinterface_ln0 = specinterface void @_ssdm_op_SpecInterface, i32 %sorted_data, void @empty, i32 0, i32 0, void @empty_0, i32 4294967295, i32 0, void @empty_0, void @empty_0, void @empty_0, i32 0, i32 0, i32 0, i32 0, void @empty_0, void @empty_0, i32 4294967295, i32 0"   --->   Operation 6 'specinterface' 'specinterface_ln0' <Predicate = true> <Delay = 0.00>
ST_1 : Operation 7 [1/1] (0.00ns)   --->   "%specinterface_ln0 = specinterface void @_ssdm_op_SpecInterface, i32 %data, void @empty, i32 0, i32 0, void @empty_0, i32 4294967295, i32 0, void @empty_0, void @empty_0, void @empty_0, i32 0, i32 0, i32 0, i32 0, void @empty_0, void @empty_0, i32 4294967295, i32 0"   --->   Operation 7 'specinterface' 'specinterface_ln0' <Predicate = true> <Delay = 0.00>
ST_1 : Operation 8 [1/1] (0.42ns)   --->   "%store_ln0 = store i6 0, i6 %j"   --->   Operation 8 'store' 'store_ln0' <Predicate = true> <Delay = 0.42>
ST_1 : Operation 9 [1/1] (0.00ns)   --->   "%br_ln0 = br void %for.inc"   --->   Operation 9 'br' 'br_ln0' <Predicate = true> <Delay = 0.00>
ST_1 : Operation 10 [1/1] (0.00ns)   --->   "%j_1 = load i6 %j" [sort_seperate_bucket/radix_sort_separate_bucket_parallel.c:34]   --->   Operation 10 'load' 'j_1' <Predicate = true> <Delay = 0.00>
ST_1 : Operation 11 [1/1] (0.00ns)   --->   "%specpipeline_ln0 = specpipeline void @_ssdm_op_SpecPipeline, i32 4294967295, i32 0, i32 1, i32 0, void @p_str"   --->   Operation 11 'specpipeline' 'specpipeline_ln0' <Predicate = true> <Delay = 0.00>
ST_1 : Operation 12 [1/1] (0.78ns)   --->   "%icmp_ln34 = icmp_eq  i6 %j_1, i6 50" [sort_seperate_bucket/radix_sort_separate_bucket_parallel.c:34]   --->   Operation 12 'icmp' 'icmp_ln34' <Predicate = true> <Delay = 0.78> <CoreInst = "Cmp">   --->   Core 9 'Cmp' <Latency = 0> <II = 1> <Delay = 0.78> <FuncUnit> <Opcode : 'icmp'> <InPorts = 2> <OutPorts = 1>
ST_1 : Operation 13 [1/1] (0.00ns)   --->   "%speclooptripcount_ln0 = speclooptripcount void @_ssdm_op_SpecLoopTripCount, i64 50, i64 50, i64 50"   --->   Operation 13 'speclooptripcount' 'speclooptripcount_ln0' <Predicate = true> <Delay = 0.00>
ST_1 : Operation 14 [1/1] (0.78ns)   --->   "%add_ln34 = add i6 %j_1, i6 1" [sort_seperate_bucket/radix_sort_separate_bucket_parallel.c:34]   --->   Operation 14 'add' 'add_ln34' <Predicate = true> <Delay = 0.78> <CoreInst = "Adder">   --->   Core 1 'Adder' <Latency = 0> <II = 1> <Delay = 0.78> <FuncUnit> <Opcode : 'add' 'sub'> <InPorts = 2> <OutPorts = 1>
ST_1 : Operation 15 [1/1] (0.00ns)   --->   "%br_ln34 = br i1 %icmp_ln34, void %for.inc.split, void %output_bucket.preheader.exitStub" [sort_seperate_bucket/radix_sort_separate_bucket_parallel.c:34]   --->   Operation 15 'br' 'br_ln34' <Predicate = true> <Delay = 0.00>
ST_1 : Operation 16 [1/1] (0.00ns)   --->   "%j_cast = zext i6 %j_1" [sort_seperate_bucket/radix_sort_separate_bucket_parallel.c:34]   --->   Operation 16 'zext' 'j_cast' <Predicate = (!icmp_ln34)> <Delay = 0.00>
ST_1 : Operation 17 [1/1] (0.00ns)   --->   "%data_addr = getelementptr i32 %data, i64 0, i64 %j_cast" [sort_seperate_bucket/radix_sort_separate_bucket_parallel.c:35]   --->   Operation 17 'getelementptr' 'data_addr' <Predicate = (!icmp_ln34)> <Delay = 0.00>
ST_1 : Operation 18 [2/2] (1.23ns)   --->   "%data_load = load i6 %data_addr" [sort_seperate_bucket/radix_sort_separate_bucket_parallel.c:35]   --->   Operation 18 'load' 'data_load' <Predicate = (!icmp_ln34)> <Delay = 1.23> <CoreInst = "RAM">   --->   Core 83 'RAM' <Latency = 1> <II = 1> <Delay = 1.23> <Storage> <Opcode : 'load' 'store'> <Ports = 2> <Width = 32> <Depth = 50> <RAM>
ST_1 : Operation 19 [1/1] (0.42ns)   --->   "%store_ln34 = store i6 %add_ln34, i6 %j" [sort_seperate_bucket/radix_sort_separate_bucket_parallel.c:34]   --->   Operation 19 'store' 'store_ln34' <Predicate = (!icmp_ln34)> <Delay = 0.42>
ST_1 : Operation 25 [1/1] (0.00ns)   --->   "%ret_ln0 = ret"   --->   Operation 25 'ret' 'ret_ln0' <Predicate = (icmp_ln34)> <Delay = 0.00>

State 2 <SV = 1> <Delay = 2.47>
ST_2 : Operation 20 [1/1] (0.00ns)   --->   "%specloopname_ln34 = specloopname void @_ssdm_op_SpecLoopName, void @empty_7" [sort_seperate_bucket/radix_sort_separate_bucket_parallel.c:34]   --->   Operation 20 'specloopname' 'specloopname_ln34' <Predicate = true> <Delay = 0.00>
ST_2 : Operation 21 [1/2] (1.23ns)   --->   "%data_load = load i6 %data_addr" [sort_seperate_bucket/radix_sort_separate_bucket_parallel.c:35]   --->   Operation 21 'load' 'data_load' <Predicate = true> <Delay = 1.23> <CoreInst = "RAM">   --->   Core 83 'RAM' <Latency = 1> <II = 1> <Delay = 1.23> <Storage> <Opcode : 'load' 'store'> <Ports = 2> <Width = 32> <Depth = 50> <RAM>
ST_2 : Operation 22 [1/1] (0.00ns)   --->   "%sorted_data_addr = getelementptr i32 %sorted_data, i64 0, i64 %j_cast" [sort_seperate_bucket/radix_sort_separate_bucket_parallel.c:35]   --->   Operation 22 'getelementptr' 'sorted_data_addr' <Predicate = true> <Delay = 0.00>
ST_2 : Operation 23 [1/1] (1.23ns)   --->   "%store_ln35 = store i32 %data_load, i6 %sorted_data_addr" [sort_seperate_bucket/radix_sort_separate_bucket_parallel.c:35]   --->   Operation 23 'store' 'store_ln35' <Predicate = true> <Delay = 1.23> <CoreInst = "RAM">   --->   Core 83 'RAM' <Latency = 1> <II = 1> <Delay = 1.23> <Storage> <Opcode : 'load' 'store'> <Ports = 2> <Width = 32> <Depth = 50> <RAM>
ST_2 : Operation 24 [1/1] (0.00ns)   --->   "%br_ln34 = br void %for.inc" [sort_seperate_bucket/radix_sort_separate_bucket_parallel.c:34]   --->   Operation 24 'br' 'br_ln34' <Predicate = true> <Delay = 0.00>


============================================================
+ Verbose Summary: Binding
============================================================
STG Binding: 
---------------- STG Properties BEGIN ----------------
- Is combinational: 0
- Is one-state seq: 0
- Is datapath-only: 0
- Is pipelined: 0
- Is top level: 0
Port [ Return ] is wired: 1; IO mode=ap_ctrl_hs:ce=0
Port [ data]:  wired=1; compound=1; hidden=0; nouse=0; global=0; static=0; extern=0; dir=0; type=1; pingpong=0; private_global=0; MemPort=[13]; IO mode=ap_memory:ce=0
Port [ sorted_data]:  wired=1; compound=1; hidden=0; nouse=0; global=0; static=0; extern=0; dir=1; type=1; pingpong=0; private_global=0; MemPort=[03]; IO mode=ap_memory:ce=0
---------------- STG Properties END ------------------

---------------- Datapath Model BEGIN ----------------

<LifeTime>
<method=bitvector/>
j                     (alloca           ) [ 010]
specinterface_ln0     (specinterface    ) [ 000]
specinterface_ln0     (specinterface    ) [ 000]
store_ln0             (store            ) [ 000]
br_ln0                (br               ) [ 000]
j_1                   (load             ) [ 000]
specpipeline_ln0      (specpipeline     ) [ 000]
icmp_ln34             (icmp             ) [ 010]
speclooptripcount_ln0 (speclooptripcount) [ 000]
add_ln34              (add              ) [ 000]
br_ln34               (br               ) [ 000]
j_cast                (zext             ) [ 011]
data_addr             (getelementptr    ) [ 011]
store_ln34            (store            ) [ 000]
specloopname_ln34     (specloopname     ) [ 000]
data_load             (load             ) [ 000]
sorted_data_addr      (getelementptr    ) [ 000]
store_ln35            (store            ) [ 000]
br_ln34               (br               ) [ 000]
ret_ln0               (ret              ) [ 000]
</LifeTime>

<model>

<comp_list>
<comp id="0" class="1000" name="data">
<pin_list>
<pin id="1" dir="1" index="0" bw="1" slack="0"/>
</pin_list>
<bind>
<StgValue><ssdm name="data"/><MemPortTyVec>1 3 </MemPortTyVec>
</StgValue>
</bind>
</comp>

<comp id="2" class="1000" name="sorted_data">
<pin_list>
<pin id="3" dir="1" index="0" bw="1" slack="0"/>
</pin_list>
<bind>
<StgValue><ssdm name="sorted_data"/><MemPortTyVec>0 3 </MemPortTyVec>
</StgValue>
</bind>
</comp>

<comp id="4" class="1001" name="const_4">
<pin_list>
<pin id="5" dir="1" index="0" bw="1" slack="0"/>
</pin_list>
<bind>
<StgValue><ssdm name=""/></StgValue>
</bind>
</comp>

<comp id="6" class="1001" name="const_6">
<pin_list>
<pin id="7" dir="1" index="0" bw="1" slack="2147483647"/>
</pin_list>
<bind>
<StgValue><ssdm name="_ssdm_op_SpecInterface"/></StgValue>
</bind>
</comp>

<comp id="8" class="1001" name="const_8">
<pin_list>
<pin id="9" dir="1" index="0" bw="1" slack="2147483647"/>
</pin_list>
<bind>
<StgValue><ssdm name="empty"/></StgValue>
</bind>
</comp>

<comp id="10" class="1001" name="const_10">
<pin_list>
<pin id="11" dir="1" index="0" bw="1" slack="2147483647"/>
</pin_list>
<bind>
<StgValue><ssdm name=""/></StgValue>
</bind>
</comp>

<comp id="12" class="1001" name="const_12">
<pin_list>
<pin id="13" dir="1" index="0" bw="1" slack="2147483647"/>
</pin_list>
<bind>
<StgValue><ssdm name="empty_0"/></StgValue>
</bind>
</comp>

<comp id="14" class="1001" name="const_14">
<pin_list>
<pin id="15" dir="1" index="0" bw="1" slack="2147483647"/>
</pin_list>
<bind>
<StgValue><ssdm name=""/></StgValue>
</bind>
</comp>

<comp id="16" class="1001" name="const_16">
<pin_list>
<pin id="17" dir="1" index="0" bw="1" slack="0"/>
</pin_list>
<bind>
<StgValue><ssdm name=""/></StgValue>
</bind>
</comp>

<comp id="18" class="1001" name="const_18">
<pin_list>
<pin id="19" dir="1" index="0" bw="1" slack="2147483647"/>
</pin_list>
<bind>
<StgValue><ssdm name="_ssdm_op_SpecPipeline"/></StgValue>
</bind>
</comp>

<comp id="20" class="1001" name="const_20">
<pin_list>
<pin id="21" dir="1" index="0" bw="1" slack="2147483647"/>
</pin_list>
<bind>
<StgValue><ssdm name="p_str"/></StgValue>
</bind>
</comp>

<comp id="22" class="1001" name="const_22">
<pin_list>
<pin id="23" dir="1" index="0" bw="1" slack="0"/>
</pin_list>
<bind>
<StgValue><ssdm name=""/></StgValue>
</bind>
</comp>

<comp id="24" class="1001" name="const_24">
<pin_list>
<pin id="25" dir="1" index="0" bw="1" slack="2147483647"/>
</pin_list>
<bind>
<StgValue><ssdm name="_ssdm_op_SpecLoopTripCount"/></StgValue>
</bind>
</comp>

<comp id="26" class="1001" name="const_26">
<pin_list>
<pin id="27" dir="1" index="0" bw="1" slack="2147483647"/>
</pin_list>
<bind>
<StgValue><ssdm name=""/></StgValue>
</bind>
</comp>

<comp id="28" class="1001" name="const_28">
<pin_list>
<pin id="29" dir="1" index="0" bw="1" slack="0"/>
</pin_list>
<bind>
<StgValue><ssdm name=""/></StgValue>
</bind>
</comp>

<comp id="30" class="1001" name="const_30">
<pin_list>
<pin id="31" dir="1" index="0" bw="1" slack="0"/>
</pin_list>
<bind>
<StgValue><ssdm name=""/></StgValue>
</bind>
</comp>

<comp id="32" class="1001" name="const_32">
<pin_list>
<pin id="33" dir="1" index="0" bw="1" slack="2147483647"/>
</pin_list>
<bind>
<StgValue><ssdm name="_ssdm_op_SpecLoopName"/></StgValue>
</bind>
</comp>

<comp id="34" class="1001" name="const_34">
<pin_list>
<pin id="35" dir="1" index="0" bw="1" slack="2147483647"/>
</pin_list>
<bind>
<StgValue><ssdm name="empty_7"/></StgValue>
</bind>
</comp>

<comp id="36" class="1004" name="j_fu_36">
<pin_list>
<pin id="37" dir="0" index="0" bw="1" slack="0"/>
<pin id="38" dir="1" index="1" bw="6" slack="0"/>
</pin_list>
<bind>
<opcode="alloca(26) " fcode="alloca"/>
<opset="j/1 "/>
</bind>
</comp>

<comp id="40" class="1004" name="data_addr_gep_fu_40">
<pin_list>
<pin id="41" dir="0" index="0" bw="32" slack="0"/>
<pin id="42" dir="0" index="1" bw="1" slack="0"/>
<pin id="43" dir="0" index="2" bw="6" slack="0"/>
<pin id="44" dir="1" index="3" bw="6" slack="0"/>
</pin_list>
<bind>
<opcode="getelementptr(29) " fcode="getelementptr"/>
<opset="data_addr/1 "/>
</bind>
</comp>

<comp id="47" class="1004" name="grp_access_fu_47">
<pin_list>
<pin id="48" dir="0" index="0" bw="6" slack="0"/>
<pin id="49" dir="0" index="1" bw="32" slack="2147483647"/>
<pin id="50" dir="0" index="2" bw="0" slack="2147483647"/>
<pin id="51" dir="1" index="3" bw="32" slack="0"/>
</pin_list>
<bind>
<opcode="load(27) " fcode="load"/>
<opset="data_load/1 "/>
</bind>
</comp>

<comp id="53" class="1004" name="sorted_data_addr_gep_fu_53">
<pin_list>
<pin id="54" dir="0" index="0" bw="32" slack="0"/>
<pin id="55" dir="0" index="1" bw="1" slack="0"/>
<pin id="56" dir="0" index="2" bw="6" slack="1"/>
<pin id="57" dir="1" index="3" bw="6" slack="0"/>
</pin_list>
<bind>
<opcode="getelementptr(29) " fcode="getelementptr"/>
<opset="sorted_data_addr/2 "/>
</bind>
</comp>

<comp id="60" class="1004" name="store_ln35_access_fu_60">
<pin_list>
<pin id="61" dir="0" index="0" bw="6" slack="0"/>
<pin id="62" dir="0" index="1" bw="32" slack="0"/>
<pin id="63" dir="0" index="2" bw="0" slack="2147483647"/>
<pin id="64" dir="1" index="3" bw="32" slack="2147483647"/>
</pin_list>
<bind>
<opcode="store(28) " fcode="store"/>
<opset="store_ln35/2 "/>
</bind>
</comp>

<comp id="67" class="1004" name="store_ln0_store_fu_67">
<pin_list>
<pin id="68" dir="0" index="0" bw="1" slack="0"/>
<pin id="69" dir="0" index="1" bw="6" slack="0"/>
<pin id="70" dir="1" index="2" bw="0" slack="2147483647"/>
</pin_list>
<bind>
<opcode="store(28) " fcode="store"/>
<opset="store_ln0/1 "/>
</bind>
</comp>

<comp id="72" class="1004" name="j_1_load_fu_72">
<pin_list>
<pin id="73" dir="0" index="0" bw="6" slack="0"/>
<pin id="74" dir="1" index="1" bw="6" slack="0"/>
</pin_list>
<bind>
<opcode="load(27) " fcode="load"/>
<opset="j_1/1 "/>
</bind>
</comp>

<comp id="75" class="1004" name="icmp_ln34_fu_75">
<pin_list>
<pin id="76" dir="0" index="0" bw="6" slack="0"/>
<pin id="77" dir="0" index="1" bw="5" slack="0"/>
<pin id="78" dir="1" index="2" bw="1" slack="2147483647"/>
</pin_list>
<bind>
<opcode="icmp(45) " fcode="icmp"/>
<opset="icmp_ln34/1 "/>
</bind>
</comp>

<comp id="81" class="1004" name="add_ln34_fu_81">
<pin_list>
<pin id="82" dir="0" index="0" bw="6" slack="0"/>
<pin id="83" dir="0" index="1" bw="1" slack="0"/>
<pin id="84" dir="1" index="2" bw="6" slack="0"/>
</pin_list>
<bind>
<opcode="add(8) " fcode="add"/>
<opset="add_ln34/1 "/>
</bind>
</comp>

<comp id="87" class="1004" name="j_cast_fu_87">
<pin_list>
<pin id="88" dir="0" index="0" bw="6" slack="0"/>
<pin id="89" dir="1" index="1" bw="64" slack="0"/>
</pin_list>
<bind>
<opcode="zext(34) " fcode="zext"/>
<opset="j_cast/1 "/>
</bind>
</comp>

<comp id="92" class="1004" name="store_ln34_store_fu_92">
<pin_list>
<pin id="93" dir="0" index="0" bw="6" slack="0"/>
<pin id="94" dir="0" index="1" bw="6" slack="0"/>
<pin id="95" dir="1" index="2" bw="0" slack="2147483647"/>
</pin_list>
<bind>
<opcode="store(28) " fcode="store"/>
<opset="store_ln34/1 "/>
</bind>
</comp>

<comp id="97" class="1005" name="j_reg_97">
<pin_list>
<pin id="98" dir="0" index="0" bw="6" slack="0"/>
<pin id="99" dir="1" index="1" bw="6" slack="0"/>
</pin_list>
<bind>
<opset="j "/>
</bind>
</comp>

<comp id="107" class="1005" name="j_cast_reg_107">
<pin_list>
<pin id="108" dir="0" index="0" bw="64" slack="1"/>
<pin id="109" dir="1" index="1" bw="64" slack="1"/>
</pin_list>
<bind>
<opset="j_cast "/>
</bind>
</comp>

<comp id="112" class="1005" name="data_addr_reg_112">
<pin_list>
<pin id="113" dir="0" index="0" bw="6" slack="1"/>
<pin id="114" dir="1" index="1" bw="6" slack="1"/>
</pin_list>
<bind>
<opset="data_addr "/>
</bind>
</comp>

</comp_list>

<net_list>
<net id="39"><net_src comp="4" pin="0"/><net_sink comp="36" pin=0"/></net>

<net id="45"><net_src comp="0" pin="0"/><net_sink comp="40" pin=0"/></net>

<net id="46"><net_src comp="30" pin="0"/><net_sink comp="40" pin=1"/></net>

<net id="52"><net_src comp="40" pin="3"/><net_sink comp="47" pin=0"/></net>

<net id="58"><net_src comp="2" pin="0"/><net_sink comp="53" pin=0"/></net>

<net id="59"><net_src comp="30" pin="0"/><net_sink comp="53" pin=1"/></net>

<net id="65"><net_src comp="47" pin="3"/><net_sink comp="60" pin=1"/></net>

<net id="66"><net_src comp="53" pin="3"/><net_sink comp="60" pin=0"/></net>

<net id="71"><net_src comp="16" pin="0"/><net_sink comp="67" pin=0"/></net>

<net id="79"><net_src comp="72" pin="1"/><net_sink comp="75" pin=0"/></net>

<net id="80"><net_src comp="22" pin="0"/><net_sink comp="75" pin=1"/></net>

<net id="85"><net_src comp="72" pin="1"/><net_sink comp="81" pin=0"/></net>

<net id="86"><net_src comp="28" pin="0"/><net_sink comp="81" pin=1"/></net>

<net id="90"><net_src comp="72" pin="1"/><net_sink comp="87" pin=0"/></net>

<net id="91"><net_src comp="87" pin="1"/><net_sink comp="40" pin=2"/></net>

<net id="96"><net_src comp="81" pin="2"/><net_sink comp="92" pin=0"/></net>

<net id="100"><net_src comp="36" pin="1"/><net_sink comp="97" pin=0"/></net>

<net id="101"><net_src comp="97" pin="1"/><net_sink comp="67" pin=1"/></net>

<net id="102"><net_src comp="97" pin="1"/><net_sink comp="72" pin=0"/></net>

<net id="103"><net_src comp="97" pin="1"/><net_sink comp="92" pin=1"/></net>

<net id="110"><net_src comp="87" pin="1"/><net_sink comp="107" pin=0"/></net>

<net id="111"><net_src comp="107" pin="1"/><net_sink comp="53" pin=2"/></net>

<net id="115"><net_src comp="40" pin="3"/><net_sink comp="112" pin=0"/></net>

<net id="116"><net_src comp="112" pin="1"/><net_sink comp="47" pin=0"/></net>

</net_list>

</model> 
---------------- Datapath Model END ------------------

* FSMD analyzer results:
  - Output states:
	Port: sorted_data | {2 }
 - Input state : 
	Port: radix_sort_separate_bucket_parallel_2_Pipeline_initialization : data | {1 2 }
  - Chain level:
	State 1
		store_ln0 : 1
		j_1 : 1
		icmp_ln34 : 2
		add_ln34 : 2
		br_ln34 : 3
		j_cast : 2
		data_addr : 3
		data_load : 4
		store_ln34 : 3
	State 2
		store_ln35 : 1


============================================================
+ Verbose Summary: Datapath Resource usage 
============================================================

* Functional unit list:
|----------|-----------------|---------|---------|
| Operation| Functional Unit |    FF   |   LUT   |
|----------|-----------------|---------|---------|
|    add   |  add_ln34_fu_81 |    0    |    13   |
|----------|-----------------|---------|---------|
|   icmp   | icmp_ln34_fu_75 |    0    |    10   |
|----------|-----------------|---------|---------|
|   zext   |   j_cast_fu_87  |    0    |    0    |
|----------|-----------------|---------|---------|
|   Total  |                 |    0    |    23   |
|----------|-----------------|---------|---------|

Memories:
N/A

* Register list:
+-----------------+--------+
|                 |   FF   |
+-----------------+--------+
|data_addr_reg_112|    6   |
|  j_cast_reg_107 |   64   |
|     j_reg_97    |    6   |
+-----------------+--------+
|      Total      |   76   |
+-----------------+--------+

* Multiplexer (MUX) list: 
|------------------|------|------|------|--------||---------||---------|
|       Comp       |  Pin | Size |  BW  | S x BW ||  Delay  ||   LUT   |
|------------------|------|------|------|--------||---------||---------|
| grp_access_fu_47 |  p0  |   2  |   6  |   12   ||    9    |
|------------------|------|------|------|--------||---------||---------|
|       Total      |      |      |      |   12   ||  0.427  ||    9    |
|------------------|------|------|------|--------||---------||---------|



* Summary:
+-----------+--------+--------+--------+
|           |  Delay |   FF   |   LUT  |
+-----------+--------+--------+--------+
|  Function |    -   |    0   |   23   |
|   Memory  |    -   |    -   |    -   |
|Multiplexer|    0   |    -   |    9   |
|  Register |    -   |   76   |    -   |
+-----------+--------+--------+--------+
|   Total   |    0   |   76   |   32   |
+-----------+--------+--------+--------+
