

================================================================
== Vitis HLS Report for 'radix_sort_separate_bucket_parallel_2_Pipeline_initialization'
================================================================
* Date:           Mon Apr 17 11:33:47 2023

* Version:        2022.2 (Build 3670227 on Oct 13 2022)
* Project:        sort_seperate_bucket
* Solution:       solution1 (Vivado IP Flow Target)
* Product family: zynquplus
* Target device:  xczu9eg-ffvb1156-2-e


================================================================
== Performance Estimates
================================================================
+ Timing: 
    * Summary: 
    +--------+----------+----------+------------+
    |  Clock |  Target  | Estimated| Uncertainty|
    +--------+----------+----------+------------+
    |ap_clk  |  10.00 ns|  2.474 ns|     2.70 ns|
    +--------+----------+----------+------------+

+ Latency: 
    * Summary: 
    +---------+---------+----------+----------+-----+-----+---------+
    |  Latency (cycles) |  Latency (absolute) |  Interval | Pipeline|
    |   min   |   max   |    min   |    max   | min | max |   Type  |
    +---------+---------+----------+----------+-----+-----+---------+
    |       52|       52|  0.520 us|  0.520 us|   52|   52|       no|
    +---------+---------+----------+----------+-----+-----+---------+

    + Detail: 
        * Instance: 
        N/A

        * Loop: 
        +------------------+---------+---------+----------+-----------+-----------+------+----------+
        |                  |  Latency (cycles) | Iteration|  Initiation Interval  | Trip |          |
        |     Loop Name    |   min   |   max   |  Latency |  achieved |   target  | Count| Pipelined|
        +------------------+---------+---------+----------+-----------+-----------+------+----------+
        |- initialization  |       50|       50|         2|          1|          1|    50|       yes|
        +------------------+---------+---------+----------+-----------+-----------+------+----------+

============================================================
+ Verbose Summary: Synthesis Manager
============================================================
InlineROM: 1
ExposeGlobal: 0
============================================================
+ Verbose Summary: CDFG Model
============================================================
IsTopModel: 0
ResetActiveHigh: 1
IsCombinational: 0
IsDatapathOnly: 0
HasWiredReturn: 1
HasMFsm: 2
HasVarLatency: 1
IsPipeline: 0
IsRtlPipelined: 0
IsInstanceOverlapped: 0
IsDontTouch: 0
HasImplIP: 0
IsGatedGlobalClock: 0

+ Individual pipeline summary: 
  * Pipeline-0: initiation interval (II) = 1, depth = 2


============================================================
+ Verbose Summary: Schedule
============================================================
* Number of FSM states : 2
* Pipeline : 1
  Pipeline-0 : II = 1, D = 2, States = { 1 2 }
* Dataflow Pipeline: 0

* FSM state transitions: 
1 --> 2 
2 --> 

* FSM state operations: 

State 1 <SV = 0> <Delay = 1.23>
ST_1 : Operation 5 [1/1] (0.00ns)   --->   "%j = alloca i32 1"   --->   Operation 5 'alloca' 'j' <Predicate = true> <Delay = 0.00>
ST_1 : Operation 6 [1/1] (0.00ns)   --->   "%specinterface_ln0 = specinterface void @_ssdm_op_SpecInterface, i32 %sorted_data, void @empty, i32 0, i32 0, void @empty_0, i32 4294967295, i32 0, void @empty_0, void @empty_0, void @empty_0, i32 0, i32 0, i32 0, i32 0, void @empty_0, void @empty_0, i32 4294967295, i32 0"   --->   Operation 6 'specinterface' 'specinterface_ln0' <Predicate = true> <Delay = 0.00>
ST_1 : Operation 7 [1/1] (0.00ns)   --->   "%specinterface_ln0 = specinterface void @_ssdm_op_SpecInterface, i32 %data, void @empty, i32 0, i32 0, void @empty_0, i32 4294967295, i32 0, void @empty_0, void @empty_0, void @empty_0, i32 0, i32 0, i32 0, i32 0, void @empty_0, void @empty_0, i32 4294967295, i32 0"   --->   Operation 7 'specinterface' 'specinterface_ln0' <Predicate = true> <Delay = 0.00>
ST_1 : Operation 8 [1/1] (0.42ns)   --->   "%store_ln0 = store i6 0, i6 %j"   --->   Operation 8 'store' 'store_ln0' <Predicate = true> <Delay = 0.42>
ST_1 : Operation 9 [1/1] (0.00ns)   --->   "%br_ln0 = br void %for.inc"   --->   Operation 9 'br' 'br_ln0' <Predicate = true> <Delay = 0.00>
ST_1 : Operation 10 [1/1] (0.00ns)   --->   "%j_1 = load i6 %j" [sort_seperate_bucket/radix_sort_separate_bucket_parallel.c:34]   --->   Operation 10 'load' 'j_1' <Predicate = true> <Delay = 0.00>
ST_1 : Operation 11 [1/1] (0.00ns)   --->   "%specpipeline_ln0 = specpipeline void @_ssdm_op_SpecPipeline, i32 4294967295, i32 0, i32 1, i32 0, void @p_str"   --->   Operation 11 'specpipeline' 'specpipeline_ln0' <Predicate = true> <Delay = 0.00>
ST_1 : Operation 12 [1/1] (0.78ns)   --->   "%icmp_ln34 = icmp_eq  i6 %j_1, i6 50" [sort_seperate_bucket/radix_sort_separate_bucket_parallel.c:34]   --->   Operation 12 'icmp' 'icmp_ln34' <Predicate = true> <Delay = 0.78> <CoreInst = "Cmp">   --->   Core 9 'Cmp' <Latency = 0> <II = 1> <Delay = 0.78> <FuncUnit> <Opcode : 'icmp'> <InPorts = 2> <OutPorts = 1>
ST_1 : Operation 13 [1/1] (0.00ns)   --->   "%speclooptripcount_ln0 = speclooptripcount void @_ssdm_op_SpecLoopTripCount, i64 50, i64 50, i64 50"   --->   Operation 13 'speclooptripcount' 'speclooptripcount_ln0' <Predicate = true> <Delay = 0.00>
ST_1 : Operation 14 [1/1] (0.78ns)   --->   "%add_ln34 = add i6 %j_1, i6 1" [sort_seperate_bucket/radix_sort_separate_bucket_parallel.c:34]   --->   Operation 14 'add' 'add_ln34' <Predicate = true> <Delay = 0.78> <CoreInst = "Adder">   --->   Core 1 'Adder' <Latency = 0> <II = 1> <Delay = 0.78> <FuncUnit> <Opcode : 'add' 'sub'> <InPorts = 2> <OutPorts = 1>
ST_1 : Operation 15 [1/1] (0.00ns)   --->   "%br_ln34 = br i1 %icmp_ln34, void %for.inc.split, void %output_bucket.preheader.exitStub" [sort_seperate_bucket/radix_sort_separate_bucket_parallel.c:34]   --->   Operation 15 'br' 'br_ln34' <Predicate = true> <Delay = 0.00>
ST_1 : Operation 16 [1/1] (0.00ns)   --->   "%j_cast = zext i6 %j_1" [sort_seperate_bucket/radix_sort_separate_bucket_parallel.c:34]   --->   Operation 16 'zext' 'j_cast' <Predicate = (!icmp_ln34)> <Delay = 0.00>
ST_1 : Operation 17 [1/1] (0.00ns)   --->   "%data_addr = getelementptr i32 %data, i64 0, i64 %j_cast" [sort_seperate_bucket/radix_sort_separate_bucket_parallel.c:35]   --->   Operation 17 'getelementptr' 'data_addr' <Predicate = (!icmp_ln34)> <Delay = 0.00>
ST_1 : Operation 18 [2/2] (1.23ns)   --->   "%data_load = load i6 %data_addr" [sort_seperate_bucket/radix_sort_separate_bucket_parallel.c:35]   --->   Operation 18 'load' 'data_load' <Predicate = (!icmp_ln34)> <Delay = 1.23> <CoreInst = "RAM">   --->   Core 83 'RAM' <Latency = 1> <II = 1> <Delay = 1.23> <Storage> <Opcode : 'load' 'store'> <Ports = 2> <Width = 32> <Depth = 50> <RAM>
ST_1 : Operation 19 [1/1] (0.42ns)   --->   "%store_ln34 = store i6 %add_ln34, i6 %j" [sort_seperate_bucket/radix_sort_separate_bucket_parallel.c:34]   --->   Operation 19 'store' 'store_ln34' <Predicate = (!icmp_ln34)> <Delay = 0.42>
ST_1 : Operation 25 [1/1] (0.00ns)   --->   "%ret_ln0 = ret"   --->   Operation 25 'ret' 'ret_ln0' <Predicate = (icmp_ln34)> <Delay = 0.00>

State 2 <SV = 1> <Delay = 2.47>
ST_2 : Operation 20 [1/1] (0.00ns)   --->   "%specloopname_ln34 = specloopname void @_ssdm_op_SpecLoopName, void @empty_7" [sort_seperate_bucket/radix_sort_separate_bucket_parallel.c:34]   --->   Operation 20 'specloopname' 'specloopname_ln34' <Predicate = true> <Delay = 0.00>
ST_2 : Operation 21 [1/2] (1.23ns)   --->   "%data_load = load i6 %data_addr" [sort_seperate_bucket/radix_sort_separate_bucket_parallel.c:35]   --->   Operation 21 'load' 'data_load' <Predicate = true> <Delay = 1.23> <CoreInst = "RAM">   --->   Core 83 'RAM' <Latency = 1> <II = 1> <Delay = 1.23> <Storage> <Opcode : 'load' 'store'> <Ports = 2> <Width = 32> <Depth = 50> <RAM>
ST_2 : Operation 22 [1/1] (0.00ns)   --->   "%sorted_data_addr = getelementptr i32 %sorted_data, i64 0, i64 %j_cast" [sort_seperate_bucket/radix_sort_separate_bucket_parallel.c:35]   --->   Operation 22 'getelementptr' 'sorted_data_addr' <Predicate = true> <Delay = 0.00>
ST_2 : Operation 23 [1/1] (1.23ns)   --->   "%store_ln35 = store i32 %data_load, i6 %sorted_data_addr" [sort_seperate_bucket/radix_sort_separate_bucket_parallel.c:35]   --->   Operation 23 'store' 'store_ln35' <Predicate = true> <Delay = 1.23> <CoreInst = "RAM">   --->   Core 83 'RAM' <Latency = 1> <II = 1> <Delay = 1.23> <Storage> <Opcode : 'load' 'store'> <Ports = 2> <Width = 32> <Depth = 50> <RAM>
ST_2 : Operation 24 [1/1] (0.00ns)   --->   "%br_ln34 = br void %for.inc" [sort_seperate_bucket/radix_sort_separate_bucket_parallel.c:34]   --->   Operation 24 'br' 'br_ln34' <Predicate = true> <Delay = 0.00>


============================================================
+ Verbose Summary: Timing violations
============================================================
Target clock period: 10ns, clock uncertainty: 2.7ns.

 <State 1>: 1.24ns
The critical path consists of the following:
	'alloca' operation ('j') [3]  (0 ns)
	'load' operation ('j', sort_seperate_bucket/radix_sort_separate_bucket_parallel.c:34) on local variable 'j' [9]  (0 ns)
	'getelementptr' operation ('data_addr', sort_seperate_bucket/radix_sort_separate_bucket_parallel.c:35) [18]  (0 ns)
	'load' operation ('data_load', sort_seperate_bucket/radix_sort_separate_bucket_parallel.c:35) on array 'data' [19]  (1.24 ns)

 <State 2>: 2.47ns
The critical path consists of the following:
	'load' operation ('data_load', sort_seperate_bucket/radix_sort_separate_bucket_parallel.c:35) on array 'data' [19]  (1.24 ns)
	'store' operation ('store_ln35', sort_seperate_bucket/radix_sort_separate_bucket_parallel.c:35) of variable 'data_load', sort_seperate_bucket/radix_sort_separate_bucket_parallel.c:35 on array 'sorted_data' [21]  (1.24 ns)


============================================================
+ Verbose Summary: Binding
============================================================
N/A
* FSMD analyzer results:
  - Output states:
 - Input state : 
  - Chain level:
	State 1
	State 2


============================================================
+ Verbose Summary: Datapath Resource usage 
============================================================
N/A
