

================================================================
== Vitis HLS Report for 'radix_sort_hex_batch_31_1_Pipeline_bucket_pointer_initialization'
================================================================
* Date:           Tue Apr 25 09:24:54 2023

* Version:        2022.2 (Build 3670227 on Oct 13 2022)
* Project:        sort_seperate_bucket
* Solution:       solution1 (Vivado IP Flow Target)
* Product family: virtexuplus
* Target device:  xcu280-fsvh2892-2L-e


================================================================
== Performance Estimates
================================================================
+ Timing: 
    * Summary: 
    +--------+----------+----------+------------+
    |  Clock |  Target  | Estimated| Uncertainty|
    +--------+----------+----------+------------+
    |ap_clk  |  10.00 ns|  1.760 ns|     2.70 ns|
    +--------+----------+----------+------------+

+ Latency: 
    * Summary: 
    +---------+---------+----------+----------+-----+-----+---------+
    |  Latency (cycles) |  Latency (absolute) |  Interval | Pipeline|
    |   min   |   max   |    min   |    max   | min | max |   Type  |
    +---------+---------+----------+----------+-----+-----+---------+
    |       18|       18|  0.180 us|  0.180 us|   18|   18|       no|
    +---------+---------+----------+----------+-----+-----+---------+

    + Detail: 
        * Instance: 
        N/A

        * Loop: 
        +---------------------------------+---------+---------+----------+-----------+-----------+------+----------+
        |                                 |  Latency (cycles) | Iteration|  Initiation Interval  | Trip |          |
        |            Loop Name            |   min   |   max   |  Latency |  achieved |   target  | Count| Pipelined|
        +---------------------------------+---------+---------+----------+-----------+-----------+------+----------+
        |- bucket_pointer_initialization  |       16|       16|         1|          1|          1|    16|       yes|
        +---------------------------------+---------+---------+----------+-----------+-----------+------+----------+

============================================================
+ Verbose Summary: Synthesis Manager
============================================================
InlineROM: 1
ExposeGlobal: 0
============================================================
+ Verbose Summary: CDFG Model
============================================================
IsTopModel: 0
ResetActiveHigh: 1
IsCombinational: 0
IsDatapathOnly: 0
HasWiredReturn: 1
HasMFsm: 2
HasVarLatency: 1
IsPipeline: 0
IsRtlPipelined: 0
IsInstanceOverlapped: 0
IsDontTouch: 0
HasImplIP: 0
IsGatedGlobalClock: 0

+ Individual pipeline summary: 
  * Pipeline-0: initiation interval (II) = 1, depth = 2


============================================================
+ Verbose Summary: Schedule
============================================================
* Number of FSM states : 2
* Pipeline : 1
  Pipeline-0 : II = 1, D = 2, States = { 1 2 }
* Dataflow Pipeline: 0

* FSM state transitions: 
1 --> 2 
2 --> 

* FSM state operations: 

State 1 <SV = 0> <Delay = 0.38>
ST_1 : Operation 4 [1/1] (0.00ns)   --->   "%m = alloca i32 1"   --->   Operation 4 'alloca' 'm' <Predicate = true> <Delay = 0.00>
ST_1 : Operation 5 [1/1] (0.00ns)   --->   "%bucket_pointer_1293 = alloca i32 1"   --->   Operation 5 'alloca' 'bucket_pointer_1293' <Predicate = true> <Delay = 0.00>
ST_1 : Operation 6 [1/1] (0.00ns)   --->   "%bucket_pointer_1294 = alloca i32 1"   --->   Operation 6 'alloca' 'bucket_pointer_1294' <Predicate = true> <Delay = 0.00>
ST_1 : Operation 7 [1/1] (0.00ns)   --->   "%bucket_pointer_1295 = alloca i32 1"   --->   Operation 7 'alloca' 'bucket_pointer_1295' <Predicate = true> <Delay = 0.00>
ST_1 : Operation 8 [1/1] (0.00ns)   --->   "%bucket_pointer_1296 = alloca i32 1"   --->   Operation 8 'alloca' 'bucket_pointer_1296' <Predicate = true> <Delay = 0.00>
ST_1 : Operation 9 [1/1] (0.00ns)   --->   "%bucket_pointer_1297 = alloca i32 1"   --->   Operation 9 'alloca' 'bucket_pointer_1297' <Predicate = true> <Delay = 0.00>
ST_1 : Operation 10 [1/1] (0.00ns)   --->   "%bucket_pointer_1298 = alloca i32 1"   --->   Operation 10 'alloca' 'bucket_pointer_1298' <Predicate = true> <Delay = 0.00>
ST_1 : Operation 11 [1/1] (0.00ns)   --->   "%bucket_pointer_1299 = alloca i32 1"   --->   Operation 11 'alloca' 'bucket_pointer_1299' <Predicate = true> <Delay = 0.00>
ST_1 : Operation 12 [1/1] (0.00ns)   --->   "%bucket_pointer_1300 = alloca i32 1"   --->   Operation 12 'alloca' 'bucket_pointer_1300' <Predicate = true> <Delay = 0.00>
ST_1 : Operation 13 [1/1] (0.00ns)   --->   "%bucket_pointer_1301 = alloca i32 1"   --->   Operation 13 'alloca' 'bucket_pointer_1301' <Predicate = true> <Delay = 0.00>
ST_1 : Operation 14 [1/1] (0.00ns)   --->   "%bucket_pointer_1302 = alloca i32 1"   --->   Operation 14 'alloca' 'bucket_pointer_1302' <Predicate = true> <Delay = 0.00>
ST_1 : Operation 15 [1/1] (0.00ns)   --->   "%bucket_pointer_1303 = alloca i32 1"   --->   Operation 15 'alloca' 'bucket_pointer_1303' <Predicate = true> <Delay = 0.00>
ST_1 : Operation 16 [1/1] (0.00ns)   --->   "%bucket_pointer_1304 = alloca i32 1"   --->   Operation 16 'alloca' 'bucket_pointer_1304' <Predicate = true> <Delay = 0.00>
ST_1 : Operation 17 [1/1] (0.00ns)   --->   "%bucket_pointer_1305 = alloca i32 1"   --->   Operation 17 'alloca' 'bucket_pointer_1305' <Predicate = true> <Delay = 0.00>
ST_1 : Operation 18 [1/1] (0.00ns)   --->   "%bucket_pointer_1306 = alloca i32 1"   --->   Operation 18 'alloca' 'bucket_pointer_1306' <Predicate = true> <Delay = 0.00>
ST_1 : Operation 19 [1/1] (0.00ns)   --->   "%bucket_pointer_1307 = alloca i32 1"   --->   Operation 19 'alloca' 'bucket_pointer_1307' <Predicate = true> <Delay = 0.00>
ST_1 : Operation 20 [1/1] (0.00ns)   --->   "%bucket_pointer_1308 = alloca i32 1"   --->   Operation 20 'alloca' 'bucket_pointer_1308' <Predicate = true> <Delay = 0.00>
ST_1 : Operation 21 [1/1] (0.00ns)   --->   "%bucket_pointer_1309 = alloca i32 1"   --->   Operation 21 'alloca' 'bucket_pointer_1309' <Predicate = true> <Delay = 0.00>
ST_1 : Operation 22 [1/1] (0.00ns)   --->   "%bucket_sizes = alloca i32 1"   --->   Operation 22 'alloca' 'bucket_sizes' <Predicate = true> <Delay = 0.00>
ST_1 : Operation 23 [1/1] (0.00ns)   --->   "%bucket_sizes_1696 = alloca i32 1"   --->   Operation 23 'alloca' 'bucket_sizes_1696' <Predicate = true> <Delay = 0.00>
ST_1 : Operation 24 [1/1] (0.00ns)   --->   "%bucket_sizes_1697 = alloca i32 1"   --->   Operation 24 'alloca' 'bucket_sizes_1697' <Predicate = true> <Delay = 0.00>
ST_1 : Operation 25 [1/1] (0.00ns)   --->   "%bucket_sizes_1698 = alloca i32 1"   --->   Operation 25 'alloca' 'bucket_sizes_1698' <Predicate = true> <Delay = 0.00>
ST_1 : Operation 26 [1/1] (0.00ns)   --->   "%bucket_sizes_1699 = alloca i32 1"   --->   Operation 26 'alloca' 'bucket_sizes_1699' <Predicate = true> <Delay = 0.00>
ST_1 : Operation 27 [1/1] (0.00ns)   --->   "%bucket_sizes_1700 = alloca i32 1"   --->   Operation 27 'alloca' 'bucket_sizes_1700' <Predicate = true> <Delay = 0.00>
ST_1 : Operation 28 [1/1] (0.00ns)   --->   "%bucket_sizes_1701 = alloca i32 1"   --->   Operation 28 'alloca' 'bucket_sizes_1701' <Predicate = true> <Delay = 0.00>
ST_1 : Operation 29 [1/1] (0.00ns)   --->   "%bucket_sizes_1702 = alloca i32 1"   --->   Operation 29 'alloca' 'bucket_sizes_1702' <Predicate = true> <Delay = 0.00>
ST_1 : Operation 30 [1/1] (0.00ns)   --->   "%bucket_sizes_1703 = alloca i32 1"   --->   Operation 30 'alloca' 'bucket_sizes_1703' <Predicate = true> <Delay = 0.00>
ST_1 : Operation 31 [1/1] (0.00ns)   --->   "%bucket_sizes_1704 = alloca i32 1"   --->   Operation 31 'alloca' 'bucket_sizes_1704' <Predicate = true> <Delay = 0.00>
ST_1 : Operation 32 [1/1] (0.00ns)   --->   "%bucket_sizes_1705 = alloca i32 1"   --->   Operation 32 'alloca' 'bucket_sizes_1705' <Predicate = true> <Delay = 0.00>
ST_1 : Operation 33 [1/1] (0.00ns)   --->   "%bucket_sizes_1706 = alloca i32 1"   --->   Operation 33 'alloca' 'bucket_sizes_1706' <Predicate = true> <Delay = 0.00>
ST_1 : Operation 34 [1/1] (0.00ns)   --->   "%bucket_sizes_1707 = alloca i32 1"   --->   Operation 34 'alloca' 'bucket_sizes_1707' <Predicate = true> <Delay = 0.00>
ST_1 : Operation 35 [1/1] (0.00ns)   --->   "%bucket_sizes_1708 = alloca i32 1"   --->   Operation 35 'alloca' 'bucket_sizes_1708' <Predicate = true> <Delay = 0.00>
ST_1 : Operation 36 [1/1] (0.00ns)   --->   "%bucket_sizes_1709 = alloca i32 1"   --->   Operation 36 'alloca' 'bucket_sizes_1709' <Predicate = true> <Delay = 0.00>
ST_1 : Operation 37 [1/1] (0.00ns)   --->   "%bucket_sizes_1710 = alloca i32 1"   --->   Operation 37 'alloca' 'bucket_sizes_1710' <Predicate = true> <Delay = 0.00>
ST_1 : Operation 38 [1/1] (0.00ns)   --->   "%bucket_pointer_read = read i32 @_ssdm_op_Read.ap_auto.i32, i32 %bucket_pointer"   --->   Operation 38 'read' 'bucket_pointer_read' <Predicate = true> <Delay = 0.00>
ST_1 : Operation 39 [1/1] (0.00ns)   --->   "%bucket_pointer_2471_read = read i32 @_ssdm_op_Read.ap_auto.i32, i32 %bucket_pointer_2471"   --->   Operation 39 'read' 'bucket_pointer_2471_read' <Predicate = true> <Delay = 0.00>
ST_1 : Operation 40 [1/1] (0.00ns)   --->   "%bucket_pointer_2472_read = read i32 @_ssdm_op_Read.ap_auto.i32, i32 %bucket_pointer_2472"   --->   Operation 40 'read' 'bucket_pointer_2472_read' <Predicate = true> <Delay = 0.00>
ST_1 : Operation 41 [1/1] (0.00ns)   --->   "%bucket_pointer_2473_read = read i32 @_ssdm_op_Read.ap_auto.i32, i32 %bucket_pointer_2473"   --->   Operation 41 'read' 'bucket_pointer_2473_read' <Predicate = true> <Delay = 0.00>
ST_1 : Operation 42 [1/1] (0.00ns)   --->   "%bucket_pointer_2474_read = read i32 @_ssdm_op_Read.ap_auto.i32, i32 %bucket_pointer_2474"   --->   Operation 42 'read' 'bucket_pointer_2474_read' <Predicate = true> <Delay = 0.00>
ST_1 : Operation 43 [1/1] (0.00ns)   --->   "%bucket_pointer_2475_read = read i32 @_ssdm_op_Read.ap_auto.i32, i32 %bucket_pointer_2475"   --->   Operation 43 'read' 'bucket_pointer_2475_read' <Predicate = true> <Delay = 0.00>
ST_1 : Operation 44 [1/1] (0.00ns)   --->   "%bucket_pointer_2476_read = read i32 @_ssdm_op_Read.ap_auto.i32, i32 %bucket_pointer_2476"   --->   Operation 44 'read' 'bucket_pointer_2476_read' <Predicate = true> <Delay = 0.00>
ST_1 : Operation 45 [1/1] (0.00ns)   --->   "%bucket_pointer_2477_read = read i32 @_ssdm_op_Read.ap_auto.i32, i32 %bucket_pointer_2477"   --->   Operation 45 'read' 'bucket_pointer_2477_read' <Predicate = true> <Delay = 0.00>
ST_1 : Operation 46 [1/1] (0.00ns)   --->   "%bucket_pointer_2478_read = read i32 @_ssdm_op_Read.ap_auto.i32, i32 %bucket_pointer_2478"   --->   Operation 46 'read' 'bucket_pointer_2478_read' <Predicate = true> <Delay = 0.00>
ST_1 : Operation 47 [1/1] (0.00ns)   --->   "%bucket_pointer_2479_read = read i32 @_ssdm_op_Read.ap_auto.i32, i32 %bucket_pointer_2479"   --->   Operation 47 'read' 'bucket_pointer_2479_read' <Predicate = true> <Delay = 0.00>
ST_1 : Operation 48 [1/1] (0.00ns)   --->   "%bucket_pointer_2480_read = read i32 @_ssdm_op_Read.ap_auto.i32, i32 %bucket_pointer_2480"   --->   Operation 48 'read' 'bucket_pointer_2480_read' <Predicate = true> <Delay = 0.00>
ST_1 : Operation 49 [1/1] (0.00ns)   --->   "%bucket_pointer_2481_read = read i32 @_ssdm_op_Read.ap_auto.i32, i32 %bucket_pointer_2481"   --->   Operation 49 'read' 'bucket_pointer_2481_read' <Predicate = true> <Delay = 0.00>
ST_1 : Operation 50 [1/1] (0.00ns)   --->   "%bucket_pointer_2482_read = read i32 @_ssdm_op_Read.ap_auto.i32, i32 %bucket_pointer_2482"   --->   Operation 50 'read' 'bucket_pointer_2482_read' <Predicate = true> <Delay = 0.00>
ST_1 : Operation 51 [1/1] (0.00ns)   --->   "%bucket_pointer_2483_read = read i32 @_ssdm_op_Read.ap_auto.i32, i32 %bucket_pointer_2483"   --->   Operation 51 'read' 'bucket_pointer_2483_read' <Predicate = true> <Delay = 0.00>
ST_1 : Operation 52 [1/1] (0.00ns)   --->   "%bucket_pointer_2484_read = read i32 @_ssdm_op_Read.ap_auto.i32, i32 %bucket_pointer_2484"   --->   Operation 52 'read' 'bucket_pointer_2484_read' <Predicate = true> <Delay = 0.00>
ST_1 : Operation 53 [1/1] (0.00ns)   --->   "%bucket_pointer_2485_read = read i32 @_ssdm_op_Read.ap_auto.i32, i32 %bucket_pointer_2485"   --->   Operation 53 'read' 'bucket_pointer_2485_read' <Predicate = true> <Delay = 0.00>
ST_1 : Operation 54 [1/1] (0.00ns)   --->   "%bucket_sizes_5575_read = read i32 @_ssdm_op_Read.ap_auto.i32, i32 %bucket_sizes_5575"   --->   Operation 54 'read' 'bucket_sizes_5575_read' <Predicate = true> <Delay = 0.00>
ST_1 : Operation 55 [1/1] (0.00ns)   --->   "%bucket_sizes_5576_read = read i32 @_ssdm_op_Read.ap_auto.i32, i32 %bucket_sizes_5576"   --->   Operation 55 'read' 'bucket_sizes_5576_read' <Predicate = true> <Delay = 0.00>
ST_1 : Operation 56 [1/1] (0.00ns)   --->   "%bucket_sizes_5577_read = read i32 @_ssdm_op_Read.ap_auto.i32, i32 %bucket_sizes_5577"   --->   Operation 56 'read' 'bucket_sizes_5577_read' <Predicate = true> <Delay = 0.00>
ST_1 : Operation 57 [1/1] (0.00ns)   --->   "%bucket_sizes_5578_read = read i32 @_ssdm_op_Read.ap_auto.i32, i32 %bucket_sizes_5578"   --->   Operation 57 'read' 'bucket_sizes_5578_read' <Predicate = true> <Delay = 0.00>
ST_1 : Operation 58 [1/1] (0.00ns)   --->   "%bucket_sizes_5579_read = read i32 @_ssdm_op_Read.ap_auto.i32, i32 %bucket_sizes_5579"   --->   Operation 58 'read' 'bucket_sizes_5579_read' <Predicate = true> <Delay = 0.00>
ST_1 : Operation 59 [1/1] (0.00ns)   --->   "%bucket_sizes_5580_read = read i32 @_ssdm_op_Read.ap_auto.i32, i32 %bucket_sizes_5580"   --->   Operation 59 'read' 'bucket_sizes_5580_read' <Predicate = true> <Delay = 0.00>
ST_1 : Operation 60 [1/1] (0.00ns)   --->   "%bucket_sizes_5581_read = read i32 @_ssdm_op_Read.ap_auto.i32, i32 %bucket_sizes_5581"   --->   Operation 60 'read' 'bucket_sizes_5581_read' <Predicate = true> <Delay = 0.00>
ST_1 : Operation 61 [1/1] (0.00ns)   --->   "%bucket_sizes_5582_read = read i32 @_ssdm_op_Read.ap_auto.i32, i32 %bucket_sizes_5582"   --->   Operation 61 'read' 'bucket_sizes_5582_read' <Predicate = true> <Delay = 0.00>
ST_1 : Operation 62 [1/1] (0.00ns)   --->   "%bucket_sizes_5583_read = read i32 @_ssdm_op_Read.ap_auto.i32, i32 %bucket_sizes_5583"   --->   Operation 62 'read' 'bucket_sizes_5583_read' <Predicate = true> <Delay = 0.00>
ST_1 : Operation 63 [1/1] (0.00ns)   --->   "%bucket_sizes_5584_read = read i32 @_ssdm_op_Read.ap_auto.i32, i32 %bucket_sizes_5584"   --->   Operation 63 'read' 'bucket_sizes_5584_read' <Predicate = true> <Delay = 0.00>
ST_1 : Operation 64 [1/1] (0.00ns)   --->   "%bucket_sizes_5585_read = read i32 @_ssdm_op_Read.ap_auto.i32, i32 %bucket_sizes_5585"   --->   Operation 64 'read' 'bucket_sizes_5585_read' <Predicate = true> <Delay = 0.00>
ST_1 : Operation 65 [1/1] (0.00ns)   --->   "%bucket_sizes_5586_read = read i32 @_ssdm_op_Read.ap_auto.i32, i32 %bucket_sizes_5586"   --->   Operation 65 'read' 'bucket_sizes_5586_read' <Predicate = true> <Delay = 0.00>
ST_1 : Operation 66 [1/1] (0.00ns)   --->   "%bucket_sizes_5587_read = read i32 @_ssdm_op_Read.ap_auto.i32, i32 %bucket_sizes_5587"   --->   Operation 66 'read' 'bucket_sizes_5587_read' <Predicate = true> <Delay = 0.00>
ST_1 : Operation 67 [1/1] (0.00ns)   --->   "%bucket_sizes_5588_read = read i32 @_ssdm_op_Read.ap_auto.i32, i32 %bucket_sizes_5588"   --->   Operation 67 'read' 'bucket_sizes_5588_read' <Predicate = true> <Delay = 0.00>
ST_1 : Operation 68 [1/1] (0.00ns)   --->   "%bucket_sizes_5589_read = read i32 @_ssdm_op_Read.ap_auto.i32, i32 %bucket_sizes_5589"   --->   Operation 68 'read' 'bucket_sizes_5589_read' <Predicate = true> <Delay = 0.00>
ST_1 : Operation 69 [1/1] (0.00ns)   --->   "%bucket_sizes_5590_read = read i32 @_ssdm_op_Read.ap_auto.i32, i32 %bucket_sizes_5590"   --->   Operation 69 'read' 'bucket_sizes_5590_read' <Predicate = true> <Delay = 0.00>
ST_1 : Operation 70 [1/1] (0.38ns)   --->   "%store_ln0 = store i32 %bucket_sizes_5590_read, i32 %bucket_sizes_1710"   --->   Operation 70 'store' 'store_ln0' <Predicate = true> <Delay = 0.38>
ST_1 : Operation 71 [1/1] (0.38ns)   --->   "%store_ln0 = store i32 %bucket_sizes_5589_read, i32 %bucket_sizes_1709"   --->   Operation 71 'store' 'store_ln0' <Predicate = true> <Delay = 0.38>
ST_1 : Operation 72 [1/1] (0.38ns)   --->   "%store_ln0 = store i32 %bucket_sizes_5588_read, i32 %bucket_sizes_1708"   --->   Operation 72 'store' 'store_ln0' <Predicate = true> <Delay = 0.38>
ST_1 : Operation 73 [1/1] (0.38ns)   --->   "%store_ln0 = store i32 %bucket_sizes_5587_read, i32 %bucket_sizes_1707"   --->   Operation 73 'store' 'store_ln0' <Predicate = true> <Delay = 0.38>
ST_1 : Operation 74 [1/1] (0.38ns)   --->   "%store_ln0 = store i32 %bucket_sizes_5586_read, i32 %bucket_sizes_1706"   --->   Operation 74 'store' 'store_ln0' <Predicate = true> <Delay = 0.38>
ST_1 : Operation 75 [1/1] (0.38ns)   --->   "%store_ln0 = store i32 %bucket_sizes_5585_read, i32 %bucket_sizes_1705"   --->   Operation 75 'store' 'store_ln0' <Predicate = true> <Delay = 0.38>
ST_1 : Operation 76 [1/1] (0.38ns)   --->   "%store_ln0 = store i32 %bucket_sizes_5584_read, i32 %bucket_sizes_1704"   --->   Operation 76 'store' 'store_ln0' <Predicate = true> <Delay = 0.38>
ST_1 : Operation 77 [1/1] (0.38ns)   --->   "%store_ln0 = store i32 %bucket_sizes_5583_read, i32 %bucket_sizes_1703"   --->   Operation 77 'store' 'store_ln0' <Predicate = true> <Delay = 0.38>
ST_1 : Operation 78 [1/1] (0.38ns)   --->   "%store_ln0 = store i32 %bucket_sizes_5582_read, i32 %bucket_sizes_1702"   --->   Operation 78 'store' 'store_ln0' <Predicate = true> <Delay = 0.38>
ST_1 : Operation 79 [1/1] (0.38ns)   --->   "%store_ln0 = store i32 %bucket_sizes_5581_read, i32 %bucket_sizes_1701"   --->   Operation 79 'store' 'store_ln0' <Predicate = true> <Delay = 0.38>
ST_1 : Operation 80 [1/1] (0.38ns)   --->   "%store_ln0 = store i32 %bucket_sizes_5580_read, i32 %bucket_sizes_1700"   --->   Operation 80 'store' 'store_ln0' <Predicate = true> <Delay = 0.38>
ST_1 : Operation 81 [1/1] (0.38ns)   --->   "%store_ln0 = store i32 %bucket_sizes_5579_read, i32 %bucket_sizes_1699"   --->   Operation 81 'store' 'store_ln0' <Predicate = true> <Delay = 0.38>
ST_1 : Operation 82 [1/1] (0.38ns)   --->   "%store_ln0 = store i32 %bucket_sizes_5578_read, i32 %bucket_sizes_1698"   --->   Operation 82 'store' 'store_ln0' <Predicate = true> <Delay = 0.38>
ST_1 : Operation 83 [1/1] (0.38ns)   --->   "%store_ln0 = store i32 %bucket_sizes_5577_read, i32 %bucket_sizes_1697"   --->   Operation 83 'store' 'store_ln0' <Predicate = true> <Delay = 0.38>
ST_1 : Operation 84 [1/1] (0.38ns)   --->   "%store_ln0 = store i32 %bucket_sizes_5576_read, i32 %bucket_sizes_1696"   --->   Operation 84 'store' 'store_ln0' <Predicate = true> <Delay = 0.38>
ST_1 : Operation 85 [1/1] (0.38ns)   --->   "%store_ln0 = store i32 %bucket_sizes_5575_read, i32 %bucket_sizes"   --->   Operation 85 'store' 'store_ln0' <Predicate = true> <Delay = 0.38>
ST_1 : Operation 86 [1/1] (0.38ns)   --->   "%store_ln0 = store i32 %bucket_pointer_2485_read, i32 %bucket_pointer_1309"   --->   Operation 86 'store' 'store_ln0' <Predicate = true> <Delay = 0.38>
ST_1 : Operation 87 [1/1] (0.38ns)   --->   "%store_ln0 = store i32 %bucket_pointer_2484_read, i32 %bucket_pointer_1308"   --->   Operation 87 'store' 'store_ln0' <Predicate = true> <Delay = 0.38>
ST_1 : Operation 88 [1/1] (0.38ns)   --->   "%store_ln0 = store i32 0, i32 %bucket_pointer_1307"   --->   Operation 88 'store' 'store_ln0' <Predicate = true> <Delay = 0.38>
ST_1 : Operation 89 [1/1] (0.38ns)   --->   "%store_ln0 = store i32 %bucket_pointer_2483_read, i32 %bucket_pointer_1306"   --->   Operation 89 'store' 'store_ln0' <Predicate = true> <Delay = 0.38>
ST_1 : Operation 90 [1/1] (0.38ns)   --->   "%store_ln0 = store i32 %bucket_pointer_2482_read, i32 %bucket_pointer_1305"   --->   Operation 90 'store' 'store_ln0' <Predicate = true> <Delay = 0.38>
ST_1 : Operation 91 [1/1] (0.38ns)   --->   "%store_ln0 = store i32 %bucket_pointer_2481_read, i32 %bucket_pointer_1304"   --->   Operation 91 'store' 'store_ln0' <Predicate = true> <Delay = 0.38>
ST_1 : Operation 92 [1/1] (0.38ns)   --->   "%store_ln0 = store i32 %bucket_pointer_2480_read, i32 %bucket_pointer_1303"   --->   Operation 92 'store' 'store_ln0' <Predicate = true> <Delay = 0.38>
ST_1 : Operation 93 [1/1] (0.38ns)   --->   "%store_ln0 = store i32 %bucket_pointer_2479_read, i32 %bucket_pointer_1302"   --->   Operation 93 'store' 'store_ln0' <Predicate = true> <Delay = 0.38>
ST_1 : Operation 94 [1/1] (0.38ns)   --->   "%store_ln0 = store i32 %bucket_pointer_2478_read, i32 %bucket_pointer_1301"   --->   Operation 94 'store' 'store_ln0' <Predicate = true> <Delay = 0.38>
ST_1 : Operation 95 [1/1] (0.38ns)   --->   "%store_ln0 = store i32 %bucket_pointer_2477_read, i32 %bucket_pointer_1300"   --->   Operation 95 'store' 'store_ln0' <Predicate = true> <Delay = 0.38>
ST_1 : Operation 96 [1/1] (0.38ns)   --->   "%store_ln0 = store i32 %bucket_pointer_2476_read, i32 %bucket_pointer_1299"   --->   Operation 96 'store' 'store_ln0' <Predicate = true> <Delay = 0.38>
ST_1 : Operation 97 [1/1] (0.38ns)   --->   "%store_ln0 = store i32 %bucket_pointer_2475_read, i32 %bucket_pointer_1298"   --->   Operation 97 'store' 'store_ln0' <Predicate = true> <Delay = 0.38>
ST_1 : Operation 98 [1/1] (0.38ns)   --->   "%store_ln0 = store i32 %bucket_pointer_2474_read, i32 %bucket_pointer_1297"   --->   Operation 98 'store' 'store_ln0' <Predicate = true> <Delay = 0.38>
ST_1 : Operation 99 [1/1] (0.38ns)   --->   "%store_ln0 = store i32 %bucket_pointer_2473_read, i32 %bucket_pointer_1296"   --->   Operation 99 'store' 'store_ln0' <Predicate = true> <Delay = 0.38>
ST_1 : Operation 100 [1/1] (0.38ns)   --->   "%store_ln0 = store i32 %bucket_pointer_2472_read, i32 %bucket_pointer_1295"   --->   Operation 100 'store' 'store_ln0' <Predicate = true> <Delay = 0.38>
ST_1 : Operation 101 [1/1] (0.38ns)   --->   "%store_ln0 = store i32 %bucket_pointer_2471_read, i32 %bucket_pointer_1294"   --->   Operation 101 'store' 'store_ln0' <Predicate = true> <Delay = 0.38>
ST_1 : Operation 102 [1/1] (0.38ns)   --->   "%store_ln0 = store i32 %bucket_pointer_read, i32 %bucket_pointer_1293"   --->   Operation 102 'store' 'store_ln0' <Predicate = true> <Delay = 0.38>
ST_1 : Operation 103 [1/1] (0.38ns)   --->   "%store_ln0 = store i5 0, i5 %m"   --->   Operation 103 'store' 'store_ln0' <Predicate = true> <Delay = 0.38>
ST_1 : Operation 104 [1/1] (0.00ns)   --->   "%br_ln0 = br void %for.inc27.i"   --->   Operation 104 'br' 'br_ln0' <Predicate = true> <Delay = 0.00>

State 2 <SV = 1> <Delay = 1.76>
ST_2 : Operation 105 [1/1] (0.00ns)   --->   "%m_39 = load i5 %m" [sort_seperate_bucket/multi_radix_hex_kmerge.c:34]   --->   Operation 105 'load' 'm_39' <Predicate = true> <Delay = 0.00>
ST_2 : Operation 106 [1/1] (0.00ns)   --->   "%bucket_pointer_1311 = load i32 %bucket_pointer_1307" [sort_seperate_bucket/multi_radix_hex_kmerge.c:34]   --->   Operation 106 'load' 'bucket_pointer_1311' <Predicate = true> <Delay = 0.00>
ST_2 : Operation 107 [1/1] (0.00ns)   --->   "%specpipeline_ln0 = specpipeline void @_ssdm_op_SpecPipeline, i32 4294967295, i32 0, i32 1, i32 0, void @p_str"   --->   Operation 107 'specpipeline' 'specpipeline_ln0' <Predicate = true> <Delay = 0.00>
ST_2 : Operation 108 [1/1] (0.63ns)   --->   "%icmp_ln33 = icmp_eq  i5 %m_39, i5 16" [sort_seperate_bucket/multi_radix_hex_kmerge.c:33]   --->   Operation 108 'icmp' 'icmp_ln33' <Predicate = true> <Delay = 0.63> <CoreInst = "Cmp">   --->   Core 9 'Cmp' <Latency = 0> <II = 1> <Delay = 0.63> <FuncUnit> <Opcode : 'icmp'> <InPorts = 2> <OutPorts = 1>
ST_2 : Operation 109 [1/1] (0.00ns)   --->   "%empty = speclooptripcount i32 @_ssdm_op_SpecLoopTripCount, i64 16, i64 16, i64 16"   --->   Operation 109 'speclooptripcount' 'empty' <Predicate = true> <Delay = 0.00>
ST_2 : Operation 110 [1/1] (0.70ns)   --->   "%add_ln33 = add i5 %m_39, i5 1" [sort_seperate_bucket/multi_radix_hex_kmerge.c:33]   --->   Operation 110 'add' 'add_ln33' <Predicate = true> <Delay = 0.70> <CoreInst = "Adder">   --->   Core 1 'Adder' <Latency = 0> <II = 1> <Delay = 0.70> <FuncUnit> <Opcode : 'add' 'sub'> <InPorts = 2> <OutPorts = 1>
ST_2 : Operation 111 [1/1] (0.00ns)   --->   "%br_ln33 = br i1 %icmp_ln33, void %for.inc27.split.i, void %input_bucket.i.exitStub" [sort_seperate_bucket/multi_radix_hex_kmerge.c:33]   --->   Operation 111 'br' 'br_ln33' <Predicate = true> <Delay = 0.00>
ST_2 : Operation 112 [1/1] (0.00ns)   --->   "%bucket_sizes_load_39 = load i32 %bucket_sizes" [sort_seperate_bucket/multi_radix_hex_kmerge.c:35]   --->   Operation 112 'load' 'bucket_sizes_load_39' <Predicate = (!icmp_ln33)> <Delay = 0.00>
ST_2 : Operation 113 [1/1] (0.00ns)   --->   "%bucket_sizes_1696_load_1 = load i32 %bucket_sizes_1696" [sort_seperate_bucket/multi_radix_hex_kmerge.c:35]   --->   Operation 113 'load' 'bucket_sizes_1696_load_1' <Predicate = (!icmp_ln33)> <Delay = 0.00>
ST_2 : Operation 114 [1/1] (0.00ns)   --->   "%bucket_sizes_1697_load_1 = load i32 %bucket_sizes_1697" [sort_seperate_bucket/multi_radix_hex_kmerge.c:35]   --->   Operation 114 'load' 'bucket_sizes_1697_load_1' <Predicate = (!icmp_ln33)> <Delay = 0.00>
ST_2 : Operation 115 [1/1] (0.00ns)   --->   "%bucket_sizes_1698_load_1 = load i32 %bucket_sizes_1698" [sort_seperate_bucket/multi_radix_hex_kmerge.c:35]   --->   Operation 115 'load' 'bucket_sizes_1698_load_1' <Predicate = (!icmp_ln33)> <Delay = 0.00>
ST_2 : Operation 116 [1/1] (0.00ns)   --->   "%bucket_sizes_1699_load_1 = load i32 %bucket_sizes_1699" [sort_seperate_bucket/multi_radix_hex_kmerge.c:35]   --->   Operation 116 'load' 'bucket_sizes_1699_load_1' <Predicate = (!icmp_ln33)> <Delay = 0.00>
ST_2 : Operation 117 [1/1] (0.00ns)   --->   "%bucket_sizes_1700_load_1 = load i32 %bucket_sizes_1700" [sort_seperate_bucket/multi_radix_hex_kmerge.c:35]   --->   Operation 117 'load' 'bucket_sizes_1700_load_1' <Predicate = (!icmp_ln33)> <Delay = 0.00>
ST_2 : Operation 118 [1/1] (0.00ns)   --->   "%bucket_sizes_1701_load_1 = load i32 %bucket_sizes_1701" [sort_seperate_bucket/multi_radix_hex_kmerge.c:35]   --->   Operation 118 'load' 'bucket_sizes_1701_load_1' <Predicate = (!icmp_ln33)> <Delay = 0.00>
ST_2 : Operation 119 [1/1] (0.00ns)   --->   "%bucket_sizes_1702_load_1 = load i32 %bucket_sizes_1702" [sort_seperate_bucket/multi_radix_hex_kmerge.c:35]   --->   Operation 119 'load' 'bucket_sizes_1702_load_1' <Predicate = (!icmp_ln33)> <Delay = 0.00>
ST_2 : Operation 120 [1/1] (0.00ns)   --->   "%bucket_sizes_1703_load_1 = load i32 %bucket_sizes_1703" [sort_seperate_bucket/multi_radix_hex_kmerge.c:35]   --->   Operation 120 'load' 'bucket_sizes_1703_load_1' <Predicate = (!icmp_ln33)> <Delay = 0.00>
ST_2 : Operation 121 [1/1] (0.00ns)   --->   "%bucket_sizes_1704_load_1 = load i32 %bucket_sizes_1704" [sort_seperate_bucket/multi_radix_hex_kmerge.c:35]   --->   Operation 121 'load' 'bucket_sizes_1704_load_1' <Predicate = (!icmp_ln33)> <Delay = 0.00>
ST_2 : Operation 122 [1/1] (0.00ns)   --->   "%bucket_sizes_1705_load_1 = load i32 %bucket_sizes_1705" [sort_seperate_bucket/multi_radix_hex_kmerge.c:35]   --->   Operation 122 'load' 'bucket_sizes_1705_load_1' <Predicate = (!icmp_ln33)> <Delay = 0.00>
ST_2 : Operation 123 [1/1] (0.00ns)   --->   "%bucket_sizes_1706_load_1 = load i32 %bucket_sizes_1706" [sort_seperate_bucket/multi_radix_hex_kmerge.c:35]   --->   Operation 123 'load' 'bucket_sizes_1706_load_1' <Predicate = (!icmp_ln33)> <Delay = 0.00>
ST_2 : Operation 124 [1/1] (0.00ns)   --->   "%bucket_sizes_1707_load_1 = load i32 %bucket_sizes_1707" [sort_seperate_bucket/multi_radix_hex_kmerge.c:35]   --->   Operation 124 'load' 'bucket_sizes_1707_load_1' <Predicate = (!icmp_ln33)> <Delay = 0.00>
ST_2 : Operation 125 [1/1] (0.00ns)   --->   "%bucket_sizes_1708_load_1 = load i32 %bucket_sizes_1708" [sort_seperate_bucket/multi_radix_hex_kmerge.c:35]   --->   Operation 125 'load' 'bucket_sizes_1708_load_1' <Predicate = (!icmp_ln33)> <Delay = 0.00>
ST_2 : Operation 126 [1/1] (0.00ns)   --->   "%bucket_sizes_1709_load_1 = load i32 %bucket_sizes_1709" [sort_seperate_bucket/multi_radix_hex_kmerge.c:35]   --->   Operation 126 'load' 'bucket_sizes_1709_load_1' <Predicate = (!icmp_ln33)> <Delay = 0.00>
ST_2 : Operation 127 [1/1] (0.00ns)   --->   "%bucket_sizes_1710_load_1 = load i32 %bucket_sizes_1710" [sort_seperate_bucket/multi_radix_hex_kmerge.c:35]   --->   Operation 127 'load' 'bucket_sizes_1710_load_1' <Predicate = (!icmp_ln33)> <Delay = 0.00>
ST_2 : Operation 128 [1/1] (0.00ns)   --->   "%specloopname_ln11 = specloopname void @_ssdm_op_SpecLoopName, void @empty_55" [sort_seperate_bucket/multi_radix_hex_kmerge.c:11]   --->   Operation 128 'specloopname' 'specloopname_ln11' <Predicate = (!icmp_ln33)> <Delay = 0.00>
ST_2 : Operation 129 [1/1] (0.00ns)   --->   "%trunc_ln34 = trunc i5 %m_39" [sort_seperate_bucket/multi_radix_hex_kmerge.c:34]   --->   Operation 129 'trunc' 'trunc_ln34' <Predicate = (!icmp_ln33)> <Delay = 0.00>
ST_2 : Operation 130 [1/1] (0.49ns)   --->   "%tmp_i = mux i32 @_ssdm_op_Mux.ap_auto.16i32.i4, i32 %bucket_sizes_load_39, i32 %bucket_sizes_1696_load_1, i32 %bucket_sizes_1697_load_1, i32 %bucket_sizes_1698_load_1, i32 %bucket_sizes_1699_load_1, i32 %bucket_sizes_1700_load_1, i32 %bucket_sizes_1701_load_1, i32 %bucket_sizes_1702_load_1, i32 %bucket_sizes_1703_load_1, i32 %bucket_sizes_1704_load_1, i32 %bucket_sizes_1705_load_1, i32 %bucket_sizes_1706_load_1, i32 %bucket_sizes_1707_load_1, i32 %bucket_sizes_1708_load_1, i32 %bucket_sizes_1709_load_1, i32 %bucket_sizes_1710_load_1, i4 %trunc_ln34" [sort_seperate_bucket/multi_radix_hex_kmerge.c:35]   --->   Operation 130 'mux' 'tmp_i' <Predicate = (!icmp_ln33)> <Delay = 0.49> <CoreInst = "Multiplexer">   --->   Core 76 'Multiplexer' <Latency = 0> <II = 1> <Delay = 0.49> <FuncUnit> <Opcode : 'mux'> <InPorts = 2> <OutPorts = 1>
ST_2 : Operation 131 [1/1] (0.88ns)   --->   "%next_bucket_pointer = add i32 %tmp_i, i32 %bucket_pointer_1311" [sort_seperate_bucket/multi_radix_hex_kmerge.c:35]   --->   Operation 131 'add' 'next_bucket_pointer' <Predicate = (!icmp_ln33)> <Delay = 0.88> <CoreInst = "Adder">   --->   Core 1 'Adder' <Latency = 0> <II = 1> <Delay = 0.88> <FuncUnit> <Opcode : 'add' 'sub'> <InPorts = 2> <OutPorts = 1>
ST_2 : Operation 132 [1/1] (0.34ns)   --->   "%switch_ln34 = switch i4 %trunc_ln34, void %arrayidx23.case.15.i, i4 0, void %for.inc27.split.i.arrayidx23.exit.i_crit_edge48, i4 1, void %arrayidx23.case.1.i, i4 2, void %arrayidx23.case.2.i, i4 3, void %arrayidx23.case.3.i, i4 4, void %arrayidx23.case.4.i, i4 5, void %arrayidx23.case.5.i, i4 6, void %arrayidx23.case.6.i, i4 7, void %arrayidx23.case.7.i, i4 8, void %arrayidx23.case.8.i, i4 9, void %arrayidx23.case.9.i, i4 10, void %arrayidx23.case.10.i, i4 11, void %arrayidx23.case.11.i, i4 12, void %arrayidx23.case.12.i, i4 13, void %arrayidx23.case.13.i, i4 14, void %for.inc27.split.i.arrayidx23.exit.i_crit_edge" [sort_seperate_bucket/multi_radix_hex_kmerge.c:34]   --->   Operation 132 'switch' 'switch_ln34' <Predicate = (!icmp_ln33)> <Delay = 0.34>
ST_2 : Operation 133 [1/1] (0.38ns)   --->   "%store_ln34 = store i32 0, i32 %bucket_sizes_1709" [sort_seperate_bucket/multi_radix_hex_kmerge.c:34]   --->   Operation 133 'store' 'store_ln34' <Predicate = (!icmp_ln33 & trunc_ln34 == 14)> <Delay = 0.38>
ST_2 : Operation 134 [1/1] (0.38ns)   --->   "%store_ln34 = store i32 %bucket_pointer_1311, i32 %bucket_pointer_1308" [sort_seperate_bucket/multi_radix_hex_kmerge.c:34]   --->   Operation 134 'store' 'store_ln34' <Predicate = (!icmp_ln33 & trunc_ln34 == 14)> <Delay = 0.38>
ST_2 : Operation 135 [1/1] (0.00ns)   --->   "%br_ln34 = br void %arrayidx23.exit.i" [sort_seperate_bucket/multi_radix_hex_kmerge.c:34]   --->   Operation 135 'br' 'br_ln34' <Predicate = (!icmp_ln33 & trunc_ln34 == 14)> <Delay = 0.00>
ST_2 : Operation 136 [1/1] (0.38ns)   --->   "%store_ln36 = store i32 0, i32 %bucket_sizes_1708" [sort_seperate_bucket/multi_radix_hex_kmerge.c:36]   --->   Operation 136 'store' 'store_ln36' <Predicate = (!icmp_ln33 & trunc_ln34 == 13)> <Delay = 0.38>
ST_2 : Operation 137 [1/1] (0.38ns)   --->   "%store_ln36 = store i32 %bucket_pointer_1311, i32 %bucket_pointer_1306" [sort_seperate_bucket/multi_radix_hex_kmerge.c:36]   --->   Operation 137 'store' 'store_ln36' <Predicate = (!icmp_ln33 & trunc_ln34 == 13)> <Delay = 0.38>
ST_2 : Operation 138 [1/1] (0.00ns)   --->   "%br_ln36 = br void %arrayidx23.exit.i" [sort_seperate_bucket/multi_radix_hex_kmerge.c:36]   --->   Operation 138 'br' 'br_ln36' <Predicate = (!icmp_ln33 & trunc_ln34 == 13)> <Delay = 0.00>
ST_2 : Operation 139 [1/1] (0.38ns)   --->   "%store_ln36 = store i32 0, i32 %bucket_sizes_1707" [sort_seperate_bucket/multi_radix_hex_kmerge.c:36]   --->   Operation 139 'store' 'store_ln36' <Predicate = (!icmp_ln33 & trunc_ln34 == 12)> <Delay = 0.38>
ST_2 : Operation 140 [1/1] (0.38ns)   --->   "%store_ln36 = store i32 %bucket_pointer_1311, i32 %bucket_pointer_1305" [sort_seperate_bucket/multi_radix_hex_kmerge.c:36]   --->   Operation 140 'store' 'store_ln36' <Predicate = (!icmp_ln33 & trunc_ln34 == 12)> <Delay = 0.38>
ST_2 : Operation 141 [1/1] (0.00ns)   --->   "%br_ln36 = br void %arrayidx23.exit.i" [sort_seperate_bucket/multi_radix_hex_kmerge.c:36]   --->   Operation 141 'br' 'br_ln36' <Predicate = (!icmp_ln33 & trunc_ln34 == 12)> <Delay = 0.00>
ST_2 : Operation 142 [1/1] (0.38ns)   --->   "%store_ln36 = store i32 0, i32 %bucket_sizes_1706" [sort_seperate_bucket/multi_radix_hex_kmerge.c:36]   --->   Operation 142 'store' 'store_ln36' <Predicate = (!icmp_ln33 & trunc_ln34 == 11)> <Delay = 0.38>
ST_2 : Operation 143 [1/1] (0.38ns)   --->   "%store_ln36 = store i32 %bucket_pointer_1311, i32 %bucket_pointer_1304" [sort_seperate_bucket/multi_radix_hex_kmerge.c:36]   --->   Operation 143 'store' 'store_ln36' <Predicate = (!icmp_ln33 & trunc_ln34 == 11)> <Delay = 0.38>
ST_2 : Operation 144 [1/1] (0.00ns)   --->   "%br_ln36 = br void %arrayidx23.exit.i" [sort_seperate_bucket/multi_radix_hex_kmerge.c:36]   --->   Operation 144 'br' 'br_ln36' <Predicate = (!icmp_ln33 & trunc_ln34 == 11)> <Delay = 0.00>
ST_2 : Operation 145 [1/1] (0.38ns)   --->   "%store_ln36 = store i32 0, i32 %bucket_sizes_1705" [sort_seperate_bucket/multi_radix_hex_kmerge.c:36]   --->   Operation 145 'store' 'store_ln36' <Predicate = (!icmp_ln33 & trunc_ln34 == 10)> <Delay = 0.38>
ST_2 : Operation 146 [1/1] (0.38ns)   --->   "%store_ln36 = store i32 %bucket_pointer_1311, i32 %bucket_pointer_1303" [sort_seperate_bucket/multi_radix_hex_kmerge.c:36]   --->   Operation 146 'store' 'store_ln36' <Predicate = (!icmp_ln33 & trunc_ln34 == 10)> <Delay = 0.38>
ST_2 : Operation 147 [1/1] (0.00ns)   --->   "%br_ln36 = br void %arrayidx23.exit.i" [sort_seperate_bucket/multi_radix_hex_kmerge.c:36]   --->   Operation 147 'br' 'br_ln36' <Predicate = (!icmp_ln33 & trunc_ln34 == 10)> <Delay = 0.00>
ST_2 : Operation 148 [1/1] (0.38ns)   --->   "%store_ln36 = store i32 0, i32 %bucket_sizes_1704" [sort_seperate_bucket/multi_radix_hex_kmerge.c:36]   --->   Operation 148 'store' 'store_ln36' <Predicate = (!icmp_ln33 & trunc_ln34 == 9)> <Delay = 0.38>
ST_2 : Operation 149 [1/1] (0.38ns)   --->   "%store_ln36 = store i32 %bucket_pointer_1311, i32 %bucket_pointer_1302" [sort_seperate_bucket/multi_radix_hex_kmerge.c:36]   --->   Operation 149 'store' 'store_ln36' <Predicate = (!icmp_ln33 & trunc_ln34 == 9)> <Delay = 0.38>
ST_2 : Operation 150 [1/1] (0.00ns)   --->   "%br_ln36 = br void %arrayidx23.exit.i" [sort_seperate_bucket/multi_radix_hex_kmerge.c:36]   --->   Operation 150 'br' 'br_ln36' <Predicate = (!icmp_ln33 & trunc_ln34 == 9)> <Delay = 0.00>
ST_2 : Operation 151 [1/1] (0.38ns)   --->   "%store_ln36 = store i32 0, i32 %bucket_sizes_1703" [sort_seperate_bucket/multi_radix_hex_kmerge.c:36]   --->   Operation 151 'store' 'store_ln36' <Predicate = (!icmp_ln33 & trunc_ln34 == 8)> <Delay = 0.38>
ST_2 : Operation 152 [1/1] (0.38ns)   --->   "%store_ln36 = store i32 %bucket_pointer_1311, i32 %bucket_pointer_1301" [sort_seperate_bucket/multi_radix_hex_kmerge.c:36]   --->   Operation 152 'store' 'store_ln36' <Predicate = (!icmp_ln33 & trunc_ln34 == 8)> <Delay = 0.38>
ST_2 : Operation 153 [1/1] (0.00ns)   --->   "%br_ln36 = br void %arrayidx23.exit.i" [sort_seperate_bucket/multi_radix_hex_kmerge.c:36]   --->   Operation 153 'br' 'br_ln36' <Predicate = (!icmp_ln33 & trunc_ln34 == 8)> <Delay = 0.00>
ST_2 : Operation 154 [1/1] (0.38ns)   --->   "%store_ln36 = store i32 0, i32 %bucket_sizes_1702" [sort_seperate_bucket/multi_radix_hex_kmerge.c:36]   --->   Operation 154 'store' 'store_ln36' <Predicate = (!icmp_ln33 & trunc_ln34 == 7)> <Delay = 0.38>
ST_2 : Operation 155 [1/1] (0.38ns)   --->   "%store_ln36 = store i32 %bucket_pointer_1311, i32 %bucket_pointer_1300" [sort_seperate_bucket/multi_radix_hex_kmerge.c:36]   --->   Operation 155 'store' 'store_ln36' <Predicate = (!icmp_ln33 & trunc_ln34 == 7)> <Delay = 0.38>
ST_2 : Operation 156 [1/1] (0.00ns)   --->   "%br_ln36 = br void %arrayidx23.exit.i" [sort_seperate_bucket/multi_radix_hex_kmerge.c:36]   --->   Operation 156 'br' 'br_ln36' <Predicate = (!icmp_ln33 & trunc_ln34 == 7)> <Delay = 0.00>
ST_2 : Operation 157 [1/1] (0.38ns)   --->   "%store_ln36 = store i32 0, i32 %bucket_sizes_1701" [sort_seperate_bucket/multi_radix_hex_kmerge.c:36]   --->   Operation 157 'store' 'store_ln36' <Predicate = (!icmp_ln33 & trunc_ln34 == 6)> <Delay = 0.38>
ST_2 : Operation 158 [1/1] (0.38ns)   --->   "%store_ln36 = store i32 %bucket_pointer_1311, i32 %bucket_pointer_1299" [sort_seperate_bucket/multi_radix_hex_kmerge.c:36]   --->   Operation 158 'store' 'store_ln36' <Predicate = (!icmp_ln33 & trunc_ln34 == 6)> <Delay = 0.38>
ST_2 : Operation 159 [1/1] (0.00ns)   --->   "%br_ln36 = br void %arrayidx23.exit.i" [sort_seperate_bucket/multi_radix_hex_kmerge.c:36]   --->   Operation 159 'br' 'br_ln36' <Predicate = (!icmp_ln33 & trunc_ln34 == 6)> <Delay = 0.00>
ST_2 : Operation 160 [1/1] (0.38ns)   --->   "%store_ln36 = store i32 0, i32 %bucket_sizes_1700" [sort_seperate_bucket/multi_radix_hex_kmerge.c:36]   --->   Operation 160 'store' 'store_ln36' <Predicate = (!icmp_ln33 & trunc_ln34 == 5)> <Delay = 0.38>
ST_2 : Operation 161 [1/1] (0.38ns)   --->   "%store_ln36 = store i32 %bucket_pointer_1311, i32 %bucket_pointer_1298" [sort_seperate_bucket/multi_radix_hex_kmerge.c:36]   --->   Operation 161 'store' 'store_ln36' <Predicate = (!icmp_ln33 & trunc_ln34 == 5)> <Delay = 0.38>
ST_2 : Operation 162 [1/1] (0.00ns)   --->   "%br_ln36 = br void %arrayidx23.exit.i" [sort_seperate_bucket/multi_radix_hex_kmerge.c:36]   --->   Operation 162 'br' 'br_ln36' <Predicate = (!icmp_ln33 & trunc_ln34 == 5)> <Delay = 0.00>
ST_2 : Operation 163 [1/1] (0.38ns)   --->   "%store_ln36 = store i32 0, i32 %bucket_sizes_1699" [sort_seperate_bucket/multi_radix_hex_kmerge.c:36]   --->   Operation 163 'store' 'store_ln36' <Predicate = (!icmp_ln33 & trunc_ln34 == 4)> <Delay = 0.38>
ST_2 : Operation 164 [1/1] (0.38ns)   --->   "%store_ln36 = store i32 %bucket_pointer_1311, i32 %bucket_pointer_1297" [sort_seperate_bucket/multi_radix_hex_kmerge.c:36]   --->   Operation 164 'store' 'store_ln36' <Predicate = (!icmp_ln33 & trunc_ln34 == 4)> <Delay = 0.38>
ST_2 : Operation 165 [1/1] (0.00ns)   --->   "%br_ln36 = br void %arrayidx23.exit.i" [sort_seperate_bucket/multi_radix_hex_kmerge.c:36]   --->   Operation 165 'br' 'br_ln36' <Predicate = (!icmp_ln33 & trunc_ln34 == 4)> <Delay = 0.00>
ST_2 : Operation 166 [1/1] (0.38ns)   --->   "%store_ln36 = store i32 0, i32 %bucket_sizes_1698" [sort_seperate_bucket/multi_radix_hex_kmerge.c:36]   --->   Operation 166 'store' 'store_ln36' <Predicate = (!icmp_ln33 & trunc_ln34 == 3)> <Delay = 0.38>
ST_2 : Operation 167 [1/1] (0.38ns)   --->   "%store_ln36 = store i32 %bucket_pointer_1311, i32 %bucket_pointer_1296" [sort_seperate_bucket/multi_radix_hex_kmerge.c:36]   --->   Operation 167 'store' 'store_ln36' <Predicate = (!icmp_ln33 & trunc_ln34 == 3)> <Delay = 0.38>
ST_2 : Operation 168 [1/1] (0.00ns)   --->   "%br_ln36 = br void %arrayidx23.exit.i" [sort_seperate_bucket/multi_radix_hex_kmerge.c:36]   --->   Operation 168 'br' 'br_ln36' <Predicate = (!icmp_ln33 & trunc_ln34 == 3)> <Delay = 0.00>
ST_2 : Operation 169 [1/1] (0.38ns)   --->   "%store_ln36 = store i32 0, i32 %bucket_sizes_1697" [sort_seperate_bucket/multi_radix_hex_kmerge.c:36]   --->   Operation 169 'store' 'store_ln36' <Predicate = (!icmp_ln33 & trunc_ln34 == 2)> <Delay = 0.38>
ST_2 : Operation 170 [1/1] (0.38ns)   --->   "%store_ln36 = store i32 %bucket_pointer_1311, i32 %bucket_pointer_1295" [sort_seperate_bucket/multi_radix_hex_kmerge.c:36]   --->   Operation 170 'store' 'store_ln36' <Predicate = (!icmp_ln33 & trunc_ln34 == 2)> <Delay = 0.38>
ST_2 : Operation 171 [1/1] (0.00ns)   --->   "%br_ln36 = br void %arrayidx23.exit.i" [sort_seperate_bucket/multi_radix_hex_kmerge.c:36]   --->   Operation 171 'br' 'br_ln36' <Predicate = (!icmp_ln33 & trunc_ln34 == 2)> <Delay = 0.00>
ST_2 : Operation 172 [1/1] (0.38ns)   --->   "%store_ln36 = store i32 0, i32 %bucket_sizes_1696" [sort_seperate_bucket/multi_radix_hex_kmerge.c:36]   --->   Operation 172 'store' 'store_ln36' <Predicate = (!icmp_ln33 & trunc_ln34 == 1)> <Delay = 0.38>
ST_2 : Operation 173 [1/1] (0.38ns)   --->   "%store_ln36 = store i32 %bucket_pointer_1311, i32 %bucket_pointer_1294" [sort_seperate_bucket/multi_radix_hex_kmerge.c:36]   --->   Operation 173 'store' 'store_ln36' <Predicate = (!icmp_ln33 & trunc_ln34 == 1)> <Delay = 0.38>
ST_2 : Operation 174 [1/1] (0.00ns)   --->   "%br_ln36 = br void %arrayidx23.exit.i" [sort_seperate_bucket/multi_radix_hex_kmerge.c:36]   --->   Operation 174 'br' 'br_ln36' <Predicate = (!icmp_ln33 & trunc_ln34 == 1)> <Delay = 0.00>
ST_2 : Operation 175 [1/1] (0.38ns)   --->   "%store_ln34 = store i32 0, i32 %bucket_sizes" [sort_seperate_bucket/multi_radix_hex_kmerge.c:34]   --->   Operation 175 'store' 'store_ln34' <Predicate = (!icmp_ln33 & trunc_ln34 == 0)> <Delay = 0.38>
ST_2 : Operation 176 [1/1] (0.38ns)   --->   "%store_ln34 = store i32 %bucket_pointer_1311, i32 %bucket_pointer_1293" [sort_seperate_bucket/multi_radix_hex_kmerge.c:34]   --->   Operation 176 'store' 'store_ln34' <Predicate = (!icmp_ln33 & trunc_ln34 == 0)> <Delay = 0.38>
ST_2 : Operation 177 [1/1] (0.00ns)   --->   "%br_ln34 = br void %arrayidx23.exit.i" [sort_seperate_bucket/multi_radix_hex_kmerge.c:34]   --->   Operation 177 'br' 'br_ln34' <Predicate = (!icmp_ln33 & trunc_ln34 == 0)> <Delay = 0.00>
ST_2 : Operation 178 [1/1] (0.38ns)   --->   "%store_ln36 = store i32 0, i32 %bucket_sizes_1710" [sort_seperate_bucket/multi_radix_hex_kmerge.c:36]   --->   Operation 178 'store' 'store_ln36' <Predicate = (!icmp_ln33 & trunc_ln34 == 15)> <Delay = 0.38>
ST_2 : Operation 179 [1/1] (0.38ns)   --->   "%store_ln36 = store i32 %bucket_pointer_1311, i32 %bucket_pointer_1309" [sort_seperate_bucket/multi_radix_hex_kmerge.c:36]   --->   Operation 179 'store' 'store_ln36' <Predicate = (!icmp_ln33 & trunc_ln34 == 15)> <Delay = 0.38>
ST_2 : Operation 180 [1/1] (0.00ns)   --->   "%br_ln36 = br void %arrayidx23.exit.i" [sort_seperate_bucket/multi_radix_hex_kmerge.c:36]   --->   Operation 180 'br' 'br_ln36' <Predicate = (!icmp_ln33 & trunc_ln34 == 15)> <Delay = 0.00>
ST_2 : Operation 181 [1/1] (0.38ns)   --->   "%store_ln33 = store i32 %next_bucket_pointer, i32 %bucket_pointer_1307" [sort_seperate_bucket/multi_radix_hex_kmerge.c:33]   --->   Operation 181 'store' 'store_ln33' <Predicate = (!icmp_ln33)> <Delay = 0.38>
ST_2 : Operation 182 [1/1] (0.38ns)   --->   "%store_ln33 = store i5 %add_ln33, i5 %m" [sort_seperate_bucket/multi_radix_hex_kmerge.c:33]   --->   Operation 182 'store' 'store_ln33' <Predicate = (!icmp_ln33)> <Delay = 0.38>
ST_2 : Operation 183 [1/1] (0.00ns)   --->   "%br_ln33 = br void %for.inc27.i" [sort_seperate_bucket/multi_radix_hex_kmerge.c:33]   --->   Operation 183 'br' 'br_ln33' <Predicate = (!icmp_ln33)> <Delay = 0.00>
ST_2 : Operation 184 [1/1] (0.00ns)   --->   "%bucket_pointer_1293_load = load i32 %bucket_pointer_1293"   --->   Operation 184 'load' 'bucket_pointer_1293_load' <Predicate = (icmp_ln33)> <Delay = 0.00>
ST_2 : Operation 185 [1/1] (0.00ns)   --->   "%bucket_pointer_1294_load = load i32 %bucket_pointer_1294"   --->   Operation 185 'load' 'bucket_pointer_1294_load' <Predicate = (icmp_ln33)> <Delay = 0.00>
ST_2 : Operation 186 [1/1] (0.00ns)   --->   "%bucket_pointer_1295_load = load i32 %bucket_pointer_1295"   --->   Operation 186 'load' 'bucket_pointer_1295_load' <Predicate = (icmp_ln33)> <Delay = 0.00>
ST_2 : Operation 187 [1/1] (0.00ns)   --->   "%bucket_pointer_1296_load = load i32 %bucket_pointer_1296"   --->   Operation 187 'load' 'bucket_pointer_1296_load' <Predicate = (icmp_ln33)> <Delay = 0.00>
ST_2 : Operation 188 [1/1] (0.00ns)   --->   "%bucket_pointer_1297_load = load i32 %bucket_pointer_1297"   --->   Operation 188 'load' 'bucket_pointer_1297_load' <Predicate = (icmp_ln33)> <Delay = 0.00>
ST_2 : Operation 189 [1/1] (0.00ns)   --->   "%bucket_pointer_1298_load = load i32 %bucket_pointer_1298"   --->   Operation 189 'load' 'bucket_pointer_1298_load' <Predicate = (icmp_ln33)> <Delay = 0.00>
ST_2 : Operation 190 [1/1] (0.00ns)   --->   "%bucket_pointer_1299_load = load i32 %bucket_pointer_1299"   --->   Operation 190 'load' 'bucket_pointer_1299_load' <Predicate = (icmp_ln33)> <Delay = 0.00>
ST_2 : Operation 191 [1/1] (0.00ns)   --->   "%bucket_pointer_1300_load = load i32 %bucket_pointer_1300"   --->   Operation 191 'load' 'bucket_pointer_1300_load' <Predicate = (icmp_ln33)> <Delay = 0.00>
ST_2 : Operation 192 [1/1] (0.00ns)   --->   "%bucket_pointer_1301_load = load i32 %bucket_pointer_1301"   --->   Operation 192 'load' 'bucket_pointer_1301_load' <Predicate = (icmp_ln33)> <Delay = 0.00>
ST_2 : Operation 193 [1/1] (0.00ns)   --->   "%bucket_pointer_1302_load = load i32 %bucket_pointer_1302"   --->   Operation 193 'load' 'bucket_pointer_1302_load' <Predicate = (icmp_ln33)> <Delay = 0.00>
ST_2 : Operation 194 [1/1] (0.00ns)   --->   "%bucket_pointer_1303_load = load i32 %bucket_pointer_1303"   --->   Operation 194 'load' 'bucket_pointer_1303_load' <Predicate = (icmp_ln33)> <Delay = 0.00>
ST_2 : Operation 195 [1/1] (0.00ns)   --->   "%bucket_pointer_1304_load = load i32 %bucket_pointer_1304"   --->   Operation 195 'load' 'bucket_pointer_1304_load' <Predicate = (icmp_ln33)> <Delay = 0.00>
ST_2 : Operation 196 [1/1] (0.00ns)   --->   "%bucket_pointer_1305_load = load i32 %bucket_pointer_1305"   --->   Operation 196 'load' 'bucket_pointer_1305_load' <Predicate = (icmp_ln33)> <Delay = 0.00>
ST_2 : Operation 197 [1/1] (0.00ns)   --->   "%bucket_pointer_1306_load = load i32 %bucket_pointer_1306"   --->   Operation 197 'load' 'bucket_pointer_1306_load' <Predicate = (icmp_ln33)> <Delay = 0.00>
ST_2 : Operation 198 [1/1] (0.00ns)   --->   "%bucket_pointer_1308_load = load i32 %bucket_pointer_1308"   --->   Operation 198 'load' 'bucket_pointer_1308_load' <Predicate = (icmp_ln33)> <Delay = 0.00>
ST_2 : Operation 199 [1/1] (0.00ns)   --->   "%bucket_pointer_1309_load = load i32 %bucket_pointer_1309"   --->   Operation 199 'load' 'bucket_pointer_1309_load' <Predicate = (icmp_ln33)> <Delay = 0.00>
ST_2 : Operation 200 [1/1] (0.00ns)   --->   "%bucket_sizes_load = load i32 %bucket_sizes"   --->   Operation 200 'load' 'bucket_sizes_load' <Predicate = (icmp_ln33)> <Delay = 0.00>
ST_2 : Operation 201 [1/1] (0.00ns)   --->   "%bucket_sizes_1696_load = load i32 %bucket_sizes_1696"   --->   Operation 201 'load' 'bucket_sizes_1696_load' <Predicate = (icmp_ln33)> <Delay = 0.00>
ST_2 : Operation 202 [1/1] (0.00ns)   --->   "%bucket_sizes_1697_load = load i32 %bucket_sizes_1697"   --->   Operation 202 'load' 'bucket_sizes_1697_load' <Predicate = (icmp_ln33)> <Delay = 0.00>
ST_2 : Operation 203 [1/1] (0.00ns)   --->   "%bucket_sizes_1698_load = load i32 %bucket_sizes_1698"   --->   Operation 203 'load' 'bucket_sizes_1698_load' <Predicate = (icmp_ln33)> <Delay = 0.00>
ST_2 : Operation 204 [1/1] (0.00ns)   --->   "%bucket_sizes_1699_load = load i32 %bucket_sizes_1699"   --->   Operation 204 'load' 'bucket_sizes_1699_load' <Predicate = (icmp_ln33)> <Delay = 0.00>
ST_2 : Operation 205 [1/1] (0.00ns)   --->   "%bucket_sizes_1700_load = load i32 %bucket_sizes_1700"   --->   Operation 205 'load' 'bucket_sizes_1700_load' <Predicate = (icmp_ln33)> <Delay = 0.00>
ST_2 : Operation 206 [1/1] (0.00ns)   --->   "%bucket_sizes_1701_load = load i32 %bucket_sizes_1701"   --->   Operation 206 'load' 'bucket_sizes_1701_load' <Predicate = (icmp_ln33)> <Delay = 0.00>
ST_2 : Operation 207 [1/1] (0.00ns)   --->   "%bucket_sizes_1702_load = load i32 %bucket_sizes_1702"   --->   Operation 207 'load' 'bucket_sizes_1702_load' <Predicate = (icmp_ln33)> <Delay = 0.00>
ST_2 : Operation 208 [1/1] (0.00ns)   --->   "%bucket_sizes_1703_load = load i32 %bucket_sizes_1703"   --->   Operation 208 'load' 'bucket_sizes_1703_load' <Predicate = (icmp_ln33)> <Delay = 0.00>
ST_2 : Operation 209 [1/1] (0.00ns)   --->   "%bucket_sizes_1704_load = load i32 %bucket_sizes_1704"   --->   Operation 209 'load' 'bucket_sizes_1704_load' <Predicate = (icmp_ln33)> <Delay = 0.00>
ST_2 : Operation 210 [1/1] (0.00ns)   --->   "%bucket_sizes_1705_load = load i32 %bucket_sizes_1705"   --->   Operation 210 'load' 'bucket_sizes_1705_load' <Predicate = (icmp_ln33)> <Delay = 0.00>
ST_2 : Operation 211 [1/1] (0.00ns)   --->   "%bucket_sizes_1706_load = load i32 %bucket_sizes_1706"   --->   Operation 211 'load' 'bucket_sizes_1706_load' <Predicate = (icmp_ln33)> <Delay = 0.00>
ST_2 : Operation 212 [1/1] (0.00ns)   --->   "%bucket_sizes_1707_load = load i32 %bucket_sizes_1707"   --->   Operation 212 'load' 'bucket_sizes_1707_load' <Predicate = (icmp_ln33)> <Delay = 0.00>
ST_2 : Operation 213 [1/1] (0.00ns)   --->   "%bucket_sizes_1708_load = load i32 %bucket_sizes_1708"   --->   Operation 213 'load' 'bucket_sizes_1708_load' <Predicate = (icmp_ln33)> <Delay = 0.00>
ST_2 : Operation 214 [1/1] (0.00ns)   --->   "%bucket_sizes_1709_load = load i32 %bucket_sizes_1709"   --->   Operation 214 'load' 'bucket_sizes_1709_load' <Predicate = (icmp_ln33)> <Delay = 0.00>
ST_2 : Operation 215 [1/1] (0.00ns)   --->   "%bucket_sizes_1710_load = load i32 %bucket_sizes_1710"   --->   Operation 215 'load' 'bucket_sizes_1710_load' <Predicate = (icmp_ln33)> <Delay = 0.00>
ST_2 : Operation 216 [1/1] (0.00ns)   --->   "%write_ln0 = write void @_ssdm_op_Write.ap_auto.i32P0A, i32 %bucket_sizes_5606_out, i32 %bucket_sizes_1710_load"   --->   Operation 216 'write' 'write_ln0' <Predicate = (icmp_ln33)> <Delay = 0.00>
ST_2 : Operation 217 [1/1] (0.00ns)   --->   "%write_ln0 = write void @_ssdm_op_Write.ap_auto.i32P0A, i32 %bucket_sizes_5605_out, i32 %bucket_sizes_1709_load"   --->   Operation 217 'write' 'write_ln0' <Predicate = (icmp_ln33)> <Delay = 0.00>
ST_2 : Operation 218 [1/1] (0.00ns)   --->   "%write_ln0 = write void @_ssdm_op_Write.ap_auto.i32P0A, i32 %bucket_sizes_5604_out, i32 %bucket_sizes_1708_load"   --->   Operation 218 'write' 'write_ln0' <Predicate = (icmp_ln33)> <Delay = 0.00>
ST_2 : Operation 219 [1/1] (0.00ns)   --->   "%write_ln0 = write void @_ssdm_op_Write.ap_auto.i32P0A, i32 %bucket_sizes_5603_out, i32 %bucket_sizes_1707_load"   --->   Operation 219 'write' 'write_ln0' <Predicate = (icmp_ln33)> <Delay = 0.00>
ST_2 : Operation 220 [1/1] (0.00ns)   --->   "%write_ln0 = write void @_ssdm_op_Write.ap_auto.i32P0A, i32 %bucket_sizes_5602_out, i32 %bucket_sizes_1706_load"   --->   Operation 220 'write' 'write_ln0' <Predicate = (icmp_ln33)> <Delay = 0.00>
ST_2 : Operation 221 [1/1] (0.00ns)   --->   "%write_ln0 = write void @_ssdm_op_Write.ap_auto.i32P0A, i32 %bucket_sizes_5601_out, i32 %bucket_sizes_1705_load"   --->   Operation 221 'write' 'write_ln0' <Predicate = (icmp_ln33)> <Delay = 0.00>
ST_2 : Operation 222 [1/1] (0.00ns)   --->   "%write_ln0 = write void @_ssdm_op_Write.ap_auto.i32P0A, i32 %bucket_sizes_5600_out, i32 %bucket_sizes_1704_load"   --->   Operation 222 'write' 'write_ln0' <Predicate = (icmp_ln33)> <Delay = 0.00>
ST_2 : Operation 223 [1/1] (0.00ns)   --->   "%write_ln0 = write void @_ssdm_op_Write.ap_auto.i32P0A, i32 %bucket_sizes_5599_out, i32 %bucket_sizes_1703_load"   --->   Operation 223 'write' 'write_ln0' <Predicate = (icmp_ln33)> <Delay = 0.00>
ST_2 : Operation 224 [1/1] (0.00ns)   --->   "%write_ln0 = write void @_ssdm_op_Write.ap_auto.i32P0A, i32 %bucket_sizes_5598_out, i32 %bucket_sizes_1702_load"   --->   Operation 224 'write' 'write_ln0' <Predicate = (icmp_ln33)> <Delay = 0.00>
ST_2 : Operation 225 [1/1] (0.00ns)   --->   "%write_ln0 = write void @_ssdm_op_Write.ap_auto.i32P0A, i32 %bucket_sizes_5597_out, i32 %bucket_sizes_1701_load"   --->   Operation 225 'write' 'write_ln0' <Predicate = (icmp_ln33)> <Delay = 0.00>
ST_2 : Operation 226 [1/1] (0.00ns)   --->   "%write_ln0 = write void @_ssdm_op_Write.ap_auto.i32P0A, i32 %bucket_sizes_5596_out, i32 %bucket_sizes_1700_load"   --->   Operation 226 'write' 'write_ln0' <Predicate = (icmp_ln33)> <Delay = 0.00>
ST_2 : Operation 227 [1/1] (0.00ns)   --->   "%write_ln0 = write void @_ssdm_op_Write.ap_auto.i32P0A, i32 %bucket_sizes_5595_out, i32 %bucket_sizes_1699_load"   --->   Operation 227 'write' 'write_ln0' <Predicate = (icmp_ln33)> <Delay = 0.00>
ST_2 : Operation 228 [1/1] (0.00ns)   --->   "%write_ln0 = write void @_ssdm_op_Write.ap_auto.i32P0A, i32 %bucket_sizes_5594_out, i32 %bucket_sizes_1698_load"   --->   Operation 228 'write' 'write_ln0' <Predicate = (icmp_ln33)> <Delay = 0.00>
ST_2 : Operation 229 [1/1] (0.00ns)   --->   "%write_ln0 = write void @_ssdm_op_Write.ap_auto.i32P0A, i32 %bucket_sizes_5593_out, i32 %bucket_sizes_1697_load"   --->   Operation 229 'write' 'write_ln0' <Predicate = (icmp_ln33)> <Delay = 0.00>
ST_2 : Operation 230 [1/1] (0.00ns)   --->   "%write_ln0 = write void @_ssdm_op_Write.ap_auto.i32P0A, i32 %bucket_sizes_5592_out, i32 %bucket_sizes_1696_load"   --->   Operation 230 'write' 'write_ln0' <Predicate = (icmp_ln33)> <Delay = 0.00>
ST_2 : Operation 231 [1/1] (0.00ns)   --->   "%write_ln0 = write void @_ssdm_op_Write.ap_auto.i32P0A, i32 %bucket_sizes_5591_out, i32 %bucket_sizes_load"   --->   Operation 231 'write' 'write_ln0' <Predicate = (icmp_ln33)> <Delay = 0.00>
ST_2 : Operation 232 [1/1] (0.00ns)   --->   "%write_ln0 = write void @_ssdm_op_Write.ap_auto.i32P0A, i32 %bucket_pointer_2501_out, i32 %bucket_pointer_1309_load"   --->   Operation 232 'write' 'write_ln0' <Predicate = (icmp_ln33)> <Delay = 0.00>
ST_2 : Operation 233 [1/1] (0.00ns)   --->   "%write_ln0 = write void @_ssdm_op_Write.ap_auto.i32P0A, i32 %bucket_pointer_2500_out, i32 %bucket_pointer_1308_load"   --->   Operation 233 'write' 'write_ln0' <Predicate = (icmp_ln33)> <Delay = 0.00>
ST_2 : Operation 234 [1/1] (0.00ns)   --->   "%write_ln0 = write void @_ssdm_op_Write.ap_auto.i32P0A, i32 %bucket_pointer_2499_out, i32 %bucket_pointer_1306_load"   --->   Operation 234 'write' 'write_ln0' <Predicate = (icmp_ln33)> <Delay = 0.00>
ST_2 : Operation 235 [1/1] (0.00ns)   --->   "%write_ln0 = write void @_ssdm_op_Write.ap_auto.i32P0A, i32 %bucket_pointer_2498_out, i32 %bucket_pointer_1305_load"   --->   Operation 235 'write' 'write_ln0' <Predicate = (icmp_ln33)> <Delay = 0.00>
ST_2 : Operation 236 [1/1] (0.00ns)   --->   "%write_ln0 = write void @_ssdm_op_Write.ap_auto.i32P0A, i32 %bucket_pointer_2497_out, i32 %bucket_pointer_1304_load"   --->   Operation 236 'write' 'write_ln0' <Predicate = (icmp_ln33)> <Delay = 0.00>
ST_2 : Operation 237 [1/1] (0.00ns)   --->   "%write_ln0 = write void @_ssdm_op_Write.ap_auto.i32P0A, i32 %bucket_pointer_2496_out, i32 %bucket_pointer_1303_load"   --->   Operation 237 'write' 'write_ln0' <Predicate = (icmp_ln33)> <Delay = 0.00>
ST_2 : Operation 238 [1/1] (0.00ns)   --->   "%write_ln0 = write void @_ssdm_op_Write.ap_auto.i32P0A, i32 %bucket_pointer_2495_out, i32 %bucket_pointer_1302_load"   --->   Operation 238 'write' 'write_ln0' <Predicate = (icmp_ln33)> <Delay = 0.00>
ST_2 : Operation 239 [1/1] (0.00ns)   --->   "%write_ln0 = write void @_ssdm_op_Write.ap_auto.i32P0A, i32 %bucket_pointer_2494_out, i32 %bucket_pointer_1301_load"   --->   Operation 239 'write' 'write_ln0' <Predicate = (icmp_ln33)> <Delay = 0.00>
ST_2 : Operation 240 [1/1] (0.00ns)   --->   "%write_ln0 = write void @_ssdm_op_Write.ap_auto.i32P0A, i32 %bucket_pointer_2493_out, i32 %bucket_pointer_1300_load"   --->   Operation 240 'write' 'write_ln0' <Predicate = (icmp_ln33)> <Delay = 0.00>
ST_2 : Operation 241 [1/1] (0.00ns)   --->   "%write_ln0 = write void @_ssdm_op_Write.ap_auto.i32P0A, i32 %bucket_pointer_2492_out, i32 %bucket_pointer_1299_load"   --->   Operation 241 'write' 'write_ln0' <Predicate = (icmp_ln33)> <Delay = 0.00>
ST_2 : Operation 242 [1/1] (0.00ns)   --->   "%write_ln0 = write void @_ssdm_op_Write.ap_auto.i32P0A, i32 %bucket_pointer_2491_out, i32 %bucket_pointer_1298_load"   --->   Operation 242 'write' 'write_ln0' <Predicate = (icmp_ln33)> <Delay = 0.00>
ST_2 : Operation 243 [1/1] (0.00ns)   --->   "%write_ln0 = write void @_ssdm_op_Write.ap_auto.i32P0A, i32 %bucket_pointer_2490_out, i32 %bucket_pointer_1297_load"   --->   Operation 243 'write' 'write_ln0' <Predicate = (icmp_ln33)> <Delay = 0.00>
ST_2 : Operation 244 [1/1] (0.00ns)   --->   "%write_ln0 = write void @_ssdm_op_Write.ap_auto.i32P0A, i32 %bucket_pointer_2489_out, i32 %bucket_pointer_1296_load"   --->   Operation 244 'write' 'write_ln0' <Predicate = (icmp_ln33)> <Delay = 0.00>
ST_2 : Operation 245 [1/1] (0.00ns)   --->   "%write_ln0 = write void @_ssdm_op_Write.ap_auto.i32P0A, i32 %bucket_pointer_2488_out, i32 %bucket_pointer_1295_load"   --->   Operation 245 'write' 'write_ln0' <Predicate = (icmp_ln33)> <Delay = 0.00>
ST_2 : Operation 246 [1/1] (0.00ns)   --->   "%write_ln0 = write void @_ssdm_op_Write.ap_auto.i32P0A, i32 %bucket_pointer_2487_out, i32 %bucket_pointer_1294_load"   --->   Operation 246 'write' 'write_ln0' <Predicate = (icmp_ln33)> <Delay = 0.00>
ST_2 : Operation 247 [1/1] (0.00ns)   --->   "%write_ln0 = write void @_ssdm_op_Write.ap_auto.i32P0A, i32 %bucket_pointer_2486_out, i32 %bucket_pointer_1293_load"   --->   Operation 247 'write' 'write_ln0' <Predicate = (icmp_ln33)> <Delay = 0.00>
ST_2 : Operation 248 [1/1] (0.00ns)   --->   "%ret_ln0 = ret"   --->   Operation 248 'ret' 'ret_ln0' <Predicate = (icmp_ln33)> <Delay = 0.00>


============================================================
+ Verbose Summary: Timing violations
============================================================
Target clock period: 10ns, clock uncertainty: 2.7ns.

 <State 1>: 0.387ns
The critical path consists of the following:
	'alloca' operation ('bucket_sizes') [98]  (0 ns)
	'store' operation ('store_ln0') of variable 'bucket_sizes_5590_read' on local variable 'bucket_sizes' [131]  (0.387 ns)

 <State 2>: 1.76ns
The critical path consists of the following:
	'load' operation ('m', sort_seperate_bucket/multi_radix_hex_kmerge.c:34) on local variable 'm' [167]  (0 ns)
	'mux' operation ('tmp_i', sort_seperate_bucket/multi_radix_hex_kmerge.c:35) [193]  (0.493 ns)
	'add' operation ('next_bucket_pointer', sort_seperate_bucket/multi_radix_hex_kmerge.c:35) [194]  (0.88 ns)
	'store' operation ('store_ln33', sort_seperate_bucket/multi_radix_hex_kmerge.c:33) of variable 'next_bucket_pointer', sort_seperate_bucket/multi_radix_hex_kmerge.c:35 on local variable 'bucket_pointer' [261]  (0.387 ns)


============================================================
+ Verbose Summary: Binding
============================================================
N/A
* FSMD analyzer results:
  - Output states:
 - Input state : 
  - Chain level:
	State 1
	State 2


============================================================
+ Verbose Summary: Datapath Resource usage 
============================================================
N/A
