

================================================================
== Vitis HLS Report for 'radix_sort_unified_bucket_pingpong_10_1'
================================================================
* Date:           Sat Apr 22 14:43:42 2023

* Version:        2022.2 (Build 3670227 on Oct 13 2022)
* Project:        sort_seperate_bucket
* Solution:       solution1 (Vivado IP Flow Target)
* Product family: virtexuplus
* Target device:  xcu280-fsvh2892-2L-e


================================================================
== Performance Estimates
================================================================
+ Timing: 
    * Summary: 
    +--------+----------+----------+------------+
    |  Clock |  Target  | Estimated| Uncertainty|
    +--------+----------+----------+------------+
    |ap_clk  |  10.00 ns|  5.257 ns|     2.70 ns|
    +--------+----------+----------+------------+

+ Latency: 
    * Summary: 
    +---------+---------+-----------+-----------+---------+---------+---------+
    |  Latency (cycles) |   Latency (absolute)  |      Interval     | Pipeline|
    |   min   |   max   |    min    |    max    |   min   |   max   |   Type  |
    +---------+---------+-----------+-----------+---------+---------+---------+
    |  3125219|  3125219|  31.252 ms|  31.252 ms|  3125219|  3125219|       no|
    +---------+---------+-----------+-----------+---------+---------+---------+

    + Detail: 
        * Instance: 
        N/A

        * Loop: 
        +------------------+---------+---------+----------+-----------+-----------+------+----------+
        |                  |  Latency (cycles) | Iteration|  Initiation Interval  | Trip |          |
        |     Loop Name    |   min   |   max   |  Latency |  achieved |   target  | Count| Pipelined|
        +------------------+---------+---------+----------+-----------+-----------+------+----------+
        |- sort_procedure  |  2500192|  2500192|    312524|          -|          -|     8|        no|
        +------------------+---------+---------+----------+-----------+-----------+------+----------+

============================================================
+ Verbose Summary: Synthesis Manager
============================================================
InlineROM: 1
ExposeGlobal: 0
============================================================
+ Verbose Summary: CDFG Model
============================================================
IsTopModel: 0
ResetActiveHigh: 1
IsCombinational: 2
IsDatapathOnly: 0
HasWiredReturn: 1
HasMFsm: 0
HasVarLatency: 1
IsPipeline: 0
IsRtlPipelined: 0
IsInstanceOverlapped: 0
IsDontTouch: 0
HasImplIP: 0
IsGatedGlobalClock: 0


============================================================
+ Verbose Summary: Schedule
============================================================
* Number of FSM states : 9
* Pipeline : 0
* Dataflow Pipeline: 0

* FSM state transitions: 
1 --> 2 
2 --> 3 
3 --> 4 
4 --> 5 
5 --> 6 9 
6 --> 7 
7 --> 8 
8 --> 5 
9 --> 

* FSM state operations: 

State 1 <SV = 0> <Delay = 0.38>
ST_1 : Operation 10 [1/1] (0.00ns)   --->   "%i_011 = alloca i32 1"   --->   Operation 10 'alloca' 'i_011' <Predicate = true> <Delay = 0.00>
ST_1 : Operation 11 [1/1] (0.00ns)   --->   "%bucket_num_012 = alloca i32 1"   --->   Operation 11 'alloca' 'bucket_num_012' <Predicate = true> <Delay = 0.00>
ST_1 : Operation 12 [1/1] (0.00ns)   --->   "%bucket_pointer = alloca i32 1"   --->   Operation 12 'alloca' 'bucket_pointer' <Predicate = true> <Delay = 0.00>
ST_1 : Operation 13 [1/1] (0.00ns)   --->   "%bucket_pointer_1006 = alloca i32 1"   --->   Operation 13 'alloca' 'bucket_pointer_1006' <Predicate = true> <Delay = 0.00>
ST_1 : Operation 14 [1/1] (0.00ns)   --->   "%bucket_pointer_1007 = alloca i32 1"   --->   Operation 14 'alloca' 'bucket_pointer_1007' <Predicate = true> <Delay = 0.00>
ST_1 : Operation 15 [1/1] (0.00ns)   --->   "%bucket_pointer_1008 = alloca i32 1"   --->   Operation 15 'alloca' 'bucket_pointer_1008' <Predicate = true> <Delay = 0.00>
ST_1 : Operation 16 [1/1] (0.00ns)   --->   "%bucket_pointer_1009 = alloca i32 1"   --->   Operation 16 'alloca' 'bucket_pointer_1009' <Predicate = true> <Delay = 0.00>
ST_1 : Operation 17 [1/1] (0.00ns)   --->   "%bucket_pointer_1010 = alloca i32 1"   --->   Operation 17 'alloca' 'bucket_pointer_1010' <Predicate = true> <Delay = 0.00>
ST_1 : Operation 18 [1/1] (0.00ns)   --->   "%bucket_pointer_1011 = alloca i32 1"   --->   Operation 18 'alloca' 'bucket_pointer_1011' <Predicate = true> <Delay = 0.00>
ST_1 : Operation 19 [1/1] (0.00ns)   --->   "%bucket_pointer_1012 = alloca i32 1"   --->   Operation 19 'alloca' 'bucket_pointer_1012' <Predicate = true> <Delay = 0.00>
ST_1 : Operation 20 [1/1] (0.00ns)   --->   "%bucket_pointer_1013 = alloca i32 1"   --->   Operation 20 'alloca' 'bucket_pointer_1013' <Predicate = true> <Delay = 0.00>
ST_1 : Operation 21 [1/1] (0.00ns)   --->   "%bucket_pointer_1014 = alloca i32 1"   --->   Operation 21 'alloca' 'bucket_pointer_1014' <Predicate = true> <Delay = 0.00>
ST_1 : Operation 22 [1/1] (0.00ns)   --->   "%bucket_pointer_1015 = alloca i32 1"   --->   Operation 22 'alloca' 'bucket_pointer_1015' <Predicate = true> <Delay = 0.00>
ST_1 : Operation 23 [1/1] (0.00ns)   --->   "%bucket_pointer_1016 = alloca i32 1"   --->   Operation 23 'alloca' 'bucket_pointer_1016' <Predicate = true> <Delay = 0.00>
ST_1 : Operation 24 [1/1] (0.00ns)   --->   "%bucket_pointer_1017 = alloca i32 1"   --->   Operation 24 'alloca' 'bucket_pointer_1017' <Predicate = true> <Delay = 0.00>
ST_1 : Operation 25 [1/1] (0.00ns)   --->   "%bucket_pointer_1018 = alloca i32 1"   --->   Operation 25 'alloca' 'bucket_pointer_1018' <Predicate = true> <Delay = 0.00>
ST_1 : Operation 26 [1/1] (0.00ns)   --->   "%bucket_pointer_1019 = alloca i32 1"   --->   Operation 26 'alloca' 'bucket_pointer_1019' <Predicate = true> <Delay = 0.00>
ST_1 : Operation 27 [1/1] (0.00ns)   --->   "%bucket_pointer_1020 = alloca i32 1"   --->   Operation 27 'alloca' 'bucket_pointer_1020' <Predicate = true> <Delay = 0.00>
ST_1 : Operation 28 [1/1] (0.00ns)   --->   "%bucket_sizes = alloca i32 1"   --->   Operation 28 'alloca' 'bucket_sizes' <Predicate = true> <Delay = 0.00>
ST_1 : Operation 29 [1/1] (0.00ns)   --->   "%bucket_sizes_1321 = alloca i32 1"   --->   Operation 29 'alloca' 'bucket_sizes_1321' <Predicate = true> <Delay = 0.00>
ST_1 : Operation 30 [1/1] (0.00ns)   --->   "%bucket_sizes_1322 = alloca i32 1"   --->   Operation 30 'alloca' 'bucket_sizes_1322' <Predicate = true> <Delay = 0.00>
ST_1 : Operation 31 [1/1] (0.00ns)   --->   "%bucket_sizes_1323 = alloca i32 1"   --->   Operation 31 'alloca' 'bucket_sizes_1323' <Predicate = true> <Delay = 0.00>
ST_1 : Operation 32 [1/1] (0.00ns)   --->   "%bucket_sizes_1324 = alloca i32 1"   --->   Operation 32 'alloca' 'bucket_sizes_1324' <Predicate = true> <Delay = 0.00>
ST_1 : Operation 33 [1/1] (0.00ns)   --->   "%bucket_sizes_1325 = alloca i32 1"   --->   Operation 33 'alloca' 'bucket_sizes_1325' <Predicate = true> <Delay = 0.00>
ST_1 : Operation 34 [1/1] (0.00ns)   --->   "%bucket_sizes_1326 = alloca i32 1"   --->   Operation 34 'alloca' 'bucket_sizes_1326' <Predicate = true> <Delay = 0.00>
ST_1 : Operation 35 [1/1] (0.00ns)   --->   "%bucket_sizes_1327 = alloca i32 1"   --->   Operation 35 'alloca' 'bucket_sizes_1327' <Predicate = true> <Delay = 0.00>
ST_1 : Operation 36 [1/1] (0.00ns)   --->   "%bucket_sizes_1328 = alloca i32 1"   --->   Operation 36 'alloca' 'bucket_sizes_1328' <Predicate = true> <Delay = 0.00>
ST_1 : Operation 37 [1/1] (0.00ns)   --->   "%bucket_sizes_1329 = alloca i32 1"   --->   Operation 37 'alloca' 'bucket_sizes_1329' <Predicate = true> <Delay = 0.00>
ST_1 : Operation 38 [1/1] (0.00ns)   --->   "%bucket_sizes_1330 = alloca i32 1"   --->   Operation 38 'alloca' 'bucket_sizes_1330' <Predicate = true> <Delay = 0.00>
ST_1 : Operation 39 [1/1] (0.00ns)   --->   "%bucket_sizes_1331 = alloca i32 1"   --->   Operation 39 'alloca' 'bucket_sizes_1331' <Predicate = true> <Delay = 0.00>
ST_1 : Operation 40 [1/1] (0.00ns)   --->   "%bucket_sizes_1332 = alloca i32 1"   --->   Operation 40 'alloca' 'bucket_sizes_1332' <Predicate = true> <Delay = 0.00>
ST_1 : Operation 41 [1/1] (0.00ns)   --->   "%bucket_sizes_1333 = alloca i32 1"   --->   Operation 41 'alloca' 'bucket_sizes_1333' <Predicate = true> <Delay = 0.00>
ST_1 : Operation 42 [1/1] (0.00ns)   --->   "%bucket_sizes_1334 = alloca i32 1"   --->   Operation 42 'alloca' 'bucket_sizes_1334' <Predicate = true> <Delay = 0.00>
ST_1 : Operation 43 [1/1] (0.00ns)   --->   "%bucket_sizes_1335 = alloca i32 1"   --->   Operation 43 'alloca' 'bucket_sizes_1335' <Predicate = true> <Delay = 0.00>
ST_1 : Operation 44 [1/1] (0.00ns)   --->   "%bucket_pointer_1901_loc = alloca i64 1"   --->   Operation 44 'alloca' 'bucket_pointer_1901_loc' <Predicate = true> <Delay = 0.00>
ST_1 : Operation 45 [1/1] (0.00ns)   --->   "%bucket_pointer_1902_loc = alloca i64 1"   --->   Operation 45 'alloca' 'bucket_pointer_1902_loc' <Predicate = true> <Delay = 0.00>
ST_1 : Operation 46 [1/1] (0.00ns)   --->   "%bucket_pointer_1903_loc = alloca i64 1"   --->   Operation 46 'alloca' 'bucket_pointer_1903_loc' <Predicate = true> <Delay = 0.00>
ST_1 : Operation 47 [1/1] (0.00ns)   --->   "%bucket_pointer_1904_loc = alloca i64 1"   --->   Operation 47 'alloca' 'bucket_pointer_1904_loc' <Predicate = true> <Delay = 0.00>
ST_1 : Operation 48 [1/1] (0.00ns)   --->   "%bucket_pointer_1905_loc = alloca i64 1"   --->   Operation 48 'alloca' 'bucket_pointer_1905_loc' <Predicate = true> <Delay = 0.00>
ST_1 : Operation 49 [1/1] (0.00ns)   --->   "%bucket_pointer_1906_loc = alloca i64 1"   --->   Operation 49 'alloca' 'bucket_pointer_1906_loc' <Predicate = true> <Delay = 0.00>
ST_1 : Operation 50 [1/1] (0.00ns)   --->   "%bucket_pointer_1907_loc = alloca i64 1"   --->   Operation 50 'alloca' 'bucket_pointer_1907_loc' <Predicate = true> <Delay = 0.00>
ST_1 : Operation 51 [1/1] (0.00ns)   --->   "%bucket_pointer_1908_loc = alloca i64 1"   --->   Operation 51 'alloca' 'bucket_pointer_1908_loc' <Predicate = true> <Delay = 0.00>
ST_1 : Operation 52 [1/1] (0.00ns)   --->   "%bucket_pointer_1909_loc = alloca i64 1"   --->   Operation 52 'alloca' 'bucket_pointer_1909_loc' <Predicate = true> <Delay = 0.00>
ST_1 : Operation 53 [1/1] (0.00ns)   --->   "%bucket_pointer_1910_loc = alloca i64 1"   --->   Operation 53 'alloca' 'bucket_pointer_1910_loc' <Predicate = true> <Delay = 0.00>
ST_1 : Operation 54 [1/1] (0.00ns)   --->   "%bucket_pointer_1911_loc = alloca i64 1"   --->   Operation 54 'alloca' 'bucket_pointer_1911_loc' <Predicate = true> <Delay = 0.00>
ST_1 : Operation 55 [1/1] (0.00ns)   --->   "%bucket_pointer_1912_loc = alloca i64 1"   --->   Operation 55 'alloca' 'bucket_pointer_1912_loc' <Predicate = true> <Delay = 0.00>
ST_1 : Operation 56 [1/1] (0.00ns)   --->   "%bucket_pointer_1913_loc = alloca i64 1"   --->   Operation 56 'alloca' 'bucket_pointer_1913_loc' <Predicate = true> <Delay = 0.00>
ST_1 : Operation 57 [1/1] (0.00ns)   --->   "%bucket_pointer_1914_loc = alloca i64 1"   --->   Operation 57 'alloca' 'bucket_pointer_1914_loc' <Predicate = true> <Delay = 0.00>
ST_1 : Operation 58 [1/1] (0.00ns)   --->   "%bucket_pointer_1915_loc = alloca i64 1"   --->   Operation 58 'alloca' 'bucket_pointer_1915_loc' <Predicate = true> <Delay = 0.00>
ST_1 : Operation 59 [1/1] (0.00ns)   --->   "%bucket_pointer_1916_loc = alloca i64 1"   --->   Operation 59 'alloca' 'bucket_pointer_1916_loc' <Predicate = true> <Delay = 0.00>
ST_1 : Operation 60 [1/1] (0.00ns)   --->   "%bucket_sizes_4286_loc = alloca i64 1"   --->   Operation 60 'alloca' 'bucket_sizes_4286_loc' <Predicate = true> <Delay = 0.00>
ST_1 : Operation 61 [1/1] (0.00ns)   --->   "%bucket_sizes_4287_loc = alloca i64 1"   --->   Operation 61 'alloca' 'bucket_sizes_4287_loc' <Predicate = true> <Delay = 0.00>
ST_1 : Operation 62 [1/1] (0.00ns)   --->   "%bucket_sizes_4288_loc = alloca i64 1"   --->   Operation 62 'alloca' 'bucket_sizes_4288_loc' <Predicate = true> <Delay = 0.00>
ST_1 : Operation 63 [1/1] (0.00ns)   --->   "%bucket_sizes_4289_loc = alloca i64 1"   --->   Operation 63 'alloca' 'bucket_sizes_4289_loc' <Predicate = true> <Delay = 0.00>
ST_1 : Operation 64 [1/1] (0.00ns)   --->   "%bucket_sizes_4290_loc = alloca i64 1"   --->   Operation 64 'alloca' 'bucket_sizes_4290_loc' <Predicate = true> <Delay = 0.00>
ST_1 : Operation 65 [1/1] (0.00ns)   --->   "%bucket_sizes_4291_loc = alloca i64 1"   --->   Operation 65 'alloca' 'bucket_sizes_4291_loc' <Predicate = true> <Delay = 0.00>
ST_1 : Operation 66 [1/1] (0.00ns)   --->   "%bucket_sizes_4292_loc = alloca i64 1"   --->   Operation 66 'alloca' 'bucket_sizes_4292_loc' <Predicate = true> <Delay = 0.00>
ST_1 : Operation 67 [1/1] (0.00ns)   --->   "%bucket_sizes_4293_loc = alloca i64 1"   --->   Operation 67 'alloca' 'bucket_sizes_4293_loc' <Predicate = true> <Delay = 0.00>
ST_1 : Operation 68 [1/1] (0.00ns)   --->   "%bucket_sizes_4294_loc = alloca i64 1"   --->   Operation 68 'alloca' 'bucket_sizes_4294_loc' <Predicate = true> <Delay = 0.00>
ST_1 : Operation 69 [1/1] (0.00ns)   --->   "%bucket_sizes_4295_loc = alloca i64 1"   --->   Operation 69 'alloca' 'bucket_sizes_4295_loc' <Predicate = true> <Delay = 0.00>
ST_1 : Operation 70 [1/1] (0.00ns)   --->   "%bucket_sizes_4296_loc = alloca i64 1"   --->   Operation 70 'alloca' 'bucket_sizes_4296_loc' <Predicate = true> <Delay = 0.00>
ST_1 : Operation 71 [1/1] (0.00ns)   --->   "%bucket_sizes_4297_loc = alloca i64 1"   --->   Operation 71 'alloca' 'bucket_sizes_4297_loc' <Predicate = true> <Delay = 0.00>
ST_1 : Operation 72 [1/1] (0.00ns)   --->   "%bucket_sizes_4298_loc = alloca i64 1"   --->   Operation 72 'alloca' 'bucket_sizes_4298_loc' <Predicate = true> <Delay = 0.00>
ST_1 : Operation 73 [1/1] (0.00ns)   --->   "%bucket_sizes_4299_loc = alloca i64 1"   --->   Operation 73 'alloca' 'bucket_sizes_4299_loc' <Predicate = true> <Delay = 0.00>
ST_1 : Operation 74 [1/1] (0.00ns)   --->   "%bucket_sizes_4300_loc = alloca i64 1"   --->   Operation 74 'alloca' 'bucket_sizes_4300_loc' <Predicate = true> <Delay = 0.00>
ST_1 : Operation 75 [1/1] (0.00ns)   --->   "%bucket_sizes_4301_loc = alloca i64 1"   --->   Operation 75 'alloca' 'bucket_sizes_4301_loc' <Predicate = true> <Delay = 0.00>
ST_1 : Operation 76 [1/1] (0.00ns)   --->   "%bucket_sizes_loc = alloca i64 1"   --->   Operation 76 'alloca' 'bucket_sizes_loc' <Predicate = true> <Delay = 0.00>
ST_1 : Operation 77 [1/1] (0.00ns)   --->   "%bucket_sizes_4206_loc = alloca i64 1"   --->   Operation 77 'alloca' 'bucket_sizes_4206_loc' <Predicate = true> <Delay = 0.00>
ST_1 : Operation 78 [1/1] (0.00ns)   --->   "%bucket_sizes_4207_loc = alloca i64 1"   --->   Operation 78 'alloca' 'bucket_sizes_4207_loc' <Predicate = true> <Delay = 0.00>
ST_1 : Operation 79 [1/1] (0.00ns)   --->   "%bucket_sizes_4208_loc = alloca i64 1"   --->   Operation 79 'alloca' 'bucket_sizes_4208_loc' <Predicate = true> <Delay = 0.00>
ST_1 : Operation 80 [1/1] (0.00ns)   --->   "%bucket_sizes_4209_loc = alloca i64 1"   --->   Operation 80 'alloca' 'bucket_sizes_4209_loc' <Predicate = true> <Delay = 0.00>
ST_1 : Operation 81 [1/1] (0.00ns)   --->   "%bucket_sizes_4210_loc = alloca i64 1"   --->   Operation 81 'alloca' 'bucket_sizes_4210_loc' <Predicate = true> <Delay = 0.00>
ST_1 : Operation 82 [1/1] (0.00ns)   --->   "%bucket_sizes_4211_loc = alloca i64 1"   --->   Operation 82 'alloca' 'bucket_sizes_4211_loc' <Predicate = true> <Delay = 0.00>
ST_1 : Operation 83 [1/1] (0.00ns)   --->   "%bucket_sizes_4212_loc = alloca i64 1"   --->   Operation 83 'alloca' 'bucket_sizes_4212_loc' <Predicate = true> <Delay = 0.00>
ST_1 : Operation 84 [1/1] (0.00ns)   --->   "%bucket_sizes_4213_loc = alloca i64 1"   --->   Operation 84 'alloca' 'bucket_sizes_4213_loc' <Predicate = true> <Delay = 0.00>
ST_1 : Operation 85 [1/1] (0.00ns)   --->   "%bucket_sizes_4214_loc = alloca i64 1"   --->   Operation 85 'alloca' 'bucket_sizes_4214_loc' <Predicate = true> <Delay = 0.00>
ST_1 : Operation 86 [1/1] (0.00ns)   --->   "%bucket_sizes_4215_loc = alloca i64 1"   --->   Operation 86 'alloca' 'bucket_sizes_4215_loc' <Predicate = true> <Delay = 0.00>
ST_1 : Operation 87 [1/1] (0.00ns)   --->   "%bucket_sizes_4216_loc = alloca i64 1"   --->   Operation 87 'alloca' 'bucket_sizes_4216_loc' <Predicate = true> <Delay = 0.00>
ST_1 : Operation 88 [1/1] (0.00ns)   --->   "%bucket_sizes_4217_loc = alloca i64 1"   --->   Operation 88 'alloca' 'bucket_sizes_4217_loc' <Predicate = true> <Delay = 0.00>
ST_1 : Operation 89 [1/1] (0.00ns)   --->   "%bucket_sizes_4218_loc = alloca i64 1"   --->   Operation 89 'alloca' 'bucket_sizes_4218_loc' <Predicate = true> <Delay = 0.00>
ST_1 : Operation 90 [1/1] (0.00ns)   --->   "%bucket_sizes_4219_loc = alloca i64 1"   --->   Operation 90 'alloca' 'bucket_sizes_4219_loc' <Predicate = true> <Delay = 0.00>
ST_1 : Operation 91 [1/1] (0.00ns)   --->   "%bucket_sizes_4220_loc = alloca i64 1"   --->   Operation 91 'alloca' 'bucket_sizes_4220_loc' <Predicate = true> <Delay = 0.00>
ST_1 : Operation 92 [1/1] (0.00ns)   --->   "%bucket = alloca i64 1" [sort_seperate_bucket/radix_sort.c:61]   --->   Operation 92 'alloca' 'bucket' <Predicate = true> <Delay = 0.00>
ST_1 : Operation 93 [2/2] (0.00ns)   --->   "%call_ln0 = call void @radix_sort_unified_bucket_pingpong.10.1_Pipeline_1, i32 %bucket_sizes_4220_loc, i32 %bucket_sizes_4219_loc, i32 %bucket_sizes_4218_loc, i32 %bucket_sizes_4217_loc, i32 %bucket_sizes_4216_loc, i32 %bucket_sizes_4215_loc, i32 %bucket_sizes_4214_loc, i32 %bucket_sizes_4213_loc, i32 %bucket_sizes_4212_loc, i32 %bucket_sizes_4211_loc, i32 %bucket_sizes_4210_loc, i32 %bucket_sizes_4209_loc, i32 %bucket_sizes_4208_loc, i32 %bucket_sizes_4207_loc, i32 %bucket_sizes_4206_loc, i32 %bucket_sizes_loc"   --->   Operation 93 'call' 'call_ln0' <Predicate = true> <Delay = 0.00> <CoreType = "Generic">   --->   Core 0 '' <Latency = 0> <II = 1> <Delay = 1.00> <Generic> <Opcode : >
ST_1 : Operation 94 [1/1] (0.38ns)   --->   "%store_ln78 = store i32 0, i32 %bucket_num_012" [sort_seperate_bucket/radix_sort.c:78]   --->   Operation 94 'store' 'store_ln78' <Predicate = true> <Delay = 0.38>
ST_1 : Operation 95 [1/1] (0.38ns)   --->   "%store_ln78 = store i4 0, i4 %i_011" [sort_seperate_bucket/radix_sort.c:78]   --->   Operation 95 'store' 'store_ln78' <Predicate = true> <Delay = 0.38>

State 2 <SV = 1> <Delay = 1.02>
ST_2 : Operation 96 [1/2] (1.02ns)   --->   "%call_ln0 = call void @radix_sort_unified_bucket_pingpong.10.1_Pipeline_1, i32 %bucket_sizes_4220_loc, i32 %bucket_sizes_4219_loc, i32 %bucket_sizes_4218_loc, i32 %bucket_sizes_4217_loc, i32 %bucket_sizes_4216_loc, i32 %bucket_sizes_4215_loc, i32 %bucket_sizes_4214_loc, i32 %bucket_sizes_4213_loc, i32 %bucket_sizes_4212_loc, i32 %bucket_sizes_4211_loc, i32 %bucket_sizes_4210_loc, i32 %bucket_sizes_4209_loc, i32 %bucket_sizes_4208_loc, i32 %bucket_sizes_4207_loc, i32 %bucket_sizes_4206_loc, i32 %bucket_sizes_loc"   --->   Operation 96 'call' 'call_ln0' <Predicate = true> <Delay = 1.02> <CoreType = "Generic">   --->   Core 0 '' <Latency = 0> <II = 1> <Delay = 1.00> <Generic> <Opcode : >

State 3 <SV = 2> <Delay = 0.38>
ST_3 : Operation 97 [1/1] (0.00ns)   --->   "%bucket_sizes_4220_loc_load = load i32 %bucket_sizes_4220_loc"   --->   Operation 97 'load' 'bucket_sizes_4220_loc_load' <Predicate = true> <Delay = 0.00>
ST_3 : Operation 98 [1/1] (0.00ns)   --->   "%bucket_sizes_4219_loc_load = load i32 %bucket_sizes_4219_loc"   --->   Operation 98 'load' 'bucket_sizes_4219_loc_load' <Predicate = true> <Delay = 0.00>
ST_3 : Operation 99 [1/1] (0.00ns)   --->   "%bucket_sizes_4218_loc_load = load i32 %bucket_sizes_4218_loc"   --->   Operation 99 'load' 'bucket_sizes_4218_loc_load' <Predicate = true> <Delay = 0.00>
ST_3 : Operation 100 [1/1] (0.00ns)   --->   "%bucket_sizes_4217_loc_load = load i32 %bucket_sizes_4217_loc"   --->   Operation 100 'load' 'bucket_sizes_4217_loc_load' <Predicate = true> <Delay = 0.00>
ST_3 : Operation 101 [1/1] (0.00ns)   --->   "%bucket_sizes_4216_loc_load = load i32 %bucket_sizes_4216_loc"   --->   Operation 101 'load' 'bucket_sizes_4216_loc_load' <Predicate = true> <Delay = 0.00>
ST_3 : Operation 102 [1/1] (0.00ns)   --->   "%bucket_sizes_4215_loc_load = load i32 %bucket_sizes_4215_loc"   --->   Operation 102 'load' 'bucket_sizes_4215_loc_load' <Predicate = true> <Delay = 0.00>
ST_3 : Operation 103 [1/1] (0.00ns)   --->   "%bucket_sizes_4214_loc_load = load i32 %bucket_sizes_4214_loc"   --->   Operation 103 'load' 'bucket_sizes_4214_loc_load' <Predicate = true> <Delay = 0.00>
ST_3 : Operation 104 [1/1] (0.00ns)   --->   "%bucket_sizes_4213_loc_load = load i32 %bucket_sizes_4213_loc"   --->   Operation 104 'load' 'bucket_sizes_4213_loc_load' <Predicate = true> <Delay = 0.00>
ST_3 : Operation 105 [1/1] (0.00ns)   --->   "%bucket_sizes_4212_loc_load = load i32 %bucket_sizes_4212_loc"   --->   Operation 105 'load' 'bucket_sizes_4212_loc_load' <Predicate = true> <Delay = 0.00>
ST_3 : Operation 106 [1/1] (0.00ns)   --->   "%bucket_sizes_4211_loc_load = load i32 %bucket_sizes_4211_loc"   --->   Operation 106 'load' 'bucket_sizes_4211_loc_load' <Predicate = true> <Delay = 0.00>
ST_3 : Operation 107 [1/1] (0.00ns)   --->   "%bucket_sizes_4210_loc_load = load i32 %bucket_sizes_4210_loc"   --->   Operation 107 'load' 'bucket_sizes_4210_loc_load' <Predicate = true> <Delay = 0.00>
ST_3 : Operation 108 [1/1] (0.00ns)   --->   "%bucket_sizes_4209_loc_load = load i32 %bucket_sizes_4209_loc"   --->   Operation 108 'load' 'bucket_sizes_4209_loc_load' <Predicate = true> <Delay = 0.00>
ST_3 : Operation 109 [1/1] (0.00ns)   --->   "%bucket_sizes_4208_loc_load = load i32 %bucket_sizes_4208_loc"   --->   Operation 109 'load' 'bucket_sizes_4208_loc_load' <Predicate = true> <Delay = 0.00>
ST_3 : Operation 110 [1/1] (0.00ns)   --->   "%bucket_sizes_4207_loc_load = load i32 %bucket_sizes_4207_loc"   --->   Operation 110 'load' 'bucket_sizes_4207_loc_load' <Predicate = true> <Delay = 0.00>
ST_3 : Operation 111 [1/1] (0.00ns)   --->   "%bucket_sizes_4206_loc_load = load i32 %bucket_sizes_4206_loc"   --->   Operation 111 'load' 'bucket_sizes_4206_loc_load' <Predicate = true> <Delay = 0.00>
ST_3 : Operation 112 [1/1] (0.00ns)   --->   "%bucket_sizes_loc_load = load i32 %bucket_sizes_loc"   --->   Operation 112 'load' 'bucket_sizes_loc_load' <Predicate = true> <Delay = 0.00>
ST_3 : Operation 113 [2/2] (0.38ns)   --->   "%call_ln0 = call void @radix_sort_unified_bucket_pingpong.10.1_Pipeline_initialization, i32 %bucket_sizes_4220_loc_load, i32 %bucket_sizes_4219_loc_load, i32 %bucket_sizes_4218_loc_load, i32 %bucket_sizes_4217_loc_load, i32 %bucket_sizes_4216_loc_load, i32 %bucket_sizes_4215_loc_load, i32 %bucket_sizes_4214_loc_load, i32 %bucket_sizes_4213_loc_load, i32 %bucket_sizes_4212_loc_load, i32 %bucket_sizes_4211_loc_load, i32 %bucket_sizes_4210_loc_load, i32 %bucket_sizes_4209_loc_load, i32 %bucket_sizes_4208_loc_load, i32 %bucket_sizes_4207_loc_load, i32 %bucket_sizes_4206_loc_load, i32 %bucket_sizes_loc_load, i32 %bucket, i32 %input_9, i32 %bucket_sizes_1335, i32 %bucket_sizes_1334, i32 %bucket_sizes_1333, i32 %bucket_sizes_1332, i32 %bucket_sizes_1331, i32 %bucket_sizes_1330, i32 %bucket_sizes_1329, i32 %bucket_sizes_1328, i32 %bucket_sizes_1327, i32 %bucket_sizes_1326, i32 %bucket_sizes_1325, i32 %bucket_sizes_1324, i32 %bucket_sizes_1323, i32 %bucket_sizes_1322, i32 %bucket_sizes_1321, i32 %bucket_sizes"   --->   Operation 113 'call' 'call_ln0' <Predicate = true> <Delay = 0.38> <CoreType = "Generic">   --->   Core 0 '' <Latency = 0> <II = 1> <Delay = 1.00> <Generic> <Opcode : >

State 4 <SV = 3> <Delay = 0.00>
ST_4 : Operation 114 [1/1] (0.00ns)   --->   "%specinterface_ln0 = specinterface void @_ssdm_op_SpecInterface, i32 %input_9, void @empty_31, i32 0, i32 0, void @empty_15, i32 4294967295, i32 0, void @empty_15, void @empty_15, void @empty_15, i32 0, i32 0, i32 0, i32 0, void @empty_15, void @empty_15, i32 4294967295, i32 0"   --->   Operation 114 'specinterface' 'specinterface_ln0' <Predicate = true> <Delay = 0.00>
ST_4 : Operation 115 [1/2] (0.00ns)   --->   "%call_ln0 = call void @radix_sort_unified_bucket_pingpong.10.1_Pipeline_initialization, i32 %bucket_sizes_4220_loc_load, i32 %bucket_sizes_4219_loc_load, i32 %bucket_sizes_4218_loc_load, i32 %bucket_sizes_4217_loc_load, i32 %bucket_sizes_4216_loc_load, i32 %bucket_sizes_4215_loc_load, i32 %bucket_sizes_4214_loc_load, i32 %bucket_sizes_4213_loc_load, i32 %bucket_sizes_4212_loc_load, i32 %bucket_sizes_4211_loc_load, i32 %bucket_sizes_4210_loc_load, i32 %bucket_sizes_4209_loc_load, i32 %bucket_sizes_4208_loc_load, i32 %bucket_sizes_4207_loc_load, i32 %bucket_sizes_4206_loc_load, i32 %bucket_sizes_loc_load, i32 %bucket, i32 %input_9, i32 %bucket_sizes_1335, i32 %bucket_sizes_1334, i32 %bucket_sizes_1333, i32 %bucket_sizes_1332, i32 %bucket_sizes_1331, i32 %bucket_sizes_1330, i32 %bucket_sizes_1329, i32 %bucket_sizes_1328, i32 %bucket_sizes_1327, i32 %bucket_sizes_1326, i32 %bucket_sizes_1325, i32 %bucket_sizes_1324, i32 %bucket_sizes_1323, i32 %bucket_sizes_1322, i32 %bucket_sizes_1321, i32 %bucket_sizes"   --->   Operation 115 'call' 'call_ln0' <Predicate = true> <Delay = 0.00> <CoreType = "Generic">   --->   Core 0 '' <Latency = 0> <II = 1> <Delay = 1.00> <Generic> <Opcode : >
ST_4 : Operation 116 [1/1] (0.00ns)   --->   "%br_ln78 = br void %bucket_pointer_initialization" [sort_seperate_bucket/radix_sort.c:78]   --->   Operation 116 'br' 'br_ln78' <Predicate = true> <Delay = 0.00>

State 5 <SV = 4> <Delay = 1.09>
ST_5 : Operation 117 [1/1] (0.00ns)   --->   "%i = load i4 %i_011"   --->   Operation 117 'load' 'i' <Predicate = true> <Delay = 0.00>
ST_5 : Operation 118 [1/1] (0.65ns)   --->   "%icmp_ln78 = icmp_eq  i4 %i, i4 8" [sort_seperate_bucket/radix_sort.c:78]   --->   Operation 118 'icmp' 'icmp_ln78' <Predicate = true> <Delay = 0.65> <CoreInst = "Cmp">   --->   Core 9 'Cmp' <Latency = 0> <II = 1> <Delay = 0.65> <FuncUnit> <Opcode : 'icmp'> <InPorts = 2> <OutPorts = 1>
ST_5 : Operation 119 [1/1] (0.00ns)   --->   "%empty = speclooptripcount i32 @_ssdm_op_SpecLoopTripCount, i64 8, i64 8, i64 8"   --->   Operation 119 'speclooptripcount' 'empty' <Predicate = true> <Delay = 0.00>
ST_5 : Operation 120 [1/1] (0.70ns)   --->   "%i_41 = add i4 %i, i4 1" [sort_seperate_bucket/radix_sort.c:78]   --->   Operation 120 'add' 'i_41' <Predicate = true> <Delay = 0.70> <CoreInst = "Adder">   --->   Core 1 'Adder' <Latency = 0> <II = 1> <Delay = 0.70> <FuncUnit> <Opcode : 'add' 'sub'> <InPorts = 2> <OutPorts = 1>
ST_5 : Operation 121 [1/1] (0.00ns)   --->   "%br_ln78 = br i1 %icmp_ln78, void %xlx_merge_loop.bucket_pointer_initialization.9_begin, void %for.inc79.preheader" [sort_seperate_bucket/radix_sort.c:78]   --->   Operation 121 'br' 'br_ln78' <Predicate = true> <Delay = 0.00>
ST_5 : Operation 122 [1/1] (0.00ns)   --->   "%bucket_pointer_load = load i32 %bucket_pointer"   --->   Operation 122 'load' 'bucket_pointer_load' <Predicate = (!icmp_ln78)> <Delay = 0.00>
ST_5 : Operation 123 [1/1] (0.00ns)   --->   "%bucket_pointer_1006_load = load i32 %bucket_pointer_1006"   --->   Operation 123 'load' 'bucket_pointer_1006_load' <Predicate = (!icmp_ln78)> <Delay = 0.00>
ST_5 : Operation 124 [1/1] (0.00ns)   --->   "%bucket_pointer_1007_load = load i32 %bucket_pointer_1007"   --->   Operation 124 'load' 'bucket_pointer_1007_load' <Predicate = (!icmp_ln78)> <Delay = 0.00>
ST_5 : Operation 125 [1/1] (0.00ns)   --->   "%bucket_pointer_1008_load = load i32 %bucket_pointer_1008"   --->   Operation 125 'load' 'bucket_pointer_1008_load' <Predicate = (!icmp_ln78)> <Delay = 0.00>
ST_5 : Operation 126 [1/1] (0.00ns)   --->   "%bucket_pointer_1009_load = load i32 %bucket_pointer_1009"   --->   Operation 126 'load' 'bucket_pointer_1009_load' <Predicate = (!icmp_ln78)> <Delay = 0.00>
ST_5 : Operation 127 [1/1] (0.00ns)   --->   "%bucket_pointer_1010_load = load i32 %bucket_pointer_1010"   --->   Operation 127 'load' 'bucket_pointer_1010_load' <Predicate = (!icmp_ln78)> <Delay = 0.00>
ST_5 : Operation 128 [1/1] (0.00ns)   --->   "%bucket_pointer_1011_load = load i32 %bucket_pointer_1011"   --->   Operation 128 'load' 'bucket_pointer_1011_load' <Predicate = (!icmp_ln78)> <Delay = 0.00>
ST_5 : Operation 129 [1/1] (0.00ns)   --->   "%bucket_pointer_1012_load = load i32 %bucket_pointer_1012"   --->   Operation 129 'load' 'bucket_pointer_1012_load' <Predicate = (!icmp_ln78)> <Delay = 0.00>
ST_5 : Operation 130 [1/1] (0.00ns)   --->   "%bucket_pointer_1013_load = load i32 %bucket_pointer_1013"   --->   Operation 130 'load' 'bucket_pointer_1013_load' <Predicate = (!icmp_ln78)> <Delay = 0.00>
ST_5 : Operation 131 [1/1] (0.00ns)   --->   "%bucket_pointer_1014_load = load i32 %bucket_pointer_1014"   --->   Operation 131 'load' 'bucket_pointer_1014_load' <Predicate = (!icmp_ln78)> <Delay = 0.00>
ST_5 : Operation 132 [1/1] (0.00ns)   --->   "%bucket_pointer_1015_load = load i32 %bucket_pointer_1015"   --->   Operation 132 'load' 'bucket_pointer_1015_load' <Predicate = (!icmp_ln78)> <Delay = 0.00>
ST_5 : Operation 133 [1/1] (0.00ns)   --->   "%bucket_pointer_1016_load = load i32 %bucket_pointer_1016"   --->   Operation 133 'load' 'bucket_pointer_1016_load' <Predicate = (!icmp_ln78)> <Delay = 0.00>
ST_5 : Operation 134 [1/1] (0.00ns)   --->   "%bucket_pointer_1017_load = load i32 %bucket_pointer_1017"   --->   Operation 134 'load' 'bucket_pointer_1017_load' <Predicate = (!icmp_ln78)> <Delay = 0.00>
ST_5 : Operation 135 [1/1] (0.00ns)   --->   "%bucket_pointer_1018_load = load i32 %bucket_pointer_1018"   --->   Operation 135 'load' 'bucket_pointer_1018_load' <Predicate = (!icmp_ln78)> <Delay = 0.00>
ST_5 : Operation 136 [1/1] (0.00ns)   --->   "%bucket_pointer_1019_load = load i32 %bucket_pointer_1019"   --->   Operation 136 'load' 'bucket_pointer_1019_load' <Predicate = (!icmp_ln78)> <Delay = 0.00>
ST_5 : Operation 137 [1/1] (0.00ns)   --->   "%bucket_pointer_1020_load = load i32 %bucket_pointer_1020"   --->   Operation 137 'load' 'bucket_pointer_1020_load' <Predicate = (!icmp_ln78)> <Delay = 0.00>
ST_5 : Operation 138 [1/1] (0.00ns)   --->   "%bucket_sizes_load = load i32 %bucket_sizes"   --->   Operation 138 'load' 'bucket_sizes_load' <Predicate = (!icmp_ln78)> <Delay = 0.00>
ST_5 : Operation 139 [1/1] (0.00ns)   --->   "%bucket_sizes_1321_load = load i32 %bucket_sizes_1321"   --->   Operation 139 'load' 'bucket_sizes_1321_load' <Predicate = (!icmp_ln78)> <Delay = 0.00>
ST_5 : Operation 140 [1/1] (0.00ns)   --->   "%bucket_sizes_1322_load = load i32 %bucket_sizes_1322"   --->   Operation 140 'load' 'bucket_sizes_1322_load' <Predicate = (!icmp_ln78)> <Delay = 0.00>
ST_5 : Operation 141 [1/1] (0.00ns)   --->   "%bucket_sizes_1323_load = load i32 %bucket_sizes_1323"   --->   Operation 141 'load' 'bucket_sizes_1323_load' <Predicate = (!icmp_ln78)> <Delay = 0.00>
ST_5 : Operation 142 [1/1] (0.00ns)   --->   "%bucket_sizes_1324_load = load i32 %bucket_sizes_1324"   --->   Operation 142 'load' 'bucket_sizes_1324_load' <Predicate = (!icmp_ln78)> <Delay = 0.00>
ST_5 : Operation 143 [1/1] (0.00ns)   --->   "%bucket_sizes_1325_load = load i32 %bucket_sizes_1325"   --->   Operation 143 'load' 'bucket_sizes_1325_load' <Predicate = (!icmp_ln78)> <Delay = 0.00>
ST_5 : Operation 144 [1/1] (0.00ns)   --->   "%bucket_sizes_1326_load = load i32 %bucket_sizes_1326"   --->   Operation 144 'load' 'bucket_sizes_1326_load' <Predicate = (!icmp_ln78)> <Delay = 0.00>
ST_5 : Operation 145 [1/1] (0.00ns)   --->   "%bucket_sizes_1327_load = load i32 %bucket_sizes_1327"   --->   Operation 145 'load' 'bucket_sizes_1327_load' <Predicate = (!icmp_ln78)> <Delay = 0.00>
ST_5 : Operation 146 [1/1] (0.00ns)   --->   "%bucket_sizes_1328_load = load i32 %bucket_sizes_1328"   --->   Operation 146 'load' 'bucket_sizes_1328_load' <Predicate = (!icmp_ln78)> <Delay = 0.00>
ST_5 : Operation 147 [1/1] (0.00ns)   --->   "%bucket_sizes_1329_load = load i32 %bucket_sizes_1329"   --->   Operation 147 'load' 'bucket_sizes_1329_load' <Predicate = (!icmp_ln78)> <Delay = 0.00>
ST_5 : Operation 148 [1/1] (0.00ns)   --->   "%bucket_sizes_1330_load = load i32 %bucket_sizes_1330"   --->   Operation 148 'load' 'bucket_sizes_1330_load' <Predicate = (!icmp_ln78)> <Delay = 0.00>
ST_5 : Operation 149 [1/1] (0.00ns)   --->   "%bucket_sizes_1331_load = load i32 %bucket_sizes_1331"   --->   Operation 149 'load' 'bucket_sizes_1331_load' <Predicate = (!icmp_ln78)> <Delay = 0.00>
ST_5 : Operation 150 [1/1] (0.00ns)   --->   "%bucket_sizes_1332_load = load i32 %bucket_sizes_1332"   --->   Operation 150 'load' 'bucket_sizes_1332_load' <Predicate = (!icmp_ln78)> <Delay = 0.00>
ST_5 : Operation 151 [1/1] (0.00ns)   --->   "%bucket_sizes_1333_load = load i32 %bucket_sizes_1333"   --->   Operation 151 'load' 'bucket_sizes_1333_load' <Predicate = (!icmp_ln78)> <Delay = 0.00>
ST_5 : Operation 152 [1/1] (0.00ns)   --->   "%bucket_sizes_1334_load = load i32 %bucket_sizes_1334"   --->   Operation 152 'load' 'bucket_sizes_1334_load' <Predicate = (!icmp_ln78)> <Delay = 0.00>
ST_5 : Operation 153 [1/1] (0.00ns)   --->   "%bucket_sizes_1335_load = load i32 %bucket_sizes_1335"   --->   Operation 153 'load' 'bucket_sizes_1335_load' <Predicate = (!icmp_ln78)> <Delay = 0.00>
ST_5 : Operation 154 [2/2] (0.38ns)   --->   "%call_ln0 = call void @radix_sort_unified_bucket_pingpong.10.1_Pipeline_bucket_pointer_initialization, i32 %bucket_sizes_1335_load, i32 %bucket_sizes_1334_load, i32 %bucket_sizes_1333_load, i32 %bucket_sizes_1332_load, i32 %bucket_sizes_1331_load, i32 %bucket_sizes_1330_load, i32 %bucket_sizes_1329_load, i32 %bucket_sizes_1328_load, i32 %bucket_sizes_1327_load, i32 %bucket_sizes_1326_load, i32 %bucket_sizes_1325_load, i32 %bucket_sizes_1324_load, i32 %bucket_sizes_1323_load, i32 %bucket_sizes_1322_load, i32 %bucket_sizes_1321_load, i32 %bucket_sizes_load, i32 %bucket_pointer_1020_load, i32 %bucket_pointer_1019_load, i32 %bucket_pointer_1018_load, i32 %bucket_pointer_1017_load, i32 %bucket_pointer_1016_load, i32 %bucket_pointer_1015_load, i32 %bucket_pointer_1014_load, i32 %bucket_pointer_1013_load, i32 %bucket_pointer_1012_load, i32 %bucket_pointer_1011_load, i32 %bucket_pointer_1010_load, i32 %bucket_pointer_1009_load, i32 %bucket_pointer_1008_load, i32 %bucket_pointer_1007_load, i32 %bucket_pointer_1006_load, i32 %bucket_pointer_load, i32 %bucket_sizes_4301_loc, i32 %bucket_sizes_4300_loc, i32 %bucket_sizes_4299_loc, i32 %bucket_sizes_4298_loc, i32 %bucket_sizes_4297_loc, i32 %bucket_sizes_4296_loc, i32 %bucket_sizes_4295_loc, i32 %bucket_sizes_4294_loc, i32 %bucket_sizes_4293_loc, i32 %bucket_sizes_4292_loc, i32 %bucket_sizes_4291_loc, i32 %bucket_sizes_4290_loc, i32 %bucket_sizes_4289_loc, i32 %bucket_sizes_4288_loc, i32 %bucket_sizes_4287_loc, i32 %bucket_sizes_4286_loc, i32 %bucket_pointer_1916_loc, i32 %bucket_pointer_1915_loc, i32 %bucket_pointer_1914_loc, i32 %bucket_pointer_1913_loc, i32 %bucket_pointer_1912_loc, i32 %bucket_pointer_1911_loc, i32 %bucket_pointer_1910_loc, i32 %bucket_pointer_1909_loc, i32 %bucket_pointer_1908_loc, i32 %bucket_pointer_1907_loc, i32 %bucket_pointer_1906_loc, i32 %bucket_pointer_1905_loc, i32 %bucket_pointer_1904_loc, i32 %bucket_pointer_1903_loc, i32 %bucket_pointer_1902_loc, i32 %bucket_pointer_1901_loc"   --->   Operation 154 'call' 'call_ln0' <Predicate = (!icmp_ln78)> <Delay = 0.38> <CoreType = "Generic">   --->   Core 0 '' <Latency = 0> <II = 1> <Delay = 1.00> <Generic> <Opcode : >
ST_5 : Operation 155 [1/1] (0.00ns)   --->   "%empty_164 = trunc i4 %i"   --->   Operation 155 'trunc' 'empty_164' <Predicate = (!icmp_ln78)> <Delay = 0.00>
ST_5 : Operation 156 [1/1] (0.38ns)   --->   "%store_ln78 = store i4 %i_41, i4 %i_011" [sort_seperate_bucket/radix_sort.c:78]   --->   Operation 156 'store' 'store_ln78' <Predicate = (!icmp_ln78)> <Delay = 0.38>
ST_5 : Operation 157 [2/2] (0.00ns)   --->   "%call_ln0 = call void @radix_sort_unified_bucket_pingpong.10.1_Pipeline_output_bucket, i32 %bucket, i32 %sorted_data"   --->   Operation 157 'call' 'call_ln0' <Predicate = (icmp_ln78)> <Delay = 0.00> <CoreType = "Generic">   --->   Core 0 '' <Latency = 0> <II = 1> <Delay = 1.00> <Generic> <Opcode : >

State 6 <SV = 5> <Delay = 0.63>
ST_6 : Operation 158 [1/2] (0.63ns)   --->   "%call_ln0 = call void @radix_sort_unified_bucket_pingpong.10.1_Pipeline_bucket_pointer_initialization, i32 %bucket_sizes_1335_load, i32 %bucket_sizes_1334_load, i32 %bucket_sizes_1333_load, i32 %bucket_sizes_1332_load, i32 %bucket_sizes_1331_load, i32 %bucket_sizes_1330_load, i32 %bucket_sizes_1329_load, i32 %bucket_sizes_1328_load, i32 %bucket_sizes_1327_load, i32 %bucket_sizes_1326_load, i32 %bucket_sizes_1325_load, i32 %bucket_sizes_1324_load, i32 %bucket_sizes_1323_load, i32 %bucket_sizes_1322_load, i32 %bucket_sizes_1321_load, i32 %bucket_sizes_load, i32 %bucket_pointer_1020_load, i32 %bucket_pointer_1019_load, i32 %bucket_pointer_1018_load, i32 %bucket_pointer_1017_load, i32 %bucket_pointer_1016_load, i32 %bucket_pointer_1015_load, i32 %bucket_pointer_1014_load, i32 %bucket_pointer_1013_load, i32 %bucket_pointer_1012_load, i32 %bucket_pointer_1011_load, i32 %bucket_pointer_1010_load, i32 %bucket_pointer_1009_load, i32 %bucket_pointer_1008_load, i32 %bucket_pointer_1007_load, i32 %bucket_pointer_1006_load, i32 %bucket_pointer_load, i32 %bucket_sizes_4301_loc, i32 %bucket_sizes_4300_loc, i32 %bucket_sizes_4299_loc, i32 %bucket_sizes_4298_loc, i32 %bucket_sizes_4297_loc, i32 %bucket_sizes_4296_loc, i32 %bucket_sizes_4295_loc, i32 %bucket_sizes_4294_loc, i32 %bucket_sizes_4293_loc, i32 %bucket_sizes_4292_loc, i32 %bucket_sizes_4291_loc, i32 %bucket_sizes_4290_loc, i32 %bucket_sizes_4289_loc, i32 %bucket_sizes_4288_loc, i32 %bucket_sizes_4287_loc, i32 %bucket_sizes_4286_loc, i32 %bucket_pointer_1916_loc, i32 %bucket_pointer_1915_loc, i32 %bucket_pointer_1914_loc, i32 %bucket_pointer_1913_loc, i32 %bucket_pointer_1912_loc, i32 %bucket_pointer_1911_loc, i32 %bucket_pointer_1910_loc, i32 %bucket_pointer_1909_loc, i32 %bucket_pointer_1908_loc, i32 %bucket_pointer_1907_loc, i32 %bucket_pointer_1906_loc, i32 %bucket_pointer_1905_loc, i32 %bucket_pointer_1904_loc, i32 %bucket_pointer_1903_loc, i32 %bucket_pointer_1902_loc, i32 %bucket_pointer_1901_loc"   --->   Operation 158 'call' 'call_ln0' <Predicate = true> <Delay = 0.63> <CoreType = "Generic">   --->   Core 0 '' <Latency = 0> <II = 1> <Delay = 1.00> <Generic> <Opcode : >

State 7 <SV = 6> <Delay = 5.25>
ST_7 : Operation 159 [1/1] (0.00ns)   --->   "%bucket_num_012_load = load i32 %bucket_num_012" [sort_seperate_bucket/radix_sort.c:95]   --->   Operation 159 'load' 'bucket_num_012_load' <Predicate = true> <Delay = 0.00>
ST_7 : Operation 160 [1/1] (0.00ns)   --->   "%bucket_sizes_4301_loc_load = load i32 %bucket_sizes_4301_loc"   --->   Operation 160 'load' 'bucket_sizes_4301_loc_load' <Predicate = true> <Delay = 0.00>
ST_7 : Operation 161 [1/1] (0.00ns)   --->   "%bucket_sizes_4300_loc_load = load i32 %bucket_sizes_4300_loc"   --->   Operation 161 'load' 'bucket_sizes_4300_loc_load' <Predicate = true> <Delay = 0.00>
ST_7 : Operation 162 [1/1] (0.00ns)   --->   "%bucket_sizes_4299_loc_load = load i32 %bucket_sizes_4299_loc"   --->   Operation 162 'load' 'bucket_sizes_4299_loc_load' <Predicate = true> <Delay = 0.00>
ST_7 : Operation 163 [1/1] (0.00ns)   --->   "%bucket_sizes_4298_loc_load = load i32 %bucket_sizes_4298_loc"   --->   Operation 163 'load' 'bucket_sizes_4298_loc_load' <Predicate = true> <Delay = 0.00>
ST_7 : Operation 164 [1/1] (0.00ns)   --->   "%bucket_sizes_4297_loc_load = load i32 %bucket_sizes_4297_loc"   --->   Operation 164 'load' 'bucket_sizes_4297_loc_load' <Predicate = true> <Delay = 0.00>
ST_7 : Operation 165 [1/1] (0.00ns)   --->   "%bucket_sizes_4296_loc_load = load i32 %bucket_sizes_4296_loc"   --->   Operation 165 'load' 'bucket_sizes_4296_loc_load' <Predicate = true> <Delay = 0.00>
ST_7 : Operation 166 [1/1] (0.00ns)   --->   "%bucket_sizes_4295_loc_load = load i32 %bucket_sizes_4295_loc"   --->   Operation 166 'load' 'bucket_sizes_4295_loc_load' <Predicate = true> <Delay = 0.00>
ST_7 : Operation 167 [1/1] (0.00ns)   --->   "%bucket_sizes_4294_loc_load = load i32 %bucket_sizes_4294_loc"   --->   Operation 167 'load' 'bucket_sizes_4294_loc_load' <Predicate = true> <Delay = 0.00>
ST_7 : Operation 168 [1/1] (0.00ns)   --->   "%bucket_sizes_4293_loc_load = load i32 %bucket_sizes_4293_loc"   --->   Operation 168 'load' 'bucket_sizes_4293_loc_load' <Predicate = true> <Delay = 0.00>
ST_7 : Operation 169 [1/1] (0.00ns)   --->   "%bucket_sizes_4292_loc_load = load i32 %bucket_sizes_4292_loc"   --->   Operation 169 'load' 'bucket_sizes_4292_loc_load' <Predicate = true> <Delay = 0.00>
ST_7 : Operation 170 [1/1] (0.00ns)   --->   "%bucket_sizes_4291_loc_load = load i32 %bucket_sizes_4291_loc"   --->   Operation 170 'load' 'bucket_sizes_4291_loc_load' <Predicate = true> <Delay = 0.00>
ST_7 : Operation 171 [1/1] (0.00ns)   --->   "%bucket_sizes_4290_loc_load = load i32 %bucket_sizes_4290_loc"   --->   Operation 171 'load' 'bucket_sizes_4290_loc_load' <Predicate = true> <Delay = 0.00>
ST_7 : Operation 172 [1/1] (0.00ns)   --->   "%bucket_sizes_4289_loc_load = load i32 %bucket_sizes_4289_loc"   --->   Operation 172 'load' 'bucket_sizes_4289_loc_load' <Predicate = true> <Delay = 0.00>
ST_7 : Operation 173 [1/1] (0.00ns)   --->   "%bucket_sizes_4288_loc_load = load i32 %bucket_sizes_4288_loc"   --->   Operation 173 'load' 'bucket_sizes_4288_loc_load' <Predicate = true> <Delay = 0.00>
ST_7 : Operation 174 [1/1] (0.00ns)   --->   "%bucket_sizes_4287_loc_load = load i32 %bucket_sizes_4287_loc"   --->   Operation 174 'load' 'bucket_sizes_4287_loc_load' <Predicate = true> <Delay = 0.00>
ST_7 : Operation 175 [1/1] (0.00ns)   --->   "%bucket_sizes_4286_loc_load = load i32 %bucket_sizes_4286_loc"   --->   Operation 175 'load' 'bucket_sizes_4286_loc_load' <Predicate = true> <Delay = 0.00>
ST_7 : Operation 176 [1/1] (0.00ns)   --->   "%bucket_pointer_1916_loc_load = load i32 %bucket_pointer_1916_loc"   --->   Operation 176 'load' 'bucket_pointer_1916_loc_load' <Predicate = true> <Delay = 0.00>
ST_7 : Operation 177 [1/1] (0.00ns)   --->   "%bucket_pointer_1915_loc_load = load i32 %bucket_pointer_1915_loc"   --->   Operation 177 'load' 'bucket_pointer_1915_loc_load' <Predicate = true> <Delay = 0.00>
ST_7 : Operation 178 [1/1] (0.00ns)   --->   "%bucket_pointer_1914_loc_load = load i32 %bucket_pointer_1914_loc"   --->   Operation 178 'load' 'bucket_pointer_1914_loc_load' <Predicate = true> <Delay = 0.00>
ST_7 : Operation 179 [1/1] (0.00ns)   --->   "%bucket_pointer_1913_loc_load = load i32 %bucket_pointer_1913_loc"   --->   Operation 179 'load' 'bucket_pointer_1913_loc_load' <Predicate = true> <Delay = 0.00>
ST_7 : Operation 180 [1/1] (0.00ns)   --->   "%bucket_pointer_1912_loc_load = load i32 %bucket_pointer_1912_loc"   --->   Operation 180 'load' 'bucket_pointer_1912_loc_load' <Predicate = true> <Delay = 0.00>
ST_7 : Operation 181 [1/1] (0.00ns)   --->   "%bucket_pointer_1911_loc_load = load i32 %bucket_pointer_1911_loc"   --->   Operation 181 'load' 'bucket_pointer_1911_loc_load' <Predicate = true> <Delay = 0.00>
ST_7 : Operation 182 [1/1] (0.00ns)   --->   "%bucket_pointer_1910_loc_load = load i32 %bucket_pointer_1910_loc"   --->   Operation 182 'load' 'bucket_pointer_1910_loc_load' <Predicate = true> <Delay = 0.00>
ST_7 : Operation 183 [1/1] (0.00ns)   --->   "%bucket_pointer_1909_loc_load = load i32 %bucket_pointer_1909_loc"   --->   Operation 183 'load' 'bucket_pointer_1909_loc_load' <Predicate = true> <Delay = 0.00>
ST_7 : Operation 184 [1/1] (0.00ns)   --->   "%bucket_pointer_1908_loc_load = load i32 %bucket_pointer_1908_loc"   --->   Operation 184 'load' 'bucket_pointer_1908_loc_load' <Predicate = true> <Delay = 0.00>
ST_7 : Operation 185 [1/1] (0.00ns)   --->   "%bucket_pointer_1907_loc_load = load i32 %bucket_pointer_1907_loc"   --->   Operation 185 'load' 'bucket_pointer_1907_loc_load' <Predicate = true> <Delay = 0.00>
ST_7 : Operation 186 [1/1] (0.00ns)   --->   "%bucket_pointer_1906_loc_load = load i32 %bucket_pointer_1906_loc"   --->   Operation 186 'load' 'bucket_pointer_1906_loc_load' <Predicate = true> <Delay = 0.00>
ST_7 : Operation 187 [1/1] (0.00ns)   --->   "%bucket_pointer_1905_loc_load = load i32 %bucket_pointer_1905_loc"   --->   Operation 187 'load' 'bucket_pointer_1905_loc_load' <Predicate = true> <Delay = 0.00>
ST_7 : Operation 188 [1/1] (0.00ns)   --->   "%bucket_pointer_1904_loc_load = load i32 %bucket_pointer_1904_loc"   --->   Operation 188 'load' 'bucket_pointer_1904_loc_load' <Predicate = true> <Delay = 0.00>
ST_7 : Operation 189 [1/1] (0.00ns)   --->   "%bucket_pointer_1903_loc_load = load i32 %bucket_pointer_1903_loc"   --->   Operation 189 'load' 'bucket_pointer_1903_loc_load' <Predicate = true> <Delay = 0.00>
ST_7 : Operation 190 [1/1] (0.00ns)   --->   "%bucket_pointer_1902_loc_load = load i32 %bucket_pointer_1902_loc"   --->   Operation 190 'load' 'bucket_pointer_1902_loc_load' <Predicate = true> <Delay = 0.00>
ST_7 : Operation 191 [1/1] (0.00ns)   --->   "%bucket_pointer_1901_loc_load = load i32 %bucket_pointer_1901_loc"   --->   Operation 191 'load' 'bucket_pointer_1901_loc_load' <Predicate = true> <Delay = 0.00>
ST_7 : Operation 192 [1/1] (0.88ns)   --->   "%bucket_num = sub i32 1, i32 %bucket_num_012_load" [sort_seperate_bucket/radix_sort.c:95]   --->   Operation 192 'sub' 'bucket_num' <Predicate = true> <Delay = 0.88> <CoreInst = "Adder">   --->   Core 1 'Adder' <Latency = 0> <II = 1> <Delay = 0.88> <FuncUnit> <Opcode : 'add' 'sub'> <InPorts = 2> <OutPorts = 1>
ST_7 : Operation 193 [1/1] (0.00ns)   --->   "%trunc_ln93 = trunc i32 %bucket_num" [sort_seperate_bucket/radix_sort.c:93]   --->   Operation 193 'trunc' 'trunc_ln93' <Predicate = true> <Delay = 0.00>
ST_7 : Operation 194 [1/1] (2.32ns)   --->   "%mul_ln93 = mul i20 %trunc_ln93, i20 312500" [sort_seperate_bucket/radix_sort.c:93]   --->   Operation 194 'mul' 'mul_ln93' <Predicate = true> <Delay = 2.32> <CoreInst = "Multiplier">   --->   Core 3 'Multiplier' <Latency = 0> <II = 1> <Delay = 2.32> <FuncUnit> <Opcode : 'mul'> <InPorts = 2> <OutPorts = 1>
ST_7 : Operation 195 [1/1] (0.00ns)   --->   "%mul = bitconcatenate i5 @_ssdm_op_BitConcatenate.i5.i3.i2, i3 %empty_164, i2 0"   --->   Operation 195 'bitconcatenate' 'mul' <Predicate = true> <Delay = 0.00>
ST_7 : Operation 196 [1/1] (0.00ns)   --->   "%trunc_ln95 = trunc i32 %bucket_num_012_load" [sort_seperate_bucket/radix_sort.c:95]   --->   Operation 196 'trunc' 'trunc_ln95' <Predicate = true> <Delay = 0.00>
ST_7 : Operation 197 [1/1] (2.32ns)   --->   "%mul_ln95 = mul i20 %trunc_ln95, i20 312500" [sort_seperate_bucket/radix_sort.c:95]   --->   Operation 197 'mul' 'mul_ln95' <Predicate = true> <Delay = 2.32> <CoreInst = "Multiplier">   --->   Core 3 'Multiplier' <Latency = 0> <II = 1> <Delay = 2.32> <FuncUnit> <Opcode : 'mul'> <InPorts = 2> <OutPorts = 1>
ST_7 : Operation 198 [2/2] (2.05ns)   --->   "%call_ln93 = call void @radix_sort_unified_bucket_pingpong.10.1_Pipeline_input_bucket, i32 %bucket_sizes_4301_loc_load, i32 %bucket_sizes_4300_loc_load, i32 %bucket_sizes_4299_loc_load, i32 %bucket_sizes_4298_loc_load, i32 %bucket_sizes_4297_loc_load, i32 %bucket_sizes_4296_loc_load, i32 %bucket_sizes_4295_loc_load, i32 %bucket_sizes_4294_loc_load, i32 %bucket_sizes_4293_loc_load, i32 %bucket_sizes_4292_loc_load, i32 %bucket_sizes_4291_loc_load, i32 %bucket_sizes_4290_loc_load, i32 %bucket_sizes_4289_loc_load, i32 %bucket_sizes_4288_loc_load, i32 %bucket_sizes_4287_loc_load, i32 %bucket_sizes_4286_loc_load, i32 %bucket_pointer_1916_loc_load, i32 %bucket_pointer_1915_loc_load, i32 %bucket_pointer_1914_loc_load, i32 %bucket_pointer_1913_loc_load, i32 %bucket_pointer_1912_loc_load, i32 %bucket_pointer_1911_loc_load, i32 %bucket_pointer_1910_loc_load, i32 %bucket_pointer_1909_loc_load, i32 %bucket_pointer_1908_loc_load, i32 %bucket_pointer_1907_loc_load, i32 %bucket_pointer_1906_loc_load, i32 %bucket_pointer_1905_loc_load, i32 %bucket_pointer_1904_loc_load, i32 %bucket_pointer_1903_loc_load, i32 %bucket_pointer_1902_loc_load, i32 %bucket_pointer_1901_loc_load, i20 %mul_ln93, i32 %bucket, i5 %mul, i20 %mul_ln95, i32 %bucket_sizes_1335, i32 %bucket_sizes_1334, i32 %bucket_sizes_1333, i32 %bucket_sizes_1332, i32 %bucket_sizes_1331, i32 %bucket_sizes_1330, i32 %bucket_sizes_1329, i32 %bucket_sizes_1328, i32 %bucket_sizes_1327, i32 %bucket_sizes_1326, i32 %bucket_sizes_1325, i32 %bucket_sizes_1324, i32 %bucket_sizes_1323, i32 %bucket_sizes_1322, i32 %bucket_sizes_1321, i32 %bucket_sizes, i32 %bucket_pointer_1020, i32 %bucket_pointer_1019, i32 %bucket_pointer_1018, i32 %bucket_pointer_1017, i32 %bucket_pointer_1016, i32 %bucket_pointer_1015, i32 %bucket_pointer_1014, i32 %bucket_pointer_1013, i32 %bucket_pointer_1012, i32 %bucket_pointer_1011, i32 %bucket_pointer_1010, i32 %bucket_pointer_1009, i32 %bucket_pointer_1008, i32 %bucket_pointer_1007, i32 %bucket_pointer_1006, i32 %bucket_pointer" [sort_seperate_bucket/radix_sort.c:93]   --->   Operation 198 'call' 'call_ln93' <Predicate = true> <Delay = 2.05> <CoreType = "Generic">   --->   Core 0 '' <Latency = 0> <II = 1> <Delay = 1.00> <Generic> <Opcode : >
ST_7 : Operation 199 [1/1] (0.38ns)   --->   "%store_ln78 = store i32 %bucket_num, i32 %bucket_num_012" [sort_seperate_bucket/radix_sort.c:78]   --->   Operation 199 'store' 'store_ln78' <Predicate = true> <Delay = 0.38>

State 8 <SV = 7> <Delay = 0.00>
ST_8 : Operation 200 [1/1] (0.00ns)   --->   "%specloopname_ln62 = specloopname void @_ssdm_op_SpecLoopName, void @empty_37" [sort_seperate_bucket/radix_sort.c:62]   --->   Operation 200 'specloopname' 'specloopname_ln62' <Predicate = true> <Delay = 0.00>
ST_8 : Operation 201 [1/2] (0.00ns)   --->   "%call_ln93 = call void @radix_sort_unified_bucket_pingpong.10.1_Pipeline_input_bucket, i32 %bucket_sizes_4301_loc_load, i32 %bucket_sizes_4300_loc_load, i32 %bucket_sizes_4299_loc_load, i32 %bucket_sizes_4298_loc_load, i32 %bucket_sizes_4297_loc_load, i32 %bucket_sizes_4296_loc_load, i32 %bucket_sizes_4295_loc_load, i32 %bucket_sizes_4294_loc_load, i32 %bucket_sizes_4293_loc_load, i32 %bucket_sizes_4292_loc_load, i32 %bucket_sizes_4291_loc_load, i32 %bucket_sizes_4290_loc_load, i32 %bucket_sizes_4289_loc_load, i32 %bucket_sizes_4288_loc_load, i32 %bucket_sizes_4287_loc_load, i32 %bucket_sizes_4286_loc_load, i32 %bucket_pointer_1916_loc_load, i32 %bucket_pointer_1915_loc_load, i32 %bucket_pointer_1914_loc_load, i32 %bucket_pointer_1913_loc_load, i32 %bucket_pointer_1912_loc_load, i32 %bucket_pointer_1911_loc_load, i32 %bucket_pointer_1910_loc_load, i32 %bucket_pointer_1909_loc_load, i32 %bucket_pointer_1908_loc_load, i32 %bucket_pointer_1907_loc_load, i32 %bucket_pointer_1906_loc_load, i32 %bucket_pointer_1905_loc_load, i32 %bucket_pointer_1904_loc_load, i32 %bucket_pointer_1903_loc_load, i32 %bucket_pointer_1902_loc_load, i32 %bucket_pointer_1901_loc_load, i20 %mul_ln93, i32 %bucket, i5 %mul, i20 %mul_ln95, i32 %bucket_sizes_1335, i32 %bucket_sizes_1334, i32 %bucket_sizes_1333, i32 %bucket_sizes_1332, i32 %bucket_sizes_1331, i32 %bucket_sizes_1330, i32 %bucket_sizes_1329, i32 %bucket_sizes_1328, i32 %bucket_sizes_1327, i32 %bucket_sizes_1326, i32 %bucket_sizes_1325, i32 %bucket_sizes_1324, i32 %bucket_sizes_1323, i32 %bucket_sizes_1322, i32 %bucket_sizes_1321, i32 %bucket_sizes, i32 %bucket_pointer_1020, i32 %bucket_pointer_1019, i32 %bucket_pointer_1018, i32 %bucket_pointer_1017, i32 %bucket_pointer_1016, i32 %bucket_pointer_1015, i32 %bucket_pointer_1014, i32 %bucket_pointer_1013, i32 %bucket_pointer_1012, i32 %bucket_pointer_1011, i32 %bucket_pointer_1010, i32 %bucket_pointer_1009, i32 %bucket_pointer_1008, i32 %bucket_pointer_1007, i32 %bucket_pointer_1006, i32 %bucket_pointer" [sort_seperate_bucket/radix_sort.c:93]   --->   Operation 201 'call' 'call_ln93' <Predicate = true> <Delay = 0.00> <CoreType = "Generic">   --->   Core 0 '' <Latency = 0> <II = 1> <Delay = 1.00> <Generic> <Opcode : >
ST_8 : Operation 202 [1/1] (0.00ns)   --->   "%br_ln78 = br void %bucket_pointer_initialization" [sort_seperate_bucket/radix_sort.c:78]   --->   Operation 202 'br' 'br_ln78' <Predicate = true> <Delay = 0.00>

State 9 <SV = 5> <Delay = 0.00>
ST_9 : Operation 203 [1/2] (0.00ns)   --->   "%call_ln0 = call void @radix_sort_unified_bucket_pingpong.10.1_Pipeline_output_bucket, i32 %bucket, i32 %sorted_data"   --->   Operation 203 'call' 'call_ln0' <Predicate = true> <Delay = 0.00> <CoreType = "Generic">   --->   Core 0 '' <Latency = 0> <II = 1> <Delay = 1.00> <Generic> <Opcode : >
ST_9 : Operation 204 [1/1] (0.00ns)   --->   "%ret_ln108 = ret" [sort_seperate_bucket/radix_sort.c:108]   --->   Operation 204 'ret' 'ret_ln108' <Predicate = true> <Delay = 0.00>


============================================================
+ Verbose Summary: Timing violations
============================================================
Target clock period: 10ns, clock uncertainty: 2.7ns.

 <State 1>: 0.387ns
The critical path consists of the following:
	'alloca' operation ('bucket_num') [4]  (0 ns)
	'store' operation ('store_ln78', sort_seperate_bucket/radix_sort.c:78) of constant 0 on local variable 'bucket_num' [105]  (0.387 ns)

 <State 2>: 1.02ns
The critical path consists of the following:
	'call' operation ('call_ln0') to 'radix_sort_unified_bucket_pingpong.10.1_Pipeline_1' [87]  (1.02 ns)

 <State 3>: 0.387ns
The critical path consists of the following:
	'load' operation ('bucket_sizes_4220_loc_load') on local variable 'bucket_sizes_4220_loc' [88]  (0 ns)
	'call' operation ('call_ln0') to 'radix_sort_unified_bucket_pingpong.10.1_Pipeline_initialization' [104]  (0.387 ns)

 <State 4>: 0ns
The critical path consists of the following:

 <State 5>: 1.09ns
The critical path consists of the following:
	'load' operation ('i') on local variable 'i' [109]  (0 ns)
	'add' operation ('i', sort_seperate_bucket/radix_sort.c:78) [112]  (0.708 ns)
	'store' operation ('store_ln78', sort_seperate_bucket/radix_sort.c:78) of variable 'i', sort_seperate_bucket/radix_sort.c:78 on local variable 'i' [191]  (0.387 ns)

 <State 6>: 0.637ns
The critical path consists of the following:
	'call' operation ('call_ln0') to 'radix_sort_unified_bucket_pingpong.10.1_Pipeline_bucket_pointer_initialization' [149]  (0.637 ns)

 <State 7>: 5.26ns
The critical path consists of the following:
	'load' operation ('bucket_num_012_load', sort_seperate_bucket/radix_sort.c:95) on local variable 'bucket_num' [115]  (0 ns)
	'sub' operation ('bucket_num', sort_seperate_bucket/radix_sort.c:95) [182]  (0.88 ns)
	'mul' operation ('mul_ln93', sort_seperate_bucket/radix_sort.c:93) [184]  (2.32 ns)
	'call' operation ('call_ln93', sort_seperate_bucket/radix_sort.c:93) to 'radix_sort_unified_bucket_pingpong.10.1_Pipeline_input_bucket' [189]  (2.06 ns)

 <State 8>: 0ns
The critical path consists of the following:

 <State 9>: 0ns
The critical path consists of the following:


============================================================
+ Verbose Summary: Binding
============================================================
N/A
* FSMD analyzer results:
  - Output states:
 - Input state : 
  - Chain level:
	State 1
	State 2
	State 3
	State 4
	State 5
	State 6
	State 7
	State 8
	State 9


============================================================
+ Verbose Summary: Datapath Resource usage 
============================================================
N/A
