

================================================================
== Vitis HLS Report for 'radix_sort_batch_26_1'
================================================================
* Date:           Sun Apr 23 22:11:20 2023

* Version:        2022.2 (Build 3670227 on Oct 13 2022)
* Project:        sort_seperate_bucket
* Solution:       solution1 (Vivado IP Flow Target)
* Product family: virtexuplus
* Target device:  xcu280-fsvh2892-2L-e


================================================================
== Performance Estimates
================================================================
+ Timing: 
    * Summary: 
    +--------+----------+----------+------------+
    |  Clock |  Target  | Estimated| Uncertainty|
    +--------+----------+----------+------------+
    |ap_clk  |  10.00 ns|  5.044 ns|     2.70 ns|
    +--------+----------+----------+------------+

+ Latency: 
    * Summary: 
    +---------+---------+----------+----------+--------+--------+---------+
    |  Latency (cycles) |  Latency (absolute) |     Interval    | Pipeline|
    |   min   |   max   |    min   |    max   |   min  |   max  |   Type  |
    +---------+---------+----------+----------+--------+--------+---------+
    |   156477|   156477|  1.565 ms|  1.565 ms|  156477|  156477|       no|
    +---------+---------+----------+----------+--------+--------+---------+

    + Detail: 
        * Instance: 
        N/A

        * Loop: 
        +------------------+---------+---------+----------+-----------+-----------+------+----------+
        |                  |  Latency (cycles) | Iteration|  Initiation Interval  | Trip |          |
        |     Loop Name    |   min   |   max   |  Latency |  achieved |   target  | Count| Pipelined|
        +------------------+---------+---------+----------+-----------+-----------+------+----------+
        |- sort_procedure  |   125200|   125200|     15650|          -|          -|     8|        no|
        +------------------+---------+---------+----------+-----------+-----------+------+----------+

============================================================
+ Verbose Summary: Synthesis Manager
============================================================
InlineROM: 1
ExposeGlobal: 0
============================================================
+ Verbose Summary: CDFG Model
============================================================
IsTopModel: 0
ResetActiveHigh: 1
IsCombinational: 2
IsDatapathOnly: 0
HasWiredReturn: 1
HasMFsm: 0
HasVarLatency: 1
IsPipeline: 0
IsRtlPipelined: 0
IsInstanceOverlapped: 0
IsDontTouch: 0
HasImplIP: 0
IsGatedGlobalClock: 0


============================================================
+ Verbose Summary: Schedule
============================================================
* Number of FSM states : 10
* Pipeline : 0
* Dataflow Pipeline: 0

* FSM state transitions: 
1 --> 2 
2 --> 3 
3 --> 4 
4 --> 5 
5 --> 6 10 
6 --> 7 
7 --> 8 
8 --> 9 
9 --> 5 
10 --> 

* FSM state operations: 

State 1 <SV = 0> <Delay = 0.38>
ST_1 : Operation 11 [1/1] (0.00ns)   --->   "%i = alloca i32 1"   --->   Operation 11 'alloca' 'i' <Predicate = true> <Delay = 0.00>
ST_1 : Operation 12 [1/1] (0.00ns)   --->   "%bucket_num = alloca i32 1"   --->   Operation 12 'alloca' 'bucket_num' <Predicate = true> <Delay = 0.00>
ST_1 : Operation 13 [1/1] (0.00ns)   --->   "%bucket_pointer = alloca i32 1"   --->   Operation 13 'alloca' 'bucket_pointer' <Predicate = true> <Delay = 0.00>
ST_1 : Operation 14 [1/1] (0.00ns)   --->   "%bucket_pointer_1516 = alloca i32 1"   --->   Operation 14 'alloca' 'bucket_pointer_1516' <Predicate = true> <Delay = 0.00>
ST_1 : Operation 15 [1/1] (0.00ns)   --->   "%bucket_pointer_1517 = alloca i32 1"   --->   Operation 15 'alloca' 'bucket_pointer_1517' <Predicate = true> <Delay = 0.00>
ST_1 : Operation 16 [1/1] (0.00ns)   --->   "%bucket_pointer_1518 = alloca i32 1"   --->   Operation 16 'alloca' 'bucket_pointer_1518' <Predicate = true> <Delay = 0.00>
ST_1 : Operation 17 [1/1] (0.00ns)   --->   "%bucket_pointer_1519 = alloca i32 1"   --->   Operation 17 'alloca' 'bucket_pointer_1519' <Predicate = true> <Delay = 0.00>
ST_1 : Operation 18 [1/1] (0.00ns)   --->   "%bucket_pointer_1520 = alloca i32 1"   --->   Operation 18 'alloca' 'bucket_pointer_1520' <Predicate = true> <Delay = 0.00>
ST_1 : Operation 19 [1/1] (0.00ns)   --->   "%bucket_pointer_1521 = alloca i32 1"   --->   Operation 19 'alloca' 'bucket_pointer_1521' <Predicate = true> <Delay = 0.00>
ST_1 : Operation 20 [1/1] (0.00ns)   --->   "%bucket_pointer_1522 = alloca i32 1"   --->   Operation 20 'alloca' 'bucket_pointer_1522' <Predicate = true> <Delay = 0.00>
ST_1 : Operation 21 [1/1] (0.00ns)   --->   "%bucket_pointer_1523 = alloca i32 1"   --->   Operation 21 'alloca' 'bucket_pointer_1523' <Predicate = true> <Delay = 0.00>
ST_1 : Operation 22 [1/1] (0.00ns)   --->   "%bucket_pointer_1524 = alloca i32 1"   --->   Operation 22 'alloca' 'bucket_pointer_1524' <Predicate = true> <Delay = 0.00>
ST_1 : Operation 23 [1/1] (0.00ns)   --->   "%bucket_pointer_1525 = alloca i32 1"   --->   Operation 23 'alloca' 'bucket_pointer_1525' <Predicate = true> <Delay = 0.00>
ST_1 : Operation 24 [1/1] (0.00ns)   --->   "%bucket_pointer_1526 = alloca i32 1"   --->   Operation 24 'alloca' 'bucket_pointer_1526' <Predicate = true> <Delay = 0.00>
ST_1 : Operation 25 [1/1] (0.00ns)   --->   "%bucket_pointer_1527 = alloca i32 1"   --->   Operation 25 'alloca' 'bucket_pointer_1527' <Predicate = true> <Delay = 0.00>
ST_1 : Operation 26 [1/1] (0.00ns)   --->   "%bucket_pointer_1528 = alloca i32 1"   --->   Operation 26 'alloca' 'bucket_pointer_1528' <Predicate = true> <Delay = 0.00>
ST_1 : Operation 27 [1/1] (0.00ns)   --->   "%bucket_pointer_1529 = alloca i32 1"   --->   Operation 27 'alloca' 'bucket_pointer_1529' <Predicate = true> <Delay = 0.00>
ST_1 : Operation 28 [1/1] (0.00ns)   --->   "%bucket_pointer_1530 = alloca i32 1"   --->   Operation 28 'alloca' 'bucket_pointer_1530' <Predicate = true> <Delay = 0.00>
ST_1 : Operation 29 [1/1] (0.00ns)   --->   "%bucket_sizes = alloca i32 1"   --->   Operation 29 'alloca' 'bucket_sizes' <Predicate = true> <Delay = 0.00>
ST_1 : Operation 30 [1/1] (0.00ns)   --->   "%bucket_sizes_1996 = alloca i32 1"   --->   Operation 30 'alloca' 'bucket_sizes_1996' <Predicate = true> <Delay = 0.00>
ST_1 : Operation 31 [1/1] (0.00ns)   --->   "%bucket_sizes_1997 = alloca i32 1"   --->   Operation 31 'alloca' 'bucket_sizes_1997' <Predicate = true> <Delay = 0.00>
ST_1 : Operation 32 [1/1] (0.00ns)   --->   "%bucket_sizes_1998 = alloca i32 1"   --->   Operation 32 'alloca' 'bucket_sizes_1998' <Predicate = true> <Delay = 0.00>
ST_1 : Operation 33 [1/1] (0.00ns)   --->   "%bucket_sizes_1999 = alloca i32 1"   --->   Operation 33 'alloca' 'bucket_sizes_1999' <Predicate = true> <Delay = 0.00>
ST_1 : Operation 34 [1/1] (0.00ns)   --->   "%bucket_sizes_2000 = alloca i32 1"   --->   Operation 34 'alloca' 'bucket_sizes_2000' <Predicate = true> <Delay = 0.00>
ST_1 : Operation 35 [1/1] (0.00ns)   --->   "%bucket_sizes_2001 = alloca i32 1"   --->   Operation 35 'alloca' 'bucket_sizes_2001' <Predicate = true> <Delay = 0.00>
ST_1 : Operation 36 [1/1] (0.00ns)   --->   "%bucket_sizes_2002 = alloca i32 1"   --->   Operation 36 'alloca' 'bucket_sizes_2002' <Predicate = true> <Delay = 0.00>
ST_1 : Operation 37 [1/1] (0.00ns)   --->   "%bucket_sizes_2003 = alloca i32 1"   --->   Operation 37 'alloca' 'bucket_sizes_2003' <Predicate = true> <Delay = 0.00>
ST_1 : Operation 38 [1/1] (0.00ns)   --->   "%bucket_sizes_2004 = alloca i32 1"   --->   Operation 38 'alloca' 'bucket_sizes_2004' <Predicate = true> <Delay = 0.00>
ST_1 : Operation 39 [1/1] (0.00ns)   --->   "%bucket_sizes_2005 = alloca i32 1"   --->   Operation 39 'alloca' 'bucket_sizes_2005' <Predicate = true> <Delay = 0.00>
ST_1 : Operation 40 [1/1] (0.00ns)   --->   "%bucket_sizes_2006 = alloca i32 1"   --->   Operation 40 'alloca' 'bucket_sizes_2006' <Predicate = true> <Delay = 0.00>
ST_1 : Operation 41 [1/1] (0.00ns)   --->   "%bucket_sizes_2007 = alloca i32 1"   --->   Operation 41 'alloca' 'bucket_sizes_2007' <Predicate = true> <Delay = 0.00>
ST_1 : Operation 42 [1/1] (0.00ns)   --->   "%bucket_sizes_2008 = alloca i32 1"   --->   Operation 42 'alloca' 'bucket_sizes_2008' <Predicate = true> <Delay = 0.00>
ST_1 : Operation 43 [1/1] (0.00ns)   --->   "%bucket_sizes_2009 = alloca i32 1"   --->   Operation 43 'alloca' 'bucket_sizes_2009' <Predicate = true> <Delay = 0.00>
ST_1 : Operation 44 [1/1] (0.00ns)   --->   "%bucket_sizes_2010 = alloca i32 1"   --->   Operation 44 'alloca' 'bucket_sizes_2010' <Predicate = true> <Delay = 0.00>
ST_1 : Operation 45 [1/1] (0.00ns)   --->   "%bucket_pointer_2876_loc = alloca i64 1"   --->   Operation 45 'alloca' 'bucket_pointer_2876_loc' <Predicate = true> <Delay = 0.00>
ST_1 : Operation 46 [1/1] (0.00ns)   --->   "%bucket_pointer_2877_loc = alloca i64 1"   --->   Operation 46 'alloca' 'bucket_pointer_2877_loc' <Predicate = true> <Delay = 0.00>
ST_1 : Operation 47 [1/1] (0.00ns)   --->   "%bucket_pointer_2878_loc = alloca i64 1"   --->   Operation 47 'alloca' 'bucket_pointer_2878_loc' <Predicate = true> <Delay = 0.00>
ST_1 : Operation 48 [1/1] (0.00ns)   --->   "%bucket_pointer_2879_loc = alloca i64 1"   --->   Operation 48 'alloca' 'bucket_pointer_2879_loc' <Predicate = true> <Delay = 0.00>
ST_1 : Operation 49 [1/1] (0.00ns)   --->   "%bucket_pointer_2880_loc = alloca i64 1"   --->   Operation 49 'alloca' 'bucket_pointer_2880_loc' <Predicate = true> <Delay = 0.00>
ST_1 : Operation 50 [1/1] (0.00ns)   --->   "%bucket_pointer_2881_loc = alloca i64 1"   --->   Operation 50 'alloca' 'bucket_pointer_2881_loc' <Predicate = true> <Delay = 0.00>
ST_1 : Operation 51 [1/1] (0.00ns)   --->   "%bucket_pointer_2882_loc = alloca i64 1"   --->   Operation 51 'alloca' 'bucket_pointer_2882_loc' <Predicate = true> <Delay = 0.00>
ST_1 : Operation 52 [1/1] (0.00ns)   --->   "%bucket_pointer_2883_loc = alloca i64 1"   --->   Operation 52 'alloca' 'bucket_pointer_2883_loc' <Predicate = true> <Delay = 0.00>
ST_1 : Operation 53 [1/1] (0.00ns)   --->   "%bucket_pointer_2884_loc = alloca i64 1"   --->   Operation 53 'alloca' 'bucket_pointer_2884_loc' <Predicate = true> <Delay = 0.00>
ST_1 : Operation 54 [1/1] (0.00ns)   --->   "%bucket_pointer_2885_loc = alloca i64 1"   --->   Operation 54 'alloca' 'bucket_pointer_2885_loc' <Predicate = true> <Delay = 0.00>
ST_1 : Operation 55 [1/1] (0.00ns)   --->   "%bucket_pointer_2886_loc = alloca i64 1"   --->   Operation 55 'alloca' 'bucket_pointer_2886_loc' <Predicate = true> <Delay = 0.00>
ST_1 : Operation 56 [1/1] (0.00ns)   --->   "%bucket_pointer_2887_loc = alloca i64 1"   --->   Operation 56 'alloca' 'bucket_pointer_2887_loc' <Predicate = true> <Delay = 0.00>
ST_1 : Operation 57 [1/1] (0.00ns)   --->   "%bucket_pointer_2888_loc = alloca i64 1"   --->   Operation 57 'alloca' 'bucket_pointer_2888_loc' <Predicate = true> <Delay = 0.00>
ST_1 : Operation 58 [1/1] (0.00ns)   --->   "%bucket_pointer_2889_loc = alloca i64 1"   --->   Operation 58 'alloca' 'bucket_pointer_2889_loc' <Predicate = true> <Delay = 0.00>
ST_1 : Operation 59 [1/1] (0.00ns)   --->   "%bucket_pointer_2890_loc = alloca i64 1"   --->   Operation 59 'alloca' 'bucket_pointer_2890_loc' <Predicate = true> <Delay = 0.00>
ST_1 : Operation 60 [1/1] (0.00ns)   --->   "%bucket_pointer_2891_loc = alloca i64 1"   --->   Operation 60 'alloca' 'bucket_pointer_2891_loc' <Predicate = true> <Delay = 0.00>
ST_1 : Operation 61 [1/1] (0.00ns)   --->   "%bucket_sizes_6461_loc = alloca i64 1"   --->   Operation 61 'alloca' 'bucket_sizes_6461_loc' <Predicate = true> <Delay = 0.00>
ST_1 : Operation 62 [1/1] (0.00ns)   --->   "%bucket_sizes_6462_loc = alloca i64 1"   --->   Operation 62 'alloca' 'bucket_sizes_6462_loc' <Predicate = true> <Delay = 0.00>
ST_1 : Operation 63 [1/1] (0.00ns)   --->   "%bucket_sizes_6463_loc = alloca i64 1"   --->   Operation 63 'alloca' 'bucket_sizes_6463_loc' <Predicate = true> <Delay = 0.00>
ST_1 : Operation 64 [1/1] (0.00ns)   --->   "%bucket_sizes_6464_loc = alloca i64 1"   --->   Operation 64 'alloca' 'bucket_sizes_6464_loc' <Predicate = true> <Delay = 0.00>
ST_1 : Operation 65 [1/1] (0.00ns)   --->   "%bucket_sizes_6465_loc = alloca i64 1"   --->   Operation 65 'alloca' 'bucket_sizes_6465_loc' <Predicate = true> <Delay = 0.00>
ST_1 : Operation 66 [1/1] (0.00ns)   --->   "%bucket_sizes_6466_loc = alloca i64 1"   --->   Operation 66 'alloca' 'bucket_sizes_6466_loc' <Predicate = true> <Delay = 0.00>
ST_1 : Operation 67 [1/1] (0.00ns)   --->   "%bucket_sizes_6467_loc = alloca i64 1"   --->   Operation 67 'alloca' 'bucket_sizes_6467_loc' <Predicate = true> <Delay = 0.00>
ST_1 : Operation 68 [1/1] (0.00ns)   --->   "%bucket_sizes_6468_loc = alloca i64 1"   --->   Operation 68 'alloca' 'bucket_sizes_6468_loc' <Predicate = true> <Delay = 0.00>
ST_1 : Operation 69 [1/1] (0.00ns)   --->   "%bucket_sizes_6469_loc = alloca i64 1"   --->   Operation 69 'alloca' 'bucket_sizes_6469_loc' <Predicate = true> <Delay = 0.00>
ST_1 : Operation 70 [1/1] (0.00ns)   --->   "%bucket_sizes_6470_loc = alloca i64 1"   --->   Operation 70 'alloca' 'bucket_sizes_6470_loc' <Predicate = true> <Delay = 0.00>
ST_1 : Operation 71 [1/1] (0.00ns)   --->   "%bucket_sizes_6471_loc = alloca i64 1"   --->   Operation 71 'alloca' 'bucket_sizes_6471_loc' <Predicate = true> <Delay = 0.00>
ST_1 : Operation 72 [1/1] (0.00ns)   --->   "%bucket_sizes_6472_loc = alloca i64 1"   --->   Operation 72 'alloca' 'bucket_sizes_6472_loc' <Predicate = true> <Delay = 0.00>
ST_1 : Operation 73 [1/1] (0.00ns)   --->   "%bucket_sizes_6473_loc = alloca i64 1"   --->   Operation 73 'alloca' 'bucket_sizes_6473_loc' <Predicate = true> <Delay = 0.00>
ST_1 : Operation 74 [1/1] (0.00ns)   --->   "%bucket_sizes_6474_loc = alloca i64 1"   --->   Operation 74 'alloca' 'bucket_sizes_6474_loc' <Predicate = true> <Delay = 0.00>
ST_1 : Operation 75 [1/1] (0.00ns)   --->   "%bucket_sizes_6475_loc = alloca i64 1"   --->   Operation 75 'alloca' 'bucket_sizes_6475_loc' <Predicate = true> <Delay = 0.00>
ST_1 : Operation 76 [1/1] (0.00ns)   --->   "%bucket_sizes_6476_loc = alloca i64 1"   --->   Operation 76 'alloca' 'bucket_sizes_6476_loc' <Predicate = true> <Delay = 0.00>
ST_1 : Operation 77 [1/1] (0.00ns)   --->   "%bucket_sizes_loc = alloca i64 1"   --->   Operation 77 'alloca' 'bucket_sizes_loc' <Predicate = true> <Delay = 0.00>
ST_1 : Operation 78 [1/1] (0.00ns)   --->   "%bucket_sizes_6381_loc = alloca i64 1"   --->   Operation 78 'alloca' 'bucket_sizes_6381_loc' <Predicate = true> <Delay = 0.00>
ST_1 : Operation 79 [1/1] (0.00ns)   --->   "%bucket_sizes_6382_loc = alloca i64 1"   --->   Operation 79 'alloca' 'bucket_sizes_6382_loc' <Predicate = true> <Delay = 0.00>
ST_1 : Operation 80 [1/1] (0.00ns)   --->   "%bucket_sizes_6383_loc = alloca i64 1"   --->   Operation 80 'alloca' 'bucket_sizes_6383_loc' <Predicate = true> <Delay = 0.00>
ST_1 : Operation 81 [1/1] (0.00ns)   --->   "%bucket_sizes_6384_loc = alloca i64 1"   --->   Operation 81 'alloca' 'bucket_sizes_6384_loc' <Predicate = true> <Delay = 0.00>
ST_1 : Operation 82 [1/1] (0.00ns)   --->   "%bucket_sizes_6385_loc = alloca i64 1"   --->   Operation 82 'alloca' 'bucket_sizes_6385_loc' <Predicate = true> <Delay = 0.00>
ST_1 : Operation 83 [1/1] (0.00ns)   --->   "%bucket_sizes_6386_loc = alloca i64 1"   --->   Operation 83 'alloca' 'bucket_sizes_6386_loc' <Predicate = true> <Delay = 0.00>
ST_1 : Operation 84 [1/1] (0.00ns)   --->   "%bucket_sizes_6387_loc = alloca i64 1"   --->   Operation 84 'alloca' 'bucket_sizes_6387_loc' <Predicate = true> <Delay = 0.00>
ST_1 : Operation 85 [1/1] (0.00ns)   --->   "%bucket_sizes_6388_loc = alloca i64 1"   --->   Operation 85 'alloca' 'bucket_sizes_6388_loc' <Predicate = true> <Delay = 0.00>
ST_1 : Operation 86 [1/1] (0.00ns)   --->   "%bucket_sizes_6389_loc = alloca i64 1"   --->   Operation 86 'alloca' 'bucket_sizes_6389_loc' <Predicate = true> <Delay = 0.00>
ST_1 : Operation 87 [1/1] (0.00ns)   --->   "%bucket_sizes_6390_loc = alloca i64 1"   --->   Operation 87 'alloca' 'bucket_sizes_6390_loc' <Predicate = true> <Delay = 0.00>
ST_1 : Operation 88 [1/1] (0.00ns)   --->   "%bucket_sizes_6391_loc = alloca i64 1"   --->   Operation 88 'alloca' 'bucket_sizes_6391_loc' <Predicate = true> <Delay = 0.00>
ST_1 : Operation 89 [1/1] (0.00ns)   --->   "%bucket_sizes_6392_loc = alloca i64 1"   --->   Operation 89 'alloca' 'bucket_sizes_6392_loc' <Predicate = true> <Delay = 0.00>
ST_1 : Operation 90 [1/1] (0.00ns)   --->   "%bucket_sizes_6393_loc = alloca i64 1"   --->   Operation 90 'alloca' 'bucket_sizes_6393_loc' <Predicate = true> <Delay = 0.00>
ST_1 : Operation 91 [1/1] (0.00ns)   --->   "%bucket_sizes_6394_loc = alloca i64 1"   --->   Operation 91 'alloca' 'bucket_sizes_6394_loc' <Predicate = true> <Delay = 0.00>
ST_1 : Operation 92 [1/1] (0.00ns)   --->   "%bucket_sizes_6395_loc = alloca i64 1"   --->   Operation 92 'alloca' 'bucket_sizes_6395_loc' <Predicate = true> <Delay = 0.00>
ST_1 : Operation 93 [1/1] (0.00ns)   --->   "%bucket = alloca i64 1" [sort_seperate_bucket/multi_radix_hex_kmerge.c:10]   --->   Operation 93 'alloca' 'bucket' <Predicate = true> <Delay = 0.00>
ST_1 : Operation 94 [2/2] (0.00ns)   --->   "%call_ln0 = call void @radix_sort_batch.26.1_Pipeline_1, i32 %bucket_sizes_6395_loc, i32 %bucket_sizes_6394_loc, i32 %bucket_sizes_6393_loc, i32 %bucket_sizes_6392_loc, i32 %bucket_sizes_6391_loc, i32 %bucket_sizes_6390_loc, i32 %bucket_sizes_6389_loc, i32 %bucket_sizes_6388_loc, i32 %bucket_sizes_6387_loc, i32 %bucket_sizes_6386_loc, i32 %bucket_sizes_6385_loc, i32 %bucket_sizes_6384_loc, i32 %bucket_sizes_6383_loc, i32 %bucket_sizes_6382_loc, i32 %bucket_sizes_6381_loc, i32 %bucket_sizes_loc"   --->   Operation 94 'call' 'call_ln0' <Predicate = true> <Delay = 0.00> <CoreType = "Generic">   --->   Core 0 '' <Latency = 0> <II = 1> <Delay = 1.00> <Generic> <Opcode : >
ST_1 : Operation 95 [1/1] (0.38ns)   --->   "%store_ln27 = store i32 0, i32 %bucket_num" [sort_seperate_bucket/multi_radix_hex_kmerge.c:27]   --->   Operation 95 'store' 'store_ln27' <Predicate = true> <Delay = 0.38>
ST_1 : Operation 96 [1/1] (0.38ns)   --->   "%store_ln27 = store i4 0, i4 %i" [sort_seperate_bucket/multi_radix_hex_kmerge.c:27]   --->   Operation 96 'store' 'store_ln27' <Predicate = true> <Delay = 0.38>

State 2 <SV = 1> <Delay = 1.02>
ST_2 : Operation 97 [1/2] (1.02ns)   --->   "%call_ln0 = call void @radix_sort_batch.26.1_Pipeline_1, i32 %bucket_sizes_6395_loc, i32 %bucket_sizes_6394_loc, i32 %bucket_sizes_6393_loc, i32 %bucket_sizes_6392_loc, i32 %bucket_sizes_6391_loc, i32 %bucket_sizes_6390_loc, i32 %bucket_sizes_6389_loc, i32 %bucket_sizes_6388_loc, i32 %bucket_sizes_6387_loc, i32 %bucket_sizes_6386_loc, i32 %bucket_sizes_6385_loc, i32 %bucket_sizes_6384_loc, i32 %bucket_sizes_6383_loc, i32 %bucket_sizes_6382_loc, i32 %bucket_sizes_6381_loc, i32 %bucket_sizes_loc"   --->   Operation 97 'call' 'call_ln0' <Predicate = true> <Delay = 1.02> <CoreType = "Generic">   --->   Core 0 '' <Latency = 0> <II = 1> <Delay = 1.00> <Generic> <Opcode : >

State 3 <SV = 2> <Delay = 0.38>
ST_3 : Operation 98 [1/1] (0.00ns)   --->   "%bucket_sizes_6395_loc_load = load i32 %bucket_sizes_6395_loc"   --->   Operation 98 'load' 'bucket_sizes_6395_loc_load' <Predicate = true> <Delay = 0.00>
ST_3 : Operation 99 [1/1] (0.00ns)   --->   "%bucket_sizes_6394_loc_load = load i32 %bucket_sizes_6394_loc"   --->   Operation 99 'load' 'bucket_sizes_6394_loc_load' <Predicate = true> <Delay = 0.00>
ST_3 : Operation 100 [1/1] (0.00ns)   --->   "%bucket_sizes_6393_loc_load = load i32 %bucket_sizes_6393_loc"   --->   Operation 100 'load' 'bucket_sizes_6393_loc_load' <Predicate = true> <Delay = 0.00>
ST_3 : Operation 101 [1/1] (0.00ns)   --->   "%bucket_sizes_6392_loc_load = load i32 %bucket_sizes_6392_loc"   --->   Operation 101 'load' 'bucket_sizes_6392_loc_load' <Predicate = true> <Delay = 0.00>
ST_3 : Operation 102 [1/1] (0.00ns)   --->   "%bucket_sizes_6391_loc_load = load i32 %bucket_sizes_6391_loc"   --->   Operation 102 'load' 'bucket_sizes_6391_loc_load' <Predicate = true> <Delay = 0.00>
ST_3 : Operation 103 [1/1] (0.00ns)   --->   "%bucket_sizes_6390_loc_load = load i32 %bucket_sizes_6390_loc"   --->   Operation 103 'load' 'bucket_sizes_6390_loc_load' <Predicate = true> <Delay = 0.00>
ST_3 : Operation 104 [1/1] (0.00ns)   --->   "%bucket_sizes_6389_loc_load = load i32 %bucket_sizes_6389_loc"   --->   Operation 104 'load' 'bucket_sizes_6389_loc_load' <Predicate = true> <Delay = 0.00>
ST_3 : Operation 105 [1/1] (0.00ns)   --->   "%bucket_sizes_6388_loc_load = load i32 %bucket_sizes_6388_loc"   --->   Operation 105 'load' 'bucket_sizes_6388_loc_load' <Predicate = true> <Delay = 0.00>
ST_3 : Operation 106 [1/1] (0.00ns)   --->   "%bucket_sizes_6387_loc_load = load i32 %bucket_sizes_6387_loc"   --->   Operation 106 'load' 'bucket_sizes_6387_loc_load' <Predicate = true> <Delay = 0.00>
ST_3 : Operation 107 [1/1] (0.00ns)   --->   "%bucket_sizes_6386_loc_load = load i32 %bucket_sizes_6386_loc"   --->   Operation 107 'load' 'bucket_sizes_6386_loc_load' <Predicate = true> <Delay = 0.00>
ST_3 : Operation 108 [1/1] (0.00ns)   --->   "%bucket_sizes_6385_loc_load = load i32 %bucket_sizes_6385_loc"   --->   Operation 108 'load' 'bucket_sizes_6385_loc_load' <Predicate = true> <Delay = 0.00>
ST_3 : Operation 109 [1/1] (0.00ns)   --->   "%bucket_sizes_6384_loc_load = load i32 %bucket_sizes_6384_loc"   --->   Operation 109 'load' 'bucket_sizes_6384_loc_load' <Predicate = true> <Delay = 0.00>
ST_3 : Operation 110 [1/1] (0.00ns)   --->   "%bucket_sizes_6383_loc_load = load i32 %bucket_sizes_6383_loc"   --->   Operation 110 'load' 'bucket_sizes_6383_loc_load' <Predicate = true> <Delay = 0.00>
ST_3 : Operation 111 [1/1] (0.00ns)   --->   "%bucket_sizes_6382_loc_load = load i32 %bucket_sizes_6382_loc"   --->   Operation 111 'load' 'bucket_sizes_6382_loc_load' <Predicate = true> <Delay = 0.00>
ST_3 : Operation 112 [1/1] (0.00ns)   --->   "%bucket_sizes_6381_loc_load = load i32 %bucket_sizes_6381_loc"   --->   Operation 112 'load' 'bucket_sizes_6381_loc_load' <Predicate = true> <Delay = 0.00>
ST_3 : Operation 113 [1/1] (0.00ns)   --->   "%bucket_sizes_loc_load = load i32 %bucket_sizes_loc"   --->   Operation 113 'load' 'bucket_sizes_loc_load' <Predicate = true> <Delay = 0.00>
ST_3 : Operation 114 [2/2] (0.38ns)   --->   "%call_ln0 = call void @radix_sort_batch.26.1_Pipeline_initialization, i32 %bucket_sizes_6395_loc_load, i32 %bucket_sizes_6394_loc_load, i32 %bucket_sizes_6393_loc_load, i32 %bucket_sizes_6392_loc_load, i32 %bucket_sizes_6391_loc_load, i32 %bucket_sizes_6390_loc_load, i32 %bucket_sizes_6389_loc_load, i32 %bucket_sizes_6388_loc_load, i32 %bucket_sizes_6387_loc_load, i32 %bucket_sizes_6386_loc_load, i32 %bucket_sizes_6385_loc_load, i32 %bucket_sizes_6384_loc_load, i32 %bucket_sizes_6383_loc_load, i32 %bucket_sizes_6382_loc_load, i32 %bucket_sizes_6381_loc_load, i32 %bucket_sizes_loc_load, i32 %bucket, i32 %input_25, i32 %bucket_sizes_2010, i32 %bucket_sizes_2009, i32 %bucket_sizes_2008, i32 %bucket_sizes_2007, i32 %bucket_sizes_2006, i32 %bucket_sizes_2005, i32 %bucket_sizes_2004, i32 %bucket_sizes_2003, i32 %bucket_sizes_2002, i32 %bucket_sizes_2001, i32 %bucket_sizes_2000, i32 %bucket_sizes_1999, i32 %bucket_sizes_1998, i32 %bucket_sizes_1997, i32 %bucket_sizes_1996, i32 %bucket_sizes"   --->   Operation 114 'call' 'call_ln0' <Predicate = true> <Delay = 0.38> <CoreType = "Generic">   --->   Core 0 '' <Latency = 0> <II = 1> <Delay = 1.00> <Generic> <Opcode : >

State 4 <SV = 3> <Delay = 0.00>
ST_4 : Operation 115 [1/1] (0.00ns)   --->   "%specinterface_ln0 = specinterface void @_ssdm_op_SpecInterface, i32 %input_25, void @empty_26, i32 0, i32 0, void @empty_25, i32 4294967295, i32 0, void @empty_25, void @empty_25, void @empty_25, i32 0, i32 0, i32 0, i32 0, void @empty_25, void @empty_25, i32 4294967295, i32 0"   --->   Operation 115 'specinterface' 'specinterface_ln0' <Predicate = true> <Delay = 0.00>
ST_4 : Operation 116 [1/2] (0.00ns)   --->   "%call_ln0 = call void @radix_sort_batch.26.1_Pipeline_initialization, i32 %bucket_sizes_6395_loc_load, i32 %bucket_sizes_6394_loc_load, i32 %bucket_sizes_6393_loc_load, i32 %bucket_sizes_6392_loc_load, i32 %bucket_sizes_6391_loc_load, i32 %bucket_sizes_6390_loc_load, i32 %bucket_sizes_6389_loc_load, i32 %bucket_sizes_6388_loc_load, i32 %bucket_sizes_6387_loc_load, i32 %bucket_sizes_6386_loc_load, i32 %bucket_sizes_6385_loc_load, i32 %bucket_sizes_6384_loc_load, i32 %bucket_sizes_6383_loc_load, i32 %bucket_sizes_6382_loc_load, i32 %bucket_sizes_6381_loc_load, i32 %bucket_sizes_loc_load, i32 %bucket, i32 %input_25, i32 %bucket_sizes_2010, i32 %bucket_sizes_2009, i32 %bucket_sizes_2008, i32 %bucket_sizes_2007, i32 %bucket_sizes_2006, i32 %bucket_sizes_2005, i32 %bucket_sizes_2004, i32 %bucket_sizes_2003, i32 %bucket_sizes_2002, i32 %bucket_sizes_2001, i32 %bucket_sizes_2000, i32 %bucket_sizes_1999, i32 %bucket_sizes_1998, i32 %bucket_sizes_1997, i32 %bucket_sizes_1996, i32 %bucket_sizes"   --->   Operation 116 'call' 'call_ln0' <Predicate = true> <Delay = 0.00> <CoreType = "Generic">   --->   Core 0 '' <Latency = 0> <II = 1> <Delay = 1.00> <Generic> <Opcode : >
ST_4 : Operation 117 [1/1] (0.00ns)   --->   "%br_ln27 = br void %bucket_pointer_initialization.i" [sort_seperate_bucket/multi_radix_hex_kmerge.c:27]   --->   Operation 117 'br' 'br_ln27' <Predicate = true> <Delay = 0.00>

State 5 <SV = 4> <Delay = 1.41>
ST_5 : Operation 118 [1/1] (0.00ns)   --->   "%i_89 = load i4 %i"   --->   Operation 118 'load' 'i_89' <Predicate = true> <Delay = 0.00>
ST_5 : Operation 119 [1/1] (0.65ns)   --->   "%icmp_ln27 = icmp_eq  i4 %i_89, i4 8" [sort_seperate_bucket/multi_radix_hex_kmerge.c:27]   --->   Operation 119 'icmp' 'icmp_ln27' <Predicate = true> <Delay = 0.65> <CoreInst = "Cmp">   --->   Core 9 'Cmp' <Latency = 0> <II = 1> <Delay = 0.65> <FuncUnit> <Opcode : 'icmp'> <InPorts = 2> <OutPorts = 1>
ST_5 : Operation 120 [1/1] (0.00ns)   --->   "%empty = speclooptripcount i32 @_ssdm_op_SpecLoopTripCount, i64 8, i64 8, i64 8"   --->   Operation 120 'speclooptripcount' 'empty' <Predicate = true> <Delay = 0.00>
ST_5 : Operation 121 [1/1] (0.70ns)   --->   "%i_90 = add i4 %i_89, i4 1" [sort_seperate_bucket/multi_radix_hex_kmerge.c:27]   --->   Operation 121 'add' 'i_90' <Predicate = true> <Delay = 0.70> <CoreInst = "Adder">   --->   Core 1 'Adder' <Latency = 0> <II = 1> <Delay = 0.70> <FuncUnit> <Opcode : 'add' 'sub'> <InPorts = 2> <OutPorts = 1>
ST_5 : Operation 122 [1/1] (0.00ns)   --->   "%br_ln27 = br i1 %icmp_ln27, void %xlx_merge_loop.bucket_pointer_initialization.25_begin, void %for.inc79.i.preheader" [sort_seperate_bucket/multi_radix_hex_kmerge.c:27]   --->   Operation 122 'br' 'br_ln27' <Predicate = true> <Delay = 0.00>
ST_5 : Operation 123 [1/1] (0.00ns)   --->   "%bucket_num_load = load i32 %bucket_num" [sort_seperate_bucket/multi_radix_hex_kmerge.c:43]   --->   Operation 123 'load' 'bucket_num_load' <Predicate = (!icmp_ln27)> <Delay = 0.00>
ST_5 : Operation 124 [1/1] (0.00ns)   --->   "%bucket_pointer_load = load i32 %bucket_pointer"   --->   Operation 124 'load' 'bucket_pointer_load' <Predicate = (!icmp_ln27)> <Delay = 0.00>
ST_5 : Operation 125 [1/1] (0.00ns)   --->   "%bucket_pointer_1516_load = load i32 %bucket_pointer_1516"   --->   Operation 125 'load' 'bucket_pointer_1516_load' <Predicate = (!icmp_ln27)> <Delay = 0.00>
ST_5 : Operation 126 [1/1] (0.00ns)   --->   "%bucket_pointer_1517_load = load i32 %bucket_pointer_1517"   --->   Operation 126 'load' 'bucket_pointer_1517_load' <Predicate = (!icmp_ln27)> <Delay = 0.00>
ST_5 : Operation 127 [1/1] (0.00ns)   --->   "%bucket_pointer_1518_load = load i32 %bucket_pointer_1518"   --->   Operation 127 'load' 'bucket_pointer_1518_load' <Predicate = (!icmp_ln27)> <Delay = 0.00>
ST_5 : Operation 128 [1/1] (0.00ns)   --->   "%bucket_pointer_1519_load = load i32 %bucket_pointer_1519"   --->   Operation 128 'load' 'bucket_pointer_1519_load' <Predicate = (!icmp_ln27)> <Delay = 0.00>
ST_5 : Operation 129 [1/1] (0.00ns)   --->   "%bucket_pointer_1520_load = load i32 %bucket_pointer_1520"   --->   Operation 129 'load' 'bucket_pointer_1520_load' <Predicate = (!icmp_ln27)> <Delay = 0.00>
ST_5 : Operation 130 [1/1] (0.00ns)   --->   "%bucket_pointer_1521_load = load i32 %bucket_pointer_1521"   --->   Operation 130 'load' 'bucket_pointer_1521_load' <Predicate = (!icmp_ln27)> <Delay = 0.00>
ST_5 : Operation 131 [1/1] (0.00ns)   --->   "%bucket_pointer_1522_load = load i32 %bucket_pointer_1522"   --->   Operation 131 'load' 'bucket_pointer_1522_load' <Predicate = (!icmp_ln27)> <Delay = 0.00>
ST_5 : Operation 132 [1/1] (0.00ns)   --->   "%bucket_pointer_1523_load = load i32 %bucket_pointer_1523"   --->   Operation 132 'load' 'bucket_pointer_1523_load' <Predicate = (!icmp_ln27)> <Delay = 0.00>
ST_5 : Operation 133 [1/1] (0.00ns)   --->   "%bucket_pointer_1524_load = load i32 %bucket_pointer_1524"   --->   Operation 133 'load' 'bucket_pointer_1524_load' <Predicate = (!icmp_ln27)> <Delay = 0.00>
ST_5 : Operation 134 [1/1] (0.00ns)   --->   "%bucket_pointer_1525_load = load i32 %bucket_pointer_1525"   --->   Operation 134 'load' 'bucket_pointer_1525_load' <Predicate = (!icmp_ln27)> <Delay = 0.00>
ST_5 : Operation 135 [1/1] (0.00ns)   --->   "%bucket_pointer_1526_load = load i32 %bucket_pointer_1526"   --->   Operation 135 'load' 'bucket_pointer_1526_load' <Predicate = (!icmp_ln27)> <Delay = 0.00>
ST_5 : Operation 136 [1/1] (0.00ns)   --->   "%bucket_pointer_1527_load = load i32 %bucket_pointer_1527"   --->   Operation 136 'load' 'bucket_pointer_1527_load' <Predicate = (!icmp_ln27)> <Delay = 0.00>
ST_5 : Operation 137 [1/1] (0.00ns)   --->   "%bucket_pointer_1528_load = load i32 %bucket_pointer_1528"   --->   Operation 137 'load' 'bucket_pointer_1528_load' <Predicate = (!icmp_ln27)> <Delay = 0.00>
ST_5 : Operation 138 [1/1] (0.00ns)   --->   "%bucket_pointer_1529_load = load i32 %bucket_pointer_1529"   --->   Operation 138 'load' 'bucket_pointer_1529_load' <Predicate = (!icmp_ln27)> <Delay = 0.00>
ST_5 : Operation 139 [1/1] (0.00ns)   --->   "%bucket_pointer_1530_load = load i32 %bucket_pointer_1530"   --->   Operation 139 'load' 'bucket_pointer_1530_load' <Predicate = (!icmp_ln27)> <Delay = 0.00>
ST_5 : Operation 140 [1/1] (0.00ns)   --->   "%bucket_sizes_load = load i32 %bucket_sizes"   --->   Operation 140 'load' 'bucket_sizes_load' <Predicate = (!icmp_ln27)> <Delay = 0.00>
ST_5 : Operation 141 [1/1] (0.00ns)   --->   "%bucket_sizes_1996_load = load i32 %bucket_sizes_1996"   --->   Operation 141 'load' 'bucket_sizes_1996_load' <Predicate = (!icmp_ln27)> <Delay = 0.00>
ST_5 : Operation 142 [1/1] (0.00ns)   --->   "%bucket_sizes_1997_load = load i32 %bucket_sizes_1997"   --->   Operation 142 'load' 'bucket_sizes_1997_load' <Predicate = (!icmp_ln27)> <Delay = 0.00>
ST_5 : Operation 143 [1/1] (0.00ns)   --->   "%bucket_sizes_1998_load = load i32 %bucket_sizes_1998"   --->   Operation 143 'load' 'bucket_sizes_1998_load' <Predicate = (!icmp_ln27)> <Delay = 0.00>
ST_5 : Operation 144 [1/1] (0.00ns)   --->   "%bucket_sizes_1999_load = load i32 %bucket_sizes_1999"   --->   Operation 144 'load' 'bucket_sizes_1999_load' <Predicate = (!icmp_ln27)> <Delay = 0.00>
ST_5 : Operation 145 [1/1] (0.00ns)   --->   "%bucket_sizes_2000_load = load i32 %bucket_sizes_2000"   --->   Operation 145 'load' 'bucket_sizes_2000_load' <Predicate = (!icmp_ln27)> <Delay = 0.00>
ST_5 : Operation 146 [1/1] (0.00ns)   --->   "%bucket_sizes_2001_load = load i32 %bucket_sizes_2001"   --->   Operation 146 'load' 'bucket_sizes_2001_load' <Predicate = (!icmp_ln27)> <Delay = 0.00>
ST_5 : Operation 147 [1/1] (0.00ns)   --->   "%bucket_sizes_2002_load = load i32 %bucket_sizes_2002"   --->   Operation 147 'load' 'bucket_sizes_2002_load' <Predicate = (!icmp_ln27)> <Delay = 0.00>
ST_5 : Operation 148 [1/1] (0.00ns)   --->   "%bucket_sizes_2003_load = load i32 %bucket_sizes_2003"   --->   Operation 148 'load' 'bucket_sizes_2003_load' <Predicate = (!icmp_ln27)> <Delay = 0.00>
ST_5 : Operation 149 [1/1] (0.00ns)   --->   "%bucket_sizes_2004_load = load i32 %bucket_sizes_2004"   --->   Operation 149 'load' 'bucket_sizes_2004_load' <Predicate = (!icmp_ln27)> <Delay = 0.00>
ST_5 : Operation 150 [1/1] (0.00ns)   --->   "%bucket_sizes_2005_load = load i32 %bucket_sizes_2005"   --->   Operation 150 'load' 'bucket_sizes_2005_load' <Predicate = (!icmp_ln27)> <Delay = 0.00>
ST_5 : Operation 151 [1/1] (0.00ns)   --->   "%bucket_sizes_2006_load = load i32 %bucket_sizes_2006"   --->   Operation 151 'load' 'bucket_sizes_2006_load' <Predicate = (!icmp_ln27)> <Delay = 0.00>
ST_5 : Operation 152 [1/1] (0.00ns)   --->   "%bucket_sizes_2007_load = load i32 %bucket_sizes_2007"   --->   Operation 152 'load' 'bucket_sizes_2007_load' <Predicate = (!icmp_ln27)> <Delay = 0.00>
ST_5 : Operation 153 [1/1] (0.00ns)   --->   "%bucket_sizes_2008_load = load i32 %bucket_sizes_2008"   --->   Operation 153 'load' 'bucket_sizes_2008_load' <Predicate = (!icmp_ln27)> <Delay = 0.00>
ST_5 : Operation 154 [1/1] (0.00ns)   --->   "%bucket_sizes_2009_load = load i32 %bucket_sizes_2009"   --->   Operation 154 'load' 'bucket_sizes_2009_load' <Predicate = (!icmp_ln27)> <Delay = 0.00>
ST_5 : Operation 155 [1/1] (0.00ns)   --->   "%bucket_sizes_2010_load = load i32 %bucket_sizes_2010"   --->   Operation 155 'load' 'bucket_sizes_2010_load' <Predicate = (!icmp_ln27)> <Delay = 0.00>
ST_5 : Operation 156 [2/2] (0.38ns)   --->   "%call_ln0 = call void @radix_sort_batch.26.1_Pipeline_bucket_pointer_initialization, i32 %bucket_sizes_2010_load, i32 %bucket_sizes_2009_load, i32 %bucket_sizes_2008_load, i32 %bucket_sizes_2007_load, i32 %bucket_sizes_2006_load, i32 %bucket_sizes_2005_load, i32 %bucket_sizes_2004_load, i32 %bucket_sizes_2003_load, i32 %bucket_sizes_2002_load, i32 %bucket_sizes_2001_load, i32 %bucket_sizes_2000_load, i32 %bucket_sizes_1999_load, i32 %bucket_sizes_1998_load, i32 %bucket_sizes_1997_load, i32 %bucket_sizes_1996_load, i32 %bucket_sizes_load, i32 %bucket_pointer_1530_load, i32 %bucket_pointer_1529_load, i32 %bucket_pointer_1528_load, i32 %bucket_pointer_1527_load, i32 %bucket_pointer_1526_load, i32 %bucket_pointer_1525_load, i32 %bucket_pointer_1524_load, i32 %bucket_pointer_1523_load, i32 %bucket_pointer_1522_load, i32 %bucket_pointer_1521_load, i32 %bucket_pointer_1520_load, i32 %bucket_pointer_1519_load, i32 %bucket_pointer_1518_load, i32 %bucket_pointer_1517_load, i32 %bucket_pointer_1516_load, i32 %bucket_pointer_load, i32 %bucket_sizes_6476_loc, i32 %bucket_sizes_6475_loc, i32 %bucket_sizes_6474_loc, i32 %bucket_sizes_6473_loc, i32 %bucket_sizes_6472_loc, i32 %bucket_sizes_6471_loc, i32 %bucket_sizes_6470_loc, i32 %bucket_sizes_6469_loc, i32 %bucket_sizes_6468_loc, i32 %bucket_sizes_6467_loc, i32 %bucket_sizes_6466_loc, i32 %bucket_sizes_6465_loc, i32 %bucket_sizes_6464_loc, i32 %bucket_sizes_6463_loc, i32 %bucket_sizes_6462_loc, i32 %bucket_sizes_6461_loc, i32 %bucket_pointer_2891_loc, i32 %bucket_pointer_2890_loc, i32 %bucket_pointer_2889_loc, i32 %bucket_pointer_2888_loc, i32 %bucket_pointer_2887_loc, i32 %bucket_pointer_2886_loc, i32 %bucket_pointer_2885_loc, i32 %bucket_pointer_2884_loc, i32 %bucket_pointer_2883_loc, i32 %bucket_pointer_2882_loc, i32 %bucket_pointer_2881_loc, i32 %bucket_pointer_2880_loc, i32 %bucket_pointer_2879_loc, i32 %bucket_pointer_2878_loc, i32 %bucket_pointer_2877_loc, i32 %bucket_pointer_2876_loc"   --->   Operation 156 'call' 'call_ln0' <Predicate = (!icmp_ln27)> <Delay = 0.38> <CoreType = "Generic">   --->   Core 0 '' <Latency = 0> <II = 1> <Delay = 1.00> <Generic> <Opcode : >
ST_5 : Operation 157 [1/1] (0.88ns)   --->   "%bucket_num_45 = sub i32 1, i32 %bucket_num_load" [sort_seperate_bucket/multi_radix_hex_kmerge.c:43]   --->   Operation 157 'sub' 'bucket_num_45' <Predicate = (!icmp_ln27)> <Delay = 0.88> <CoreInst = "Adder">   --->   Core 1 'Adder' <Latency = 0> <II = 1> <Delay = 0.88> <FuncUnit> <Opcode : 'add' 'sub'> <InPorts = 2> <OutPorts = 1>
ST_5 : Operation 158 [1/1] (0.00ns)   --->   "%trunc_ln41 = trunc i32 %bucket_num_45" [sort_seperate_bucket/multi_radix_hex_kmerge.c:41]   --->   Operation 158 'trunc' 'trunc_ln41' <Predicate = (!icmp_ln27)> <Delay = 0.00>
ST_5 : Operation 159 [4/4] (0.53ns) (root node of the DSP)   --->   "%mul_ln41 = mul i15 %trunc_ln41, i15 15625" [sort_seperate_bucket/multi_radix_hex_kmerge.c:41]   --->   Operation 159 'mul' 'mul_ln41' <Predicate = (!icmp_ln27)> <Delay = 0.53> <CoreInst = "DSP48">   --->   Core 127 'DSP48' <Latency = 3> <II = 1> <Delay = 0.53> <IPBlock> <Opcode : 'mul' 'add' 'sub' 'select'> <InPorts = 0> <OutPorts = 1> <Sync> <CReg>
ST_5 : Operation 160 [1/1] (0.00ns)   --->   "%empty_261 = trunc i4 %i_89"   --->   Operation 160 'trunc' 'empty_261' <Predicate = (!icmp_ln27)> <Delay = 0.00>
ST_5 : Operation 161 [1/1] (0.00ns)   --->   "%trunc_ln43 = trunc i32 %bucket_num_load" [sort_seperate_bucket/multi_radix_hex_kmerge.c:43]   --->   Operation 161 'trunc' 'trunc_ln43' <Predicate = (!icmp_ln27)> <Delay = 0.00>
ST_5 : Operation 162 [4/4] (0.53ns) (root node of the DSP)   --->   "%mul_ln43 = mul i15 %trunc_ln43, i15 15625" [sort_seperate_bucket/multi_radix_hex_kmerge.c:43]   --->   Operation 162 'mul' 'mul_ln43' <Predicate = (!icmp_ln27)> <Delay = 0.53> <CoreInst = "DSP48">   --->   Core 127 'DSP48' <Latency = 3> <II = 1> <Delay = 0.53> <IPBlock> <Opcode : 'mul' 'add' 'sub' 'select'> <InPorts = 0> <OutPorts = 1> <Sync> <CReg>
ST_5 : Operation 163 [1/1] (0.38ns)   --->   "%store_ln27 = store i32 %bucket_num_45, i32 %bucket_num" [sort_seperate_bucket/multi_radix_hex_kmerge.c:27]   --->   Operation 163 'store' 'store_ln27' <Predicate = (!icmp_ln27)> <Delay = 0.38>
ST_5 : Operation 164 [1/1] (0.38ns)   --->   "%store_ln27 = store i4 %i_90, i4 %i" [sort_seperate_bucket/multi_radix_hex_kmerge.c:27]   --->   Operation 164 'store' 'store_ln27' <Predicate = (!icmp_ln27)> <Delay = 0.38>
ST_5 : Operation 165 [2/2] (0.00ns)   --->   "%call_ln0 = call void @radix_sort_batch.26.1_Pipeline_output_bucket, i32 %bucket, i32 %multi_radix_hex_kmerge_temp0_25"   --->   Operation 165 'call' 'call_ln0' <Predicate = (icmp_ln27)> <Delay = 0.00> <CoreType = "Generic">   --->   Core 0 '' <Latency = 0> <II = 1> <Delay = 1.00> <Generic> <Opcode : >

State 6 <SV = 5> <Delay = 0.63>
ST_6 : Operation 166 [1/2] (0.63ns)   --->   "%call_ln0 = call void @radix_sort_batch.26.1_Pipeline_bucket_pointer_initialization, i32 %bucket_sizes_2010_load, i32 %bucket_sizes_2009_load, i32 %bucket_sizes_2008_load, i32 %bucket_sizes_2007_load, i32 %bucket_sizes_2006_load, i32 %bucket_sizes_2005_load, i32 %bucket_sizes_2004_load, i32 %bucket_sizes_2003_load, i32 %bucket_sizes_2002_load, i32 %bucket_sizes_2001_load, i32 %bucket_sizes_2000_load, i32 %bucket_sizes_1999_load, i32 %bucket_sizes_1998_load, i32 %bucket_sizes_1997_load, i32 %bucket_sizes_1996_load, i32 %bucket_sizes_load, i32 %bucket_pointer_1530_load, i32 %bucket_pointer_1529_load, i32 %bucket_pointer_1528_load, i32 %bucket_pointer_1527_load, i32 %bucket_pointer_1526_load, i32 %bucket_pointer_1525_load, i32 %bucket_pointer_1524_load, i32 %bucket_pointer_1523_load, i32 %bucket_pointer_1522_load, i32 %bucket_pointer_1521_load, i32 %bucket_pointer_1520_load, i32 %bucket_pointer_1519_load, i32 %bucket_pointer_1518_load, i32 %bucket_pointer_1517_load, i32 %bucket_pointer_1516_load, i32 %bucket_pointer_load, i32 %bucket_sizes_6476_loc, i32 %bucket_sizes_6475_loc, i32 %bucket_sizes_6474_loc, i32 %bucket_sizes_6473_loc, i32 %bucket_sizes_6472_loc, i32 %bucket_sizes_6471_loc, i32 %bucket_sizes_6470_loc, i32 %bucket_sizes_6469_loc, i32 %bucket_sizes_6468_loc, i32 %bucket_sizes_6467_loc, i32 %bucket_sizes_6466_loc, i32 %bucket_sizes_6465_loc, i32 %bucket_sizes_6464_loc, i32 %bucket_sizes_6463_loc, i32 %bucket_sizes_6462_loc, i32 %bucket_sizes_6461_loc, i32 %bucket_pointer_2891_loc, i32 %bucket_pointer_2890_loc, i32 %bucket_pointer_2889_loc, i32 %bucket_pointer_2888_loc, i32 %bucket_pointer_2887_loc, i32 %bucket_pointer_2886_loc, i32 %bucket_pointer_2885_loc, i32 %bucket_pointer_2884_loc, i32 %bucket_pointer_2883_loc, i32 %bucket_pointer_2882_loc, i32 %bucket_pointer_2881_loc, i32 %bucket_pointer_2880_loc, i32 %bucket_pointer_2879_loc, i32 %bucket_pointer_2878_loc, i32 %bucket_pointer_2877_loc, i32 %bucket_pointer_2876_loc"   --->   Operation 166 'call' 'call_ln0' <Predicate = true> <Delay = 0.63> <CoreType = "Generic">   --->   Core 0 '' <Latency = 0> <II = 1> <Delay = 1.00> <Generic> <Opcode : >
ST_6 : Operation 167 [3/4] (0.53ns) (root node of the DSP)   --->   "%mul_ln41 = mul i15 %trunc_ln41, i15 15625" [sort_seperate_bucket/multi_radix_hex_kmerge.c:41]   --->   Operation 167 'mul' 'mul_ln41' <Predicate = true> <Delay = 0.53> <CoreInst = "DSP48">   --->   Core 127 'DSP48' <Latency = 3> <II = 1> <Delay = 0.53> <IPBlock> <Opcode : 'mul' 'add' 'sub' 'select'> <InPorts = 0> <OutPorts = 1> <Sync> <CReg>
ST_6 : Operation 168 [3/4] (0.53ns) (root node of the DSP)   --->   "%mul_ln43 = mul i15 %trunc_ln43, i15 15625" [sort_seperate_bucket/multi_radix_hex_kmerge.c:43]   --->   Operation 168 'mul' 'mul_ln43' <Predicate = true> <Delay = 0.53> <CoreInst = "DSP48">   --->   Core 127 'DSP48' <Latency = 3> <II = 1> <Delay = 0.53> <IPBlock> <Opcode : 'mul' 'add' 'sub' 'select'> <InPorts = 0> <OutPorts = 1> <Sync> <CReg>

State 7 <SV = 6> <Delay = 0.53>
ST_7 : Operation 169 [2/4] (0.53ns) (root node of the DSP)   --->   "%mul_ln41 = mul i15 %trunc_ln41, i15 15625" [sort_seperate_bucket/multi_radix_hex_kmerge.c:41]   --->   Operation 169 'mul' 'mul_ln41' <Predicate = true> <Delay = 0.53> <CoreInst = "DSP48">   --->   Core 127 'DSP48' <Latency = 3> <II = 1> <Delay = 0.53> <IPBlock> <Opcode : 'mul' 'add' 'sub' 'select'> <InPorts = 0> <OutPorts = 1> <Sync> <CReg>
ST_7 : Operation 170 [2/4] (0.53ns) (root node of the DSP)   --->   "%mul_ln43 = mul i15 %trunc_ln43, i15 15625" [sort_seperate_bucket/multi_radix_hex_kmerge.c:43]   --->   Operation 170 'mul' 'mul_ln43' <Predicate = true> <Delay = 0.53> <CoreInst = "DSP48">   --->   Core 127 'DSP48' <Latency = 3> <II = 1> <Delay = 0.53> <IPBlock> <Opcode : 'mul' 'add' 'sub' 'select'> <InPorts = 0> <OutPorts = 1> <Sync> <CReg>

State 8 <SV = 7> <Delay = 2.02>
ST_8 : Operation 171 [1/1] (0.00ns)   --->   "%bucket_sizes_6476_loc_load = load i32 %bucket_sizes_6476_loc"   --->   Operation 171 'load' 'bucket_sizes_6476_loc_load' <Predicate = true> <Delay = 0.00>
ST_8 : Operation 172 [1/1] (0.00ns)   --->   "%bucket_sizes_6475_loc_load = load i32 %bucket_sizes_6475_loc"   --->   Operation 172 'load' 'bucket_sizes_6475_loc_load' <Predicate = true> <Delay = 0.00>
ST_8 : Operation 173 [1/1] (0.00ns)   --->   "%bucket_sizes_6474_loc_load = load i32 %bucket_sizes_6474_loc"   --->   Operation 173 'load' 'bucket_sizes_6474_loc_load' <Predicate = true> <Delay = 0.00>
ST_8 : Operation 174 [1/1] (0.00ns)   --->   "%bucket_sizes_6473_loc_load = load i32 %bucket_sizes_6473_loc"   --->   Operation 174 'load' 'bucket_sizes_6473_loc_load' <Predicate = true> <Delay = 0.00>
ST_8 : Operation 175 [1/1] (0.00ns)   --->   "%bucket_sizes_6472_loc_load = load i32 %bucket_sizes_6472_loc"   --->   Operation 175 'load' 'bucket_sizes_6472_loc_load' <Predicate = true> <Delay = 0.00>
ST_8 : Operation 176 [1/1] (0.00ns)   --->   "%bucket_sizes_6471_loc_load = load i32 %bucket_sizes_6471_loc"   --->   Operation 176 'load' 'bucket_sizes_6471_loc_load' <Predicate = true> <Delay = 0.00>
ST_8 : Operation 177 [1/1] (0.00ns)   --->   "%bucket_sizes_6470_loc_load = load i32 %bucket_sizes_6470_loc"   --->   Operation 177 'load' 'bucket_sizes_6470_loc_load' <Predicate = true> <Delay = 0.00>
ST_8 : Operation 178 [1/1] (0.00ns)   --->   "%bucket_sizes_6469_loc_load = load i32 %bucket_sizes_6469_loc"   --->   Operation 178 'load' 'bucket_sizes_6469_loc_load' <Predicate = true> <Delay = 0.00>
ST_8 : Operation 179 [1/1] (0.00ns)   --->   "%bucket_sizes_6468_loc_load = load i32 %bucket_sizes_6468_loc"   --->   Operation 179 'load' 'bucket_sizes_6468_loc_load' <Predicate = true> <Delay = 0.00>
ST_8 : Operation 180 [1/1] (0.00ns)   --->   "%bucket_sizes_6467_loc_load = load i32 %bucket_sizes_6467_loc"   --->   Operation 180 'load' 'bucket_sizes_6467_loc_load' <Predicate = true> <Delay = 0.00>
ST_8 : Operation 181 [1/1] (0.00ns)   --->   "%bucket_sizes_6466_loc_load = load i32 %bucket_sizes_6466_loc"   --->   Operation 181 'load' 'bucket_sizes_6466_loc_load' <Predicate = true> <Delay = 0.00>
ST_8 : Operation 182 [1/1] (0.00ns)   --->   "%bucket_sizes_6465_loc_load = load i32 %bucket_sizes_6465_loc"   --->   Operation 182 'load' 'bucket_sizes_6465_loc_load' <Predicate = true> <Delay = 0.00>
ST_8 : Operation 183 [1/1] (0.00ns)   --->   "%bucket_sizes_6464_loc_load = load i32 %bucket_sizes_6464_loc"   --->   Operation 183 'load' 'bucket_sizes_6464_loc_load' <Predicate = true> <Delay = 0.00>
ST_8 : Operation 184 [1/1] (0.00ns)   --->   "%bucket_sizes_6463_loc_load = load i32 %bucket_sizes_6463_loc"   --->   Operation 184 'load' 'bucket_sizes_6463_loc_load' <Predicate = true> <Delay = 0.00>
ST_8 : Operation 185 [1/1] (0.00ns)   --->   "%bucket_sizes_6462_loc_load = load i32 %bucket_sizes_6462_loc"   --->   Operation 185 'load' 'bucket_sizes_6462_loc_load' <Predicate = true> <Delay = 0.00>
ST_8 : Operation 186 [1/1] (0.00ns)   --->   "%bucket_sizes_6461_loc_load = load i32 %bucket_sizes_6461_loc"   --->   Operation 186 'load' 'bucket_sizes_6461_loc_load' <Predicate = true> <Delay = 0.00>
ST_8 : Operation 187 [1/1] (0.00ns)   --->   "%bucket_pointer_2891_loc_load = load i32 %bucket_pointer_2891_loc"   --->   Operation 187 'load' 'bucket_pointer_2891_loc_load' <Predicate = true> <Delay = 0.00>
ST_8 : Operation 188 [1/1] (0.00ns)   --->   "%bucket_pointer_2890_loc_load = load i32 %bucket_pointer_2890_loc"   --->   Operation 188 'load' 'bucket_pointer_2890_loc_load' <Predicate = true> <Delay = 0.00>
ST_8 : Operation 189 [1/1] (0.00ns)   --->   "%bucket_pointer_2889_loc_load = load i32 %bucket_pointer_2889_loc"   --->   Operation 189 'load' 'bucket_pointer_2889_loc_load' <Predicate = true> <Delay = 0.00>
ST_8 : Operation 190 [1/1] (0.00ns)   --->   "%bucket_pointer_2888_loc_load = load i32 %bucket_pointer_2888_loc"   --->   Operation 190 'load' 'bucket_pointer_2888_loc_load' <Predicate = true> <Delay = 0.00>
ST_8 : Operation 191 [1/1] (0.00ns)   --->   "%bucket_pointer_2887_loc_load = load i32 %bucket_pointer_2887_loc"   --->   Operation 191 'load' 'bucket_pointer_2887_loc_load' <Predicate = true> <Delay = 0.00>
ST_8 : Operation 192 [1/1] (0.00ns)   --->   "%bucket_pointer_2886_loc_load = load i32 %bucket_pointer_2886_loc"   --->   Operation 192 'load' 'bucket_pointer_2886_loc_load' <Predicate = true> <Delay = 0.00>
ST_8 : Operation 193 [1/1] (0.00ns)   --->   "%bucket_pointer_2885_loc_load = load i32 %bucket_pointer_2885_loc"   --->   Operation 193 'load' 'bucket_pointer_2885_loc_load' <Predicate = true> <Delay = 0.00>
ST_8 : Operation 194 [1/1] (0.00ns)   --->   "%bucket_pointer_2884_loc_load = load i32 %bucket_pointer_2884_loc"   --->   Operation 194 'load' 'bucket_pointer_2884_loc_load' <Predicate = true> <Delay = 0.00>
ST_8 : Operation 195 [1/1] (0.00ns)   --->   "%bucket_pointer_2883_loc_load = load i32 %bucket_pointer_2883_loc"   --->   Operation 195 'load' 'bucket_pointer_2883_loc_load' <Predicate = true> <Delay = 0.00>
ST_8 : Operation 196 [1/1] (0.00ns)   --->   "%bucket_pointer_2882_loc_load = load i32 %bucket_pointer_2882_loc"   --->   Operation 196 'load' 'bucket_pointer_2882_loc_load' <Predicate = true> <Delay = 0.00>
ST_8 : Operation 197 [1/1] (0.00ns)   --->   "%bucket_pointer_2881_loc_load = load i32 %bucket_pointer_2881_loc"   --->   Operation 197 'load' 'bucket_pointer_2881_loc_load' <Predicate = true> <Delay = 0.00>
ST_8 : Operation 198 [1/1] (0.00ns)   --->   "%bucket_pointer_2880_loc_load = load i32 %bucket_pointer_2880_loc"   --->   Operation 198 'load' 'bucket_pointer_2880_loc_load' <Predicate = true> <Delay = 0.00>
ST_8 : Operation 199 [1/1] (0.00ns)   --->   "%bucket_pointer_2879_loc_load = load i32 %bucket_pointer_2879_loc"   --->   Operation 199 'load' 'bucket_pointer_2879_loc_load' <Predicate = true> <Delay = 0.00>
ST_8 : Operation 200 [1/1] (0.00ns)   --->   "%bucket_pointer_2878_loc_load = load i32 %bucket_pointer_2878_loc"   --->   Operation 200 'load' 'bucket_pointer_2878_loc_load' <Predicate = true> <Delay = 0.00>
ST_8 : Operation 201 [1/1] (0.00ns)   --->   "%bucket_pointer_2877_loc_load = load i32 %bucket_pointer_2877_loc"   --->   Operation 201 'load' 'bucket_pointer_2877_loc_load' <Predicate = true> <Delay = 0.00>
ST_8 : Operation 202 [1/1] (0.00ns)   --->   "%bucket_pointer_2876_loc_load = load i32 %bucket_pointer_2876_loc"   --->   Operation 202 'load' 'bucket_pointer_2876_loc_load' <Predicate = true> <Delay = 0.00>
ST_8 : Operation 203 [1/4] (0.00ns) (root node of the DSP)   --->   "%mul_ln41 = mul i15 %trunc_ln41, i15 15625" [sort_seperate_bucket/multi_radix_hex_kmerge.c:41]   --->   Operation 203 'mul' 'mul_ln41' <Predicate = true> <Delay = 0.00> <CoreInst = "DSP48">   --->   Core 127 'DSP48' <Latency = 3> <II = 1> <Delay = 0.53> <IPBlock> <Opcode : 'mul' 'add' 'sub' 'select'> <InPorts = 0> <OutPorts = 1> <Sync> <CReg>
ST_8 : Operation 204 [1/1] (0.00ns)   --->   "%mul_i = bitconcatenate i5 @_ssdm_op_BitConcatenate.i5.i3.i2, i3 %empty_261, i2 0"   --->   Operation 204 'bitconcatenate' 'mul_i' <Predicate = true> <Delay = 0.00>
ST_8 : Operation 205 [1/4] (0.00ns) (root node of the DSP)   --->   "%mul_ln43 = mul i15 %trunc_ln43, i15 15625" [sort_seperate_bucket/multi_radix_hex_kmerge.c:43]   --->   Operation 205 'mul' 'mul_ln43' <Predicate = true> <Delay = 0.00> <CoreInst = "DSP48">   --->   Core 127 'DSP48' <Latency = 3> <II = 1> <Delay = 0.53> <IPBlock> <Opcode : 'mul' 'add' 'sub' 'select'> <InPorts = 0> <OutPorts = 1> <Sync> <CReg>
ST_8 : Operation 206 [2/2] (2.02ns)   --->   "%call_ln41 = call void @radix_sort_batch.26.1_Pipeline_input_bucket, i32 %bucket_sizes_6476_loc_load, i32 %bucket_sizes_6475_loc_load, i32 %bucket_sizes_6474_loc_load, i32 %bucket_sizes_6473_loc_load, i32 %bucket_sizes_6472_loc_load, i32 %bucket_sizes_6471_loc_load, i32 %bucket_sizes_6470_loc_load, i32 %bucket_sizes_6469_loc_load, i32 %bucket_sizes_6468_loc_load, i32 %bucket_sizes_6467_loc_load, i32 %bucket_sizes_6466_loc_load, i32 %bucket_sizes_6465_loc_load, i32 %bucket_sizes_6464_loc_load, i32 %bucket_sizes_6463_loc_load, i32 %bucket_sizes_6462_loc_load, i32 %bucket_sizes_6461_loc_load, i32 %bucket_pointer_2891_loc_load, i32 %bucket_pointer_2890_loc_load, i32 %bucket_pointer_2889_loc_load, i32 %bucket_pointer_2888_loc_load, i32 %bucket_pointer_2887_loc_load, i32 %bucket_pointer_2886_loc_load, i32 %bucket_pointer_2885_loc_load, i32 %bucket_pointer_2884_loc_load, i32 %bucket_pointer_2883_loc_load, i32 %bucket_pointer_2882_loc_load, i32 %bucket_pointer_2881_loc_load, i32 %bucket_pointer_2880_loc_load, i32 %bucket_pointer_2879_loc_load, i32 %bucket_pointer_2878_loc_load, i32 %bucket_pointer_2877_loc_load, i32 %bucket_pointer_2876_loc_load, i15 %mul_ln41, i32 %bucket, i5 %mul_i, i15 %mul_ln43, i32 %bucket_sizes_2010, i32 %bucket_sizes_2009, i32 %bucket_sizes_2008, i32 %bucket_sizes_2007, i32 %bucket_sizes_2006, i32 %bucket_sizes_2005, i32 %bucket_sizes_2004, i32 %bucket_sizes_2003, i32 %bucket_sizes_2002, i32 %bucket_sizes_2001, i32 %bucket_sizes_2000, i32 %bucket_sizes_1999, i32 %bucket_sizes_1998, i32 %bucket_sizes_1997, i32 %bucket_sizes_1996, i32 %bucket_sizes, i32 %bucket_pointer_1530, i32 %bucket_pointer_1529, i32 %bucket_pointer_1528, i32 %bucket_pointer_1527, i32 %bucket_pointer_1526, i32 %bucket_pointer_1525, i32 %bucket_pointer_1524, i32 %bucket_pointer_1523, i32 %bucket_pointer_1522, i32 %bucket_pointer_1521, i32 %bucket_pointer_1520, i32 %bucket_pointer_1519, i32 %bucket_pointer_1518, i32 %bucket_pointer_1517, i32 %bucket_pointer_1516, i32 %bucket_pointer" [sort_seperate_bucket/multi_radix_hex_kmerge.c:41]   --->   Operation 206 'call' 'call_ln41' <Predicate = true> <Delay = 2.02> <CoreType = "Generic">   --->   Core 0 '' <Latency = 0> <II = 1> <Delay = 1.00> <Generic> <Opcode : >

State 9 <SV = 8> <Delay = 0.00>
ST_9 : Operation 207 [1/1] (0.00ns)   --->   "%specloopname_ln11 = specloopname void @_ssdm_op_SpecLoopName, void @empty_71" [sort_seperate_bucket/multi_radix_hex_kmerge.c:11]   --->   Operation 207 'specloopname' 'specloopname_ln11' <Predicate = true> <Delay = 0.00>
ST_9 : Operation 208 [1/2] (0.00ns)   --->   "%call_ln41 = call void @radix_sort_batch.26.1_Pipeline_input_bucket, i32 %bucket_sizes_6476_loc_load, i32 %bucket_sizes_6475_loc_load, i32 %bucket_sizes_6474_loc_load, i32 %bucket_sizes_6473_loc_load, i32 %bucket_sizes_6472_loc_load, i32 %bucket_sizes_6471_loc_load, i32 %bucket_sizes_6470_loc_load, i32 %bucket_sizes_6469_loc_load, i32 %bucket_sizes_6468_loc_load, i32 %bucket_sizes_6467_loc_load, i32 %bucket_sizes_6466_loc_load, i32 %bucket_sizes_6465_loc_load, i32 %bucket_sizes_6464_loc_load, i32 %bucket_sizes_6463_loc_load, i32 %bucket_sizes_6462_loc_load, i32 %bucket_sizes_6461_loc_load, i32 %bucket_pointer_2891_loc_load, i32 %bucket_pointer_2890_loc_load, i32 %bucket_pointer_2889_loc_load, i32 %bucket_pointer_2888_loc_load, i32 %bucket_pointer_2887_loc_load, i32 %bucket_pointer_2886_loc_load, i32 %bucket_pointer_2885_loc_load, i32 %bucket_pointer_2884_loc_load, i32 %bucket_pointer_2883_loc_load, i32 %bucket_pointer_2882_loc_load, i32 %bucket_pointer_2881_loc_load, i32 %bucket_pointer_2880_loc_load, i32 %bucket_pointer_2879_loc_load, i32 %bucket_pointer_2878_loc_load, i32 %bucket_pointer_2877_loc_load, i32 %bucket_pointer_2876_loc_load, i15 %mul_ln41, i32 %bucket, i5 %mul_i, i15 %mul_ln43, i32 %bucket_sizes_2010, i32 %bucket_sizes_2009, i32 %bucket_sizes_2008, i32 %bucket_sizes_2007, i32 %bucket_sizes_2006, i32 %bucket_sizes_2005, i32 %bucket_sizes_2004, i32 %bucket_sizes_2003, i32 %bucket_sizes_2002, i32 %bucket_sizes_2001, i32 %bucket_sizes_2000, i32 %bucket_sizes_1999, i32 %bucket_sizes_1998, i32 %bucket_sizes_1997, i32 %bucket_sizes_1996, i32 %bucket_sizes, i32 %bucket_pointer_1530, i32 %bucket_pointer_1529, i32 %bucket_pointer_1528, i32 %bucket_pointer_1527, i32 %bucket_pointer_1526, i32 %bucket_pointer_1525, i32 %bucket_pointer_1524, i32 %bucket_pointer_1523, i32 %bucket_pointer_1522, i32 %bucket_pointer_1521, i32 %bucket_pointer_1520, i32 %bucket_pointer_1519, i32 %bucket_pointer_1518, i32 %bucket_pointer_1517, i32 %bucket_pointer_1516, i32 %bucket_pointer" [sort_seperate_bucket/multi_radix_hex_kmerge.c:41]   --->   Operation 208 'call' 'call_ln41' <Predicate = true> <Delay = 0.00> <CoreType = "Generic">   --->   Core 0 '' <Latency = 0> <II = 1> <Delay = 1.00> <Generic> <Opcode : >
ST_9 : Operation 209 [1/1] (0.00ns)   --->   "%br_ln27 = br void %bucket_pointer_initialization.i" [sort_seperate_bucket/multi_radix_hex_kmerge.c:27]   --->   Operation 209 'br' 'br_ln27' <Predicate = true> <Delay = 0.00>

State 10 <SV = 5> <Delay = 0.00>
ST_10 : Operation 210 [1/2] (0.00ns)   --->   "%call_ln0 = call void @radix_sort_batch.26.1_Pipeline_output_bucket, i32 %bucket, i32 %multi_radix_hex_kmerge_temp0_25"   --->   Operation 210 'call' 'call_ln0' <Predicate = true> <Delay = 0.00> <CoreType = "Generic">   --->   Core 0 '' <Latency = 0> <II = 1> <Delay = 1.00> <Generic> <Opcode : >
ST_10 : Operation 211 [1/1] (0.00ns)   --->   "%ret_ln0 = ret"   --->   Operation 211 'ret' 'ret_ln0' <Predicate = true> <Delay = 0.00>


============================================================
+ Verbose Summary: Timing violations
============================================================
Target clock period: 10ns, clock uncertainty: 2.7ns.

 <State 1>: 0.387ns
The critical path consists of the following:
	'alloca' operation ('bucket_num') [4]  (0 ns)
	'store' operation ('store_ln27', sort_seperate_bucket/multi_radix_hex_kmerge.c:27) of constant 0 on local variable 'bucket_num' [105]  (0.387 ns)

 <State 2>: 1.02ns
The critical path consists of the following:
	'call' operation ('call_ln0') to 'radix_sort_batch.26.1_Pipeline_1' [87]  (1.02 ns)

 <State 3>: 0.387ns
The critical path consists of the following:
	'load' operation ('bucket_sizes_6395_loc_load') on local variable 'bucket_sizes_6395_loc' [88]  (0 ns)
	'call' operation ('call_ln0') to 'radix_sort_batch.26.1_Pipeline_initialization' [104]  (0.387 ns)

 <State 4>: 0ns
The critical path consists of the following:

 <State 5>: 1.42ns
The critical path consists of the following:
	'load' operation ('bucket_num_load', sort_seperate_bucket/multi_radix_hex_kmerge.c:43) on local variable 'bucket_num' [115]  (0 ns)
	'sub' operation ('bucket_num', sort_seperate_bucket/multi_radix_hex_kmerge.c:43) [182]  (0.88 ns)
	'mul' operation of DSP[184] ('mul_ln41', sort_seperate_bucket/multi_radix_hex_kmerge.c:41) [184]  (0.535 ns)

 <State 6>: 0.637ns
The critical path consists of the following:
	'call' operation ('call_ln0') to 'radix_sort_batch.26.1_Pipeline_bucket_pointer_initialization' [149]  (0.637 ns)

 <State 7>: 0.535ns
The critical path consists of the following:
	'mul' operation of DSP[184] ('mul_ln41', sort_seperate_bucket/multi_radix_hex_kmerge.c:41) [184]  (0.535 ns)

 <State 8>: 2.02ns
The critical path consists of the following:
	'load' operation ('bucket_sizes_6476_loc_load') on local variable 'bucket_sizes_6476_loc' [150]  (0 ns)
	'call' operation ('call_ln41', sort_seperate_bucket/multi_radix_hex_kmerge.c:41) to 'radix_sort_batch.26.1_Pipeline_input_bucket' [189]  (2.02 ns)

 <State 9>: 0ns
The critical path consists of the following:

 <State 10>: 0ns
The critical path consists of the following:


============================================================
+ Verbose Summary: Binding
============================================================
N/A
* FSMD analyzer results:
  - Output states:
 - Input state : 
  - Chain level:
	State 1
	State 2
	State 3
	State 4
	State 5
	State 6
	State 7
	State 8
	State 9
	State 10


============================================================
+ Verbose Summary: Datapath Resource usage 
============================================================
N/A
