

================================================================
== Vitis HLS Report for 'radix_sort_unified_bucket_pingpong_27_1'
================================================================
* Date:           Sat Apr 22 15:34:05 2023

* Version:        2022.2 (Build 3670227 on Oct 13 2022)
* Project:        sort_seperate_bucket
* Solution:       solution1 (Vivado IP Flow Target)
* Product family: virtexuplus
* Target device:  xcu280-fsvh2892-2L-e


================================================================
== Performance Estimates
================================================================
+ Timing: 
    * Summary: 
    +--------+----------+----------+------------+
    |  Clock |  Target  | Estimated| Uncertainty|
    +--------+----------+----------+------------+
    |ap_clk  |  10.00 ns|  5.072 ns|     2.70 ns|
    +--------+----------+----------+------------+

+ Latency: 
    * Summary: 
    +---------+---------+-----------+-----------+---------+---------+---------+
    |  Latency (cycles) |   Latency (absolute)  |      Interval     | Pipeline|
    |   min   |   max   |    min    |    max    |   min   |   max   |   Type  |
    +---------+---------+-----------+-----------+---------+---------+---------+
    |  1562727|  1562727|  15.627 ms|  15.627 ms|  1562727|  1562727|       no|
    +---------+---------+-----------+-----------+---------+---------+---------+

    + Detail: 
        * Instance: 
        N/A

        * Loop: 
        +------------------+---------+---------+----------+-----------+-----------+------+----------+
        |                  |  Latency (cycles) | Iteration|  Initiation Interval  | Trip |          |
        |     Loop Name    |   min   |   max   |  Latency |  achieved |   target  | Count| Pipelined|
        +------------------+---------+---------+----------+-----------+-----------+------+----------+
        |- sort_procedure  |  1250200|  1250200|    156275|          -|          -|     8|        no|
        +------------------+---------+---------+----------+-----------+-----------+------+----------+

============================================================
+ Verbose Summary: Synthesis Manager
============================================================
InlineROM: 1
ExposeGlobal: 0
============================================================
+ Verbose Summary: CDFG Model
============================================================
IsTopModel: 0
ResetActiveHigh: 1
IsCombinational: 2
IsDatapathOnly: 0
HasWiredReturn: 1
HasMFsm: 0
HasVarLatency: 1
IsPipeline: 0
IsRtlPipelined: 0
IsInstanceOverlapped: 0
IsDontTouch: 0
HasImplIP: 0
IsGatedGlobalClock: 0


============================================================
+ Verbose Summary: Schedule
============================================================
* Number of FSM states : 10
* Pipeline : 0
* Dataflow Pipeline: 0

* FSM state transitions: 
1 --> 2 
2 --> 3 
3 --> 4 
4 --> 5 
5 --> 6 10 
6 --> 7 
7 --> 8 
8 --> 9 
9 --> 5 
10 --> 

* FSM state operations: 

State 1 <SV = 0> <Delay = 0.38>
ST_1 : Operation 11 [1/1] (0.00ns)   --->   "%i_011 = alloca i32 1"   --->   Operation 11 'alloca' 'i_011' <Predicate = true> <Delay = 0.00>
ST_1 : Operation 12 [1/1] (0.00ns)   --->   "%bucket_num_012 = alloca i32 1"   --->   Operation 12 'alloca' 'bucket_num_012' <Predicate = true> <Delay = 0.00>
ST_1 : Operation 13 [1/1] (0.00ns)   --->   "%bucket_pointer = alloca i32 1"   --->   Operation 13 'alloca' 'bucket_pointer' <Predicate = true> <Delay = 0.00>
ST_1 : Operation 14 [1/1] (0.00ns)   --->   "%bucket_pointer_1482 = alloca i32 1"   --->   Operation 14 'alloca' 'bucket_pointer_1482' <Predicate = true> <Delay = 0.00>
ST_1 : Operation 15 [1/1] (0.00ns)   --->   "%bucket_pointer_1483 = alloca i32 1"   --->   Operation 15 'alloca' 'bucket_pointer_1483' <Predicate = true> <Delay = 0.00>
ST_1 : Operation 16 [1/1] (0.00ns)   --->   "%bucket_pointer_1484 = alloca i32 1"   --->   Operation 16 'alloca' 'bucket_pointer_1484' <Predicate = true> <Delay = 0.00>
ST_1 : Operation 17 [1/1] (0.00ns)   --->   "%bucket_pointer_1485 = alloca i32 1"   --->   Operation 17 'alloca' 'bucket_pointer_1485' <Predicate = true> <Delay = 0.00>
ST_1 : Operation 18 [1/1] (0.00ns)   --->   "%bucket_pointer_1486 = alloca i32 1"   --->   Operation 18 'alloca' 'bucket_pointer_1486' <Predicate = true> <Delay = 0.00>
ST_1 : Operation 19 [1/1] (0.00ns)   --->   "%bucket_pointer_1487 = alloca i32 1"   --->   Operation 19 'alloca' 'bucket_pointer_1487' <Predicate = true> <Delay = 0.00>
ST_1 : Operation 20 [1/1] (0.00ns)   --->   "%bucket_pointer_1488 = alloca i32 1"   --->   Operation 20 'alloca' 'bucket_pointer_1488' <Predicate = true> <Delay = 0.00>
ST_1 : Operation 21 [1/1] (0.00ns)   --->   "%bucket_pointer_1489 = alloca i32 1"   --->   Operation 21 'alloca' 'bucket_pointer_1489' <Predicate = true> <Delay = 0.00>
ST_1 : Operation 22 [1/1] (0.00ns)   --->   "%bucket_pointer_1490 = alloca i32 1"   --->   Operation 22 'alloca' 'bucket_pointer_1490' <Predicate = true> <Delay = 0.00>
ST_1 : Operation 23 [1/1] (0.00ns)   --->   "%bucket_pointer_1491 = alloca i32 1"   --->   Operation 23 'alloca' 'bucket_pointer_1491' <Predicate = true> <Delay = 0.00>
ST_1 : Operation 24 [1/1] (0.00ns)   --->   "%bucket_pointer_1492 = alloca i32 1"   --->   Operation 24 'alloca' 'bucket_pointer_1492' <Predicate = true> <Delay = 0.00>
ST_1 : Operation 25 [1/1] (0.00ns)   --->   "%bucket_pointer_1493 = alloca i32 1"   --->   Operation 25 'alloca' 'bucket_pointer_1493' <Predicate = true> <Delay = 0.00>
ST_1 : Operation 26 [1/1] (0.00ns)   --->   "%bucket_pointer_1494 = alloca i32 1"   --->   Operation 26 'alloca' 'bucket_pointer_1494' <Predicate = true> <Delay = 0.00>
ST_1 : Operation 27 [1/1] (0.00ns)   --->   "%bucket_pointer_1495 = alloca i32 1"   --->   Operation 27 'alloca' 'bucket_pointer_1495' <Predicate = true> <Delay = 0.00>
ST_1 : Operation 28 [1/1] (0.00ns)   --->   "%bucket_pointer_1496 = alloca i32 1"   --->   Operation 28 'alloca' 'bucket_pointer_1496' <Predicate = true> <Delay = 0.00>
ST_1 : Operation 29 [1/1] (0.00ns)   --->   "%bucket_sizes = alloca i32 1"   --->   Operation 29 'alloca' 'bucket_sizes' <Predicate = true> <Delay = 0.00>
ST_1 : Operation 30 [1/1] (0.00ns)   --->   "%bucket_sizes_1951 = alloca i32 1"   --->   Operation 30 'alloca' 'bucket_sizes_1951' <Predicate = true> <Delay = 0.00>
ST_1 : Operation 31 [1/1] (0.00ns)   --->   "%bucket_sizes_1952 = alloca i32 1"   --->   Operation 31 'alloca' 'bucket_sizes_1952' <Predicate = true> <Delay = 0.00>
ST_1 : Operation 32 [1/1] (0.00ns)   --->   "%bucket_sizes_1953 = alloca i32 1"   --->   Operation 32 'alloca' 'bucket_sizes_1953' <Predicate = true> <Delay = 0.00>
ST_1 : Operation 33 [1/1] (0.00ns)   --->   "%bucket_sizes_1954 = alloca i32 1"   --->   Operation 33 'alloca' 'bucket_sizes_1954' <Predicate = true> <Delay = 0.00>
ST_1 : Operation 34 [1/1] (0.00ns)   --->   "%bucket_sizes_1955 = alloca i32 1"   --->   Operation 34 'alloca' 'bucket_sizes_1955' <Predicate = true> <Delay = 0.00>
ST_1 : Operation 35 [1/1] (0.00ns)   --->   "%bucket_sizes_1956 = alloca i32 1"   --->   Operation 35 'alloca' 'bucket_sizes_1956' <Predicate = true> <Delay = 0.00>
ST_1 : Operation 36 [1/1] (0.00ns)   --->   "%bucket_sizes_1957 = alloca i32 1"   --->   Operation 36 'alloca' 'bucket_sizes_1957' <Predicate = true> <Delay = 0.00>
ST_1 : Operation 37 [1/1] (0.00ns)   --->   "%bucket_sizes_1958 = alloca i32 1"   --->   Operation 37 'alloca' 'bucket_sizes_1958' <Predicate = true> <Delay = 0.00>
ST_1 : Operation 38 [1/1] (0.00ns)   --->   "%bucket_sizes_1959 = alloca i32 1"   --->   Operation 38 'alloca' 'bucket_sizes_1959' <Predicate = true> <Delay = 0.00>
ST_1 : Operation 39 [1/1] (0.00ns)   --->   "%bucket_sizes_1960 = alloca i32 1"   --->   Operation 39 'alloca' 'bucket_sizes_1960' <Predicate = true> <Delay = 0.00>
ST_1 : Operation 40 [1/1] (0.00ns)   --->   "%bucket_sizes_1961 = alloca i32 1"   --->   Operation 40 'alloca' 'bucket_sizes_1961' <Predicate = true> <Delay = 0.00>
ST_1 : Operation 41 [1/1] (0.00ns)   --->   "%bucket_sizes_1962 = alloca i32 1"   --->   Operation 41 'alloca' 'bucket_sizes_1962' <Predicate = true> <Delay = 0.00>
ST_1 : Operation 42 [1/1] (0.00ns)   --->   "%bucket_sizes_1963 = alloca i32 1"   --->   Operation 42 'alloca' 'bucket_sizes_1963' <Predicate = true> <Delay = 0.00>
ST_1 : Operation 43 [1/1] (0.00ns)   --->   "%bucket_sizes_1964 = alloca i32 1"   --->   Operation 43 'alloca' 'bucket_sizes_1964' <Predicate = true> <Delay = 0.00>
ST_1 : Operation 44 [1/1] (0.00ns)   --->   "%bucket_sizes_1965 = alloca i32 1"   --->   Operation 44 'alloca' 'bucket_sizes_1965' <Predicate = true> <Delay = 0.00>
ST_1 : Operation 45 [1/1] (0.00ns)   --->   "%bucket_pointer_2811_loc = alloca i64 1"   --->   Operation 45 'alloca' 'bucket_pointer_2811_loc' <Predicate = true> <Delay = 0.00>
ST_1 : Operation 46 [1/1] (0.00ns)   --->   "%bucket_pointer_2812_loc = alloca i64 1"   --->   Operation 46 'alloca' 'bucket_pointer_2812_loc' <Predicate = true> <Delay = 0.00>
ST_1 : Operation 47 [1/1] (0.00ns)   --->   "%bucket_pointer_2813_loc = alloca i64 1"   --->   Operation 47 'alloca' 'bucket_pointer_2813_loc' <Predicate = true> <Delay = 0.00>
ST_1 : Operation 48 [1/1] (0.00ns)   --->   "%bucket_pointer_2814_loc = alloca i64 1"   --->   Operation 48 'alloca' 'bucket_pointer_2814_loc' <Predicate = true> <Delay = 0.00>
ST_1 : Operation 49 [1/1] (0.00ns)   --->   "%bucket_pointer_2815_loc = alloca i64 1"   --->   Operation 49 'alloca' 'bucket_pointer_2815_loc' <Predicate = true> <Delay = 0.00>
ST_1 : Operation 50 [1/1] (0.00ns)   --->   "%bucket_pointer_2816_loc = alloca i64 1"   --->   Operation 50 'alloca' 'bucket_pointer_2816_loc' <Predicate = true> <Delay = 0.00>
ST_1 : Operation 51 [1/1] (0.00ns)   --->   "%bucket_pointer_2817_loc = alloca i64 1"   --->   Operation 51 'alloca' 'bucket_pointer_2817_loc' <Predicate = true> <Delay = 0.00>
ST_1 : Operation 52 [1/1] (0.00ns)   --->   "%bucket_pointer_2818_loc = alloca i64 1"   --->   Operation 52 'alloca' 'bucket_pointer_2818_loc' <Predicate = true> <Delay = 0.00>
ST_1 : Operation 53 [1/1] (0.00ns)   --->   "%bucket_pointer_2819_loc = alloca i64 1"   --->   Operation 53 'alloca' 'bucket_pointer_2819_loc' <Predicate = true> <Delay = 0.00>
ST_1 : Operation 54 [1/1] (0.00ns)   --->   "%bucket_pointer_2820_loc = alloca i64 1"   --->   Operation 54 'alloca' 'bucket_pointer_2820_loc' <Predicate = true> <Delay = 0.00>
ST_1 : Operation 55 [1/1] (0.00ns)   --->   "%bucket_pointer_2821_loc = alloca i64 1"   --->   Operation 55 'alloca' 'bucket_pointer_2821_loc' <Predicate = true> <Delay = 0.00>
ST_1 : Operation 56 [1/1] (0.00ns)   --->   "%bucket_pointer_2822_loc = alloca i64 1"   --->   Operation 56 'alloca' 'bucket_pointer_2822_loc' <Predicate = true> <Delay = 0.00>
ST_1 : Operation 57 [1/1] (0.00ns)   --->   "%bucket_pointer_2823_loc = alloca i64 1"   --->   Operation 57 'alloca' 'bucket_pointer_2823_loc' <Predicate = true> <Delay = 0.00>
ST_1 : Operation 58 [1/1] (0.00ns)   --->   "%bucket_pointer_2824_loc = alloca i64 1"   --->   Operation 58 'alloca' 'bucket_pointer_2824_loc' <Predicate = true> <Delay = 0.00>
ST_1 : Operation 59 [1/1] (0.00ns)   --->   "%bucket_pointer_2825_loc = alloca i64 1"   --->   Operation 59 'alloca' 'bucket_pointer_2825_loc' <Predicate = true> <Delay = 0.00>
ST_1 : Operation 60 [1/1] (0.00ns)   --->   "%bucket_pointer_2826_loc = alloca i64 1"   --->   Operation 60 'alloca' 'bucket_pointer_2826_loc' <Predicate = true> <Delay = 0.00>
ST_1 : Operation 61 [1/1] (0.00ns)   --->   "%bucket_sizes_6316_loc = alloca i64 1"   --->   Operation 61 'alloca' 'bucket_sizes_6316_loc' <Predicate = true> <Delay = 0.00>
ST_1 : Operation 62 [1/1] (0.00ns)   --->   "%bucket_sizes_6317_loc = alloca i64 1"   --->   Operation 62 'alloca' 'bucket_sizes_6317_loc' <Predicate = true> <Delay = 0.00>
ST_1 : Operation 63 [1/1] (0.00ns)   --->   "%bucket_sizes_6318_loc = alloca i64 1"   --->   Operation 63 'alloca' 'bucket_sizes_6318_loc' <Predicate = true> <Delay = 0.00>
ST_1 : Operation 64 [1/1] (0.00ns)   --->   "%bucket_sizes_6319_loc = alloca i64 1"   --->   Operation 64 'alloca' 'bucket_sizes_6319_loc' <Predicate = true> <Delay = 0.00>
ST_1 : Operation 65 [1/1] (0.00ns)   --->   "%bucket_sizes_6320_loc = alloca i64 1"   --->   Operation 65 'alloca' 'bucket_sizes_6320_loc' <Predicate = true> <Delay = 0.00>
ST_1 : Operation 66 [1/1] (0.00ns)   --->   "%bucket_sizes_6321_loc = alloca i64 1"   --->   Operation 66 'alloca' 'bucket_sizes_6321_loc' <Predicate = true> <Delay = 0.00>
ST_1 : Operation 67 [1/1] (0.00ns)   --->   "%bucket_sizes_6322_loc = alloca i64 1"   --->   Operation 67 'alloca' 'bucket_sizes_6322_loc' <Predicate = true> <Delay = 0.00>
ST_1 : Operation 68 [1/1] (0.00ns)   --->   "%bucket_sizes_6323_loc = alloca i64 1"   --->   Operation 68 'alloca' 'bucket_sizes_6323_loc' <Predicate = true> <Delay = 0.00>
ST_1 : Operation 69 [1/1] (0.00ns)   --->   "%bucket_sizes_6324_loc = alloca i64 1"   --->   Operation 69 'alloca' 'bucket_sizes_6324_loc' <Predicate = true> <Delay = 0.00>
ST_1 : Operation 70 [1/1] (0.00ns)   --->   "%bucket_sizes_6325_loc = alloca i64 1"   --->   Operation 70 'alloca' 'bucket_sizes_6325_loc' <Predicate = true> <Delay = 0.00>
ST_1 : Operation 71 [1/1] (0.00ns)   --->   "%bucket_sizes_6326_loc = alloca i64 1"   --->   Operation 71 'alloca' 'bucket_sizes_6326_loc' <Predicate = true> <Delay = 0.00>
ST_1 : Operation 72 [1/1] (0.00ns)   --->   "%bucket_sizes_6327_loc = alloca i64 1"   --->   Operation 72 'alloca' 'bucket_sizes_6327_loc' <Predicate = true> <Delay = 0.00>
ST_1 : Operation 73 [1/1] (0.00ns)   --->   "%bucket_sizes_6328_loc = alloca i64 1"   --->   Operation 73 'alloca' 'bucket_sizes_6328_loc' <Predicate = true> <Delay = 0.00>
ST_1 : Operation 74 [1/1] (0.00ns)   --->   "%bucket_sizes_6329_loc = alloca i64 1"   --->   Operation 74 'alloca' 'bucket_sizes_6329_loc' <Predicate = true> <Delay = 0.00>
ST_1 : Operation 75 [1/1] (0.00ns)   --->   "%bucket_sizes_6330_loc = alloca i64 1"   --->   Operation 75 'alloca' 'bucket_sizes_6330_loc' <Predicate = true> <Delay = 0.00>
ST_1 : Operation 76 [1/1] (0.00ns)   --->   "%bucket_sizes_6331_loc = alloca i64 1"   --->   Operation 76 'alloca' 'bucket_sizes_6331_loc' <Predicate = true> <Delay = 0.00>
ST_1 : Operation 77 [1/1] (0.00ns)   --->   "%bucket_sizes_loc = alloca i64 1"   --->   Operation 77 'alloca' 'bucket_sizes_loc' <Predicate = true> <Delay = 0.00>
ST_1 : Operation 78 [1/1] (0.00ns)   --->   "%bucket_sizes_6236_loc = alloca i64 1"   --->   Operation 78 'alloca' 'bucket_sizes_6236_loc' <Predicate = true> <Delay = 0.00>
ST_1 : Operation 79 [1/1] (0.00ns)   --->   "%bucket_sizes_6237_loc = alloca i64 1"   --->   Operation 79 'alloca' 'bucket_sizes_6237_loc' <Predicate = true> <Delay = 0.00>
ST_1 : Operation 80 [1/1] (0.00ns)   --->   "%bucket_sizes_6238_loc = alloca i64 1"   --->   Operation 80 'alloca' 'bucket_sizes_6238_loc' <Predicate = true> <Delay = 0.00>
ST_1 : Operation 81 [1/1] (0.00ns)   --->   "%bucket_sizes_6239_loc = alloca i64 1"   --->   Operation 81 'alloca' 'bucket_sizes_6239_loc' <Predicate = true> <Delay = 0.00>
ST_1 : Operation 82 [1/1] (0.00ns)   --->   "%bucket_sizes_6240_loc = alloca i64 1"   --->   Operation 82 'alloca' 'bucket_sizes_6240_loc' <Predicate = true> <Delay = 0.00>
ST_1 : Operation 83 [1/1] (0.00ns)   --->   "%bucket_sizes_6241_loc = alloca i64 1"   --->   Operation 83 'alloca' 'bucket_sizes_6241_loc' <Predicate = true> <Delay = 0.00>
ST_1 : Operation 84 [1/1] (0.00ns)   --->   "%bucket_sizes_6242_loc = alloca i64 1"   --->   Operation 84 'alloca' 'bucket_sizes_6242_loc' <Predicate = true> <Delay = 0.00>
ST_1 : Operation 85 [1/1] (0.00ns)   --->   "%bucket_sizes_6243_loc = alloca i64 1"   --->   Operation 85 'alloca' 'bucket_sizes_6243_loc' <Predicate = true> <Delay = 0.00>
ST_1 : Operation 86 [1/1] (0.00ns)   --->   "%bucket_sizes_6244_loc = alloca i64 1"   --->   Operation 86 'alloca' 'bucket_sizes_6244_loc' <Predicate = true> <Delay = 0.00>
ST_1 : Operation 87 [1/1] (0.00ns)   --->   "%bucket_sizes_6245_loc = alloca i64 1"   --->   Operation 87 'alloca' 'bucket_sizes_6245_loc' <Predicate = true> <Delay = 0.00>
ST_1 : Operation 88 [1/1] (0.00ns)   --->   "%bucket_sizes_6246_loc = alloca i64 1"   --->   Operation 88 'alloca' 'bucket_sizes_6246_loc' <Predicate = true> <Delay = 0.00>
ST_1 : Operation 89 [1/1] (0.00ns)   --->   "%bucket_sizes_6247_loc = alloca i64 1"   --->   Operation 89 'alloca' 'bucket_sizes_6247_loc' <Predicate = true> <Delay = 0.00>
ST_1 : Operation 90 [1/1] (0.00ns)   --->   "%bucket_sizes_6248_loc = alloca i64 1"   --->   Operation 90 'alloca' 'bucket_sizes_6248_loc' <Predicate = true> <Delay = 0.00>
ST_1 : Operation 91 [1/1] (0.00ns)   --->   "%bucket_sizes_6249_loc = alloca i64 1"   --->   Operation 91 'alloca' 'bucket_sizes_6249_loc' <Predicate = true> <Delay = 0.00>
ST_1 : Operation 92 [1/1] (0.00ns)   --->   "%bucket_sizes_6250_loc = alloca i64 1"   --->   Operation 92 'alloca' 'bucket_sizes_6250_loc' <Predicate = true> <Delay = 0.00>
ST_1 : Operation 93 [1/1] (0.00ns)   --->   "%bucket = alloca i64 1" [sort_seperate_bucket/radix_sort.c:61]   --->   Operation 93 'alloca' 'bucket' <Predicate = true> <Delay = 0.00>
ST_1 : Operation 94 [2/2] (0.00ns)   --->   "%call_ln0 = call void @radix_sort_unified_bucket_pingpong.27.1_Pipeline_1, i32 %bucket_sizes_6250_loc, i32 %bucket_sizes_6249_loc, i32 %bucket_sizes_6248_loc, i32 %bucket_sizes_6247_loc, i32 %bucket_sizes_6246_loc, i32 %bucket_sizes_6245_loc, i32 %bucket_sizes_6244_loc, i32 %bucket_sizes_6243_loc, i32 %bucket_sizes_6242_loc, i32 %bucket_sizes_6241_loc, i32 %bucket_sizes_6240_loc, i32 %bucket_sizes_6239_loc, i32 %bucket_sizes_6238_loc, i32 %bucket_sizes_6237_loc, i32 %bucket_sizes_6236_loc, i32 %bucket_sizes_loc"   --->   Operation 94 'call' 'call_ln0' <Predicate = true> <Delay = 0.00> <CoreType = "Generic">   --->   Core 0 '' <Latency = 0> <II = 1> <Delay = 1.00> <Generic> <Opcode : >
ST_1 : Operation 95 [1/1] (0.38ns)   --->   "%store_ln78 = store i32 0, i32 %bucket_num_012" [sort_seperate_bucket/radix_sort.c:78]   --->   Operation 95 'store' 'store_ln78' <Predicate = true> <Delay = 0.38>
ST_1 : Operation 96 [1/1] (0.38ns)   --->   "%store_ln78 = store i4 0, i4 %i_011" [sort_seperate_bucket/radix_sort.c:78]   --->   Operation 96 'store' 'store_ln78' <Predicate = true> <Delay = 0.38>

State 2 <SV = 1> <Delay = 1.02>
ST_2 : Operation 97 [1/2] (1.02ns)   --->   "%call_ln0 = call void @radix_sort_unified_bucket_pingpong.27.1_Pipeline_1, i32 %bucket_sizes_6250_loc, i32 %bucket_sizes_6249_loc, i32 %bucket_sizes_6248_loc, i32 %bucket_sizes_6247_loc, i32 %bucket_sizes_6246_loc, i32 %bucket_sizes_6245_loc, i32 %bucket_sizes_6244_loc, i32 %bucket_sizes_6243_loc, i32 %bucket_sizes_6242_loc, i32 %bucket_sizes_6241_loc, i32 %bucket_sizes_6240_loc, i32 %bucket_sizes_6239_loc, i32 %bucket_sizes_6238_loc, i32 %bucket_sizes_6237_loc, i32 %bucket_sizes_6236_loc, i32 %bucket_sizes_loc"   --->   Operation 97 'call' 'call_ln0' <Predicate = true> <Delay = 1.02> <CoreType = "Generic">   --->   Core 0 '' <Latency = 0> <II = 1> <Delay = 1.00> <Generic> <Opcode : >

State 3 <SV = 2> <Delay = 0.38>
ST_3 : Operation 98 [1/1] (0.00ns)   --->   "%bucket_sizes_6250_loc_load = load i32 %bucket_sizes_6250_loc"   --->   Operation 98 'load' 'bucket_sizes_6250_loc_load' <Predicate = true> <Delay = 0.00>
ST_3 : Operation 99 [1/1] (0.00ns)   --->   "%bucket_sizes_6249_loc_load = load i32 %bucket_sizes_6249_loc"   --->   Operation 99 'load' 'bucket_sizes_6249_loc_load' <Predicate = true> <Delay = 0.00>
ST_3 : Operation 100 [1/1] (0.00ns)   --->   "%bucket_sizes_6248_loc_load = load i32 %bucket_sizes_6248_loc"   --->   Operation 100 'load' 'bucket_sizes_6248_loc_load' <Predicate = true> <Delay = 0.00>
ST_3 : Operation 101 [1/1] (0.00ns)   --->   "%bucket_sizes_6247_loc_load = load i32 %bucket_sizes_6247_loc"   --->   Operation 101 'load' 'bucket_sizes_6247_loc_load' <Predicate = true> <Delay = 0.00>
ST_3 : Operation 102 [1/1] (0.00ns)   --->   "%bucket_sizes_6246_loc_load = load i32 %bucket_sizes_6246_loc"   --->   Operation 102 'load' 'bucket_sizes_6246_loc_load' <Predicate = true> <Delay = 0.00>
ST_3 : Operation 103 [1/1] (0.00ns)   --->   "%bucket_sizes_6245_loc_load = load i32 %bucket_sizes_6245_loc"   --->   Operation 103 'load' 'bucket_sizes_6245_loc_load' <Predicate = true> <Delay = 0.00>
ST_3 : Operation 104 [1/1] (0.00ns)   --->   "%bucket_sizes_6244_loc_load = load i32 %bucket_sizes_6244_loc"   --->   Operation 104 'load' 'bucket_sizes_6244_loc_load' <Predicate = true> <Delay = 0.00>
ST_3 : Operation 105 [1/1] (0.00ns)   --->   "%bucket_sizes_6243_loc_load = load i32 %bucket_sizes_6243_loc"   --->   Operation 105 'load' 'bucket_sizes_6243_loc_load' <Predicate = true> <Delay = 0.00>
ST_3 : Operation 106 [1/1] (0.00ns)   --->   "%bucket_sizes_6242_loc_load = load i32 %bucket_sizes_6242_loc"   --->   Operation 106 'load' 'bucket_sizes_6242_loc_load' <Predicate = true> <Delay = 0.00>
ST_3 : Operation 107 [1/1] (0.00ns)   --->   "%bucket_sizes_6241_loc_load = load i32 %bucket_sizes_6241_loc"   --->   Operation 107 'load' 'bucket_sizes_6241_loc_load' <Predicate = true> <Delay = 0.00>
ST_3 : Operation 108 [1/1] (0.00ns)   --->   "%bucket_sizes_6240_loc_load = load i32 %bucket_sizes_6240_loc"   --->   Operation 108 'load' 'bucket_sizes_6240_loc_load' <Predicate = true> <Delay = 0.00>
ST_3 : Operation 109 [1/1] (0.00ns)   --->   "%bucket_sizes_6239_loc_load = load i32 %bucket_sizes_6239_loc"   --->   Operation 109 'load' 'bucket_sizes_6239_loc_load' <Predicate = true> <Delay = 0.00>
ST_3 : Operation 110 [1/1] (0.00ns)   --->   "%bucket_sizes_6238_loc_load = load i32 %bucket_sizes_6238_loc"   --->   Operation 110 'load' 'bucket_sizes_6238_loc_load' <Predicate = true> <Delay = 0.00>
ST_3 : Operation 111 [1/1] (0.00ns)   --->   "%bucket_sizes_6237_loc_load = load i32 %bucket_sizes_6237_loc"   --->   Operation 111 'load' 'bucket_sizes_6237_loc_load' <Predicate = true> <Delay = 0.00>
ST_3 : Operation 112 [1/1] (0.00ns)   --->   "%bucket_sizes_6236_loc_load = load i32 %bucket_sizes_6236_loc"   --->   Operation 112 'load' 'bucket_sizes_6236_loc_load' <Predicate = true> <Delay = 0.00>
ST_3 : Operation 113 [1/1] (0.00ns)   --->   "%bucket_sizes_loc_load = load i32 %bucket_sizes_loc"   --->   Operation 113 'load' 'bucket_sizes_loc_load' <Predicate = true> <Delay = 0.00>
ST_3 : Operation 114 [2/2] (0.38ns)   --->   "%call_ln0 = call void @radix_sort_unified_bucket_pingpong.27.1_Pipeline_initialization, i32 %bucket_sizes_6250_loc_load, i32 %bucket_sizes_6249_loc_load, i32 %bucket_sizes_6248_loc_load, i32 %bucket_sizes_6247_loc_load, i32 %bucket_sizes_6246_loc_load, i32 %bucket_sizes_6245_loc_load, i32 %bucket_sizes_6244_loc_load, i32 %bucket_sizes_6243_loc_load, i32 %bucket_sizes_6242_loc_load, i32 %bucket_sizes_6241_loc_load, i32 %bucket_sizes_6240_loc_load, i32 %bucket_sizes_6239_loc_load, i32 %bucket_sizes_6238_loc_load, i32 %bucket_sizes_6237_loc_load, i32 %bucket_sizes_6236_loc_load, i32 %bucket_sizes_loc_load, i32 %bucket, i32 %input_26, i32 %bucket_sizes_1965, i32 %bucket_sizes_1964, i32 %bucket_sizes_1963, i32 %bucket_sizes_1962, i32 %bucket_sizes_1961, i32 %bucket_sizes_1960, i32 %bucket_sizes_1959, i32 %bucket_sizes_1958, i32 %bucket_sizes_1957, i32 %bucket_sizes_1956, i32 %bucket_sizes_1955, i32 %bucket_sizes_1954, i32 %bucket_sizes_1953, i32 %bucket_sizes_1952, i32 %bucket_sizes_1951, i32 %bucket_sizes"   --->   Operation 114 'call' 'call_ln0' <Predicate = true> <Delay = 0.38> <CoreType = "Generic">   --->   Core 0 '' <Latency = 0> <II = 1> <Delay = 1.00> <Generic> <Opcode : >

State 4 <SV = 3> <Delay = 0.00>
ST_4 : Operation 115 [1/1] (0.00ns)   --->   "%specinterface_ln0 = specinterface void @_ssdm_op_SpecInterface, i32 %input_26, void @empty_53, i32 0, i32 0, void @empty_28, i32 4294967295, i32 0, void @empty_28, void @empty_28, void @empty_28, i32 0, i32 0, i32 0, i32 0, void @empty_28, void @empty_28, i32 4294967295, i32 0"   --->   Operation 115 'specinterface' 'specinterface_ln0' <Predicate = true> <Delay = 0.00>
ST_4 : Operation 116 [1/2] (0.00ns)   --->   "%call_ln0 = call void @radix_sort_unified_bucket_pingpong.27.1_Pipeline_initialization, i32 %bucket_sizes_6250_loc_load, i32 %bucket_sizes_6249_loc_load, i32 %bucket_sizes_6248_loc_load, i32 %bucket_sizes_6247_loc_load, i32 %bucket_sizes_6246_loc_load, i32 %bucket_sizes_6245_loc_load, i32 %bucket_sizes_6244_loc_load, i32 %bucket_sizes_6243_loc_load, i32 %bucket_sizes_6242_loc_load, i32 %bucket_sizes_6241_loc_load, i32 %bucket_sizes_6240_loc_load, i32 %bucket_sizes_6239_loc_load, i32 %bucket_sizes_6238_loc_load, i32 %bucket_sizes_6237_loc_load, i32 %bucket_sizes_6236_loc_load, i32 %bucket_sizes_loc_load, i32 %bucket, i32 %input_26, i32 %bucket_sizes_1965, i32 %bucket_sizes_1964, i32 %bucket_sizes_1963, i32 %bucket_sizes_1962, i32 %bucket_sizes_1961, i32 %bucket_sizes_1960, i32 %bucket_sizes_1959, i32 %bucket_sizes_1958, i32 %bucket_sizes_1957, i32 %bucket_sizes_1956, i32 %bucket_sizes_1955, i32 %bucket_sizes_1954, i32 %bucket_sizes_1953, i32 %bucket_sizes_1952, i32 %bucket_sizes_1951, i32 %bucket_sizes"   --->   Operation 116 'call' 'call_ln0' <Predicate = true> <Delay = 0.00> <CoreType = "Generic">   --->   Core 0 '' <Latency = 0> <II = 1> <Delay = 1.00> <Generic> <Opcode : >
ST_4 : Operation 117 [1/1] (0.00ns)   --->   "%br_ln78 = br void %bucket_pointer_initialization" [sort_seperate_bucket/radix_sort.c:78]   --->   Operation 117 'br' 'br_ln78' <Predicate = true> <Delay = 0.00>

State 5 <SV = 4> <Delay = 1.41>
ST_5 : Operation 118 [1/1] (0.00ns)   --->   "%i = load i4 %i_011"   --->   Operation 118 'load' 'i' <Predicate = true> <Delay = 0.00>
ST_5 : Operation 119 [1/1] (0.65ns)   --->   "%icmp_ln78 = icmp_eq  i4 %i, i4 8" [sort_seperate_bucket/radix_sort.c:78]   --->   Operation 119 'icmp' 'icmp_ln78' <Predicate = true> <Delay = 0.65> <CoreInst = "Cmp">   --->   Core 9 'Cmp' <Latency = 0> <II = 1> <Delay = 0.65> <FuncUnit> <Opcode : 'icmp'> <InPorts = 2> <OutPorts = 1>
ST_5 : Operation 120 [1/1] (0.00ns)   --->   "%empty = speclooptripcount i32 @_ssdm_op_SpecLoopTripCount, i64 8, i64 8, i64 8"   --->   Operation 120 'speclooptripcount' 'empty' <Predicate = true> <Delay = 0.00>
ST_5 : Operation 121 [1/1] (0.70ns)   --->   "%i_55 = add i4 %i, i4 1" [sort_seperate_bucket/radix_sort.c:78]   --->   Operation 121 'add' 'i_55' <Predicate = true> <Delay = 0.70> <CoreInst = "Adder">   --->   Core 1 'Adder' <Latency = 0> <II = 1> <Delay = 0.70> <FuncUnit> <Opcode : 'add' 'sub'> <InPorts = 2> <OutPorts = 1>
ST_5 : Operation 122 [1/1] (0.00ns)   --->   "%br_ln78 = br i1 %icmp_ln78, void %xlx_merge_loop.bucket_pointer_initialization.26_begin, void %for.inc79.preheader" [sort_seperate_bucket/radix_sort.c:78]   --->   Operation 122 'br' 'br_ln78' <Predicate = true> <Delay = 0.00>
ST_5 : Operation 123 [1/1] (0.00ns)   --->   "%bucket_num_012_load = load i32 %bucket_num_012" [sort_seperate_bucket/radix_sort.c:95]   --->   Operation 123 'load' 'bucket_num_012_load' <Predicate = (!icmp_ln78)> <Delay = 0.00>
ST_5 : Operation 124 [1/1] (0.00ns)   --->   "%bucket_pointer_load = load i32 %bucket_pointer"   --->   Operation 124 'load' 'bucket_pointer_load' <Predicate = (!icmp_ln78)> <Delay = 0.00>
ST_5 : Operation 125 [1/1] (0.00ns)   --->   "%bucket_pointer_1482_load = load i32 %bucket_pointer_1482"   --->   Operation 125 'load' 'bucket_pointer_1482_load' <Predicate = (!icmp_ln78)> <Delay = 0.00>
ST_5 : Operation 126 [1/1] (0.00ns)   --->   "%bucket_pointer_1483_load = load i32 %bucket_pointer_1483"   --->   Operation 126 'load' 'bucket_pointer_1483_load' <Predicate = (!icmp_ln78)> <Delay = 0.00>
ST_5 : Operation 127 [1/1] (0.00ns)   --->   "%bucket_pointer_1484_load = load i32 %bucket_pointer_1484"   --->   Operation 127 'load' 'bucket_pointer_1484_load' <Predicate = (!icmp_ln78)> <Delay = 0.00>
ST_5 : Operation 128 [1/1] (0.00ns)   --->   "%bucket_pointer_1485_load = load i32 %bucket_pointer_1485"   --->   Operation 128 'load' 'bucket_pointer_1485_load' <Predicate = (!icmp_ln78)> <Delay = 0.00>
ST_5 : Operation 129 [1/1] (0.00ns)   --->   "%bucket_pointer_1486_load = load i32 %bucket_pointer_1486"   --->   Operation 129 'load' 'bucket_pointer_1486_load' <Predicate = (!icmp_ln78)> <Delay = 0.00>
ST_5 : Operation 130 [1/1] (0.00ns)   --->   "%bucket_pointer_1487_load = load i32 %bucket_pointer_1487"   --->   Operation 130 'load' 'bucket_pointer_1487_load' <Predicate = (!icmp_ln78)> <Delay = 0.00>
ST_5 : Operation 131 [1/1] (0.00ns)   --->   "%bucket_pointer_1488_load = load i32 %bucket_pointer_1488"   --->   Operation 131 'load' 'bucket_pointer_1488_load' <Predicate = (!icmp_ln78)> <Delay = 0.00>
ST_5 : Operation 132 [1/1] (0.00ns)   --->   "%bucket_pointer_1489_load = load i32 %bucket_pointer_1489"   --->   Operation 132 'load' 'bucket_pointer_1489_load' <Predicate = (!icmp_ln78)> <Delay = 0.00>
ST_5 : Operation 133 [1/1] (0.00ns)   --->   "%bucket_pointer_1490_load = load i32 %bucket_pointer_1490"   --->   Operation 133 'load' 'bucket_pointer_1490_load' <Predicate = (!icmp_ln78)> <Delay = 0.00>
ST_5 : Operation 134 [1/1] (0.00ns)   --->   "%bucket_pointer_1491_load = load i32 %bucket_pointer_1491"   --->   Operation 134 'load' 'bucket_pointer_1491_load' <Predicate = (!icmp_ln78)> <Delay = 0.00>
ST_5 : Operation 135 [1/1] (0.00ns)   --->   "%bucket_pointer_1492_load = load i32 %bucket_pointer_1492"   --->   Operation 135 'load' 'bucket_pointer_1492_load' <Predicate = (!icmp_ln78)> <Delay = 0.00>
ST_5 : Operation 136 [1/1] (0.00ns)   --->   "%bucket_pointer_1493_load = load i32 %bucket_pointer_1493"   --->   Operation 136 'load' 'bucket_pointer_1493_load' <Predicate = (!icmp_ln78)> <Delay = 0.00>
ST_5 : Operation 137 [1/1] (0.00ns)   --->   "%bucket_pointer_1494_load = load i32 %bucket_pointer_1494"   --->   Operation 137 'load' 'bucket_pointer_1494_load' <Predicate = (!icmp_ln78)> <Delay = 0.00>
ST_5 : Operation 138 [1/1] (0.00ns)   --->   "%bucket_pointer_1495_load = load i32 %bucket_pointer_1495"   --->   Operation 138 'load' 'bucket_pointer_1495_load' <Predicate = (!icmp_ln78)> <Delay = 0.00>
ST_5 : Operation 139 [1/1] (0.00ns)   --->   "%bucket_pointer_1496_load = load i32 %bucket_pointer_1496"   --->   Operation 139 'load' 'bucket_pointer_1496_load' <Predicate = (!icmp_ln78)> <Delay = 0.00>
ST_5 : Operation 140 [1/1] (0.00ns)   --->   "%bucket_sizes_load = load i32 %bucket_sizes"   --->   Operation 140 'load' 'bucket_sizes_load' <Predicate = (!icmp_ln78)> <Delay = 0.00>
ST_5 : Operation 141 [1/1] (0.00ns)   --->   "%bucket_sizes_1951_load = load i32 %bucket_sizes_1951"   --->   Operation 141 'load' 'bucket_sizes_1951_load' <Predicate = (!icmp_ln78)> <Delay = 0.00>
ST_5 : Operation 142 [1/1] (0.00ns)   --->   "%bucket_sizes_1952_load = load i32 %bucket_sizes_1952"   --->   Operation 142 'load' 'bucket_sizes_1952_load' <Predicate = (!icmp_ln78)> <Delay = 0.00>
ST_5 : Operation 143 [1/1] (0.00ns)   --->   "%bucket_sizes_1953_load = load i32 %bucket_sizes_1953"   --->   Operation 143 'load' 'bucket_sizes_1953_load' <Predicate = (!icmp_ln78)> <Delay = 0.00>
ST_5 : Operation 144 [1/1] (0.00ns)   --->   "%bucket_sizes_1954_load = load i32 %bucket_sizes_1954"   --->   Operation 144 'load' 'bucket_sizes_1954_load' <Predicate = (!icmp_ln78)> <Delay = 0.00>
ST_5 : Operation 145 [1/1] (0.00ns)   --->   "%bucket_sizes_1955_load = load i32 %bucket_sizes_1955"   --->   Operation 145 'load' 'bucket_sizes_1955_load' <Predicate = (!icmp_ln78)> <Delay = 0.00>
ST_5 : Operation 146 [1/1] (0.00ns)   --->   "%bucket_sizes_1956_load = load i32 %bucket_sizes_1956"   --->   Operation 146 'load' 'bucket_sizes_1956_load' <Predicate = (!icmp_ln78)> <Delay = 0.00>
ST_5 : Operation 147 [1/1] (0.00ns)   --->   "%bucket_sizes_1957_load = load i32 %bucket_sizes_1957"   --->   Operation 147 'load' 'bucket_sizes_1957_load' <Predicate = (!icmp_ln78)> <Delay = 0.00>
ST_5 : Operation 148 [1/1] (0.00ns)   --->   "%bucket_sizes_1958_load = load i32 %bucket_sizes_1958"   --->   Operation 148 'load' 'bucket_sizes_1958_load' <Predicate = (!icmp_ln78)> <Delay = 0.00>
ST_5 : Operation 149 [1/1] (0.00ns)   --->   "%bucket_sizes_1959_load = load i32 %bucket_sizes_1959"   --->   Operation 149 'load' 'bucket_sizes_1959_load' <Predicate = (!icmp_ln78)> <Delay = 0.00>
ST_5 : Operation 150 [1/1] (0.00ns)   --->   "%bucket_sizes_1960_load = load i32 %bucket_sizes_1960"   --->   Operation 150 'load' 'bucket_sizes_1960_load' <Predicate = (!icmp_ln78)> <Delay = 0.00>
ST_5 : Operation 151 [1/1] (0.00ns)   --->   "%bucket_sizes_1961_load = load i32 %bucket_sizes_1961"   --->   Operation 151 'load' 'bucket_sizes_1961_load' <Predicate = (!icmp_ln78)> <Delay = 0.00>
ST_5 : Operation 152 [1/1] (0.00ns)   --->   "%bucket_sizes_1962_load = load i32 %bucket_sizes_1962"   --->   Operation 152 'load' 'bucket_sizes_1962_load' <Predicate = (!icmp_ln78)> <Delay = 0.00>
ST_5 : Operation 153 [1/1] (0.00ns)   --->   "%bucket_sizes_1963_load = load i32 %bucket_sizes_1963"   --->   Operation 153 'load' 'bucket_sizes_1963_load' <Predicate = (!icmp_ln78)> <Delay = 0.00>
ST_5 : Operation 154 [1/1] (0.00ns)   --->   "%bucket_sizes_1964_load = load i32 %bucket_sizes_1964"   --->   Operation 154 'load' 'bucket_sizes_1964_load' <Predicate = (!icmp_ln78)> <Delay = 0.00>
ST_5 : Operation 155 [1/1] (0.00ns)   --->   "%bucket_sizes_1965_load = load i32 %bucket_sizes_1965"   --->   Operation 155 'load' 'bucket_sizes_1965_load' <Predicate = (!icmp_ln78)> <Delay = 0.00>
ST_5 : Operation 156 [2/2] (0.38ns)   --->   "%call_ln0 = call void @radix_sort_unified_bucket_pingpong.27.1_Pipeline_bucket_pointer_initialization, i32 %bucket_sizes_1965_load, i32 %bucket_sizes_1964_load, i32 %bucket_sizes_1963_load, i32 %bucket_sizes_1962_load, i32 %bucket_sizes_1961_load, i32 %bucket_sizes_1960_load, i32 %bucket_sizes_1959_load, i32 %bucket_sizes_1958_load, i32 %bucket_sizes_1957_load, i32 %bucket_sizes_1956_load, i32 %bucket_sizes_1955_load, i32 %bucket_sizes_1954_load, i32 %bucket_sizes_1953_load, i32 %bucket_sizes_1952_load, i32 %bucket_sizes_1951_load, i32 %bucket_sizes_load, i32 %bucket_pointer_1496_load, i32 %bucket_pointer_1495_load, i32 %bucket_pointer_1494_load, i32 %bucket_pointer_1493_load, i32 %bucket_pointer_1492_load, i32 %bucket_pointer_1491_load, i32 %bucket_pointer_1490_load, i32 %bucket_pointer_1489_load, i32 %bucket_pointer_1488_load, i32 %bucket_pointer_1487_load, i32 %bucket_pointer_1486_load, i32 %bucket_pointer_1485_load, i32 %bucket_pointer_1484_load, i32 %bucket_pointer_1483_load, i32 %bucket_pointer_1482_load, i32 %bucket_pointer_load, i32 %bucket_sizes_6331_loc, i32 %bucket_sizes_6330_loc, i32 %bucket_sizes_6329_loc, i32 %bucket_sizes_6328_loc, i32 %bucket_sizes_6327_loc, i32 %bucket_sizes_6326_loc, i32 %bucket_sizes_6325_loc, i32 %bucket_sizes_6324_loc, i32 %bucket_sizes_6323_loc, i32 %bucket_sizes_6322_loc, i32 %bucket_sizes_6321_loc, i32 %bucket_sizes_6320_loc, i32 %bucket_sizes_6319_loc, i32 %bucket_sizes_6318_loc, i32 %bucket_sizes_6317_loc, i32 %bucket_sizes_6316_loc, i32 %bucket_pointer_2826_loc, i32 %bucket_pointer_2825_loc, i32 %bucket_pointer_2824_loc, i32 %bucket_pointer_2823_loc, i32 %bucket_pointer_2822_loc, i32 %bucket_pointer_2821_loc, i32 %bucket_pointer_2820_loc, i32 %bucket_pointer_2819_loc, i32 %bucket_pointer_2818_loc, i32 %bucket_pointer_2817_loc, i32 %bucket_pointer_2816_loc, i32 %bucket_pointer_2815_loc, i32 %bucket_pointer_2814_loc, i32 %bucket_pointer_2813_loc, i32 %bucket_pointer_2812_loc, i32 %bucket_pointer_2811_loc"   --->   Operation 156 'call' 'call_ln0' <Predicate = (!icmp_ln78)> <Delay = 0.38> <CoreType = "Generic">   --->   Core 0 '' <Latency = 0> <II = 1> <Delay = 1.00> <Generic> <Opcode : >
ST_5 : Operation 157 [1/1] (0.88ns)   --->   "%bucket_num = sub i32 1, i32 %bucket_num_012_load" [sort_seperate_bucket/radix_sort.c:95]   --->   Operation 157 'sub' 'bucket_num' <Predicate = (!icmp_ln78)> <Delay = 0.88> <CoreInst = "Adder">   --->   Core 1 'Adder' <Latency = 0> <II = 1> <Delay = 0.88> <FuncUnit> <Opcode : 'add' 'sub'> <InPorts = 2> <OutPorts = 1>
ST_5 : Operation 158 [1/1] (0.00ns)   --->   "%trunc_ln93 = trunc i32 %bucket_num" [sort_seperate_bucket/radix_sort.c:93]   --->   Operation 158 'trunc' 'trunc_ln93' <Predicate = (!icmp_ln78)> <Delay = 0.00>
ST_5 : Operation 159 [4/4] (0.53ns) (root node of the DSP)   --->   "%mul_ln93 = mul i19 %trunc_ln93, i19 156250" [sort_seperate_bucket/radix_sort.c:93]   --->   Operation 159 'mul' 'mul_ln93' <Predicate = (!icmp_ln78)> <Delay = 0.53> <CoreInst = "DSP48">   --->   Core 127 'DSP48' <Latency = 3> <II = 1> <Delay = 0.53> <IPBlock> <Opcode : 'mul' 'add' 'sub' 'select'> <InPorts = 0> <OutPorts = 1> <Sync> <CReg>
ST_5 : Operation 160 [1/1] (0.00ns)   --->   "%empty_252 = trunc i4 %i"   --->   Operation 160 'trunc' 'empty_252' <Predicate = (!icmp_ln78)> <Delay = 0.00>
ST_5 : Operation 161 [1/1] (0.00ns)   --->   "%trunc_ln95 = trunc i32 %bucket_num_012_load" [sort_seperate_bucket/radix_sort.c:95]   --->   Operation 161 'trunc' 'trunc_ln95' <Predicate = (!icmp_ln78)> <Delay = 0.00>
ST_5 : Operation 162 [4/4] (0.53ns) (root node of the DSP)   --->   "%mul_ln95 = mul i19 %trunc_ln95, i19 156250" [sort_seperate_bucket/radix_sort.c:95]   --->   Operation 162 'mul' 'mul_ln95' <Predicate = (!icmp_ln78)> <Delay = 0.53> <CoreInst = "DSP48">   --->   Core 127 'DSP48' <Latency = 3> <II = 1> <Delay = 0.53> <IPBlock> <Opcode : 'mul' 'add' 'sub' 'select'> <InPorts = 0> <OutPorts = 1> <Sync> <CReg>
ST_5 : Operation 163 [1/1] (0.38ns)   --->   "%store_ln78 = store i32 %bucket_num, i32 %bucket_num_012" [sort_seperate_bucket/radix_sort.c:78]   --->   Operation 163 'store' 'store_ln78' <Predicate = (!icmp_ln78)> <Delay = 0.38>
ST_5 : Operation 164 [1/1] (0.38ns)   --->   "%store_ln78 = store i4 %i_55, i4 %i_011" [sort_seperate_bucket/radix_sort.c:78]   --->   Operation 164 'store' 'store_ln78' <Predicate = (!icmp_ln78)> <Delay = 0.38>
ST_5 : Operation 165 [2/2] (0.00ns)   --->   "%call_ln0 = call void @radix_sort_unified_bucket_pingpong.27.1_Pipeline_output_bucket, i32 %bucket, i32 %sorted_data"   --->   Operation 165 'call' 'call_ln0' <Predicate = (icmp_ln78)> <Delay = 0.00> <CoreType = "Generic">   --->   Core 0 '' <Latency = 0> <II = 1> <Delay = 1.00> <Generic> <Opcode : >

State 6 <SV = 5> <Delay = 0.63>
ST_6 : Operation 166 [1/2] (0.63ns)   --->   "%call_ln0 = call void @radix_sort_unified_bucket_pingpong.27.1_Pipeline_bucket_pointer_initialization, i32 %bucket_sizes_1965_load, i32 %bucket_sizes_1964_load, i32 %bucket_sizes_1963_load, i32 %bucket_sizes_1962_load, i32 %bucket_sizes_1961_load, i32 %bucket_sizes_1960_load, i32 %bucket_sizes_1959_load, i32 %bucket_sizes_1958_load, i32 %bucket_sizes_1957_load, i32 %bucket_sizes_1956_load, i32 %bucket_sizes_1955_load, i32 %bucket_sizes_1954_load, i32 %bucket_sizes_1953_load, i32 %bucket_sizes_1952_load, i32 %bucket_sizes_1951_load, i32 %bucket_sizes_load, i32 %bucket_pointer_1496_load, i32 %bucket_pointer_1495_load, i32 %bucket_pointer_1494_load, i32 %bucket_pointer_1493_load, i32 %bucket_pointer_1492_load, i32 %bucket_pointer_1491_load, i32 %bucket_pointer_1490_load, i32 %bucket_pointer_1489_load, i32 %bucket_pointer_1488_load, i32 %bucket_pointer_1487_load, i32 %bucket_pointer_1486_load, i32 %bucket_pointer_1485_load, i32 %bucket_pointer_1484_load, i32 %bucket_pointer_1483_load, i32 %bucket_pointer_1482_load, i32 %bucket_pointer_load, i32 %bucket_sizes_6331_loc, i32 %bucket_sizes_6330_loc, i32 %bucket_sizes_6329_loc, i32 %bucket_sizes_6328_loc, i32 %bucket_sizes_6327_loc, i32 %bucket_sizes_6326_loc, i32 %bucket_sizes_6325_loc, i32 %bucket_sizes_6324_loc, i32 %bucket_sizes_6323_loc, i32 %bucket_sizes_6322_loc, i32 %bucket_sizes_6321_loc, i32 %bucket_sizes_6320_loc, i32 %bucket_sizes_6319_loc, i32 %bucket_sizes_6318_loc, i32 %bucket_sizes_6317_loc, i32 %bucket_sizes_6316_loc, i32 %bucket_pointer_2826_loc, i32 %bucket_pointer_2825_loc, i32 %bucket_pointer_2824_loc, i32 %bucket_pointer_2823_loc, i32 %bucket_pointer_2822_loc, i32 %bucket_pointer_2821_loc, i32 %bucket_pointer_2820_loc, i32 %bucket_pointer_2819_loc, i32 %bucket_pointer_2818_loc, i32 %bucket_pointer_2817_loc, i32 %bucket_pointer_2816_loc, i32 %bucket_pointer_2815_loc, i32 %bucket_pointer_2814_loc, i32 %bucket_pointer_2813_loc, i32 %bucket_pointer_2812_loc, i32 %bucket_pointer_2811_loc"   --->   Operation 166 'call' 'call_ln0' <Predicate = true> <Delay = 0.63> <CoreType = "Generic">   --->   Core 0 '' <Latency = 0> <II = 1> <Delay = 1.00> <Generic> <Opcode : >
ST_6 : Operation 167 [3/4] (0.53ns) (root node of the DSP)   --->   "%mul_ln93 = mul i19 %trunc_ln93, i19 156250" [sort_seperate_bucket/radix_sort.c:93]   --->   Operation 167 'mul' 'mul_ln93' <Predicate = true> <Delay = 0.53> <CoreInst = "DSP48">   --->   Core 127 'DSP48' <Latency = 3> <II = 1> <Delay = 0.53> <IPBlock> <Opcode : 'mul' 'add' 'sub' 'select'> <InPorts = 0> <OutPorts = 1> <Sync> <CReg>
ST_6 : Operation 168 [3/4] (0.53ns) (root node of the DSP)   --->   "%mul_ln95 = mul i19 %trunc_ln95, i19 156250" [sort_seperate_bucket/radix_sort.c:95]   --->   Operation 168 'mul' 'mul_ln95' <Predicate = true> <Delay = 0.53> <CoreInst = "DSP48">   --->   Core 127 'DSP48' <Latency = 3> <II = 1> <Delay = 0.53> <IPBlock> <Opcode : 'mul' 'add' 'sub' 'select'> <InPorts = 0> <OutPorts = 1> <Sync> <CReg>

State 7 <SV = 6> <Delay = 0.53>
ST_7 : Operation 169 [2/4] (0.53ns) (root node of the DSP)   --->   "%mul_ln93 = mul i19 %trunc_ln93, i19 156250" [sort_seperate_bucket/radix_sort.c:93]   --->   Operation 169 'mul' 'mul_ln93' <Predicate = true> <Delay = 0.53> <CoreInst = "DSP48">   --->   Core 127 'DSP48' <Latency = 3> <II = 1> <Delay = 0.53> <IPBlock> <Opcode : 'mul' 'add' 'sub' 'select'> <InPorts = 0> <OutPorts = 1> <Sync> <CReg>
ST_7 : Operation 170 [2/4] (0.53ns) (root node of the DSP)   --->   "%mul_ln95 = mul i19 %trunc_ln95, i19 156250" [sort_seperate_bucket/radix_sort.c:95]   --->   Operation 170 'mul' 'mul_ln95' <Predicate = true> <Delay = 0.53> <CoreInst = "DSP48">   --->   Core 127 'DSP48' <Latency = 3> <II = 1> <Delay = 0.53> <IPBlock> <Opcode : 'mul' 'add' 'sub' 'select'> <InPorts = 0> <OutPorts = 1> <Sync> <CReg>

State 8 <SV = 7> <Delay = 2.05>
ST_8 : Operation 171 [1/1] (0.00ns)   --->   "%bucket_sizes_6331_loc_load = load i32 %bucket_sizes_6331_loc"   --->   Operation 171 'load' 'bucket_sizes_6331_loc_load' <Predicate = true> <Delay = 0.00>
ST_8 : Operation 172 [1/1] (0.00ns)   --->   "%bucket_sizes_6330_loc_load = load i32 %bucket_sizes_6330_loc"   --->   Operation 172 'load' 'bucket_sizes_6330_loc_load' <Predicate = true> <Delay = 0.00>
ST_8 : Operation 173 [1/1] (0.00ns)   --->   "%bucket_sizes_6329_loc_load = load i32 %bucket_sizes_6329_loc"   --->   Operation 173 'load' 'bucket_sizes_6329_loc_load' <Predicate = true> <Delay = 0.00>
ST_8 : Operation 174 [1/1] (0.00ns)   --->   "%bucket_sizes_6328_loc_load = load i32 %bucket_sizes_6328_loc"   --->   Operation 174 'load' 'bucket_sizes_6328_loc_load' <Predicate = true> <Delay = 0.00>
ST_8 : Operation 175 [1/1] (0.00ns)   --->   "%bucket_sizes_6327_loc_load = load i32 %bucket_sizes_6327_loc"   --->   Operation 175 'load' 'bucket_sizes_6327_loc_load' <Predicate = true> <Delay = 0.00>
ST_8 : Operation 176 [1/1] (0.00ns)   --->   "%bucket_sizes_6326_loc_load = load i32 %bucket_sizes_6326_loc"   --->   Operation 176 'load' 'bucket_sizes_6326_loc_load' <Predicate = true> <Delay = 0.00>
ST_8 : Operation 177 [1/1] (0.00ns)   --->   "%bucket_sizes_6325_loc_load = load i32 %bucket_sizes_6325_loc"   --->   Operation 177 'load' 'bucket_sizes_6325_loc_load' <Predicate = true> <Delay = 0.00>
ST_8 : Operation 178 [1/1] (0.00ns)   --->   "%bucket_sizes_6324_loc_load = load i32 %bucket_sizes_6324_loc"   --->   Operation 178 'load' 'bucket_sizes_6324_loc_load' <Predicate = true> <Delay = 0.00>
ST_8 : Operation 179 [1/1] (0.00ns)   --->   "%bucket_sizes_6323_loc_load = load i32 %bucket_sizes_6323_loc"   --->   Operation 179 'load' 'bucket_sizes_6323_loc_load' <Predicate = true> <Delay = 0.00>
ST_8 : Operation 180 [1/1] (0.00ns)   --->   "%bucket_sizes_6322_loc_load = load i32 %bucket_sizes_6322_loc"   --->   Operation 180 'load' 'bucket_sizes_6322_loc_load' <Predicate = true> <Delay = 0.00>
ST_8 : Operation 181 [1/1] (0.00ns)   --->   "%bucket_sizes_6321_loc_load = load i32 %bucket_sizes_6321_loc"   --->   Operation 181 'load' 'bucket_sizes_6321_loc_load' <Predicate = true> <Delay = 0.00>
ST_8 : Operation 182 [1/1] (0.00ns)   --->   "%bucket_sizes_6320_loc_load = load i32 %bucket_sizes_6320_loc"   --->   Operation 182 'load' 'bucket_sizes_6320_loc_load' <Predicate = true> <Delay = 0.00>
ST_8 : Operation 183 [1/1] (0.00ns)   --->   "%bucket_sizes_6319_loc_load = load i32 %bucket_sizes_6319_loc"   --->   Operation 183 'load' 'bucket_sizes_6319_loc_load' <Predicate = true> <Delay = 0.00>
ST_8 : Operation 184 [1/1] (0.00ns)   --->   "%bucket_sizes_6318_loc_load = load i32 %bucket_sizes_6318_loc"   --->   Operation 184 'load' 'bucket_sizes_6318_loc_load' <Predicate = true> <Delay = 0.00>
ST_8 : Operation 185 [1/1] (0.00ns)   --->   "%bucket_sizes_6317_loc_load = load i32 %bucket_sizes_6317_loc"   --->   Operation 185 'load' 'bucket_sizes_6317_loc_load' <Predicate = true> <Delay = 0.00>
ST_8 : Operation 186 [1/1] (0.00ns)   --->   "%bucket_sizes_6316_loc_load = load i32 %bucket_sizes_6316_loc"   --->   Operation 186 'load' 'bucket_sizes_6316_loc_load' <Predicate = true> <Delay = 0.00>
ST_8 : Operation 187 [1/1] (0.00ns)   --->   "%bucket_pointer_2826_loc_load = load i32 %bucket_pointer_2826_loc"   --->   Operation 187 'load' 'bucket_pointer_2826_loc_load' <Predicate = true> <Delay = 0.00>
ST_8 : Operation 188 [1/1] (0.00ns)   --->   "%bucket_pointer_2825_loc_load = load i32 %bucket_pointer_2825_loc"   --->   Operation 188 'load' 'bucket_pointer_2825_loc_load' <Predicate = true> <Delay = 0.00>
ST_8 : Operation 189 [1/1] (0.00ns)   --->   "%bucket_pointer_2824_loc_load = load i32 %bucket_pointer_2824_loc"   --->   Operation 189 'load' 'bucket_pointer_2824_loc_load' <Predicate = true> <Delay = 0.00>
ST_8 : Operation 190 [1/1] (0.00ns)   --->   "%bucket_pointer_2823_loc_load = load i32 %bucket_pointer_2823_loc"   --->   Operation 190 'load' 'bucket_pointer_2823_loc_load' <Predicate = true> <Delay = 0.00>
ST_8 : Operation 191 [1/1] (0.00ns)   --->   "%bucket_pointer_2822_loc_load = load i32 %bucket_pointer_2822_loc"   --->   Operation 191 'load' 'bucket_pointer_2822_loc_load' <Predicate = true> <Delay = 0.00>
ST_8 : Operation 192 [1/1] (0.00ns)   --->   "%bucket_pointer_2821_loc_load = load i32 %bucket_pointer_2821_loc"   --->   Operation 192 'load' 'bucket_pointer_2821_loc_load' <Predicate = true> <Delay = 0.00>
ST_8 : Operation 193 [1/1] (0.00ns)   --->   "%bucket_pointer_2820_loc_load = load i32 %bucket_pointer_2820_loc"   --->   Operation 193 'load' 'bucket_pointer_2820_loc_load' <Predicate = true> <Delay = 0.00>
ST_8 : Operation 194 [1/1] (0.00ns)   --->   "%bucket_pointer_2819_loc_load = load i32 %bucket_pointer_2819_loc"   --->   Operation 194 'load' 'bucket_pointer_2819_loc_load' <Predicate = true> <Delay = 0.00>
ST_8 : Operation 195 [1/1] (0.00ns)   --->   "%bucket_pointer_2818_loc_load = load i32 %bucket_pointer_2818_loc"   --->   Operation 195 'load' 'bucket_pointer_2818_loc_load' <Predicate = true> <Delay = 0.00>
ST_8 : Operation 196 [1/1] (0.00ns)   --->   "%bucket_pointer_2817_loc_load = load i32 %bucket_pointer_2817_loc"   --->   Operation 196 'load' 'bucket_pointer_2817_loc_load' <Predicate = true> <Delay = 0.00>
ST_8 : Operation 197 [1/1] (0.00ns)   --->   "%bucket_pointer_2816_loc_load = load i32 %bucket_pointer_2816_loc"   --->   Operation 197 'load' 'bucket_pointer_2816_loc_load' <Predicate = true> <Delay = 0.00>
ST_8 : Operation 198 [1/1] (0.00ns)   --->   "%bucket_pointer_2815_loc_load = load i32 %bucket_pointer_2815_loc"   --->   Operation 198 'load' 'bucket_pointer_2815_loc_load' <Predicate = true> <Delay = 0.00>
ST_8 : Operation 199 [1/1] (0.00ns)   --->   "%bucket_pointer_2814_loc_load = load i32 %bucket_pointer_2814_loc"   --->   Operation 199 'load' 'bucket_pointer_2814_loc_load' <Predicate = true> <Delay = 0.00>
ST_8 : Operation 200 [1/1] (0.00ns)   --->   "%bucket_pointer_2813_loc_load = load i32 %bucket_pointer_2813_loc"   --->   Operation 200 'load' 'bucket_pointer_2813_loc_load' <Predicate = true> <Delay = 0.00>
ST_8 : Operation 201 [1/1] (0.00ns)   --->   "%bucket_pointer_2812_loc_load = load i32 %bucket_pointer_2812_loc"   --->   Operation 201 'load' 'bucket_pointer_2812_loc_load' <Predicate = true> <Delay = 0.00>
ST_8 : Operation 202 [1/1] (0.00ns)   --->   "%bucket_pointer_2811_loc_load = load i32 %bucket_pointer_2811_loc"   --->   Operation 202 'load' 'bucket_pointer_2811_loc_load' <Predicate = true> <Delay = 0.00>
ST_8 : Operation 203 [1/4] (0.00ns) (root node of the DSP)   --->   "%mul_ln93 = mul i19 %trunc_ln93, i19 156250" [sort_seperate_bucket/radix_sort.c:93]   --->   Operation 203 'mul' 'mul_ln93' <Predicate = true> <Delay = 0.00> <CoreInst = "DSP48">   --->   Core 127 'DSP48' <Latency = 3> <II = 1> <Delay = 0.53> <IPBlock> <Opcode : 'mul' 'add' 'sub' 'select'> <InPorts = 0> <OutPorts = 1> <Sync> <CReg>
ST_8 : Operation 204 [1/1] (0.00ns)   --->   "%mul = bitconcatenate i5 @_ssdm_op_BitConcatenate.i5.i3.i2, i3 %empty_252, i2 0"   --->   Operation 204 'bitconcatenate' 'mul' <Predicate = true> <Delay = 0.00>
ST_8 : Operation 205 [1/4] (0.00ns) (root node of the DSP)   --->   "%mul_ln95 = mul i19 %trunc_ln95, i19 156250" [sort_seperate_bucket/radix_sort.c:95]   --->   Operation 205 'mul' 'mul_ln95' <Predicate = true> <Delay = 0.00> <CoreInst = "DSP48">   --->   Core 127 'DSP48' <Latency = 3> <II = 1> <Delay = 0.53> <IPBlock> <Opcode : 'mul' 'add' 'sub' 'select'> <InPorts = 0> <OutPorts = 1> <Sync> <CReg>
ST_8 : Operation 206 [2/2] (2.05ns)   --->   "%call_ln93 = call void @radix_sort_unified_bucket_pingpong.27.1_Pipeline_input_bucket, i32 %bucket_sizes_6331_loc_load, i32 %bucket_sizes_6330_loc_load, i32 %bucket_sizes_6329_loc_load, i32 %bucket_sizes_6328_loc_load, i32 %bucket_sizes_6327_loc_load, i32 %bucket_sizes_6326_loc_load, i32 %bucket_sizes_6325_loc_load, i32 %bucket_sizes_6324_loc_load, i32 %bucket_sizes_6323_loc_load, i32 %bucket_sizes_6322_loc_load, i32 %bucket_sizes_6321_loc_load, i32 %bucket_sizes_6320_loc_load, i32 %bucket_sizes_6319_loc_load, i32 %bucket_sizes_6318_loc_load, i32 %bucket_sizes_6317_loc_load, i32 %bucket_sizes_6316_loc_load, i32 %bucket_pointer_2826_loc_load, i32 %bucket_pointer_2825_loc_load, i32 %bucket_pointer_2824_loc_load, i32 %bucket_pointer_2823_loc_load, i32 %bucket_pointer_2822_loc_load, i32 %bucket_pointer_2821_loc_load, i32 %bucket_pointer_2820_loc_load, i32 %bucket_pointer_2819_loc_load, i32 %bucket_pointer_2818_loc_load, i32 %bucket_pointer_2817_loc_load, i32 %bucket_pointer_2816_loc_load, i32 %bucket_pointer_2815_loc_load, i32 %bucket_pointer_2814_loc_load, i32 %bucket_pointer_2813_loc_load, i32 %bucket_pointer_2812_loc_load, i32 %bucket_pointer_2811_loc_load, i19 %mul_ln93, i32 %bucket, i5 %mul, i19 %mul_ln95, i32 %bucket_sizes_1965, i32 %bucket_sizes_1964, i32 %bucket_sizes_1963, i32 %bucket_sizes_1962, i32 %bucket_sizes_1961, i32 %bucket_sizes_1960, i32 %bucket_sizes_1959, i32 %bucket_sizes_1958, i32 %bucket_sizes_1957, i32 %bucket_sizes_1956, i32 %bucket_sizes_1955, i32 %bucket_sizes_1954, i32 %bucket_sizes_1953, i32 %bucket_sizes_1952, i32 %bucket_sizes_1951, i32 %bucket_sizes, i32 %bucket_pointer_1496, i32 %bucket_pointer_1495, i32 %bucket_pointer_1494, i32 %bucket_pointer_1493, i32 %bucket_pointer_1492, i32 %bucket_pointer_1491, i32 %bucket_pointer_1490, i32 %bucket_pointer_1489, i32 %bucket_pointer_1488, i32 %bucket_pointer_1487, i32 %bucket_pointer_1486, i32 %bucket_pointer_1485, i32 %bucket_pointer_1484, i32 %bucket_pointer_1483, i32 %bucket_pointer_1482, i32 %bucket_pointer" [sort_seperate_bucket/radix_sort.c:93]   --->   Operation 206 'call' 'call_ln93' <Predicate = true> <Delay = 2.05> <CoreType = "Generic">   --->   Core 0 '' <Latency = 0> <II = 1> <Delay = 1.00> <Generic> <Opcode : >

State 9 <SV = 8> <Delay = 0.00>
ST_9 : Operation 207 [1/1] (0.00ns)   --->   "%specloopname_ln62 = specloopname void @_ssdm_op_SpecLoopName, void @empty_41" [sort_seperate_bucket/radix_sort.c:62]   --->   Operation 207 'specloopname' 'specloopname_ln62' <Predicate = true> <Delay = 0.00>
ST_9 : Operation 208 [1/2] (0.00ns)   --->   "%call_ln93 = call void @radix_sort_unified_bucket_pingpong.27.1_Pipeline_input_bucket, i32 %bucket_sizes_6331_loc_load, i32 %bucket_sizes_6330_loc_load, i32 %bucket_sizes_6329_loc_load, i32 %bucket_sizes_6328_loc_load, i32 %bucket_sizes_6327_loc_load, i32 %bucket_sizes_6326_loc_load, i32 %bucket_sizes_6325_loc_load, i32 %bucket_sizes_6324_loc_load, i32 %bucket_sizes_6323_loc_load, i32 %bucket_sizes_6322_loc_load, i32 %bucket_sizes_6321_loc_load, i32 %bucket_sizes_6320_loc_load, i32 %bucket_sizes_6319_loc_load, i32 %bucket_sizes_6318_loc_load, i32 %bucket_sizes_6317_loc_load, i32 %bucket_sizes_6316_loc_load, i32 %bucket_pointer_2826_loc_load, i32 %bucket_pointer_2825_loc_load, i32 %bucket_pointer_2824_loc_load, i32 %bucket_pointer_2823_loc_load, i32 %bucket_pointer_2822_loc_load, i32 %bucket_pointer_2821_loc_load, i32 %bucket_pointer_2820_loc_load, i32 %bucket_pointer_2819_loc_load, i32 %bucket_pointer_2818_loc_load, i32 %bucket_pointer_2817_loc_load, i32 %bucket_pointer_2816_loc_load, i32 %bucket_pointer_2815_loc_load, i32 %bucket_pointer_2814_loc_load, i32 %bucket_pointer_2813_loc_load, i32 %bucket_pointer_2812_loc_load, i32 %bucket_pointer_2811_loc_load, i19 %mul_ln93, i32 %bucket, i5 %mul, i19 %mul_ln95, i32 %bucket_sizes_1965, i32 %bucket_sizes_1964, i32 %bucket_sizes_1963, i32 %bucket_sizes_1962, i32 %bucket_sizes_1961, i32 %bucket_sizes_1960, i32 %bucket_sizes_1959, i32 %bucket_sizes_1958, i32 %bucket_sizes_1957, i32 %bucket_sizes_1956, i32 %bucket_sizes_1955, i32 %bucket_sizes_1954, i32 %bucket_sizes_1953, i32 %bucket_sizes_1952, i32 %bucket_sizes_1951, i32 %bucket_sizes, i32 %bucket_pointer_1496, i32 %bucket_pointer_1495, i32 %bucket_pointer_1494, i32 %bucket_pointer_1493, i32 %bucket_pointer_1492, i32 %bucket_pointer_1491, i32 %bucket_pointer_1490, i32 %bucket_pointer_1489, i32 %bucket_pointer_1488, i32 %bucket_pointer_1487, i32 %bucket_pointer_1486, i32 %bucket_pointer_1485, i32 %bucket_pointer_1484, i32 %bucket_pointer_1483, i32 %bucket_pointer_1482, i32 %bucket_pointer" [sort_seperate_bucket/radix_sort.c:93]   --->   Operation 208 'call' 'call_ln93' <Predicate = true> <Delay = 0.00> <CoreType = "Generic">   --->   Core 0 '' <Latency = 0> <II = 1> <Delay = 1.00> <Generic> <Opcode : >
ST_9 : Operation 209 [1/1] (0.00ns)   --->   "%br_ln78 = br void %bucket_pointer_initialization" [sort_seperate_bucket/radix_sort.c:78]   --->   Operation 209 'br' 'br_ln78' <Predicate = true> <Delay = 0.00>

State 10 <SV = 5> <Delay = 0.00>
ST_10 : Operation 210 [1/2] (0.00ns)   --->   "%call_ln0 = call void @radix_sort_unified_bucket_pingpong.27.1_Pipeline_output_bucket, i32 %bucket, i32 %sorted_data"   --->   Operation 210 'call' 'call_ln0' <Predicate = true> <Delay = 0.00> <CoreType = "Generic">   --->   Core 0 '' <Latency = 0> <II = 1> <Delay = 1.00> <Generic> <Opcode : >
ST_10 : Operation 211 [1/1] (0.00ns)   --->   "%ret_ln108 = ret" [sort_seperate_bucket/radix_sort.c:108]   --->   Operation 211 'ret' 'ret_ln108' <Predicate = true> <Delay = 0.00>


============================================================
+ Verbose Summary: Timing violations
============================================================
Target clock period: 10ns, clock uncertainty: 2.7ns.

 <State 1>: 0.387ns
The critical path consists of the following:
	'alloca' operation ('bucket_num') [4]  (0 ns)
	'store' operation ('store_ln78', sort_seperate_bucket/radix_sort.c:78) of constant 0 on local variable 'bucket_num' [105]  (0.387 ns)

 <State 2>: 1.02ns
The critical path consists of the following:
	'call' operation ('call_ln0') to 'radix_sort_unified_bucket_pingpong.27.1_Pipeline_1' [87]  (1.02 ns)

 <State 3>: 0.387ns
The critical path consists of the following:
	'load' operation ('bucket_sizes_6250_loc_load') on local variable 'bucket_sizes_6250_loc' [88]  (0 ns)
	'call' operation ('call_ln0') to 'radix_sort_unified_bucket_pingpong.27.1_Pipeline_initialization' [104]  (0.387 ns)

 <State 4>: 0ns
The critical path consists of the following:

 <State 5>: 1.42ns
The critical path consists of the following:
	'load' operation ('bucket_num_012_load', sort_seperate_bucket/radix_sort.c:95) on local variable 'bucket_num' [115]  (0 ns)
	'sub' operation ('bucket_num', sort_seperate_bucket/radix_sort.c:95) [182]  (0.88 ns)
	'mul' operation of DSP[184] ('mul_ln93', sort_seperate_bucket/radix_sort.c:93) [184]  (0.535 ns)

 <State 6>: 0.637ns
The critical path consists of the following:
	'call' operation ('call_ln0') to 'radix_sort_unified_bucket_pingpong.27.1_Pipeline_bucket_pointer_initialization' [149]  (0.637 ns)

 <State 7>: 0.535ns
The critical path consists of the following:
	'mul' operation of DSP[184] ('mul_ln93', sort_seperate_bucket/radix_sort.c:93) [184]  (0.535 ns)

 <State 8>: 2.05ns
The critical path consists of the following:
	'load' operation ('bucket_sizes_6331_loc_load') on local variable 'bucket_sizes_6331_loc' [150]  (0 ns)
	'call' operation ('call_ln93', sort_seperate_bucket/radix_sort.c:93) to 'radix_sort_unified_bucket_pingpong.27.1_Pipeline_input_bucket' [189]  (2.05 ns)

 <State 9>: 0ns
The critical path consists of the following:

 <State 10>: 0ns
The critical path consists of the following:


============================================================
+ Verbose Summary: Binding
============================================================
N/A
* FSMD analyzer results:
  - Output states:
 - Input state : 
  - Chain level:
	State 1
	State 2
	State 3
	State 4
	State 5
	State 6
	State 7
	State 8
	State 9
	State 10


============================================================
+ Verbose Summary: Datapath Resource usage 
============================================================
N/A
