

================================================================
== Vitis HLS Report for 'radix_sort_unified_bucket_pingpong_43_1_Pipeline_bucket_pointer_initialization'
================================================================
* Date:           Sat Apr 22 15:35:10 2023

* Version:        2022.2 (Build 3670227 on Oct 13 2022)
* Project:        sort_seperate_bucket
* Solution:       solution1 (Vivado IP Flow Target)
* Product family: virtexuplus
* Target device:  xcu280-fsvh2892-2L-e


================================================================
== Performance Estimates
================================================================
+ Timing: 
    * Summary: 
    +--------+----------+----------+------------+
    |  Clock |  Target  | Estimated| Uncertainty|
    +--------+----------+----------+------------+
    |ap_clk  |  10.00 ns|  1.760 ns|     2.70 ns|
    +--------+----------+----------+------------+

+ Latency: 
    * Summary: 
    +---------+---------+----------+----------+-----+-----+---------+
    |  Latency (cycles) |  Latency (absolute) |  Interval | Pipeline|
    |   min   |   max   |    min   |    max   | min | max |   Type  |
    +---------+---------+----------+----------+-----+-----+---------+
    |       18|       18|  0.180 us|  0.180 us|   18|   18|       no|
    +---------+---------+----------+----------+-----+-----+---------+

    + Detail: 
        * Instance: 
        N/A

        * Loop: 
        +---------------------------------+---------+---------+----------+-----------+-----------+------+----------+
        |                                 |  Latency (cycles) | Iteration|  Initiation Interval  | Trip |          |
        |            Loop Name            |   min   |   max   |  Latency |  achieved |   target  | Count| Pipelined|
        +---------------------------------+---------+---------+----------+-----------+-----------+------+----------+
        |- bucket_pointer_initialization  |       16|       16|         1|          1|          1|    16|       yes|
        +---------------------------------+---------+---------+----------+-----------+-----------+------+----------+

============================================================
+ Verbose Summary: Synthesis Manager
============================================================
InlineROM: 1
ExposeGlobal: 0
============================================================
+ Verbose Summary: CDFG Model
============================================================
IsTopModel: 0
ResetActiveHigh: 1
IsCombinational: 0
IsDatapathOnly: 0
HasWiredReturn: 1
HasMFsm: 2
HasVarLatency: 1
IsPipeline: 0
IsRtlPipelined: 0
IsInstanceOverlapped: 0
IsDontTouch: 0
HasImplIP: 0
IsGatedGlobalClock: 0

+ Individual pipeline summary: 
  * Pipeline-0: initiation interval (II) = 1, depth = 2


============================================================
+ Verbose Summary: Schedule
============================================================
* Number of FSM states : 2
* Pipeline : 1
  Pipeline-0 : II = 1, D = 2, States = { 1 2 }
* Dataflow Pipeline: 0

* FSM state transitions: 
1 --> 2 
2 --> 

* FSM state operations: 

State 1 <SV = 0> <Delay = 0.38>
ST_1 : Operation 4 [1/1] (0.00ns)   --->   "%m = alloca i32 1"   --->   Operation 4 'alloca' 'm' <Predicate = true> <Delay = 0.00>
ST_1 : Operation 5 [1/1] (0.00ns)   --->   "%bucket_pointer_851 = alloca i32 1"   --->   Operation 5 'alloca' 'bucket_pointer_851' <Predicate = true> <Delay = 0.00>
ST_1 : Operation 6 [1/1] (0.00ns)   --->   "%bucket_pointer_852 = alloca i32 1"   --->   Operation 6 'alloca' 'bucket_pointer_852' <Predicate = true> <Delay = 0.00>
ST_1 : Operation 7 [1/1] (0.00ns)   --->   "%bucket_pointer_853 = alloca i32 1"   --->   Operation 7 'alloca' 'bucket_pointer_853' <Predicate = true> <Delay = 0.00>
ST_1 : Operation 8 [1/1] (0.00ns)   --->   "%bucket_pointer_854 = alloca i32 1"   --->   Operation 8 'alloca' 'bucket_pointer_854' <Predicate = true> <Delay = 0.00>
ST_1 : Operation 9 [1/1] (0.00ns)   --->   "%bucket_pointer_855 = alloca i32 1"   --->   Operation 9 'alloca' 'bucket_pointer_855' <Predicate = true> <Delay = 0.00>
ST_1 : Operation 10 [1/1] (0.00ns)   --->   "%bucket_pointer_856 = alloca i32 1"   --->   Operation 10 'alloca' 'bucket_pointer_856' <Predicate = true> <Delay = 0.00>
ST_1 : Operation 11 [1/1] (0.00ns)   --->   "%bucket_pointer_857 = alloca i32 1"   --->   Operation 11 'alloca' 'bucket_pointer_857' <Predicate = true> <Delay = 0.00>
ST_1 : Operation 12 [1/1] (0.00ns)   --->   "%bucket_pointer_858 = alloca i32 1"   --->   Operation 12 'alloca' 'bucket_pointer_858' <Predicate = true> <Delay = 0.00>
ST_1 : Operation 13 [1/1] (0.00ns)   --->   "%bucket_pointer_859 = alloca i32 1"   --->   Operation 13 'alloca' 'bucket_pointer_859' <Predicate = true> <Delay = 0.00>
ST_1 : Operation 14 [1/1] (0.00ns)   --->   "%bucket_pointer_860 = alloca i32 1"   --->   Operation 14 'alloca' 'bucket_pointer_860' <Predicate = true> <Delay = 0.00>
ST_1 : Operation 15 [1/1] (0.00ns)   --->   "%bucket_pointer_861 = alloca i32 1"   --->   Operation 15 'alloca' 'bucket_pointer_861' <Predicate = true> <Delay = 0.00>
ST_1 : Operation 16 [1/1] (0.00ns)   --->   "%bucket_pointer_862 = alloca i32 1"   --->   Operation 16 'alloca' 'bucket_pointer_862' <Predicate = true> <Delay = 0.00>
ST_1 : Operation 17 [1/1] (0.00ns)   --->   "%bucket_pointer_863 = alloca i32 1"   --->   Operation 17 'alloca' 'bucket_pointer_863' <Predicate = true> <Delay = 0.00>
ST_1 : Operation 18 [1/1] (0.00ns)   --->   "%bucket_pointer_864 = alloca i32 1"   --->   Operation 18 'alloca' 'bucket_pointer_864' <Predicate = true> <Delay = 0.00>
ST_1 : Operation 19 [1/1] (0.00ns)   --->   "%bucket_pointer_865 = alloca i32 1"   --->   Operation 19 'alloca' 'bucket_pointer_865' <Predicate = true> <Delay = 0.00>
ST_1 : Operation 20 [1/1] (0.00ns)   --->   "%bucket_pointer_866 = alloca i32 1"   --->   Operation 20 'alloca' 'bucket_pointer_866' <Predicate = true> <Delay = 0.00>
ST_1 : Operation 21 [1/1] (0.00ns)   --->   "%bucket_pointer_867 = alloca i32 1"   --->   Operation 21 'alloca' 'bucket_pointer_867' <Predicate = true> <Delay = 0.00>
ST_1 : Operation 22 [1/1] (0.00ns)   --->   "%bucket_sizes = alloca i32 1"   --->   Operation 22 'alloca' 'bucket_sizes' <Predicate = true> <Delay = 0.00>
ST_1 : Operation 23 [1/1] (0.00ns)   --->   "%bucket_sizes_1111 = alloca i32 1"   --->   Operation 23 'alloca' 'bucket_sizes_1111' <Predicate = true> <Delay = 0.00>
ST_1 : Operation 24 [1/1] (0.00ns)   --->   "%bucket_sizes_1112 = alloca i32 1"   --->   Operation 24 'alloca' 'bucket_sizes_1112' <Predicate = true> <Delay = 0.00>
ST_1 : Operation 25 [1/1] (0.00ns)   --->   "%bucket_sizes_1113 = alloca i32 1"   --->   Operation 25 'alloca' 'bucket_sizes_1113' <Predicate = true> <Delay = 0.00>
ST_1 : Operation 26 [1/1] (0.00ns)   --->   "%bucket_sizes_1114 = alloca i32 1"   --->   Operation 26 'alloca' 'bucket_sizes_1114' <Predicate = true> <Delay = 0.00>
ST_1 : Operation 27 [1/1] (0.00ns)   --->   "%bucket_sizes_1115 = alloca i32 1"   --->   Operation 27 'alloca' 'bucket_sizes_1115' <Predicate = true> <Delay = 0.00>
ST_1 : Operation 28 [1/1] (0.00ns)   --->   "%bucket_sizes_1116 = alloca i32 1"   --->   Operation 28 'alloca' 'bucket_sizes_1116' <Predicate = true> <Delay = 0.00>
ST_1 : Operation 29 [1/1] (0.00ns)   --->   "%bucket_sizes_1117 = alloca i32 1"   --->   Operation 29 'alloca' 'bucket_sizes_1117' <Predicate = true> <Delay = 0.00>
ST_1 : Operation 30 [1/1] (0.00ns)   --->   "%bucket_sizes_1118 = alloca i32 1"   --->   Operation 30 'alloca' 'bucket_sizes_1118' <Predicate = true> <Delay = 0.00>
ST_1 : Operation 31 [1/1] (0.00ns)   --->   "%bucket_sizes_1119 = alloca i32 1"   --->   Operation 31 'alloca' 'bucket_sizes_1119' <Predicate = true> <Delay = 0.00>
ST_1 : Operation 32 [1/1] (0.00ns)   --->   "%bucket_sizes_1120 = alloca i32 1"   --->   Operation 32 'alloca' 'bucket_sizes_1120' <Predicate = true> <Delay = 0.00>
ST_1 : Operation 33 [1/1] (0.00ns)   --->   "%bucket_sizes_1121 = alloca i32 1"   --->   Operation 33 'alloca' 'bucket_sizes_1121' <Predicate = true> <Delay = 0.00>
ST_1 : Operation 34 [1/1] (0.00ns)   --->   "%bucket_sizes_1122 = alloca i32 1"   --->   Operation 34 'alloca' 'bucket_sizes_1122' <Predicate = true> <Delay = 0.00>
ST_1 : Operation 35 [1/1] (0.00ns)   --->   "%bucket_sizes_1123 = alloca i32 1"   --->   Operation 35 'alloca' 'bucket_sizes_1123' <Predicate = true> <Delay = 0.00>
ST_1 : Operation 36 [1/1] (0.00ns)   --->   "%bucket_sizes_1124 = alloca i32 1"   --->   Operation 36 'alloca' 'bucket_sizes_1124' <Predicate = true> <Delay = 0.00>
ST_1 : Operation 37 [1/1] (0.00ns)   --->   "%bucket_sizes_1125 = alloca i32 1"   --->   Operation 37 'alloca' 'bucket_sizes_1125' <Predicate = true> <Delay = 0.00>
ST_1 : Operation 38 [1/1] (0.00ns)   --->   "%bucket_pointer_read = read i32 @_ssdm_op_Read.ap_auto.i32, i32 %bucket_pointer"   --->   Operation 38 'read' 'bucket_pointer_read' <Predicate = true> <Delay = 0.00>
ST_1 : Operation 39 [1/1] (0.00ns)   --->   "%bucket_pointer_1626_read = read i32 @_ssdm_op_Read.ap_auto.i32, i32 %bucket_pointer_1626"   --->   Operation 39 'read' 'bucket_pointer_1626_read' <Predicate = true> <Delay = 0.00>
ST_1 : Operation 40 [1/1] (0.00ns)   --->   "%bucket_pointer_1627_read = read i32 @_ssdm_op_Read.ap_auto.i32, i32 %bucket_pointer_1627"   --->   Operation 40 'read' 'bucket_pointer_1627_read' <Predicate = true> <Delay = 0.00>
ST_1 : Operation 41 [1/1] (0.00ns)   --->   "%bucket_pointer_1628_read = read i32 @_ssdm_op_Read.ap_auto.i32, i32 %bucket_pointer_1628"   --->   Operation 41 'read' 'bucket_pointer_1628_read' <Predicate = true> <Delay = 0.00>
ST_1 : Operation 42 [1/1] (0.00ns)   --->   "%bucket_pointer_1629_read = read i32 @_ssdm_op_Read.ap_auto.i32, i32 %bucket_pointer_1629"   --->   Operation 42 'read' 'bucket_pointer_1629_read' <Predicate = true> <Delay = 0.00>
ST_1 : Operation 43 [1/1] (0.00ns)   --->   "%bucket_pointer_1630_read = read i32 @_ssdm_op_Read.ap_auto.i32, i32 %bucket_pointer_1630"   --->   Operation 43 'read' 'bucket_pointer_1630_read' <Predicate = true> <Delay = 0.00>
ST_1 : Operation 44 [1/1] (0.00ns)   --->   "%bucket_pointer_1631_read = read i32 @_ssdm_op_Read.ap_auto.i32, i32 %bucket_pointer_1631"   --->   Operation 44 'read' 'bucket_pointer_1631_read' <Predicate = true> <Delay = 0.00>
ST_1 : Operation 45 [1/1] (0.00ns)   --->   "%bucket_pointer_1632_read = read i32 @_ssdm_op_Read.ap_auto.i32, i32 %bucket_pointer_1632"   --->   Operation 45 'read' 'bucket_pointer_1632_read' <Predicate = true> <Delay = 0.00>
ST_1 : Operation 46 [1/1] (0.00ns)   --->   "%bucket_pointer_1633_read = read i32 @_ssdm_op_Read.ap_auto.i32, i32 %bucket_pointer_1633"   --->   Operation 46 'read' 'bucket_pointer_1633_read' <Predicate = true> <Delay = 0.00>
ST_1 : Operation 47 [1/1] (0.00ns)   --->   "%bucket_pointer_1634_read = read i32 @_ssdm_op_Read.ap_auto.i32, i32 %bucket_pointer_1634"   --->   Operation 47 'read' 'bucket_pointer_1634_read' <Predicate = true> <Delay = 0.00>
ST_1 : Operation 48 [1/1] (0.00ns)   --->   "%bucket_pointer_1635_read = read i32 @_ssdm_op_Read.ap_auto.i32, i32 %bucket_pointer_1635"   --->   Operation 48 'read' 'bucket_pointer_1635_read' <Predicate = true> <Delay = 0.00>
ST_1 : Operation 49 [1/1] (0.00ns)   --->   "%bucket_pointer_1636_read = read i32 @_ssdm_op_Read.ap_auto.i32, i32 %bucket_pointer_1636"   --->   Operation 49 'read' 'bucket_pointer_1636_read' <Predicate = true> <Delay = 0.00>
ST_1 : Operation 50 [1/1] (0.00ns)   --->   "%bucket_pointer_1637_read = read i32 @_ssdm_op_Read.ap_auto.i32, i32 %bucket_pointer_1637"   --->   Operation 50 'read' 'bucket_pointer_1637_read' <Predicate = true> <Delay = 0.00>
ST_1 : Operation 51 [1/1] (0.00ns)   --->   "%bucket_pointer_1638_read = read i32 @_ssdm_op_Read.ap_auto.i32, i32 %bucket_pointer_1638"   --->   Operation 51 'read' 'bucket_pointer_1638_read' <Predicate = true> <Delay = 0.00>
ST_1 : Operation 52 [1/1] (0.00ns)   --->   "%bucket_pointer_1639_read = read i32 @_ssdm_op_Read.ap_auto.i32, i32 %bucket_pointer_1639"   --->   Operation 52 'read' 'bucket_pointer_1639_read' <Predicate = true> <Delay = 0.00>
ST_1 : Operation 53 [1/1] (0.00ns)   --->   "%bucket_pointer_1640_read = read i32 @_ssdm_op_Read.ap_auto.i32, i32 %bucket_pointer_1640"   --->   Operation 53 'read' 'bucket_pointer_1640_read' <Predicate = true> <Delay = 0.00>
ST_1 : Operation 54 [1/1] (0.00ns)   --->   "%bucket_sizes_3673_read = read i32 @_ssdm_op_Read.ap_auto.i32, i32 %bucket_sizes_3673"   --->   Operation 54 'read' 'bucket_sizes_3673_read' <Predicate = true> <Delay = 0.00>
ST_1 : Operation 55 [1/1] (0.00ns)   --->   "%bucket_sizes_3690_read = read i32 @_ssdm_op_Read.ap_auto.i32, i32 %bucket_sizes_3690"   --->   Operation 55 'read' 'bucket_sizes_3690_read' <Predicate = true> <Delay = 0.00>
ST_1 : Operation 56 [1/1] (0.00ns)   --->   "%bucket_sizes_3691_read = read i32 @_ssdm_op_Read.ap_auto.i32, i32 %bucket_sizes_3691"   --->   Operation 56 'read' 'bucket_sizes_3691_read' <Predicate = true> <Delay = 0.00>
ST_1 : Operation 57 [1/1] (0.00ns)   --->   "%bucket_sizes_3692_read = read i32 @_ssdm_op_Read.ap_auto.i32, i32 %bucket_sizes_3692"   --->   Operation 57 'read' 'bucket_sizes_3692_read' <Predicate = true> <Delay = 0.00>
ST_1 : Operation 58 [1/1] (0.00ns)   --->   "%bucket_sizes_3693_read = read i32 @_ssdm_op_Read.ap_auto.i32, i32 %bucket_sizes_3693"   --->   Operation 58 'read' 'bucket_sizes_3693_read' <Predicate = true> <Delay = 0.00>
ST_1 : Operation 59 [1/1] (0.00ns)   --->   "%bucket_sizes_3694_read = read i32 @_ssdm_op_Read.ap_auto.i32, i32 %bucket_sizes_3694"   --->   Operation 59 'read' 'bucket_sizes_3694_read' <Predicate = true> <Delay = 0.00>
ST_1 : Operation 60 [1/1] (0.00ns)   --->   "%bucket_sizes_3695_read = read i32 @_ssdm_op_Read.ap_auto.i32, i32 %bucket_sizes_3695"   --->   Operation 60 'read' 'bucket_sizes_3695_read' <Predicate = true> <Delay = 0.00>
ST_1 : Operation 61 [1/1] (0.00ns)   --->   "%bucket_sizes_3696_read = read i32 @_ssdm_op_Read.ap_auto.i32, i32 %bucket_sizes_3696"   --->   Operation 61 'read' 'bucket_sizes_3696_read' <Predicate = true> <Delay = 0.00>
ST_1 : Operation 62 [1/1] (0.00ns)   --->   "%bucket_sizes_3697_read = read i32 @_ssdm_op_Read.ap_auto.i32, i32 %bucket_sizes_3697"   --->   Operation 62 'read' 'bucket_sizes_3697_read' <Predicate = true> <Delay = 0.00>
ST_1 : Operation 63 [1/1] (0.00ns)   --->   "%bucket_sizes_3698_read = read i32 @_ssdm_op_Read.ap_auto.i32, i32 %bucket_sizes_3698"   --->   Operation 63 'read' 'bucket_sizes_3698_read' <Predicate = true> <Delay = 0.00>
ST_1 : Operation 64 [1/1] (0.00ns)   --->   "%bucket_sizes_3699_read = read i32 @_ssdm_op_Read.ap_auto.i32, i32 %bucket_sizes_3699"   --->   Operation 64 'read' 'bucket_sizes_3699_read' <Predicate = true> <Delay = 0.00>
ST_1 : Operation 65 [1/1] (0.00ns)   --->   "%bucket_sizes_3700_read = read i32 @_ssdm_op_Read.ap_auto.i32, i32 %bucket_sizes_3700"   --->   Operation 65 'read' 'bucket_sizes_3700_read' <Predicate = true> <Delay = 0.00>
ST_1 : Operation 66 [1/1] (0.00ns)   --->   "%bucket_sizes_3701_read = read i32 @_ssdm_op_Read.ap_auto.i32, i32 %bucket_sizes_3701"   --->   Operation 66 'read' 'bucket_sizes_3701_read' <Predicate = true> <Delay = 0.00>
ST_1 : Operation 67 [1/1] (0.00ns)   --->   "%bucket_sizes_3702_read = read i32 @_ssdm_op_Read.ap_auto.i32, i32 %bucket_sizes_3702"   --->   Operation 67 'read' 'bucket_sizes_3702_read' <Predicate = true> <Delay = 0.00>
ST_1 : Operation 68 [1/1] (0.00ns)   --->   "%bucket_sizes_3703_read = read i32 @_ssdm_op_Read.ap_auto.i32, i32 %bucket_sizes_3703"   --->   Operation 68 'read' 'bucket_sizes_3703_read' <Predicate = true> <Delay = 0.00>
ST_1 : Operation 69 [1/1] (0.00ns)   --->   "%bucket_sizes_3704_read = read i32 @_ssdm_op_Read.ap_auto.i32, i32 %bucket_sizes_3704"   --->   Operation 69 'read' 'bucket_sizes_3704_read' <Predicate = true> <Delay = 0.00>
ST_1 : Operation 70 [1/1] (0.38ns)   --->   "%store_ln0 = store i32 %bucket_sizes_3704_read, i32 %bucket_sizes_1125"   --->   Operation 70 'store' 'store_ln0' <Predicate = true> <Delay = 0.38>
ST_1 : Operation 71 [1/1] (0.38ns)   --->   "%store_ln0 = store i32 %bucket_sizes_3703_read, i32 %bucket_sizes_1124"   --->   Operation 71 'store' 'store_ln0' <Predicate = true> <Delay = 0.38>
ST_1 : Operation 72 [1/1] (0.38ns)   --->   "%store_ln0 = store i32 %bucket_sizes_3702_read, i32 %bucket_sizes_1123"   --->   Operation 72 'store' 'store_ln0' <Predicate = true> <Delay = 0.38>
ST_1 : Operation 73 [1/1] (0.38ns)   --->   "%store_ln0 = store i32 %bucket_sizes_3701_read, i32 %bucket_sizes_1122"   --->   Operation 73 'store' 'store_ln0' <Predicate = true> <Delay = 0.38>
ST_1 : Operation 74 [1/1] (0.38ns)   --->   "%store_ln0 = store i32 %bucket_sizes_3700_read, i32 %bucket_sizes_1121"   --->   Operation 74 'store' 'store_ln0' <Predicate = true> <Delay = 0.38>
ST_1 : Operation 75 [1/1] (0.38ns)   --->   "%store_ln0 = store i32 %bucket_sizes_3699_read, i32 %bucket_sizes_1120"   --->   Operation 75 'store' 'store_ln0' <Predicate = true> <Delay = 0.38>
ST_1 : Operation 76 [1/1] (0.38ns)   --->   "%store_ln0 = store i32 %bucket_sizes_3698_read, i32 %bucket_sizes_1119"   --->   Operation 76 'store' 'store_ln0' <Predicate = true> <Delay = 0.38>
ST_1 : Operation 77 [1/1] (0.38ns)   --->   "%store_ln0 = store i32 %bucket_sizes_3697_read, i32 %bucket_sizes_1118"   --->   Operation 77 'store' 'store_ln0' <Predicate = true> <Delay = 0.38>
ST_1 : Operation 78 [1/1] (0.38ns)   --->   "%store_ln0 = store i32 %bucket_sizes_3696_read, i32 %bucket_sizes_1117"   --->   Operation 78 'store' 'store_ln0' <Predicate = true> <Delay = 0.38>
ST_1 : Operation 79 [1/1] (0.38ns)   --->   "%store_ln0 = store i32 %bucket_sizes_3695_read, i32 %bucket_sizes_1116"   --->   Operation 79 'store' 'store_ln0' <Predicate = true> <Delay = 0.38>
ST_1 : Operation 80 [1/1] (0.38ns)   --->   "%store_ln0 = store i32 %bucket_sizes_3694_read, i32 %bucket_sizes_1115"   --->   Operation 80 'store' 'store_ln0' <Predicate = true> <Delay = 0.38>
ST_1 : Operation 81 [1/1] (0.38ns)   --->   "%store_ln0 = store i32 %bucket_sizes_3693_read, i32 %bucket_sizes_1114"   --->   Operation 81 'store' 'store_ln0' <Predicate = true> <Delay = 0.38>
ST_1 : Operation 82 [1/1] (0.38ns)   --->   "%store_ln0 = store i32 %bucket_sizes_3692_read, i32 %bucket_sizes_1113"   --->   Operation 82 'store' 'store_ln0' <Predicate = true> <Delay = 0.38>
ST_1 : Operation 83 [1/1] (0.38ns)   --->   "%store_ln0 = store i32 %bucket_sizes_3691_read, i32 %bucket_sizes_1112"   --->   Operation 83 'store' 'store_ln0' <Predicate = true> <Delay = 0.38>
ST_1 : Operation 84 [1/1] (0.38ns)   --->   "%store_ln0 = store i32 %bucket_sizes_3690_read, i32 %bucket_sizes_1111"   --->   Operation 84 'store' 'store_ln0' <Predicate = true> <Delay = 0.38>
ST_1 : Operation 85 [1/1] (0.38ns)   --->   "%store_ln0 = store i32 %bucket_sizes_3673_read, i32 %bucket_sizes"   --->   Operation 85 'store' 'store_ln0' <Predicate = true> <Delay = 0.38>
ST_1 : Operation 86 [1/1] (0.38ns)   --->   "%store_ln0 = store i32 %bucket_pointer_1640_read, i32 %bucket_pointer_867"   --->   Operation 86 'store' 'store_ln0' <Predicate = true> <Delay = 0.38>
ST_1 : Operation 87 [1/1] (0.38ns)   --->   "%store_ln0 = store i32 %bucket_pointer_1639_read, i32 %bucket_pointer_866"   --->   Operation 87 'store' 'store_ln0' <Predicate = true> <Delay = 0.38>
ST_1 : Operation 88 [1/1] (0.38ns)   --->   "%store_ln0 = store i32 0, i32 %bucket_pointer_865"   --->   Operation 88 'store' 'store_ln0' <Predicate = true> <Delay = 0.38>
ST_1 : Operation 89 [1/1] (0.38ns)   --->   "%store_ln0 = store i32 %bucket_pointer_1638_read, i32 %bucket_pointer_864"   --->   Operation 89 'store' 'store_ln0' <Predicate = true> <Delay = 0.38>
ST_1 : Operation 90 [1/1] (0.38ns)   --->   "%store_ln0 = store i32 %bucket_pointer_1637_read, i32 %bucket_pointer_863"   --->   Operation 90 'store' 'store_ln0' <Predicate = true> <Delay = 0.38>
ST_1 : Operation 91 [1/1] (0.38ns)   --->   "%store_ln0 = store i32 %bucket_pointer_1636_read, i32 %bucket_pointer_862"   --->   Operation 91 'store' 'store_ln0' <Predicate = true> <Delay = 0.38>
ST_1 : Operation 92 [1/1] (0.38ns)   --->   "%store_ln0 = store i32 %bucket_pointer_1635_read, i32 %bucket_pointer_861"   --->   Operation 92 'store' 'store_ln0' <Predicate = true> <Delay = 0.38>
ST_1 : Operation 93 [1/1] (0.38ns)   --->   "%store_ln0 = store i32 %bucket_pointer_1634_read, i32 %bucket_pointer_860"   --->   Operation 93 'store' 'store_ln0' <Predicate = true> <Delay = 0.38>
ST_1 : Operation 94 [1/1] (0.38ns)   --->   "%store_ln0 = store i32 %bucket_pointer_1633_read, i32 %bucket_pointer_859"   --->   Operation 94 'store' 'store_ln0' <Predicate = true> <Delay = 0.38>
ST_1 : Operation 95 [1/1] (0.38ns)   --->   "%store_ln0 = store i32 %bucket_pointer_1632_read, i32 %bucket_pointer_858"   --->   Operation 95 'store' 'store_ln0' <Predicate = true> <Delay = 0.38>
ST_1 : Operation 96 [1/1] (0.38ns)   --->   "%store_ln0 = store i32 %bucket_pointer_1631_read, i32 %bucket_pointer_857"   --->   Operation 96 'store' 'store_ln0' <Predicate = true> <Delay = 0.38>
ST_1 : Operation 97 [1/1] (0.38ns)   --->   "%store_ln0 = store i32 %bucket_pointer_1630_read, i32 %bucket_pointer_856"   --->   Operation 97 'store' 'store_ln0' <Predicate = true> <Delay = 0.38>
ST_1 : Operation 98 [1/1] (0.38ns)   --->   "%store_ln0 = store i32 %bucket_pointer_1629_read, i32 %bucket_pointer_855"   --->   Operation 98 'store' 'store_ln0' <Predicate = true> <Delay = 0.38>
ST_1 : Operation 99 [1/1] (0.38ns)   --->   "%store_ln0 = store i32 %bucket_pointer_1628_read, i32 %bucket_pointer_854"   --->   Operation 99 'store' 'store_ln0' <Predicate = true> <Delay = 0.38>
ST_1 : Operation 100 [1/1] (0.38ns)   --->   "%store_ln0 = store i32 %bucket_pointer_1627_read, i32 %bucket_pointer_853"   --->   Operation 100 'store' 'store_ln0' <Predicate = true> <Delay = 0.38>
ST_1 : Operation 101 [1/1] (0.38ns)   --->   "%store_ln0 = store i32 %bucket_pointer_1626_read, i32 %bucket_pointer_852"   --->   Operation 101 'store' 'store_ln0' <Predicate = true> <Delay = 0.38>
ST_1 : Operation 102 [1/1] (0.38ns)   --->   "%store_ln0 = store i32 %bucket_pointer_read, i32 %bucket_pointer_851"   --->   Operation 102 'store' 'store_ln0' <Predicate = true> <Delay = 0.38>
ST_1 : Operation 103 [1/1] (0.38ns)   --->   "%store_ln0 = store i5 0, i5 %m"   --->   Operation 103 'store' 'store_ln0' <Predicate = true> <Delay = 0.38>
ST_1 : Operation 104 [1/1] (0.00ns)   --->   "%br_ln0 = br void %for.inc27"   --->   Operation 104 'br' 'br_ln0' <Predicate = true> <Delay = 0.00>

State 2 <SV = 1> <Delay = 1.76>
ST_2 : Operation 105 [1/1] (0.00ns)   --->   "%m_26 = load i5 %m" [sort_seperate_bucket/radix_sort.c:86]   --->   Operation 105 'load' 'm_26' <Predicate = true> <Delay = 0.00>
ST_2 : Operation 106 [1/1] (0.00ns)   --->   "%bucket_pointer_869 = load i32 %bucket_pointer_865" [sort_seperate_bucket/radix_sort.c:86]   --->   Operation 106 'load' 'bucket_pointer_869' <Predicate = true> <Delay = 0.00>
ST_2 : Operation 107 [1/1] (0.00ns)   --->   "%specpipeline_ln0 = specpipeline void @_ssdm_op_SpecPipeline, i32 4294967295, i32 0, i32 1, i32 0, void @p_str"   --->   Operation 107 'specpipeline' 'specpipeline_ln0' <Predicate = true> <Delay = 0.00>
ST_2 : Operation 108 [1/1] (0.63ns)   --->   "%icmp_ln85 = icmp_eq  i5 %m_26, i5 16" [sort_seperate_bucket/radix_sort.c:85]   --->   Operation 108 'icmp' 'icmp_ln85' <Predicate = true> <Delay = 0.63> <CoreInst = "Cmp">   --->   Core 9 'Cmp' <Latency = 0> <II = 1> <Delay = 0.63> <FuncUnit> <Opcode : 'icmp'> <InPorts = 2> <OutPorts = 1>
ST_2 : Operation 109 [1/1] (0.00ns)   --->   "%empty = speclooptripcount i32 @_ssdm_op_SpecLoopTripCount, i64 16, i64 16, i64 16"   --->   Operation 109 'speclooptripcount' 'empty' <Predicate = true> <Delay = 0.00>
ST_2 : Operation 110 [1/1] (0.70ns)   --->   "%add_ln85 = add i5 %m_26, i5 1" [sort_seperate_bucket/radix_sort.c:85]   --->   Operation 110 'add' 'add_ln85' <Predicate = true> <Delay = 0.70> <CoreInst = "Adder">   --->   Core 1 'Adder' <Latency = 0> <II = 1> <Delay = 0.70> <FuncUnit> <Opcode : 'add' 'sub'> <InPorts = 2> <OutPorts = 1>
ST_2 : Operation 111 [1/1] (0.00ns)   --->   "%br_ln85 = br i1 %icmp_ln85, void %for.inc27.split, void %input_bucket.exitStub" [sort_seperate_bucket/radix_sort.c:85]   --->   Operation 111 'br' 'br_ln85' <Predicate = true> <Delay = 0.00>
ST_2 : Operation 112 [1/1] (0.00ns)   --->   "%bucket_sizes_load_26 = load i32 %bucket_sizes" [sort_seperate_bucket/radix_sort.c:87]   --->   Operation 112 'load' 'bucket_sizes_load_26' <Predicate = (!icmp_ln85)> <Delay = 0.00>
ST_2 : Operation 113 [1/1] (0.00ns)   --->   "%bucket_sizes_1111_load_1 = load i32 %bucket_sizes_1111" [sort_seperate_bucket/radix_sort.c:87]   --->   Operation 113 'load' 'bucket_sizes_1111_load_1' <Predicate = (!icmp_ln85)> <Delay = 0.00>
ST_2 : Operation 114 [1/1] (0.00ns)   --->   "%bucket_sizes_1112_load_1 = load i32 %bucket_sizes_1112" [sort_seperate_bucket/radix_sort.c:87]   --->   Operation 114 'load' 'bucket_sizes_1112_load_1' <Predicate = (!icmp_ln85)> <Delay = 0.00>
ST_2 : Operation 115 [1/1] (0.00ns)   --->   "%bucket_sizes_1113_load_1 = load i32 %bucket_sizes_1113" [sort_seperate_bucket/radix_sort.c:87]   --->   Operation 115 'load' 'bucket_sizes_1113_load_1' <Predicate = (!icmp_ln85)> <Delay = 0.00>
ST_2 : Operation 116 [1/1] (0.00ns)   --->   "%bucket_sizes_1114_load_1 = load i32 %bucket_sizes_1114" [sort_seperate_bucket/radix_sort.c:87]   --->   Operation 116 'load' 'bucket_sizes_1114_load_1' <Predicate = (!icmp_ln85)> <Delay = 0.00>
ST_2 : Operation 117 [1/1] (0.00ns)   --->   "%bucket_sizes_1115_load_1 = load i32 %bucket_sizes_1115" [sort_seperate_bucket/radix_sort.c:87]   --->   Operation 117 'load' 'bucket_sizes_1115_load_1' <Predicate = (!icmp_ln85)> <Delay = 0.00>
ST_2 : Operation 118 [1/1] (0.00ns)   --->   "%bucket_sizes_1116_load_1 = load i32 %bucket_sizes_1116" [sort_seperate_bucket/radix_sort.c:87]   --->   Operation 118 'load' 'bucket_sizes_1116_load_1' <Predicate = (!icmp_ln85)> <Delay = 0.00>
ST_2 : Operation 119 [1/1] (0.00ns)   --->   "%bucket_sizes_1117_load_1 = load i32 %bucket_sizes_1117" [sort_seperate_bucket/radix_sort.c:87]   --->   Operation 119 'load' 'bucket_sizes_1117_load_1' <Predicate = (!icmp_ln85)> <Delay = 0.00>
ST_2 : Operation 120 [1/1] (0.00ns)   --->   "%bucket_sizes_1118_load_1 = load i32 %bucket_sizes_1118" [sort_seperate_bucket/radix_sort.c:87]   --->   Operation 120 'load' 'bucket_sizes_1118_load_1' <Predicate = (!icmp_ln85)> <Delay = 0.00>
ST_2 : Operation 121 [1/1] (0.00ns)   --->   "%bucket_sizes_1119_load_1 = load i32 %bucket_sizes_1119" [sort_seperate_bucket/radix_sort.c:87]   --->   Operation 121 'load' 'bucket_sizes_1119_load_1' <Predicate = (!icmp_ln85)> <Delay = 0.00>
ST_2 : Operation 122 [1/1] (0.00ns)   --->   "%bucket_sizes_1120_load_1 = load i32 %bucket_sizes_1120" [sort_seperate_bucket/radix_sort.c:87]   --->   Operation 122 'load' 'bucket_sizes_1120_load_1' <Predicate = (!icmp_ln85)> <Delay = 0.00>
ST_2 : Operation 123 [1/1] (0.00ns)   --->   "%bucket_sizes_1121_load_1 = load i32 %bucket_sizes_1121" [sort_seperate_bucket/radix_sort.c:87]   --->   Operation 123 'load' 'bucket_sizes_1121_load_1' <Predicate = (!icmp_ln85)> <Delay = 0.00>
ST_2 : Operation 124 [1/1] (0.00ns)   --->   "%bucket_sizes_1122_load_1 = load i32 %bucket_sizes_1122" [sort_seperate_bucket/radix_sort.c:87]   --->   Operation 124 'load' 'bucket_sizes_1122_load_1' <Predicate = (!icmp_ln85)> <Delay = 0.00>
ST_2 : Operation 125 [1/1] (0.00ns)   --->   "%bucket_sizes_1123_load_1 = load i32 %bucket_sizes_1123" [sort_seperate_bucket/radix_sort.c:87]   --->   Operation 125 'load' 'bucket_sizes_1123_load_1' <Predicate = (!icmp_ln85)> <Delay = 0.00>
ST_2 : Operation 126 [1/1] (0.00ns)   --->   "%bucket_sizes_1124_load_1 = load i32 %bucket_sizes_1124" [sort_seperate_bucket/radix_sort.c:87]   --->   Operation 126 'load' 'bucket_sizes_1124_load_1' <Predicate = (!icmp_ln85)> <Delay = 0.00>
ST_2 : Operation 127 [1/1] (0.00ns)   --->   "%bucket_sizes_1125_load_1 = load i32 %bucket_sizes_1125" [sort_seperate_bucket/radix_sort.c:87]   --->   Operation 127 'load' 'bucket_sizes_1125_load_1' <Predicate = (!icmp_ln85)> <Delay = 0.00>
ST_2 : Operation 128 [1/1] (0.00ns)   --->   "%specloopname_ln62 = specloopname void @_ssdm_op_SpecLoopName, void @empty_68" [sort_seperate_bucket/radix_sort.c:62]   --->   Operation 128 'specloopname' 'specloopname_ln62' <Predicate = (!icmp_ln85)> <Delay = 0.00>
ST_2 : Operation 129 [1/1] (0.00ns)   --->   "%trunc_ln86 = trunc i5 %m_26" [sort_seperate_bucket/radix_sort.c:86]   --->   Operation 129 'trunc' 'trunc_ln86' <Predicate = (!icmp_ln85)> <Delay = 0.00>
ST_2 : Operation 130 [1/1] (0.49ns)   --->   "%tmp_s = mux i32 @_ssdm_op_Mux.ap_auto.16i32.i4, i32 %bucket_sizes_load_26, i32 %bucket_sizes_1111_load_1, i32 %bucket_sizes_1112_load_1, i32 %bucket_sizes_1113_load_1, i32 %bucket_sizes_1114_load_1, i32 %bucket_sizes_1115_load_1, i32 %bucket_sizes_1116_load_1, i32 %bucket_sizes_1117_load_1, i32 %bucket_sizes_1118_load_1, i32 %bucket_sizes_1119_load_1, i32 %bucket_sizes_1120_load_1, i32 %bucket_sizes_1121_load_1, i32 %bucket_sizes_1122_load_1, i32 %bucket_sizes_1123_load_1, i32 %bucket_sizes_1124_load_1, i32 %bucket_sizes_1125_load_1, i4 %trunc_ln86" [sort_seperate_bucket/radix_sort.c:87]   --->   Operation 130 'mux' 'tmp_s' <Predicate = (!icmp_ln85)> <Delay = 0.49> <CoreInst = "Multiplexer">   --->   Core 76 'Multiplexer' <Latency = 0> <II = 1> <Delay = 0.49> <FuncUnit> <Opcode : 'mux'> <InPorts = 2> <OutPorts = 1>
ST_2 : Operation 131 [1/1] (0.88ns)   --->   "%next_bucket_pointer = add i32 %tmp_s, i32 %bucket_pointer_869" [sort_seperate_bucket/radix_sort.c:87]   --->   Operation 131 'add' 'next_bucket_pointer' <Predicate = (!icmp_ln85)> <Delay = 0.88> <CoreInst = "Adder">   --->   Core 1 'Adder' <Latency = 0> <II = 1> <Delay = 0.88> <FuncUnit> <Opcode : 'add' 'sub'> <InPorts = 2> <OutPorts = 1>
ST_2 : Operation 132 [1/1] (0.34ns)   --->   "%switch_ln86 = switch i4 %trunc_ln86, void %arrayidx23.case.15, i4 0, void %for.inc27.split.arrayidx23.exit_crit_edge48, i4 1, void %arrayidx23.case.1, i4 2, void %arrayidx23.case.2, i4 3, void %arrayidx23.case.3, i4 4, void %arrayidx23.case.4, i4 5, void %arrayidx23.case.5, i4 6, void %arrayidx23.case.6, i4 7, void %arrayidx23.case.7, i4 8, void %arrayidx23.case.8, i4 9, void %arrayidx23.case.9, i4 10, void %arrayidx23.case.10, i4 11, void %arrayidx23.case.11, i4 12, void %arrayidx23.case.12, i4 13, void %arrayidx23.case.13, i4 14, void %for.inc27.split.arrayidx23.exit_crit_edge" [sort_seperate_bucket/radix_sort.c:86]   --->   Operation 132 'switch' 'switch_ln86' <Predicate = (!icmp_ln85)> <Delay = 0.34>
ST_2 : Operation 133 [1/1] (0.38ns)   --->   "%store_ln86 = store i32 0, i32 %bucket_sizes_1124" [sort_seperate_bucket/radix_sort.c:86]   --->   Operation 133 'store' 'store_ln86' <Predicate = (!icmp_ln85 & trunc_ln86 == 14)> <Delay = 0.38>
ST_2 : Operation 134 [1/1] (0.38ns)   --->   "%store_ln86 = store i32 %bucket_pointer_869, i32 %bucket_pointer_866" [sort_seperate_bucket/radix_sort.c:86]   --->   Operation 134 'store' 'store_ln86' <Predicate = (!icmp_ln85 & trunc_ln86 == 14)> <Delay = 0.38>
ST_2 : Operation 135 [1/1] (0.00ns)   --->   "%br_ln86 = br void %arrayidx23.exit" [sort_seperate_bucket/radix_sort.c:86]   --->   Operation 135 'br' 'br_ln86' <Predicate = (!icmp_ln85 & trunc_ln86 == 14)> <Delay = 0.00>
ST_2 : Operation 136 [1/1] (0.38ns)   --->   "%store_ln88 = store i32 0, i32 %bucket_sizes_1123" [sort_seperate_bucket/radix_sort.c:88]   --->   Operation 136 'store' 'store_ln88' <Predicate = (!icmp_ln85 & trunc_ln86 == 13)> <Delay = 0.38>
ST_2 : Operation 137 [1/1] (0.38ns)   --->   "%store_ln88 = store i32 %bucket_pointer_869, i32 %bucket_pointer_864" [sort_seperate_bucket/radix_sort.c:88]   --->   Operation 137 'store' 'store_ln88' <Predicate = (!icmp_ln85 & trunc_ln86 == 13)> <Delay = 0.38>
ST_2 : Operation 138 [1/1] (0.00ns)   --->   "%br_ln88 = br void %arrayidx23.exit" [sort_seperate_bucket/radix_sort.c:88]   --->   Operation 138 'br' 'br_ln88' <Predicate = (!icmp_ln85 & trunc_ln86 == 13)> <Delay = 0.00>
ST_2 : Operation 139 [1/1] (0.38ns)   --->   "%store_ln88 = store i32 0, i32 %bucket_sizes_1122" [sort_seperate_bucket/radix_sort.c:88]   --->   Operation 139 'store' 'store_ln88' <Predicate = (!icmp_ln85 & trunc_ln86 == 12)> <Delay = 0.38>
ST_2 : Operation 140 [1/1] (0.38ns)   --->   "%store_ln88 = store i32 %bucket_pointer_869, i32 %bucket_pointer_863" [sort_seperate_bucket/radix_sort.c:88]   --->   Operation 140 'store' 'store_ln88' <Predicate = (!icmp_ln85 & trunc_ln86 == 12)> <Delay = 0.38>
ST_2 : Operation 141 [1/1] (0.00ns)   --->   "%br_ln88 = br void %arrayidx23.exit" [sort_seperate_bucket/radix_sort.c:88]   --->   Operation 141 'br' 'br_ln88' <Predicate = (!icmp_ln85 & trunc_ln86 == 12)> <Delay = 0.00>
ST_2 : Operation 142 [1/1] (0.38ns)   --->   "%store_ln88 = store i32 0, i32 %bucket_sizes_1121" [sort_seperate_bucket/radix_sort.c:88]   --->   Operation 142 'store' 'store_ln88' <Predicate = (!icmp_ln85 & trunc_ln86 == 11)> <Delay = 0.38>
ST_2 : Operation 143 [1/1] (0.38ns)   --->   "%store_ln88 = store i32 %bucket_pointer_869, i32 %bucket_pointer_862" [sort_seperate_bucket/radix_sort.c:88]   --->   Operation 143 'store' 'store_ln88' <Predicate = (!icmp_ln85 & trunc_ln86 == 11)> <Delay = 0.38>
ST_2 : Operation 144 [1/1] (0.00ns)   --->   "%br_ln88 = br void %arrayidx23.exit" [sort_seperate_bucket/radix_sort.c:88]   --->   Operation 144 'br' 'br_ln88' <Predicate = (!icmp_ln85 & trunc_ln86 == 11)> <Delay = 0.00>
ST_2 : Operation 145 [1/1] (0.38ns)   --->   "%store_ln88 = store i32 0, i32 %bucket_sizes_1120" [sort_seperate_bucket/radix_sort.c:88]   --->   Operation 145 'store' 'store_ln88' <Predicate = (!icmp_ln85 & trunc_ln86 == 10)> <Delay = 0.38>
ST_2 : Operation 146 [1/1] (0.38ns)   --->   "%store_ln88 = store i32 %bucket_pointer_869, i32 %bucket_pointer_861" [sort_seperate_bucket/radix_sort.c:88]   --->   Operation 146 'store' 'store_ln88' <Predicate = (!icmp_ln85 & trunc_ln86 == 10)> <Delay = 0.38>
ST_2 : Operation 147 [1/1] (0.00ns)   --->   "%br_ln88 = br void %arrayidx23.exit" [sort_seperate_bucket/radix_sort.c:88]   --->   Operation 147 'br' 'br_ln88' <Predicate = (!icmp_ln85 & trunc_ln86 == 10)> <Delay = 0.00>
ST_2 : Operation 148 [1/1] (0.38ns)   --->   "%store_ln88 = store i32 0, i32 %bucket_sizes_1119" [sort_seperate_bucket/radix_sort.c:88]   --->   Operation 148 'store' 'store_ln88' <Predicate = (!icmp_ln85 & trunc_ln86 == 9)> <Delay = 0.38>
ST_2 : Operation 149 [1/1] (0.38ns)   --->   "%store_ln88 = store i32 %bucket_pointer_869, i32 %bucket_pointer_860" [sort_seperate_bucket/radix_sort.c:88]   --->   Operation 149 'store' 'store_ln88' <Predicate = (!icmp_ln85 & trunc_ln86 == 9)> <Delay = 0.38>
ST_2 : Operation 150 [1/1] (0.00ns)   --->   "%br_ln88 = br void %arrayidx23.exit" [sort_seperate_bucket/radix_sort.c:88]   --->   Operation 150 'br' 'br_ln88' <Predicate = (!icmp_ln85 & trunc_ln86 == 9)> <Delay = 0.00>
ST_2 : Operation 151 [1/1] (0.38ns)   --->   "%store_ln88 = store i32 0, i32 %bucket_sizes_1118" [sort_seperate_bucket/radix_sort.c:88]   --->   Operation 151 'store' 'store_ln88' <Predicate = (!icmp_ln85 & trunc_ln86 == 8)> <Delay = 0.38>
ST_2 : Operation 152 [1/1] (0.38ns)   --->   "%store_ln88 = store i32 %bucket_pointer_869, i32 %bucket_pointer_859" [sort_seperate_bucket/radix_sort.c:88]   --->   Operation 152 'store' 'store_ln88' <Predicate = (!icmp_ln85 & trunc_ln86 == 8)> <Delay = 0.38>
ST_2 : Operation 153 [1/1] (0.00ns)   --->   "%br_ln88 = br void %arrayidx23.exit" [sort_seperate_bucket/radix_sort.c:88]   --->   Operation 153 'br' 'br_ln88' <Predicate = (!icmp_ln85 & trunc_ln86 == 8)> <Delay = 0.00>
ST_2 : Operation 154 [1/1] (0.38ns)   --->   "%store_ln88 = store i32 0, i32 %bucket_sizes_1117" [sort_seperate_bucket/radix_sort.c:88]   --->   Operation 154 'store' 'store_ln88' <Predicate = (!icmp_ln85 & trunc_ln86 == 7)> <Delay = 0.38>
ST_2 : Operation 155 [1/1] (0.38ns)   --->   "%store_ln88 = store i32 %bucket_pointer_869, i32 %bucket_pointer_858" [sort_seperate_bucket/radix_sort.c:88]   --->   Operation 155 'store' 'store_ln88' <Predicate = (!icmp_ln85 & trunc_ln86 == 7)> <Delay = 0.38>
ST_2 : Operation 156 [1/1] (0.00ns)   --->   "%br_ln88 = br void %arrayidx23.exit" [sort_seperate_bucket/radix_sort.c:88]   --->   Operation 156 'br' 'br_ln88' <Predicate = (!icmp_ln85 & trunc_ln86 == 7)> <Delay = 0.00>
ST_2 : Operation 157 [1/1] (0.38ns)   --->   "%store_ln88 = store i32 0, i32 %bucket_sizes_1116" [sort_seperate_bucket/radix_sort.c:88]   --->   Operation 157 'store' 'store_ln88' <Predicate = (!icmp_ln85 & trunc_ln86 == 6)> <Delay = 0.38>
ST_2 : Operation 158 [1/1] (0.38ns)   --->   "%store_ln88 = store i32 %bucket_pointer_869, i32 %bucket_pointer_857" [sort_seperate_bucket/radix_sort.c:88]   --->   Operation 158 'store' 'store_ln88' <Predicate = (!icmp_ln85 & trunc_ln86 == 6)> <Delay = 0.38>
ST_2 : Operation 159 [1/1] (0.00ns)   --->   "%br_ln88 = br void %arrayidx23.exit" [sort_seperate_bucket/radix_sort.c:88]   --->   Operation 159 'br' 'br_ln88' <Predicate = (!icmp_ln85 & trunc_ln86 == 6)> <Delay = 0.00>
ST_2 : Operation 160 [1/1] (0.38ns)   --->   "%store_ln88 = store i32 0, i32 %bucket_sizes_1115" [sort_seperate_bucket/radix_sort.c:88]   --->   Operation 160 'store' 'store_ln88' <Predicate = (!icmp_ln85 & trunc_ln86 == 5)> <Delay = 0.38>
ST_2 : Operation 161 [1/1] (0.38ns)   --->   "%store_ln88 = store i32 %bucket_pointer_869, i32 %bucket_pointer_856" [sort_seperate_bucket/radix_sort.c:88]   --->   Operation 161 'store' 'store_ln88' <Predicate = (!icmp_ln85 & trunc_ln86 == 5)> <Delay = 0.38>
ST_2 : Operation 162 [1/1] (0.00ns)   --->   "%br_ln88 = br void %arrayidx23.exit" [sort_seperate_bucket/radix_sort.c:88]   --->   Operation 162 'br' 'br_ln88' <Predicate = (!icmp_ln85 & trunc_ln86 == 5)> <Delay = 0.00>
ST_2 : Operation 163 [1/1] (0.38ns)   --->   "%store_ln88 = store i32 0, i32 %bucket_sizes_1114" [sort_seperate_bucket/radix_sort.c:88]   --->   Operation 163 'store' 'store_ln88' <Predicate = (!icmp_ln85 & trunc_ln86 == 4)> <Delay = 0.38>
ST_2 : Operation 164 [1/1] (0.38ns)   --->   "%store_ln88 = store i32 %bucket_pointer_869, i32 %bucket_pointer_855" [sort_seperate_bucket/radix_sort.c:88]   --->   Operation 164 'store' 'store_ln88' <Predicate = (!icmp_ln85 & trunc_ln86 == 4)> <Delay = 0.38>
ST_2 : Operation 165 [1/1] (0.00ns)   --->   "%br_ln88 = br void %arrayidx23.exit" [sort_seperate_bucket/radix_sort.c:88]   --->   Operation 165 'br' 'br_ln88' <Predicate = (!icmp_ln85 & trunc_ln86 == 4)> <Delay = 0.00>
ST_2 : Operation 166 [1/1] (0.38ns)   --->   "%store_ln88 = store i32 0, i32 %bucket_sizes_1113" [sort_seperate_bucket/radix_sort.c:88]   --->   Operation 166 'store' 'store_ln88' <Predicate = (!icmp_ln85 & trunc_ln86 == 3)> <Delay = 0.38>
ST_2 : Operation 167 [1/1] (0.38ns)   --->   "%store_ln88 = store i32 %bucket_pointer_869, i32 %bucket_pointer_854" [sort_seperate_bucket/radix_sort.c:88]   --->   Operation 167 'store' 'store_ln88' <Predicate = (!icmp_ln85 & trunc_ln86 == 3)> <Delay = 0.38>
ST_2 : Operation 168 [1/1] (0.00ns)   --->   "%br_ln88 = br void %arrayidx23.exit" [sort_seperate_bucket/radix_sort.c:88]   --->   Operation 168 'br' 'br_ln88' <Predicate = (!icmp_ln85 & trunc_ln86 == 3)> <Delay = 0.00>
ST_2 : Operation 169 [1/1] (0.38ns)   --->   "%store_ln88 = store i32 0, i32 %bucket_sizes_1112" [sort_seperate_bucket/radix_sort.c:88]   --->   Operation 169 'store' 'store_ln88' <Predicate = (!icmp_ln85 & trunc_ln86 == 2)> <Delay = 0.38>
ST_2 : Operation 170 [1/1] (0.38ns)   --->   "%store_ln88 = store i32 %bucket_pointer_869, i32 %bucket_pointer_853" [sort_seperate_bucket/radix_sort.c:88]   --->   Operation 170 'store' 'store_ln88' <Predicate = (!icmp_ln85 & trunc_ln86 == 2)> <Delay = 0.38>
ST_2 : Operation 171 [1/1] (0.00ns)   --->   "%br_ln88 = br void %arrayidx23.exit" [sort_seperate_bucket/radix_sort.c:88]   --->   Operation 171 'br' 'br_ln88' <Predicate = (!icmp_ln85 & trunc_ln86 == 2)> <Delay = 0.00>
ST_2 : Operation 172 [1/1] (0.38ns)   --->   "%store_ln88 = store i32 0, i32 %bucket_sizes_1111" [sort_seperate_bucket/radix_sort.c:88]   --->   Operation 172 'store' 'store_ln88' <Predicate = (!icmp_ln85 & trunc_ln86 == 1)> <Delay = 0.38>
ST_2 : Operation 173 [1/1] (0.38ns)   --->   "%store_ln88 = store i32 %bucket_pointer_869, i32 %bucket_pointer_852" [sort_seperate_bucket/radix_sort.c:88]   --->   Operation 173 'store' 'store_ln88' <Predicate = (!icmp_ln85 & trunc_ln86 == 1)> <Delay = 0.38>
ST_2 : Operation 174 [1/1] (0.00ns)   --->   "%br_ln88 = br void %arrayidx23.exit" [sort_seperate_bucket/radix_sort.c:88]   --->   Operation 174 'br' 'br_ln88' <Predicate = (!icmp_ln85 & trunc_ln86 == 1)> <Delay = 0.00>
ST_2 : Operation 175 [1/1] (0.38ns)   --->   "%store_ln86 = store i32 0, i32 %bucket_sizes" [sort_seperate_bucket/radix_sort.c:86]   --->   Operation 175 'store' 'store_ln86' <Predicate = (!icmp_ln85 & trunc_ln86 == 0)> <Delay = 0.38>
ST_2 : Operation 176 [1/1] (0.38ns)   --->   "%store_ln86 = store i32 %bucket_pointer_869, i32 %bucket_pointer_851" [sort_seperate_bucket/radix_sort.c:86]   --->   Operation 176 'store' 'store_ln86' <Predicate = (!icmp_ln85 & trunc_ln86 == 0)> <Delay = 0.38>
ST_2 : Operation 177 [1/1] (0.00ns)   --->   "%br_ln86 = br void %arrayidx23.exit" [sort_seperate_bucket/radix_sort.c:86]   --->   Operation 177 'br' 'br_ln86' <Predicate = (!icmp_ln85 & trunc_ln86 == 0)> <Delay = 0.00>
ST_2 : Operation 178 [1/1] (0.38ns)   --->   "%store_ln88 = store i32 0, i32 %bucket_sizes_1125" [sort_seperate_bucket/radix_sort.c:88]   --->   Operation 178 'store' 'store_ln88' <Predicate = (!icmp_ln85 & trunc_ln86 == 15)> <Delay = 0.38>
ST_2 : Operation 179 [1/1] (0.38ns)   --->   "%store_ln88 = store i32 %bucket_pointer_869, i32 %bucket_pointer_867" [sort_seperate_bucket/radix_sort.c:88]   --->   Operation 179 'store' 'store_ln88' <Predicate = (!icmp_ln85 & trunc_ln86 == 15)> <Delay = 0.38>
ST_2 : Operation 180 [1/1] (0.00ns)   --->   "%br_ln88 = br void %arrayidx23.exit" [sort_seperate_bucket/radix_sort.c:88]   --->   Operation 180 'br' 'br_ln88' <Predicate = (!icmp_ln85 & trunc_ln86 == 15)> <Delay = 0.00>
ST_2 : Operation 181 [1/1] (0.38ns)   --->   "%store_ln85 = store i32 %next_bucket_pointer, i32 %bucket_pointer_865" [sort_seperate_bucket/radix_sort.c:85]   --->   Operation 181 'store' 'store_ln85' <Predicate = (!icmp_ln85)> <Delay = 0.38>
ST_2 : Operation 182 [1/1] (0.38ns)   --->   "%store_ln85 = store i5 %add_ln85, i5 %m" [sort_seperate_bucket/radix_sort.c:85]   --->   Operation 182 'store' 'store_ln85' <Predicate = (!icmp_ln85)> <Delay = 0.38>
ST_2 : Operation 183 [1/1] (0.00ns)   --->   "%br_ln85 = br void %for.inc27" [sort_seperate_bucket/radix_sort.c:85]   --->   Operation 183 'br' 'br_ln85' <Predicate = (!icmp_ln85)> <Delay = 0.00>
ST_2 : Operation 184 [1/1] (0.00ns)   --->   "%bucket_pointer_851_load = load i32 %bucket_pointer_851"   --->   Operation 184 'load' 'bucket_pointer_851_load' <Predicate = (icmp_ln85)> <Delay = 0.00>
ST_2 : Operation 185 [1/1] (0.00ns)   --->   "%bucket_pointer_852_load = load i32 %bucket_pointer_852"   --->   Operation 185 'load' 'bucket_pointer_852_load' <Predicate = (icmp_ln85)> <Delay = 0.00>
ST_2 : Operation 186 [1/1] (0.00ns)   --->   "%bucket_pointer_853_load = load i32 %bucket_pointer_853"   --->   Operation 186 'load' 'bucket_pointer_853_load' <Predicate = (icmp_ln85)> <Delay = 0.00>
ST_2 : Operation 187 [1/1] (0.00ns)   --->   "%bucket_pointer_854_load = load i32 %bucket_pointer_854"   --->   Operation 187 'load' 'bucket_pointer_854_load' <Predicate = (icmp_ln85)> <Delay = 0.00>
ST_2 : Operation 188 [1/1] (0.00ns)   --->   "%bucket_pointer_855_load = load i32 %bucket_pointer_855"   --->   Operation 188 'load' 'bucket_pointer_855_load' <Predicate = (icmp_ln85)> <Delay = 0.00>
ST_2 : Operation 189 [1/1] (0.00ns)   --->   "%bucket_pointer_856_load = load i32 %bucket_pointer_856"   --->   Operation 189 'load' 'bucket_pointer_856_load' <Predicate = (icmp_ln85)> <Delay = 0.00>
ST_2 : Operation 190 [1/1] (0.00ns)   --->   "%bucket_pointer_857_load = load i32 %bucket_pointer_857"   --->   Operation 190 'load' 'bucket_pointer_857_load' <Predicate = (icmp_ln85)> <Delay = 0.00>
ST_2 : Operation 191 [1/1] (0.00ns)   --->   "%bucket_pointer_858_load = load i32 %bucket_pointer_858"   --->   Operation 191 'load' 'bucket_pointer_858_load' <Predicate = (icmp_ln85)> <Delay = 0.00>
ST_2 : Operation 192 [1/1] (0.00ns)   --->   "%bucket_pointer_859_load = load i32 %bucket_pointer_859"   --->   Operation 192 'load' 'bucket_pointer_859_load' <Predicate = (icmp_ln85)> <Delay = 0.00>
ST_2 : Operation 193 [1/1] (0.00ns)   --->   "%bucket_pointer_860_load = load i32 %bucket_pointer_860"   --->   Operation 193 'load' 'bucket_pointer_860_load' <Predicate = (icmp_ln85)> <Delay = 0.00>
ST_2 : Operation 194 [1/1] (0.00ns)   --->   "%bucket_pointer_861_load = load i32 %bucket_pointer_861"   --->   Operation 194 'load' 'bucket_pointer_861_load' <Predicate = (icmp_ln85)> <Delay = 0.00>
ST_2 : Operation 195 [1/1] (0.00ns)   --->   "%bucket_pointer_862_load = load i32 %bucket_pointer_862"   --->   Operation 195 'load' 'bucket_pointer_862_load' <Predicate = (icmp_ln85)> <Delay = 0.00>
ST_2 : Operation 196 [1/1] (0.00ns)   --->   "%bucket_pointer_863_load = load i32 %bucket_pointer_863"   --->   Operation 196 'load' 'bucket_pointer_863_load' <Predicate = (icmp_ln85)> <Delay = 0.00>
ST_2 : Operation 197 [1/1] (0.00ns)   --->   "%bucket_pointer_864_load = load i32 %bucket_pointer_864"   --->   Operation 197 'load' 'bucket_pointer_864_load' <Predicate = (icmp_ln85)> <Delay = 0.00>
ST_2 : Operation 198 [1/1] (0.00ns)   --->   "%bucket_pointer_866_load = load i32 %bucket_pointer_866"   --->   Operation 198 'load' 'bucket_pointer_866_load' <Predicate = (icmp_ln85)> <Delay = 0.00>
ST_2 : Operation 199 [1/1] (0.00ns)   --->   "%bucket_pointer_867_load = load i32 %bucket_pointer_867"   --->   Operation 199 'load' 'bucket_pointer_867_load' <Predicate = (icmp_ln85)> <Delay = 0.00>
ST_2 : Operation 200 [1/1] (0.00ns)   --->   "%bucket_sizes_load = load i32 %bucket_sizes"   --->   Operation 200 'load' 'bucket_sizes_load' <Predicate = (icmp_ln85)> <Delay = 0.00>
ST_2 : Operation 201 [1/1] (0.00ns)   --->   "%bucket_sizes_1111_load = load i32 %bucket_sizes_1111"   --->   Operation 201 'load' 'bucket_sizes_1111_load' <Predicate = (icmp_ln85)> <Delay = 0.00>
ST_2 : Operation 202 [1/1] (0.00ns)   --->   "%bucket_sizes_1112_load = load i32 %bucket_sizes_1112"   --->   Operation 202 'load' 'bucket_sizes_1112_load' <Predicate = (icmp_ln85)> <Delay = 0.00>
ST_2 : Operation 203 [1/1] (0.00ns)   --->   "%bucket_sizes_1113_load = load i32 %bucket_sizes_1113"   --->   Operation 203 'load' 'bucket_sizes_1113_load' <Predicate = (icmp_ln85)> <Delay = 0.00>
ST_2 : Operation 204 [1/1] (0.00ns)   --->   "%bucket_sizes_1114_load = load i32 %bucket_sizes_1114"   --->   Operation 204 'load' 'bucket_sizes_1114_load' <Predicate = (icmp_ln85)> <Delay = 0.00>
ST_2 : Operation 205 [1/1] (0.00ns)   --->   "%bucket_sizes_1115_load = load i32 %bucket_sizes_1115"   --->   Operation 205 'load' 'bucket_sizes_1115_load' <Predicate = (icmp_ln85)> <Delay = 0.00>
ST_2 : Operation 206 [1/1] (0.00ns)   --->   "%bucket_sizes_1116_load = load i32 %bucket_sizes_1116"   --->   Operation 206 'load' 'bucket_sizes_1116_load' <Predicate = (icmp_ln85)> <Delay = 0.00>
ST_2 : Operation 207 [1/1] (0.00ns)   --->   "%bucket_sizes_1117_load = load i32 %bucket_sizes_1117"   --->   Operation 207 'load' 'bucket_sizes_1117_load' <Predicate = (icmp_ln85)> <Delay = 0.00>
ST_2 : Operation 208 [1/1] (0.00ns)   --->   "%bucket_sizes_1118_load = load i32 %bucket_sizes_1118"   --->   Operation 208 'load' 'bucket_sizes_1118_load' <Predicate = (icmp_ln85)> <Delay = 0.00>
ST_2 : Operation 209 [1/1] (0.00ns)   --->   "%bucket_sizes_1119_load = load i32 %bucket_sizes_1119"   --->   Operation 209 'load' 'bucket_sizes_1119_load' <Predicate = (icmp_ln85)> <Delay = 0.00>
ST_2 : Operation 210 [1/1] (0.00ns)   --->   "%bucket_sizes_1120_load = load i32 %bucket_sizes_1120"   --->   Operation 210 'load' 'bucket_sizes_1120_load' <Predicate = (icmp_ln85)> <Delay = 0.00>
ST_2 : Operation 211 [1/1] (0.00ns)   --->   "%bucket_sizes_1121_load = load i32 %bucket_sizes_1121"   --->   Operation 211 'load' 'bucket_sizes_1121_load' <Predicate = (icmp_ln85)> <Delay = 0.00>
ST_2 : Operation 212 [1/1] (0.00ns)   --->   "%bucket_sizes_1122_load = load i32 %bucket_sizes_1122"   --->   Operation 212 'load' 'bucket_sizes_1122_load' <Predicate = (icmp_ln85)> <Delay = 0.00>
ST_2 : Operation 213 [1/1] (0.00ns)   --->   "%bucket_sizes_1123_load = load i32 %bucket_sizes_1123"   --->   Operation 213 'load' 'bucket_sizes_1123_load' <Predicate = (icmp_ln85)> <Delay = 0.00>
ST_2 : Operation 214 [1/1] (0.00ns)   --->   "%bucket_sizes_1124_load = load i32 %bucket_sizes_1124"   --->   Operation 214 'load' 'bucket_sizes_1124_load' <Predicate = (icmp_ln85)> <Delay = 0.00>
ST_2 : Operation 215 [1/1] (0.00ns)   --->   "%bucket_sizes_1125_load = load i32 %bucket_sizes_1125"   --->   Operation 215 'load' 'bucket_sizes_1125_load' <Predicate = (icmp_ln85)> <Delay = 0.00>
ST_2 : Operation 216 [1/1] (0.00ns)   --->   "%write_ln0 = write void @_ssdm_op_Write.ap_auto.i32P0A, i32 %bucket_sizes_3721_out, i32 %bucket_sizes_1125_load"   --->   Operation 216 'write' 'write_ln0' <Predicate = (icmp_ln85)> <Delay = 0.00>
ST_2 : Operation 217 [1/1] (0.00ns)   --->   "%write_ln0 = write void @_ssdm_op_Write.ap_auto.i32P0A, i32 %bucket_sizes_3720_out, i32 %bucket_sizes_1124_load"   --->   Operation 217 'write' 'write_ln0' <Predicate = (icmp_ln85)> <Delay = 0.00>
ST_2 : Operation 218 [1/1] (0.00ns)   --->   "%write_ln0 = write void @_ssdm_op_Write.ap_auto.i32P0A, i32 %bucket_sizes_3719_out, i32 %bucket_sizes_1123_load"   --->   Operation 218 'write' 'write_ln0' <Predicate = (icmp_ln85)> <Delay = 0.00>
ST_2 : Operation 219 [1/1] (0.00ns)   --->   "%write_ln0 = write void @_ssdm_op_Write.ap_auto.i32P0A, i32 %bucket_sizes_3718_out, i32 %bucket_sizes_1122_load"   --->   Operation 219 'write' 'write_ln0' <Predicate = (icmp_ln85)> <Delay = 0.00>
ST_2 : Operation 220 [1/1] (0.00ns)   --->   "%write_ln0 = write void @_ssdm_op_Write.ap_auto.i32P0A, i32 %bucket_sizes_3717_out, i32 %bucket_sizes_1121_load"   --->   Operation 220 'write' 'write_ln0' <Predicate = (icmp_ln85)> <Delay = 0.00>
ST_2 : Operation 221 [1/1] (0.00ns)   --->   "%write_ln0 = write void @_ssdm_op_Write.ap_auto.i32P0A, i32 %bucket_sizes_3716_out, i32 %bucket_sizes_1120_load"   --->   Operation 221 'write' 'write_ln0' <Predicate = (icmp_ln85)> <Delay = 0.00>
ST_2 : Operation 222 [1/1] (0.00ns)   --->   "%write_ln0 = write void @_ssdm_op_Write.ap_auto.i32P0A, i32 %bucket_sizes_3715_out, i32 %bucket_sizes_1119_load"   --->   Operation 222 'write' 'write_ln0' <Predicate = (icmp_ln85)> <Delay = 0.00>
ST_2 : Operation 223 [1/1] (0.00ns)   --->   "%write_ln0 = write void @_ssdm_op_Write.ap_auto.i32P0A, i32 %bucket_sizes_3714_out, i32 %bucket_sizes_1118_load"   --->   Operation 223 'write' 'write_ln0' <Predicate = (icmp_ln85)> <Delay = 0.00>
ST_2 : Operation 224 [1/1] (0.00ns)   --->   "%write_ln0 = write void @_ssdm_op_Write.ap_auto.i32P0A, i32 %bucket_sizes_3713_out, i32 %bucket_sizes_1117_load"   --->   Operation 224 'write' 'write_ln0' <Predicate = (icmp_ln85)> <Delay = 0.00>
ST_2 : Operation 225 [1/1] (0.00ns)   --->   "%write_ln0 = write void @_ssdm_op_Write.ap_auto.i32P0A, i32 %bucket_sizes_3712_out, i32 %bucket_sizes_1116_load"   --->   Operation 225 'write' 'write_ln0' <Predicate = (icmp_ln85)> <Delay = 0.00>
ST_2 : Operation 226 [1/1] (0.00ns)   --->   "%write_ln0 = write void @_ssdm_op_Write.ap_auto.i32P0A, i32 %bucket_sizes_3711_out, i32 %bucket_sizes_1115_load"   --->   Operation 226 'write' 'write_ln0' <Predicate = (icmp_ln85)> <Delay = 0.00>
ST_2 : Operation 227 [1/1] (0.00ns)   --->   "%write_ln0 = write void @_ssdm_op_Write.ap_auto.i32P0A, i32 %bucket_sizes_3710_out, i32 %bucket_sizes_1114_load"   --->   Operation 227 'write' 'write_ln0' <Predicate = (icmp_ln85)> <Delay = 0.00>
ST_2 : Operation 228 [1/1] (0.00ns)   --->   "%write_ln0 = write void @_ssdm_op_Write.ap_auto.i32P0A, i32 %bucket_sizes_3709_out, i32 %bucket_sizes_1113_load"   --->   Operation 228 'write' 'write_ln0' <Predicate = (icmp_ln85)> <Delay = 0.00>
ST_2 : Operation 229 [1/1] (0.00ns)   --->   "%write_ln0 = write void @_ssdm_op_Write.ap_auto.i32P0A, i32 %bucket_sizes_3708_out, i32 %bucket_sizes_1112_load"   --->   Operation 229 'write' 'write_ln0' <Predicate = (icmp_ln85)> <Delay = 0.00>
ST_2 : Operation 230 [1/1] (0.00ns)   --->   "%write_ln0 = write void @_ssdm_op_Write.ap_auto.i32P0A, i32 %bucket_sizes_3707_out, i32 %bucket_sizes_1111_load"   --->   Operation 230 'write' 'write_ln0' <Predicate = (icmp_ln85)> <Delay = 0.00>
ST_2 : Operation 231 [1/1] (0.00ns)   --->   "%write_ln0 = write void @_ssdm_op_Write.ap_auto.i32P0A, i32 %bucket_sizes_3706_out, i32 %bucket_sizes_load"   --->   Operation 231 'write' 'write_ln0' <Predicate = (icmp_ln85)> <Delay = 0.00>
ST_2 : Operation 232 [1/1] (0.00ns)   --->   "%write_ln0 = write void @_ssdm_op_Write.ap_auto.i32P0A, i32 %bucket_pointer_1656_out, i32 %bucket_pointer_867_load"   --->   Operation 232 'write' 'write_ln0' <Predicate = (icmp_ln85)> <Delay = 0.00>
ST_2 : Operation 233 [1/1] (0.00ns)   --->   "%write_ln0 = write void @_ssdm_op_Write.ap_auto.i32P0A, i32 %bucket_pointer_1655_out, i32 %bucket_pointer_866_load"   --->   Operation 233 'write' 'write_ln0' <Predicate = (icmp_ln85)> <Delay = 0.00>
ST_2 : Operation 234 [1/1] (0.00ns)   --->   "%write_ln0 = write void @_ssdm_op_Write.ap_auto.i32P0A, i32 %bucket_pointer_1654_out, i32 %bucket_pointer_864_load"   --->   Operation 234 'write' 'write_ln0' <Predicate = (icmp_ln85)> <Delay = 0.00>
ST_2 : Operation 235 [1/1] (0.00ns)   --->   "%write_ln0 = write void @_ssdm_op_Write.ap_auto.i32P0A, i32 %bucket_pointer_1653_out, i32 %bucket_pointer_863_load"   --->   Operation 235 'write' 'write_ln0' <Predicate = (icmp_ln85)> <Delay = 0.00>
ST_2 : Operation 236 [1/1] (0.00ns)   --->   "%write_ln0 = write void @_ssdm_op_Write.ap_auto.i32P0A, i32 %bucket_pointer_1652_out, i32 %bucket_pointer_862_load"   --->   Operation 236 'write' 'write_ln0' <Predicate = (icmp_ln85)> <Delay = 0.00>
ST_2 : Operation 237 [1/1] (0.00ns)   --->   "%write_ln0 = write void @_ssdm_op_Write.ap_auto.i32P0A, i32 %bucket_pointer_1651_out, i32 %bucket_pointer_861_load"   --->   Operation 237 'write' 'write_ln0' <Predicate = (icmp_ln85)> <Delay = 0.00>
ST_2 : Operation 238 [1/1] (0.00ns)   --->   "%write_ln0 = write void @_ssdm_op_Write.ap_auto.i32P0A, i32 %bucket_pointer_1650_out, i32 %bucket_pointer_860_load"   --->   Operation 238 'write' 'write_ln0' <Predicate = (icmp_ln85)> <Delay = 0.00>
ST_2 : Operation 239 [1/1] (0.00ns)   --->   "%write_ln0 = write void @_ssdm_op_Write.ap_auto.i32P0A, i32 %bucket_pointer_1649_out, i32 %bucket_pointer_859_load"   --->   Operation 239 'write' 'write_ln0' <Predicate = (icmp_ln85)> <Delay = 0.00>
ST_2 : Operation 240 [1/1] (0.00ns)   --->   "%write_ln0 = write void @_ssdm_op_Write.ap_auto.i32P0A, i32 %bucket_pointer_1648_out, i32 %bucket_pointer_858_load"   --->   Operation 240 'write' 'write_ln0' <Predicate = (icmp_ln85)> <Delay = 0.00>
ST_2 : Operation 241 [1/1] (0.00ns)   --->   "%write_ln0 = write void @_ssdm_op_Write.ap_auto.i32P0A, i32 %bucket_pointer_1647_out, i32 %bucket_pointer_857_load"   --->   Operation 241 'write' 'write_ln0' <Predicate = (icmp_ln85)> <Delay = 0.00>
ST_2 : Operation 242 [1/1] (0.00ns)   --->   "%write_ln0 = write void @_ssdm_op_Write.ap_auto.i32P0A, i32 %bucket_pointer_1646_out, i32 %bucket_pointer_856_load"   --->   Operation 242 'write' 'write_ln0' <Predicate = (icmp_ln85)> <Delay = 0.00>
ST_2 : Operation 243 [1/1] (0.00ns)   --->   "%write_ln0 = write void @_ssdm_op_Write.ap_auto.i32P0A, i32 %bucket_pointer_1645_out, i32 %bucket_pointer_855_load"   --->   Operation 243 'write' 'write_ln0' <Predicate = (icmp_ln85)> <Delay = 0.00>
ST_2 : Operation 244 [1/1] (0.00ns)   --->   "%write_ln0 = write void @_ssdm_op_Write.ap_auto.i32P0A, i32 %bucket_pointer_1644_out, i32 %bucket_pointer_854_load"   --->   Operation 244 'write' 'write_ln0' <Predicate = (icmp_ln85)> <Delay = 0.00>
ST_2 : Operation 245 [1/1] (0.00ns)   --->   "%write_ln0 = write void @_ssdm_op_Write.ap_auto.i32P0A, i32 %bucket_pointer_1643_out, i32 %bucket_pointer_853_load"   --->   Operation 245 'write' 'write_ln0' <Predicate = (icmp_ln85)> <Delay = 0.00>
ST_2 : Operation 246 [1/1] (0.00ns)   --->   "%write_ln0 = write void @_ssdm_op_Write.ap_auto.i32P0A, i32 %bucket_pointer_1642_out, i32 %bucket_pointer_852_load"   --->   Operation 246 'write' 'write_ln0' <Predicate = (icmp_ln85)> <Delay = 0.00>
ST_2 : Operation 247 [1/1] (0.00ns)   --->   "%write_ln0 = write void @_ssdm_op_Write.ap_auto.i32P0A, i32 %bucket_pointer_1641_out, i32 %bucket_pointer_851_load"   --->   Operation 247 'write' 'write_ln0' <Predicate = (icmp_ln85)> <Delay = 0.00>
ST_2 : Operation 248 [1/1] (0.00ns)   --->   "%ret_ln0 = ret"   --->   Operation 248 'ret' 'ret_ln0' <Predicate = (icmp_ln85)> <Delay = 0.00>


============================================================
+ Verbose Summary: Timing violations
============================================================
Target clock period: 10ns, clock uncertainty: 2.7ns.

 <State 1>: 0.387ns
The critical path consists of the following:
	'alloca' operation ('bucket_sizes') [98]  (0 ns)
	'store' operation ('store_ln0') of variable 'bucket_sizes_3704_read' on local variable 'bucket_sizes' [131]  (0.387 ns)

 <State 2>: 1.76ns
The critical path consists of the following:
	'load' operation ('m', sort_seperate_bucket/radix_sort.c:86) on local variable 'm' [167]  (0 ns)
	'mux' operation ('tmp_s', sort_seperate_bucket/radix_sort.c:87) [193]  (0.493 ns)
	'add' operation ('next_bucket_pointer', sort_seperate_bucket/radix_sort.c:87) [194]  (0.88 ns)
	'store' operation ('store_ln85', sort_seperate_bucket/radix_sort.c:85) of variable 'next_bucket_pointer', sort_seperate_bucket/radix_sort.c:87 on local variable 'bucket_pointer' [261]  (0.387 ns)


============================================================
+ Verbose Summary: Binding
============================================================
N/A
* FSMD analyzer results:
  - Output states:
 - Input state : 
  - Chain level:
	State 1
	State 2


============================================================
+ Verbose Summary: Datapath Resource usage 
============================================================
N/A
