

================================================================
== Vitis HLS Report for 'radix_sort_hex_batch_37_1'
================================================================
* Date:           Tue Apr 25 09:25:19 2023

* Version:        2022.2 (Build 3670227 on Oct 13 2022)
* Project:        sort_seperate_bucket
* Solution:       solution1 (Vivado IP Flow Target)
* Product family: virtexuplus
* Target device:  xcu280-fsvh2892-2L-e


================================================================
== Performance Estimates
================================================================
+ Timing: 
    * Summary: 
    +--------+----------+----------+------------+
    |  Clock |  Target  | Estimated| Uncertainty|
    +--------+----------+----------+------------+
    |ap_clk  |  10.00 ns|  5.044 ns|     2.70 ns|
    +--------+----------+----------+------------+

+ Latency: 
    * Summary: 
    +---------+---------+----------+----------+--------+--------+---------+
    |  Latency (cycles) |  Latency (absolute) |     Interval    | Pipeline|
    |   min   |   max   |    min   |    max   |   min  |   max  |   Type  |
    +---------+---------+----------+----------+--------+--------+---------+
    |   156477|   156477|  1.565 ms|  1.565 ms|  156477|  156477|       no|
    +---------+---------+----------+----------+--------+--------+---------+

    + Detail: 
        * Instance: 
        N/A

        * Loop: 
        +------------------+---------+---------+----------+-----------+-----------+------+----------+
        |                  |  Latency (cycles) | Iteration|  Initiation Interval  | Trip |          |
        |     Loop Name    |   min   |   max   |  Latency |  achieved |   target  | Count| Pipelined|
        +------------------+---------+---------+----------+-----------+-----------+------+----------+
        |- sort_procedure  |   125200|   125200|     15650|          -|          -|     8|        no|
        +------------------+---------+---------+----------+-----------+-----------+------+----------+

============================================================
+ Verbose Summary: Synthesis Manager
============================================================
InlineROM: 1
ExposeGlobal: 0
============================================================
+ Verbose Summary: CDFG Model
============================================================
IsTopModel: 0
ResetActiveHigh: 1
IsCombinational: 2
IsDatapathOnly: 0
HasWiredReturn: 1
HasMFsm: 0
HasVarLatency: 1
IsPipeline: 0
IsRtlPipelined: 0
IsInstanceOverlapped: 0
IsDontTouch: 0
HasImplIP: 0
IsGatedGlobalClock: 0


============================================================
+ Verbose Summary: Schedule
============================================================
* Number of FSM states : 10
* Pipeline : 0
* Dataflow Pipeline: 0

* FSM state transitions: 
1 --> 2 
2 --> 3 
3 --> 4 
4 --> 5 
5 --> 6 10 
6 --> 7 
7 --> 8 
8 --> 9 
9 --> 5 
10 --> 

* FSM state operations: 

State 1 <SV = 0> <Delay = 0.38>
ST_1 : Operation 11 [1/1] (0.00ns)   --->   "%i = alloca i32 1"   --->   Operation 11 'alloca' 'i' <Predicate = true> <Delay = 0.00>
ST_1 : Operation 12 [1/1] (0.00ns)   --->   "%bucket_num = alloca i32 1"   --->   Operation 12 'alloca' 'bucket_num' <Predicate = true> <Delay = 0.00>
ST_1 : Operation 13 [1/1] (0.00ns)   --->   "%bucket_pointer = alloca i32 1"   --->   Operation 13 'alloca' 'bucket_pointer' <Predicate = true> <Delay = 0.00>
ST_1 : Operation 14 [1/1] (0.00ns)   --->   "%bucket_pointer_1108 = alloca i32 1"   --->   Operation 14 'alloca' 'bucket_pointer_1108' <Predicate = true> <Delay = 0.00>
ST_1 : Operation 15 [1/1] (0.00ns)   --->   "%bucket_pointer_1109 = alloca i32 1"   --->   Operation 15 'alloca' 'bucket_pointer_1109' <Predicate = true> <Delay = 0.00>
ST_1 : Operation 16 [1/1] (0.00ns)   --->   "%bucket_pointer_1110 = alloca i32 1"   --->   Operation 16 'alloca' 'bucket_pointer_1110' <Predicate = true> <Delay = 0.00>
ST_1 : Operation 17 [1/1] (0.00ns)   --->   "%bucket_pointer_1111 = alloca i32 1"   --->   Operation 17 'alloca' 'bucket_pointer_1111' <Predicate = true> <Delay = 0.00>
ST_1 : Operation 18 [1/1] (0.00ns)   --->   "%bucket_pointer_1112 = alloca i32 1"   --->   Operation 18 'alloca' 'bucket_pointer_1112' <Predicate = true> <Delay = 0.00>
ST_1 : Operation 19 [1/1] (0.00ns)   --->   "%bucket_pointer_1113 = alloca i32 1"   --->   Operation 19 'alloca' 'bucket_pointer_1113' <Predicate = true> <Delay = 0.00>
ST_1 : Operation 20 [1/1] (0.00ns)   --->   "%bucket_pointer_1114 = alloca i32 1"   --->   Operation 20 'alloca' 'bucket_pointer_1114' <Predicate = true> <Delay = 0.00>
ST_1 : Operation 21 [1/1] (0.00ns)   --->   "%bucket_pointer_1115 = alloca i32 1"   --->   Operation 21 'alloca' 'bucket_pointer_1115' <Predicate = true> <Delay = 0.00>
ST_1 : Operation 22 [1/1] (0.00ns)   --->   "%bucket_pointer_1116 = alloca i32 1"   --->   Operation 22 'alloca' 'bucket_pointer_1116' <Predicate = true> <Delay = 0.00>
ST_1 : Operation 23 [1/1] (0.00ns)   --->   "%bucket_pointer_1117 = alloca i32 1"   --->   Operation 23 'alloca' 'bucket_pointer_1117' <Predicate = true> <Delay = 0.00>
ST_1 : Operation 24 [1/1] (0.00ns)   --->   "%bucket_pointer_1118 = alloca i32 1"   --->   Operation 24 'alloca' 'bucket_pointer_1118' <Predicate = true> <Delay = 0.00>
ST_1 : Operation 25 [1/1] (0.00ns)   --->   "%bucket_pointer_1119 = alloca i32 1"   --->   Operation 25 'alloca' 'bucket_pointer_1119' <Predicate = true> <Delay = 0.00>
ST_1 : Operation 26 [1/1] (0.00ns)   --->   "%bucket_pointer_1120 = alloca i32 1"   --->   Operation 26 'alloca' 'bucket_pointer_1120' <Predicate = true> <Delay = 0.00>
ST_1 : Operation 27 [1/1] (0.00ns)   --->   "%bucket_pointer_1121 = alloca i32 1"   --->   Operation 27 'alloca' 'bucket_pointer_1121' <Predicate = true> <Delay = 0.00>
ST_1 : Operation 28 [1/1] (0.00ns)   --->   "%bucket_pointer_1122 = alloca i32 1"   --->   Operation 28 'alloca' 'bucket_pointer_1122' <Predicate = true> <Delay = 0.00>
ST_1 : Operation 29 [1/1] (0.00ns)   --->   "%bucket_sizes = alloca i32 1"   --->   Operation 29 'alloca' 'bucket_sizes' <Predicate = true> <Delay = 0.00>
ST_1 : Operation 30 [1/1] (0.00ns)   --->   "%bucket_sizes_1456 = alloca i32 1"   --->   Operation 30 'alloca' 'bucket_sizes_1456' <Predicate = true> <Delay = 0.00>
ST_1 : Operation 31 [1/1] (0.00ns)   --->   "%bucket_sizes_1457 = alloca i32 1"   --->   Operation 31 'alloca' 'bucket_sizes_1457' <Predicate = true> <Delay = 0.00>
ST_1 : Operation 32 [1/1] (0.00ns)   --->   "%bucket_sizes_1458 = alloca i32 1"   --->   Operation 32 'alloca' 'bucket_sizes_1458' <Predicate = true> <Delay = 0.00>
ST_1 : Operation 33 [1/1] (0.00ns)   --->   "%bucket_sizes_1459 = alloca i32 1"   --->   Operation 33 'alloca' 'bucket_sizes_1459' <Predicate = true> <Delay = 0.00>
ST_1 : Operation 34 [1/1] (0.00ns)   --->   "%bucket_sizes_1460 = alloca i32 1"   --->   Operation 34 'alloca' 'bucket_sizes_1460' <Predicate = true> <Delay = 0.00>
ST_1 : Operation 35 [1/1] (0.00ns)   --->   "%bucket_sizes_1461 = alloca i32 1"   --->   Operation 35 'alloca' 'bucket_sizes_1461' <Predicate = true> <Delay = 0.00>
ST_1 : Operation 36 [1/1] (0.00ns)   --->   "%bucket_sizes_1462 = alloca i32 1"   --->   Operation 36 'alloca' 'bucket_sizes_1462' <Predicate = true> <Delay = 0.00>
ST_1 : Operation 37 [1/1] (0.00ns)   --->   "%bucket_sizes_1463 = alloca i32 1"   --->   Operation 37 'alloca' 'bucket_sizes_1463' <Predicate = true> <Delay = 0.00>
ST_1 : Operation 38 [1/1] (0.00ns)   --->   "%bucket_sizes_1464 = alloca i32 1"   --->   Operation 38 'alloca' 'bucket_sizes_1464' <Predicate = true> <Delay = 0.00>
ST_1 : Operation 39 [1/1] (0.00ns)   --->   "%bucket_sizes_1465 = alloca i32 1"   --->   Operation 39 'alloca' 'bucket_sizes_1465' <Predicate = true> <Delay = 0.00>
ST_1 : Operation 40 [1/1] (0.00ns)   --->   "%bucket_sizes_1466 = alloca i32 1"   --->   Operation 40 'alloca' 'bucket_sizes_1466' <Predicate = true> <Delay = 0.00>
ST_1 : Operation 41 [1/1] (0.00ns)   --->   "%bucket_sizes_1467 = alloca i32 1"   --->   Operation 41 'alloca' 'bucket_sizes_1467' <Predicate = true> <Delay = 0.00>
ST_1 : Operation 42 [1/1] (0.00ns)   --->   "%bucket_sizes_1468 = alloca i32 1"   --->   Operation 42 'alloca' 'bucket_sizes_1468' <Predicate = true> <Delay = 0.00>
ST_1 : Operation 43 [1/1] (0.00ns)   --->   "%bucket_sizes_1469 = alloca i32 1"   --->   Operation 43 'alloca' 'bucket_sizes_1469' <Predicate = true> <Delay = 0.00>
ST_1 : Operation 44 [1/1] (0.00ns)   --->   "%bucket_sizes_1470 = alloca i32 1"   --->   Operation 44 'alloca' 'bucket_sizes_1470' <Predicate = true> <Delay = 0.00>
ST_1 : Operation 45 [1/1] (0.00ns)   --->   "%bucket_pointer_2096_loc = alloca i64 1"   --->   Operation 45 'alloca' 'bucket_pointer_2096_loc' <Predicate = true> <Delay = 0.00>
ST_1 : Operation 46 [1/1] (0.00ns)   --->   "%bucket_pointer_2097_loc = alloca i64 1"   --->   Operation 46 'alloca' 'bucket_pointer_2097_loc' <Predicate = true> <Delay = 0.00>
ST_1 : Operation 47 [1/1] (0.00ns)   --->   "%bucket_pointer_2098_loc = alloca i64 1"   --->   Operation 47 'alloca' 'bucket_pointer_2098_loc' <Predicate = true> <Delay = 0.00>
ST_1 : Operation 48 [1/1] (0.00ns)   --->   "%bucket_pointer_2099_loc = alloca i64 1"   --->   Operation 48 'alloca' 'bucket_pointer_2099_loc' <Predicate = true> <Delay = 0.00>
ST_1 : Operation 49 [1/1] (0.00ns)   --->   "%bucket_pointer_2100_loc = alloca i64 1"   --->   Operation 49 'alloca' 'bucket_pointer_2100_loc' <Predicate = true> <Delay = 0.00>
ST_1 : Operation 50 [1/1] (0.00ns)   --->   "%bucket_pointer_2101_loc = alloca i64 1"   --->   Operation 50 'alloca' 'bucket_pointer_2101_loc' <Predicate = true> <Delay = 0.00>
ST_1 : Operation 51 [1/1] (0.00ns)   --->   "%bucket_pointer_2102_loc = alloca i64 1"   --->   Operation 51 'alloca' 'bucket_pointer_2102_loc' <Predicate = true> <Delay = 0.00>
ST_1 : Operation 52 [1/1] (0.00ns)   --->   "%bucket_pointer_2103_loc = alloca i64 1"   --->   Operation 52 'alloca' 'bucket_pointer_2103_loc' <Predicate = true> <Delay = 0.00>
ST_1 : Operation 53 [1/1] (0.00ns)   --->   "%bucket_pointer_2104_loc = alloca i64 1"   --->   Operation 53 'alloca' 'bucket_pointer_2104_loc' <Predicate = true> <Delay = 0.00>
ST_1 : Operation 54 [1/1] (0.00ns)   --->   "%bucket_pointer_2105_loc = alloca i64 1"   --->   Operation 54 'alloca' 'bucket_pointer_2105_loc' <Predicate = true> <Delay = 0.00>
ST_1 : Operation 55 [1/1] (0.00ns)   --->   "%bucket_pointer_2106_loc = alloca i64 1"   --->   Operation 55 'alloca' 'bucket_pointer_2106_loc' <Predicate = true> <Delay = 0.00>
ST_1 : Operation 56 [1/1] (0.00ns)   --->   "%bucket_pointer_2107_loc = alloca i64 1"   --->   Operation 56 'alloca' 'bucket_pointer_2107_loc' <Predicate = true> <Delay = 0.00>
ST_1 : Operation 57 [1/1] (0.00ns)   --->   "%bucket_pointer_2108_loc = alloca i64 1"   --->   Operation 57 'alloca' 'bucket_pointer_2108_loc' <Predicate = true> <Delay = 0.00>
ST_1 : Operation 58 [1/1] (0.00ns)   --->   "%bucket_pointer_2109_loc = alloca i64 1"   --->   Operation 58 'alloca' 'bucket_pointer_2109_loc' <Predicate = true> <Delay = 0.00>
ST_1 : Operation 59 [1/1] (0.00ns)   --->   "%bucket_pointer_2110_loc = alloca i64 1"   --->   Operation 59 'alloca' 'bucket_pointer_2110_loc' <Predicate = true> <Delay = 0.00>
ST_1 : Operation 60 [1/1] (0.00ns)   --->   "%bucket_pointer_2111_loc = alloca i64 1"   --->   Operation 60 'alloca' 'bucket_pointer_2111_loc' <Predicate = true> <Delay = 0.00>
ST_1 : Operation 61 [1/1] (0.00ns)   --->   "%bucket_sizes_4721_loc = alloca i64 1"   --->   Operation 61 'alloca' 'bucket_sizes_4721_loc' <Predicate = true> <Delay = 0.00>
ST_1 : Operation 62 [1/1] (0.00ns)   --->   "%bucket_sizes_4722_loc = alloca i64 1"   --->   Operation 62 'alloca' 'bucket_sizes_4722_loc' <Predicate = true> <Delay = 0.00>
ST_1 : Operation 63 [1/1] (0.00ns)   --->   "%bucket_sizes_4723_loc = alloca i64 1"   --->   Operation 63 'alloca' 'bucket_sizes_4723_loc' <Predicate = true> <Delay = 0.00>
ST_1 : Operation 64 [1/1] (0.00ns)   --->   "%bucket_sizes_4724_loc = alloca i64 1"   --->   Operation 64 'alloca' 'bucket_sizes_4724_loc' <Predicate = true> <Delay = 0.00>
ST_1 : Operation 65 [1/1] (0.00ns)   --->   "%bucket_sizes_4725_loc = alloca i64 1"   --->   Operation 65 'alloca' 'bucket_sizes_4725_loc' <Predicate = true> <Delay = 0.00>
ST_1 : Operation 66 [1/1] (0.00ns)   --->   "%bucket_sizes_4726_loc = alloca i64 1"   --->   Operation 66 'alloca' 'bucket_sizes_4726_loc' <Predicate = true> <Delay = 0.00>
ST_1 : Operation 67 [1/1] (0.00ns)   --->   "%bucket_sizes_4727_loc = alloca i64 1"   --->   Operation 67 'alloca' 'bucket_sizes_4727_loc' <Predicate = true> <Delay = 0.00>
ST_1 : Operation 68 [1/1] (0.00ns)   --->   "%bucket_sizes_4728_loc = alloca i64 1"   --->   Operation 68 'alloca' 'bucket_sizes_4728_loc' <Predicate = true> <Delay = 0.00>
ST_1 : Operation 69 [1/1] (0.00ns)   --->   "%bucket_sizes_4729_loc = alloca i64 1"   --->   Operation 69 'alloca' 'bucket_sizes_4729_loc' <Predicate = true> <Delay = 0.00>
ST_1 : Operation 70 [1/1] (0.00ns)   --->   "%bucket_sizes_4730_loc = alloca i64 1"   --->   Operation 70 'alloca' 'bucket_sizes_4730_loc' <Predicate = true> <Delay = 0.00>
ST_1 : Operation 71 [1/1] (0.00ns)   --->   "%bucket_sizes_4731_loc = alloca i64 1"   --->   Operation 71 'alloca' 'bucket_sizes_4731_loc' <Predicate = true> <Delay = 0.00>
ST_1 : Operation 72 [1/1] (0.00ns)   --->   "%bucket_sizes_4732_loc = alloca i64 1"   --->   Operation 72 'alloca' 'bucket_sizes_4732_loc' <Predicate = true> <Delay = 0.00>
ST_1 : Operation 73 [1/1] (0.00ns)   --->   "%bucket_sizes_4733_loc = alloca i64 1"   --->   Operation 73 'alloca' 'bucket_sizes_4733_loc' <Predicate = true> <Delay = 0.00>
ST_1 : Operation 74 [1/1] (0.00ns)   --->   "%bucket_sizes_4734_loc = alloca i64 1"   --->   Operation 74 'alloca' 'bucket_sizes_4734_loc' <Predicate = true> <Delay = 0.00>
ST_1 : Operation 75 [1/1] (0.00ns)   --->   "%bucket_sizes_4735_loc = alloca i64 1"   --->   Operation 75 'alloca' 'bucket_sizes_4735_loc' <Predicate = true> <Delay = 0.00>
ST_1 : Operation 76 [1/1] (0.00ns)   --->   "%bucket_sizes_4736_loc = alloca i64 1"   --->   Operation 76 'alloca' 'bucket_sizes_4736_loc' <Predicate = true> <Delay = 0.00>
ST_1 : Operation 77 [1/1] (0.00ns)   --->   "%bucket_sizes_loc = alloca i64 1"   --->   Operation 77 'alloca' 'bucket_sizes_loc' <Predicate = true> <Delay = 0.00>
ST_1 : Operation 78 [1/1] (0.00ns)   --->   "%bucket_sizes_4641_loc = alloca i64 1"   --->   Operation 78 'alloca' 'bucket_sizes_4641_loc' <Predicate = true> <Delay = 0.00>
ST_1 : Operation 79 [1/1] (0.00ns)   --->   "%bucket_sizes_4642_loc = alloca i64 1"   --->   Operation 79 'alloca' 'bucket_sizes_4642_loc' <Predicate = true> <Delay = 0.00>
ST_1 : Operation 80 [1/1] (0.00ns)   --->   "%bucket_sizes_4643_loc = alloca i64 1"   --->   Operation 80 'alloca' 'bucket_sizes_4643_loc' <Predicate = true> <Delay = 0.00>
ST_1 : Operation 81 [1/1] (0.00ns)   --->   "%bucket_sizes_4644_loc = alloca i64 1"   --->   Operation 81 'alloca' 'bucket_sizes_4644_loc' <Predicate = true> <Delay = 0.00>
ST_1 : Operation 82 [1/1] (0.00ns)   --->   "%bucket_sizes_4645_loc = alloca i64 1"   --->   Operation 82 'alloca' 'bucket_sizes_4645_loc' <Predicate = true> <Delay = 0.00>
ST_1 : Operation 83 [1/1] (0.00ns)   --->   "%bucket_sizes_4646_loc = alloca i64 1"   --->   Operation 83 'alloca' 'bucket_sizes_4646_loc' <Predicate = true> <Delay = 0.00>
ST_1 : Operation 84 [1/1] (0.00ns)   --->   "%bucket_sizes_4647_loc = alloca i64 1"   --->   Operation 84 'alloca' 'bucket_sizes_4647_loc' <Predicate = true> <Delay = 0.00>
ST_1 : Operation 85 [1/1] (0.00ns)   --->   "%bucket_sizes_4648_loc = alloca i64 1"   --->   Operation 85 'alloca' 'bucket_sizes_4648_loc' <Predicate = true> <Delay = 0.00>
ST_1 : Operation 86 [1/1] (0.00ns)   --->   "%bucket_sizes_4649_loc = alloca i64 1"   --->   Operation 86 'alloca' 'bucket_sizes_4649_loc' <Predicate = true> <Delay = 0.00>
ST_1 : Operation 87 [1/1] (0.00ns)   --->   "%bucket_sizes_4650_loc = alloca i64 1"   --->   Operation 87 'alloca' 'bucket_sizes_4650_loc' <Predicate = true> <Delay = 0.00>
ST_1 : Operation 88 [1/1] (0.00ns)   --->   "%bucket_sizes_4651_loc = alloca i64 1"   --->   Operation 88 'alloca' 'bucket_sizes_4651_loc' <Predicate = true> <Delay = 0.00>
ST_1 : Operation 89 [1/1] (0.00ns)   --->   "%bucket_sizes_4652_loc = alloca i64 1"   --->   Operation 89 'alloca' 'bucket_sizes_4652_loc' <Predicate = true> <Delay = 0.00>
ST_1 : Operation 90 [1/1] (0.00ns)   --->   "%bucket_sizes_4653_loc = alloca i64 1"   --->   Operation 90 'alloca' 'bucket_sizes_4653_loc' <Predicate = true> <Delay = 0.00>
ST_1 : Operation 91 [1/1] (0.00ns)   --->   "%bucket_sizes_4654_loc = alloca i64 1"   --->   Operation 91 'alloca' 'bucket_sizes_4654_loc' <Predicate = true> <Delay = 0.00>
ST_1 : Operation 92 [1/1] (0.00ns)   --->   "%bucket_sizes_4655_loc = alloca i64 1"   --->   Operation 92 'alloca' 'bucket_sizes_4655_loc' <Predicate = true> <Delay = 0.00>
ST_1 : Operation 93 [1/1] (0.00ns)   --->   "%bucket = alloca i64 1" [sort_seperate_bucket/multi_radix_hex_kmerge.c:10]   --->   Operation 93 'alloca' 'bucket' <Predicate = true> <Delay = 0.00>
ST_1 : Operation 94 [2/2] (0.00ns)   --->   "%call_ln0 = call void @radix_sort_hex_batch.37.1_Pipeline_1, i32 %bucket_sizes_4655_loc, i32 %bucket_sizes_4654_loc, i32 %bucket_sizes_4653_loc, i32 %bucket_sizes_4652_loc, i32 %bucket_sizes_4651_loc, i32 %bucket_sizes_4650_loc, i32 %bucket_sizes_4649_loc, i32 %bucket_sizes_4648_loc, i32 %bucket_sizes_4647_loc, i32 %bucket_sizes_4646_loc, i32 %bucket_sizes_4645_loc, i32 %bucket_sizes_4644_loc, i32 %bucket_sizes_4643_loc, i32 %bucket_sizes_4642_loc, i32 %bucket_sizes_4641_loc, i32 %bucket_sizes_loc"   --->   Operation 94 'call' 'call_ln0' <Predicate = true> <Delay = 0.00> <CoreType = "Generic">   --->   Core 0 '' <Latency = 0> <II = 1> <Delay = 1.00> <Generic> <Opcode : >
ST_1 : Operation 95 [1/1] (0.38ns)   --->   "%store_ln27 = store i32 0, i32 %bucket_num" [sort_seperate_bucket/multi_radix_hex_kmerge.c:27]   --->   Operation 95 'store' 'store_ln27' <Predicate = true> <Delay = 0.38>
ST_1 : Operation 96 [1/1] (0.38ns)   --->   "%store_ln27 = store i4 0, i4 %i" [sort_seperate_bucket/multi_radix_hex_kmerge.c:27]   --->   Operation 96 'store' 'store_ln27' <Predicate = true> <Delay = 0.38>

State 2 <SV = 1> <Delay = 1.02>
ST_2 : Operation 97 [1/2] (1.02ns)   --->   "%call_ln0 = call void @radix_sort_hex_batch.37.1_Pipeline_1, i32 %bucket_sizes_4655_loc, i32 %bucket_sizes_4654_loc, i32 %bucket_sizes_4653_loc, i32 %bucket_sizes_4652_loc, i32 %bucket_sizes_4651_loc, i32 %bucket_sizes_4650_loc, i32 %bucket_sizes_4649_loc, i32 %bucket_sizes_4648_loc, i32 %bucket_sizes_4647_loc, i32 %bucket_sizes_4646_loc, i32 %bucket_sizes_4645_loc, i32 %bucket_sizes_4644_loc, i32 %bucket_sizes_4643_loc, i32 %bucket_sizes_4642_loc, i32 %bucket_sizes_4641_loc, i32 %bucket_sizes_loc"   --->   Operation 97 'call' 'call_ln0' <Predicate = true> <Delay = 1.02> <CoreType = "Generic">   --->   Core 0 '' <Latency = 0> <II = 1> <Delay = 1.00> <Generic> <Opcode : >

State 3 <SV = 2> <Delay = 0.38>
ST_3 : Operation 98 [1/1] (0.00ns)   --->   "%bucket_sizes_4655_loc_load = load i32 %bucket_sizes_4655_loc"   --->   Operation 98 'load' 'bucket_sizes_4655_loc_load' <Predicate = true> <Delay = 0.00>
ST_3 : Operation 99 [1/1] (0.00ns)   --->   "%bucket_sizes_4654_loc_load = load i32 %bucket_sizes_4654_loc"   --->   Operation 99 'load' 'bucket_sizes_4654_loc_load' <Predicate = true> <Delay = 0.00>
ST_3 : Operation 100 [1/1] (0.00ns)   --->   "%bucket_sizes_4653_loc_load = load i32 %bucket_sizes_4653_loc"   --->   Operation 100 'load' 'bucket_sizes_4653_loc_load' <Predicate = true> <Delay = 0.00>
ST_3 : Operation 101 [1/1] (0.00ns)   --->   "%bucket_sizes_4652_loc_load = load i32 %bucket_sizes_4652_loc"   --->   Operation 101 'load' 'bucket_sizes_4652_loc_load' <Predicate = true> <Delay = 0.00>
ST_3 : Operation 102 [1/1] (0.00ns)   --->   "%bucket_sizes_4651_loc_load = load i32 %bucket_sizes_4651_loc"   --->   Operation 102 'load' 'bucket_sizes_4651_loc_load' <Predicate = true> <Delay = 0.00>
ST_3 : Operation 103 [1/1] (0.00ns)   --->   "%bucket_sizes_4650_loc_load = load i32 %bucket_sizes_4650_loc"   --->   Operation 103 'load' 'bucket_sizes_4650_loc_load' <Predicate = true> <Delay = 0.00>
ST_3 : Operation 104 [1/1] (0.00ns)   --->   "%bucket_sizes_4649_loc_load = load i32 %bucket_sizes_4649_loc"   --->   Operation 104 'load' 'bucket_sizes_4649_loc_load' <Predicate = true> <Delay = 0.00>
ST_3 : Operation 105 [1/1] (0.00ns)   --->   "%bucket_sizes_4648_loc_load = load i32 %bucket_sizes_4648_loc"   --->   Operation 105 'load' 'bucket_sizes_4648_loc_load' <Predicate = true> <Delay = 0.00>
ST_3 : Operation 106 [1/1] (0.00ns)   --->   "%bucket_sizes_4647_loc_load = load i32 %bucket_sizes_4647_loc"   --->   Operation 106 'load' 'bucket_sizes_4647_loc_load' <Predicate = true> <Delay = 0.00>
ST_3 : Operation 107 [1/1] (0.00ns)   --->   "%bucket_sizes_4646_loc_load = load i32 %bucket_sizes_4646_loc"   --->   Operation 107 'load' 'bucket_sizes_4646_loc_load' <Predicate = true> <Delay = 0.00>
ST_3 : Operation 108 [1/1] (0.00ns)   --->   "%bucket_sizes_4645_loc_load = load i32 %bucket_sizes_4645_loc"   --->   Operation 108 'load' 'bucket_sizes_4645_loc_load' <Predicate = true> <Delay = 0.00>
ST_3 : Operation 109 [1/1] (0.00ns)   --->   "%bucket_sizes_4644_loc_load = load i32 %bucket_sizes_4644_loc"   --->   Operation 109 'load' 'bucket_sizes_4644_loc_load' <Predicate = true> <Delay = 0.00>
ST_3 : Operation 110 [1/1] (0.00ns)   --->   "%bucket_sizes_4643_loc_load = load i32 %bucket_sizes_4643_loc"   --->   Operation 110 'load' 'bucket_sizes_4643_loc_load' <Predicate = true> <Delay = 0.00>
ST_3 : Operation 111 [1/1] (0.00ns)   --->   "%bucket_sizes_4642_loc_load = load i32 %bucket_sizes_4642_loc"   --->   Operation 111 'load' 'bucket_sizes_4642_loc_load' <Predicate = true> <Delay = 0.00>
ST_3 : Operation 112 [1/1] (0.00ns)   --->   "%bucket_sizes_4641_loc_load = load i32 %bucket_sizes_4641_loc"   --->   Operation 112 'load' 'bucket_sizes_4641_loc_load' <Predicate = true> <Delay = 0.00>
ST_3 : Operation 113 [1/1] (0.00ns)   --->   "%bucket_sizes_loc_load = load i32 %bucket_sizes_loc"   --->   Operation 113 'load' 'bucket_sizes_loc_load' <Predicate = true> <Delay = 0.00>
ST_3 : Operation 114 [2/2] (0.38ns)   --->   "%call_ln0 = call void @radix_sort_hex_batch.37.1_Pipeline_initialization, i32 %bucket_sizes_4655_loc_load, i32 %bucket_sizes_4654_loc_load, i32 %bucket_sizes_4653_loc_load, i32 %bucket_sizes_4652_loc_load, i32 %bucket_sizes_4651_loc_load, i32 %bucket_sizes_4650_loc_load, i32 %bucket_sizes_4649_loc_load, i32 %bucket_sizes_4648_loc_load, i32 %bucket_sizes_4647_loc_load, i32 %bucket_sizes_4646_loc_load, i32 %bucket_sizes_4645_loc_load, i32 %bucket_sizes_4644_loc_load, i32 %bucket_sizes_4643_loc_load, i32 %bucket_sizes_4642_loc_load, i32 %bucket_sizes_4641_loc_load, i32 %bucket_sizes_loc_load, i32 %bucket, i32 %input_36, i32 %bucket_sizes_1470, i32 %bucket_sizes_1469, i32 %bucket_sizes_1468, i32 %bucket_sizes_1467, i32 %bucket_sizes_1466, i32 %bucket_sizes_1465, i32 %bucket_sizes_1464, i32 %bucket_sizes_1463, i32 %bucket_sizes_1462, i32 %bucket_sizes_1461, i32 %bucket_sizes_1460, i32 %bucket_sizes_1459, i32 %bucket_sizes_1458, i32 %bucket_sizes_1457, i32 %bucket_sizes_1456, i32 %bucket_sizes"   --->   Operation 114 'call' 'call_ln0' <Predicate = true> <Delay = 0.38> <CoreType = "Generic">   --->   Core 0 '' <Latency = 0> <II = 1> <Delay = 1.00> <Generic> <Opcode : >

State 4 <SV = 3> <Delay = 0.00>
ST_4 : Operation 115 [1/1] (0.00ns)   --->   "%specinterface_ln0 = specinterface void @_ssdm_op_SpecInterface, i32 %input_36, void @empty_70, i32 0, i32 0, void @empty_54, i32 4294967295, i32 0, void @empty_54, void @empty_54, void @empty_54, i32 0, i32 0, i32 0, i32 0, void @empty_54, void @empty_54, i32 4294967295, i32 0"   --->   Operation 115 'specinterface' 'specinterface_ln0' <Predicate = true> <Delay = 0.00>
ST_4 : Operation 116 [1/2] (0.00ns)   --->   "%call_ln0 = call void @radix_sort_hex_batch.37.1_Pipeline_initialization, i32 %bucket_sizes_4655_loc_load, i32 %bucket_sizes_4654_loc_load, i32 %bucket_sizes_4653_loc_load, i32 %bucket_sizes_4652_loc_load, i32 %bucket_sizes_4651_loc_load, i32 %bucket_sizes_4650_loc_load, i32 %bucket_sizes_4649_loc_load, i32 %bucket_sizes_4648_loc_load, i32 %bucket_sizes_4647_loc_load, i32 %bucket_sizes_4646_loc_load, i32 %bucket_sizes_4645_loc_load, i32 %bucket_sizes_4644_loc_load, i32 %bucket_sizes_4643_loc_load, i32 %bucket_sizes_4642_loc_load, i32 %bucket_sizes_4641_loc_load, i32 %bucket_sizes_loc_load, i32 %bucket, i32 %input_36, i32 %bucket_sizes_1470, i32 %bucket_sizes_1469, i32 %bucket_sizes_1468, i32 %bucket_sizes_1467, i32 %bucket_sizes_1466, i32 %bucket_sizes_1465, i32 %bucket_sizes_1464, i32 %bucket_sizes_1463, i32 %bucket_sizes_1462, i32 %bucket_sizes_1461, i32 %bucket_sizes_1460, i32 %bucket_sizes_1459, i32 %bucket_sizes_1458, i32 %bucket_sizes_1457, i32 %bucket_sizes_1456, i32 %bucket_sizes"   --->   Operation 116 'call' 'call_ln0' <Predicate = true> <Delay = 0.00> <CoreType = "Generic">   --->   Core 0 '' <Latency = 0> <II = 1> <Delay = 1.00> <Generic> <Opcode : >
ST_4 : Operation 117 [1/1] (0.00ns)   --->   "%br_ln27 = br void %bucket_pointer_initialization.i" [sort_seperate_bucket/multi_radix_hex_kmerge.c:27]   --->   Operation 117 'br' 'br_ln27' <Predicate = true> <Delay = 0.00>

State 5 <SV = 4> <Delay = 1.41>
ST_5 : Operation 118 [1/1] (0.00ns)   --->   "%i_65 = load i4 %i"   --->   Operation 118 'load' 'i_65' <Predicate = true> <Delay = 0.00>
ST_5 : Operation 119 [1/1] (0.65ns)   --->   "%icmp_ln27 = icmp_eq  i4 %i_65, i4 8" [sort_seperate_bucket/multi_radix_hex_kmerge.c:27]   --->   Operation 119 'icmp' 'icmp_ln27' <Predicate = true> <Delay = 0.65> <CoreInst = "Cmp">   --->   Core 9 'Cmp' <Latency = 0> <II = 1> <Delay = 0.65> <FuncUnit> <Opcode : 'icmp'> <InPorts = 2> <OutPorts = 1>
ST_5 : Operation 120 [1/1] (0.00ns)   --->   "%empty = speclooptripcount i32 @_ssdm_op_SpecLoopTripCount, i64 8, i64 8, i64 8"   --->   Operation 120 'speclooptripcount' 'empty' <Predicate = true> <Delay = 0.00>
ST_5 : Operation 121 [1/1] (0.70ns)   --->   "%i_66 = add i4 %i_65, i4 1" [sort_seperate_bucket/multi_radix_hex_kmerge.c:27]   --->   Operation 121 'add' 'i_66' <Predicate = true> <Delay = 0.70> <CoreInst = "Adder">   --->   Core 1 'Adder' <Latency = 0> <II = 1> <Delay = 0.70> <FuncUnit> <Opcode : 'add' 'sub'> <InPorts = 2> <OutPorts = 1>
ST_5 : Operation 122 [1/1] (0.00ns)   --->   "%br_ln27 = br i1 %icmp_ln27, void %xlx_merge_loop.bucket_pointer_initialization.36_begin, void %for.inc79.i.preheader" [sort_seperate_bucket/multi_radix_hex_kmerge.c:27]   --->   Operation 122 'br' 'br_ln27' <Predicate = true> <Delay = 0.00>
ST_5 : Operation 123 [1/1] (0.00ns)   --->   "%bucket_num_load = load i32 %bucket_num" [sort_seperate_bucket/multi_radix_hex_kmerge.c:43]   --->   Operation 123 'load' 'bucket_num_load' <Predicate = (!icmp_ln27)> <Delay = 0.00>
ST_5 : Operation 124 [1/1] (0.00ns)   --->   "%bucket_pointer_load = load i32 %bucket_pointer"   --->   Operation 124 'load' 'bucket_pointer_load' <Predicate = (!icmp_ln27)> <Delay = 0.00>
ST_5 : Operation 125 [1/1] (0.00ns)   --->   "%bucket_pointer_1108_load = load i32 %bucket_pointer_1108"   --->   Operation 125 'load' 'bucket_pointer_1108_load' <Predicate = (!icmp_ln27)> <Delay = 0.00>
ST_5 : Operation 126 [1/1] (0.00ns)   --->   "%bucket_pointer_1109_load = load i32 %bucket_pointer_1109"   --->   Operation 126 'load' 'bucket_pointer_1109_load' <Predicate = (!icmp_ln27)> <Delay = 0.00>
ST_5 : Operation 127 [1/1] (0.00ns)   --->   "%bucket_pointer_1110_load = load i32 %bucket_pointer_1110"   --->   Operation 127 'load' 'bucket_pointer_1110_load' <Predicate = (!icmp_ln27)> <Delay = 0.00>
ST_5 : Operation 128 [1/1] (0.00ns)   --->   "%bucket_pointer_1111_load = load i32 %bucket_pointer_1111"   --->   Operation 128 'load' 'bucket_pointer_1111_load' <Predicate = (!icmp_ln27)> <Delay = 0.00>
ST_5 : Operation 129 [1/1] (0.00ns)   --->   "%bucket_pointer_1112_load = load i32 %bucket_pointer_1112"   --->   Operation 129 'load' 'bucket_pointer_1112_load' <Predicate = (!icmp_ln27)> <Delay = 0.00>
ST_5 : Operation 130 [1/1] (0.00ns)   --->   "%bucket_pointer_1113_load = load i32 %bucket_pointer_1113"   --->   Operation 130 'load' 'bucket_pointer_1113_load' <Predicate = (!icmp_ln27)> <Delay = 0.00>
ST_5 : Operation 131 [1/1] (0.00ns)   --->   "%bucket_pointer_1114_load = load i32 %bucket_pointer_1114"   --->   Operation 131 'load' 'bucket_pointer_1114_load' <Predicate = (!icmp_ln27)> <Delay = 0.00>
ST_5 : Operation 132 [1/1] (0.00ns)   --->   "%bucket_pointer_1115_load = load i32 %bucket_pointer_1115"   --->   Operation 132 'load' 'bucket_pointer_1115_load' <Predicate = (!icmp_ln27)> <Delay = 0.00>
ST_5 : Operation 133 [1/1] (0.00ns)   --->   "%bucket_pointer_1116_load = load i32 %bucket_pointer_1116"   --->   Operation 133 'load' 'bucket_pointer_1116_load' <Predicate = (!icmp_ln27)> <Delay = 0.00>
ST_5 : Operation 134 [1/1] (0.00ns)   --->   "%bucket_pointer_1117_load = load i32 %bucket_pointer_1117"   --->   Operation 134 'load' 'bucket_pointer_1117_load' <Predicate = (!icmp_ln27)> <Delay = 0.00>
ST_5 : Operation 135 [1/1] (0.00ns)   --->   "%bucket_pointer_1118_load = load i32 %bucket_pointer_1118"   --->   Operation 135 'load' 'bucket_pointer_1118_load' <Predicate = (!icmp_ln27)> <Delay = 0.00>
ST_5 : Operation 136 [1/1] (0.00ns)   --->   "%bucket_pointer_1119_load = load i32 %bucket_pointer_1119"   --->   Operation 136 'load' 'bucket_pointer_1119_load' <Predicate = (!icmp_ln27)> <Delay = 0.00>
ST_5 : Operation 137 [1/1] (0.00ns)   --->   "%bucket_pointer_1120_load = load i32 %bucket_pointer_1120"   --->   Operation 137 'load' 'bucket_pointer_1120_load' <Predicate = (!icmp_ln27)> <Delay = 0.00>
ST_5 : Operation 138 [1/1] (0.00ns)   --->   "%bucket_pointer_1121_load = load i32 %bucket_pointer_1121"   --->   Operation 138 'load' 'bucket_pointer_1121_load' <Predicate = (!icmp_ln27)> <Delay = 0.00>
ST_5 : Operation 139 [1/1] (0.00ns)   --->   "%bucket_pointer_1122_load = load i32 %bucket_pointer_1122"   --->   Operation 139 'load' 'bucket_pointer_1122_load' <Predicate = (!icmp_ln27)> <Delay = 0.00>
ST_5 : Operation 140 [1/1] (0.00ns)   --->   "%bucket_sizes_load = load i32 %bucket_sizes"   --->   Operation 140 'load' 'bucket_sizes_load' <Predicate = (!icmp_ln27)> <Delay = 0.00>
ST_5 : Operation 141 [1/1] (0.00ns)   --->   "%bucket_sizes_1456_load = load i32 %bucket_sizes_1456"   --->   Operation 141 'load' 'bucket_sizes_1456_load' <Predicate = (!icmp_ln27)> <Delay = 0.00>
ST_5 : Operation 142 [1/1] (0.00ns)   --->   "%bucket_sizes_1457_load = load i32 %bucket_sizes_1457"   --->   Operation 142 'load' 'bucket_sizes_1457_load' <Predicate = (!icmp_ln27)> <Delay = 0.00>
ST_5 : Operation 143 [1/1] (0.00ns)   --->   "%bucket_sizes_1458_load = load i32 %bucket_sizes_1458"   --->   Operation 143 'load' 'bucket_sizes_1458_load' <Predicate = (!icmp_ln27)> <Delay = 0.00>
ST_5 : Operation 144 [1/1] (0.00ns)   --->   "%bucket_sizes_1459_load = load i32 %bucket_sizes_1459"   --->   Operation 144 'load' 'bucket_sizes_1459_load' <Predicate = (!icmp_ln27)> <Delay = 0.00>
ST_5 : Operation 145 [1/1] (0.00ns)   --->   "%bucket_sizes_1460_load = load i32 %bucket_sizes_1460"   --->   Operation 145 'load' 'bucket_sizes_1460_load' <Predicate = (!icmp_ln27)> <Delay = 0.00>
ST_5 : Operation 146 [1/1] (0.00ns)   --->   "%bucket_sizes_1461_load = load i32 %bucket_sizes_1461"   --->   Operation 146 'load' 'bucket_sizes_1461_load' <Predicate = (!icmp_ln27)> <Delay = 0.00>
ST_5 : Operation 147 [1/1] (0.00ns)   --->   "%bucket_sizes_1462_load = load i32 %bucket_sizes_1462"   --->   Operation 147 'load' 'bucket_sizes_1462_load' <Predicate = (!icmp_ln27)> <Delay = 0.00>
ST_5 : Operation 148 [1/1] (0.00ns)   --->   "%bucket_sizes_1463_load = load i32 %bucket_sizes_1463"   --->   Operation 148 'load' 'bucket_sizes_1463_load' <Predicate = (!icmp_ln27)> <Delay = 0.00>
ST_5 : Operation 149 [1/1] (0.00ns)   --->   "%bucket_sizes_1464_load = load i32 %bucket_sizes_1464"   --->   Operation 149 'load' 'bucket_sizes_1464_load' <Predicate = (!icmp_ln27)> <Delay = 0.00>
ST_5 : Operation 150 [1/1] (0.00ns)   --->   "%bucket_sizes_1465_load = load i32 %bucket_sizes_1465"   --->   Operation 150 'load' 'bucket_sizes_1465_load' <Predicate = (!icmp_ln27)> <Delay = 0.00>
ST_5 : Operation 151 [1/1] (0.00ns)   --->   "%bucket_sizes_1466_load = load i32 %bucket_sizes_1466"   --->   Operation 151 'load' 'bucket_sizes_1466_load' <Predicate = (!icmp_ln27)> <Delay = 0.00>
ST_5 : Operation 152 [1/1] (0.00ns)   --->   "%bucket_sizes_1467_load = load i32 %bucket_sizes_1467"   --->   Operation 152 'load' 'bucket_sizes_1467_load' <Predicate = (!icmp_ln27)> <Delay = 0.00>
ST_5 : Operation 153 [1/1] (0.00ns)   --->   "%bucket_sizes_1468_load = load i32 %bucket_sizes_1468"   --->   Operation 153 'load' 'bucket_sizes_1468_load' <Predicate = (!icmp_ln27)> <Delay = 0.00>
ST_5 : Operation 154 [1/1] (0.00ns)   --->   "%bucket_sizes_1469_load = load i32 %bucket_sizes_1469"   --->   Operation 154 'load' 'bucket_sizes_1469_load' <Predicate = (!icmp_ln27)> <Delay = 0.00>
ST_5 : Operation 155 [1/1] (0.00ns)   --->   "%bucket_sizes_1470_load = load i32 %bucket_sizes_1470"   --->   Operation 155 'load' 'bucket_sizes_1470_load' <Predicate = (!icmp_ln27)> <Delay = 0.00>
ST_5 : Operation 156 [2/2] (0.38ns)   --->   "%call_ln0 = call void @radix_sort_hex_batch.37.1_Pipeline_bucket_pointer_initialization, i32 %bucket_sizes_1470_load, i32 %bucket_sizes_1469_load, i32 %bucket_sizes_1468_load, i32 %bucket_sizes_1467_load, i32 %bucket_sizes_1466_load, i32 %bucket_sizes_1465_load, i32 %bucket_sizes_1464_load, i32 %bucket_sizes_1463_load, i32 %bucket_sizes_1462_load, i32 %bucket_sizes_1461_load, i32 %bucket_sizes_1460_load, i32 %bucket_sizes_1459_load, i32 %bucket_sizes_1458_load, i32 %bucket_sizes_1457_load, i32 %bucket_sizes_1456_load, i32 %bucket_sizes_load, i32 %bucket_pointer_1122_load, i32 %bucket_pointer_1121_load, i32 %bucket_pointer_1120_load, i32 %bucket_pointer_1119_load, i32 %bucket_pointer_1118_load, i32 %bucket_pointer_1117_load, i32 %bucket_pointer_1116_load, i32 %bucket_pointer_1115_load, i32 %bucket_pointer_1114_load, i32 %bucket_pointer_1113_load, i32 %bucket_pointer_1112_load, i32 %bucket_pointer_1111_load, i32 %bucket_pointer_1110_load, i32 %bucket_pointer_1109_load, i32 %bucket_pointer_1108_load, i32 %bucket_pointer_load, i32 %bucket_sizes_4736_loc, i32 %bucket_sizes_4735_loc, i32 %bucket_sizes_4734_loc, i32 %bucket_sizes_4733_loc, i32 %bucket_sizes_4732_loc, i32 %bucket_sizes_4731_loc, i32 %bucket_sizes_4730_loc, i32 %bucket_sizes_4729_loc, i32 %bucket_sizes_4728_loc, i32 %bucket_sizes_4727_loc, i32 %bucket_sizes_4726_loc, i32 %bucket_sizes_4725_loc, i32 %bucket_sizes_4724_loc, i32 %bucket_sizes_4723_loc, i32 %bucket_sizes_4722_loc, i32 %bucket_sizes_4721_loc, i32 %bucket_pointer_2111_loc, i32 %bucket_pointer_2110_loc, i32 %bucket_pointer_2109_loc, i32 %bucket_pointer_2108_loc, i32 %bucket_pointer_2107_loc, i32 %bucket_pointer_2106_loc, i32 %bucket_pointer_2105_loc, i32 %bucket_pointer_2104_loc, i32 %bucket_pointer_2103_loc, i32 %bucket_pointer_2102_loc, i32 %bucket_pointer_2101_loc, i32 %bucket_pointer_2100_loc, i32 %bucket_pointer_2099_loc, i32 %bucket_pointer_2098_loc, i32 %bucket_pointer_2097_loc, i32 %bucket_pointer_2096_loc"   --->   Operation 156 'call' 'call_ln0' <Predicate = (!icmp_ln27)> <Delay = 0.38> <CoreType = "Generic">   --->   Core 0 '' <Latency = 0> <II = 1> <Delay = 1.00> <Generic> <Opcode : >
ST_5 : Operation 157 [1/1] (0.88ns)   --->   "%bucket_num_33 = sub i32 1, i32 %bucket_num_load" [sort_seperate_bucket/multi_radix_hex_kmerge.c:43]   --->   Operation 157 'sub' 'bucket_num_33' <Predicate = (!icmp_ln27)> <Delay = 0.88> <CoreInst = "Adder">   --->   Core 1 'Adder' <Latency = 0> <II = 1> <Delay = 0.88> <FuncUnit> <Opcode : 'add' 'sub'> <InPorts = 2> <OutPorts = 1>
ST_5 : Operation 158 [1/1] (0.00ns)   --->   "%trunc_ln41 = trunc i32 %bucket_num_33" [sort_seperate_bucket/multi_radix_hex_kmerge.c:41]   --->   Operation 158 'trunc' 'trunc_ln41' <Predicate = (!icmp_ln27)> <Delay = 0.00>
ST_5 : Operation 159 [4/4] (0.53ns) (root node of the DSP)   --->   "%mul_ln41 = mul i15 %trunc_ln41, i15 15625" [sort_seperate_bucket/multi_radix_hex_kmerge.c:41]   --->   Operation 159 'mul' 'mul_ln41' <Predicate = (!icmp_ln27)> <Delay = 0.53> <CoreInst = "DSP48">   --->   Core 127 'DSP48' <Latency = 3> <II = 1> <Delay = 0.53> <IPBlock> <Opcode : 'mul' 'add' 'sub' 'select'> <InPorts = 0> <OutPorts = 1> <Sync> <CReg>
ST_5 : Operation 160 [1/1] (0.00ns)   --->   "%empty_208 = trunc i4 %i_65"   --->   Operation 160 'trunc' 'empty_208' <Predicate = (!icmp_ln27)> <Delay = 0.00>
ST_5 : Operation 161 [1/1] (0.00ns)   --->   "%trunc_ln43 = trunc i32 %bucket_num_load" [sort_seperate_bucket/multi_radix_hex_kmerge.c:43]   --->   Operation 161 'trunc' 'trunc_ln43' <Predicate = (!icmp_ln27)> <Delay = 0.00>
ST_5 : Operation 162 [4/4] (0.53ns) (root node of the DSP)   --->   "%mul_ln43 = mul i15 %trunc_ln43, i15 15625" [sort_seperate_bucket/multi_radix_hex_kmerge.c:43]   --->   Operation 162 'mul' 'mul_ln43' <Predicate = (!icmp_ln27)> <Delay = 0.53> <CoreInst = "DSP48">   --->   Core 127 'DSP48' <Latency = 3> <II = 1> <Delay = 0.53> <IPBlock> <Opcode : 'mul' 'add' 'sub' 'select'> <InPorts = 0> <OutPorts = 1> <Sync> <CReg>
ST_5 : Operation 163 [1/1] (0.38ns)   --->   "%store_ln27 = store i32 %bucket_num_33, i32 %bucket_num" [sort_seperate_bucket/multi_radix_hex_kmerge.c:27]   --->   Operation 163 'store' 'store_ln27' <Predicate = (!icmp_ln27)> <Delay = 0.38>
ST_5 : Operation 164 [1/1] (0.38ns)   --->   "%store_ln27 = store i4 %i_66, i4 %i" [sort_seperate_bucket/multi_radix_hex_kmerge.c:27]   --->   Operation 164 'store' 'store_ln27' <Predicate = (!icmp_ln27)> <Delay = 0.38>
ST_5 : Operation 165 [2/2] (0.00ns)   --->   "%call_ln0 = call void @radix_sort_hex_batch.37.1_Pipeline_output_bucket, i32 %bucket, i32 %multi_radix_hex_loser_temp0_36"   --->   Operation 165 'call' 'call_ln0' <Predicate = (icmp_ln27)> <Delay = 0.00> <CoreType = "Generic">   --->   Core 0 '' <Latency = 0> <II = 1> <Delay = 1.00> <Generic> <Opcode : >

State 6 <SV = 5> <Delay = 0.63>
ST_6 : Operation 166 [1/2] (0.63ns)   --->   "%call_ln0 = call void @radix_sort_hex_batch.37.1_Pipeline_bucket_pointer_initialization, i32 %bucket_sizes_1470_load, i32 %bucket_sizes_1469_load, i32 %bucket_sizes_1468_load, i32 %bucket_sizes_1467_load, i32 %bucket_sizes_1466_load, i32 %bucket_sizes_1465_load, i32 %bucket_sizes_1464_load, i32 %bucket_sizes_1463_load, i32 %bucket_sizes_1462_load, i32 %bucket_sizes_1461_load, i32 %bucket_sizes_1460_load, i32 %bucket_sizes_1459_load, i32 %bucket_sizes_1458_load, i32 %bucket_sizes_1457_load, i32 %bucket_sizes_1456_load, i32 %bucket_sizes_load, i32 %bucket_pointer_1122_load, i32 %bucket_pointer_1121_load, i32 %bucket_pointer_1120_load, i32 %bucket_pointer_1119_load, i32 %bucket_pointer_1118_load, i32 %bucket_pointer_1117_load, i32 %bucket_pointer_1116_load, i32 %bucket_pointer_1115_load, i32 %bucket_pointer_1114_load, i32 %bucket_pointer_1113_load, i32 %bucket_pointer_1112_load, i32 %bucket_pointer_1111_load, i32 %bucket_pointer_1110_load, i32 %bucket_pointer_1109_load, i32 %bucket_pointer_1108_load, i32 %bucket_pointer_load, i32 %bucket_sizes_4736_loc, i32 %bucket_sizes_4735_loc, i32 %bucket_sizes_4734_loc, i32 %bucket_sizes_4733_loc, i32 %bucket_sizes_4732_loc, i32 %bucket_sizes_4731_loc, i32 %bucket_sizes_4730_loc, i32 %bucket_sizes_4729_loc, i32 %bucket_sizes_4728_loc, i32 %bucket_sizes_4727_loc, i32 %bucket_sizes_4726_loc, i32 %bucket_sizes_4725_loc, i32 %bucket_sizes_4724_loc, i32 %bucket_sizes_4723_loc, i32 %bucket_sizes_4722_loc, i32 %bucket_sizes_4721_loc, i32 %bucket_pointer_2111_loc, i32 %bucket_pointer_2110_loc, i32 %bucket_pointer_2109_loc, i32 %bucket_pointer_2108_loc, i32 %bucket_pointer_2107_loc, i32 %bucket_pointer_2106_loc, i32 %bucket_pointer_2105_loc, i32 %bucket_pointer_2104_loc, i32 %bucket_pointer_2103_loc, i32 %bucket_pointer_2102_loc, i32 %bucket_pointer_2101_loc, i32 %bucket_pointer_2100_loc, i32 %bucket_pointer_2099_loc, i32 %bucket_pointer_2098_loc, i32 %bucket_pointer_2097_loc, i32 %bucket_pointer_2096_loc"   --->   Operation 166 'call' 'call_ln0' <Predicate = true> <Delay = 0.63> <CoreType = "Generic">   --->   Core 0 '' <Latency = 0> <II = 1> <Delay = 1.00> <Generic> <Opcode : >
ST_6 : Operation 167 [3/4] (0.53ns) (root node of the DSP)   --->   "%mul_ln41 = mul i15 %trunc_ln41, i15 15625" [sort_seperate_bucket/multi_radix_hex_kmerge.c:41]   --->   Operation 167 'mul' 'mul_ln41' <Predicate = true> <Delay = 0.53> <CoreInst = "DSP48">   --->   Core 127 'DSP48' <Latency = 3> <II = 1> <Delay = 0.53> <IPBlock> <Opcode : 'mul' 'add' 'sub' 'select'> <InPorts = 0> <OutPorts = 1> <Sync> <CReg>
ST_6 : Operation 168 [3/4] (0.53ns) (root node of the DSP)   --->   "%mul_ln43 = mul i15 %trunc_ln43, i15 15625" [sort_seperate_bucket/multi_radix_hex_kmerge.c:43]   --->   Operation 168 'mul' 'mul_ln43' <Predicate = true> <Delay = 0.53> <CoreInst = "DSP48">   --->   Core 127 'DSP48' <Latency = 3> <II = 1> <Delay = 0.53> <IPBlock> <Opcode : 'mul' 'add' 'sub' 'select'> <InPorts = 0> <OutPorts = 1> <Sync> <CReg>

State 7 <SV = 6> <Delay = 0.53>
ST_7 : Operation 169 [2/4] (0.53ns) (root node of the DSP)   --->   "%mul_ln41 = mul i15 %trunc_ln41, i15 15625" [sort_seperate_bucket/multi_radix_hex_kmerge.c:41]   --->   Operation 169 'mul' 'mul_ln41' <Predicate = true> <Delay = 0.53> <CoreInst = "DSP48">   --->   Core 127 'DSP48' <Latency = 3> <II = 1> <Delay = 0.53> <IPBlock> <Opcode : 'mul' 'add' 'sub' 'select'> <InPorts = 0> <OutPorts = 1> <Sync> <CReg>
ST_7 : Operation 170 [2/4] (0.53ns) (root node of the DSP)   --->   "%mul_ln43 = mul i15 %trunc_ln43, i15 15625" [sort_seperate_bucket/multi_radix_hex_kmerge.c:43]   --->   Operation 170 'mul' 'mul_ln43' <Predicate = true> <Delay = 0.53> <CoreInst = "DSP48">   --->   Core 127 'DSP48' <Latency = 3> <II = 1> <Delay = 0.53> <IPBlock> <Opcode : 'mul' 'add' 'sub' 'select'> <InPorts = 0> <OutPorts = 1> <Sync> <CReg>

State 8 <SV = 7> <Delay = 2.02>
ST_8 : Operation 171 [1/1] (0.00ns)   --->   "%bucket_sizes_4736_loc_load = load i32 %bucket_sizes_4736_loc"   --->   Operation 171 'load' 'bucket_sizes_4736_loc_load' <Predicate = true> <Delay = 0.00>
ST_8 : Operation 172 [1/1] (0.00ns)   --->   "%bucket_sizes_4735_loc_load = load i32 %bucket_sizes_4735_loc"   --->   Operation 172 'load' 'bucket_sizes_4735_loc_load' <Predicate = true> <Delay = 0.00>
ST_8 : Operation 173 [1/1] (0.00ns)   --->   "%bucket_sizes_4734_loc_load = load i32 %bucket_sizes_4734_loc"   --->   Operation 173 'load' 'bucket_sizes_4734_loc_load' <Predicate = true> <Delay = 0.00>
ST_8 : Operation 174 [1/1] (0.00ns)   --->   "%bucket_sizes_4733_loc_load = load i32 %bucket_sizes_4733_loc"   --->   Operation 174 'load' 'bucket_sizes_4733_loc_load' <Predicate = true> <Delay = 0.00>
ST_8 : Operation 175 [1/1] (0.00ns)   --->   "%bucket_sizes_4732_loc_load = load i32 %bucket_sizes_4732_loc"   --->   Operation 175 'load' 'bucket_sizes_4732_loc_load' <Predicate = true> <Delay = 0.00>
ST_8 : Operation 176 [1/1] (0.00ns)   --->   "%bucket_sizes_4731_loc_load = load i32 %bucket_sizes_4731_loc"   --->   Operation 176 'load' 'bucket_sizes_4731_loc_load' <Predicate = true> <Delay = 0.00>
ST_8 : Operation 177 [1/1] (0.00ns)   --->   "%bucket_sizes_4730_loc_load = load i32 %bucket_sizes_4730_loc"   --->   Operation 177 'load' 'bucket_sizes_4730_loc_load' <Predicate = true> <Delay = 0.00>
ST_8 : Operation 178 [1/1] (0.00ns)   --->   "%bucket_sizes_4729_loc_load = load i32 %bucket_sizes_4729_loc"   --->   Operation 178 'load' 'bucket_sizes_4729_loc_load' <Predicate = true> <Delay = 0.00>
ST_8 : Operation 179 [1/1] (0.00ns)   --->   "%bucket_sizes_4728_loc_load = load i32 %bucket_sizes_4728_loc"   --->   Operation 179 'load' 'bucket_sizes_4728_loc_load' <Predicate = true> <Delay = 0.00>
ST_8 : Operation 180 [1/1] (0.00ns)   --->   "%bucket_sizes_4727_loc_load = load i32 %bucket_sizes_4727_loc"   --->   Operation 180 'load' 'bucket_sizes_4727_loc_load' <Predicate = true> <Delay = 0.00>
ST_8 : Operation 181 [1/1] (0.00ns)   --->   "%bucket_sizes_4726_loc_load = load i32 %bucket_sizes_4726_loc"   --->   Operation 181 'load' 'bucket_sizes_4726_loc_load' <Predicate = true> <Delay = 0.00>
ST_8 : Operation 182 [1/1] (0.00ns)   --->   "%bucket_sizes_4725_loc_load = load i32 %bucket_sizes_4725_loc"   --->   Operation 182 'load' 'bucket_sizes_4725_loc_load' <Predicate = true> <Delay = 0.00>
ST_8 : Operation 183 [1/1] (0.00ns)   --->   "%bucket_sizes_4724_loc_load = load i32 %bucket_sizes_4724_loc"   --->   Operation 183 'load' 'bucket_sizes_4724_loc_load' <Predicate = true> <Delay = 0.00>
ST_8 : Operation 184 [1/1] (0.00ns)   --->   "%bucket_sizes_4723_loc_load = load i32 %bucket_sizes_4723_loc"   --->   Operation 184 'load' 'bucket_sizes_4723_loc_load' <Predicate = true> <Delay = 0.00>
ST_8 : Operation 185 [1/1] (0.00ns)   --->   "%bucket_sizes_4722_loc_load = load i32 %bucket_sizes_4722_loc"   --->   Operation 185 'load' 'bucket_sizes_4722_loc_load' <Predicate = true> <Delay = 0.00>
ST_8 : Operation 186 [1/1] (0.00ns)   --->   "%bucket_sizes_4721_loc_load = load i32 %bucket_sizes_4721_loc"   --->   Operation 186 'load' 'bucket_sizes_4721_loc_load' <Predicate = true> <Delay = 0.00>
ST_8 : Operation 187 [1/1] (0.00ns)   --->   "%bucket_pointer_2111_loc_load = load i32 %bucket_pointer_2111_loc"   --->   Operation 187 'load' 'bucket_pointer_2111_loc_load' <Predicate = true> <Delay = 0.00>
ST_8 : Operation 188 [1/1] (0.00ns)   --->   "%bucket_pointer_2110_loc_load = load i32 %bucket_pointer_2110_loc"   --->   Operation 188 'load' 'bucket_pointer_2110_loc_load' <Predicate = true> <Delay = 0.00>
ST_8 : Operation 189 [1/1] (0.00ns)   --->   "%bucket_pointer_2109_loc_load = load i32 %bucket_pointer_2109_loc"   --->   Operation 189 'load' 'bucket_pointer_2109_loc_load' <Predicate = true> <Delay = 0.00>
ST_8 : Operation 190 [1/1] (0.00ns)   --->   "%bucket_pointer_2108_loc_load = load i32 %bucket_pointer_2108_loc"   --->   Operation 190 'load' 'bucket_pointer_2108_loc_load' <Predicate = true> <Delay = 0.00>
ST_8 : Operation 191 [1/1] (0.00ns)   --->   "%bucket_pointer_2107_loc_load = load i32 %bucket_pointer_2107_loc"   --->   Operation 191 'load' 'bucket_pointer_2107_loc_load' <Predicate = true> <Delay = 0.00>
ST_8 : Operation 192 [1/1] (0.00ns)   --->   "%bucket_pointer_2106_loc_load = load i32 %bucket_pointer_2106_loc"   --->   Operation 192 'load' 'bucket_pointer_2106_loc_load' <Predicate = true> <Delay = 0.00>
ST_8 : Operation 193 [1/1] (0.00ns)   --->   "%bucket_pointer_2105_loc_load = load i32 %bucket_pointer_2105_loc"   --->   Operation 193 'load' 'bucket_pointer_2105_loc_load' <Predicate = true> <Delay = 0.00>
ST_8 : Operation 194 [1/1] (0.00ns)   --->   "%bucket_pointer_2104_loc_load = load i32 %bucket_pointer_2104_loc"   --->   Operation 194 'load' 'bucket_pointer_2104_loc_load' <Predicate = true> <Delay = 0.00>
ST_8 : Operation 195 [1/1] (0.00ns)   --->   "%bucket_pointer_2103_loc_load = load i32 %bucket_pointer_2103_loc"   --->   Operation 195 'load' 'bucket_pointer_2103_loc_load' <Predicate = true> <Delay = 0.00>
ST_8 : Operation 196 [1/1] (0.00ns)   --->   "%bucket_pointer_2102_loc_load = load i32 %bucket_pointer_2102_loc"   --->   Operation 196 'load' 'bucket_pointer_2102_loc_load' <Predicate = true> <Delay = 0.00>
ST_8 : Operation 197 [1/1] (0.00ns)   --->   "%bucket_pointer_2101_loc_load = load i32 %bucket_pointer_2101_loc"   --->   Operation 197 'load' 'bucket_pointer_2101_loc_load' <Predicate = true> <Delay = 0.00>
ST_8 : Operation 198 [1/1] (0.00ns)   --->   "%bucket_pointer_2100_loc_load = load i32 %bucket_pointer_2100_loc"   --->   Operation 198 'load' 'bucket_pointer_2100_loc_load' <Predicate = true> <Delay = 0.00>
ST_8 : Operation 199 [1/1] (0.00ns)   --->   "%bucket_pointer_2099_loc_load = load i32 %bucket_pointer_2099_loc"   --->   Operation 199 'load' 'bucket_pointer_2099_loc_load' <Predicate = true> <Delay = 0.00>
ST_8 : Operation 200 [1/1] (0.00ns)   --->   "%bucket_pointer_2098_loc_load = load i32 %bucket_pointer_2098_loc"   --->   Operation 200 'load' 'bucket_pointer_2098_loc_load' <Predicate = true> <Delay = 0.00>
ST_8 : Operation 201 [1/1] (0.00ns)   --->   "%bucket_pointer_2097_loc_load = load i32 %bucket_pointer_2097_loc"   --->   Operation 201 'load' 'bucket_pointer_2097_loc_load' <Predicate = true> <Delay = 0.00>
ST_8 : Operation 202 [1/1] (0.00ns)   --->   "%bucket_pointer_2096_loc_load = load i32 %bucket_pointer_2096_loc"   --->   Operation 202 'load' 'bucket_pointer_2096_loc_load' <Predicate = true> <Delay = 0.00>
ST_8 : Operation 203 [1/4] (0.00ns) (root node of the DSP)   --->   "%mul_ln41 = mul i15 %trunc_ln41, i15 15625" [sort_seperate_bucket/multi_radix_hex_kmerge.c:41]   --->   Operation 203 'mul' 'mul_ln41' <Predicate = true> <Delay = 0.00> <CoreInst = "DSP48">   --->   Core 127 'DSP48' <Latency = 3> <II = 1> <Delay = 0.53> <IPBlock> <Opcode : 'mul' 'add' 'sub' 'select'> <InPorts = 0> <OutPorts = 1> <Sync> <CReg>
ST_8 : Operation 204 [1/1] (0.00ns)   --->   "%mul_i = bitconcatenate i5 @_ssdm_op_BitConcatenate.i5.i3.i2, i3 %empty_208, i2 0"   --->   Operation 204 'bitconcatenate' 'mul_i' <Predicate = true> <Delay = 0.00>
ST_8 : Operation 205 [1/4] (0.00ns) (root node of the DSP)   --->   "%mul_ln43 = mul i15 %trunc_ln43, i15 15625" [sort_seperate_bucket/multi_radix_hex_kmerge.c:43]   --->   Operation 205 'mul' 'mul_ln43' <Predicate = true> <Delay = 0.00> <CoreInst = "DSP48">   --->   Core 127 'DSP48' <Latency = 3> <II = 1> <Delay = 0.53> <IPBlock> <Opcode : 'mul' 'add' 'sub' 'select'> <InPorts = 0> <OutPorts = 1> <Sync> <CReg>
ST_8 : Operation 206 [2/2] (2.02ns)   --->   "%call_ln41 = call void @radix_sort_hex_batch.37.1_Pipeline_input_bucket, i32 %bucket_sizes_4736_loc_load, i32 %bucket_sizes_4735_loc_load, i32 %bucket_sizes_4734_loc_load, i32 %bucket_sizes_4733_loc_load, i32 %bucket_sizes_4732_loc_load, i32 %bucket_sizes_4731_loc_load, i32 %bucket_sizes_4730_loc_load, i32 %bucket_sizes_4729_loc_load, i32 %bucket_sizes_4728_loc_load, i32 %bucket_sizes_4727_loc_load, i32 %bucket_sizes_4726_loc_load, i32 %bucket_sizes_4725_loc_load, i32 %bucket_sizes_4724_loc_load, i32 %bucket_sizes_4723_loc_load, i32 %bucket_sizes_4722_loc_load, i32 %bucket_sizes_4721_loc_load, i32 %bucket_pointer_2111_loc_load, i32 %bucket_pointer_2110_loc_load, i32 %bucket_pointer_2109_loc_load, i32 %bucket_pointer_2108_loc_load, i32 %bucket_pointer_2107_loc_load, i32 %bucket_pointer_2106_loc_load, i32 %bucket_pointer_2105_loc_load, i32 %bucket_pointer_2104_loc_load, i32 %bucket_pointer_2103_loc_load, i32 %bucket_pointer_2102_loc_load, i32 %bucket_pointer_2101_loc_load, i32 %bucket_pointer_2100_loc_load, i32 %bucket_pointer_2099_loc_load, i32 %bucket_pointer_2098_loc_load, i32 %bucket_pointer_2097_loc_load, i32 %bucket_pointer_2096_loc_load, i15 %mul_ln41, i32 %bucket, i5 %mul_i, i15 %mul_ln43, i32 %bucket_sizes_1470, i32 %bucket_sizes_1469, i32 %bucket_sizes_1468, i32 %bucket_sizes_1467, i32 %bucket_sizes_1466, i32 %bucket_sizes_1465, i32 %bucket_sizes_1464, i32 %bucket_sizes_1463, i32 %bucket_sizes_1462, i32 %bucket_sizes_1461, i32 %bucket_sizes_1460, i32 %bucket_sizes_1459, i32 %bucket_sizes_1458, i32 %bucket_sizes_1457, i32 %bucket_sizes_1456, i32 %bucket_sizes, i32 %bucket_pointer_1122, i32 %bucket_pointer_1121, i32 %bucket_pointer_1120, i32 %bucket_pointer_1119, i32 %bucket_pointer_1118, i32 %bucket_pointer_1117, i32 %bucket_pointer_1116, i32 %bucket_pointer_1115, i32 %bucket_pointer_1114, i32 %bucket_pointer_1113, i32 %bucket_pointer_1112, i32 %bucket_pointer_1111, i32 %bucket_pointer_1110, i32 %bucket_pointer_1109, i32 %bucket_pointer_1108, i32 %bucket_pointer" [sort_seperate_bucket/multi_radix_hex_kmerge.c:41]   --->   Operation 206 'call' 'call_ln41' <Predicate = true> <Delay = 2.02> <CoreType = "Generic">   --->   Core 0 '' <Latency = 0> <II = 1> <Delay = 1.00> <Generic> <Opcode : >

State 9 <SV = 8> <Delay = 0.00>
ST_9 : Operation 207 [1/1] (0.00ns)   --->   "%specloopname_ln11 = specloopname void @_ssdm_op_SpecLoopName, void @empty_39" [sort_seperate_bucket/multi_radix_hex_kmerge.c:11]   --->   Operation 207 'specloopname' 'specloopname_ln11' <Predicate = true> <Delay = 0.00>
ST_9 : Operation 208 [1/2] (0.00ns)   --->   "%call_ln41 = call void @radix_sort_hex_batch.37.1_Pipeline_input_bucket, i32 %bucket_sizes_4736_loc_load, i32 %bucket_sizes_4735_loc_load, i32 %bucket_sizes_4734_loc_load, i32 %bucket_sizes_4733_loc_load, i32 %bucket_sizes_4732_loc_load, i32 %bucket_sizes_4731_loc_load, i32 %bucket_sizes_4730_loc_load, i32 %bucket_sizes_4729_loc_load, i32 %bucket_sizes_4728_loc_load, i32 %bucket_sizes_4727_loc_load, i32 %bucket_sizes_4726_loc_load, i32 %bucket_sizes_4725_loc_load, i32 %bucket_sizes_4724_loc_load, i32 %bucket_sizes_4723_loc_load, i32 %bucket_sizes_4722_loc_load, i32 %bucket_sizes_4721_loc_load, i32 %bucket_pointer_2111_loc_load, i32 %bucket_pointer_2110_loc_load, i32 %bucket_pointer_2109_loc_load, i32 %bucket_pointer_2108_loc_load, i32 %bucket_pointer_2107_loc_load, i32 %bucket_pointer_2106_loc_load, i32 %bucket_pointer_2105_loc_load, i32 %bucket_pointer_2104_loc_load, i32 %bucket_pointer_2103_loc_load, i32 %bucket_pointer_2102_loc_load, i32 %bucket_pointer_2101_loc_load, i32 %bucket_pointer_2100_loc_load, i32 %bucket_pointer_2099_loc_load, i32 %bucket_pointer_2098_loc_load, i32 %bucket_pointer_2097_loc_load, i32 %bucket_pointer_2096_loc_load, i15 %mul_ln41, i32 %bucket, i5 %mul_i, i15 %mul_ln43, i32 %bucket_sizes_1470, i32 %bucket_sizes_1469, i32 %bucket_sizes_1468, i32 %bucket_sizes_1467, i32 %bucket_sizes_1466, i32 %bucket_sizes_1465, i32 %bucket_sizes_1464, i32 %bucket_sizes_1463, i32 %bucket_sizes_1462, i32 %bucket_sizes_1461, i32 %bucket_sizes_1460, i32 %bucket_sizes_1459, i32 %bucket_sizes_1458, i32 %bucket_sizes_1457, i32 %bucket_sizes_1456, i32 %bucket_sizes, i32 %bucket_pointer_1122, i32 %bucket_pointer_1121, i32 %bucket_pointer_1120, i32 %bucket_pointer_1119, i32 %bucket_pointer_1118, i32 %bucket_pointer_1117, i32 %bucket_pointer_1116, i32 %bucket_pointer_1115, i32 %bucket_pointer_1114, i32 %bucket_pointer_1113, i32 %bucket_pointer_1112, i32 %bucket_pointer_1111, i32 %bucket_pointer_1110, i32 %bucket_pointer_1109, i32 %bucket_pointer_1108, i32 %bucket_pointer" [sort_seperate_bucket/multi_radix_hex_kmerge.c:41]   --->   Operation 208 'call' 'call_ln41' <Predicate = true> <Delay = 0.00> <CoreType = "Generic">   --->   Core 0 '' <Latency = 0> <II = 1> <Delay = 1.00> <Generic> <Opcode : >
ST_9 : Operation 209 [1/1] (0.00ns)   --->   "%br_ln27 = br void %bucket_pointer_initialization.i" [sort_seperate_bucket/multi_radix_hex_kmerge.c:27]   --->   Operation 209 'br' 'br_ln27' <Predicate = true> <Delay = 0.00>

State 10 <SV = 5> <Delay = 0.00>
ST_10 : Operation 210 [1/2] (0.00ns)   --->   "%call_ln0 = call void @radix_sort_hex_batch.37.1_Pipeline_output_bucket, i32 %bucket, i32 %multi_radix_hex_loser_temp0_36"   --->   Operation 210 'call' 'call_ln0' <Predicate = true> <Delay = 0.00> <CoreType = "Generic">   --->   Core 0 '' <Latency = 0> <II = 1> <Delay = 1.00> <Generic> <Opcode : >
ST_10 : Operation 211 [1/1] (0.00ns)   --->   "%ret_ln0 = ret"   --->   Operation 211 'ret' 'ret_ln0' <Predicate = true> <Delay = 0.00>


============================================================
+ Verbose Summary: Timing violations
============================================================
Target clock period: 10ns, clock uncertainty: 2.7ns.

 <State 1>: 0.387ns
The critical path consists of the following:
	'alloca' operation ('bucket_num') [4]  (0 ns)
	'store' operation ('store_ln27', sort_seperate_bucket/multi_radix_hex_kmerge.c:27) of constant 0 on local variable 'bucket_num' [105]  (0.387 ns)

 <State 2>: 1.02ns
The critical path consists of the following:
	'call' operation ('call_ln0') to 'radix_sort_hex_batch.37.1_Pipeline_1' [87]  (1.02 ns)

 <State 3>: 0.387ns
The critical path consists of the following:
	'load' operation ('bucket_sizes_4655_loc_load') on local variable 'bucket_sizes_4655_loc' [88]  (0 ns)
	'call' operation ('call_ln0') to 'radix_sort_hex_batch.37.1_Pipeline_initialization' [104]  (0.387 ns)

 <State 4>: 0ns
The critical path consists of the following:

 <State 5>: 1.42ns
The critical path consists of the following:
	'load' operation ('bucket_num_load', sort_seperate_bucket/multi_radix_hex_kmerge.c:43) on local variable 'bucket_num' [115]  (0 ns)
	'sub' operation ('bucket_num', sort_seperate_bucket/multi_radix_hex_kmerge.c:43) [182]  (0.88 ns)
	'mul' operation of DSP[184] ('mul_ln41', sort_seperate_bucket/multi_radix_hex_kmerge.c:41) [184]  (0.535 ns)

 <State 6>: 0.637ns
The critical path consists of the following:
	'call' operation ('call_ln0') to 'radix_sort_hex_batch.37.1_Pipeline_bucket_pointer_initialization' [149]  (0.637 ns)

 <State 7>: 0.535ns
The critical path consists of the following:
	'mul' operation of DSP[184] ('mul_ln41', sort_seperate_bucket/multi_radix_hex_kmerge.c:41) [184]  (0.535 ns)

 <State 8>: 2.02ns
The critical path consists of the following:
	'load' operation ('bucket_sizes_4736_loc_load') on local variable 'bucket_sizes_4736_loc' [150]  (0 ns)
	'call' operation ('call_ln41', sort_seperate_bucket/multi_radix_hex_kmerge.c:41) to 'radix_sort_hex_batch.37.1_Pipeline_input_bucket' [189]  (2.02 ns)

 <State 9>: 0ns
The critical path consists of the following:

 <State 10>: 0ns
The critical path consists of the following:


============================================================
+ Verbose Summary: Binding
============================================================
N/A
* FSMD analyzer results:
  - Output states:
 - Input state : 
  - Chain level:
	State 1
	State 2
	State 3
	State 4
	State 5
	State 6
	State 7
	State 8
	State 9
	State 10


============================================================
+ Verbose Summary: Datapath Resource usage 
============================================================
N/A
