

================================================================
== Vitis HLS Report for 'radix_sort_bin_batch_43_1_Pipeline_bucket_pointer_initialization'
================================================================
* Date:           Mon Apr 24 09:02:10 2023

* Version:        2022.2 (Build 3670227 on Oct 13 2022)
* Project:        sort_seperate_bucket
* Solution:       solution1 (Vivado IP Flow Target)
* Product family: virtexuplus
* Target device:  xcu280-fsvh2892-2L-e


================================================================
== Performance Estimates
================================================================
+ Timing: 
    * Summary: 
    +--------+----------+----------+------------+
    |  Clock |  Target  | Estimated| Uncertainty|
    +--------+----------+----------+------------+
    |ap_clk  |  10.00 ns|  1.654 ns|     2.70 ns|
    +--------+----------+----------+------------+

+ Latency: 
    * Summary: 
    +---------+---------+-----------+-----------+-----+-----+---------+
    |  Latency (cycles) |   Latency (absolute)  |  Interval | Pipeline|
    |   min   |   max   |    min    |    max    | min | max |   Type  |
    +---------+---------+-----------+-----------+-----+-----+---------+
    |        4|        4|  40.000 ns|  40.000 ns|    4|    4|       no|
    +---------+---------+-----------+-----------+-----+-----+---------+

    + Detail: 
        * Instance: 
        N/A

        * Loop: 
        +---------------------------------+---------+---------+----------+-----------+-----------+------+----------+
        |                                 |  Latency (cycles) | Iteration|  Initiation Interval  | Trip |          |
        |            Loop Name            |   min   |   max   |  Latency |  achieved |   target  | Count| Pipelined|
        +---------------------------------+---------+---------+----------+-----------+-----------+------+----------+
        |- bucket_pointer_initialization  |        2|        2|         1|          1|          1|     2|       yes|
        +---------------------------------+---------+---------+----------+-----------+-----------+------+----------+

============================================================
+ Verbose Summary: Synthesis Manager
============================================================
InlineROM: 1
ExposeGlobal: 0
============================================================
+ Verbose Summary: CDFG Model
============================================================
IsTopModel: 0
ResetActiveHigh: 1
IsCombinational: 0
IsDatapathOnly: 0
HasWiredReturn: 1
HasMFsm: 2
HasVarLatency: 1
IsPipeline: 0
IsRtlPipelined: 0
IsInstanceOverlapped: 0
IsDontTouch: 0
HasImplIP: 0
IsGatedGlobalClock: 0

+ Individual pipeline summary: 
  * Pipeline-0: initiation interval (II) = 1, depth = 2


============================================================
+ Verbose Summary: Schedule
============================================================
* Number of FSM states : 2
* Pipeline : 1
  Pipeline-0 : II = 1, D = 2, States = { 1 2 }
* Dataflow Pipeline: 0

* FSM state transitions: 
1 --> 2 
2 --> 

* FSM state operations: 

State 1 <SV = 0> <Delay = 0.38>
ST_1 : Operation 4 [1/1] (0.00ns)   --->   "%next_bucket_pointer = alloca i32 1"   --->   Operation 4 'alloca' 'next_bucket_pointer' <Predicate = true> <Delay = 0.00>
ST_1 : Operation 5 [1/1] (0.00ns)   --->   "%m = alloca i32 1"   --->   Operation 5 'alloca' 'm' <Predicate = true> <Delay = 0.00>
ST_1 : Operation 6 [1/1] (0.00ns)   --->   "%bucket_pointer_127 = alloca i32 1"   --->   Operation 6 'alloca' 'bucket_pointer_127' <Predicate = true> <Delay = 0.00>
ST_1 : Operation 7 [1/1] (0.00ns)   --->   "%bucket_pointer_128 = alloca i32 1"   --->   Operation 7 'alloca' 'bucket_pointer_128' <Predicate = true> <Delay = 0.00>
ST_1 : Operation 8 [1/1] (0.00ns)   --->   "%bucket_sizes = alloca i32 1"   --->   Operation 8 'alloca' 'bucket_sizes' <Predicate = true> <Delay = 0.00>
ST_1 : Operation 9 [1/1] (0.00ns)   --->   "%bucket_sizes_206 = alloca i32 1"   --->   Operation 9 'alloca' 'bucket_sizes_206' <Predicate = true> <Delay = 0.00>
ST_1 : Operation 10 [1/1] (0.00ns)   --->   "%bucket_pointer_read = read i32 @_ssdm_op_Read.ap_auto.i32, i32 %bucket_pointer"   --->   Operation 10 'read' 'bucket_pointer_read' <Predicate = true> <Delay = 0.00>
ST_1 : Operation 11 [1/1] (0.00ns)   --->   "%bucket_pointer_251_read = read i32 @_ssdm_op_Read.ap_auto.i32, i32 %bucket_pointer_251"   --->   Operation 11 'read' 'bucket_pointer_251_read' <Predicate = true> <Delay = 0.00>
ST_1 : Operation 12 [1/1] (0.00ns)   --->   "%bucket_sizes_380_read = read i32 @_ssdm_op_Read.ap_auto.i32, i32 %bucket_sizes_380"   --->   Operation 12 'read' 'bucket_sizes_380_read' <Predicate = true> <Delay = 0.00>
ST_1 : Operation 13 [1/1] (0.00ns)   --->   "%bucket_sizes_381_read = read i32 @_ssdm_op_Read.ap_auto.i32, i32 %bucket_sizes_381"   --->   Operation 13 'read' 'bucket_sizes_381_read' <Predicate = true> <Delay = 0.00>
ST_1 : Operation 14 [1/1] (0.38ns)   --->   "%store_ln0 = store i32 %bucket_sizes_381_read, i32 %bucket_sizes_206"   --->   Operation 14 'store' 'store_ln0' <Predicate = true> <Delay = 0.38>
ST_1 : Operation 15 [1/1] (0.38ns)   --->   "%store_ln0 = store i32 %bucket_sizes_380_read, i32 %bucket_sizes"   --->   Operation 15 'store' 'store_ln0' <Predicate = true> <Delay = 0.38>
ST_1 : Operation 16 [1/1] (0.38ns)   --->   "%store_ln0 = store i32 %bucket_pointer_251_read, i32 %bucket_pointer_128"   --->   Operation 16 'store' 'store_ln0' <Predicate = true> <Delay = 0.38>
ST_1 : Operation 17 [1/1] (0.38ns)   --->   "%store_ln0 = store i32 %bucket_pointer_read, i32 %bucket_pointer_127"   --->   Operation 17 'store' 'store_ln0' <Predicate = true> <Delay = 0.38>
ST_1 : Operation 18 [1/1] (0.38ns)   --->   "%store_ln0 = store i2 0, i2 %m"   --->   Operation 18 'store' 'store_ln0' <Predicate = true> <Delay = 0.38>
ST_1 : Operation 19 [1/1] (0.38ns)   --->   "%store_ln0 = store i32 0, i32 %next_bucket_pointer"   --->   Operation 19 'store' 'store_ln0' <Predicate = true> <Delay = 0.38>
ST_1 : Operation 20 [1/1] (0.00ns)   --->   "%br_ln0 = br void %for.inc27.i"   --->   Operation 20 'br' 'br_ln0' <Predicate = true> <Delay = 0.00>

State 2 <SV = 1> <Delay = 1.65>
ST_2 : Operation 21 [1/1] (0.00ns)   --->   "%m_26 = load i2 %m" [sort_seperate_bucket/multi_radix_bin_kmerge.c:34]   --->   Operation 21 'load' 'm_26' <Predicate = true> <Delay = 0.00>
ST_2 : Operation 22 [1/1] (0.00ns)   --->   "%specpipeline_ln0 = specpipeline void @_ssdm_op_SpecPipeline, i32 4294967295, i32 0, i32 1, i32 0, void @p_str"   --->   Operation 22 'specpipeline' 'specpipeline_ln0' <Predicate = true> <Delay = 0.00>
ST_2 : Operation 23 [1/1] (0.34ns)   --->   "%icmp_ln33 = icmp_eq  i2 %m_26, i2 2" [sort_seperate_bucket/multi_radix_bin_kmerge.c:33]   --->   Operation 23 'icmp' 'icmp_ln33' <Predicate = true> <Delay = 0.34> <CoreInst = "Cmp">   --->   Core 9 'Cmp' <Latency = 0> <II = 1> <Delay = 0.34> <FuncUnit> <Opcode : 'icmp'> <InPorts = 2> <OutPorts = 1>
ST_2 : Operation 24 [1/1] (0.00ns)   --->   "%empty = speclooptripcount i32 @_ssdm_op_SpecLoopTripCount, i64 2, i64 2, i64 2"   --->   Operation 24 'speclooptripcount' 'empty' <Predicate = true> <Delay = 0.00>
ST_2 : Operation 25 [1/1] (0.43ns)   --->   "%add_ln33 = add i2 %m_26, i2 1" [sort_seperate_bucket/multi_radix_bin_kmerge.c:33]   --->   Operation 25 'add' 'add_ln33' <Predicate = true> <Delay = 0.43> <CoreInst = "Adder">   --->   Core 1 'Adder' <Latency = 0> <II = 1> <Delay = 0.43> <FuncUnit> <Opcode : 'add' 'sub'> <InPorts = 2> <OutPorts = 1>
ST_2 : Operation 26 [1/1] (0.00ns)   --->   "%br_ln33 = br i1 %icmp_ln33, void %for.inc27.split.i, void %input_bucket.i.exitStub" [sort_seperate_bucket/multi_radix_bin_kmerge.c:33]   --->   Operation 26 'br' 'br_ln33' <Predicate = true> <Delay = 0.00>
ST_2 : Operation 27 [1/1] (0.00ns)   --->   "%next_bucket_pointer_load = load i32 %next_bucket_pointer" [sort_seperate_bucket/multi_radix_bin_kmerge.c:35]   --->   Operation 27 'load' 'next_bucket_pointer_load' <Predicate = (!icmp_ln33)> <Delay = 0.00>
ST_2 : Operation 28 [1/1] (0.00ns)   --->   "%bucket_pointer_127_load_1 = load i32 %bucket_pointer_127" [sort_seperate_bucket/multi_radix_bin_kmerge.c:34]   --->   Operation 28 'load' 'bucket_pointer_127_load_1' <Predicate = (!icmp_ln33)> <Delay = 0.00>
ST_2 : Operation 29 [1/1] (0.00ns)   --->   "%bucket_pointer_128_load_1 = load i32 %bucket_pointer_128" [sort_seperate_bucket/multi_radix_bin_kmerge.c:34]   --->   Operation 29 'load' 'bucket_pointer_128_load_1' <Predicate = (!icmp_ln33)> <Delay = 0.00>
ST_2 : Operation 30 [1/1] (0.00ns)   --->   "%bucket_sizes_load_26 = load i32 %bucket_sizes" [sort_seperate_bucket/multi_radix_bin_kmerge.c:34]   --->   Operation 30 'load' 'bucket_sizes_load_26' <Predicate = (!icmp_ln33)> <Delay = 0.00>
ST_2 : Operation 31 [1/1] (0.00ns)   --->   "%bucket_sizes_206_load_1 = load i32 %bucket_sizes_206" [sort_seperate_bucket/multi_radix_bin_kmerge.c:34]   --->   Operation 31 'load' 'bucket_sizes_206_load_1' <Predicate = (!icmp_ln33)> <Delay = 0.00>
ST_2 : Operation 32 [1/1] (0.00ns)   --->   "%specloopname_ln11 = specloopname void @_ssdm_op_SpecLoopName, void @empty_59" [sort_seperate_bucket/multi_radix_bin_kmerge.c:11]   --->   Operation 32 'specloopname' 'specloopname_ln11' <Predicate = (!icmp_ln33)> <Delay = 0.00>
ST_2 : Operation 33 [1/1] (0.00ns)   --->   "%trunc_ln34 = trunc i2 %m_26" [sort_seperate_bucket/multi_radix_bin_kmerge.c:34]   --->   Operation 33 'trunc' 'trunc_ln34' <Predicate = (!icmp_ln33)> <Delay = 0.00>
ST_2 : Operation 34 [1/1] (0.38ns)   --->   "%tmp_i = mux i32 @_ssdm_op_Mux.ap_auto.2i32.i1, i32 %bucket_sizes_load_26, i32 %bucket_sizes_206_load_1, i1 %trunc_ln34" [sort_seperate_bucket/multi_radix_bin_kmerge.c:35]   --->   Operation 34 'mux' 'tmp_i' <Predicate = (!icmp_ln33)> <Delay = 0.38> <CoreInst = "Multiplexer">   --->   Core 76 'Multiplexer' <Latency = 0> <II = 1> <Delay = 0.38> <FuncUnit> <Opcode : 'mux'> <InPorts = 2> <OutPorts = 1>
ST_2 : Operation 35 [1/1] (0.88ns)   --->   "%next_bucket_pointer_26 = add i32 %tmp_i, i32 %next_bucket_pointer_load" [sort_seperate_bucket/multi_radix_bin_kmerge.c:35]   --->   Operation 35 'add' 'next_bucket_pointer_26' <Predicate = (!icmp_ln33)> <Delay = 0.88> <CoreInst = "Adder">   --->   Core 1 'Adder' <Latency = 0> <II = 1> <Delay = 0.88> <FuncUnit> <Opcode : 'add' 'sub'> <InPorts = 2> <OutPorts = 1>
ST_2 : Operation 36 [1/1] (0.22ns)   --->   "%select_ln34 = select i1 %trunc_ln34, i32 %bucket_pointer_127_load_1, i32 %next_bucket_pointer_load" [sort_seperate_bucket/multi_radix_bin_kmerge.c:34]   --->   Operation 36 'select' 'select_ln34' <Predicate = (!icmp_ln33)> <Delay = 0.22> <CoreInst = "Sel">   --->   Core 73 'Sel' <Latency = 0> <II = 1> <Delay = 0.22> <FuncUnit> <Opcode : 'select'> <InPorts = 3> <OutPorts = 1>
ST_2 : Operation 37 [1/1] (0.22ns)   --->   "%select_ln34_76 = select i1 %trunc_ln34, i32 %next_bucket_pointer_load, i32 %bucket_pointer_128_load_1" [sort_seperate_bucket/multi_radix_bin_kmerge.c:34]   --->   Operation 37 'select' 'select_ln34_76' <Predicate = (!icmp_ln33)> <Delay = 0.22> <CoreInst = "Sel">   --->   Core 73 'Sel' <Latency = 0> <II = 1> <Delay = 0.22> <FuncUnit> <Opcode : 'select'> <InPorts = 3> <OutPorts = 1>
ST_2 : Operation 38 [1/1] (0.22ns)   --->   "%bucket_sizes_208 = select i1 %trunc_ln34, i32 0, i32 %bucket_sizes_206_load_1" [sort_seperate_bucket/multi_radix_bin_kmerge.c:34]   --->   Operation 38 'select' 'bucket_sizes_208' <Predicate = (!icmp_ln33)> <Delay = 0.22> <CoreInst = "Sel">   --->   Core 73 'Sel' <Latency = 0> <II = 1> <Delay = 0.22> <FuncUnit> <Opcode : 'select'> <InPorts = 3> <OutPorts = 1>
ST_2 : Operation 39 [1/1] (0.22ns)   --->   "%bucket_sizes_207 = select i1 %trunc_ln34, i32 %bucket_sizes_load_26, i32 0" [sort_seperate_bucket/multi_radix_bin_kmerge.c:34]   --->   Operation 39 'select' 'bucket_sizes_207' <Predicate = (!icmp_ln33)> <Delay = 0.22> <CoreInst = "Sel">   --->   Core 73 'Sel' <Latency = 0> <II = 1> <Delay = 0.22> <FuncUnit> <Opcode : 'select'> <InPorts = 3> <OutPorts = 1>
ST_2 : Operation 40 [1/1] (0.38ns)   --->   "%store_ln33 = store i32 %bucket_sizes_208, i32 %bucket_sizes_206" [sort_seperate_bucket/multi_radix_bin_kmerge.c:33]   --->   Operation 40 'store' 'store_ln33' <Predicate = (!icmp_ln33)> <Delay = 0.38>
ST_2 : Operation 41 [1/1] (0.38ns)   --->   "%store_ln33 = store i32 %bucket_sizes_207, i32 %bucket_sizes" [sort_seperate_bucket/multi_radix_bin_kmerge.c:33]   --->   Operation 41 'store' 'store_ln33' <Predicate = (!icmp_ln33)> <Delay = 0.38>
ST_2 : Operation 42 [1/1] (0.38ns)   --->   "%store_ln33 = store i32 %select_ln34_76, i32 %bucket_pointer_128" [sort_seperate_bucket/multi_radix_bin_kmerge.c:33]   --->   Operation 42 'store' 'store_ln33' <Predicate = (!icmp_ln33)> <Delay = 0.38>
ST_2 : Operation 43 [1/1] (0.38ns)   --->   "%store_ln33 = store i32 %select_ln34, i32 %bucket_pointer_127" [sort_seperate_bucket/multi_radix_bin_kmerge.c:33]   --->   Operation 43 'store' 'store_ln33' <Predicate = (!icmp_ln33)> <Delay = 0.38>
ST_2 : Operation 44 [1/1] (0.38ns)   --->   "%store_ln33 = store i2 %add_ln33, i2 %m" [sort_seperate_bucket/multi_radix_bin_kmerge.c:33]   --->   Operation 44 'store' 'store_ln33' <Predicate = (!icmp_ln33)> <Delay = 0.38>
ST_2 : Operation 45 [1/1] (0.38ns)   --->   "%store_ln33 = store i32 %next_bucket_pointer_26, i32 %next_bucket_pointer" [sort_seperate_bucket/multi_radix_bin_kmerge.c:33]   --->   Operation 45 'store' 'store_ln33' <Predicate = (!icmp_ln33)> <Delay = 0.38>
ST_2 : Operation 46 [1/1] (0.00ns)   --->   "%br_ln33 = br void %for.inc27.i" [sort_seperate_bucket/multi_radix_bin_kmerge.c:33]   --->   Operation 46 'br' 'br_ln33' <Predicate = (!icmp_ln33)> <Delay = 0.00>
ST_2 : Operation 47 [1/1] (0.00ns)   --->   "%bucket_pointer_127_load = load i32 %bucket_pointer_127"   --->   Operation 47 'load' 'bucket_pointer_127_load' <Predicate = (icmp_ln33)> <Delay = 0.00>
ST_2 : Operation 48 [1/1] (0.00ns)   --->   "%bucket_pointer_128_load = load i32 %bucket_pointer_128"   --->   Operation 48 'load' 'bucket_pointer_128_load' <Predicate = (icmp_ln33)> <Delay = 0.00>
ST_2 : Operation 49 [1/1] (0.00ns)   --->   "%bucket_sizes_load = load i32 %bucket_sizes"   --->   Operation 49 'load' 'bucket_sizes_load' <Predicate = (icmp_ln33)> <Delay = 0.00>
ST_2 : Operation 50 [1/1] (0.00ns)   --->   "%bucket_sizes_206_load = load i32 %bucket_sizes_206"   --->   Operation 50 'load' 'bucket_sizes_206_load' <Predicate = (icmp_ln33)> <Delay = 0.00>
ST_2 : Operation 51 [1/1] (0.00ns)   --->   "%write_ln0 = write void @_ssdm_op_Write.ap_auto.i32P0A, i32 %bucket_sizes_383_out, i32 %bucket_sizes_206_load"   --->   Operation 51 'write' 'write_ln0' <Predicate = (icmp_ln33)> <Delay = 0.00>
ST_2 : Operation 52 [1/1] (0.00ns)   --->   "%write_ln0 = write void @_ssdm_op_Write.ap_auto.i32P0A, i32 %bucket_sizes_382_out, i32 %bucket_sizes_load"   --->   Operation 52 'write' 'write_ln0' <Predicate = (icmp_ln33)> <Delay = 0.00>
ST_2 : Operation 53 [1/1] (0.00ns)   --->   "%write_ln0 = write void @_ssdm_op_Write.ap_auto.i32P0A, i32 %bucket_pointer_254_out, i32 %bucket_pointer_128_load"   --->   Operation 53 'write' 'write_ln0' <Predicate = (icmp_ln33)> <Delay = 0.00>
ST_2 : Operation 54 [1/1] (0.00ns)   --->   "%write_ln0 = write void @_ssdm_op_Write.ap_auto.i32P0A, i32 %bucket_pointer_253_out, i32 %bucket_pointer_127_load"   --->   Operation 54 'write' 'write_ln0' <Predicate = (icmp_ln33)> <Delay = 0.00>
ST_2 : Operation 55 [1/1] (0.00ns)   --->   "%ret_ln0 = ret"   --->   Operation 55 'ret' 'ret_ln0' <Predicate = (icmp_ln33)> <Delay = 0.00>


============================================================
+ Verbose Summary: Binding
============================================================
STG Binding: 
---------------- STG Properties BEGIN ----------------
- Is combinational: 0
- Is one-state seq: 0
- Is datapath-only: 0
- Is pipelined: 0
- Is top level: 0
Port [ Return ] is wired: 1; IO mode=ap_ctrl_hs:ce=0
Port [ bucket_sizes_381]:  wired=1; compound=0; hidden=0; nouse=0; global=0; static=0; extern=0; dir=0; type=0; pingpong=0; private_global=0; IO mode=ap_none:ce=0
Port [ bucket_sizes_380]:  wired=1; compound=0; hidden=0; nouse=0; global=0; static=0; extern=0; dir=0; type=0; pingpong=0; private_global=0; IO mode=ap_none:ce=0
Port [ bucket_pointer_251]:  wired=1; compound=0; hidden=0; nouse=0; global=0; static=0; extern=0; dir=0; type=0; pingpong=0; private_global=0; IO mode=ap_none:ce=0
Port [ bucket_pointer]:  wired=1; compound=0; hidden=0; nouse=0; global=0; static=0; extern=0; dir=0; type=0; pingpong=0; private_global=0; IO mode=ap_none:ce=0
Port [ bucket_sizes_383_out]:  wired=1; compound=0; hidden=0; nouse=0; global=0; static=0; extern=0; dir=1; type=0; pingpong=0; private_global=0; IO mode=ap_vld:ce=0
Port [ bucket_sizes_382_out]:  wired=1; compound=0; hidden=0; nouse=0; global=0; static=0; extern=0; dir=1; type=0; pingpong=0; private_global=0; IO mode=ap_vld:ce=0
Port [ bucket_pointer_254_out]:  wired=1; compound=0; hidden=0; nouse=0; global=0; static=0; extern=0; dir=1; type=0; pingpong=0; private_global=0; IO mode=ap_vld:ce=0
Port [ bucket_pointer_253_out]:  wired=1; compound=0; hidden=0; nouse=0; global=0; static=0; extern=0; dir=1; type=0; pingpong=0; private_global=0; IO mode=ap_vld:ce=0
---------------- STG Properties END ------------------

---------------- Datapath Model BEGIN ----------------

<LifeTime>
<method=bitvector/>
next_bucket_pointer       (alloca           ) [ 011]
m                         (alloca           ) [ 011]
bucket_pointer_127        (alloca           ) [ 011]
bucket_pointer_128        (alloca           ) [ 011]
bucket_sizes              (alloca           ) [ 011]
bucket_sizes_206          (alloca           ) [ 011]
bucket_pointer_read       (read             ) [ 000]
bucket_pointer_251_read   (read             ) [ 000]
bucket_sizes_380_read     (read             ) [ 000]
bucket_sizes_381_read     (read             ) [ 000]
store_ln0                 (store            ) [ 000]
store_ln0                 (store            ) [ 000]
store_ln0                 (store            ) [ 000]
store_ln0                 (store            ) [ 000]
store_ln0                 (store            ) [ 000]
store_ln0                 (store            ) [ 000]
br_ln0                    (br               ) [ 000]
m_26                      (load             ) [ 000]
specpipeline_ln0          (specpipeline     ) [ 000]
icmp_ln33                 (icmp             ) [ 011]
empty                     (speclooptripcount) [ 000]
add_ln33                  (add              ) [ 000]
br_ln33                   (br               ) [ 000]
next_bucket_pointer_load  (load             ) [ 000]
bucket_pointer_127_load_1 (load             ) [ 000]
bucket_pointer_128_load_1 (load             ) [ 000]
bucket_sizes_load_26      (load             ) [ 000]
bucket_sizes_206_load_1   (load             ) [ 000]
specloopname_ln11         (specloopname     ) [ 000]
trunc_ln34                (trunc            ) [ 000]
tmp_i                     (mux              ) [ 000]
next_bucket_pointer_26    (add              ) [ 000]
select_ln34               (select           ) [ 000]
select_ln34_76            (select           ) [ 000]
bucket_sizes_208          (select           ) [ 000]
bucket_sizes_207          (select           ) [ 000]
store_ln33                (store            ) [ 000]
store_ln33                (store            ) [ 000]
store_ln33                (store            ) [ 000]
store_ln33                (store            ) [ 000]
store_ln33                (store            ) [ 000]
store_ln33                (store            ) [ 000]
br_ln33                   (br               ) [ 000]
bucket_pointer_127_load   (load             ) [ 000]
bucket_pointer_128_load   (load             ) [ 000]
bucket_sizes_load         (load             ) [ 000]
bucket_sizes_206_load     (load             ) [ 000]
write_ln0                 (write            ) [ 000]
write_ln0                 (write            ) [ 000]
write_ln0                 (write            ) [ 000]
write_ln0                 (write            ) [ 000]
ret_ln0                   (ret              ) [ 000]
</LifeTime>

<model>

<comp_list>
<comp id="0" class="1000" name="bucket_sizes_381">
<pin_list>
<pin id="1" dir="1" index="0" bw="1" slack="0"/>
</pin_list>
<bind>
<StgValue><ssdm name="bucket_sizes_381"/></StgValue>
</bind>
</comp>

<comp id="2" class="1000" name="bucket_sizes_380">
<pin_list>
<pin id="3" dir="1" index="0" bw="1" slack="0"/>
</pin_list>
<bind>
<StgValue><ssdm name="bucket_sizes_380"/></StgValue>
</bind>
</comp>

<comp id="4" class="1000" name="bucket_pointer_251">
<pin_list>
<pin id="5" dir="1" index="0" bw="1" slack="0"/>
</pin_list>
<bind>
<StgValue><ssdm name="bucket_pointer_251"/></StgValue>
</bind>
</comp>

<comp id="6" class="1000" name="bucket_pointer">
<pin_list>
<pin id="7" dir="1" index="0" bw="1" slack="0"/>
</pin_list>
<bind>
<StgValue><ssdm name="bucket_pointer"/></StgValue>
</bind>
</comp>

<comp id="8" class="1000" name="bucket_sizes_383_out">
<pin_list>
<pin id="9" dir="1" index="0" bw="1" slack="0"/>
</pin_list>
<bind>
<StgValue><ssdm name="bucket_sizes_383_out"/></StgValue>
</bind>
</comp>

<comp id="10" class="1000" name="bucket_sizes_382_out">
<pin_list>
<pin id="11" dir="1" index="0" bw="1" slack="0"/>
</pin_list>
<bind>
<StgValue><ssdm name="bucket_sizes_382_out"/></StgValue>
</bind>
</comp>

<comp id="12" class="1000" name="bucket_pointer_254_out">
<pin_list>
<pin id="13" dir="1" index="0" bw="1" slack="0"/>
</pin_list>
<bind>
<StgValue><ssdm name="bucket_pointer_254_out"/></StgValue>
</bind>
</comp>

<comp id="14" class="1000" name="bucket_pointer_253_out">
<pin_list>
<pin id="15" dir="1" index="0" bw="1" slack="0"/>
</pin_list>
<bind>
<StgValue><ssdm name="bucket_pointer_253_out"/></StgValue>
</bind>
</comp>

<comp id="16" class="1001" name="const_16">
<pin_list>
<pin id="17" dir="1" index="0" bw="1" slack="0"/>
</pin_list>
<bind>
<StgValue><ssdm name=""/></StgValue>
</bind>
</comp>

<comp id="18" class="1001" name="const_18">
<pin_list>
<pin id="19" dir="1" index="0" bw="1" slack="0"/>
</pin_list>
<bind>
<StgValue><ssdm name="_ssdm_op_Read.ap_auto.i32"/></StgValue>
</bind>
</comp>

<comp id="20" class="1001" name="const_20">
<pin_list>
<pin id="21" dir="1" index="0" bw="1" slack="0"/>
</pin_list>
<bind>
<StgValue><ssdm name=""/></StgValue>
</bind>
</comp>

<comp id="22" class="1001" name="const_22">
<pin_list>
<pin id="23" dir="1" index="0" bw="1" slack="0"/>
</pin_list>
<bind>
<StgValue><ssdm name=""/></StgValue>
</bind>
</comp>

<comp id="24" class="1001" name="const_24">
<pin_list>
<pin id="25" dir="1" index="0" bw="1" slack="2147483647"/>
</pin_list>
<bind>
<StgValue><ssdm name="_ssdm_op_SpecPipeline"/></StgValue>
</bind>
</comp>

<comp id="26" class="1001" name="const_26">
<pin_list>
<pin id="27" dir="1" index="0" bw="1" slack="2147483647"/>
</pin_list>
<bind>
<StgValue><ssdm name=""/></StgValue>
</bind>
</comp>

<comp id="28" class="1001" name="const_28">
<pin_list>
<pin id="29" dir="1" index="0" bw="1" slack="2147483647"/>
</pin_list>
<bind>
<StgValue><ssdm name="p_str"/></StgValue>
</bind>
</comp>

<comp id="30" class="1001" name="const_30">
<pin_list>
<pin id="31" dir="1" index="0" bw="1" slack="0"/>
</pin_list>
<bind>
<StgValue><ssdm name=""/></StgValue>
</bind>
</comp>

<comp id="32" class="1001" name="const_32">
<pin_list>
<pin id="33" dir="1" index="0" bw="1" slack="2147483647"/>
</pin_list>
<bind>
<StgValue><ssdm name="_ssdm_op_SpecLoopTripCount"/></StgValue>
</bind>
</comp>

<comp id="34" class="1001" name="const_34">
<pin_list>
<pin id="35" dir="1" index="0" bw="1" slack="2147483647"/>
</pin_list>
<bind>
<StgValue><ssdm name=""/></StgValue>
</bind>
</comp>

<comp id="36" class="1001" name="const_36">
<pin_list>
<pin id="37" dir="1" index="0" bw="1" slack="0"/>
</pin_list>
<bind>
<StgValue><ssdm name=""/></StgValue>
</bind>
</comp>

<comp id="38" class="1001" name="const_38">
<pin_list>
<pin id="39" dir="1" index="0" bw="1" slack="2147483647"/>
</pin_list>
<bind>
<StgValue><ssdm name="_ssdm_op_SpecLoopName"/></StgValue>
</bind>
</comp>

<comp id="40" class="1001" name="const_40">
<pin_list>
<pin id="41" dir="1" index="0" bw="1" slack="2147483647"/>
</pin_list>
<bind>
<StgValue><ssdm name="empty_59"/></StgValue>
</bind>
</comp>

<comp id="42" class="1001" name="const_42">
<pin_list>
<pin id="43" dir="1" index="0" bw="1" slack="0"/>
</pin_list>
<bind>
<StgValue><ssdm name="_ssdm_op_Mux.ap_auto.2i32.i1"/></StgValue>
</bind>
</comp>

<comp id="44" class="1001" name="const_44">
<pin_list>
<pin id="45" dir="1" index="0" bw="1" slack="0"/>
</pin_list>
<bind>
<StgValue><ssdm name="_ssdm_op_Write.ap_auto.i32P0A"/></StgValue>
</bind>
</comp>

<comp id="46" class="1004" name="next_bucket_pointer_fu_46">
<pin_list>
<pin id="47" dir="0" index="0" bw="1" slack="0"/>
<pin id="48" dir="1" index="1" bw="32" slack="0"/>
</pin_list>
<bind>
<opcode="alloca(26) " fcode="alloca"/>
<opset="next_bucket_pointer/1 "/>
</bind>
</comp>

<comp id="50" class="1004" name="m_fu_50">
<pin_list>
<pin id="51" dir="0" index="0" bw="1" slack="0"/>
<pin id="52" dir="1" index="1" bw="2" slack="0"/>
</pin_list>
<bind>
<opcode="alloca(26) " fcode="alloca"/>
<opset="m/1 "/>
</bind>
</comp>

<comp id="54" class="1004" name="bucket_pointer_127_fu_54">
<pin_list>
<pin id="55" dir="0" index="0" bw="1" slack="0"/>
<pin id="56" dir="1" index="1" bw="32" slack="0"/>
</pin_list>
<bind>
<opcode="alloca(26) " fcode="alloca"/>
<opset="bucket_pointer_127/1 "/>
</bind>
</comp>

<comp id="58" class="1004" name="bucket_pointer_128_fu_58">
<pin_list>
<pin id="59" dir="0" index="0" bw="1" slack="0"/>
<pin id="60" dir="1" index="1" bw="32" slack="0"/>
</pin_list>
<bind>
<opcode="alloca(26) " fcode="alloca"/>
<opset="bucket_pointer_128/1 "/>
</bind>
</comp>

<comp id="62" class="1004" name="bucket_sizes_fu_62">
<pin_list>
<pin id="63" dir="0" index="0" bw="1" slack="0"/>
<pin id="64" dir="1" index="1" bw="32" slack="0"/>
</pin_list>
<bind>
<opcode="alloca(26) " fcode="alloca"/>
<opset="bucket_sizes/1 "/>
</bind>
</comp>

<comp id="66" class="1004" name="bucket_sizes_206_fu_66">
<pin_list>
<pin id="67" dir="0" index="0" bw="1" slack="0"/>
<pin id="68" dir="1" index="1" bw="32" slack="0"/>
</pin_list>
<bind>
<opcode="alloca(26) " fcode="alloca"/>
<opset="bucket_sizes_206/1 "/>
</bind>
</comp>

<comp id="70" class="1004" name="bucket_pointer_read_read_fu_70">
<pin_list>
<pin id="71" dir="0" index="0" bw="32" slack="0"/>
<pin id="72" dir="0" index="1" bw="32" slack="0"/>
<pin id="73" dir="1" index="2" bw="32" slack="0"/>
</pin_list>
<bind>
<opcode="read(1150) " fcode="read"/>
<opset="bucket_pointer_read/1 "/>
</bind>
</comp>

<comp id="76" class="1004" name="bucket_pointer_251_read_read_fu_76">
<pin_list>
<pin id="77" dir="0" index="0" bw="32" slack="0"/>
<pin id="78" dir="0" index="1" bw="32" slack="0"/>
<pin id="79" dir="1" index="2" bw="32" slack="0"/>
</pin_list>
<bind>
<opcode="read(1150) " fcode="read"/>
<opset="bucket_pointer_251_read/1 "/>
</bind>
</comp>

<comp id="82" class="1004" name="bucket_sizes_380_read_read_fu_82">
<pin_list>
<pin id="83" dir="0" index="0" bw="32" slack="0"/>
<pin id="84" dir="0" index="1" bw="32" slack="0"/>
<pin id="85" dir="1" index="2" bw="32" slack="0"/>
</pin_list>
<bind>
<opcode="read(1150) " fcode="read"/>
<opset="bucket_sizes_380_read/1 "/>
</bind>
</comp>

<comp id="88" class="1004" name="bucket_sizes_381_read_read_fu_88">
<pin_list>
<pin id="89" dir="0" index="0" bw="32" slack="0"/>
<pin id="90" dir="0" index="1" bw="32" slack="0"/>
<pin id="91" dir="1" index="2" bw="32" slack="0"/>
</pin_list>
<bind>
<opcode="read(1150) " fcode="read"/>
<opset="bucket_sizes_381_read/1 "/>
</bind>
</comp>

<comp id="94" class="1004" name="write_ln0_write_fu_94">
<pin_list>
<pin id="95" dir="0" index="0" bw="0" slack="0"/>
<pin id="96" dir="0" index="1" bw="32" slack="0"/>
<pin id="97" dir="0" index="2" bw="32" slack="0"/>
<pin id="98" dir="1" index="3" bw="0" slack="2147483647"/>
</pin_list>
<bind>
<opcode="write(1151) " fcode="write"/>
<opset="write_ln0/2 "/>
</bind>
</comp>

<comp id="101" class="1004" name="write_ln0_write_fu_101">
<pin_list>
<pin id="102" dir="0" index="0" bw="0" slack="0"/>
<pin id="103" dir="0" index="1" bw="32" slack="0"/>
<pin id="104" dir="0" index="2" bw="32" slack="0"/>
<pin id="105" dir="1" index="3" bw="0" slack="2147483647"/>
</pin_list>
<bind>
<opcode="write(1151) " fcode="write"/>
<opset="write_ln0/2 "/>
</bind>
</comp>

<comp id="108" class="1004" name="write_ln0_write_fu_108">
<pin_list>
<pin id="109" dir="0" index="0" bw="0" slack="0"/>
<pin id="110" dir="0" index="1" bw="32" slack="0"/>
<pin id="111" dir="0" index="2" bw="32" slack="0"/>
<pin id="112" dir="1" index="3" bw="0" slack="2147483647"/>
</pin_list>
<bind>
<opcode="write(1151) " fcode="write"/>
<opset="write_ln0/2 "/>
</bind>
</comp>

<comp id="115" class="1004" name="write_ln0_write_fu_115">
<pin_list>
<pin id="116" dir="0" index="0" bw="0" slack="0"/>
<pin id="117" dir="0" index="1" bw="32" slack="0"/>
<pin id="118" dir="0" index="2" bw="32" slack="0"/>
<pin id="119" dir="1" index="3" bw="0" slack="2147483647"/>
</pin_list>
<bind>
<opcode="write(1151) " fcode="write"/>
<opset="write_ln0/2 "/>
</bind>
</comp>

<comp id="122" class="1004" name="store_ln0_store_fu_122">
<pin_list>
<pin id="123" dir="0" index="0" bw="32" slack="0"/>
<pin id="124" dir="0" index="1" bw="32" slack="0"/>
<pin id="125" dir="1" index="2" bw="0" slack="2147483647"/>
</pin_list>
<bind>
<opcode="store(28) " fcode="store"/>
<opset="store_ln0/1 "/>
</bind>
</comp>

<comp id="127" class="1004" name="store_ln0_store_fu_127">
<pin_list>
<pin id="128" dir="0" index="0" bw="32" slack="0"/>
<pin id="129" dir="0" index="1" bw="32" slack="0"/>
<pin id="130" dir="1" index="2" bw="0" slack="2147483647"/>
</pin_list>
<bind>
<opcode="store(28) " fcode="store"/>
<opset="store_ln0/1 "/>
</bind>
</comp>

<comp id="132" class="1004" name="store_ln0_store_fu_132">
<pin_list>
<pin id="133" dir="0" index="0" bw="32" slack="0"/>
<pin id="134" dir="0" index="1" bw="32" slack="0"/>
<pin id="135" dir="1" index="2" bw="0" slack="2147483647"/>
</pin_list>
<bind>
<opcode="store(28) " fcode="store"/>
<opset="store_ln0/1 "/>
</bind>
</comp>

<comp id="137" class="1004" name="store_ln0_store_fu_137">
<pin_list>
<pin id="138" dir="0" index="0" bw="32" slack="0"/>
<pin id="139" dir="0" index="1" bw="32" slack="0"/>
<pin id="140" dir="1" index="2" bw="0" slack="2147483647"/>
</pin_list>
<bind>
<opcode="store(28) " fcode="store"/>
<opset="store_ln0/1 "/>
</bind>
</comp>

<comp id="142" class="1004" name="store_ln0_store_fu_142">
<pin_list>
<pin id="143" dir="0" index="0" bw="1" slack="0"/>
<pin id="144" dir="0" index="1" bw="2" slack="0"/>
<pin id="145" dir="1" index="2" bw="0" slack="2147483647"/>
</pin_list>
<bind>
<opcode="store(28) " fcode="store"/>
<opset="store_ln0/1 "/>
</bind>
</comp>

<comp id="147" class="1004" name="store_ln0_store_fu_147">
<pin_list>
<pin id="148" dir="0" index="0" bw="1" slack="0"/>
<pin id="149" dir="0" index="1" bw="32" slack="0"/>
<pin id="150" dir="1" index="2" bw="0" slack="2147483647"/>
</pin_list>
<bind>
<opcode="store(28) " fcode="store"/>
<opset="store_ln0/1 "/>
</bind>
</comp>

<comp id="152" class="1004" name="m_26_load_fu_152">
<pin_list>
<pin id="153" dir="0" index="0" bw="2" slack="1"/>
<pin id="154" dir="1" index="1" bw="2" slack="0"/>
</pin_list>
<bind>
<opcode="load(27) " fcode="load"/>
<opset="m_26/2 "/>
</bind>
</comp>

<comp id="155" class="1004" name="icmp_ln33_fu_155">
<pin_list>
<pin id="156" dir="0" index="0" bw="2" slack="0"/>
<pin id="157" dir="0" index="1" bw="2" slack="0"/>
<pin id="158" dir="1" index="2" bw="1" slack="2147483647"/>
</pin_list>
<bind>
<opcode="icmp(45) " fcode="icmp"/>
<opset="icmp_ln33/2 "/>
</bind>
</comp>

<comp id="161" class="1004" name="add_ln33_fu_161">
<pin_list>
<pin id="162" dir="0" index="0" bw="2" slack="0"/>
<pin id="163" dir="0" index="1" bw="1" slack="0"/>
<pin id="164" dir="1" index="2" bw="2" slack="0"/>
</pin_list>
<bind>
<opcode="add(8) " fcode="add"/>
<opset="add_ln33/2 "/>
</bind>
</comp>

<comp id="167" class="1004" name="next_bucket_pointer_load_load_fu_167">
<pin_list>
<pin id="168" dir="0" index="0" bw="32" slack="1"/>
<pin id="169" dir="1" index="1" bw="32" slack="0"/>
</pin_list>
<bind>
<opcode="load(27) " fcode="load"/>
<opset="next_bucket_pointer_load/2 "/>
</bind>
</comp>

<comp id="170" class="1004" name="bucket_pointer_127_load_1_load_fu_170">
<pin_list>
<pin id="171" dir="0" index="0" bw="32" slack="1"/>
<pin id="172" dir="1" index="1" bw="32" slack="0"/>
</pin_list>
<bind>
<opcode="load(27) " fcode="load"/>
<opset="bucket_pointer_127_load_1/2 "/>
</bind>
</comp>

<comp id="173" class="1004" name="bucket_pointer_128_load_1_load_fu_173">
<pin_list>
<pin id="174" dir="0" index="0" bw="32" slack="1"/>
<pin id="175" dir="1" index="1" bw="32" slack="0"/>
</pin_list>
<bind>
<opcode="load(27) " fcode="load"/>
<opset="bucket_pointer_128_load_1/2 "/>
</bind>
</comp>

<comp id="176" class="1004" name="bucket_sizes_load_26_load_fu_176">
<pin_list>
<pin id="177" dir="0" index="0" bw="32" slack="1"/>
<pin id="178" dir="1" index="1" bw="32" slack="0"/>
</pin_list>
<bind>
<opcode="load(27) " fcode="load"/>
<opset="bucket_sizes_load_26/2 "/>
</bind>
</comp>

<comp id="179" class="1004" name="bucket_sizes_206_load_1_load_fu_179">
<pin_list>
<pin id="180" dir="0" index="0" bw="32" slack="1"/>
<pin id="181" dir="1" index="1" bw="32" slack="0"/>
</pin_list>
<bind>
<opcode="load(27) " fcode="load"/>
<opset="bucket_sizes_206_load_1/2 "/>
</bind>
</comp>

<comp id="182" class="1004" name="trunc_ln34_fu_182">
<pin_list>
<pin id="183" dir="0" index="0" bw="2" slack="0"/>
<pin id="184" dir="1" index="1" bw="1" slack="0"/>
</pin_list>
<bind>
<opcode="trunc(33) " fcode="trunc"/>
<opset="trunc_ln34/2 "/>
</bind>
</comp>

<comp id="186" class="1004" name="tmp_i_fu_186">
<pin_list>
<pin id="187" dir="0" index="0" bw="32" slack="0"/>
<pin id="188" dir="0" index="1" bw="32" slack="0"/>
<pin id="189" dir="0" index="2" bw="32" slack="0"/>
<pin id="190" dir="0" index="3" bw="1" slack="0"/>
<pin id="191" dir="1" index="4" bw="32" slack="0"/>
</pin_list>
<bind>
<opcode="mux(1196) " fcode="mux"/>
<opset="tmp_i/2 "/>
</bind>
</comp>

<comp id="196" class="1004" name="next_bucket_pointer_26_fu_196">
<pin_list>
<pin id="197" dir="0" index="0" bw="32" slack="0"/>
<pin id="198" dir="0" index="1" bw="32" slack="0"/>
<pin id="199" dir="1" index="2" bw="32" slack="0"/>
</pin_list>
<bind>
<opcode="add(8) " fcode="add"/>
<opset="next_bucket_pointer_26/2 "/>
</bind>
</comp>

<comp id="202" class="1004" name="select_ln34_fu_202">
<pin_list>
<pin id="203" dir="0" index="0" bw="1" slack="0"/>
<pin id="204" dir="0" index="1" bw="32" slack="0"/>
<pin id="205" dir="0" index="2" bw="32" slack="0"/>
<pin id="206" dir="1" index="3" bw="32" slack="0"/>
</pin_list>
<bind>
<opcode="select(49) " fcode="select"/>
<opset="select_ln34/2 "/>
</bind>
</comp>

<comp id="210" class="1004" name="select_ln34_76_fu_210">
<pin_list>
<pin id="211" dir="0" index="0" bw="1" slack="0"/>
<pin id="212" dir="0" index="1" bw="32" slack="0"/>
<pin id="213" dir="0" index="2" bw="32" slack="0"/>
<pin id="214" dir="1" index="3" bw="32" slack="0"/>
</pin_list>
<bind>
<opcode="select(49) " fcode="select"/>
<opset="select_ln34_76/2 "/>
</bind>
</comp>

<comp id="218" class="1004" name="bucket_sizes_208_fu_218">
<pin_list>
<pin id="219" dir="0" index="0" bw="1" slack="0"/>
<pin id="220" dir="0" index="1" bw="1" slack="0"/>
<pin id="221" dir="0" index="2" bw="32" slack="0"/>
<pin id="222" dir="1" index="3" bw="32" slack="0"/>
</pin_list>
<bind>
<opcode="select(49) " fcode="select"/>
<opset="bucket_sizes_208/2 "/>
</bind>
</comp>

<comp id="226" class="1004" name="bucket_sizes_207_fu_226">
<pin_list>
<pin id="227" dir="0" index="0" bw="1" slack="0"/>
<pin id="228" dir="0" index="1" bw="32" slack="0"/>
<pin id="229" dir="0" index="2" bw="1" slack="0"/>
<pin id="230" dir="1" index="3" bw="32" slack="0"/>
</pin_list>
<bind>
<opcode="select(49) " fcode="select"/>
<opset="bucket_sizes_207/2 "/>
</bind>
</comp>

<comp id="234" class="1004" name="store_ln33_store_fu_234">
<pin_list>
<pin id="235" dir="0" index="0" bw="32" slack="0"/>
<pin id="236" dir="0" index="1" bw="32" slack="1"/>
<pin id="237" dir="1" index="2" bw="0" slack="2147483647"/>
</pin_list>
<bind>
<opcode="store(28) " fcode="store"/>
<opset="store_ln33/2 "/>
</bind>
</comp>

<comp id="239" class="1004" name="store_ln33_store_fu_239">
<pin_list>
<pin id="240" dir="0" index="0" bw="32" slack="0"/>
<pin id="241" dir="0" index="1" bw="32" slack="1"/>
<pin id="242" dir="1" index="2" bw="0" slack="2147483647"/>
</pin_list>
<bind>
<opcode="store(28) " fcode="store"/>
<opset="store_ln33/2 "/>
</bind>
</comp>

<comp id="244" class="1004" name="store_ln33_store_fu_244">
<pin_list>
<pin id="245" dir="0" index="0" bw="32" slack="0"/>
<pin id="246" dir="0" index="1" bw="32" slack="1"/>
<pin id="247" dir="1" index="2" bw="0" slack="2147483647"/>
</pin_list>
<bind>
<opcode="store(28) " fcode="store"/>
<opset="store_ln33/2 "/>
</bind>
</comp>

<comp id="249" class="1004" name="store_ln33_store_fu_249">
<pin_list>
<pin id="250" dir="0" index="0" bw="32" slack="0"/>
<pin id="251" dir="0" index="1" bw="32" slack="1"/>
<pin id="252" dir="1" index="2" bw="0" slack="2147483647"/>
</pin_list>
<bind>
<opcode="store(28) " fcode="store"/>
<opset="store_ln33/2 "/>
</bind>
</comp>

<comp id="254" class="1004" name="store_ln33_store_fu_254">
<pin_list>
<pin id="255" dir="0" index="0" bw="2" slack="0"/>
<pin id="256" dir="0" index="1" bw="2" slack="1"/>
<pin id="257" dir="1" index="2" bw="0" slack="2147483647"/>
</pin_list>
<bind>
<opcode="store(28) " fcode="store"/>
<opset="store_ln33/2 "/>
</bind>
</comp>

<comp id="259" class="1004" name="store_ln33_store_fu_259">
<pin_list>
<pin id="260" dir="0" index="0" bw="32" slack="0"/>
<pin id="261" dir="0" index="1" bw="32" slack="1"/>
<pin id="262" dir="1" index="2" bw="0" slack="2147483647"/>
</pin_list>
<bind>
<opcode="store(28) " fcode="store"/>
<opset="store_ln33/2 "/>
</bind>
</comp>

<comp id="264" class="1004" name="bucket_pointer_127_load_load_fu_264">
<pin_list>
<pin id="265" dir="0" index="0" bw="32" slack="1"/>
<pin id="266" dir="1" index="1" bw="32" slack="0"/>
</pin_list>
<bind>
<opcode="load(27) " fcode="load"/>
<opset="bucket_pointer_127_load/2 "/>
</bind>
</comp>

<comp id="268" class="1004" name="bucket_pointer_128_load_load_fu_268">
<pin_list>
<pin id="269" dir="0" index="0" bw="32" slack="1"/>
<pin id="270" dir="1" index="1" bw="32" slack="0"/>
</pin_list>
<bind>
<opcode="load(27) " fcode="load"/>
<opset="bucket_pointer_128_load/2 "/>
</bind>
</comp>

<comp id="272" class="1004" name="bucket_sizes_load_load_fu_272">
<pin_list>
<pin id="273" dir="0" index="0" bw="32" slack="1"/>
<pin id="274" dir="1" index="1" bw="32" slack="0"/>
</pin_list>
<bind>
<opcode="load(27) " fcode="load"/>
<opset="bucket_sizes_load/2 "/>
</bind>
</comp>

<comp id="276" class="1004" name="bucket_sizes_206_load_load_fu_276">
<pin_list>
<pin id="277" dir="0" index="0" bw="32" slack="1"/>
<pin id="278" dir="1" index="1" bw="32" slack="0"/>
</pin_list>
<bind>
<opcode="load(27) " fcode="load"/>
<opset="bucket_sizes_206_load/2 "/>
</bind>
</comp>

<comp id="280" class="1005" name="next_bucket_pointer_reg_280">
<pin_list>
<pin id="281" dir="0" index="0" bw="32" slack="0"/>
<pin id="282" dir="1" index="1" bw="32" slack="0"/>
</pin_list>
<bind>
<opset="next_bucket_pointer "/>
</bind>
</comp>

<comp id="287" class="1005" name="m_reg_287">
<pin_list>
<pin id="288" dir="0" index="0" bw="2" slack="0"/>
<pin id="289" dir="1" index="1" bw="2" slack="0"/>
</pin_list>
<bind>
<opset="m "/>
</bind>
</comp>

<comp id="294" class="1005" name="bucket_pointer_127_reg_294">
<pin_list>
<pin id="295" dir="0" index="0" bw="32" slack="0"/>
<pin id="296" dir="1" index="1" bw="32" slack="0"/>
</pin_list>
<bind>
<opset="bucket_pointer_127 "/>
</bind>
</comp>

<comp id="302" class="1005" name="bucket_pointer_128_reg_302">
<pin_list>
<pin id="303" dir="0" index="0" bw="32" slack="0"/>
<pin id="304" dir="1" index="1" bw="32" slack="0"/>
</pin_list>
<bind>
<opset="bucket_pointer_128 "/>
</bind>
</comp>

<comp id="310" class="1005" name="bucket_sizes_reg_310">
<pin_list>
<pin id="311" dir="0" index="0" bw="32" slack="0"/>
<pin id="312" dir="1" index="1" bw="32" slack="0"/>
</pin_list>
<bind>
<opset="bucket_sizes "/>
</bind>
</comp>

<comp id="318" class="1005" name="bucket_sizes_206_reg_318">
<pin_list>
<pin id="319" dir="0" index="0" bw="32" slack="0"/>
<pin id="320" dir="1" index="1" bw="32" slack="0"/>
</pin_list>
<bind>
<opset="bucket_sizes_206 "/>
</bind>
</comp>

</comp_list>

<net_list>
<net id="49"><net_src comp="16" pin="0"/><net_sink comp="46" pin=0"/></net>

<net id="53"><net_src comp="16" pin="0"/><net_sink comp="50" pin=0"/></net>

<net id="57"><net_src comp="16" pin="0"/><net_sink comp="54" pin=0"/></net>

<net id="61"><net_src comp="16" pin="0"/><net_sink comp="58" pin=0"/></net>

<net id="65"><net_src comp="16" pin="0"/><net_sink comp="62" pin=0"/></net>

<net id="69"><net_src comp="16" pin="0"/><net_sink comp="66" pin=0"/></net>

<net id="74"><net_src comp="18" pin="0"/><net_sink comp="70" pin=0"/></net>

<net id="75"><net_src comp="6" pin="0"/><net_sink comp="70" pin=1"/></net>

<net id="80"><net_src comp="18" pin="0"/><net_sink comp="76" pin=0"/></net>

<net id="81"><net_src comp="4" pin="0"/><net_sink comp="76" pin=1"/></net>

<net id="86"><net_src comp="18" pin="0"/><net_sink comp="82" pin=0"/></net>

<net id="87"><net_src comp="2" pin="0"/><net_sink comp="82" pin=1"/></net>

<net id="92"><net_src comp="18" pin="0"/><net_sink comp="88" pin=0"/></net>

<net id="93"><net_src comp="0" pin="0"/><net_sink comp="88" pin=1"/></net>

<net id="99"><net_src comp="44" pin="0"/><net_sink comp="94" pin=0"/></net>

<net id="100"><net_src comp="8" pin="0"/><net_sink comp="94" pin=1"/></net>

<net id="106"><net_src comp="44" pin="0"/><net_sink comp="101" pin=0"/></net>

<net id="107"><net_src comp="10" pin="0"/><net_sink comp="101" pin=1"/></net>

<net id="113"><net_src comp="44" pin="0"/><net_sink comp="108" pin=0"/></net>

<net id="114"><net_src comp="12" pin="0"/><net_sink comp="108" pin=1"/></net>

<net id="120"><net_src comp="44" pin="0"/><net_sink comp="115" pin=0"/></net>

<net id="121"><net_src comp="14" pin="0"/><net_sink comp="115" pin=1"/></net>

<net id="126"><net_src comp="88" pin="2"/><net_sink comp="122" pin=0"/></net>

<net id="131"><net_src comp="82" pin="2"/><net_sink comp="127" pin=0"/></net>

<net id="136"><net_src comp="76" pin="2"/><net_sink comp="132" pin=0"/></net>

<net id="141"><net_src comp="70" pin="2"/><net_sink comp="137" pin=0"/></net>

<net id="146"><net_src comp="20" pin="0"/><net_sink comp="142" pin=0"/></net>

<net id="151"><net_src comp="22" pin="0"/><net_sink comp="147" pin=0"/></net>

<net id="159"><net_src comp="152" pin="1"/><net_sink comp="155" pin=0"/></net>

<net id="160"><net_src comp="30" pin="0"/><net_sink comp="155" pin=1"/></net>

<net id="165"><net_src comp="152" pin="1"/><net_sink comp="161" pin=0"/></net>

<net id="166"><net_src comp="36" pin="0"/><net_sink comp="161" pin=1"/></net>

<net id="185"><net_src comp="152" pin="1"/><net_sink comp="182" pin=0"/></net>

<net id="192"><net_src comp="42" pin="0"/><net_sink comp="186" pin=0"/></net>

<net id="193"><net_src comp="176" pin="1"/><net_sink comp="186" pin=1"/></net>

<net id="194"><net_src comp="179" pin="1"/><net_sink comp="186" pin=2"/></net>

<net id="195"><net_src comp="182" pin="1"/><net_sink comp="186" pin=3"/></net>

<net id="200"><net_src comp="186" pin="4"/><net_sink comp="196" pin=0"/></net>

<net id="201"><net_src comp="167" pin="1"/><net_sink comp="196" pin=1"/></net>

<net id="207"><net_src comp="182" pin="1"/><net_sink comp="202" pin=0"/></net>

<net id="208"><net_src comp="170" pin="1"/><net_sink comp="202" pin=1"/></net>

<net id="209"><net_src comp="167" pin="1"/><net_sink comp="202" pin=2"/></net>

<net id="215"><net_src comp="182" pin="1"/><net_sink comp="210" pin=0"/></net>

<net id="216"><net_src comp="167" pin="1"/><net_sink comp="210" pin=1"/></net>

<net id="217"><net_src comp="173" pin="1"/><net_sink comp="210" pin=2"/></net>

<net id="223"><net_src comp="182" pin="1"/><net_sink comp="218" pin=0"/></net>

<net id="224"><net_src comp="22" pin="0"/><net_sink comp="218" pin=1"/></net>

<net id="225"><net_src comp="179" pin="1"/><net_sink comp="218" pin=2"/></net>

<net id="231"><net_src comp="182" pin="1"/><net_sink comp="226" pin=0"/></net>

<net id="232"><net_src comp="176" pin="1"/><net_sink comp="226" pin=1"/></net>

<net id="233"><net_src comp="22" pin="0"/><net_sink comp="226" pin=2"/></net>

<net id="238"><net_src comp="218" pin="3"/><net_sink comp="234" pin=0"/></net>

<net id="243"><net_src comp="226" pin="3"/><net_sink comp="239" pin=0"/></net>

<net id="248"><net_src comp="210" pin="3"/><net_sink comp="244" pin=0"/></net>

<net id="253"><net_src comp="202" pin="3"/><net_sink comp="249" pin=0"/></net>

<net id="258"><net_src comp="161" pin="2"/><net_sink comp="254" pin=0"/></net>

<net id="263"><net_src comp="196" pin="2"/><net_sink comp="259" pin=0"/></net>

<net id="267"><net_src comp="264" pin="1"/><net_sink comp="115" pin=2"/></net>

<net id="271"><net_src comp="268" pin="1"/><net_sink comp="108" pin=2"/></net>

<net id="275"><net_src comp="272" pin="1"/><net_sink comp="101" pin=2"/></net>

<net id="279"><net_src comp="276" pin="1"/><net_sink comp="94" pin=2"/></net>

<net id="283"><net_src comp="46" pin="1"/><net_sink comp="280" pin=0"/></net>

<net id="284"><net_src comp="280" pin="1"/><net_sink comp="147" pin=1"/></net>

<net id="285"><net_src comp="280" pin="1"/><net_sink comp="167" pin=0"/></net>

<net id="286"><net_src comp="280" pin="1"/><net_sink comp="259" pin=1"/></net>

<net id="290"><net_src comp="50" pin="1"/><net_sink comp="287" pin=0"/></net>

<net id="291"><net_src comp="287" pin="1"/><net_sink comp="142" pin=1"/></net>

<net id="292"><net_src comp="287" pin="1"/><net_sink comp="152" pin=0"/></net>

<net id="293"><net_src comp="287" pin="1"/><net_sink comp="254" pin=1"/></net>

<net id="297"><net_src comp="54" pin="1"/><net_sink comp="294" pin=0"/></net>

<net id="298"><net_src comp="294" pin="1"/><net_sink comp="137" pin=1"/></net>

<net id="299"><net_src comp="294" pin="1"/><net_sink comp="170" pin=0"/></net>

<net id="300"><net_src comp="294" pin="1"/><net_sink comp="249" pin=1"/></net>

<net id="301"><net_src comp="294" pin="1"/><net_sink comp="264" pin=0"/></net>

<net id="305"><net_src comp="58" pin="1"/><net_sink comp="302" pin=0"/></net>

<net id="306"><net_src comp="302" pin="1"/><net_sink comp="132" pin=1"/></net>

<net id="307"><net_src comp="302" pin="1"/><net_sink comp="173" pin=0"/></net>

<net id="308"><net_src comp="302" pin="1"/><net_sink comp="244" pin=1"/></net>

<net id="309"><net_src comp="302" pin="1"/><net_sink comp="268" pin=0"/></net>

<net id="313"><net_src comp="62" pin="1"/><net_sink comp="310" pin=0"/></net>

<net id="314"><net_src comp="310" pin="1"/><net_sink comp="127" pin=1"/></net>

<net id="315"><net_src comp="310" pin="1"/><net_sink comp="176" pin=0"/></net>

<net id="316"><net_src comp="310" pin="1"/><net_sink comp="239" pin=1"/></net>

<net id="317"><net_src comp="310" pin="1"/><net_sink comp="272" pin=0"/></net>

<net id="321"><net_src comp="66" pin="1"/><net_sink comp="318" pin=0"/></net>

<net id="322"><net_src comp="318" pin="1"/><net_sink comp="122" pin=1"/></net>

<net id="323"><net_src comp="318" pin="1"/><net_sink comp="179" pin=0"/></net>

<net id="324"><net_src comp="318" pin="1"/><net_sink comp="234" pin=1"/></net>

<net id="325"><net_src comp="318" pin="1"/><net_sink comp="276" pin=0"/></net>

</net_list>

</model> 
---------------- Datapath Model END ------------------

* FSMD analyzer results:
  - Output states:
	Port: bucket_sizes_383_out | {2 }
	Port: bucket_sizes_382_out | {2 }
	Port: bucket_pointer_254_out | {2 }
	Port: bucket_pointer_253_out | {2 }
 - Input state : 
	Port: radix_sort_bin_batch.43.1_Pipeline_bucket_pointer_initialization : bucket_sizes_381 | {1 }
	Port: radix_sort_bin_batch.43.1_Pipeline_bucket_pointer_initialization : bucket_sizes_380 | {1 }
	Port: radix_sort_bin_batch.43.1_Pipeline_bucket_pointer_initialization : bucket_pointer_251 | {1 }
	Port: radix_sort_bin_batch.43.1_Pipeline_bucket_pointer_initialization : bucket_pointer | {1 }
  - Chain level:
	State 1
		store_ln0 : 1
		store_ln0 : 1
	State 2
		icmp_ln33 : 1
		add_ln33 : 1
		br_ln33 : 2
		trunc_ln34 : 1
		tmp_i : 2
		next_bucket_pointer_26 : 3
		select_ln34 : 2
		select_ln34_76 : 2
		bucket_sizes_208 : 2
		bucket_sizes_207 : 2
		store_ln33 : 3
		store_ln33 : 3
		store_ln33 : 3
		store_ln33 : 3
		store_ln33 : 2
		store_ln33 : 4
		write_ln0 : 1
		write_ln0 : 1
		write_ln0 : 1
		write_ln0 : 1


============================================================
+ Verbose Summary: Datapath Resource usage 
============================================================

* Functional unit list:
|----------|------------------------------------|---------|---------|
| Operation|           Functional Unit          |    FF   |   LUT   |
|----------|------------------------------------|---------|---------|
|          |         select_ln34_fu_202         |    0    |    32   |
|  select  |        select_ln34_76_fu_210       |    0    |    32   |
|          |       bucket_sizes_208_fu_218      |    0    |    32   |
|          |       bucket_sizes_207_fu_226      |    0    |    32   |
|----------|------------------------------------|---------|---------|
|    add   |           add_ln33_fu_161          |    0    |    9    |
|          |    next_bucket_pointer_26_fu_196   |    0    |    39   |
|----------|------------------------------------|---------|---------|
|    mux   |            tmp_i_fu_186            |    0    |    9    |
|----------|------------------------------------|---------|---------|
|   icmp   |          icmp_ln33_fu_155          |    0    |    8    |
|----------|------------------------------------|---------|---------|
|          |   bucket_pointer_read_read_fu_70   |    0    |    0    |
|   read   | bucket_pointer_251_read_read_fu_76 |    0    |    0    |
|          |  bucket_sizes_380_read_read_fu_82  |    0    |    0    |
|          |  bucket_sizes_381_read_read_fu_88  |    0    |    0    |
|----------|------------------------------------|---------|---------|
|          |        write_ln0_write_fu_94       |    0    |    0    |
|   write  |       write_ln0_write_fu_101       |    0    |    0    |
|          |       write_ln0_write_fu_108       |    0    |    0    |
|          |       write_ln0_write_fu_115       |    0    |    0    |
|----------|------------------------------------|---------|---------|
|   trunc  |          trunc_ln34_fu_182         |    0    |    0    |
|----------|------------------------------------|---------|---------|
|   Total  |                                    |    0    |   193   |
|----------|------------------------------------|---------|---------|

Memories:
N/A

* Register list:
+---------------------------+--------+
|                           |   FF   |
+---------------------------+--------+
| bucket_pointer_127_reg_294|   32   |
| bucket_pointer_128_reg_302|   32   |
|  bucket_sizes_206_reg_318 |   32   |
|    bucket_sizes_reg_310   |   32   |
|         m_reg_287         |    2   |
|next_bucket_pointer_reg_280|   32   |
+---------------------------+--------+
|           Total           |   162  |
+---------------------------+--------+

* Multiplexer (MUX) list: 
|--------|------|------|------|--------|
|  Comp  |  Pin | Size |  BW  | S x BW |
|--------|------|------|------|--------|
|  Total |      |      |      |    0   |
|--------|------|------|------|--------|



* Summary:
+-----------+--------+--------+
|           |   FF   |   LUT  |
+-----------+--------+--------+
|  Function |    0   |   193  |
|   Memory  |    -   |    -   |
|Multiplexer|    -   |    -   |
|  Register |   162  |    -   |
+-----------+--------+--------+
|   Total   |   162  |   193  |
+-----------+--------+--------+
