

================================================================
== Vitis HLS Report for 'radix_sort_seperate_bucket_parallel_Pipeline_VITIS_LOOP_135_1'
================================================================
* Date:           Mon Apr 17 11:21:06 2023

* Version:        2022.2 (Build 3670227 on Oct 13 2022)
* Project:        sort_seperate_bucket
* Solution:       solution1 (Vivado IP Flow Target)
* Product family: virtexuplus
* Target device:  xcvu11p-flga2577-1-e


================================================================
== Performance Estimates
================================================================
+ Timing: 
    * Summary: 
    +--------+----------+----------+------------+
    |  Clock |  Target  | Estimated| Uncertainty|
    +--------+----------+----------+------------+
    |ap_clk  |  10.00 ns|  2.594 ns|     2.70 ns|
    +--------+----------+----------+------------+

+ Latency: 
    * Summary: 
    +---------+---------+-----------+----------+-----+-----+---------+
    |  Latency (cycles) |  Latency (absolute)  |  Interval | Pipeline|
    |   min   |   max   |    min    |    max   | min | max |   Type  |
    +---------+---------+-----------+----------+-----+-----+---------+
    |        3|       26|  30.000 ns|  0.260 us|    3|   26|       no|
    +---------+---------+-----------+----------+-----+-----+---------+

    + Detail: 
        * Instance: 
        N/A

        * Loop: 
        +--------------------+---------+---------+----------+-----------+-----------+--------+----------+
        |                    |  Latency (cycles) | Iteration|  Initiation Interval  |  Trip  |          |
        |      Loop Name     |   min   |   max   |  Latency |  achieved |   target  |  Count | Pipelined|
        +--------------------+---------+---------+----------+-----------+-----------+--------+----------+
        |- VITIS_LOOP_135_1  |        1|       24|         2|          1|          1|  1 ~ 24|       yes|
        +--------------------+---------+---------+----------+-----------+-----------+--------+----------+

============================================================
+ Verbose Summary: Synthesis Manager
============================================================
InlineROM: 1
ExposeGlobal: 0
============================================================
+ Verbose Summary: CDFG Model
============================================================
IsTopModel: 0
ResetActiveHigh: 1
IsCombinational: 0
IsDatapathOnly: 0
HasWiredReturn: 1
HasMFsm: 2
HasVarLatency: 1
IsPipeline: 0
IsRtlPipelined: 0
IsInstanceOverlapped: 0
IsDontTouch: 0
HasImplIP: 0
IsGatedGlobalClock: 0

+ Individual pipeline summary: 
  * Pipeline-0: initiation interval (II) = 1, depth = 2


============================================================
+ Verbose Summary: Schedule
============================================================
* Number of FSM states : 2
* Pipeline : 1
  Pipeline-0 : II = 1, D = 2, States = { 1 2 }
* Dataflow Pipeline: 0

* FSM state transitions: 
1 --> 2 
2 --> 

* FSM state operations: 

State 1 <SV = 0> <Delay = 2.19>
ST_1 : Operation 5 [1/1] (0.00ns)   --->   "%k_1 = alloca i32 1"   --->   Operation 5 'alloca' 'k_1' <Predicate = true> <Delay = 0.00>
ST_1 : Operation 6 [1/1] (0.00ns)   --->   "%m1 = alloca i32 1"   --->   Operation 6 'alloca' 'm1' <Predicate = true> <Delay = 0.00>
ST_1 : Operation 7 [1/1] (0.00ns)   --->   "%phi_mul_read = read i9 @_ssdm_op_Read.ap_auto.i9, i9 %phi_mul"   --->   Operation 7 'read' 'phi_mul_read' <Predicate = true> <Delay = 0.00>
ST_1 : Operation 8 [1/1] (0.00ns)   --->   "%trunc_ln1_read = read i31 @_ssdm_op_Read.ap_auto.i31, i31 %trunc_ln1"   --->   Operation 8 'read' 'trunc_ln1_read' <Predicate = true> <Delay = 0.00>
ST_1 : Operation 9 [1/1] (0.00ns)   --->   "%sext_ln135_read = read i32 @_ssdm_op_Read.ap_auto.i32, i32 %sext_ln135"   --->   Operation 9 'read' 'sext_ln135_read' <Predicate = true> <Delay = 0.00>
ST_1 : Operation 10 [1/1] (0.00ns)   --->   "%sext_ln135_cast = sext i32 %sext_ln135_read"   --->   Operation 10 'sext' 'sext_ln135_cast' <Predicate = true> <Delay = 0.00>
ST_1 : Operation 11 [1/1] (0.00ns)   --->   "%specinterface_ln0 = specinterface void @_ssdm_op_SpecInterface, i32 %sorted_data, void @empty, i32 0, i32 0, void @empty_0, i32 4294967295, i32 0, void @empty_0, void @empty_0, void @empty_0, i32 0, i32 0, i32 0, i32 0, void @empty_0, void @empty_0, i32 4294967295, i32 0"   --->   Operation 11 'specinterface' 'specinterface_ln0' <Predicate = true> <Delay = 0.00>
ST_1 : Operation 12 [1/1] (0.46ns)   --->   "%store_ln0 = store i31 0, i31 %m1"   --->   Operation 12 'store' 'store_ln0' <Predicate = true> <Delay = 0.46>
ST_1 : Operation 13 [1/1] (0.46ns)   --->   "%store_ln0 = store i33 %sext_ln135_cast, i33 %k_1"   --->   Operation 13 'store' 'store_ln0' <Predicate = true> <Delay = 0.46>
ST_1 : Operation 14 [1/1] (0.00ns)   --->   "%br_ln0 = br void %for.inc26"   --->   Operation 14 'br' 'br_ln0' <Predicate = true> <Delay = 0.00>
ST_1 : Operation 15 [1/1] (0.00ns)   --->   "%m1_1 = load i31 %m1" [sort_seperate_bucket/radix_sort.c:137]   --->   Operation 15 'load' 'm1_1' <Predicate = true> <Delay = 0.00>
ST_1 : Operation 16 [1/1] (0.00ns)   --->   "%specpipeline_ln0 = specpipeline void @_ssdm_op_SpecPipeline, i32 4294967295, i32 0, i32 1, i32 0, void @p_str"   --->   Operation 16 'specpipeline' 'specpipeline_ln0' <Predicate = true> <Delay = 0.00>
ST_1 : Operation 17 [1/1] (0.81ns)   --->   "%icmp_ln135 = icmp_eq  i31 %m1_1, i31 %trunc_ln1_read" [sort_seperate_bucket/radix_sort.c:135]   --->   Operation 17 'icmp' 'icmp_ln135' <Predicate = true> <Delay = 0.81> <CoreInst = "Cmp">   --->   Core 9 'Cmp' <Latency = 0> <II = 1> <Delay = 0.81> <FuncUnit> <Opcode : 'icmp'> <InPorts = 2> <OutPorts = 1>
ST_1 : Operation 18 [1/1] (0.00ns)   --->   "%speclooptripcount_ln0 = speclooptripcount void @_ssdm_op_SpecLoopTripCount, i64 1, i64 24, i64 12"   --->   Operation 18 'speclooptripcount' 'speclooptripcount_ln0' <Predicate = true> <Delay = 0.00>
ST_1 : Operation 19 [1/1] (1.14ns)   --->   "%add_ln135 = add i31 %m1_1, i31 1" [sort_seperate_bucket/radix_sort.c:135]   --->   Operation 19 'add' 'add_ln135' <Predicate = true> <Delay = 1.14> <CoreInst = "Adder">   --->   Core 1 'Adder' <Latency = 0> <II = 1> <Delay = 1.14> <FuncUnit> <Opcode : 'add' 'sub'> <InPorts = 2> <OutPorts = 1>
ST_1 : Operation 20 [1/1] (0.00ns)   --->   "%br_ln135 = br i1 %icmp_ln135, void %for.inc26.split, void %VITIS_LOOP_140_2.loopexit.exitStub" [sort_seperate_bucket/radix_sort.c:135]   --->   Operation 20 'br' 'br_ln135' <Predicate = true> <Delay = 0.00>
ST_1 : Operation 21 [1/1] (0.00ns)   --->   "%trunc_ln137 = trunc i31 %m1_1" [sort_seperate_bucket/radix_sort.c:137]   --->   Operation 21 'trunc' 'trunc_ln137' <Predicate = (!icmp_ln135)> <Delay = 0.00>
ST_1 : Operation 22 [1/1] (0.90ns)   --->   "%add_ln137 = add i9 %phi_mul_read, i9 %trunc_ln137" [sort_seperate_bucket/radix_sort.c:137]   --->   Operation 22 'add' 'add_ln137' <Predicate = (!icmp_ln135)> <Delay = 0.90> <CoreInst = "Adder">   --->   Core 1 'Adder' <Latency = 0> <II = 1> <Delay = 0.90> <FuncUnit> <Opcode : 'add' 'sub'> <InPorts = 2> <OutPorts = 1>
ST_1 : Operation 23 [1/1] (0.00ns)   --->   "%zext_ln137_1 = zext i9 %add_ln137" [sort_seperate_bucket/radix_sort.c:137]   --->   Operation 23 'zext' 'zext_ln137_1' <Predicate = (!icmp_ln135)> <Delay = 0.00>
ST_1 : Operation 24 [1/1] (0.00ns)   --->   "%bucket1_addr = getelementptr i32 %bucket1, i64 0, i64 %zext_ln137_1" [sort_seperate_bucket/radix_sort.c:137]   --->   Operation 24 'getelementptr' 'bucket1_addr' <Predicate = (!icmp_ln135)> <Delay = 0.00>
ST_1 : Operation 25 [2/2] (1.29ns)   --->   "%bucket1_load = load i9 %bucket1_addr" [sort_seperate_bucket/radix_sort.c:137]   --->   Operation 25 'load' 'bucket1_load' <Predicate = (!icmp_ln135)> <Delay = 1.29> <CoreInst = "RAM">   --->   Core 83 'RAM' <Latency = 1> <II = 1> <Delay = 1.29> <Storage> <Opcode : 'load' 'store'> <Ports = 2> <Width = 32> <Depth = 400> <RAM>
ST_1 : Operation 26 [1/1] (0.46ns)   --->   "%store_ln135 = store i31 %add_ln135, i31 %m1" [sort_seperate_bucket/radix_sort.c:135]   --->   Operation 26 'store' 'store_ln135' <Predicate = (!icmp_ln135)> <Delay = 0.46>
ST_1 : Operation 37 [1/1] (0.00ns)   --->   "%ret_ln0 = ret"   --->   Operation 37 'ret' 'ret_ln0' <Predicate = (icmp_ln135)> <Delay = 0.00>

State 2 <SV = 1> <Delay = 2.59>
ST_2 : Operation 27 [1/1] (0.00ns)   --->   "%k_1_load = load i33 %k_1" [sort_seperate_bucket/radix_sort.c:137]   --->   Operation 27 'load' 'k_1_load' <Predicate = true> <Delay = 0.00>
ST_2 : Operation 28 [1/1] (0.00ns)   --->   "%specloopname_ln135 = specloopname void @_ssdm_op_SpecLoopName, void @empty_2" [sort_seperate_bucket/radix_sort.c:135]   --->   Operation 28 'specloopname' 'specloopname_ln135' <Predicate = true> <Delay = 0.00>
ST_2 : Operation 29 [1/2] (1.29ns)   --->   "%bucket1_load = load i9 %bucket1_addr" [sort_seperate_bucket/radix_sort.c:137]   --->   Operation 29 'load' 'bucket1_load' <Predicate = true> <Delay = 1.29> <CoreInst = "RAM">   --->   Core 83 'RAM' <Latency = 1> <II = 1> <Delay = 1.29> <Storage> <Opcode : 'load' 'store'> <Ports = 2> <Width = 32> <Depth = 400> <RAM>
ST_2 : Operation 30 [1/1] (0.00ns)   --->   "%trunc_ln137_1 = trunc i33 %k_1_load" [sort_seperate_bucket/radix_sort.c:137]   --->   Operation 30 'trunc' 'trunc_ln137_1' <Predicate = true> <Delay = 0.00>
ST_2 : Operation 31 [1/1] (0.00ns)   --->   "%zext_ln137 = zext i6 %trunc_ln137_1" [sort_seperate_bucket/radix_sort.c:137]   --->   Operation 31 'zext' 'zext_ln137' <Predicate = true> <Delay = 0.00>
ST_2 : Operation 32 [1/1] (0.00ns)   --->   "%sorted_data_addr = getelementptr i32 %sorted_data, i64 0, i64 %zext_ln137" [sort_seperate_bucket/radix_sort.c:137]   --->   Operation 32 'getelementptr' 'sorted_data_addr' <Predicate = true> <Delay = 0.00>
ST_2 : Operation 33 [1/1] (1.29ns)   --->   "%store_ln137 = store i32 %bucket1_load, i6 %sorted_data_addr" [sort_seperate_bucket/radix_sort.c:137]   --->   Operation 33 'store' 'store_ln137' <Predicate = true> <Delay = 1.29> <CoreInst = "RAM">   --->   Core 83 'RAM' <Latency = 1> <II = 1> <Delay = 1.29> <Storage> <Opcode : 'load' 'store'> <Ports = 2> <Width = 32> <Depth = 50> <RAM>
ST_2 : Operation 34 [1/1] (1.14ns)   --->   "%add_ln138 = add i33 %k_1_load, i33 1" [sort_seperate_bucket/radix_sort.c:138]   --->   Operation 34 'add' 'add_ln138' <Predicate = true> <Delay = 1.14> <CoreInst = "Adder">   --->   Core 1 'Adder' <Latency = 0> <II = 1> <Delay = 1.14> <FuncUnit> <Opcode : 'add' 'sub'> <InPorts = 2> <OutPorts = 1>
ST_2 : Operation 35 [1/1] (0.46ns)   --->   "%store_ln135 = store i33 %add_ln138, i33 %k_1" [sort_seperate_bucket/radix_sort.c:135]   --->   Operation 35 'store' 'store_ln135' <Predicate = true> <Delay = 0.46>
ST_2 : Operation 36 [1/1] (0.00ns)   --->   "%br_ln135 = br void %for.inc26" [sort_seperate_bucket/radix_sort.c:135]   --->   Operation 36 'br' 'br_ln135' <Predicate = true> <Delay = 0.00>


============================================================
+ Verbose Summary: Timing violations
============================================================
Target clock period: 10ns, clock uncertainty: 2.7ns.

 <State 1>: 2.2ns
The critical path consists of the following:
	'alloca' operation ('m1') [7]  (0 ns)
	'load' operation ('m1', sort_seperate_bucket/radix_sort.c:137) on local variable 'm1' [17]  (0 ns)
	'add' operation ('add_ln137', sort_seperate_bucket/radix_sort.c:137) [26]  (0.902 ns)
	'getelementptr' operation ('bucket1_addr', sort_seperate_bucket/radix_sort.c:137) [28]  (0 ns)
	'load' operation ('bucket1_load', sort_seperate_bucket/radix_sort.c:137) on array 'bucket1' [30]  (1.3 ns)

 <State 2>: 2.59ns
The critical path consists of the following:
	'load' operation ('bucket1_load', sort_seperate_bucket/radix_sort.c:137) on array 'bucket1' [30]  (1.3 ns)
	'store' operation ('store_ln137', sort_seperate_bucket/radix_sort.c:137) of variable 'bucket1_load', sort_seperate_bucket/radix_sort.c:137 on array 'sorted_data' [34]  (1.3 ns)


============================================================
+ Verbose Summary: Binding
============================================================
N/A
* FSMD analyzer results:
  - Output states:
 - Input state : 
  - Chain level:
	State 1
	State 2


============================================================
+ Verbose Summary: Datapath Resource usage 
============================================================
N/A
