

================================================================
== Vitis HLS Report for 'radix_sort_bin_batch_61_1_Pipeline_input_bucket'
================================================================
* Date:           Mon Apr 24 09:03:30 2023

* Version:        2022.2 (Build 3670227 on Oct 13 2022)
* Project:        sort_seperate_bucket
* Solution:       solution1 (Vivado IP Flow Target)
* Product family: virtexuplus
* Target device:  xcu280-fsvh2892-2L-e


================================================================
== Performance Estimates
================================================================
+ Timing: 
    * Summary: 
    +--------+----------+----------+------------+
    |  Clock |  Target  | Estimated| Uncertainty|
    +--------+----------+----------+------------+
    |ap_clk  |  10.00 ns|  4.966 ns|     2.70 ns|
    +--------+----------+----------+------------+

+ Latency: 
    * Summary: 
    +---------+---------+----------+----------+--------+--------+---------+
    |  Latency (cycles) |  Latency (absolute) |     Interval    | Pipeline|
    |   min   |   max   |    min   |    max   |   min  |   max  |   Type  |
    +---------+---------+----------+----------+--------+--------+---------+
    |   156252|   156252|  1.563 ms|  1.563 ms|  156252|  156252|       no|
    +---------+---------+----------+----------+--------+--------+---------+

    + Detail: 
        * Instance: 
        N/A

        * Loop: 
        +----------------+---------+---------+----------+-----------+-----------+--------+----------+
        |                |  Latency (cycles) | Iteration|  Initiation Interval  |  Trip  |          |
        |    Loop Name   |   min   |   max   |  Latency |  achieved |   target  |  Count | Pipelined|
        +----------------+---------+---------+----------+-----------+-----------+--------+----------+
        |- input_bucket  |   156250|   156250|         2|          1|          1|  156250|       yes|
        +----------------+---------+---------+----------+-----------+-----------+--------+----------+

============================================================
+ Verbose Summary: Synthesis Manager
============================================================
InlineROM: 1
ExposeGlobal: 0
============================================================
+ Verbose Summary: CDFG Model
============================================================
IsTopModel: 0
ResetActiveHigh: 1
IsCombinational: 0
IsDatapathOnly: 0
HasWiredReturn: 1
HasMFsm: 2
HasVarLatency: 1
IsPipeline: 0
IsRtlPipelined: 0
IsInstanceOverlapped: 0
IsDontTouch: 0
HasImplIP: 0
IsGatedGlobalClock: 0

+ Individual pipeline summary: 
  * Pipeline-0: initiation interval (II) = 1, depth = 2


============================================================
+ Verbose Summary: Schedule
============================================================
* Number of FSM states : 2
* Pipeline : 1
  Pipeline-0 : II = 1, D = 2, States = { 1 2 }
* Dataflow Pipeline: 0

* FSM state transitions: 
1 --> 2 
2 --> 

* FSM state operations: 

State 1 <SV = 0> <Delay = 2.05>
ST_1 : Operation 5 [1/1] (0.00ns)   --->   "%reuse_addr_reg = alloca i32 1"   --->   Operation 5 'alloca' 'reuse_addr_reg' <Predicate = true> <Delay = 0.00>
ST_1 : Operation 6 [1/1] (0.00ns)   --->   "%reuse_reg = alloca i32 1"   --->   Operation 6 'alloca' 'reuse_reg' <Predicate = true> <Delay = 0.00>
ST_1 : Operation 7 [1/1] (0.00ns)   --->   "%j_6 = alloca i32 1"   --->   Operation 7 'alloca' 'j_6' <Predicate = true> <Delay = 0.00>
ST_1 : Operation 8 [1/1] (0.00ns)   --->   "%mul_ln43_read = read i19 @_ssdm_op_Read.ap_auto.i19, i19 %mul_ln43"   --->   Operation 8 'read' 'mul_ln43_read' <Predicate = true> <Delay = 0.00>
ST_1 : Operation 9 [1/1] (0.00ns)   --->   "%zext_ln27_read = read i5 @_ssdm_op_Read.ap_auto.i5, i5 %zext_ln27"   --->   Operation 9 'read' 'zext_ln27_read' <Predicate = true> <Delay = 0.00>
ST_1 : Operation 10 [1/1] (0.00ns)   --->   "%mul_ln41_read = read i19 @_ssdm_op_Read.ap_auto.i19, i19 %mul_ln41"   --->   Operation 10 'read' 'mul_ln41_read' <Predicate = true> <Delay = 0.00>
ST_1 : Operation 11 [1/1] (0.00ns)   --->   "%bucket_pointer_53_reload_read = read i32 @_ssdm_op_Read.ap_auto.i32, i32 %bucket_pointer_53_reload"   --->   Operation 11 'read' 'bucket_pointer_53_reload_read' <Predicate = true> <Delay = 0.00>
ST_1 : Operation 12 [1/1] (0.00ns)   --->   "%bucket_pointer_54_reload_read = read i32 @_ssdm_op_Read.ap_auto.i32, i32 %bucket_pointer_54_reload"   --->   Operation 12 'read' 'bucket_pointer_54_reload_read' <Predicate = true> <Delay = 0.00>
ST_1 : Operation 13 [1/1] (0.00ns)   --->   "%bucket_sizes_82_reload_read = read i32 @_ssdm_op_Read.ap_auto.i32, i32 %bucket_sizes_82_reload"   --->   Operation 13 'read' 'bucket_sizes_82_reload_read' <Predicate = true> <Delay = 0.00>
ST_1 : Operation 14 [1/1] (0.00ns)   --->   "%bucket_sizes_83_reload_read = read i32 @_ssdm_op_Read.ap_auto.i32, i32 %bucket_sizes_83_reload"   --->   Operation 14 'read' 'bucket_sizes_83_reload_read' <Predicate = true> <Delay = 0.00>
ST_1 : Operation 15 [1/1] (0.00ns)   --->   "%zext_ln27_cast = zext i5 %zext_ln27_read"   --->   Operation 15 'zext' 'zext_ln27_cast' <Predicate = true> <Delay = 0.00>
ST_1 : Operation 16 [1/1] (0.38ns)   --->   "%store_ln0 = store i32 %bucket_sizes_83_reload_read, i32 %bucket_sizes_87_out"   --->   Operation 16 'store' 'store_ln0' <Predicate = true> <Delay = 0.38>
ST_1 : Operation 17 [1/1] (0.38ns)   --->   "%store_ln0 = store i32 %bucket_sizes_82_reload_read, i32 %bucket_sizes_86_out"   --->   Operation 17 'store' 'store_ln0' <Predicate = true> <Delay = 0.38>
ST_1 : Operation 18 [1/1] (0.38ns)   --->   "%store_ln0 = store i32 %bucket_pointer_54_reload_read, i32 %bucket_pointer_56_out"   --->   Operation 18 'store' 'store_ln0' <Predicate = true> <Delay = 0.38>
ST_1 : Operation 19 [1/1] (0.38ns)   --->   "%store_ln0 = store i32 %bucket_pointer_53_reload_read, i32 %bucket_pointer_55_out"   --->   Operation 19 'store' 'store_ln0' <Predicate = true> <Delay = 0.38>
ST_1 : Operation 20 [1/1] (0.38ns)   --->   "%store_ln0 = store i18 0, i18 %j_6"   --->   Operation 20 'store' 'store_ln0' <Predicate = true> <Delay = 0.38>
ST_1 : Operation 21 [1/1] (0.38ns)   --->   "%store_ln0 = store i32 0, i32 %reuse_reg"   --->   Operation 21 'store' 'store_ln0' <Predicate = true> <Delay = 0.38>
ST_1 : Operation 22 [1/1] (0.38ns)   --->   "%store_ln0 = store i64 18446744073709551615, i64 %reuse_addr_reg"   --->   Operation 22 'store' 'store_ln0' <Predicate = true> <Delay = 0.38>
ST_1 : Operation 23 [1/1] (0.00ns)   --->   "%br_ln0 = br void %for.inc61.i"   --->   Operation 23 'br' 'br_ln0' <Predicate = true> <Delay = 0.00>
ST_1 : Operation 24 [1/1] (0.00ns)   --->   "%j = load i18 %j_6" [sort_seperate_bucket/multi_radix_bin_kmerge.c:40]   --->   Operation 24 'load' 'j' <Predicate = true> <Delay = 0.00>
ST_1 : Operation 25 [1/1] (0.00ns)   --->   "%specpipeline_ln0 = specpipeline void @_ssdm_op_SpecPipeline, i32 4294967295, i32 0, i32 1, i32 0, void @p_str"   --->   Operation 25 'specpipeline' 'specpipeline_ln0' <Predicate = true> <Delay = 0.00>
ST_1 : Operation 26 [1/1] (0.69ns)   --->   "%icmp_ln40 = icmp_eq  i18 %j, i18 156250" [sort_seperate_bucket/multi_radix_bin_kmerge.c:40]   --->   Operation 26 'icmp' 'icmp_ln40' <Predicate = true> <Delay = 0.69> <CoreInst = "Cmp">   --->   Core 9 'Cmp' <Latency = 0> <II = 1> <Delay = 0.69> <FuncUnit> <Opcode : 'icmp'> <InPorts = 2> <OutPorts = 1>
ST_1 : Operation 27 [1/1] (0.00ns)   --->   "%empty = speclooptripcount i32 @_ssdm_op_SpecLoopTripCount, i64 156250, i64 156250, i64 156250"   --->   Operation 27 'speclooptripcount' 'empty' <Predicate = true> <Delay = 0.00>
ST_1 : Operation 28 [1/1] (0.79ns)   --->   "%add_ln40 = add i18 %j, i18 1" [sort_seperate_bucket/multi_radix_bin_kmerge.c:40]   --->   Operation 28 'add' 'add_ln40' <Predicate = true> <Delay = 0.79> <CoreInst = "Adder">   --->   Core 1 'Adder' <Latency = 0> <II = 1> <Delay = 0.79> <FuncUnit> <Opcode : 'add' 'sub'> <InPorts = 2> <OutPorts = 1>
ST_1 : Operation 29 [1/1] (0.00ns)   --->   "%br_ln40 = br i1 %icmp_ln40, void %for.inc61.split.i, void %xlx_merge_loop.bucket_pointer_initialization.60_end.exitStub" [sort_seperate_bucket/multi_radix_bin_kmerge.c:40]   --->   Operation 29 'br' 'br_ln40' <Predicate = true> <Delay = 0.00>
ST_1 : Operation 30 [1/1] (0.00ns)   --->   "%zext_ln41 = zext i18 %j" [sort_seperate_bucket/multi_radix_bin_kmerge.c:41]   --->   Operation 30 'zext' 'zext_ln41' <Predicate = (!icmp_ln40)> <Delay = 0.00>
ST_1 : Operation 31 [1/1] (0.80ns)   --->   "%add_ln41 = add i19 %mul_ln41_read, i19 %zext_ln41" [sort_seperate_bucket/multi_radix_bin_kmerge.c:41]   --->   Operation 31 'add' 'add_ln41' <Predicate = (!icmp_ln40)> <Delay = 0.80> <CoreInst = "Adder">   --->   Core 1 'Adder' <Latency = 0> <II = 1> <Delay = 0.80> <FuncUnit> <Opcode : 'add' 'sub'> <InPorts = 2> <OutPorts = 1>
ST_1 : Operation 32 [1/1] (0.00ns)   --->   "%zext_ln41_6 = zext i19 %add_ln41" [sort_seperate_bucket/multi_radix_bin_kmerge.c:41]   --->   Operation 32 'zext' 'zext_ln41_6' <Predicate = (!icmp_ln40)> <Delay = 0.00>
ST_1 : Operation 33 [1/1] (0.00ns)   --->   "%bucket_addr = getelementptr i32 %bucket, i64 0, i64 %zext_ln41_6" [sort_seperate_bucket/multi_radix_bin_kmerge.c:41]   --->   Operation 33 'getelementptr' 'bucket_addr' <Predicate = (!icmp_ln40)> <Delay = 0.00>
ST_1 : Operation 34 [2/2] (1.24ns)   --->   "%bucket_load = load i19 %bucket_addr" [sort_seperate_bucket/multi_radix_bin_kmerge.c:41]   --->   Operation 34 'load' 'bucket_load' <Predicate = (!icmp_ln40)> <Delay = 1.24> <CoreInst = "RAM">   --->   Core 83 'RAM' <Latency = 1> <II = 1> <Delay = 1.24> <Storage> <Opcode : 'load' 'store'> <Ports = 2> <Width = 32> <Depth = 312500> <RAM>
ST_1 : Operation 35 [1/1] (0.38ns)   --->   "%store_ln40 = store i18 %add_ln40, i18 %j_6" [sort_seperate_bucket/multi_radix_bin_kmerge.c:40]   --->   Operation 35 'store' 'store_ln40' <Predicate = (!icmp_ln40)> <Delay = 0.38>
ST_1 : Operation 69 [1/1] (0.00ns)   --->   "%ret_ln0 = ret"   --->   Operation 69 'ret' 'ret_ln0' <Predicate = (icmp_ln40)> <Delay = 0.00>

State 2 <SV = 1> <Delay = 4.96>
ST_2 : Operation 36 [1/1] (0.00ns)   --->   "%bucket_pointer_55_out_load = load i32 %bucket_pointer_55_out" [sort_seperate_bucket/multi_radix_bin_kmerge.c:44]   --->   Operation 36 'load' 'bucket_pointer_55_out_load' <Predicate = true> <Delay = 0.00>
ST_2 : Operation 37 [1/1] (0.00ns)   --->   "%bucket_pointer_56_out_load = load i32 %bucket_pointer_56_out" [sort_seperate_bucket/multi_radix_bin_kmerge.c:44]   --->   Operation 37 'load' 'bucket_pointer_56_out_load' <Predicate = true> <Delay = 0.00>
ST_2 : Operation 38 [1/1] (0.00ns)   --->   "%bucket_sizes_86_out_load = load i32 %bucket_sizes_86_out" [sort_seperate_bucket/multi_radix_bin_kmerge.c:47]   --->   Operation 38 'load' 'bucket_sizes_86_out_load' <Predicate = true> <Delay = 0.00>
ST_2 : Operation 39 [1/1] (0.00ns)   --->   "%bucket_sizes_87_out_load = load i32 %bucket_sizes_87_out" [sort_seperate_bucket/multi_radix_bin_kmerge.c:47]   --->   Operation 39 'load' 'bucket_sizes_87_out_load' <Predicate = true> <Delay = 0.00>
ST_2 : Operation 40 [1/1] (0.00ns)   --->   "%specloopname_ln11 = specloopname void @_ssdm_op_SpecLoopName, void @empty_60" [sort_seperate_bucket/multi_radix_bin_kmerge.c:11]   --->   Operation 40 'specloopname' 'specloopname_ln11' <Predicate = true> <Delay = 0.00>
ST_2 : Operation 41 [1/1] (0.00ns)   --->   "%reuse_reg_load = load i32 %reuse_reg"   --->   Operation 41 'load' 'reuse_reg_load' <Predicate = true> <Delay = 0.00>
ST_2 : Operation 42 [1/1] (0.00ns)   --->   "%reuse_addr_reg_load = load i64 %reuse_addr_reg"   --->   Operation 42 'load' 'reuse_addr_reg_load' <Predicate = true> <Delay = 0.00>
ST_2 : Operation 43 [1/2] (1.24ns)   --->   "%bucket_load = load i19 %bucket_addr" [sort_seperate_bucket/multi_radix_bin_kmerge.c:41]   --->   Operation 43 'load' 'bucket_load' <Predicate = true> <Delay = 1.24> <CoreInst = "RAM">   --->   Core 83 'RAM' <Latency = 1> <II = 1> <Delay = 1.24> <Storage> <Opcode : 'load' 'store'> <Ports = 2> <Width = 32> <Depth = 312500> <RAM>
ST_2 : Operation 44 [1/1] (1.06ns)   --->   "%addr_cmp = icmp_eq  i64 %reuse_addr_reg_load, i64 %zext_ln41_6" [sort_seperate_bucket/multi_radix_bin_kmerge.c:41]   --->   Operation 44 'icmp' 'addr_cmp' <Predicate = true> <Delay = 1.06> <CoreInst = "Cmp">   --->   Core 9 'Cmp' <Latency = 0> <II = 1> <Delay = 1.06> <FuncUnit> <Opcode : 'icmp'> <InPorts = 2> <OutPorts = 1>
ST_2 : Operation 45 [1/1] (0.22ns)   --->   "%reuse_select = select i1 %addr_cmp, i32 %reuse_reg_load, i32 %bucket_load" [sort_seperate_bucket/multi_radix_bin_kmerge.c:41]   --->   Operation 45 'select' 'reuse_select' <Predicate = true> <Delay = 0.22> <CoreInst = "Sel">   --->   Core 73 'Sel' <Latency = 0> <II = 1> <Delay = 0.22> <FuncUnit> <Opcode : 'select'> <InPorts = 3> <OutPorts = 1>
ST_2 : Operation 46 [1/1] (1.05ns)   --->   "%shifted = ashr i32 %reuse_select, i32 %zext_ln27_cast" [sort_seperate_bucket/multi_radix_bin_kmerge.c:41]   --->   Operation 46 'ashr' 'shifted' <Predicate = true> <Delay = 1.05> <CoreInst = "Shifter">   --->   Core 75 'Shifter' <Latency = 0> <II = 1> <Delay = 1.05> <FuncUnit> <Opcode : 'shl' 'lshr' 'ashr'> <InPorts = 2> <OutPorts = 1>
ST_2 : Operation 47 [1/1] (0.00ns)   --->   "%trunc_ln43 = trunc i32 %shifted" [sort_seperate_bucket/multi_radix_bin_kmerge.c:43]   --->   Operation 47 'trunc' 'trunc_ln43' <Predicate = true> <Delay = 0.00>
ST_2 : Operation 48 [1/1] (0.38ns)   --->   "%tmp_5_i = mux i32 @_ssdm_op_Mux.ap_auto.2i32.i1, i32 %bucket_pointer_55_out_load, i32 %bucket_pointer_56_out_load, i1 %trunc_ln43" [sort_seperate_bucket/multi_radix_bin_kmerge.c:43]   --->   Operation 48 'mux' 'tmp_5_i' <Predicate = true> <Delay = 0.38> <CoreInst = "Multiplexer">   --->   Core 76 'Multiplexer' <Latency = 0> <II = 1> <Delay = 0.38> <FuncUnit> <Opcode : 'mux'> <InPorts = 2> <OutPorts = 1>
ST_2 : Operation 49 [1/1] (0.00ns)   --->   "%trunc_ln43_6 = trunc i32 %tmp_5_i" [sort_seperate_bucket/multi_radix_bin_kmerge.c:43]   --->   Operation 49 'trunc' 'trunc_ln43_6' <Predicate = true> <Delay = 0.00>
ST_2 : Operation 50 [1/1] (0.80ns)   --->   "%add_ln43 = add i19 %mul_ln43_read, i19 %trunc_ln43_6" [sort_seperate_bucket/multi_radix_bin_kmerge.c:43]   --->   Operation 50 'add' 'add_ln43' <Predicate = true> <Delay = 0.80> <CoreInst = "Adder">   --->   Core 1 'Adder' <Latency = 0> <II = 1> <Delay = 0.80> <FuncUnit> <Opcode : 'add' 'sub'> <InPorts = 2> <OutPorts = 1>
ST_2 : Operation 51 [1/1] (0.00ns)   --->   "%zext_ln43 = zext i19 %add_ln43" [sort_seperate_bucket/multi_radix_bin_kmerge.c:43]   --->   Operation 51 'zext' 'zext_ln43' <Predicate = true> <Delay = 0.00>
ST_2 : Operation 52 [1/1] (0.00ns)   --->   "%bucket_addr_6 = getelementptr i32 %bucket, i64 0, i64 %zext_ln43" [sort_seperate_bucket/multi_radix_bin_kmerge.c:43]   --->   Operation 52 'getelementptr' 'bucket_addr_6' <Predicate = true> <Delay = 0.00>
ST_2 : Operation 53 [1/1] (1.24ns)   --->   "%store_ln43 = store i32 %reuse_select, i19 %bucket_addr_6" [sort_seperate_bucket/multi_radix_bin_kmerge.c:43]   --->   Operation 53 'store' 'store_ln43' <Predicate = true> <Delay = 1.24> <CoreInst = "RAM">   --->   Core 83 'RAM' <Latency = 1> <II = 1> <Delay = 1.24> <Storage> <Opcode : 'load' 'store'> <Ports = 2> <Width = 32> <Depth = 312500> <RAM>
ST_2 : Operation 54 [1/1] (0.38ns)   --->   "%store_ln41 = store i32 %reuse_select, i32 %reuse_reg" [sort_seperate_bucket/multi_radix_bin_kmerge.c:41]   --->   Operation 54 'store' 'store_ln41' <Predicate = true> <Delay = 0.38>
ST_2 : Operation 55 [1/1] (0.38ns)   --->   "%store_ln43 = store i64 %zext_ln43, i64 %reuse_addr_reg" [sort_seperate_bucket/multi_radix_bin_kmerge.c:43]   --->   Operation 55 'store' 'store_ln43' <Predicate = true> <Delay = 0.38>
ST_2 : Operation 56 [1/1] (0.88ns)   --->   "%bucket_pointer = add i32 %tmp_5_i, i32 1" [sort_seperate_bucket/multi_radix_bin_kmerge.c:44]   --->   Operation 56 'add' 'bucket_pointer' <Predicate = true> <Delay = 0.88> <CoreInst = "Adder">   --->   Core 1 'Adder' <Latency = 0> <II = 1> <Delay = 0.88> <FuncUnit> <Opcode : 'add' 'sub'> <InPorts = 2> <OutPorts = 1>
ST_2 : Operation 57 [1/1] (0.22ns)   --->   "%bucket_pointer_25 = select i1 %trunc_ln43, i32 %bucket_pointer, i32 %bucket_pointer_56_out_load" [sort_seperate_bucket/multi_radix_bin_kmerge.c:44]   --->   Operation 57 'select' 'bucket_pointer_25' <Predicate = true> <Delay = 0.22> <CoreInst = "Sel">   --->   Core 73 'Sel' <Latency = 0> <II = 1> <Delay = 0.22> <FuncUnit> <Opcode : 'select'> <InPorts = 3> <OutPorts = 1>
ST_2 : Operation 58 [1/1] (0.22ns)   --->   "%bucket_pointer_26 = select i1 %trunc_ln43, i32 %bucket_pointer_55_out_load, i32 %bucket_pointer" [sort_seperate_bucket/multi_radix_bin_kmerge.c:44]   --->   Operation 58 'select' 'bucket_pointer_26' <Predicate = true> <Delay = 0.22> <CoreInst = "Sel">   --->   Core 73 'Sel' <Latency = 0> <II = 1> <Delay = 0.22> <FuncUnit> <Opcode : 'select'> <InPorts = 3> <OutPorts = 1>
ST_2 : Operation 59 [1/1] (0.00ns)   --->   "%tmp = bitselect i1 @_ssdm_op_BitSelect.i1.i32.i32, i32 %shifted, i32 1" [sort_seperate_bucket/multi_radix_bin_kmerge.c:47]   --->   Operation 59 'bitselect' 'tmp' <Predicate = true> <Delay = 0.00>
ST_2 : Operation 60 [1/1] (0.38ns)   --->   "%tmp_6_i = mux i32 @_ssdm_op_Mux.ap_auto.2i32.i1, i32 %bucket_sizes_86_out_load, i32 %bucket_sizes_87_out_load, i1 %tmp" [sort_seperate_bucket/multi_radix_bin_kmerge.c:47]   --->   Operation 60 'mux' 'tmp_6_i' <Predicate = true> <Delay = 0.38> <CoreInst = "Multiplexer">   --->   Core 76 'Multiplexer' <Latency = 0> <II = 1> <Delay = 0.38> <FuncUnit> <Opcode : 'mux'> <InPorts = 2> <OutPorts = 1>
ST_2 : Operation 61 [1/1] (0.88ns)   --->   "%bucket_sizes = add i32 %tmp_6_i, i32 1" [sort_seperate_bucket/multi_radix_bin_kmerge.c:47]   --->   Operation 61 'add' 'bucket_sizes' <Predicate = true> <Delay = 0.88> <CoreInst = "Adder">   --->   Core 1 'Adder' <Latency = 0> <II = 1> <Delay = 0.88> <FuncUnit> <Opcode : 'add' 'sub'> <InPorts = 2> <OutPorts = 1>
ST_2 : Operation 62 [1/1] (0.22ns)   --->   "%bucket_sizes_42 = select i1 %tmp, i32 %bucket_sizes, i32 %bucket_sizes_87_out_load" [sort_seperate_bucket/multi_radix_bin_kmerge.c:47]   --->   Operation 62 'select' 'bucket_sizes_42' <Predicate = true> <Delay = 0.22> <CoreInst = "Sel">   --->   Core 73 'Sel' <Latency = 0> <II = 1> <Delay = 0.22> <FuncUnit> <Opcode : 'select'> <InPorts = 3> <OutPorts = 1>
ST_2 : Operation 63 [1/1] (0.22ns)   --->   "%bucket_sizes_43 = select i1 %tmp, i32 %bucket_sizes_86_out_load, i32 %bucket_sizes" [sort_seperate_bucket/multi_radix_bin_kmerge.c:47]   --->   Operation 63 'select' 'bucket_sizes_43' <Predicate = true> <Delay = 0.22> <CoreInst = "Sel">   --->   Core 73 'Sel' <Latency = 0> <II = 1> <Delay = 0.22> <FuncUnit> <Opcode : 'select'> <InPorts = 3> <OutPorts = 1>
ST_2 : Operation 64 [1/1] (0.38ns)   --->   "%store_ln40 = store i32 %bucket_sizes_42, i32 %bucket_sizes_87_out" [sort_seperate_bucket/multi_radix_bin_kmerge.c:40]   --->   Operation 64 'store' 'store_ln40' <Predicate = true> <Delay = 0.38>
ST_2 : Operation 65 [1/1] (0.38ns)   --->   "%store_ln40 = store i32 %bucket_sizes_43, i32 %bucket_sizes_86_out" [sort_seperate_bucket/multi_radix_bin_kmerge.c:40]   --->   Operation 65 'store' 'store_ln40' <Predicate = true> <Delay = 0.38>
ST_2 : Operation 66 [1/1] (0.38ns)   --->   "%store_ln40 = store i32 %bucket_pointer_25, i32 %bucket_pointer_56_out" [sort_seperate_bucket/multi_radix_bin_kmerge.c:40]   --->   Operation 66 'store' 'store_ln40' <Predicate = true> <Delay = 0.38>
ST_2 : Operation 67 [1/1] (0.38ns)   --->   "%store_ln40 = store i32 %bucket_pointer_26, i32 %bucket_pointer_55_out" [sort_seperate_bucket/multi_radix_bin_kmerge.c:40]   --->   Operation 67 'store' 'store_ln40' <Predicate = true> <Delay = 0.38>
ST_2 : Operation 68 [1/1] (0.00ns)   --->   "%br_ln40 = br void %for.inc61.i" [sort_seperate_bucket/multi_radix_bin_kmerge.c:40]   --->   Operation 68 'br' 'br_ln40' <Predicate = true> <Delay = 0.00>


============================================================
+ Verbose Summary: Binding
============================================================
STG Binding: 
---------------- STG Properties BEGIN ----------------
- Is combinational: 0
- Is one-state seq: 0
- Is datapath-only: 0
- Is pipelined: 0
- Is top level: 0
Port [ Return ] is wired: 1; IO mode=ap_ctrl_hs:ce=0
Port [ bucket_sizes_83_reload]:  wired=1; compound=0; hidden=0; nouse=0; global=0; static=0; extern=0; dir=0; type=0; pingpong=0; private_global=0; IO mode=ap_none:ce=0
Port [ bucket_sizes_82_reload]:  wired=1; compound=0; hidden=0; nouse=0; global=0; static=0; extern=0; dir=0; type=0; pingpong=0; private_global=0; IO mode=ap_none:ce=0
Port [ bucket_pointer_54_reload]:  wired=1; compound=0; hidden=0; nouse=0; global=0; static=0; extern=0; dir=0; type=0; pingpong=0; private_global=0; IO mode=ap_none:ce=0
Port [ bucket_pointer_53_reload]:  wired=1; compound=0; hidden=0; nouse=0; global=0; static=0; extern=0; dir=0; type=0; pingpong=0; private_global=0; IO mode=ap_none:ce=0
Port [ mul_ln41]:  wired=1; compound=0; hidden=0; nouse=0; global=0; static=0; extern=0; dir=0; type=0; pingpong=0; private_global=0; IO mode=ap_none:ce=0
Port [ bucket]:  wired=1; compound=1; hidden=0; nouse=0; global=0; static=0; extern=0; dir=2; type=1; pingpong=0; private_global=0; MemPort=[01]; IO mode=ap_memory:ce=0
Port [ zext_ln27]:  wired=1; compound=0; hidden=0; nouse=0; global=0; static=0; extern=0; dir=0; type=0; pingpong=0; private_global=0; IO mode=ap_none:ce=0
Port [ mul_ln43]:  wired=1; compound=0; hidden=0; nouse=0; global=0; static=0; extern=0; dir=0; type=0; pingpong=0; private_global=0; IO mode=ap_none:ce=0
Port [ bucket_sizes_87_out]:  wired=1; compound=0; hidden=0; nouse=0; global=0; static=0; extern=0; dir=2; type=0; pingpong=0; private_global=0; IO mode=ap_ovld:ce=0
Port [ bucket_sizes_86_out]:  wired=1; compound=0; hidden=0; nouse=0; global=0; static=0; extern=0; dir=2; type=0; pingpong=0; private_global=0; IO mode=ap_ovld:ce=0
Port [ bucket_pointer_56_out]:  wired=1; compound=0; hidden=0; nouse=0; global=0; static=0; extern=0; dir=2; type=0; pingpong=0; private_global=0; IO mode=ap_ovld:ce=0
Port [ bucket_pointer_55_out]:  wired=1; compound=0; hidden=0; nouse=0; global=0; static=0; extern=0; dir=2; type=0; pingpong=0; private_global=0; IO mode=ap_ovld:ce=0
---------------- STG Properties END ------------------

---------------- Datapath Model BEGIN ----------------

<LifeTime>
<method=bitvector/>
reuse_addr_reg                (alloca           ) [ 011]
reuse_reg                     (alloca           ) [ 011]
j_6                           (alloca           ) [ 010]
mul_ln43_read                 (read             ) [ 011]
zext_ln27_read                (read             ) [ 000]
mul_ln41_read                 (read             ) [ 000]
bucket_pointer_53_reload_read (read             ) [ 000]
bucket_pointer_54_reload_read (read             ) [ 000]
bucket_sizes_82_reload_read   (read             ) [ 000]
bucket_sizes_83_reload_read   (read             ) [ 000]
zext_ln27_cast                (zext             ) [ 011]
store_ln0                     (store            ) [ 000]
store_ln0                     (store            ) [ 000]
store_ln0                     (store            ) [ 000]
store_ln0                     (store            ) [ 000]
store_ln0                     (store            ) [ 000]
store_ln0                     (store            ) [ 000]
store_ln0                     (store            ) [ 000]
br_ln0                        (br               ) [ 000]
j                             (load             ) [ 000]
specpipeline_ln0              (specpipeline     ) [ 000]
icmp_ln40                     (icmp             ) [ 010]
empty                         (speclooptripcount) [ 000]
add_ln40                      (add              ) [ 000]
br_ln40                       (br               ) [ 000]
zext_ln41                     (zext             ) [ 000]
add_ln41                      (add              ) [ 000]
zext_ln41_6                   (zext             ) [ 011]
bucket_addr                   (getelementptr    ) [ 011]
store_ln40                    (store            ) [ 000]
bucket_pointer_55_out_load    (load             ) [ 000]
bucket_pointer_56_out_load    (load             ) [ 000]
bucket_sizes_86_out_load      (load             ) [ 000]
bucket_sizes_87_out_load      (load             ) [ 000]
specloopname_ln11             (specloopname     ) [ 000]
reuse_reg_load                (load             ) [ 000]
reuse_addr_reg_load           (load             ) [ 000]
bucket_load                   (load             ) [ 000]
addr_cmp                      (icmp             ) [ 000]
reuse_select                  (select           ) [ 000]
shifted                       (ashr             ) [ 000]
trunc_ln43                    (trunc            ) [ 000]
tmp_5_i                       (mux              ) [ 000]
trunc_ln43_6                  (trunc            ) [ 000]
add_ln43                      (add              ) [ 000]
zext_ln43                     (zext             ) [ 000]
bucket_addr_6                 (getelementptr    ) [ 000]
store_ln43                    (store            ) [ 000]
store_ln41                    (store            ) [ 000]
store_ln43                    (store            ) [ 000]
bucket_pointer                (add              ) [ 000]
bucket_pointer_25             (select           ) [ 000]
bucket_pointer_26             (select           ) [ 000]
tmp                           (bitselect        ) [ 000]
tmp_6_i                       (mux              ) [ 000]
bucket_sizes                  (add              ) [ 000]
bucket_sizes_42               (select           ) [ 000]
bucket_sizes_43               (select           ) [ 000]
store_ln40                    (store            ) [ 000]
store_ln40                    (store            ) [ 000]
store_ln40                    (store            ) [ 000]
store_ln40                    (store            ) [ 000]
br_ln40                       (br               ) [ 000]
ret_ln0                       (ret              ) [ 000]
</LifeTime>

<model>

<comp_list>
<comp id="0" class="1000" name="bucket_sizes_83_reload">
<pin_list>
<pin id="1" dir="1" index="0" bw="1" slack="0"/>
</pin_list>
<bind>
<StgValue><ssdm name="bucket_sizes_83_reload"/></StgValue>
</bind>
</comp>

<comp id="2" class="1000" name="bucket_sizes_82_reload">
<pin_list>
<pin id="3" dir="1" index="0" bw="1" slack="0"/>
</pin_list>
<bind>
<StgValue><ssdm name="bucket_sizes_82_reload"/></StgValue>
</bind>
</comp>

<comp id="4" class="1000" name="bucket_pointer_54_reload">
<pin_list>
<pin id="5" dir="1" index="0" bw="1" slack="0"/>
</pin_list>
<bind>
<StgValue><ssdm name="bucket_pointer_54_reload"/></StgValue>
</bind>
</comp>

<comp id="6" class="1000" name="bucket_pointer_53_reload">
<pin_list>
<pin id="7" dir="1" index="0" bw="1" slack="0"/>
</pin_list>
<bind>
<StgValue><ssdm name="bucket_pointer_53_reload"/></StgValue>
</bind>
</comp>

<comp id="8" class="1000" name="mul_ln41">
<pin_list>
<pin id="9" dir="1" index="0" bw="1" slack="0"/>
</pin_list>
<bind>
<StgValue><ssdm name="mul_ln41"/></StgValue>
</bind>
</comp>

<comp id="10" class="1000" name="bucket">
<pin_list>
<pin id="11" dir="1" index="0" bw="1" slack="0"/>
</pin_list>
<bind>
<StgValue><ssdm name="bucket"/><MemPortTyVec>0 1 </MemPortTyVec>
</StgValue>
</bind>
</comp>

<comp id="12" class="1000" name="zext_ln27">
<pin_list>
<pin id="13" dir="1" index="0" bw="1" slack="0"/>
</pin_list>
<bind>
<StgValue><ssdm name="zext_ln27"/></StgValue>
</bind>
</comp>

<comp id="14" class="1000" name="mul_ln43">
<pin_list>
<pin id="15" dir="1" index="0" bw="1" slack="0"/>
</pin_list>
<bind>
<StgValue><ssdm name="mul_ln43"/></StgValue>
</bind>
</comp>

<comp id="16" class="1000" name="bucket_sizes_87_out">
<pin_list>
<pin id="17" dir="1" index="0" bw="1" slack="0"/>
</pin_list>
<bind>
<StgValue><ssdm name="bucket_sizes_87_out"/></StgValue>
</bind>
</comp>

<comp id="18" class="1000" name="bucket_sizes_86_out">
<pin_list>
<pin id="19" dir="1" index="0" bw="1" slack="0"/>
</pin_list>
<bind>
<StgValue><ssdm name="bucket_sizes_86_out"/></StgValue>
</bind>
</comp>

<comp id="20" class="1000" name="bucket_pointer_56_out">
<pin_list>
<pin id="21" dir="1" index="0" bw="1" slack="0"/>
</pin_list>
<bind>
<StgValue><ssdm name="bucket_pointer_56_out"/></StgValue>
</bind>
</comp>

<comp id="22" class="1000" name="bucket_pointer_55_out">
<pin_list>
<pin id="23" dir="1" index="0" bw="1" slack="0"/>
</pin_list>
<bind>
<StgValue><ssdm name="bucket_pointer_55_out"/></StgValue>
</bind>
</comp>

<comp id="24" class="1001" name="const_24">
<pin_list>
<pin id="25" dir="1" index="0" bw="1" slack="0"/>
</pin_list>
<bind>
<StgValue><ssdm name=""/></StgValue>
</bind>
</comp>

<comp id="26" class="1001" name="const_26">
<pin_list>
<pin id="27" dir="1" index="0" bw="1" slack="0"/>
</pin_list>
<bind>
<StgValue><ssdm name="_ssdm_op_Read.ap_auto.i19"/></StgValue>
</bind>
</comp>

<comp id="28" class="1001" name="const_28">
<pin_list>
<pin id="29" dir="1" index="0" bw="1" slack="0"/>
</pin_list>
<bind>
<StgValue><ssdm name="_ssdm_op_Read.ap_auto.i5"/></StgValue>
</bind>
</comp>

<comp id="30" class="1001" name="const_30">
<pin_list>
<pin id="31" dir="1" index="0" bw="1" slack="0"/>
</pin_list>
<bind>
<StgValue><ssdm name="_ssdm_op_Read.ap_auto.i32"/></StgValue>
</bind>
</comp>

<comp id="32" class="1001" name="const_32">
<pin_list>
<pin id="33" dir="1" index="0" bw="1" slack="0"/>
</pin_list>
<bind>
<StgValue><ssdm name=""/></StgValue>
</bind>
</comp>

<comp id="34" class="1001" name="const_34">
<pin_list>
<pin id="35" dir="1" index="0" bw="1" slack="0"/>
</pin_list>
<bind>
<StgValue><ssdm name=""/></StgValue>
</bind>
</comp>

<comp id="36" class="1001" name="const_36">
<pin_list>
<pin id="37" dir="1" index="0" bw="1" slack="0"/>
</pin_list>
<bind>
<StgValue><ssdm name=""/></StgValue>
</bind>
</comp>

<comp id="38" class="1001" name="const_38">
<pin_list>
<pin id="39" dir="1" index="0" bw="1" slack="2147483647"/>
</pin_list>
<bind>
<StgValue><ssdm name="_ssdm_op_SpecPipeline"/></StgValue>
</bind>
</comp>

<comp id="40" class="1001" name="const_40">
<pin_list>
<pin id="41" dir="1" index="0" bw="1" slack="2147483647"/>
</pin_list>
<bind>
<StgValue><ssdm name=""/></StgValue>
</bind>
</comp>

<comp id="42" class="1001" name="const_42">
<pin_list>
<pin id="43" dir="1" index="0" bw="1" slack="2147483647"/>
</pin_list>
<bind>
<StgValue><ssdm name="p_str"/></StgValue>
</bind>
</comp>

<comp id="44" class="1001" name="const_44">
<pin_list>
<pin id="45" dir="1" index="0" bw="1" slack="0"/>
</pin_list>
<bind>
<StgValue><ssdm name=""/></StgValue>
</bind>
</comp>

<comp id="46" class="1001" name="const_46">
<pin_list>
<pin id="47" dir="1" index="0" bw="1" slack="2147483647"/>
</pin_list>
<bind>
<StgValue><ssdm name="_ssdm_op_SpecLoopTripCount"/></StgValue>
</bind>
</comp>

<comp id="48" class="1001" name="const_48">
<pin_list>
<pin id="49" dir="1" index="0" bw="1" slack="2147483647"/>
</pin_list>
<bind>
<StgValue><ssdm name=""/></StgValue>
</bind>
</comp>

<comp id="50" class="1001" name="const_50">
<pin_list>
<pin id="51" dir="1" index="0" bw="1" slack="0"/>
</pin_list>
<bind>
<StgValue><ssdm name=""/></StgValue>
</bind>
</comp>

<comp id="52" class="1001" name="const_52">
<pin_list>
<pin id="53" dir="1" index="0" bw="1" slack="0"/>
</pin_list>
<bind>
<StgValue><ssdm name=""/></StgValue>
</bind>
</comp>

<comp id="54" class="1001" name="const_54">
<pin_list>
<pin id="55" dir="1" index="0" bw="1" slack="2147483647"/>
</pin_list>
<bind>
<StgValue><ssdm name="_ssdm_op_SpecLoopName"/></StgValue>
</bind>
</comp>

<comp id="56" class="1001" name="const_56">
<pin_list>
<pin id="57" dir="1" index="0" bw="1" slack="2147483647"/>
</pin_list>
<bind>
<StgValue><ssdm name="empty_60"/></StgValue>
</bind>
</comp>

<comp id="58" class="1001" name="const_58">
<pin_list>
<pin id="59" dir="1" index="0" bw="1" slack="0"/>
</pin_list>
<bind>
<StgValue><ssdm name="_ssdm_op_Mux.ap_auto.2i32.i1"/></StgValue>
</bind>
</comp>

<comp id="60" class="1001" name="const_60">
<pin_list>
<pin id="61" dir="1" index="0" bw="1" slack="0"/>
</pin_list>
<bind>
<StgValue><ssdm name="_ssdm_op_BitSelect.i1.i32.i32"/></StgValue>
</bind>
</comp>

<comp id="62" class="1004" name="reuse_addr_reg_fu_62">
<pin_list>
<pin id="63" dir="0" index="0" bw="1" slack="0"/>
<pin id="64" dir="1" index="1" bw="64" slack="0"/>
</pin_list>
<bind>
<opcode="alloca(26) " fcode="alloca"/>
<opset="reuse_addr_reg/1 "/>
</bind>
</comp>

<comp id="66" class="1004" name="reuse_reg_fu_66">
<pin_list>
<pin id="67" dir="0" index="0" bw="1" slack="0"/>
<pin id="68" dir="1" index="1" bw="32" slack="0"/>
</pin_list>
<bind>
<opcode="alloca(26) " fcode="alloca"/>
<opset="reuse_reg/1 "/>
</bind>
</comp>

<comp id="70" class="1004" name="j_6_fu_70">
<pin_list>
<pin id="71" dir="0" index="0" bw="1" slack="0"/>
<pin id="72" dir="1" index="1" bw="18" slack="0"/>
</pin_list>
<bind>
<opcode="alloca(26) " fcode="alloca"/>
<opset="j_6/1 "/>
</bind>
</comp>

<comp id="74" class="1004" name="mul_ln43_read_read_fu_74">
<pin_list>
<pin id="75" dir="0" index="0" bw="19" slack="0"/>
<pin id="76" dir="0" index="1" bw="19" slack="0"/>
<pin id="77" dir="1" index="2" bw="19" slack="1"/>
</pin_list>
<bind>
<opcode="read(1150) " fcode="read"/>
<opset="mul_ln43_read/1 "/>
</bind>
</comp>

<comp id="80" class="1004" name="zext_ln27_read_read_fu_80">
<pin_list>
<pin id="81" dir="0" index="0" bw="5" slack="0"/>
<pin id="82" dir="0" index="1" bw="5" slack="0"/>
<pin id="83" dir="1" index="2" bw="5" slack="0"/>
</pin_list>
<bind>
<opcode="read(1150) " fcode="read"/>
<opset="zext_ln27_read/1 "/>
</bind>
</comp>

<comp id="86" class="1004" name="mul_ln41_read_read_fu_86">
<pin_list>
<pin id="87" dir="0" index="0" bw="19" slack="0"/>
<pin id="88" dir="0" index="1" bw="19" slack="0"/>
<pin id="89" dir="1" index="2" bw="19" slack="0"/>
</pin_list>
<bind>
<opcode="read(1150) " fcode="read"/>
<opset="mul_ln41_read/1 "/>
</bind>
</comp>

<comp id="92" class="1004" name="bucket_pointer_53_reload_read_read_fu_92">
<pin_list>
<pin id="93" dir="0" index="0" bw="32" slack="0"/>
<pin id="94" dir="0" index="1" bw="32" slack="0"/>
<pin id="95" dir="1" index="2" bw="32" slack="0"/>
</pin_list>
<bind>
<opcode="read(1150) " fcode="read"/>
<opset="bucket_pointer_53_reload_read/1 "/>
</bind>
</comp>

<comp id="98" class="1004" name="bucket_pointer_54_reload_read_read_fu_98">
<pin_list>
<pin id="99" dir="0" index="0" bw="32" slack="0"/>
<pin id="100" dir="0" index="1" bw="32" slack="0"/>
<pin id="101" dir="1" index="2" bw="32" slack="0"/>
</pin_list>
<bind>
<opcode="read(1150) " fcode="read"/>
<opset="bucket_pointer_54_reload_read/1 "/>
</bind>
</comp>

<comp id="104" class="1004" name="bucket_sizes_82_reload_read_read_fu_104">
<pin_list>
<pin id="105" dir="0" index="0" bw="32" slack="0"/>
<pin id="106" dir="0" index="1" bw="32" slack="0"/>
<pin id="107" dir="1" index="2" bw="32" slack="0"/>
</pin_list>
<bind>
<opcode="read(1150) " fcode="read"/>
<opset="bucket_sizes_82_reload_read/1 "/>
</bind>
</comp>

<comp id="110" class="1004" name="bucket_sizes_83_reload_read_read_fu_110">
<pin_list>
<pin id="111" dir="0" index="0" bw="32" slack="0"/>
<pin id="112" dir="0" index="1" bw="32" slack="0"/>
<pin id="113" dir="1" index="2" bw="32" slack="0"/>
</pin_list>
<bind>
<opcode="read(1150) " fcode="read"/>
<opset="bucket_sizes_83_reload_read/1 "/>
</bind>
</comp>

<comp id="116" class="1004" name="bucket_addr_gep_fu_116">
<pin_list>
<pin id="117" dir="0" index="0" bw="32" slack="0"/>
<pin id="118" dir="0" index="1" bw="1" slack="0"/>
<pin id="119" dir="0" index="2" bw="19" slack="0"/>
<pin id="120" dir="1" index="3" bw="19" slack="0"/>
</pin_list>
<bind>
<opcode="getelementptr(29) " fcode="getelementptr"/>
<opset="bucket_addr/1 "/>
</bind>
</comp>

<comp id="123" class="1004" name="grp_access_fu_123">
<pin_list>
<pin id="124" dir="0" index="0" bw="19" slack="0"/>
<pin id="125" dir="0" index="1" bw="32" slack="0"/>
<pin id="126" dir="0" index="2" bw="0" slack="0"/>
<pin id="128" dir="0" index="4" bw="19" slack="2147483647"/>
<pin id="129" dir="0" index="5" bw="32" slack="2147483647"/>
<pin id="130" dir="0" index="6" bw="0" slack="2147483647"/>
<pin id="127" dir="1" index="3" bw="32" slack="2147483647"/>
<pin id="131" dir="1" index="7" bw="32" slack="0"/>
</pin_list>
<bind>
<opcode="load(27) store(28) " fcode="store"/>
<opset="bucket_load/1 store_ln43/2 "/>
</bind>
</comp>

<comp id="133" class="1004" name="bucket_addr_6_gep_fu_133">
<pin_list>
<pin id="134" dir="0" index="0" bw="32" slack="0"/>
<pin id="135" dir="0" index="1" bw="1" slack="0"/>
<pin id="136" dir="0" index="2" bw="19" slack="0"/>
<pin id="137" dir="1" index="3" bw="19" slack="0"/>
</pin_list>
<bind>
<opcode="getelementptr(29) " fcode="getelementptr"/>
<opset="bucket_addr_6/2 "/>
</bind>
</comp>

<comp id="141" class="1004" name="zext_ln27_cast_fu_141">
<pin_list>
<pin id="142" dir="0" index="0" bw="5" slack="0"/>
<pin id="143" dir="1" index="1" bw="32" slack="1"/>
</pin_list>
<bind>
<opcode="zext(34) " fcode="zext"/>
<opset="zext_ln27_cast/1 "/>
</bind>
</comp>

<comp id="145" class="1004" name="store_ln0_store_fu_145">
<pin_list>
<pin id="146" dir="0" index="0" bw="32" slack="0"/>
<pin id="147" dir="0" index="1" bw="32" slack="0"/>
<pin id="148" dir="1" index="2" bw="0" slack="2147483647"/>
</pin_list>
<bind>
<opcode="store(28) " fcode="store"/>
<opset="store_ln0/1 "/>
</bind>
</comp>

<comp id="151" class="1004" name="store_ln0_store_fu_151">
<pin_list>
<pin id="152" dir="0" index="0" bw="32" slack="0"/>
<pin id="153" dir="0" index="1" bw="32" slack="0"/>
<pin id="154" dir="1" index="2" bw="0" slack="2147483647"/>
</pin_list>
<bind>
<opcode="store(28) " fcode="store"/>
<opset="store_ln0/1 "/>
</bind>
</comp>

<comp id="157" class="1004" name="store_ln0_store_fu_157">
<pin_list>
<pin id="158" dir="0" index="0" bw="32" slack="0"/>
<pin id="159" dir="0" index="1" bw="32" slack="0"/>
<pin id="160" dir="1" index="2" bw="0" slack="2147483647"/>
</pin_list>
<bind>
<opcode="store(28) " fcode="store"/>
<opset="store_ln0/1 "/>
</bind>
</comp>

<comp id="163" class="1004" name="store_ln0_store_fu_163">
<pin_list>
<pin id="164" dir="0" index="0" bw="32" slack="0"/>
<pin id="165" dir="0" index="1" bw="32" slack="0"/>
<pin id="166" dir="1" index="2" bw="0" slack="2147483647"/>
</pin_list>
<bind>
<opcode="store(28) " fcode="store"/>
<opset="store_ln0/1 "/>
</bind>
</comp>

<comp id="169" class="1004" name="store_ln0_store_fu_169">
<pin_list>
<pin id="170" dir="0" index="0" bw="1" slack="0"/>
<pin id="171" dir="0" index="1" bw="18" slack="0"/>
<pin id="172" dir="1" index="2" bw="0" slack="2147483647"/>
</pin_list>
<bind>
<opcode="store(28) " fcode="store"/>
<opset="store_ln0/1 "/>
</bind>
</comp>

<comp id="174" class="1004" name="store_ln0_store_fu_174">
<pin_list>
<pin id="175" dir="0" index="0" bw="1" slack="0"/>
<pin id="176" dir="0" index="1" bw="32" slack="0"/>
<pin id="177" dir="1" index="2" bw="0" slack="2147483647"/>
</pin_list>
<bind>
<opcode="store(28) " fcode="store"/>
<opset="store_ln0/1 "/>
</bind>
</comp>

<comp id="179" class="1004" name="store_ln0_store_fu_179">
<pin_list>
<pin id="180" dir="0" index="0" bw="1" slack="0"/>
<pin id="181" dir="0" index="1" bw="64" slack="0"/>
<pin id="182" dir="1" index="2" bw="0" slack="2147483647"/>
</pin_list>
<bind>
<opcode="store(28) " fcode="store"/>
<opset="store_ln0/1 "/>
</bind>
</comp>

<comp id="184" class="1004" name="j_load_fu_184">
<pin_list>
<pin id="185" dir="0" index="0" bw="18" slack="0"/>
<pin id="186" dir="1" index="1" bw="18" slack="0"/>
</pin_list>
<bind>
<opcode="load(27) " fcode="load"/>
<opset="j/1 "/>
</bind>
</comp>

<comp id="187" class="1004" name="icmp_ln40_fu_187">
<pin_list>
<pin id="188" dir="0" index="0" bw="18" slack="0"/>
<pin id="189" dir="0" index="1" bw="18" slack="0"/>
<pin id="190" dir="1" index="2" bw="1" slack="2147483647"/>
</pin_list>
<bind>
<opcode="icmp(45) " fcode="icmp"/>
<opset="icmp_ln40/1 "/>
</bind>
</comp>

<comp id="193" class="1004" name="add_ln40_fu_193">
<pin_list>
<pin id="194" dir="0" index="0" bw="18" slack="0"/>
<pin id="195" dir="0" index="1" bw="1" slack="0"/>
<pin id="196" dir="1" index="2" bw="18" slack="0"/>
</pin_list>
<bind>
<opcode="add(8) " fcode="add"/>
<opset="add_ln40/1 "/>
</bind>
</comp>

<comp id="199" class="1004" name="zext_ln41_fu_199">
<pin_list>
<pin id="200" dir="0" index="0" bw="18" slack="0"/>
<pin id="201" dir="1" index="1" bw="19" slack="0"/>
</pin_list>
<bind>
<opcode="zext(34) " fcode="zext"/>
<opset="zext_ln41/1 "/>
</bind>
</comp>

<comp id="203" class="1004" name="add_ln41_fu_203">
<pin_list>
<pin id="204" dir="0" index="0" bw="19" slack="0"/>
<pin id="205" dir="0" index="1" bw="18" slack="0"/>
<pin id="206" dir="1" index="2" bw="19" slack="0"/>
</pin_list>
<bind>
<opcode="add(8) " fcode="add"/>
<opset="add_ln41/1 "/>
</bind>
</comp>

<comp id="209" class="1004" name="zext_ln41_6_fu_209">
<pin_list>
<pin id="210" dir="0" index="0" bw="19" slack="0"/>
<pin id="211" dir="1" index="1" bw="64" slack="0"/>
</pin_list>
<bind>
<opcode="zext(34) " fcode="zext"/>
<opset="zext_ln41_6/1 "/>
</bind>
</comp>

<comp id="214" class="1004" name="store_ln40_store_fu_214">
<pin_list>
<pin id="215" dir="0" index="0" bw="18" slack="0"/>
<pin id="216" dir="0" index="1" bw="18" slack="0"/>
<pin id="217" dir="1" index="2" bw="0" slack="2147483647"/>
</pin_list>
<bind>
<opcode="store(28) " fcode="store"/>
<opset="store_ln40/1 "/>
</bind>
</comp>

<comp id="219" class="1004" name="bucket_pointer_55_out_load_load_fu_219">
<pin_list>
<pin id="220" dir="0" index="0" bw="32" slack="0"/>
<pin id="221" dir="1" index="1" bw="32" slack="0"/>
</pin_list>
<bind>
<opcode="load(27) " fcode="load"/>
<opset="bucket_pointer_55_out_load/2 "/>
</bind>
</comp>

<comp id="223" class="1004" name="bucket_pointer_56_out_load_load_fu_223">
<pin_list>
<pin id="224" dir="0" index="0" bw="32" slack="0"/>
<pin id="225" dir="1" index="1" bw="32" slack="0"/>
</pin_list>
<bind>
<opcode="load(27) " fcode="load"/>
<opset="bucket_pointer_56_out_load/2 "/>
</bind>
</comp>

<comp id="227" class="1004" name="bucket_sizes_86_out_load_load_fu_227">
<pin_list>
<pin id="228" dir="0" index="0" bw="32" slack="0"/>
<pin id="229" dir="1" index="1" bw="32" slack="0"/>
</pin_list>
<bind>
<opcode="load(27) " fcode="load"/>
<opset="bucket_sizes_86_out_load/2 "/>
</bind>
</comp>

<comp id="231" class="1004" name="bucket_sizes_87_out_load_load_fu_231">
<pin_list>
<pin id="232" dir="0" index="0" bw="32" slack="0"/>
<pin id="233" dir="1" index="1" bw="32" slack="0"/>
</pin_list>
<bind>
<opcode="load(27) " fcode="load"/>
<opset="bucket_sizes_87_out_load/2 "/>
</bind>
</comp>

<comp id="235" class="1004" name="reuse_reg_load_load_fu_235">
<pin_list>
<pin id="236" dir="0" index="0" bw="32" slack="1"/>
<pin id="237" dir="1" index="1" bw="32" slack="0"/>
</pin_list>
<bind>
<opcode="load(27) " fcode="load"/>
<opset="reuse_reg_load/2 "/>
</bind>
</comp>

<comp id="238" class="1004" name="reuse_addr_reg_load_load_fu_238">
<pin_list>
<pin id="239" dir="0" index="0" bw="64" slack="1"/>
<pin id="240" dir="1" index="1" bw="64" slack="0"/>
</pin_list>
<bind>
<opcode="load(27) " fcode="load"/>
<opset="reuse_addr_reg_load/2 "/>
</bind>
</comp>

<comp id="241" class="1004" name="addr_cmp_fu_241">
<pin_list>
<pin id="242" dir="0" index="0" bw="64" slack="0"/>
<pin id="243" dir="0" index="1" bw="19" slack="1"/>
<pin id="244" dir="1" index="2" bw="1" slack="0"/>
</pin_list>
<bind>
<opcode="icmp(45) " fcode="icmp"/>
<opset="addr_cmp/2 "/>
</bind>
</comp>

<comp id="246" class="1004" name="reuse_select_fu_246">
<pin_list>
<pin id="247" dir="0" index="0" bw="1" slack="0"/>
<pin id="248" dir="0" index="1" bw="32" slack="0"/>
<pin id="249" dir="0" index="2" bw="32" slack="0"/>
<pin id="250" dir="1" index="3" bw="32" slack="0"/>
</pin_list>
<bind>
<opcode="select(49) " fcode="select"/>
<opset="reuse_select/2 "/>
</bind>
</comp>

<comp id="255" class="1004" name="shifted_fu_255">
<pin_list>
<pin id="256" dir="0" index="0" bw="32" slack="0"/>
<pin id="257" dir="0" index="1" bw="5" slack="1"/>
<pin id="258" dir="1" index="2" bw="32" slack="0"/>
</pin_list>
<bind>
<opcode="ashr(22) " fcode="ashr"/>
<opset="shifted/2 "/>
</bind>
</comp>

<comp id="260" class="1004" name="trunc_ln43_fu_260">
<pin_list>
<pin id="261" dir="0" index="0" bw="32" slack="0"/>
<pin id="262" dir="1" index="1" bw="1" slack="0"/>
</pin_list>
<bind>
<opcode="trunc(33) " fcode="trunc"/>
<opset="trunc_ln43/2 "/>
</bind>
</comp>

<comp id="264" class="1004" name="tmp_5_i_fu_264">
<pin_list>
<pin id="265" dir="0" index="0" bw="32" slack="0"/>
<pin id="266" dir="0" index="1" bw="32" slack="0"/>
<pin id="267" dir="0" index="2" bw="32" slack="0"/>
<pin id="268" dir="0" index="3" bw="1" slack="0"/>
<pin id="269" dir="1" index="4" bw="32" slack="0"/>
</pin_list>
<bind>
<opcode="mux(1196) " fcode="mux"/>
<opset="tmp_5_i/2 "/>
</bind>
</comp>

<comp id="274" class="1004" name="trunc_ln43_6_fu_274">
<pin_list>
<pin id="275" dir="0" index="0" bw="32" slack="0"/>
<pin id="276" dir="1" index="1" bw="19" slack="0"/>
</pin_list>
<bind>
<opcode="trunc(33) " fcode="trunc"/>
<opset="trunc_ln43_6/2 "/>
</bind>
</comp>

<comp id="278" class="1004" name="add_ln43_fu_278">
<pin_list>
<pin id="279" dir="0" index="0" bw="19" slack="1"/>
<pin id="280" dir="0" index="1" bw="19" slack="0"/>
<pin id="281" dir="1" index="2" bw="19" slack="0"/>
</pin_list>
<bind>
<opcode="add(8) " fcode="add"/>
<opset="add_ln43/2 "/>
</bind>
</comp>

<comp id="283" class="1004" name="zext_ln43_fu_283">
<pin_list>
<pin id="284" dir="0" index="0" bw="19" slack="0"/>
<pin id="285" dir="1" index="1" bw="64" slack="0"/>
</pin_list>
<bind>
<opcode="zext(34) " fcode="zext"/>
<opset="zext_ln43/2 "/>
</bind>
</comp>

<comp id="288" class="1004" name="store_ln41_store_fu_288">
<pin_list>
<pin id="289" dir="0" index="0" bw="32" slack="0"/>
<pin id="290" dir="0" index="1" bw="32" slack="1"/>
<pin id="291" dir="1" index="2" bw="0" slack="2147483647"/>
</pin_list>
<bind>
<opcode="store(28) " fcode="store"/>
<opset="store_ln41/2 "/>
</bind>
</comp>

<comp id="293" class="1004" name="store_ln43_store_fu_293">
<pin_list>
<pin id="294" dir="0" index="0" bw="19" slack="0"/>
<pin id="295" dir="0" index="1" bw="64" slack="1"/>
<pin id="296" dir="1" index="2" bw="0" slack="2147483647"/>
</pin_list>
<bind>
<opcode="store(28) " fcode="store"/>
<opset="store_ln43/2 "/>
</bind>
</comp>

<comp id="298" class="1004" name="bucket_pointer_fu_298">
<pin_list>
<pin id="299" dir="0" index="0" bw="32" slack="0"/>
<pin id="300" dir="0" index="1" bw="1" slack="0"/>
<pin id="301" dir="1" index="2" bw="32" slack="0"/>
</pin_list>
<bind>
<opcode="add(8) " fcode="add"/>
<opset="bucket_pointer/2 "/>
</bind>
</comp>

<comp id="304" class="1004" name="bucket_pointer_25_fu_304">
<pin_list>
<pin id="305" dir="0" index="0" bw="1" slack="0"/>
<pin id="306" dir="0" index="1" bw="32" slack="0"/>
<pin id="307" dir="0" index="2" bw="32" slack="0"/>
<pin id="308" dir="1" index="3" bw="32" slack="0"/>
</pin_list>
<bind>
<opcode="select(49) " fcode="select"/>
<opset="bucket_pointer_25/2 "/>
</bind>
</comp>

<comp id="312" class="1004" name="bucket_pointer_26_fu_312">
<pin_list>
<pin id="313" dir="0" index="0" bw="1" slack="0"/>
<pin id="314" dir="0" index="1" bw="32" slack="0"/>
<pin id="315" dir="0" index="2" bw="32" slack="0"/>
<pin id="316" dir="1" index="3" bw="32" slack="0"/>
</pin_list>
<bind>
<opcode="select(49) " fcode="select"/>
<opset="bucket_pointer_26/2 "/>
</bind>
</comp>

<comp id="320" class="1004" name="tmp_fu_320">
<pin_list>
<pin id="321" dir="0" index="0" bw="1" slack="0"/>
<pin id="322" dir="0" index="1" bw="32" slack="0"/>
<pin id="323" dir="0" index="2" bw="1" slack="0"/>
<pin id="324" dir="1" index="3" bw="1" slack="0"/>
</pin_list>
<bind>
<opcode="bitselect(1000) " fcode="bitselect"/>
<opset="tmp/2 "/>
</bind>
</comp>

<comp id="328" class="1004" name="tmp_6_i_fu_328">
<pin_list>
<pin id="329" dir="0" index="0" bw="32" slack="0"/>
<pin id="330" dir="0" index="1" bw="32" slack="0"/>
<pin id="331" dir="0" index="2" bw="32" slack="0"/>
<pin id="332" dir="0" index="3" bw="1" slack="0"/>
<pin id="333" dir="1" index="4" bw="32" slack="0"/>
</pin_list>
<bind>
<opcode="mux(1196) " fcode="mux"/>
<opset="tmp_6_i/2 "/>
</bind>
</comp>

<comp id="338" class="1004" name="bucket_sizes_fu_338">
<pin_list>
<pin id="339" dir="0" index="0" bw="32" slack="0"/>
<pin id="340" dir="0" index="1" bw="1" slack="0"/>
<pin id="341" dir="1" index="2" bw="32" slack="0"/>
</pin_list>
<bind>
<opcode="add(8) " fcode="add"/>
<opset="bucket_sizes/2 "/>
</bind>
</comp>

<comp id="344" class="1004" name="bucket_sizes_42_fu_344">
<pin_list>
<pin id="345" dir="0" index="0" bw="1" slack="0"/>
<pin id="346" dir="0" index="1" bw="32" slack="0"/>
<pin id="347" dir="0" index="2" bw="32" slack="0"/>
<pin id="348" dir="1" index="3" bw="32" slack="0"/>
</pin_list>
<bind>
<opcode="select(49) " fcode="select"/>
<opset="bucket_sizes_42/2 "/>
</bind>
</comp>

<comp id="352" class="1004" name="bucket_sizes_43_fu_352">
<pin_list>
<pin id="353" dir="0" index="0" bw="1" slack="0"/>
<pin id="354" dir="0" index="1" bw="32" slack="0"/>
<pin id="355" dir="0" index="2" bw="32" slack="0"/>
<pin id="356" dir="1" index="3" bw="32" slack="0"/>
</pin_list>
<bind>
<opcode="select(49) " fcode="select"/>
<opset="bucket_sizes_43/2 "/>
</bind>
</comp>

<comp id="360" class="1004" name="store_ln40_store_fu_360">
<pin_list>
<pin id="361" dir="0" index="0" bw="32" slack="0"/>
<pin id="362" dir="0" index="1" bw="32" slack="0"/>
<pin id="363" dir="1" index="2" bw="0" slack="2147483647"/>
</pin_list>
<bind>
<opcode="store(28) " fcode="store"/>
<opset="store_ln40/2 "/>
</bind>
</comp>

<comp id="366" class="1004" name="store_ln40_store_fu_366">
<pin_list>
<pin id="367" dir="0" index="0" bw="32" slack="0"/>
<pin id="368" dir="0" index="1" bw="32" slack="0"/>
<pin id="369" dir="1" index="2" bw="0" slack="2147483647"/>
</pin_list>
<bind>
<opcode="store(28) " fcode="store"/>
<opset="store_ln40/2 "/>
</bind>
</comp>

<comp id="372" class="1004" name="store_ln40_store_fu_372">
<pin_list>
<pin id="373" dir="0" index="0" bw="32" slack="0"/>
<pin id="374" dir="0" index="1" bw="32" slack="0"/>
<pin id="375" dir="1" index="2" bw="0" slack="2147483647"/>
</pin_list>
<bind>
<opcode="store(28) " fcode="store"/>
<opset="store_ln40/2 "/>
</bind>
</comp>

<comp id="378" class="1004" name="store_ln40_store_fu_378">
<pin_list>
<pin id="379" dir="0" index="0" bw="32" slack="0"/>
<pin id="380" dir="0" index="1" bw="32" slack="0"/>
<pin id="381" dir="1" index="2" bw="0" slack="2147483647"/>
</pin_list>
<bind>
<opcode="store(28) " fcode="store"/>
<opset="store_ln40/2 "/>
</bind>
</comp>

<comp id="384" class="1005" name="reuse_addr_reg_reg_384">
<pin_list>
<pin id="385" dir="0" index="0" bw="64" slack="0"/>
<pin id="386" dir="1" index="1" bw="64" slack="0"/>
</pin_list>
<bind>
<opset="reuse_addr_reg "/>
</bind>
</comp>

<comp id="391" class="1005" name="reuse_reg_reg_391">
<pin_list>
<pin id="392" dir="0" index="0" bw="32" slack="0"/>
<pin id="393" dir="1" index="1" bw="32" slack="0"/>
</pin_list>
<bind>
<opset="reuse_reg "/>
</bind>
</comp>

<comp id="398" class="1005" name="j_6_reg_398">
<pin_list>
<pin id="399" dir="0" index="0" bw="18" slack="0"/>
<pin id="400" dir="1" index="1" bw="18" slack="0"/>
</pin_list>
<bind>
<opset="j_6 "/>
</bind>
</comp>

<comp id="405" class="1005" name="mul_ln43_read_reg_405">
<pin_list>
<pin id="406" dir="0" index="0" bw="19" slack="1"/>
<pin id="407" dir="1" index="1" bw="19" slack="1"/>
</pin_list>
<bind>
<opset="mul_ln43_read "/>
</bind>
</comp>

<comp id="410" class="1005" name="zext_ln27_cast_reg_410">
<pin_list>
<pin id="411" dir="0" index="0" bw="32" slack="1"/>
<pin id="412" dir="1" index="1" bw="32" slack="1"/>
</pin_list>
<bind>
<opset="zext_ln27_cast "/>
</bind>
</comp>

<comp id="418" class="1005" name="zext_ln41_6_reg_418">
<pin_list>
<pin id="419" dir="0" index="0" bw="64" slack="1"/>
<pin id="420" dir="1" index="1" bw="64" slack="1"/>
</pin_list>
<bind>
<opset="zext_ln41_6 "/>
</bind>
</comp>

<comp id="423" class="1005" name="bucket_addr_reg_423">
<pin_list>
<pin id="424" dir="0" index="0" bw="19" slack="1"/>
<pin id="425" dir="1" index="1" bw="19" slack="1"/>
</pin_list>
<bind>
<opset="bucket_addr "/>
</bind>
</comp>

</comp_list>

<net_list>
<net id="65"><net_src comp="24" pin="0"/><net_sink comp="62" pin=0"/></net>

<net id="69"><net_src comp="24" pin="0"/><net_sink comp="66" pin=0"/></net>

<net id="73"><net_src comp="24" pin="0"/><net_sink comp="70" pin=0"/></net>

<net id="78"><net_src comp="26" pin="0"/><net_sink comp="74" pin=0"/></net>

<net id="79"><net_src comp="14" pin="0"/><net_sink comp="74" pin=1"/></net>

<net id="84"><net_src comp="28" pin="0"/><net_sink comp="80" pin=0"/></net>

<net id="85"><net_src comp="12" pin="0"/><net_sink comp="80" pin=1"/></net>

<net id="90"><net_src comp="26" pin="0"/><net_sink comp="86" pin=0"/></net>

<net id="91"><net_src comp="8" pin="0"/><net_sink comp="86" pin=1"/></net>

<net id="96"><net_src comp="30" pin="0"/><net_sink comp="92" pin=0"/></net>

<net id="97"><net_src comp="6" pin="0"/><net_sink comp="92" pin=1"/></net>

<net id="102"><net_src comp="30" pin="0"/><net_sink comp="98" pin=0"/></net>

<net id="103"><net_src comp="4" pin="0"/><net_sink comp="98" pin=1"/></net>

<net id="108"><net_src comp="30" pin="0"/><net_sink comp="104" pin=0"/></net>

<net id="109"><net_src comp="2" pin="0"/><net_sink comp="104" pin=1"/></net>

<net id="114"><net_src comp="30" pin="0"/><net_sink comp="110" pin=0"/></net>

<net id="115"><net_src comp="0" pin="0"/><net_sink comp="110" pin=1"/></net>

<net id="121"><net_src comp="10" pin="0"/><net_sink comp="116" pin=0"/></net>

<net id="122"><net_src comp="52" pin="0"/><net_sink comp="116" pin=1"/></net>

<net id="132"><net_src comp="116" pin="3"/><net_sink comp="123" pin=2"/></net>

<net id="138"><net_src comp="10" pin="0"/><net_sink comp="133" pin=0"/></net>

<net id="139"><net_src comp="52" pin="0"/><net_sink comp="133" pin=1"/></net>

<net id="140"><net_src comp="133" pin="3"/><net_sink comp="123" pin=0"/></net>

<net id="144"><net_src comp="80" pin="2"/><net_sink comp="141" pin=0"/></net>

<net id="149"><net_src comp="110" pin="2"/><net_sink comp="145" pin=0"/></net>

<net id="150"><net_src comp="16" pin="0"/><net_sink comp="145" pin=1"/></net>

<net id="155"><net_src comp="104" pin="2"/><net_sink comp="151" pin=0"/></net>

<net id="156"><net_src comp="18" pin="0"/><net_sink comp="151" pin=1"/></net>

<net id="161"><net_src comp="98" pin="2"/><net_sink comp="157" pin=0"/></net>

<net id="162"><net_src comp="20" pin="0"/><net_sink comp="157" pin=1"/></net>

<net id="167"><net_src comp="92" pin="2"/><net_sink comp="163" pin=0"/></net>

<net id="168"><net_src comp="22" pin="0"/><net_sink comp="163" pin=1"/></net>

<net id="173"><net_src comp="32" pin="0"/><net_sink comp="169" pin=0"/></net>

<net id="178"><net_src comp="34" pin="0"/><net_sink comp="174" pin=0"/></net>

<net id="183"><net_src comp="36" pin="0"/><net_sink comp="179" pin=0"/></net>

<net id="191"><net_src comp="184" pin="1"/><net_sink comp="187" pin=0"/></net>

<net id="192"><net_src comp="44" pin="0"/><net_sink comp="187" pin=1"/></net>

<net id="197"><net_src comp="184" pin="1"/><net_sink comp="193" pin=0"/></net>

<net id="198"><net_src comp="50" pin="0"/><net_sink comp="193" pin=1"/></net>

<net id="202"><net_src comp="184" pin="1"/><net_sink comp="199" pin=0"/></net>

<net id="207"><net_src comp="86" pin="2"/><net_sink comp="203" pin=0"/></net>

<net id="208"><net_src comp="199" pin="1"/><net_sink comp="203" pin=1"/></net>

<net id="212"><net_src comp="203" pin="2"/><net_sink comp="209" pin=0"/></net>

<net id="213"><net_src comp="209" pin="1"/><net_sink comp="116" pin=2"/></net>

<net id="218"><net_src comp="193" pin="2"/><net_sink comp="214" pin=0"/></net>

<net id="222"><net_src comp="22" pin="0"/><net_sink comp="219" pin=0"/></net>

<net id="226"><net_src comp="20" pin="0"/><net_sink comp="223" pin=0"/></net>

<net id="230"><net_src comp="18" pin="0"/><net_sink comp="227" pin=0"/></net>

<net id="234"><net_src comp="16" pin="0"/><net_sink comp="231" pin=0"/></net>

<net id="245"><net_src comp="238" pin="1"/><net_sink comp="241" pin=0"/></net>

<net id="251"><net_src comp="241" pin="2"/><net_sink comp="246" pin=0"/></net>

<net id="252"><net_src comp="235" pin="1"/><net_sink comp="246" pin=1"/></net>

<net id="253"><net_src comp="123" pin="7"/><net_sink comp="246" pin=2"/></net>

<net id="254"><net_src comp="246" pin="3"/><net_sink comp="123" pin=1"/></net>

<net id="259"><net_src comp="246" pin="3"/><net_sink comp="255" pin=0"/></net>

<net id="263"><net_src comp="255" pin="2"/><net_sink comp="260" pin=0"/></net>

<net id="270"><net_src comp="58" pin="0"/><net_sink comp="264" pin=0"/></net>

<net id="271"><net_src comp="219" pin="1"/><net_sink comp="264" pin=1"/></net>

<net id="272"><net_src comp="223" pin="1"/><net_sink comp="264" pin=2"/></net>

<net id="273"><net_src comp="260" pin="1"/><net_sink comp="264" pin=3"/></net>

<net id="277"><net_src comp="264" pin="4"/><net_sink comp="274" pin=0"/></net>

<net id="282"><net_src comp="274" pin="1"/><net_sink comp="278" pin=1"/></net>

<net id="286"><net_src comp="278" pin="2"/><net_sink comp="283" pin=0"/></net>

<net id="287"><net_src comp="283" pin="1"/><net_sink comp="133" pin=2"/></net>

<net id="292"><net_src comp="246" pin="3"/><net_sink comp="288" pin=0"/></net>

<net id="297"><net_src comp="283" pin="1"/><net_sink comp="293" pin=0"/></net>

<net id="302"><net_src comp="264" pin="4"/><net_sink comp="298" pin=0"/></net>

<net id="303"><net_src comp="24" pin="0"/><net_sink comp="298" pin=1"/></net>

<net id="309"><net_src comp="260" pin="1"/><net_sink comp="304" pin=0"/></net>

<net id="310"><net_src comp="298" pin="2"/><net_sink comp="304" pin=1"/></net>

<net id="311"><net_src comp="223" pin="1"/><net_sink comp="304" pin=2"/></net>

<net id="317"><net_src comp="260" pin="1"/><net_sink comp="312" pin=0"/></net>

<net id="318"><net_src comp="219" pin="1"/><net_sink comp="312" pin=1"/></net>

<net id="319"><net_src comp="298" pin="2"/><net_sink comp="312" pin=2"/></net>

<net id="325"><net_src comp="60" pin="0"/><net_sink comp="320" pin=0"/></net>

<net id="326"><net_src comp="255" pin="2"/><net_sink comp="320" pin=1"/></net>

<net id="327"><net_src comp="24" pin="0"/><net_sink comp="320" pin=2"/></net>

<net id="334"><net_src comp="58" pin="0"/><net_sink comp="328" pin=0"/></net>

<net id="335"><net_src comp="227" pin="1"/><net_sink comp="328" pin=1"/></net>

<net id="336"><net_src comp="231" pin="1"/><net_sink comp="328" pin=2"/></net>

<net id="337"><net_src comp="320" pin="3"/><net_sink comp="328" pin=3"/></net>

<net id="342"><net_src comp="328" pin="4"/><net_sink comp="338" pin=0"/></net>

<net id="343"><net_src comp="24" pin="0"/><net_sink comp="338" pin=1"/></net>

<net id="349"><net_src comp="320" pin="3"/><net_sink comp="344" pin=0"/></net>

<net id="350"><net_src comp="338" pin="2"/><net_sink comp="344" pin=1"/></net>

<net id="351"><net_src comp="231" pin="1"/><net_sink comp="344" pin=2"/></net>

<net id="357"><net_src comp="320" pin="3"/><net_sink comp="352" pin=0"/></net>

<net id="358"><net_src comp="227" pin="1"/><net_sink comp="352" pin=1"/></net>

<net id="359"><net_src comp="338" pin="2"/><net_sink comp="352" pin=2"/></net>

<net id="364"><net_src comp="344" pin="3"/><net_sink comp="360" pin=0"/></net>

<net id="365"><net_src comp="16" pin="0"/><net_sink comp="360" pin=1"/></net>

<net id="370"><net_src comp="352" pin="3"/><net_sink comp="366" pin=0"/></net>

<net id="371"><net_src comp="18" pin="0"/><net_sink comp="366" pin=1"/></net>

<net id="376"><net_src comp="304" pin="3"/><net_sink comp="372" pin=0"/></net>

<net id="377"><net_src comp="20" pin="0"/><net_sink comp="372" pin=1"/></net>

<net id="382"><net_src comp="312" pin="3"/><net_sink comp="378" pin=0"/></net>

<net id="383"><net_src comp="22" pin="0"/><net_sink comp="378" pin=1"/></net>

<net id="387"><net_src comp="62" pin="1"/><net_sink comp="384" pin=0"/></net>

<net id="388"><net_src comp="384" pin="1"/><net_sink comp="179" pin=1"/></net>

<net id="389"><net_src comp="384" pin="1"/><net_sink comp="238" pin=0"/></net>

<net id="390"><net_src comp="384" pin="1"/><net_sink comp="293" pin=1"/></net>

<net id="394"><net_src comp="66" pin="1"/><net_sink comp="391" pin=0"/></net>

<net id="395"><net_src comp="391" pin="1"/><net_sink comp="174" pin=1"/></net>

<net id="396"><net_src comp="391" pin="1"/><net_sink comp="235" pin=0"/></net>

<net id="397"><net_src comp="391" pin="1"/><net_sink comp="288" pin=1"/></net>

<net id="401"><net_src comp="70" pin="1"/><net_sink comp="398" pin=0"/></net>

<net id="402"><net_src comp="398" pin="1"/><net_sink comp="169" pin=1"/></net>

<net id="403"><net_src comp="398" pin="1"/><net_sink comp="184" pin=0"/></net>

<net id="404"><net_src comp="398" pin="1"/><net_sink comp="214" pin=1"/></net>

<net id="408"><net_src comp="74" pin="2"/><net_sink comp="405" pin=0"/></net>

<net id="409"><net_src comp="405" pin="1"/><net_sink comp="278" pin=0"/></net>

<net id="413"><net_src comp="141" pin="1"/><net_sink comp="410" pin=0"/></net>

<net id="414"><net_src comp="410" pin="1"/><net_sink comp="255" pin=1"/></net>

<net id="421"><net_src comp="209" pin="1"/><net_sink comp="418" pin=0"/></net>

<net id="422"><net_src comp="418" pin="1"/><net_sink comp="241" pin=1"/></net>

<net id="426"><net_src comp="116" pin="3"/><net_sink comp="423" pin=0"/></net>

<net id="427"><net_src comp="423" pin="1"/><net_sink comp="123" pin=2"/></net>

</net_list>

</model> 
---------------- Datapath Model END ------------------

* FSMD analyzer results:
  - Output states:
	Port: bucket | {2 }
	Port: bucket_sizes_87_out | {1 2 }
	Port: bucket_sizes_86_out | {1 2 }
	Port: bucket_pointer_56_out | {1 2 }
	Port: bucket_pointer_55_out | {1 2 }
 - Input state : 
	Port: radix_sort_bin_batch.61.1_Pipeline_input_bucket : bucket_sizes_83_reload | {1 }
	Port: radix_sort_bin_batch.61.1_Pipeline_input_bucket : bucket_sizes_82_reload | {1 }
	Port: radix_sort_bin_batch.61.1_Pipeline_input_bucket : bucket_pointer_54_reload | {1 }
	Port: radix_sort_bin_batch.61.1_Pipeline_input_bucket : bucket_pointer_53_reload | {1 }
	Port: radix_sort_bin_batch.61.1_Pipeline_input_bucket : mul_ln41 | {1 }
	Port: radix_sort_bin_batch.61.1_Pipeline_input_bucket : bucket | {1 2 }
	Port: radix_sort_bin_batch.61.1_Pipeline_input_bucket : zext_ln27 | {1 }
	Port: radix_sort_bin_batch.61.1_Pipeline_input_bucket : mul_ln43 | {1 }
	Port: radix_sort_bin_batch.61.1_Pipeline_input_bucket : bucket_sizes_87_out | {2 }
	Port: radix_sort_bin_batch.61.1_Pipeline_input_bucket : bucket_sizes_86_out | {2 }
	Port: radix_sort_bin_batch.61.1_Pipeline_input_bucket : bucket_pointer_56_out | {2 }
	Port: radix_sort_bin_batch.61.1_Pipeline_input_bucket : bucket_pointer_55_out | {2 }
  - Chain level:
	State 1
		store_ln0 : 1
		store_ln0 : 1
		store_ln0 : 1
		j : 1
		icmp_ln40 : 2
		add_ln40 : 2
		br_ln40 : 3
		zext_ln41 : 2
		add_ln41 : 3
		zext_ln41_6 : 4
		bucket_addr : 5
		bucket_load : 6
		store_ln40 : 3
	State 2
		addr_cmp : 1
		reuse_select : 2
		shifted : 3
		trunc_ln43 : 4
		tmp_5_i : 5
		trunc_ln43_6 : 6
		add_ln43 : 7
		zext_ln43 : 8
		bucket_addr_6 : 9
		store_ln43 : 10
		store_ln41 : 3
		store_ln43 : 9
		bucket_pointer : 6
		bucket_pointer_25 : 7
		bucket_pointer_26 : 7
		tmp : 4
		tmp_6_i : 5
		bucket_sizes : 6
		bucket_sizes_42 : 7
		bucket_sizes_43 : 7
		store_ln40 : 8
		store_ln40 : 8
		store_ln40 : 8
		store_ln40 : 8


============================================================
+ Verbose Summary: Datapath Resource usage 
============================================================

* Functional unit list:
|----------|------------------------------------------|---------|---------|
| Operation|              Functional Unit             |    FF   |   LUT   |
|----------|------------------------------------------|---------|---------|
|          |            reuse_select_fu_246           |    0    |    32   |
|          |         bucket_pointer_25_fu_304         |    0    |    32   |
|  select  |         bucket_pointer_26_fu_312         |    0    |    32   |
|          |          bucket_sizes_42_fu_344          |    0    |    32   |
|          |          bucket_sizes_43_fu_352          |    0    |    32   |
|----------|------------------------------------------|---------|---------|
|          |              add_ln40_fu_193             |    0    |    25   |
|          |              add_ln41_fu_203             |    0    |    26   |
|    add   |              add_ln43_fu_278             |    0    |    26   |
|          |           bucket_pointer_fu_298          |    0    |    39   |
|          |            bucket_sizes_fu_338           |    0    |    39   |
|----------|------------------------------------------|---------|---------|
|   ashr   |              shifted_fu_255              |    0    |    92   |
|----------|------------------------------------------|---------|---------|
|   icmp   |             icmp_ln40_fu_187             |    0    |    13   |
|          |              addr_cmp_fu_241             |    0    |    29   |
|----------|------------------------------------------|---------|---------|
|    mux   |              tmp_5_i_fu_264              |    0    |    9    |
|          |              tmp_6_i_fu_328              |    0    |    9    |
|----------|------------------------------------------|---------|---------|
|          |         mul_ln43_read_read_fu_74         |    0    |    0    |
|          |         zext_ln27_read_read_fu_80        |    0    |    0    |
|          |         mul_ln41_read_read_fu_86         |    0    |    0    |
|   read   | bucket_pointer_53_reload_read_read_fu_92 |    0    |    0    |
|          | bucket_pointer_54_reload_read_read_fu_98 |    0    |    0    |
|          |  bucket_sizes_82_reload_read_read_fu_104 |    0    |    0    |
|          |  bucket_sizes_83_reload_read_read_fu_110 |    0    |    0    |
|----------|------------------------------------------|---------|---------|
|          |           zext_ln27_cast_fu_141          |    0    |    0    |
|   zext   |             zext_ln41_fu_199             |    0    |    0    |
|          |            zext_ln41_6_fu_209            |    0    |    0    |
|          |             zext_ln43_fu_283             |    0    |    0    |
|----------|------------------------------------------|---------|---------|
|   trunc  |             trunc_ln43_fu_260            |    0    |    0    |
|          |            trunc_ln43_6_fu_274           |    0    |    0    |
|----------|------------------------------------------|---------|---------|
| bitselect|                tmp_fu_320                |    0    |    0    |
|----------|------------------------------------------|---------|---------|
|   Total  |                                          |    0    |   467   |
|----------|------------------------------------------|---------|---------|

Memories:
N/A

* Register list:
+----------------------+--------+
|                      |   FF   |
+----------------------+--------+
|  bucket_addr_reg_423 |   19   |
|      j_6_reg_398     |   18   |
| mul_ln43_read_reg_405|   19   |
|reuse_addr_reg_reg_384|   64   |
|   reuse_reg_reg_391  |   32   |
|zext_ln27_cast_reg_410|   32   |
|  zext_ln41_6_reg_418 |   64   |
+----------------------+--------+
|         Total        |   248  |
+----------------------+--------+

* Multiplexer (MUX) list: 
|-------------------|------|------|------|--------||---------||---------|
|        Comp       |  Pin | Size |  BW  | S x BW ||  Delay  ||   LUT   |
|-------------------|------|------|------|--------||---------||---------|
| grp_access_fu_123 |  p2  |   2  |   0  |    0   ||    9    |
|-------------------|------|------|------|--------||---------||---------|
|       Total       |      |      |      |    0   ||  0.387  ||    9    |
|-------------------|------|------|------|--------||---------||---------|



* Summary:
+-----------+--------+--------+--------+
|           |  Delay |   FF   |   LUT  |
+-----------+--------+--------+--------+
|  Function |    -   |    0   |   467  |
|   Memory  |    -   |    -   |    -   |
|Multiplexer|    0   |    -   |    9   |
|  Register |    -   |   248  |    -   |
+-----------+--------+--------+--------+
|   Total   |    0   |   248  |   476  |
+-----------+--------+--------+--------+
