

================================================================
== Vitis HLS Report for 'radix_sort_separate_bucket_parallel_5'
================================================================
* Date:           Mon Apr 17 17:20:25 2023

* Version:        2022.2 (Build 3670227 on Oct 13 2022)
* Project:        sort_seperate_bucket
* Solution:       solution1 (Vivado IP Flow Target)
* Product family: virtexuplus
* Target device:  xcu280-fsvh2892-2L-e


================================================================
== Performance Estimates
================================================================
+ Timing: 
    * Summary: 
    +--------+----------+----------+------------+
    |  Clock |  Target  | Estimated| Uncertainty|
    +--------+----------+----------+------------+
    |ap_clk  |  10.00 ns|  3.459 ns|     2.70 ns|
    +--------+----------+----------+------------+

+ Latency: 
    * Summary: 
    +---------+---------+-----------+-----------+------+------+---------+
    |  Latency (cycles) |   Latency (absolute)  |   Interval  | Pipeline|
    |   min   |   max   |    min    |    max    |  min |  max |   Type  |
    +---------+---------+-----------+-----------+------+------+---------+
    |     2550|     8694|  25.500 us|  86.940 us|  2551|  8695|       no|
    +---------+---------+-----------+-----------+------+------+---------+

    + Detail: 
        * Instance: 
        N/A

        * Loop: 
        +------------------+---------+---------+------------+-----------+-----------+------+----------+
        |                  |  Latency (cycles) |  Iteration |  Initiation Interval  | Trip |          |
        |     Loop Name    |   min   |   max   |   Latency  |  achieved |   target  | Count| Pipelined|
        +------------------+---------+---------+------------+-----------+-----------+------+----------+
        |- sort_procedure  |     2496|     8640|  312 ~ 1080|          -|          -|     8|        no|
        | + output_bucket  |      160|      928|     10 ~ 58|          -|          -|    16|        no|
        +------------------+---------+---------+------------+-----------+-----------+------+----------+

============================================================
+ Verbose Summary: Synthesis Manager
============================================================
InlineROM: 1
ExposeGlobal: 0
============================================================
+ Verbose Summary: CDFG Model
============================================================
IsTopModel: 1
ResetActiveHigh: 1
IsCombinational: 0
IsDatapathOnly: 0
HasWiredReturn: 1
HasMFsm: 0
HasVarLatency: 1
IsPipeline: 0
IsRtlPipelined: 0
IsInstanceOverlapped: 0
IsDontTouch: 0
HasImplIP: 0
IsGatedGlobalClock: 0


============================================================
+ Verbose Summary: Schedule
============================================================
* Number of FSM states : 18
* Pipeline : 0
* Dataflow Pipeline: 0

* FSM state transitions: 
1 --> 2 
2 --> 3 
3 --> 4 
4 --> 5 
5 --> 6 
6 --> 7 
7 --> 8 18 
8 --> 9 
9 --> 10 
10 --> 11 
11 --> 12 
12 --> 13 
13 --> 14 
14 --> 15 
15 --> 16 17 
16 --> 17 
17 --> 7 
18 --> 3 

* FSM state operations: 

State 1 <SV = 0> <Delay = 0.38>
ST_1 : Operation 19 [1/1] (0.00ns)   --->   "%i = alloca i32 1"   --->   Operation 19 'alloca' 'i' <Predicate = true> <Delay = 0.00>
ST_1 : Operation 20 [1/1] (0.00ns)   --->   "%bucket0 = alloca i64 1"   --->   Operation 20 'alloca' 'bucket0' <Predicate = true> <Delay = 0.00>
ST_1 : Operation 21 [1/1] (0.00ns)   --->   "%bucket1 = alloca i64 1"   --->   Operation 21 'alloca' 'bucket1' <Predicate = true> <Delay = 0.00>
ST_1 : Operation 22 [1/1] (0.00ns)   --->   "%bucket2 = alloca i64 1"   --->   Operation 22 'alloca' 'bucket2' <Predicate = true> <Delay = 0.00>
ST_1 : Operation 23 [1/1] (0.00ns)   --->   "%bucket_pointer0 = alloca i64 1" [sort_seperate_bucket/radix_sort_separate_bucket_parallel.c:94]   --->   Operation 23 'alloca' 'bucket_pointer0' <Predicate = true> <Delay = 0.00> <CoreInst = "RAM">   --->   Core 83 'RAM' <Latency = 1> <II = 1> <Delay = 0.69> <Storage> <Opcode : 'load' 'store'> <Ports = 2> <Width = 32> <Depth = 16> <RAM>
ST_1 : Operation 24 [1/1] (0.00ns)   --->   "%bucket_pointer1 = alloca i64 1" [sort_seperate_bucket/radix_sort_separate_bucket_parallel.c:95]   --->   Operation 24 'alloca' 'bucket_pointer1' <Predicate = true> <Delay = 0.00> <CoreInst = "RAM">   --->   Core 83 'RAM' <Latency = 1> <II = 1> <Delay = 0.69> <Storage> <Opcode : 'load' 'store'> <Ports = 2> <Width = 32> <Depth = 16> <RAM>
ST_1 : Operation 25 [1/1] (0.00ns)   --->   "%bucket_pointer2 = alloca i64 1" [sort_seperate_bucket/radix_sort_separate_bucket_parallel.c:96]   --->   Operation 25 'alloca' 'bucket_pointer2' <Predicate = true> <Delay = 0.00> <CoreInst = "RAM">   --->   Core 83 'RAM' <Latency = 1> <II = 1> <Delay = 0.69> <Storage> <Opcode : 'load' 'store'> <Ports = 2> <Width = 32> <Depth = 16> <RAM>
ST_1 : Operation 26 [1/1] (0.00ns)   --->   "%bucket_pointer3 = alloca i64 1" [sort_seperate_bucket/radix_sort_separate_bucket_parallel.c:97]   --->   Operation 26 'alloca' 'bucket_pointer3' <Predicate = true> <Delay = 0.00> <CoreInst = "RAM">   --->   Core 83 'RAM' <Latency = 1> <II = 1> <Delay = 0.63> <Storage> <Opcode : 'load' 'store'> <Ports = 2> <Width = 1> <Depth = 16> <RAM>
ST_1 : Operation 27 [1/1] (0.00ns)   --->   "%sorted_data0 = alloca i64 1" [sort_seperate_bucket/radix_sort_separate_bucket_parallel.c:99]   --->   Operation 27 'alloca' 'sorted_data0' <Predicate = true> <Delay = 0.00>
ST_1 : Operation 28 [1/1] (0.00ns)   --->   "%sorted_data1 = alloca i64 1" [sort_seperate_bucket/radix_sort_separate_bucket_parallel.c:100]   --->   Operation 28 'alloca' 'sorted_data1' <Predicate = true> <Delay = 0.00>
ST_1 : Operation 29 [1/1] (0.00ns)   --->   "%sorted_data2 = alloca i64 1" [sort_seperate_bucket/radix_sort_separate_bucket_parallel.c:101]   --->   Operation 29 'alloca' 'sorted_data2' <Predicate = true> <Delay = 0.00>
ST_1 : Operation 30 [2/2] (0.00ns)   --->   "%call_ln0 = call void @radix_sort_separate_bucket_parallel_5_Pipeline_1, i32 %bucket_pointer0"   --->   Operation 30 'call' 'call_ln0' <Predicate = true> <Delay = 0.00> <CoreType = "Generic">   --->   Core 0 '' <Latency = 0> <II = 1> <Delay = 1.00> <Generic> <Opcode : >
ST_1 : Operation 31 [2/2] (0.00ns)   --->   "%call_ln0 = call void @radix_sort_separate_bucket_parallel_5_Pipeline_2, i32 %bucket_pointer1"   --->   Operation 31 'call' 'call_ln0' <Predicate = true> <Delay = 0.00> <CoreType = "Generic">   --->   Core 0 '' <Latency = 0> <II = 1> <Delay = 1.00> <Generic> <Opcode : >
ST_1 : Operation 32 [2/2] (0.00ns)   --->   "%call_ln0 = call void @radix_sort_separate_bucket_parallel_5_Pipeline_3, i32 %bucket_pointer2"   --->   Operation 32 'call' 'call_ln0' <Predicate = true> <Delay = 0.00> <CoreType = "Generic">   --->   Core 0 '' <Latency = 0> <II = 1> <Delay = 1.00> <Generic> <Opcode : >
ST_1 : Operation 33 [2/2] (0.00ns)   --->   "%call_ln0 = call void @radix_sort_separate_bucket_parallel_5_Pipeline_4, i1 %bucket_pointer3"   --->   Operation 33 'call' 'call_ln0' <Predicate = true> <Delay = 0.00> <CoreType = "Generic">   --->   Core 0 '' <Latency = 0> <II = 1> <Delay = 1.00> <Generic> <Opcode : >
ST_1 : Operation 34 [2/2] (0.00ns)   --->   "%call_ln0 = call void @radix_sort_separate_bucket_parallel_5_Pipeline_initialization, i32 %data, i32 %sorted_data"   --->   Operation 34 'call' 'call_ln0' <Predicate = true> <Delay = 0.00> <CoreType = "Generic">   --->   Core 0 '' <Latency = 0> <II = 1> <Delay = 1.00> <Generic> <Opcode : >
ST_1 : Operation 35 [1/1] (0.38ns)   --->   "%store_ln112 = store i4 0, i4 %i" [sort_seperate_bucket/radix_sort_separate_bucket_parallel.c:112]   --->   Operation 35 'store' 'store_ln112' <Predicate = true> <Delay = 0.38>

State 2 <SV = 1> <Delay = 0.00>
ST_2 : Operation 36 [1/1] (0.00ns)   --->   "%spectopmodule_ln88 = spectopmodule void @_ssdm_op_SpecTopModule, void @empty_0" [sort_seperate_bucket/radix_sort_separate_bucket_parallel.c:88]   --->   Operation 36 'spectopmodule' 'spectopmodule_ln88' <Predicate = true> <Delay = 0.00>
ST_2 : Operation 37 [1/1] (0.00ns)   --->   "%specinterface_ln0 = specinterface void @_ssdm_op_SpecInterface, i32 %data, void @empty_11, i32 0, i32 0, void @empty, i32 4294967295, i32 0, void @empty, void @empty, void @empty, i32 0, i32 0, i32 0, i32 0, void @empty, void @empty, i32 4294967295, i32 0"   --->   Operation 37 'specinterface' 'specinterface_ln0' <Predicate = true> <Delay = 0.00>
ST_2 : Operation 38 [1/1] (0.00ns)   --->   "%specbitsmap_ln0 = specbitsmap void @_ssdm_op_SpecBitsMap, i32 %data"   --->   Operation 38 'specbitsmap' 'specbitsmap_ln0' <Predicate = true> <Delay = 0.00>
ST_2 : Operation 39 [1/1] (0.00ns)   --->   "%specinterface_ln0 = specinterface void @_ssdm_op_SpecInterface, i32 %sorted_data, void @empty_11, i32 0, i32 0, void @empty, i32 4294967295, i32 0, void @empty, void @empty, void @empty, i32 0, i32 0, i32 0, i32 0, void @empty, void @empty, i32 4294967295, i32 0"   --->   Operation 39 'specinterface' 'specinterface_ln0' <Predicate = true> <Delay = 0.00>
ST_2 : Operation 40 [1/1] (0.00ns)   --->   "%specbitsmap_ln0 = specbitsmap void @_ssdm_op_SpecBitsMap, i32 %sorted_data"   --->   Operation 40 'specbitsmap' 'specbitsmap_ln0' <Predicate = true> <Delay = 0.00>
ST_2 : Operation 41 [1/2] (0.00ns)   --->   "%call_ln0 = call void @radix_sort_separate_bucket_parallel_5_Pipeline_1, i32 %bucket_pointer0"   --->   Operation 41 'call' 'call_ln0' <Predicate = true> <Delay = 0.00> <CoreType = "Generic">   --->   Core 0 '' <Latency = 0> <II = 1> <Delay = 1.00> <Generic> <Opcode : >
ST_2 : Operation 42 [1/2] (0.00ns)   --->   "%call_ln0 = call void @radix_sort_separate_bucket_parallel_5_Pipeline_2, i32 %bucket_pointer1"   --->   Operation 42 'call' 'call_ln0' <Predicate = true> <Delay = 0.00> <CoreType = "Generic">   --->   Core 0 '' <Latency = 0> <II = 1> <Delay = 1.00> <Generic> <Opcode : >
ST_2 : Operation 43 [1/2] (0.00ns)   --->   "%call_ln0 = call void @radix_sort_separate_bucket_parallel_5_Pipeline_3, i32 %bucket_pointer2"   --->   Operation 43 'call' 'call_ln0' <Predicate = true> <Delay = 0.00> <CoreType = "Generic">   --->   Core 0 '' <Latency = 0> <II = 1> <Delay = 1.00> <Generic> <Opcode : >
ST_2 : Operation 44 [1/2] (0.00ns)   --->   "%call_ln0 = call void @radix_sort_separate_bucket_parallel_5_Pipeline_4, i1 %bucket_pointer3"   --->   Operation 44 'call' 'call_ln0' <Predicate = true> <Delay = 0.00> <CoreType = "Generic">   --->   Core 0 '' <Latency = 0> <II = 1> <Delay = 1.00> <Generic> <Opcode : >
ST_2 : Operation 45 [1/2] (0.00ns)   --->   "%call_ln0 = call void @radix_sort_separate_bucket_parallel_5_Pipeline_initialization, i32 %data, i32 %sorted_data"   --->   Operation 45 'call' 'call_ln0' <Predicate = true> <Delay = 0.00> <CoreType = "Generic">   --->   Core 0 '' <Latency = 0> <II = 1> <Delay = 1.00> <Generic> <Opcode : >
ST_2 : Operation 46 [1/1] (0.00ns)   --->   "%br_ln112 = br void %inner_loop_initialization" [sort_seperate_bucket/radix_sort_separate_bucket_parallel.c:112]   --->   Operation 46 'br' 'br_ln112' <Predicate = true> <Delay = 0.00>

State 3 <SV = 2> <Delay = 0.70>
ST_3 : Operation 47 [1/1] (0.00ns)   --->   "%i_1 = load i4 %i" [sort_seperate_bucket/radix_sort_separate_bucket_parallel.c:112]   --->   Operation 47 'load' 'i_1' <Predicate = true> <Delay = 0.00>
ST_3 : Operation 48 [1/1] (0.65ns)   --->   "%icmp_ln112 = icmp_eq  i4 %i_1, i4 8" [sort_seperate_bucket/radix_sort_separate_bucket_parallel.c:112]   --->   Operation 48 'icmp' 'icmp_ln112' <Predicate = true> <Delay = 0.65> <CoreInst = "Cmp">   --->   Core 9 'Cmp' <Latency = 0> <II = 1> <Delay = 0.65> <FuncUnit> <Opcode : 'icmp'> <InPorts = 2> <OutPorts = 1>
ST_3 : Operation 49 [1/1] (0.00ns)   --->   "%speclooptripcount_ln0 = speclooptripcount void @_ssdm_op_SpecLoopTripCount, i64 8, i64 8, i64 8"   --->   Operation 49 'speclooptripcount' 'speclooptripcount_ln0' <Predicate = true> <Delay = 0.00>
ST_3 : Operation 50 [1/1] (0.70ns)   --->   "%i_2 = add i4 %i_1, i4 1" [sort_seperate_bucket/radix_sort_separate_bucket_parallel.c:112]   --->   Operation 50 'add' 'i_2' <Predicate = true> <Delay = 0.70> <CoreInst = "Adder">   --->   Core 1 'Adder' <Latency = 0> <II = 1> <Delay = 0.70> <FuncUnit> <Opcode : 'add' 'sub'> <InPorts = 2> <OutPorts = 1>
ST_3 : Operation 51 [1/1] (0.00ns)   --->   "%br_ln112 = br i1 %icmp_ln112, void %inner_loop_initialization.split, void %for.end182" [sort_seperate_bucket/radix_sort_separate_bucket_parallel.c:112]   --->   Operation 51 'br' 'br_ln112' <Predicate = true> <Delay = 0.00>
ST_3 : Operation 52 [1/1] (0.00ns)   --->   "%trunc_ln112 = trunc i4 %i_1" [sort_seperate_bucket/radix_sort_separate_bucket_parallel.c:112]   --->   Operation 52 'trunc' 'trunc_ln112' <Predicate = (!icmp_ln112)> <Delay = 0.00>
ST_3 : Operation 53 [2/2] (0.00ns)   --->   "%call_ln0 = call void @radix_sort_separate_bucket_parallel_5_Pipeline_inner_loop_initialization, i32 %sorted_data0, i32 %sorted_data, i32 %sorted_data1, i32 %sorted_data2"   --->   Operation 53 'call' 'call_ln0' <Predicate = (!icmp_ln112)> <Delay = 0.00> <CoreType = "Generic">   --->   Core 0 '' <Latency = 0> <II = 1> <Delay = 1.00> <Generic> <Opcode : >
ST_3 : Operation 54 [1/1] (0.00ns)   --->   "%ret_ln176 = ret" [sort_seperate_bucket/radix_sort_separate_bucket_parallel.c:176]   --->   Operation 54 'ret' 'ret_ln176' <Predicate = (icmp_ln112)> <Delay = 0.00>

State 4 <SV = 3> <Delay = 0.00>
ST_4 : Operation 55 [1/2] (0.00ns)   --->   "%call_ln0 = call void @radix_sort_separate_bucket_parallel_5_Pipeline_inner_loop_initialization, i32 %sorted_data0, i32 %sorted_data, i32 %sorted_data1, i32 %sorted_data2"   --->   Operation 55 'call' 'call_ln0' <Predicate = true> <Delay = 0.00> <CoreType = "Generic">   --->   Core 0 '' <Latency = 0> <II = 1> <Delay = 1.00> <Generic> <Opcode : >

State 5 <SV = 4> <Delay = 0.00>
ST_5 : Operation 56 [2/2] (0.00ns)   --->   "%call_ln131 = call void @input_bucket_parallel_5, i3 %trunc_ln112, i32 %sorted_data0, i32 %sorted_data1, i32 %sorted_data2, i32 %bucket0, i32 %bucket1, i32 %bucket2, i32 %bucket_pointer0, i32 %bucket_pointer1, i32 %bucket_pointer2" [sort_seperate_bucket/radix_sort_separate_bucket_parallel.c:131]   --->   Operation 56 'call' 'call_ln131' <Predicate = true> <Delay = 0.00> <CoreType = "Generic">   --->   Core 0 '' <Latency = 0> <II = 1> <Delay = 1.00> <Generic> <Opcode : >

State 6 <SV = 5> <Delay = 0.38>
ST_6 : Operation 57 [1/1] (0.00ns)   --->   "%specloopname_ln112 = specloopname void @_ssdm_op_SpecLoopName, void @empty_8" [sort_seperate_bucket/radix_sort_separate_bucket_parallel.c:112]   --->   Operation 57 'specloopname' 'specloopname_ln112' <Predicate = true> <Delay = 0.00>
ST_6 : Operation 58 [1/2] (0.00ns)   --->   "%call_ln131 = call void @input_bucket_parallel_5, i3 %trunc_ln112, i32 %sorted_data0, i32 %sorted_data1, i32 %sorted_data2, i32 %bucket0, i32 %bucket1, i32 %bucket2, i32 %bucket_pointer0, i32 %bucket_pointer1, i32 %bucket_pointer2" [sort_seperate_bucket/radix_sort_separate_bucket_parallel.c:131]   --->   Operation 58 'call' 'call_ln131' <Predicate = true> <Delay = 0.00> <CoreType = "Generic">   --->   Core 0 '' <Latency = 0> <II = 1> <Delay = 1.00> <Generic> <Opcode : >
ST_6 : Operation 59 [1/1] (0.38ns)   --->   "%br_ln137 = br void %VITIS_LOOP_138_1" [sort_seperate_bucket/radix_sort_separate_bucket_parallel.c:137]   --->   Operation 59 'br' 'br_ln137' <Predicate = true> <Delay = 0.38>

State 7 <SV = 6> <Delay = 1.02>
ST_7 : Operation 60 [1/1] (0.00ns)   --->   "%l = phi i5 %add_ln137_1, void %for.inc160, i5 0, void %inner_loop_initialization.split" [sort_seperate_bucket/radix_sort_separate_bucket_parallel.c:137]   --->   Operation 60 'phi' 'l' <Predicate = true> <Delay = 0.00>
ST_7 : Operation 61 [1/1] (0.00ns)   --->   "%k = phi i32 %k_6, void %for.inc160, i32 0, void %inner_loop_initialization.split"   --->   Operation 61 'phi' 'k' <Predicate = true> <Delay = 0.00>
ST_7 : Operation 62 [1/1] (0.63ns)   --->   "%icmp_ln137 = icmp_eq  i5 %l, i5 16" [sort_seperate_bucket/radix_sort_separate_bucket_parallel.c:137]   --->   Operation 62 'icmp' 'icmp_ln137' <Predicate = true> <Delay = 0.63> <CoreInst = "Cmp">   --->   Core 9 'Cmp' <Latency = 0> <II = 1> <Delay = 0.63> <FuncUnit> <Opcode : 'icmp'> <InPorts = 2> <OutPorts = 1>
ST_7 : Operation 63 [1/1] (0.00ns)   --->   "%speclooptripcount_ln0 = speclooptripcount void @_ssdm_op_SpecLoopTripCount, i64 16, i64 16, i64 16"   --->   Operation 63 'speclooptripcount' 'speclooptripcount_ln0' <Predicate = true> <Delay = 0.00>
ST_7 : Operation 64 [1/1] (0.70ns)   --->   "%add_ln137_1 = add i5 %l, i5 1" [sort_seperate_bucket/radix_sort_separate_bucket_parallel.c:137]   --->   Operation 64 'add' 'add_ln137_1' <Predicate = true> <Delay = 0.70> <CoreInst = "Adder">   --->   Core 1 'Adder' <Latency = 0> <II = 1> <Delay = 0.70> <FuncUnit> <Opcode : 'add' 'sub'> <InPorts = 2> <OutPorts = 1>
ST_7 : Operation 65 [1/1] (0.00ns)   --->   "%br_ln137 = br i1 %icmp_ln137, void %VITIS_LOOP_138_1.split, void %for.inc177.preheader" [sort_seperate_bucket/radix_sort_separate_bucket_parallel.c:137]   --->   Operation 65 'br' 'br_ln137' <Predicate = true> <Delay = 0.00>
ST_7 : Operation 66 [1/1] (0.00ns)   --->   "%zext_ln137 = zext i5 %l" [sort_seperate_bucket/radix_sort_separate_bucket_parallel.c:137]   --->   Operation 66 'zext' 'zext_ln137' <Predicate = (!icmp_ln137)> <Delay = 0.00>
ST_7 : Operation 67 [1/1] (0.00ns)   --->   "%bucket_pointer0_addr = getelementptr i32 %bucket_pointer0, i64 0, i64 %zext_ln137" [sort_seperate_bucket/radix_sort_separate_bucket_parallel.c:137]   --->   Operation 67 'getelementptr' 'bucket_pointer0_addr' <Predicate = (!icmp_ln137)> <Delay = 0.00>
ST_7 : Operation 68 [2/2] (0.69ns)   --->   "%bucket_pointer0_load = load i4 %bucket_pointer0_addr" [sort_seperate_bucket/radix_sort_separate_bucket_parallel.c:137]   --->   Operation 68 'load' 'bucket_pointer0_load' <Predicate = (!icmp_ln137)> <Delay = 0.69> <CoreInst = "RAM">   --->   Core 83 'RAM' <Latency = 1> <II = 1> <Delay = 0.69> <Storage> <Opcode : 'load' 'store'> <Ports = 2> <Width = 32> <Depth = 16> <RAM>
ST_7 : Operation 69 [2/2] (0.00ns)   --->   "%call_ln0 = call void @radix_sort_separate_bucket_parallel_5_Pipeline_clear_bucket_pointer, i32 %bucket_pointer0, i32 %bucket_pointer1, i32 %bucket_pointer2, i1 %bucket_pointer3"   --->   Operation 69 'call' 'call_ln0' <Predicate = (icmp_ln137)> <Delay = 0.00> <CoreType = "Generic">   --->   Core 0 '' <Latency = 0> <II = 1> <Delay = 1.00> <Generic> <Opcode : >
ST_7 : Operation 70 [1/1] (0.38ns)   --->   "%store_ln112 = store i4 %i_2, i4 %i" [sort_seperate_bucket/radix_sort_separate_bucket_parallel.c:112]   --->   Operation 70 'store' 'store_ln112' <Predicate = (icmp_ln137)> <Delay = 0.38>

State 8 <SV = 7> <Delay = 3.45>
ST_8 : Operation 71 [1/1] (0.00ns)   --->   "%tmp = bitconcatenate i8 @_ssdm_op_BitConcatenate.i8.i5.i3, i5 %l, i3 0" [sort_seperate_bucket/radix_sort_separate_bucket_parallel.c:140]   --->   Operation 71 'bitconcatenate' 'tmp' <Predicate = true> <Delay = 0.00>
ST_8 : Operation 72 [1/1] (0.00ns)   --->   "%zext_ln140 = zext i8 %tmp" [sort_seperate_bucket/radix_sort_separate_bucket_parallel.c:140]   --->   Operation 72 'zext' 'zext_ln140' <Predicate = true> <Delay = 0.00>
ST_8 : Operation 73 [1/1] (0.00ns)   --->   "%tmp_1 = bitconcatenate i6 @_ssdm_op_BitConcatenate.i6.i5.i1, i5 %l, i1 0" [sort_seperate_bucket/radix_sort_separate_bucket_parallel.c:140]   --->   Operation 73 'bitconcatenate' 'tmp_1' <Predicate = true> <Delay = 0.00>
ST_8 : Operation 74 [1/1] (0.00ns)   --->   "%zext_ln140_2 = zext i6 %tmp_1" [sort_seperate_bucket/radix_sort_separate_bucket_parallel.c:140]   --->   Operation 74 'zext' 'zext_ln140_2' <Predicate = true> <Delay = 0.00>
ST_8 : Operation 75 [1/1] (0.70ns)   --->   "%add_ln140 = add i9 %zext_ln140, i9 %zext_ln140_2" [sort_seperate_bucket/radix_sort_separate_bucket_parallel.c:140]   --->   Operation 75 'add' 'add_ln140' <Predicate = true> <Delay = 0.70> <CoreInst = "Adder">   --->   Core 1 'Adder' <Latency = 0> <II = 1> <Delay = 0.70> <FuncUnit> <Opcode : 'add' 'sub'> <InPorts = 2> <OutPorts = 1>
ST_8 : Operation 76 [1/1] (0.00ns)   --->   "%trunc_ln137 = trunc i9 %add_ln140" [sort_seperate_bucket/radix_sort_separate_bucket_parallel.c:137]   --->   Operation 76 'trunc' 'trunc_ln137' <Predicate = true> <Delay = 0.00>
ST_8 : Operation 77 [1/1] (0.00ns)   --->   "%specloopname_ln137 = specloopname void @_ssdm_op_SpecLoopName, void @empty_6" [sort_seperate_bucket/radix_sort_separate_bucket_parallel.c:137]   --->   Operation 77 'specloopname' 'specloopname_ln137' <Predicate = true> <Delay = 0.00>
ST_8 : Operation 78 [1/2] (0.69ns)   --->   "%bucket_pointer0_load = load i4 %bucket_pointer0_addr" [sort_seperate_bucket/radix_sort_separate_bucket_parallel.c:137]   --->   Operation 78 'load' 'bucket_pointer0_load' <Predicate = true> <Delay = 0.69> <CoreInst = "RAM">   --->   Core 83 'RAM' <Latency = 1> <II = 1> <Delay = 0.69> <Storage> <Opcode : 'load' 'store'> <Ports = 2> <Width = 32> <Depth = 16> <RAM>
ST_8 : Operation 79 [1/1] (0.85ns)   --->   "%icmp_ln138 = icmp_sgt  i32 %bucket_pointer0_load, i32 0" [sort_seperate_bucket/radix_sort_separate_bucket_parallel.c:138]   --->   Operation 79 'icmp' 'icmp_ln138' <Predicate = true> <Delay = 0.85> <CoreInst = "Cmp">   --->   Core 9 'Cmp' <Latency = 0> <II = 1> <Delay = 0.85> <FuncUnit> <Opcode : 'icmp'> <InPorts = 2> <OutPorts = 1>
ST_8 : Operation 80 [1/1] (0.38ns)   --->   "%br_ln138 = br i1 %icmp_ln138, void %VITIS_LOOP_143_2, void %for.body86.lr.ph" [sort_seperate_bucket/radix_sort_separate_bucket_parallel.c:138]   --->   Operation 80 'br' 'br_ln138' <Predicate = true> <Delay = 0.38>
ST_8 : Operation 81 [1/1] (0.00ns)   --->   "%trunc_ln138 = trunc i32 %bucket_pointer0_load" [sort_seperate_bucket/radix_sort_separate_bucket_parallel.c:138]   --->   Operation 81 'trunc' 'trunc_ln138' <Predicate = (icmp_ln138)> <Delay = 0.00>
ST_8 : Operation 82 [2/2] (1.90ns)   --->   "%call_ln137 = call void @radix_sort_separate_bucket_parallel_5_Pipeline_VITIS_LOOP_138_1, i32 %k, i31 %trunc_ln138, i8 %trunc_ln137, i32 %bucket0, i32 %sorted_data" [sort_seperate_bucket/radix_sort_separate_bucket_parallel.c:137]   --->   Operation 82 'call' 'call_ln137' <Predicate = (icmp_ln138)> <Delay = 1.90> <CoreType = "Generic">   --->   Core 0 '' <Latency = 0> <II = 1> <Delay = 1.00> <Generic> <Opcode : >

State 9 <SV = 8> <Delay = 0.88>
ST_9 : Operation 83 [1/2] (0.00ns)   --->   "%call_ln137 = call void @radix_sort_separate_bucket_parallel_5_Pipeline_VITIS_LOOP_138_1, i32 %k, i31 %trunc_ln138, i8 %trunc_ln137, i32 %bucket0, i32 %sorted_data" [sort_seperate_bucket/radix_sort_separate_bucket_parallel.c:137]   --->   Operation 83 'call' 'call_ln137' <Predicate = (icmp_ln138)> <Delay = 0.00> <CoreType = "Generic">   --->   Core 0 '' <Latency = 0> <II = 1> <Delay = 1.00> <Generic> <Opcode : >
ST_9 : Operation 84 [1/1] (0.88ns)   --->   "%empty = add i32 %bucket_pointer0_load, i32 %k" [sort_seperate_bucket/radix_sort_separate_bucket_parallel.c:137]   --->   Operation 84 'add' 'empty' <Predicate = (icmp_ln138)> <Delay = 0.88> <CoreInst = "Adder">   --->   Core 1 'Adder' <Latency = 0> <II = 1> <Delay = 0.88> <FuncUnit> <Opcode : 'add' 'sub'> <InPorts = 2> <OutPorts = 1>
ST_9 : Operation 85 [1/1] (0.38ns)   --->   "%br_ln0 = br void %VITIS_LOOP_143_2"   --->   Operation 85 'br' 'br_ln0' <Predicate = (icmp_ln138)> <Delay = 0.38>
ST_9 : Operation 86 [1/1] (0.00ns)   --->   "%bucket_pointer1_addr = getelementptr i32 %bucket_pointer1, i64 0, i64 %zext_ln137" [sort_seperate_bucket/radix_sort_separate_bucket_parallel.c:137]   --->   Operation 86 'getelementptr' 'bucket_pointer1_addr' <Predicate = true> <Delay = 0.00>
ST_9 : Operation 87 [2/2] (0.69ns)   --->   "%bucket_pointer1_load = load i4 %bucket_pointer1_addr" [sort_seperate_bucket/radix_sort_separate_bucket_parallel.c:137]   --->   Operation 87 'load' 'bucket_pointer1_load' <Predicate = true> <Delay = 0.69> <CoreInst = "RAM">   --->   Core 83 'RAM' <Latency = 1> <II = 1> <Delay = 0.69> <Storage> <Opcode : 'load' 'store'> <Ports = 2> <Width = 32> <Depth = 16> <RAM>

State 10 <SV = 9> <Delay = 3.45>
ST_10 : Operation 88 [1/1] (0.00ns)   --->   "%k_2 = phi i32 %empty, void %for.body86.lr.ph, i32 %k, void %VITIS_LOOP_138_1.split"   --->   Operation 88 'phi' 'k_2' <Predicate = true> <Delay = 0.00>
ST_10 : Operation 89 [1/2] (0.69ns)   --->   "%bucket_pointer1_load = load i4 %bucket_pointer1_addr" [sort_seperate_bucket/radix_sort_separate_bucket_parallel.c:137]   --->   Operation 89 'load' 'bucket_pointer1_load' <Predicate = true> <Delay = 0.69> <CoreInst = "RAM">   --->   Core 83 'RAM' <Latency = 1> <II = 1> <Delay = 0.69> <Storage> <Opcode : 'load' 'store'> <Ports = 2> <Width = 32> <Depth = 16> <RAM>
ST_10 : Operation 90 [1/1] (0.85ns)   --->   "%icmp_ln143 = icmp_sgt  i32 %bucket_pointer1_load, i32 0" [sort_seperate_bucket/radix_sort_separate_bucket_parallel.c:143]   --->   Operation 90 'icmp' 'icmp_ln143' <Predicate = true> <Delay = 0.85> <CoreInst = "Cmp">   --->   Core 9 'Cmp' <Latency = 0> <II = 1> <Delay = 0.85> <FuncUnit> <Opcode : 'icmp'> <InPorts = 2> <OutPorts = 1>
ST_10 : Operation 91 [1/1] (0.38ns)   --->   "%br_ln143 = br i1 %icmp_ln143, void %VITIS_LOOP_148_3, void %for.body101.lr.ph" [sort_seperate_bucket/radix_sort_separate_bucket_parallel.c:143]   --->   Operation 91 'br' 'br_ln143' <Predicate = true> <Delay = 0.38>
ST_10 : Operation 92 [1/1] (0.00ns)   --->   "%trunc_ln143 = trunc i32 %bucket_pointer1_load" [sort_seperate_bucket/radix_sort_separate_bucket_parallel.c:143]   --->   Operation 92 'trunc' 'trunc_ln143' <Predicate = (icmp_ln143)> <Delay = 0.00>
ST_10 : Operation 93 [2/2] (1.90ns)   --->   "%call_ln137 = call void @radix_sort_separate_bucket_parallel_5_Pipeline_VITIS_LOOP_143_2, i32 %k_2, i31 %trunc_ln143, i8 %trunc_ln137, i32 %bucket1, i32 %sorted_data" [sort_seperate_bucket/radix_sort_separate_bucket_parallel.c:137]   --->   Operation 93 'call' 'call_ln137' <Predicate = (icmp_ln143)> <Delay = 1.90> <CoreType = "Generic">   --->   Core 0 '' <Latency = 0> <II = 1> <Delay = 1.00> <Generic> <Opcode : >

State 11 <SV = 10> <Delay = 0.88>
ST_11 : Operation 94 [1/2] (0.00ns)   --->   "%call_ln137 = call void @radix_sort_separate_bucket_parallel_5_Pipeline_VITIS_LOOP_143_2, i32 %k_2, i31 %trunc_ln143, i8 %trunc_ln137, i32 %bucket1, i32 %sorted_data" [sort_seperate_bucket/radix_sort_separate_bucket_parallel.c:137]   --->   Operation 94 'call' 'call_ln137' <Predicate = (icmp_ln143)> <Delay = 0.00> <CoreType = "Generic">   --->   Core 0 '' <Latency = 0> <II = 1> <Delay = 1.00> <Generic> <Opcode : >
ST_11 : Operation 95 [1/1] (0.88ns)   --->   "%empty_22 = add i32 %bucket_pointer1_load, i32 %k_2" [sort_seperate_bucket/radix_sort_separate_bucket_parallel.c:137]   --->   Operation 95 'add' 'empty_22' <Predicate = (icmp_ln143)> <Delay = 0.88> <CoreInst = "Adder">   --->   Core 1 'Adder' <Latency = 0> <II = 1> <Delay = 0.88> <FuncUnit> <Opcode : 'add' 'sub'> <InPorts = 2> <OutPorts = 1>
ST_11 : Operation 96 [1/1] (0.38ns)   --->   "%br_ln0 = br void %VITIS_LOOP_148_3"   --->   Operation 96 'br' 'br_ln0' <Predicate = (icmp_ln143)> <Delay = 0.38>
ST_11 : Operation 97 [1/1] (0.00ns)   --->   "%bucket_pointer2_addr = getelementptr i32 %bucket_pointer2, i64 0, i64 %zext_ln137" [sort_seperate_bucket/radix_sort_separate_bucket_parallel.c:137]   --->   Operation 97 'getelementptr' 'bucket_pointer2_addr' <Predicate = true> <Delay = 0.00>
ST_11 : Operation 98 [2/2] (0.69ns)   --->   "%bucket_pointer2_load = load i4 %bucket_pointer2_addr" [sort_seperate_bucket/radix_sort_separate_bucket_parallel.c:137]   --->   Operation 98 'load' 'bucket_pointer2_load' <Predicate = true> <Delay = 0.69> <CoreInst = "RAM">   --->   Core 83 'RAM' <Latency = 1> <II = 1> <Delay = 0.69> <Storage> <Opcode : 'load' 'store'> <Ports = 2> <Width = 32> <Depth = 16> <RAM>

State 12 <SV = 11> <Delay = 3.45>
ST_12 : Operation 99 [1/1] (0.00ns)   --->   "%k_3 = phi i32 %empty_22, void %for.body101.lr.ph, i32 %k_2, void %VITIS_LOOP_143_2"   --->   Operation 99 'phi' 'k_3' <Predicate = true> <Delay = 0.00>
ST_12 : Operation 100 [1/2] (0.69ns)   --->   "%bucket_pointer2_load = load i4 %bucket_pointer2_addr" [sort_seperate_bucket/radix_sort_separate_bucket_parallel.c:137]   --->   Operation 100 'load' 'bucket_pointer2_load' <Predicate = true> <Delay = 0.69> <CoreInst = "RAM">   --->   Core 83 'RAM' <Latency = 1> <II = 1> <Delay = 0.69> <Storage> <Opcode : 'load' 'store'> <Ports = 2> <Width = 32> <Depth = 16> <RAM>
ST_12 : Operation 101 [1/1] (0.85ns)   --->   "%icmp_ln148 = icmp_sgt  i32 %bucket_pointer2_load, i32 0" [sort_seperate_bucket/radix_sort_separate_bucket_parallel.c:148]   --->   Operation 101 'icmp' 'icmp_ln148' <Predicate = true> <Delay = 0.85> <CoreInst = "Cmp">   --->   Core 9 'Cmp' <Latency = 0> <II = 1> <Delay = 0.85> <FuncUnit> <Opcode : 'icmp'> <InPorts = 2> <OutPorts = 1>
ST_12 : Operation 102 [1/1] (0.38ns)   --->   "%br_ln148 = br i1 %icmp_ln148, void %VITIS_LOOP_153_4, void %for.body117.lr.ph" [sort_seperate_bucket/radix_sort_separate_bucket_parallel.c:148]   --->   Operation 102 'br' 'br_ln148' <Predicate = true> <Delay = 0.38>
ST_12 : Operation 103 [1/1] (0.00ns)   --->   "%trunc_ln148 = trunc i32 %bucket_pointer2_load" [sort_seperate_bucket/radix_sort_separate_bucket_parallel.c:148]   --->   Operation 103 'trunc' 'trunc_ln148' <Predicate = (icmp_ln148)> <Delay = 0.00>
ST_12 : Operation 104 [2/2] (1.90ns)   --->   "%call_ln137 = call void @radix_sort_separate_bucket_parallel_5_Pipeline_VITIS_LOOP_148_3, i32 %k_3, i31 %trunc_ln148, i8 %trunc_ln137, i32 %bucket2, i32 %sorted_data" [sort_seperate_bucket/radix_sort_separate_bucket_parallel.c:137]   --->   Operation 104 'call' 'call_ln137' <Predicate = (icmp_ln148)> <Delay = 1.90> <CoreType = "Generic">   --->   Core 0 '' <Latency = 0> <II = 1> <Delay = 1.00> <Generic> <Opcode : >

State 13 <SV = 12> <Delay = 0.88>
ST_13 : Operation 105 [1/2] (0.00ns)   --->   "%call_ln137 = call void @radix_sort_separate_bucket_parallel_5_Pipeline_VITIS_LOOP_148_3, i32 %k_3, i31 %trunc_ln148, i8 %trunc_ln137, i32 %bucket2, i32 %sorted_data" [sort_seperate_bucket/radix_sort_separate_bucket_parallel.c:137]   --->   Operation 105 'call' 'call_ln137' <Predicate = (icmp_ln148)> <Delay = 0.00> <CoreType = "Generic">   --->   Core 0 '' <Latency = 0> <II = 1> <Delay = 1.00> <Generic> <Opcode : >
ST_13 : Operation 106 [1/1] (0.88ns)   --->   "%empty_23 = add i32 %bucket_pointer2_load, i32 %k_3" [sort_seperate_bucket/radix_sort_separate_bucket_parallel.c:137]   --->   Operation 106 'add' 'empty_23' <Predicate = (icmp_ln148)> <Delay = 0.88> <CoreInst = "Adder">   --->   Core 1 'Adder' <Latency = 0> <II = 1> <Delay = 0.88> <FuncUnit> <Opcode : 'add' 'sub'> <InPorts = 2> <OutPorts = 1>
ST_13 : Operation 107 [1/1] (0.38ns)   --->   "%br_ln0 = br void %VITIS_LOOP_153_4"   --->   Operation 107 'br' 'br_ln0' <Predicate = (icmp_ln148)> <Delay = 0.38>
ST_13 : Operation 108 [1/1] (0.00ns)   --->   "%bucket_pointer3_addr = getelementptr i1 %bucket_pointer3, i64 0, i64 %zext_ln137" [sort_seperate_bucket/radix_sort_separate_bucket_parallel.c:137]   --->   Operation 108 'getelementptr' 'bucket_pointer3_addr' <Predicate = true> <Delay = 0.00>
ST_13 : Operation 109 [2/2] (0.63ns)   --->   "%bucket_pointer3_load = load i4 %bucket_pointer3_addr" [sort_seperate_bucket/radix_sort_separate_bucket_parallel.c:137]   --->   Operation 109 'load' 'bucket_pointer3_load' <Predicate = true> <Delay = 0.63> <CoreInst = "RAM">   --->   Core 83 'RAM' <Latency = 1> <II = 1> <Delay = 0.63> <Storage> <Opcode : 'load' 'store'> <Ports = 2> <Width = 1> <Depth = 16> <RAM>

State 14 <SV = 13> <Delay = 1.26>
ST_14 : Operation 110 [1/1] (0.00ns)   --->   "%k_4 = phi i32 %empty_23, void %for.body117.lr.ph, i32 %k_3, void %VITIS_LOOP_148_3"   --->   Operation 110 'phi' 'k_4' <Predicate = true> <Delay = 0.00>
ST_14 : Operation 111 [1/2] (0.63ns)   --->   "%bucket_pointer3_load = load i4 %bucket_pointer3_addr" [sort_seperate_bucket/radix_sort_separate_bucket_parallel.c:137]   --->   Operation 111 'load' 'bucket_pointer3_load' <Predicate = true> <Delay = 0.63> <CoreInst = "RAM">   --->   Core 83 'RAM' <Latency = 1> <II = 1> <Delay = 0.63> <Storage> <Opcode : 'load' 'store'> <Ports = 2> <Width = 1> <Depth = 16> <RAM>
ST_14 : Operation 112 [1/1] (0.00ns)   --->   "%bucket_pointer3_load_cast8 = zext i1 %bucket_pointer3_load" [sort_seperate_bucket/radix_sort_separate_bucket_parallel.c:137]   --->   Operation 112 'zext' 'bucket_pointer3_load_cast8' <Predicate = true> <Delay = 0.00>
ST_14 : Operation 113 [1/1] (0.38ns)   --->   "%br_ln153 = br i1 %bucket_pointer3_load, void %VITIS_LOOP_158_5, void %for.body133.lr.ph" [sort_seperate_bucket/radix_sort_separate_bucket_parallel.c:153]   --->   Operation 113 'br' 'br_ln153' <Predicate = true> <Delay = 0.38>
ST_14 : Operation 114 [1/1] (0.88ns)   --->   "%add_ln153 = add i32 %k_4, i32 1" [sort_seperate_bucket/radix_sort_separate_bucket_parallel.c:153]   --->   Operation 114 'add' 'add_ln153' <Predicate = (bucket_pointer3_load)> <Delay = 0.88> <CoreInst = "Adder">   --->   Core 1 'Adder' <Latency = 0> <II = 1> <Delay = 0.88> <FuncUnit> <Opcode : 'add' 'sub'> <InPorts = 2> <OutPorts = 1>
ST_14 : Operation 115 [2/2] (0.38ns)   --->   "%call_ln137 = call void @radix_sort_separate_bucket_parallel_5_Pipeline_VITIS_LOOP_153_4, i32 %k_4, i32 %add_ln153, i9 %add_ln140, i32 %sorted_data" [sort_seperate_bucket/radix_sort_separate_bucket_parallel.c:137]   --->   Operation 115 'call' 'call_ln137' <Predicate = (bucket_pointer3_load)> <Delay = 0.38> <CoreType = "Generic">   --->   Core 0 '' <Latency = 0> <II = 1> <Delay = 1.00> <Generic> <Opcode : >

State 15 <SV = 14> <Delay = 1.26>
ST_15 : Operation 116 [1/2] (0.00ns)   --->   "%call_ln137 = call void @radix_sort_separate_bucket_parallel_5_Pipeline_VITIS_LOOP_153_4, i32 %k_4, i32 %add_ln153, i9 %add_ln140, i32 %sorted_data" [sort_seperate_bucket/radix_sort_separate_bucket_parallel.c:137]   --->   Operation 116 'call' 'call_ln137' <Predicate = (bucket_pointer3_load)> <Delay = 0.00> <CoreType = "Generic">   --->   Core 0 '' <Latency = 0> <II = 1> <Delay = 1.00> <Generic> <Opcode : >
ST_15 : Operation 117 [1/1] (0.88ns)   --->   "%add_ln158 = add i32 %k_4, i32 %bucket_pointer3_load_cast8" [sort_seperate_bucket/radix_sort_separate_bucket_parallel.c:158]   --->   Operation 117 'add' 'add_ln158' <Predicate = (bucket_pointer3_load)> <Delay = 0.88> <CoreInst = "Adder">   --->   Core 1 'Adder' <Latency = 0> <II = 1> <Delay = 0.88> <FuncUnit> <Opcode : 'add' 'sub'> <InPorts = 2> <OutPorts = 1>
ST_15 : Operation 118 [1/1] (0.38ns)   --->   "%br_ln158 = br void %VITIS_LOOP_158_5" [sort_seperate_bucket/radix_sort_separate_bucket_parallel.c:158]   --->   Operation 118 'br' 'br_ln158' <Predicate = (bucket_pointer3_load)> <Delay = 0.38>
ST_15 : Operation 119 [1/1] (0.00ns)   --->   "%k_5 = phi i32 %add_ln158, void %for.body133.lr.ph, i32 %k_4, void %VITIS_LOOP_153_4"   --->   Operation 119 'phi' 'k_5' <Predicate = true> <Delay = 0.00>
ST_15 : Operation 120 [1/1] (0.38ns)   --->   "%br_ln158 = br i1 %icmp_ln148, void %for.inc160, void %for.body149.lr.ph" [sort_seperate_bucket/radix_sort_separate_bucket_parallel.c:158]   --->   Operation 120 'br' 'br_ln158' <Predicate = true> <Delay = 0.38>

State 16 <SV = 15> <Delay = 1.90>
ST_16 : Operation 121 [1/1] (0.00ns)   --->   "%trunc_ln158 = trunc i32 %bucket_pointer2_load" [sort_seperate_bucket/radix_sort_separate_bucket_parallel.c:158]   --->   Operation 121 'trunc' 'trunc_ln158' <Predicate = true> <Delay = 0.00>
ST_16 : Operation 122 [2/2] (1.90ns)   --->   "%call_ln158 = call void @radix_sort_separate_bucket_parallel_5_Pipeline_VITIS_LOOP_158_5, i32 %k_5, i31 %trunc_ln158, i8 %trunc_ln137, i32 %sorted_data" [sort_seperate_bucket/radix_sort_separate_bucket_parallel.c:158]   --->   Operation 122 'call' 'call_ln158' <Predicate = true> <Delay = 1.90> <CoreType = "Generic">   --->   Core 0 '' <Latency = 0> <II = 1> <Delay = 1.00> <Generic> <Opcode : >

State 17 <SV = 16> <Delay = 1.26>
ST_17 : Operation 123 [1/2] (0.00ns)   --->   "%call_ln158 = call void @radix_sort_separate_bucket_parallel_5_Pipeline_VITIS_LOOP_158_5, i32 %k_5, i31 %trunc_ln158, i8 %trunc_ln137, i32 %sorted_data" [sort_seperate_bucket/radix_sort_separate_bucket_parallel.c:158]   --->   Operation 123 'call' 'call_ln158' <Predicate = (icmp_ln148)> <Delay = 0.00> <CoreType = "Generic">   --->   Core 0 '' <Latency = 0> <II = 1> <Delay = 1.00> <Generic> <Opcode : >
ST_17 : Operation 124 [1/1] (0.88ns)   --->   "%add_ln137 = add i32 %bucket_pointer2_load, i32 %k_5" [sort_seperate_bucket/radix_sort_separate_bucket_parallel.c:137]   --->   Operation 124 'add' 'add_ln137' <Predicate = (icmp_ln148)> <Delay = 0.88> <CoreInst = "Adder">   --->   Core 1 'Adder' <Latency = 0> <II = 1> <Delay = 0.88> <FuncUnit> <Opcode : 'add' 'sub'> <InPorts = 2> <OutPorts = 1>
ST_17 : Operation 125 [1/1] (0.38ns)   --->   "%br_ln137 = br void %for.inc160" [sort_seperate_bucket/radix_sort_separate_bucket_parallel.c:137]   --->   Operation 125 'br' 'br_ln137' <Predicate = (icmp_ln148)> <Delay = 0.38>
ST_17 : Operation 126 [1/1] (0.00ns)   --->   "%k_6 = phi i32 %add_ln137, void %for.body149.lr.ph, i32 %k_5, void %VITIS_LOOP_158_5"   --->   Operation 126 'phi' 'k_6' <Predicate = true> <Delay = 0.00>
ST_17 : Operation 127 [1/1] (0.00ns)   --->   "%br_ln137 = br void %VITIS_LOOP_138_1" [sort_seperate_bucket/radix_sort_separate_bucket_parallel.c:137]   --->   Operation 127 'br' 'br_ln137' <Predicate = true> <Delay = 0.00>

State 18 <SV = 7> <Delay = 0.00>
ST_18 : Operation 128 [1/2] (0.00ns)   --->   "%call_ln0 = call void @radix_sort_separate_bucket_parallel_5_Pipeline_clear_bucket_pointer, i32 %bucket_pointer0, i32 %bucket_pointer1, i32 %bucket_pointer2, i1 %bucket_pointer3"   --->   Operation 128 'call' 'call_ln0' <Predicate = true> <Delay = 0.00> <CoreType = "Generic">   --->   Core 0 '' <Latency = 0> <II = 1> <Delay = 1.00> <Generic> <Opcode : >
ST_18 : Operation 129 [1/1] (0.00ns)   --->   "%br_ln112 = br void %inner_loop_initialization" [sort_seperate_bucket/radix_sort_separate_bucket_parallel.c:112]   --->   Operation 129 'br' 'br_ln112' <Predicate = true> <Delay = 0.00>


============================================================
+ Verbose Summary: Timing violations
============================================================
Target clock period: 10ns, clock uncertainty: 2.7ns.

 <State 1>: 0.387ns
The critical path consists of the following:
	'alloca' operation ('i') [3]  (0 ns)
	'store' operation ('store_ln112', sort_seperate_bucket/radix_sort_separate_bucket_parallel.c:112) of constant 0 on local variable 'i' [24]  (0.387 ns)

 <State 2>: 0ns
The critical path consists of the following:

 <State 3>: 0.708ns
The critical path consists of the following:
	'load' operation ('i', sort_seperate_bucket/radix_sort_separate_bucket_parallel.c:112) on local variable 'i' [27]  (0 ns)
	'add' operation ('i', sort_seperate_bucket/radix_sort_separate_bucket_parallel.c:112) [30]  (0.708 ns)

 <State 4>: 0ns
The critical path consists of the following:

 <State 5>: 0ns
The critical path consists of the following:

 <State 6>: 0.387ns
The critical path consists of the following:
	multiplexor before 'phi' operation ('l', sort_seperate_bucket/radix_sort_separate_bucket_parallel.c:137) with incoming values : ('add_ln137_1', sort_seperate_bucket/radix_sort_separate_bucket_parallel.c:137) [39]  (0.387 ns)

 <State 7>: 1.02ns
The critical path consists of the following:
	'phi' operation ('l', sort_seperate_bucket/radix_sort_separate_bucket_parallel.c:137) with incoming values : ('add_ln137_1', sort_seperate_bucket/radix_sort_separate_bucket_parallel.c:137) [39]  (0 ns)
	'add' operation ('add_ln137_1', sort_seperate_bucket/radix_sort_separate_bucket_parallel.c:137) [43]  (0.707 ns)
	blocking operation 0.317 ns on control path)

 <State 8>: 3.46ns
The critical path consists of the following:
	'add' operation ('add_ln140', sort_seperate_bucket/radix_sort_separate_bucket_parallel.c:140) [51]  (0.705 ns)
	'call' operation ('call_ln137', sort_seperate_bucket/radix_sort_separate_bucket_parallel.c:137) to 'radix_sort_separate_bucket_parallel_5_Pipeline_VITIS_LOOP_138_1' [60]  (1.9 ns)
	blocking operation 0.853 ns on control path)

 <State 9>: 0.88ns
The critical path consists of the following:
	'add' operation ('empty', sort_seperate_bucket/radix_sort_separate_bucket_parallel.c:137) [61]  (0.88 ns)

 <State 10>: 3.46ns
The critical path consists of the following:
	'load' operation ('bucket_pointer1_load', sort_seperate_bucket/radix_sort_separate_bucket_parallel.c:137) on array 'bucket_pointer1', sort_seperate_bucket/radix_sort_separate_bucket_parallel.c:95 [66]  (0.699 ns)
	'call' operation ('call_ln137', sort_seperate_bucket/radix_sort_separate_bucket_parallel.c:137) to 'radix_sort_separate_bucket_parallel_5_Pipeline_VITIS_LOOP_143_2' [71]  (1.9 ns)
	blocking operation 0.859 ns on control path)

 <State 11>: 0.88ns
The critical path consists of the following:
	'add' operation ('empty_22', sort_seperate_bucket/radix_sort_separate_bucket_parallel.c:137) [72]  (0.88 ns)

 <State 12>: 3.46ns
The critical path consists of the following:
	'load' operation ('bucket_pointer2_load', sort_seperate_bucket/radix_sort_separate_bucket_parallel.c:137) on array 'bucket_pointer2', sort_seperate_bucket/radix_sort_separate_bucket_parallel.c:96 [77]  (0.699 ns)
	'call' operation ('call_ln137', sort_seperate_bucket/radix_sort_separate_bucket_parallel.c:137) to 'radix_sort_separate_bucket_parallel_5_Pipeline_VITIS_LOOP_148_3' [82]  (1.9 ns)
	blocking operation 0.859 ns on control path)

 <State 13>: 0.88ns
The critical path consists of the following:
	'add' operation ('empty_23', sort_seperate_bucket/radix_sort_separate_bucket_parallel.c:137) [83]  (0.88 ns)

 <State 14>: 1.27ns
The critical path consists of the following:
	'phi' operation ('k') with incoming values : ('empty', sort_seperate_bucket/radix_sort_separate_bucket_parallel.c:137) ('empty_22', sort_seperate_bucket/radix_sort_separate_bucket_parallel.c:137) ('empty_23', sort_seperate_bucket/radix_sort_separate_bucket_parallel.c:137) ('add_ln158', sort_seperate_bucket/radix_sort_separate_bucket_parallel.c:158) ('add_ln137', sort_seperate_bucket/radix_sort_separate_bucket_parallel.c:137) [86]  (0 ns)
	'add' operation ('add_ln153', sort_seperate_bucket/radix_sort_separate_bucket_parallel.c:153) [92]  (0.88 ns)
	'call' operation ('call_ln137', sort_seperate_bucket/radix_sort_separate_bucket_parallel.c:137) to 'radix_sort_separate_bucket_parallel_5_Pipeline_VITIS_LOOP_153_4' [93]  (0.387 ns)

 <State 15>: 1.27ns
The critical path consists of the following:
	'add' operation ('add_ln158', sort_seperate_bucket/radix_sort_separate_bucket_parallel.c:158) [94]  (0.88 ns)
	multiplexor before 'phi' operation ('k') with incoming values : ('empty', sort_seperate_bucket/radix_sort_separate_bucket_parallel.c:137) ('empty_22', sort_seperate_bucket/radix_sort_separate_bucket_parallel.c:137) ('empty_23', sort_seperate_bucket/radix_sort_separate_bucket_parallel.c:137) ('add_ln158', sort_seperate_bucket/radix_sort_separate_bucket_parallel.c:158) ('add_ln137', sort_seperate_bucket/radix_sort_separate_bucket_parallel.c:137) [97]  (0.387 ns)
	'phi' operation ('k') with incoming values : ('empty', sort_seperate_bucket/radix_sort_separate_bucket_parallel.c:137) ('empty_22', sort_seperate_bucket/radix_sort_separate_bucket_parallel.c:137) ('empty_23', sort_seperate_bucket/radix_sort_separate_bucket_parallel.c:137) ('add_ln158', sort_seperate_bucket/radix_sort_separate_bucket_parallel.c:158) ('add_ln137', sort_seperate_bucket/radix_sort_separate_bucket_parallel.c:137) [97]  (0 ns)

 <State 16>: 1.9ns
The critical path consists of the following:
	'call' operation ('call_ln158', sort_seperate_bucket/radix_sort_separate_bucket_parallel.c:158) to 'radix_sort_separate_bucket_parallel_5_Pipeline_VITIS_LOOP_158_5' [101]  (1.9 ns)

 <State 17>: 1.27ns
The critical path consists of the following:
	'add' operation ('add_ln137', sort_seperate_bucket/radix_sort_separate_bucket_parallel.c:137) [102]  (0.88 ns)
	multiplexor before 'phi' operation ('k') with incoming values : ('empty', sort_seperate_bucket/radix_sort_separate_bucket_parallel.c:137) ('empty_22', sort_seperate_bucket/radix_sort_separate_bucket_parallel.c:137) ('empty_23', sort_seperate_bucket/radix_sort_separate_bucket_parallel.c:137) ('add_ln158', sort_seperate_bucket/radix_sort_separate_bucket_parallel.c:158) ('add_ln137', sort_seperate_bucket/radix_sort_separate_bucket_parallel.c:137) [105]  (0.387 ns)
	'phi' operation ('k') with incoming values : ('empty', sort_seperate_bucket/radix_sort_separate_bucket_parallel.c:137) ('empty_22', sort_seperate_bucket/radix_sort_separate_bucket_parallel.c:137) ('empty_23', sort_seperate_bucket/radix_sort_separate_bucket_parallel.c:137) ('add_ln158', sort_seperate_bucket/radix_sort_separate_bucket_parallel.c:158) ('add_ln137', sort_seperate_bucket/radix_sort_separate_bucket_parallel.c:137) [105]  (0 ns)

 <State 18>: 0ns
The critical path consists of the following:


============================================================
+ Verbose Summary: Binding
============================================================
N/A
* FSMD analyzer results:
  - Output states:
 - Input state : 
  - Chain level:
	State 1
	State 2
	State 3
	State 4
	State 5
	State 6
	State 7
	State 8
	State 9
	State 10
	State 11
	State 12
	State 13
	State 14
	State 15
	State 16
	State 17
	State 18


============================================================
+ Verbose Summary: Datapath Resource usage 
============================================================
N/A
