

================================================================
== Vitis HLS Report for 'single_heap_sort_Pipeline_VITIS_LOOP_16_11'
================================================================
* Date:           Tue Apr 25 23:13:38 2023

* Version:        2022.2 (Build 3670227 on Oct 13 2022)
* Project:        sort_seperate_bucket
* Solution:       solution1 (Vivado IP Flow Target)
* Product family: virtexuplus
* Target device:  xcu280-fsvh2892-2L-e


================================================================
== Performance Estimates
================================================================
+ Timing: 
    * Summary: 
    +--------+----------+----------+------------+
    |  Clock |  Target  | Estimated| Uncertainty|
    +--------+----------+----------+------------+
    |ap_clk  |  10.00 ns|  2.754 ns|     2.70 ns|
    +--------+----------+----------+------------+

+ Latency: 
    * Summary: 
    +---------+---------+----------+----------+-----+-----+---------+
    |  Latency (cycles) |  Latency (absolute) |  Interval | Pipeline|
    |   min   |   max   |    min   |    max   | min | max |   Type  |
    +---------+---------+----------+----------+-----+-----+---------+
    |        ?|        ?|         ?|         ?|    ?|    ?|       no|
    +---------+---------+----------+----------+-----+-----+---------+

    + Detail: 
        * Instance: 
        N/A

        * Loop: 
        +-------------------+---------+---------+----------+-----------+-----------+------+----------+
        |                   |  Latency (cycles) | Iteration|  Initiation Interval  | Trip |          |
        |     Loop Name     |   min   |   max   |  Latency |  achieved |   target  | Count| Pipelined|
        +-------------------+---------+---------+----------+-----------+-----------+------+----------+
        |- VITIS_LOOP_16_1  |        ?|        ?|         5|          5|          1|     ?|       yes|
        +-------------------+---------+---------+----------+-----------+-----------+------+----------+

============================================================
+ Verbose Summary: Synthesis Manager
============================================================
InlineROM: 1
ExposeGlobal: 0
============================================================
+ Verbose Summary: CDFG Model
============================================================
IsTopModel: 0
ResetActiveHigh: 1
IsCombinational: 0
IsDatapathOnly: 0
HasWiredReturn: 1
HasMFsm: 2
HasVarLatency: 1
IsPipeline: 0
IsRtlPipelined: 0
IsInstanceOverlapped: 0
IsDontTouch: 0
HasImplIP: 0
IsGatedGlobalClock: 0

+ Individual pipeline summary: 
  * Pipeline-0: initiation interval (II) = 5, depth = 5


============================================================
+ Verbose Summary: Schedule
============================================================
* Number of FSM states : 5
* Pipeline : 1
  Pipeline-0 : II = 5, D = 5, States = { 1 2 3 4 5 }
* Dataflow Pipeline: 0

* FSM state transitions: 
1 --> 2 
2 --> 3 
3 --> 4 
4 --> 5 
5 --> 

* FSM state operations: 

State 1 <SV = 0> <Delay = 1.24>
ST_1 : Operation 8 [1/1] (0.00ns)   --->   "%largest = alloca i32 1"   --->   Operation 8 'alloca' 'largest' <Predicate = true> <Delay = 0.00>
ST_1 : Operation 9 [1/1] (0.00ns)   --->   "%zext_ln57_1_read = read i23 @_ssdm_op_Read.ap_auto.i23, i23 %zext_ln57_1"   --->   Operation 9 'read' 'zext_ln57_1_read' <Predicate = true> <Delay = 0.00>
ST_1 : Operation 10 [1/1] (0.00ns)   --->   "%zext_ln57_1_cast = zext i23 %zext_ln57_1_read"   --->   Operation 10 'zext' 'zext_ln57_1_cast' <Predicate = true> <Delay = 0.00>
ST_1 : Operation 11 [1/1] (0.41ns)   --->   "%store_ln0 = store i32 0, i32 %largest"   --->   Operation 11 'store' 'store_ln0' <Predicate = true> <Delay = 0.41>
ST_1 : Operation 12 [1/1] (0.00ns)   --->   "%br_ln0 = br void %while.body.i10"   --->   Operation 12 'br' 'br_ln0' <Predicate = true> <Delay = 0.00>
ST_1 : Operation 13 [1/1] (0.00ns)   --->   "%largest_1 = load i32 %largest" [sort_seperate_bucket/single_heap_sort.c:18]   --->   Operation 13 'load' 'largest_1' <Predicate = true> <Delay = 0.00>
ST_1 : Operation 14 [1/1] (0.00ns)   --->   "%specpipeline_ln0 = specpipeline void @_ssdm_op_SpecPipeline, i32 4294967295, i32 0, i32 1, i32 0, void @p_str"   --->   Operation 14 'specpipeline' 'specpipeline_ln0' <Predicate = true> <Delay = 0.00>
ST_1 : Operation 15 [1/1] (0.00ns)   --->   "%specloopname_ln15 = specloopname void @_ssdm_op_SpecLoopName, void @empty_3" [sort_seperate_bucket/single_heap_sort.c:15]   --->   Operation 15 'specloopname' 'specloopname_ln15' <Predicate = true> <Delay = 0.00>
ST_1 : Operation 16 [1/1] (0.00ns)   --->   "%shl_ln18 = shl i32 %largest_1, i32 1" [sort_seperate_bucket/single_heap_sort.c:18]   --->   Operation 16 'shl' 'shl_ln18' <Predicate = true> <Delay = 0.00>
ST_1 : Operation 17 [1/1] (0.00ns)   --->   "%left = or i32 %shl_ln18, i32 1" [sort_seperate_bucket/single_heap_sort.c:18]   --->   Operation 17 'or' 'left' <Predicate = true> <Delay = 0.00>
ST_1 : Operation 18 [1/1] (0.88ns)   --->   "%right = add i32 %shl_ln18, i32 2" [sort_seperate_bucket/single_heap_sort.c:19]   --->   Operation 18 'add' 'right' <Predicate = true> <Delay = 0.88> <CoreInst = "Adder">   --->   Core 1 'Adder' <Latency = 0> <II = 1> <Delay = 0.88> <FuncUnit> <Opcode : 'add' 'sub'> <InPorts = 2> <OutPorts = 1>
ST_1 : Operation 19 [1/1] (0.00ns)   --->   "%zext_ln22 = zext i32 %left" [sort_seperate_bucket/single_heap_sort.c:22]   --->   Operation 19 'zext' 'zext_ln22' <Predicate = true> <Delay = 0.00>
ST_1 : Operation 20 [1/1] (0.85ns)   --->   "%icmp_ln22 = icmp_sgt  i32 %zext_ln57_1_cast, i32 %left" [sort_seperate_bucket/single_heap_sort.c:22]   --->   Operation 20 'icmp' 'icmp_ln22' <Predicate = true> <Delay = 0.85> <CoreInst = "Cmp">   --->   Core 9 'Cmp' <Latency = 0> <II = 1> <Delay = 0.85> <FuncUnit> <Opcode : 'icmp'> <InPorts = 2> <OutPorts = 1>
ST_1 : Operation 21 [1/1] (0.00ns)   --->   "%br_ln22 = br i1 %icmp_ln22, void %if.end.i20, void %land.lhs.true.i17" [sort_seperate_bucket/single_heap_sort.c:22]   --->   Operation 21 'br' 'br_ln22' <Predicate = true> <Delay = 0.00>
ST_1 : Operation 22 [1/1] (0.00ns)   --->   "%data_addr = getelementptr i32 %data, i64 0, i64 %zext_ln22" [sort_seperate_bucket/single_heap_sort.c:22]   --->   Operation 22 'getelementptr' 'data_addr' <Predicate = (icmp_ln22)> <Delay = 0.00>
ST_1 : Operation 23 [2/2] (1.24ns)   --->   "%data_load = load i23 %data_addr" [sort_seperate_bucket/single_heap_sort.c:22]   --->   Operation 23 'load' 'data_load' <Predicate = (icmp_ln22)> <Delay = 1.24> <CoreInst = "RAM">   --->   Core 83 'RAM' <Latency = 1> <II = 1> <Delay = 1.24> <Storage> <Opcode : 'load' 'store'> <Ports = 2> <Width = 32> <Depth = 5000000> <RAM>
ST_1 : Operation 24 [1/1] (0.00ns)   --->   "%zext_ln22_1 = zext i32 %largest_1" [sort_seperate_bucket/single_heap_sort.c:22]   --->   Operation 24 'zext' 'zext_ln22_1' <Predicate = (icmp_ln22)> <Delay = 0.00>
ST_1 : Operation 25 [1/1] (0.00ns)   --->   "%data_addr_1 = getelementptr i32 %data, i64 0, i64 %zext_ln22_1" [sort_seperate_bucket/single_heap_sort.c:22]   --->   Operation 25 'getelementptr' 'data_addr_1' <Predicate = (icmp_ln22)> <Delay = 0.00>
ST_1 : Operation 26 [2/2] (1.24ns)   --->   "%data_load_1 = load i23 %data_addr_1" [sort_seperate_bucket/single_heap_sort.c:22]   --->   Operation 26 'load' 'data_load_1' <Predicate = (icmp_ln22)> <Delay = 1.24> <CoreInst = "RAM">   --->   Core 83 'RAM' <Latency = 1> <II = 1> <Delay = 1.24> <Storage> <Opcode : 'load' 'store'> <Ports = 2> <Width = 32> <Depth = 5000000> <RAM>

State 2 <SV = 1> <Delay = 2.75>
ST_2 : Operation 27 [1/2] (1.24ns)   --->   "%data_load = load i23 %data_addr" [sort_seperate_bucket/single_heap_sort.c:22]   --->   Operation 27 'load' 'data_load' <Predicate = (icmp_ln22)> <Delay = 1.24> <CoreInst = "RAM">   --->   Core 83 'RAM' <Latency = 1> <II = 1> <Delay = 1.24> <Storage> <Opcode : 'load' 'store'> <Ports = 2> <Width = 32> <Depth = 5000000> <RAM>
ST_2 : Operation 28 [1/2] (1.24ns)   --->   "%data_load_1 = load i23 %data_addr_1" [sort_seperate_bucket/single_heap_sort.c:22]   --->   Operation 28 'load' 'data_load_1' <Predicate = (icmp_ln22)> <Delay = 1.24> <CoreInst = "RAM">   --->   Core 83 'RAM' <Latency = 1> <II = 1> <Delay = 1.24> <Storage> <Opcode : 'load' 'store'> <Ports = 2> <Width = 32> <Depth = 5000000> <RAM>
ST_2 : Operation 29 [1/1] (0.85ns)   --->   "%icmp_ln22_1 = icmp_sgt  i32 %data_load, i32 %data_load_1" [sort_seperate_bucket/single_heap_sort.c:22]   --->   Operation 29 'icmp' 'icmp_ln22_1' <Predicate = (icmp_ln22)> <Delay = 0.85> <CoreInst = "Cmp">   --->   Core 9 'Cmp' <Latency = 0> <II = 1> <Delay = 0.85> <FuncUnit> <Opcode : 'icmp'> <InPorts = 2> <OutPorts = 1>
ST_2 : Operation 30 [1/1] (0.22ns)   --->   "%select_ln22 = select i1 %icmp_ln22_1, i32 %left, i32 %largest_1" [sort_seperate_bucket/single_heap_sort.c:22]   --->   Operation 30 'select' 'select_ln22' <Predicate = (icmp_ln22)> <Delay = 0.22> <CoreInst = "Sel">   --->   Core 73 'Sel' <Latency = 0> <II = 1> <Delay = 0.22> <FuncUnit> <Opcode : 'select'> <InPorts = 3> <OutPorts = 1>
ST_2 : Operation 31 [1/1] (0.41ns)   --->   "%store_ln22 = store i32 %select_ln22, i32 %largest" [sort_seperate_bucket/single_heap_sort.c:22]   --->   Operation 31 'store' 'store_ln22' <Predicate = (icmp_ln22)> <Delay = 0.41>
ST_2 : Operation 32 [1/1] (0.00ns)   --->   "%br_ln22 = br void %if.end.i20" [sort_seperate_bucket/single_heap_sort.c:22]   --->   Operation 32 'br' 'br_ln22' <Predicate = (icmp_ln22)> <Delay = 0.00>
ST_2 : Operation 33 [1/1] (0.00ns)   --->   "%zext_ln26 = zext i32 %right" [sort_seperate_bucket/single_heap_sort.c:26]   --->   Operation 33 'zext' 'zext_ln26' <Predicate = true> <Delay = 0.00>
ST_2 : Operation 34 [1/1] (0.85ns)   --->   "%icmp_ln26 = icmp_sgt  i32 %zext_ln57_1_cast, i32 %right" [sort_seperate_bucket/single_heap_sort.c:26]   --->   Operation 34 'icmp' 'icmp_ln26' <Predicate = true> <Delay = 0.85> <CoreInst = "Cmp">   --->   Core 9 'Cmp' <Latency = 0> <II = 1> <Delay = 0.85> <FuncUnit> <Opcode : 'icmp'> <InPorts = 2> <OutPorts = 1>
ST_2 : Operation 35 [1/1] (0.00ns)   --->   "%br_ln26 = br i1 %icmp_ln26, void %if.end14.i30, void %land.lhs.true7.i27" [sort_seperate_bucket/single_heap_sort.c:26]   --->   Operation 35 'br' 'br_ln26' <Predicate = true> <Delay = 0.00>
ST_2 : Operation 36 [1/1] (0.00ns)   --->   "%largest_load = load i32 %largest" [sort_seperate_bucket/single_heap_sort.c:26]   --->   Operation 36 'load' 'largest_load' <Predicate = (icmp_ln26)> <Delay = 0.00>
ST_2 : Operation 37 [1/1] (0.00ns)   --->   "%data_addr_2 = getelementptr i32 %data, i64 0, i64 %zext_ln26" [sort_seperate_bucket/single_heap_sort.c:26]   --->   Operation 37 'getelementptr' 'data_addr_2' <Predicate = (icmp_ln26)> <Delay = 0.00>
ST_2 : Operation 38 [2/2] (1.24ns)   --->   "%data_load_2 = load i23 %data_addr_2" [sort_seperate_bucket/single_heap_sort.c:26]   --->   Operation 38 'load' 'data_load_2' <Predicate = (icmp_ln26)> <Delay = 1.24> <CoreInst = "RAM">   --->   Core 83 'RAM' <Latency = 1> <II = 1> <Delay = 1.24> <Storage> <Opcode : 'load' 'store'> <Ports = 2> <Width = 32> <Depth = 5000000> <RAM>
ST_2 : Operation 39 [1/1] (0.00ns)   --->   "%zext_ln26_1 = zext i32 %largest_load" [sort_seperate_bucket/single_heap_sort.c:26]   --->   Operation 39 'zext' 'zext_ln26_1' <Predicate = (icmp_ln26)> <Delay = 0.00>
ST_2 : Operation 40 [1/1] (0.00ns)   --->   "%data_addr_3 = getelementptr i32 %data, i64 0, i64 %zext_ln26_1" [sort_seperate_bucket/single_heap_sort.c:26]   --->   Operation 40 'getelementptr' 'data_addr_3' <Predicate = (icmp_ln26)> <Delay = 0.00>
ST_2 : Operation 41 [2/2] (1.24ns)   --->   "%data_load_3 = load i23 %data_addr_3" [sort_seperate_bucket/single_heap_sort.c:26]   --->   Operation 41 'load' 'data_load_3' <Predicate = (icmp_ln26)> <Delay = 1.24> <CoreInst = "RAM">   --->   Core 83 'RAM' <Latency = 1> <II = 1> <Delay = 1.24> <Storage> <Opcode : 'load' 'store'> <Ports = 2> <Width = 32> <Depth = 5000000> <RAM>

State 3 <SV = 2> <Delay = 2.75>
ST_3 : Operation 42 [1/2] (1.24ns)   --->   "%data_load_2 = load i23 %data_addr_2" [sort_seperate_bucket/single_heap_sort.c:26]   --->   Operation 42 'load' 'data_load_2' <Predicate = (icmp_ln26)> <Delay = 1.24> <CoreInst = "RAM">   --->   Core 83 'RAM' <Latency = 1> <II = 1> <Delay = 1.24> <Storage> <Opcode : 'load' 'store'> <Ports = 2> <Width = 32> <Depth = 5000000> <RAM>
ST_3 : Operation 43 [1/2] (1.24ns)   --->   "%data_load_3 = load i23 %data_addr_3" [sort_seperate_bucket/single_heap_sort.c:26]   --->   Operation 43 'load' 'data_load_3' <Predicate = (icmp_ln26)> <Delay = 1.24> <CoreInst = "RAM">   --->   Core 83 'RAM' <Latency = 1> <II = 1> <Delay = 1.24> <Storage> <Opcode : 'load' 'store'> <Ports = 2> <Width = 32> <Depth = 5000000> <RAM>
ST_3 : Operation 44 [1/1] (0.85ns)   --->   "%icmp_ln26_1 = icmp_sgt  i32 %data_load_2, i32 %data_load_3" [sort_seperate_bucket/single_heap_sort.c:26]   --->   Operation 44 'icmp' 'icmp_ln26_1' <Predicate = (icmp_ln26)> <Delay = 0.85> <CoreInst = "Cmp">   --->   Core 9 'Cmp' <Latency = 0> <II = 1> <Delay = 0.85> <FuncUnit> <Opcode : 'icmp'> <InPorts = 2> <OutPorts = 1>
ST_3 : Operation 45 [1/1] (0.22ns)   --->   "%select_ln26 = select i1 %icmp_ln26_1, i32 %right, i32 %largest_load" [sort_seperate_bucket/single_heap_sort.c:26]   --->   Operation 45 'select' 'select_ln26' <Predicate = (icmp_ln26)> <Delay = 0.22> <CoreInst = "Sel">   --->   Core 73 'Sel' <Latency = 0> <II = 1> <Delay = 0.22> <FuncUnit> <Opcode : 'select'> <InPorts = 3> <OutPorts = 1>
ST_3 : Operation 46 [1/1] (0.41ns)   --->   "%store_ln26 = store i32 %select_ln26, i32 %largest" [sort_seperate_bucket/single_heap_sort.c:26]   --->   Operation 46 'store' 'store_ln26' <Predicate = (icmp_ln26)> <Delay = 0.41>
ST_3 : Operation 47 [1/1] (0.00ns)   --->   "%br_ln26 = br void %if.end14.i30" [sort_seperate_bucket/single_heap_sort.c:26]   --->   Operation 47 'br' 'br_ln26' <Predicate = (icmp_ln26)> <Delay = 0.00>
ST_3 : Operation 48 [1/1] (0.00ns)   --->   "%largest_2 = load i32 %largest" [sort_seperate_bucket/single_heap_sort.c:34]   --->   Operation 48 'load' 'largest_2' <Predicate = true> <Delay = 0.00>
ST_3 : Operation 49 [1/1] (0.85ns)   --->   "%icmp_ln30 = icmp_eq  i32 %largest_2, i32 %largest_1" [sort_seperate_bucket/single_heap_sort.c:30]   --->   Operation 49 'icmp' 'icmp_ln30' <Predicate = true> <Delay = 0.85> <CoreInst = "Cmp">   --->   Core 9 'Cmp' <Latency = 0> <II = 1> <Delay = 0.85> <FuncUnit> <Opcode : 'icmp'> <InPorts = 2> <OutPorts = 1>
ST_3 : Operation 50 [1/1] (0.00ns)   --->   "%br_ln30 = br i1 %icmp_ln30, void %cleanup.cont.i40, void %single_maxHeapify.exit41.exitStub" [sort_seperate_bucket/single_heap_sort.c:30]   --->   Operation 50 'br' 'br_ln30' <Predicate = true> <Delay = 0.00>
ST_3 : Operation 51 [1/1] (0.00ns)   --->   "%zext_ln34 = zext i32 %largest_1" [sort_seperate_bucket/single_heap_sort.c:34]   --->   Operation 51 'zext' 'zext_ln34' <Predicate = (!icmp_ln30)> <Delay = 0.00>
ST_3 : Operation 52 [1/1] (0.00ns)   --->   "%data_addr_4 = getelementptr i32 %data, i64 0, i64 %zext_ln34" [sort_seperate_bucket/single_heap_sort.c:34]   --->   Operation 52 'getelementptr' 'data_addr_4' <Predicate = (!icmp_ln30)> <Delay = 0.00>
ST_3 : Operation 53 [1/1] (0.00ns)   --->   "%zext_ln34_1 = zext i32 %largest_2" [sort_seperate_bucket/single_heap_sort.c:34]   --->   Operation 53 'zext' 'zext_ln34_1' <Predicate = (!icmp_ln30)> <Delay = 0.00>
ST_3 : Operation 54 [1/1] (0.00ns)   --->   "%data_addr_5 = getelementptr i32 %data, i64 0, i64 %zext_ln34_1" [sort_seperate_bucket/single_heap_sort.c:34]   --->   Operation 54 'getelementptr' 'data_addr_5' <Predicate = (!icmp_ln30)> <Delay = 0.00>
ST_3 : Operation 55 [2/2] (1.24ns)   --->   "%temp = load i23 %data_addr_4" [sort_seperate_bucket/single_heap_sort.c:9]   --->   Operation 55 'load' 'temp' <Predicate = (!icmp_ln30)> <Delay = 1.24> <CoreInst = "RAM">   --->   Core 83 'RAM' <Latency = 1> <II = 1> <Delay = 1.24> <Storage> <Opcode : 'load' 'store'> <Ports = 2> <Width = 32> <Depth = 5000000> <RAM>
ST_3 : Operation 56 [2/2] (1.24ns)   --->   "%data_load_5 = load i23 %data_addr_5" [sort_seperate_bucket/single_heap_sort.c:10]   --->   Operation 56 'load' 'data_load_5' <Predicate = (!icmp_ln30)> <Delay = 1.24> <CoreInst = "RAM">   --->   Core 83 'RAM' <Latency = 1> <II = 1> <Delay = 1.24> <Storage> <Opcode : 'load' 'store'> <Ports = 2> <Width = 32> <Depth = 5000000> <RAM>
ST_3 : Operation 62 [1/1] (0.00ns)   --->   "%ret_ln0 = ret"   --->   Operation 62 'ret' 'ret_ln0' <Predicate = (icmp_ln30)> <Delay = 0.00>

State 4 <SV = 3> <Delay = 2.49>
ST_4 : Operation 57 [1/2] (1.24ns)   --->   "%temp = load i23 %data_addr_4" [sort_seperate_bucket/single_heap_sort.c:9]   --->   Operation 57 'load' 'temp' <Predicate = true> <Delay = 1.24> <CoreInst = "RAM">   --->   Core 83 'RAM' <Latency = 1> <II = 1> <Delay = 1.24> <Storage> <Opcode : 'load' 'store'> <Ports = 2> <Width = 32> <Depth = 5000000> <RAM>
ST_4 : Operation 58 [1/2] (1.24ns)   --->   "%data_load_5 = load i23 %data_addr_5" [sort_seperate_bucket/single_heap_sort.c:10]   --->   Operation 58 'load' 'data_load_5' <Predicate = true> <Delay = 1.24> <CoreInst = "RAM">   --->   Core 83 'RAM' <Latency = 1> <II = 1> <Delay = 1.24> <Storage> <Opcode : 'load' 'store'> <Ports = 2> <Width = 32> <Depth = 5000000> <RAM>
ST_4 : Operation 59 [1/1] (1.24ns)   --->   "%store_ln10 = store i32 %data_load_5, i23 %data_addr_4" [sort_seperate_bucket/single_heap_sort.c:10]   --->   Operation 59 'store' 'store_ln10' <Predicate = true> <Delay = 1.24> <CoreInst = "RAM">   --->   Core 83 'RAM' <Latency = 1> <II = 1> <Delay = 1.24> <Storage> <Opcode : 'load' 'store'> <Ports = 2> <Width = 32> <Depth = 5000000> <RAM>

State 5 <SV = 4> <Delay = 1.24>
ST_5 : Operation 60 [1/1] (1.24ns)   --->   "%store_ln11 = store i32 %temp, i23 %data_addr_5" [sort_seperate_bucket/single_heap_sort.c:11]   --->   Operation 60 'store' 'store_ln11' <Predicate = true> <Delay = 1.24> <CoreInst = "RAM">   --->   Core 83 'RAM' <Latency = 1> <II = 1> <Delay = 1.24> <Storage> <Opcode : 'load' 'store'> <Ports = 2> <Width = 32> <Depth = 5000000> <RAM>
ST_5 : Operation 61 [1/1] (0.00ns)   --->   "%br_ln16 = br void %while.body.i10" [sort_seperate_bucket/single_heap_sort.c:16]   --->   Operation 61 'br' 'br_ln16' <Predicate = true> <Delay = 0.00>


============================================================
+ Verbose Summary: Binding
============================================================
STG Binding: 
---------------- STG Properties BEGIN ----------------
- Is combinational: 0
- Is one-state seq: 0
- Is datapath-only: 0
- Is pipelined: 0
- Is top level: 0
Port [ Return ] is wired: 1; IO mode=ap_ctrl_hs:ce=0
Port [ zext_ln57_1]:  wired=1; compound=0; hidden=0; nouse=0; global=0; static=0; extern=0; dir=0; type=0; pingpong=0; private_global=0; IO mode=ap_none:ce=0
Port [ data]:  wired=1; compound=1; hidden=0; nouse=0; global=0; static=0; extern=0; dir=2; type=1; pingpong=0; private_global=0; MemPort=[22]; IO mode=ap_memory:ce=0
---------------- STG Properties END ------------------

---------------- Datapath Model BEGIN ----------------

<LifeTime>
<method=bitvector/>
largest           (alloca       ) [ 011100]
zext_ln57_1_read  (read         ) [ 000000]
zext_ln57_1_cast  (zext         ) [ 001000]
store_ln0         (store        ) [ 000000]
br_ln0            (br           ) [ 000000]
largest_1         (load         ) [ 001100]
specpipeline_ln0  (specpipeline ) [ 000000]
specloopname_ln15 (specloopname ) [ 000000]
shl_ln18          (shl          ) [ 000000]
left              (or           ) [ 001000]
right             (add          ) [ 001100]
zext_ln22         (zext         ) [ 000000]
icmp_ln22         (icmp         ) [ 011000]
br_ln22           (br           ) [ 000000]
data_addr         (getelementptr) [ 001000]
zext_ln22_1       (zext         ) [ 000000]
data_addr_1       (getelementptr) [ 001000]
data_load         (load         ) [ 000000]
data_load_1       (load         ) [ 000000]
icmp_ln22_1       (icmp         ) [ 000000]
select_ln22       (select       ) [ 000000]
store_ln22        (store        ) [ 000000]
br_ln22           (br           ) [ 000000]
zext_ln26         (zext         ) [ 000000]
icmp_ln26         (icmp         ) [ 001100]
br_ln26           (br           ) [ 000000]
largest_load      (load         ) [ 000100]
data_addr_2       (getelementptr) [ 000100]
zext_ln26_1       (zext         ) [ 000000]
data_addr_3       (getelementptr) [ 000100]
data_load_2       (load         ) [ 000000]
data_load_3       (load         ) [ 000000]
icmp_ln26_1       (icmp         ) [ 000000]
select_ln26       (select       ) [ 000000]
store_ln26        (store        ) [ 000000]
br_ln26           (br           ) [ 000000]
largest_2         (load         ) [ 000000]
icmp_ln30         (icmp         ) [ 000100]
br_ln30           (br           ) [ 000000]
zext_ln34         (zext         ) [ 000000]
data_addr_4       (getelementptr) [ 000010]
zext_ln34_1       (zext         ) [ 000000]
data_addr_5       (getelementptr) [ 000011]
temp              (load         ) [ 000001]
data_load_5       (load         ) [ 000000]
store_ln10        (store        ) [ 000000]
store_ln11        (store        ) [ 000000]
br_ln16           (br           ) [ 000000]
ret_ln0           (ret          ) [ 000000]
</LifeTime>

<model>

<comp_list>
<comp id="0" class="1000" name="zext_ln57_1">
<pin_list>
<pin id="1" dir="1" index="0" bw="1" slack="0"/>
</pin_list>
<bind>
<StgValue><ssdm name="zext_ln57_1"/></StgValue>
</bind>
</comp>

<comp id="2" class="1000" name="data">
<pin_list>
<pin id="3" dir="1" index="0" bw="1" slack="0"/>
</pin_list>
<bind>
<StgValue><ssdm name="data"/><MemPortTyVec>2 2 </MemPortTyVec>
</StgValue>
</bind>
</comp>

<comp id="4" class="1001" name="const_4">
<pin_list>
<pin id="5" dir="1" index="0" bw="1" slack="0"/>
</pin_list>
<bind>
<StgValue><ssdm name=""/></StgValue>
</bind>
</comp>

<comp id="6" class="1001" name="const_6">
<pin_list>
<pin id="7" dir="1" index="0" bw="1" slack="0"/>
</pin_list>
<bind>
<StgValue><ssdm name="_ssdm_op_Read.ap_auto.i23"/></StgValue>
</bind>
</comp>

<comp id="8" class="1001" name="const_8">
<pin_list>
<pin id="9" dir="1" index="0" bw="1" slack="0"/>
</pin_list>
<bind>
<StgValue><ssdm name=""/></StgValue>
</bind>
</comp>

<comp id="10" class="1001" name="const_10">
<pin_list>
<pin id="11" dir="1" index="0" bw="1" slack="2147483647"/>
</pin_list>
<bind>
<StgValue><ssdm name="_ssdm_op_SpecPipeline"/></StgValue>
</bind>
</comp>

<comp id="12" class="1001" name="const_12">
<pin_list>
<pin id="13" dir="1" index="0" bw="1" slack="2147483647"/>
</pin_list>
<bind>
<StgValue><ssdm name=""/></StgValue>
</bind>
</comp>

<comp id="14" class="1001" name="const_14">
<pin_list>
<pin id="15" dir="1" index="0" bw="1" slack="2147483647"/>
</pin_list>
<bind>
<StgValue><ssdm name="p_str"/></StgValue>
</bind>
</comp>

<comp id="16" class="1001" name="const_16">
<pin_list>
<pin id="17" dir="1" index="0" bw="1" slack="2147483647"/>
</pin_list>
<bind>
<StgValue><ssdm name="_ssdm_op_SpecLoopName"/></StgValue>
</bind>
</comp>

<comp id="18" class="1001" name="const_18">
<pin_list>
<pin id="19" dir="1" index="0" bw="1" slack="2147483647"/>
</pin_list>
<bind>
<StgValue><ssdm name="empty_3"/></StgValue>
</bind>
</comp>

<comp id="20" class="1001" name="const_20">
<pin_list>
<pin id="21" dir="1" index="0" bw="1" slack="0"/>
</pin_list>
<bind>
<StgValue><ssdm name=""/></StgValue>
</bind>
</comp>

<comp id="22" class="1001" name="const_22">
<pin_list>
<pin id="23" dir="1" index="0" bw="1" slack="0"/>
</pin_list>
<bind>
<StgValue><ssdm name=""/></StgValue>
</bind>
</comp>

<comp id="24" class="1004" name="largest_fu_24">
<pin_list>
<pin id="25" dir="0" index="0" bw="1" slack="0"/>
<pin id="26" dir="1" index="1" bw="32" slack="0"/>
</pin_list>
<bind>
<opcode="alloca(26) " fcode="alloca"/>
<opset="largest/1 "/>
</bind>
</comp>

<comp id="28" class="1004" name="zext_ln57_1_read_read_fu_28">
<pin_list>
<pin id="29" dir="0" index="0" bw="23" slack="0"/>
<pin id="30" dir="0" index="1" bw="23" slack="0"/>
<pin id="31" dir="1" index="2" bw="23" slack="0"/>
</pin_list>
<bind>
<opcode="read(1150) " fcode="read"/>
<opset="zext_ln57_1_read/1 "/>
</bind>
</comp>

<comp id="34" class="1004" name="data_addr_gep_fu_34">
<pin_list>
<pin id="35" dir="0" index="0" bw="32" slack="0"/>
<pin id="36" dir="0" index="1" bw="1" slack="0"/>
<pin id="37" dir="0" index="2" bw="32" slack="0"/>
<pin id="38" dir="1" index="3" bw="23" slack="0"/>
</pin_list>
<bind>
<opcode="getelementptr(29) " fcode="getelementptr"/>
<opset="data_addr/1 "/>
</bind>
</comp>

<comp id="41" class="1004" name="grp_access_fu_41">
<pin_list>
<pin id="42" dir="0" index="0" bw="23" slack="0"/>
<pin id="43" dir="0" index="1" bw="32" slack="0"/>
<pin id="44" dir="0" index="2" bw="0" slack="0"/>
<pin id="46" dir="0" index="4" bw="23" slack="1"/>
<pin id="47" dir="0" index="5" bw="32" slack="2147483647"/>
<pin id="48" dir="0" index="6" bw="0" slack="2147483647"/>
<pin id="45" dir="1" index="3" bw="32" slack="0"/>
<pin id="49" dir="1" index="7" bw="32" slack="0"/>
</pin_list>
<bind>
<opcode="load(27) store(28) " fcode="store"/>
<opset="data_load/1 data_load_1/1 data_load_2/2 data_load_3/2 temp/3 data_load_5/3 store_ln10/4 store_ln11/5 "/>
</bind>
</comp>

<comp id="51" class="1004" name="data_addr_1_gep_fu_51">
<pin_list>
<pin id="52" dir="0" index="0" bw="32" slack="0"/>
<pin id="53" dir="0" index="1" bw="1" slack="0"/>
<pin id="54" dir="0" index="2" bw="32" slack="0"/>
<pin id="55" dir="1" index="3" bw="23" slack="0"/>
</pin_list>
<bind>
<opcode="getelementptr(29) " fcode="getelementptr"/>
<opset="data_addr_1/1 "/>
</bind>
</comp>

<comp id="59" class="1004" name="data_addr_2_gep_fu_59">
<pin_list>
<pin id="60" dir="0" index="0" bw="32" slack="0"/>
<pin id="61" dir="0" index="1" bw="1" slack="0"/>
<pin id="62" dir="0" index="2" bw="32" slack="0"/>
<pin id="63" dir="1" index="3" bw="23" slack="0"/>
</pin_list>
<bind>
<opcode="getelementptr(29) " fcode="getelementptr"/>
<opset="data_addr_2/2 "/>
</bind>
</comp>

<comp id="67" class="1004" name="data_addr_3_gep_fu_67">
<pin_list>
<pin id="68" dir="0" index="0" bw="32" slack="0"/>
<pin id="69" dir="0" index="1" bw="1" slack="0"/>
<pin id="70" dir="0" index="2" bw="32" slack="0"/>
<pin id="71" dir="1" index="3" bw="23" slack="0"/>
</pin_list>
<bind>
<opcode="getelementptr(29) " fcode="getelementptr"/>
<opset="data_addr_3/2 "/>
</bind>
</comp>

<comp id="75" class="1004" name="data_addr_4_gep_fu_75">
<pin_list>
<pin id="76" dir="0" index="0" bw="32" slack="0"/>
<pin id="77" dir="0" index="1" bw="1" slack="0"/>
<pin id="78" dir="0" index="2" bw="32" slack="0"/>
<pin id="79" dir="1" index="3" bw="23" slack="0"/>
</pin_list>
<bind>
<opcode="getelementptr(29) " fcode="getelementptr"/>
<opset="data_addr_4/3 "/>
</bind>
</comp>

<comp id="82" class="1004" name="data_addr_5_gep_fu_82">
<pin_list>
<pin id="83" dir="0" index="0" bw="32" slack="0"/>
<pin id="84" dir="0" index="1" bw="1" slack="0"/>
<pin id="85" dir="0" index="2" bw="32" slack="0"/>
<pin id="86" dir="1" index="3" bw="23" slack="0"/>
</pin_list>
<bind>
<opcode="getelementptr(29) " fcode="getelementptr"/>
<opset="data_addr_5/3 "/>
</bind>
</comp>

<comp id="92" class="1004" name="grp_load_fu_92">
<pin_list>
<pin id="93" dir="0" index="0" bw="32" slack="0"/>
<pin id="94" dir="1" index="1" bw="32" slack="0"/>
</pin_list>
<bind>
<opcode="load(27) " fcode="load"/>
<opset="largest_1/1 largest_load/2 largest_2/3 "/>
</bind>
</comp>

<comp id="95" class="1004" name="grp_fu_95">
<pin_list>
<pin id="96" dir="0" index="0" bw="32" slack="0"/>
<pin id="97" dir="0" index="1" bw="32" slack="0"/>
<pin id="98" dir="1" index="2" bw="1" slack="0"/>
</pin_list>
<bind>
<opcode="icmp(45) " fcode="icmp"/>
<opset="icmp_ln22_1/2 icmp_ln26_1/3 "/>
</bind>
</comp>

<comp id="101" class="1004" name="zext_ln57_1_cast_fu_101">
<pin_list>
<pin id="102" dir="0" index="0" bw="23" slack="0"/>
<pin id="103" dir="1" index="1" bw="32" slack="0"/>
</pin_list>
<bind>
<opcode="zext(34) " fcode="zext"/>
<opset="zext_ln57_1_cast/1 "/>
</bind>
</comp>

<comp id="105" class="1004" name="store_ln0_store_fu_105">
<pin_list>
<pin id="106" dir="0" index="0" bw="1" slack="0"/>
<pin id="107" dir="0" index="1" bw="32" slack="0"/>
<pin id="108" dir="1" index="2" bw="0" slack="2147483647"/>
</pin_list>
<bind>
<opcode="store(28) " fcode="store"/>
<opset="store_ln0/1 "/>
</bind>
</comp>

<comp id="110" class="1004" name="shl_ln18_fu_110">
<pin_list>
<pin id="111" dir="0" index="0" bw="32" slack="0"/>
<pin id="112" dir="0" index="1" bw="1" slack="0"/>
<pin id="113" dir="1" index="2" bw="32" slack="0"/>
</pin_list>
<bind>
<opcode="shl(20) " fcode="shl"/>
<opset="shl_ln18/1 "/>
</bind>
</comp>

<comp id="116" class="1004" name="left_fu_116">
<pin_list>
<pin id="117" dir="0" index="0" bw="32" slack="0"/>
<pin id="118" dir="0" index="1" bw="1" slack="0"/>
<pin id="119" dir="1" index="2" bw="32" slack="0"/>
</pin_list>
<bind>
<opcode="or(24) " fcode="or"/>
<opset="left/1 "/>
</bind>
</comp>

<comp id="122" class="1004" name="right_fu_122">
<pin_list>
<pin id="123" dir="0" index="0" bw="32" slack="0"/>
<pin id="124" dir="0" index="1" bw="3" slack="0"/>
<pin id="125" dir="1" index="2" bw="32" slack="1"/>
</pin_list>
<bind>
<opcode="add(8) " fcode="add"/>
<opset="right/1 "/>
</bind>
</comp>

<comp id="128" class="1004" name="zext_ln22_fu_128">
<pin_list>
<pin id="129" dir="0" index="0" bw="32" slack="0"/>
<pin id="130" dir="1" index="1" bw="64" slack="0"/>
</pin_list>
<bind>
<opcode="zext(34) " fcode="zext"/>
<opset="zext_ln22/1 "/>
</bind>
</comp>

<comp id="133" class="1004" name="icmp_ln22_fu_133">
<pin_list>
<pin id="134" dir="0" index="0" bw="23" slack="0"/>
<pin id="135" dir="0" index="1" bw="32" slack="0"/>
<pin id="136" dir="1" index="2" bw="1" slack="1"/>
</pin_list>
<bind>
<opcode="icmp(45) " fcode="icmp"/>
<opset="icmp_ln22/1 "/>
</bind>
</comp>

<comp id="139" class="1004" name="zext_ln22_1_fu_139">
<pin_list>
<pin id="140" dir="0" index="0" bw="32" slack="0"/>
<pin id="141" dir="1" index="1" bw="64" slack="0"/>
</pin_list>
<bind>
<opcode="zext(34) " fcode="zext"/>
<opset="zext_ln22_1/1 "/>
</bind>
</comp>

<comp id="144" class="1004" name="select_ln22_fu_144">
<pin_list>
<pin id="145" dir="0" index="0" bw="1" slack="0"/>
<pin id="146" dir="0" index="1" bw="32" slack="1"/>
<pin id="147" dir="0" index="2" bw="32" slack="1"/>
<pin id="148" dir="1" index="3" bw="32" slack="0"/>
</pin_list>
<bind>
<opcode="select(49) " fcode="select"/>
<opset="select_ln22/2 "/>
</bind>
</comp>

<comp id="150" class="1004" name="store_ln22_store_fu_150">
<pin_list>
<pin id="151" dir="0" index="0" bw="32" slack="0"/>
<pin id="152" dir="0" index="1" bw="32" slack="1"/>
<pin id="153" dir="1" index="2" bw="0" slack="2147483647"/>
</pin_list>
<bind>
<opcode="store(28) " fcode="store"/>
<opset="store_ln22/2 "/>
</bind>
</comp>

<comp id="155" class="1004" name="zext_ln26_fu_155">
<pin_list>
<pin id="156" dir="0" index="0" bw="32" slack="1"/>
<pin id="157" dir="1" index="1" bw="64" slack="0"/>
</pin_list>
<bind>
<opcode="zext(34) " fcode="zext"/>
<opset="zext_ln26/2 "/>
</bind>
</comp>

<comp id="159" class="1004" name="icmp_ln26_fu_159">
<pin_list>
<pin id="160" dir="0" index="0" bw="23" slack="1"/>
<pin id="161" dir="0" index="1" bw="32" slack="1"/>
<pin id="162" dir="1" index="2" bw="1" slack="1"/>
</pin_list>
<bind>
<opcode="icmp(45) " fcode="icmp"/>
<opset="icmp_ln26/2 "/>
</bind>
</comp>

<comp id="163" class="1004" name="zext_ln26_1_fu_163">
<pin_list>
<pin id="164" dir="0" index="0" bw="32" slack="0"/>
<pin id="165" dir="1" index="1" bw="64" slack="0"/>
</pin_list>
<bind>
<opcode="zext(34) " fcode="zext"/>
<opset="zext_ln26_1/2 "/>
</bind>
</comp>

<comp id="168" class="1004" name="select_ln26_fu_168">
<pin_list>
<pin id="169" dir="0" index="0" bw="1" slack="0"/>
<pin id="170" dir="0" index="1" bw="32" slack="2"/>
<pin id="171" dir="0" index="2" bw="32" slack="1"/>
<pin id="172" dir="1" index="3" bw="32" slack="0"/>
</pin_list>
<bind>
<opcode="select(49) " fcode="select"/>
<opset="select_ln26/3 "/>
</bind>
</comp>

<comp id="174" class="1004" name="store_ln26_store_fu_174">
<pin_list>
<pin id="175" dir="0" index="0" bw="32" slack="0"/>
<pin id="176" dir="0" index="1" bw="32" slack="2"/>
<pin id="177" dir="1" index="2" bw="0" slack="2147483647"/>
</pin_list>
<bind>
<opcode="store(28) " fcode="store"/>
<opset="store_ln26/3 "/>
</bind>
</comp>

<comp id="179" class="1004" name="icmp_ln30_fu_179">
<pin_list>
<pin id="180" dir="0" index="0" bw="32" slack="0"/>
<pin id="181" dir="0" index="1" bw="32" slack="2"/>
<pin id="182" dir="1" index="2" bw="1" slack="2147483647"/>
</pin_list>
<bind>
<opcode="icmp(45) " fcode="icmp"/>
<opset="icmp_ln30/3 "/>
</bind>
</comp>

<comp id="184" class="1004" name="zext_ln34_fu_184">
<pin_list>
<pin id="185" dir="0" index="0" bw="32" slack="2"/>
<pin id="186" dir="1" index="1" bw="64" slack="0"/>
</pin_list>
<bind>
<opcode="zext(34) " fcode="zext"/>
<opset="zext_ln34/3 "/>
</bind>
</comp>

<comp id="188" class="1004" name="zext_ln34_1_fu_188">
<pin_list>
<pin id="189" dir="0" index="0" bw="32" slack="0"/>
<pin id="190" dir="1" index="1" bw="64" slack="0"/>
</pin_list>
<bind>
<opcode="zext(34) " fcode="zext"/>
<opset="zext_ln34_1/3 "/>
</bind>
</comp>

<comp id="193" class="1005" name="largest_reg_193">
<pin_list>
<pin id="194" dir="0" index="0" bw="32" slack="0"/>
<pin id="195" dir="1" index="1" bw="32" slack="0"/>
</pin_list>
<bind>
<opset="largest "/>
</bind>
</comp>

<comp id="201" class="1005" name="zext_ln57_1_cast_reg_201">
<pin_list>
<pin id="202" dir="0" index="0" bw="32" slack="1"/>
<pin id="203" dir="1" index="1" bw="32" slack="1"/>
</pin_list>
<bind>
<opset="zext_ln57_1_cast "/>
</bind>
</comp>

<comp id="206" class="1005" name="largest_1_reg_206">
<pin_list>
<pin id="207" dir="0" index="0" bw="32" slack="1"/>
<pin id="208" dir="1" index="1" bw="32" slack="1"/>
</pin_list>
<bind>
<opset="largest_1 "/>
</bind>
</comp>

<comp id="213" class="1005" name="left_reg_213">
<pin_list>
<pin id="214" dir="0" index="0" bw="32" slack="1"/>
<pin id="215" dir="1" index="1" bw="32" slack="1"/>
</pin_list>
<bind>
<opset="left "/>
</bind>
</comp>

<comp id="218" class="1005" name="right_reg_218">
<pin_list>
<pin id="219" dir="0" index="0" bw="32" slack="1"/>
<pin id="220" dir="1" index="1" bw="32" slack="1"/>
</pin_list>
<bind>
<opset="right "/>
</bind>
</comp>

<comp id="225" class="1005" name="icmp_ln22_reg_225">
<pin_list>
<pin id="226" dir="0" index="0" bw="1" slack="1"/>
<pin id="227" dir="1" index="1" bw="1" slack="2147483647"/>
</pin_list>
<bind>
<opset="icmp_ln22 "/>
</bind>
</comp>

<comp id="229" class="1005" name="data_addr_reg_229">
<pin_list>
<pin id="230" dir="0" index="0" bw="23" slack="1"/>
<pin id="231" dir="1" index="1" bw="23" slack="1"/>
</pin_list>
<bind>
<opset="data_addr "/>
</bind>
</comp>

<comp id="234" class="1005" name="data_addr_1_reg_234">
<pin_list>
<pin id="235" dir="0" index="0" bw="23" slack="1"/>
<pin id="236" dir="1" index="1" bw="23" slack="1"/>
</pin_list>
<bind>
<opset="data_addr_1 "/>
</bind>
</comp>

<comp id="239" class="1005" name="icmp_ln26_reg_239">
<pin_list>
<pin id="240" dir="0" index="0" bw="1" slack="1"/>
<pin id="241" dir="1" index="1" bw="1" slack="2147483647"/>
</pin_list>
<bind>
<opset="icmp_ln26 "/>
</bind>
</comp>

<comp id="243" class="1005" name="largest_load_reg_243">
<pin_list>
<pin id="244" dir="0" index="0" bw="32" slack="1"/>
<pin id="245" dir="1" index="1" bw="32" slack="1"/>
</pin_list>
<bind>
<opset="largest_load "/>
</bind>
</comp>

<comp id="248" class="1005" name="data_addr_2_reg_248">
<pin_list>
<pin id="249" dir="0" index="0" bw="23" slack="1"/>
<pin id="250" dir="1" index="1" bw="23" slack="1"/>
</pin_list>
<bind>
<opset="data_addr_2 "/>
</bind>
</comp>

<comp id="253" class="1005" name="data_addr_3_reg_253">
<pin_list>
<pin id="254" dir="0" index="0" bw="23" slack="1"/>
<pin id="255" dir="1" index="1" bw="23" slack="1"/>
</pin_list>
<bind>
<opset="data_addr_3 "/>
</bind>
</comp>

<comp id="261" class="1005" name="data_addr_4_reg_261">
<pin_list>
<pin id="262" dir="0" index="0" bw="23" slack="1"/>
<pin id="263" dir="1" index="1" bw="23" slack="1"/>
</pin_list>
<bind>
<opset="data_addr_4 "/>
</bind>
</comp>

<comp id="267" class="1005" name="data_addr_5_reg_267">
<pin_list>
<pin id="268" dir="0" index="0" bw="23" slack="1"/>
<pin id="269" dir="1" index="1" bw="23" slack="1"/>
</pin_list>
<bind>
<opset="data_addr_5 "/>
</bind>
</comp>

<comp id="273" class="1005" name="temp_reg_273">
<pin_list>
<pin id="274" dir="0" index="0" bw="32" slack="1"/>
<pin id="275" dir="1" index="1" bw="32" slack="1"/>
</pin_list>
<bind>
<opset="temp "/>
</bind>
</comp>

</comp_list>

<net_list>
<net id="27"><net_src comp="4" pin="0"/><net_sink comp="24" pin=0"/></net>

<net id="32"><net_src comp="6" pin="0"/><net_sink comp="28" pin=0"/></net>

<net id="33"><net_src comp="0" pin="0"/><net_sink comp="28" pin=1"/></net>

<net id="39"><net_src comp="2" pin="0"/><net_sink comp="34" pin=0"/></net>

<net id="40"><net_src comp="22" pin="0"/><net_sink comp="34" pin=1"/></net>

<net id="50"><net_src comp="34" pin="3"/><net_sink comp="41" pin=2"/></net>

<net id="56"><net_src comp="2" pin="0"/><net_sink comp="51" pin=0"/></net>

<net id="57"><net_src comp="22" pin="0"/><net_sink comp="51" pin=1"/></net>

<net id="58"><net_src comp="51" pin="3"/><net_sink comp="41" pin=0"/></net>

<net id="64"><net_src comp="2" pin="0"/><net_sink comp="59" pin=0"/></net>

<net id="65"><net_src comp="22" pin="0"/><net_sink comp="59" pin=1"/></net>

<net id="66"><net_src comp="59" pin="3"/><net_sink comp="41" pin=2"/></net>

<net id="72"><net_src comp="2" pin="0"/><net_sink comp="67" pin=0"/></net>

<net id="73"><net_src comp="22" pin="0"/><net_sink comp="67" pin=1"/></net>

<net id="74"><net_src comp="67" pin="3"/><net_sink comp="41" pin=0"/></net>

<net id="80"><net_src comp="2" pin="0"/><net_sink comp="75" pin=0"/></net>

<net id="81"><net_src comp="22" pin="0"/><net_sink comp="75" pin=1"/></net>

<net id="87"><net_src comp="2" pin="0"/><net_sink comp="82" pin=0"/></net>

<net id="88"><net_src comp="22" pin="0"/><net_sink comp="82" pin=1"/></net>

<net id="89"><net_src comp="75" pin="3"/><net_sink comp="41" pin=2"/></net>

<net id="90"><net_src comp="82" pin="3"/><net_sink comp="41" pin=0"/></net>

<net id="91"><net_src comp="41" pin="3"/><net_sink comp="41" pin=1"/></net>

<net id="99"><net_src comp="41" pin="7"/><net_sink comp="95" pin=0"/></net>

<net id="100"><net_src comp="41" pin="3"/><net_sink comp="95" pin=1"/></net>

<net id="104"><net_src comp="28" pin="2"/><net_sink comp="101" pin=0"/></net>

<net id="109"><net_src comp="8" pin="0"/><net_sink comp="105" pin=0"/></net>

<net id="114"><net_src comp="92" pin="1"/><net_sink comp="110" pin=0"/></net>

<net id="115"><net_src comp="4" pin="0"/><net_sink comp="110" pin=1"/></net>

<net id="120"><net_src comp="110" pin="2"/><net_sink comp="116" pin=0"/></net>

<net id="121"><net_src comp="4" pin="0"/><net_sink comp="116" pin=1"/></net>

<net id="126"><net_src comp="110" pin="2"/><net_sink comp="122" pin=0"/></net>

<net id="127"><net_src comp="20" pin="0"/><net_sink comp="122" pin=1"/></net>

<net id="131"><net_src comp="116" pin="2"/><net_sink comp="128" pin=0"/></net>

<net id="132"><net_src comp="128" pin="1"/><net_sink comp="34" pin=2"/></net>

<net id="137"><net_src comp="101" pin="1"/><net_sink comp="133" pin=0"/></net>

<net id="138"><net_src comp="116" pin="2"/><net_sink comp="133" pin=1"/></net>

<net id="142"><net_src comp="92" pin="1"/><net_sink comp="139" pin=0"/></net>

<net id="143"><net_src comp="139" pin="1"/><net_sink comp="51" pin=2"/></net>

<net id="149"><net_src comp="95" pin="2"/><net_sink comp="144" pin=0"/></net>

<net id="154"><net_src comp="144" pin="3"/><net_sink comp="150" pin=0"/></net>

<net id="158"><net_src comp="155" pin="1"/><net_sink comp="59" pin=2"/></net>

<net id="166"><net_src comp="92" pin="1"/><net_sink comp="163" pin=0"/></net>

<net id="167"><net_src comp="163" pin="1"/><net_sink comp="67" pin=2"/></net>

<net id="173"><net_src comp="95" pin="2"/><net_sink comp="168" pin=0"/></net>

<net id="178"><net_src comp="168" pin="3"/><net_sink comp="174" pin=0"/></net>

<net id="183"><net_src comp="92" pin="1"/><net_sink comp="179" pin=0"/></net>

<net id="187"><net_src comp="184" pin="1"/><net_sink comp="75" pin=2"/></net>

<net id="191"><net_src comp="92" pin="1"/><net_sink comp="188" pin=0"/></net>

<net id="192"><net_src comp="188" pin="1"/><net_sink comp="82" pin=2"/></net>

<net id="196"><net_src comp="24" pin="1"/><net_sink comp="193" pin=0"/></net>

<net id="197"><net_src comp="193" pin="1"/><net_sink comp="105" pin=1"/></net>

<net id="198"><net_src comp="193" pin="1"/><net_sink comp="92" pin=0"/></net>

<net id="199"><net_src comp="193" pin="1"/><net_sink comp="150" pin=1"/></net>

<net id="200"><net_src comp="193" pin="1"/><net_sink comp="174" pin=1"/></net>

<net id="204"><net_src comp="101" pin="1"/><net_sink comp="201" pin=0"/></net>

<net id="205"><net_src comp="201" pin="1"/><net_sink comp="159" pin=0"/></net>

<net id="209"><net_src comp="92" pin="1"/><net_sink comp="206" pin=0"/></net>

<net id="210"><net_src comp="206" pin="1"/><net_sink comp="144" pin=2"/></net>

<net id="211"><net_src comp="206" pin="1"/><net_sink comp="179" pin=1"/></net>

<net id="212"><net_src comp="206" pin="1"/><net_sink comp="184" pin=0"/></net>

<net id="216"><net_src comp="116" pin="2"/><net_sink comp="213" pin=0"/></net>

<net id="217"><net_src comp="213" pin="1"/><net_sink comp="144" pin=1"/></net>

<net id="221"><net_src comp="122" pin="2"/><net_sink comp="218" pin=0"/></net>

<net id="222"><net_src comp="218" pin="1"/><net_sink comp="155" pin=0"/></net>

<net id="223"><net_src comp="218" pin="1"/><net_sink comp="159" pin=1"/></net>

<net id="224"><net_src comp="218" pin="1"/><net_sink comp="168" pin=1"/></net>

<net id="228"><net_src comp="133" pin="2"/><net_sink comp="225" pin=0"/></net>

<net id="232"><net_src comp="34" pin="3"/><net_sink comp="229" pin=0"/></net>

<net id="233"><net_src comp="229" pin="1"/><net_sink comp="41" pin=2"/></net>

<net id="237"><net_src comp="51" pin="3"/><net_sink comp="234" pin=0"/></net>

<net id="238"><net_src comp="234" pin="1"/><net_sink comp="41" pin=0"/></net>

<net id="242"><net_src comp="159" pin="2"/><net_sink comp="239" pin=0"/></net>

<net id="246"><net_src comp="92" pin="1"/><net_sink comp="243" pin=0"/></net>

<net id="247"><net_src comp="243" pin="1"/><net_sink comp="168" pin=2"/></net>

<net id="251"><net_src comp="59" pin="3"/><net_sink comp="248" pin=0"/></net>

<net id="252"><net_src comp="248" pin="1"/><net_sink comp="41" pin=2"/></net>

<net id="256"><net_src comp="67" pin="3"/><net_sink comp="253" pin=0"/></net>

<net id="257"><net_src comp="253" pin="1"/><net_sink comp="41" pin=0"/></net>

<net id="264"><net_src comp="75" pin="3"/><net_sink comp="261" pin=0"/></net>

<net id="265"><net_src comp="261" pin="1"/><net_sink comp="41" pin=2"/></net>

<net id="266"><net_src comp="261" pin="1"/><net_sink comp="41" pin=0"/></net>

<net id="270"><net_src comp="82" pin="3"/><net_sink comp="267" pin=0"/></net>

<net id="271"><net_src comp="267" pin="1"/><net_sink comp="41" pin=0"/></net>

<net id="272"><net_src comp="267" pin="1"/><net_sink comp="41" pin=2"/></net>

<net id="276"><net_src comp="41" pin="7"/><net_sink comp="273" pin=0"/></net>

<net id="277"><net_src comp="273" pin="1"/><net_sink comp="41" pin=4"/></net>

</net_list>

</model> 
---------------- Datapath Model END ------------------

* FSMD analyzer results:
  - Output states:
	Port: data | {4 5 }
 - Input state : 
	Port: single_heap_sort_Pipeline_VITIS_LOOP_16_11 : zext_ln57_1 | {1 }
	Port: single_heap_sort_Pipeline_VITIS_LOOP_16_11 : data | {1 2 3 4 }
  - Chain level:
	State 1
		store_ln0 : 1
		largest_1 : 1
		shl_ln18 : 2
		left : 2
		right : 2
		zext_ln22 : 2
		icmp_ln22 : 2
		br_ln22 : 3
		data_addr : 3
		data_load : 4
		zext_ln22_1 : 2
		data_addr_1 : 3
		data_load_1 : 4
	State 2
		icmp_ln22_1 : 1
		select_ln22 : 2
		store_ln22 : 3
		br_ln26 : 1
		data_addr_2 : 1
		data_load_2 : 2
		zext_ln26_1 : 1
		data_addr_3 : 2
		data_load_3 : 3
	State 3
		icmp_ln26_1 : 1
		select_ln26 : 2
		store_ln26 : 3
		icmp_ln30 : 1
		br_ln30 : 2
		data_addr_4 : 1
		zext_ln34_1 : 1
		data_addr_5 : 2
		temp : 2
		data_load_5 : 3
	State 4
		store_ln10 : 1
	State 5


============================================================
+ Verbose Summary: Datapath Resource usage 
============================================================

* Functional unit list:
|----------|-----------------------------|---------|---------|
| Operation|       Functional Unit       |    FF   |   LUT   |
|----------|-----------------------------|---------|---------|
|          |          grp_fu_95          |    0    |    20   |
|   icmp   |       icmp_ln22_fu_133      |    0    |    20   |
|          |       icmp_ln26_fu_159      |    0    |    20   |
|          |       icmp_ln30_fu_179      |    0    |    20   |
|----------|-----------------------------|---------|---------|
|  select  |      select_ln22_fu_144     |    0    |    32   |
|          |      select_ln26_fu_168     |    0    |    32   |
|----------|-----------------------------|---------|---------|
|    add   |         right_fu_122        |    0    |    39   |
|----------|-----------------------------|---------|---------|
|   read   | zext_ln57_1_read_read_fu_28 |    0    |    0    |
|----------|-----------------------------|---------|---------|
|          |   zext_ln57_1_cast_fu_101   |    0    |    0    |
|          |       zext_ln22_fu_128      |    0    |    0    |
|          |      zext_ln22_1_fu_139     |    0    |    0    |
|   zext   |       zext_ln26_fu_155      |    0    |    0    |
|          |      zext_ln26_1_fu_163     |    0    |    0    |
|          |       zext_ln34_fu_184      |    0    |    0    |
|          |      zext_ln34_1_fu_188     |    0    |    0    |
|----------|-----------------------------|---------|---------|
|    shl   |       shl_ln18_fu_110       |    0    |    0    |
|----------|-----------------------------|---------|---------|
|    or    |         left_fu_116         |    0    |    0    |
|----------|-----------------------------|---------|---------|
|   Total  |                             |    0    |   183   |
|----------|-----------------------------|---------|---------|

Memories:
N/A

* Register list:
+------------------------+--------+
|                        |   FF   |
+------------------------+--------+
|   data_addr_1_reg_234  |   23   |
|   data_addr_2_reg_248  |   23   |
|   data_addr_3_reg_253  |   23   |
|   data_addr_4_reg_261  |   23   |
|   data_addr_5_reg_267  |   23   |
|    data_addr_reg_229   |   23   |
|    icmp_ln22_reg_225   |    1   |
|    icmp_ln26_reg_239   |    1   |
|    largest_1_reg_206   |   32   |
|  largest_load_reg_243  |   32   |
|     largest_reg_193    |   32   |
|      left_reg_213      |   32   |
|      right_reg_218     |   32   |
|      temp_reg_273      |   32   |
|zext_ln57_1_cast_reg_201|   32   |
+------------------------+--------+
|          Total         |   364  |
+------------------------+--------+

* Multiplexer (MUX) list: 
|------------------|------|------|------|--------||---------||---------|
|       Comp       |  Pin | Size |  BW  | S x BW ||  Delay  ||   LUT   |
|------------------|------|------|------|--------||---------||---------|
| grp_access_fu_41 |  p0  |   7  |  23  |   161  ||    37   |
| grp_access_fu_41 |  p2  |   7  |   0  |    0   ||    37   |
|------------------|------|------|------|--------||---------||---------|
|       Total      |      |      |      |   161  || 1.10257 ||    74   |
|------------------|------|------|------|--------||---------||---------|



* Summary:
+-----------+--------+--------+--------+
|           |  Delay |   FF   |   LUT  |
+-----------+--------+--------+--------+
|  Function |    -   |    0   |   183  |
|   Memory  |    -   |    -   |    -   |
|Multiplexer|    1   |    -   |   74   |
|  Register |    -   |   364  |    -   |
+-----------+--------+--------+--------+
|   Total   |    1   |   364  |   257  |
+-----------+--------+--------+--------+
