/home/boyiw7/sort_seperate_bucket/solution1/.autopilot/db/sort_top.pp.0.c:938:2: warning: Added loop label VITIS_LOOP_37_1:   [xilinx-label-all-loops]
 for(i=0; i<32; i++){
 ^~~
 VITIS_LOOP_37_1: 
/home/boyiw7/sort_seperate_bucket/solution1/.autopilot/db/sort_top.pp.0.c:938:2: note: FIX-IT applied suggested code changes
/home/boyiw7/sort_seperate_bucket/solution1/.autopilot/db/sort_top.pp.0.c:943:2: warning: Added loop label VITIS_LOOP_42_2:   [xilinx-label-all-loops]
 for(i=0; i<16; i++){
 ^~~
 VITIS_LOOP_42_2: 
/home/boyiw7/sort_seperate_bucket/solution1/.autopilot/db/sort_top.pp.0.c:943:2: note: FIX-IT applied suggested code changes
/home/boyiw7/sort_seperate_bucket/solution1/.autopilot/db/sort_top.pp.0.c:948:2: warning: Added loop label VITIS_LOOP_47_3:   [xilinx-label-all-loops]
 for(i=0; i<8; i++){
 ^~~
 VITIS_LOOP_47_3: 
/home/boyiw7/sort_seperate_bucket/solution1/.autopilot/db/sort_top.pp.0.c:948:2: note: FIX-IT applied suggested code changes
/home/boyiw7/sort_seperate_bucket/solution1/.autopilot/db/sort_top.pp.0.c:953:2: warning: Added loop label VITIS_LOOP_52_4:   [xilinx-label-all-loops]
 for(i=0; i<4; i++){
 ^~~
 VITIS_LOOP_52_4: 
/home/boyiw7/sort_seperate_bucket/solution1/.autopilot/db/sort_top.pp.0.c:953:2: note: FIX-IT applied suggested code changes
/home/boyiw7/sort_seperate_bucket/solution1/.autopilot/db/sort_top.pp.0.c:958:2: warning: Added loop label VITIS_LOOP_57_5:   [xilinx-label-all-loops]
 for(i=0; i<2; i++){
 ^~~
 VITIS_LOOP_57_5: 
/home/boyiw7/sort_seperate_bucket/solution1/.autopilot/db/sort_top.pp.0.c:958:2: note: FIX-IT applied suggested code changes
/home/boyiw7/sort_seperate_bucket/solution1/.autopilot/db/sort_top.pp.0.c:986:1: warning: Added loop label VITIS_LOOP_85_1:   [xilinx-label-all-loops]
for(i=0; i<64; i++){
^~~
VITIS_LOOP_85_1: 
/home/boyiw7/sort_seperate_bucket/solution1/.autopilot/db/sort_top.pp.0.c:986:1: note: FIX-IT applied suggested code changes
/home/boyiw7/sort_seperate_bucket/solution1/.autopilot/db/sort_top.pp.0.c:991:1: warning: Added loop label VITIS_LOOP_90_2:   [xilinx-label-all-loops]
for(i=0; i<32; i++){
^~~
VITIS_LOOP_90_2: 
/home/boyiw7/sort_seperate_bucket/solution1/.autopilot/db/sort_top.pp.0.c:991:1: note: FIX-IT applied suggested code changes
/home/boyiw7/sort_seperate_bucket/solution1/.autopilot/db/sort_top.pp.0.c:996:1: warning: Added loop label VITIS_LOOP_95_3:   [xilinx-label-all-loops]
for(i=0; i<16; i++){
^~~
VITIS_LOOP_95_3: 
/home/boyiw7/sort_seperate_bucket/solution1/.autopilot/db/sort_top.pp.0.c:996:1: note: FIX-IT applied suggested code changes
/home/boyiw7/sort_seperate_bucket/solution1/.autopilot/db/sort_top.pp.0.c:1001:1: warning: Added loop label VITIS_LOOP_100_4:   [xilinx-label-all-loops]
for(i=0; i<8; i++){
^~~
VITIS_LOOP_100_4: 
/home/boyiw7/sort_seperate_bucket/solution1/.autopilot/db/sort_top.pp.0.c:1001:1: note: FIX-IT applied suggested code changes
/home/boyiw7/sort_seperate_bucket/solution1/.autopilot/db/sort_top.pp.0.c:1006:1: warning: Added loop label VITIS_LOOP_105_5:   [xilinx-label-all-loops]
for(i=0; i<4; i++){
^~~
VITIS_LOOP_105_5: 
/home/boyiw7/sort_seperate_bucket/solution1/.autopilot/db/sort_top.pp.0.c:1006:1: note: FIX-IT applied suggested code changes
/home/boyiw7/sort_seperate_bucket/solution1/.autopilot/db/sort_top.pp.0.c:1011:1: warning: Added loop label VITIS_LOOP_110_6:   [xilinx-label-all-loops]
for(i=0; i<2; i++){
^~~
VITIS_LOOP_110_6: 
/home/boyiw7/sort_seperate_bucket/solution1/.autopilot/db/sort_top.pp.0.c:1011:1: note: FIX-IT applied suggested code changes
